[2025-10-27T02:12:54.357+0000] {taskinstance.py:1956} INFO - Dependencies all met for dep_context=non-requeueable deps ti=<TaskInstance: my_dag.submit_job manual__2025-10-27T02:11:00.851261+00:00 [queued]>
[2025-10-27T02:12:54.479+0000] {taskinstance.py:1956} INFO - Dependencies all met for dep_context=requeueable deps ti=<TaskInstance: my_dag.submit_job manual__2025-10-27T02:11:00.851261+00:00 [queued]>
[2025-10-27T02:12:54.492+0000] {taskinstance.py:2170} INFO - Starting attempt 1 of 1
[2025-10-27T02:12:54.761+0000] {taskinstance.py:2191} INFO - Executing <Task(SparkSubmitOperator): submit_job> on 2025-10-27 02:11:00.851261+00:00
[2025-10-27T02:12:54.885+0000] {standard_task_runner.py:60} INFO - Started process 275 to run task
[2025-10-27T02:12:55.357+0000] {standard_task_runner.py:87} INFO - Running: ['***', 'tasks', 'run', 'my_dag', 'submit_job', 'manual__2025-10-27T02:11:00.851261+00:00', '--job-id', '222', '--raw', '--subdir', 'DAGS_FOLDER/my_dag.py', '--cfg-path', '/tmp/tmpbwpc05o8']
[2025-10-27T02:12:55.493+0000] {standard_task_runner.py:88} INFO - Job 222: Subtask submit_job
[2025-10-27T02:13:00.126+0000] {task_command.py:423} INFO - Running <TaskInstance: my_dag.submit_job manual__2025-10-27T02:11:00.851261+00:00 [running]> on host 891764070a1e
[2025-10-27T02:13:01.669+0000] {taskinstance.py:2480} INFO - Exporting env vars: AIRFLOW_CTX_DAG_OWNER='***' AIRFLOW_CTX_DAG_ID='my_dag' AIRFLOW_CTX_TASK_ID='submit_job' AIRFLOW_CTX_EXECUTION_DATE='2025-10-27T02:11:00.851261+00:00' AIRFLOW_CTX_TRY_NUMBER='1' AIRFLOW_CTX_DAG_RUN_ID='manual__2025-10-27T02:11:00.851261+00:00'
[2025-10-27T02:13:01.816+0000] {base.py:83} INFO - Using connection ID 'spark_conn' for task execution.
[2025-10-27T02:13:01.837+0000] {spark_submit.py:341} INFO - Spark-Submit cmd: spark-submit --master local --name arrow-spark --verbose /opt/***/include/scripts/read.py
[2025-10-27T02:13:39.016+0000] {spark_submit.py:492} INFO - Using properties file: null
[2025-10-27T02:13:41.302+0000] {spark_submit.py:492} INFO - Parsed arguments:
[2025-10-27T02:13:41.317+0000] {spark_submit.py:492} INFO - master                  local
[2025-10-27T02:13:41.401+0000] {spark_submit.py:492} INFO - remote                  null
[2025-10-27T02:13:41.408+0000] {spark_submit.py:492} INFO - deployMode              null
[2025-10-27T02:13:41.410+0000] {spark_submit.py:492} INFO - executorMemory          null
[2025-10-27T02:13:41.426+0000] {spark_submit.py:492} INFO - executorCores           null
[2025-10-27T02:13:41.500+0000] {spark_submit.py:492} INFO - totalExecutorCores      null
[2025-10-27T02:13:41.514+0000] {spark_submit.py:492} INFO - propertiesFile          null
[2025-10-27T02:13:41.516+0000] {spark_submit.py:492} INFO - driverMemory            null
[2025-10-27T02:13:41.525+0000] {spark_submit.py:492} INFO - driverCores             null
[2025-10-27T02:13:41.526+0000] {spark_submit.py:492} INFO - driverExtraClassPath    null
[2025-10-27T02:13:41.527+0000] {spark_submit.py:492} INFO - driverExtraLibraryPath  null
[2025-10-27T02:13:41.528+0000] {spark_submit.py:492} INFO - driverExtraJavaOptions  null
[2025-10-27T02:13:41.529+0000] {spark_submit.py:492} INFO - supervise               false
[2025-10-27T02:13:41.599+0000] {spark_submit.py:492} INFO - queue                   null
[2025-10-27T02:13:41.604+0000] {spark_submit.py:492} INFO - numExecutors            null
[2025-10-27T02:13:41.605+0000] {spark_submit.py:492} INFO - files                   null
[2025-10-27T02:13:41.617+0000] {spark_submit.py:492} INFO - pyFiles                 null
[2025-10-27T02:13:41.618+0000] {spark_submit.py:492} INFO - archives                null
[2025-10-27T02:13:41.619+0000] {spark_submit.py:492} INFO - mainClass               null
[2025-10-27T02:13:41.633+0000] {spark_submit.py:492} INFO - primaryResource         file:/opt/***/include/scripts/read.py
[2025-10-27T02:13:41.712+0000] {spark_submit.py:492} INFO - name                    arrow-spark
[2025-10-27T02:13:41.739+0000] {spark_submit.py:492} INFO - childArgs               []
[2025-10-27T02:13:41.809+0000] {spark_submit.py:492} INFO - jars                    null
[2025-10-27T02:13:41.817+0000] {spark_submit.py:492} INFO - packages                null
[2025-10-27T02:13:41.818+0000] {spark_submit.py:492} INFO - packagesExclusions      null
[2025-10-27T02:13:41.819+0000] {spark_submit.py:492} INFO - repositories            null
[2025-10-27T02:13:41.819+0000] {spark_submit.py:492} INFO - verbose                 true
[2025-10-27T02:13:41.821+0000] {spark_submit.py:492} INFO - 
[2025-10-27T02:13:41.821+0000] {spark_submit.py:492} INFO - Spark properties used, including those specified through
[2025-10-27T02:13:41.823+0000] {spark_submit.py:492} INFO - --conf and those from the properties file null:
[2025-10-27T02:13:41.825+0000] {spark_submit.py:492} INFO - 
[2025-10-27T02:13:41.833+0000] {spark_submit.py:492} INFO - 
[2025-10-27T02:13:41.835+0000] {spark_submit.py:492} INFO - 
[2025-10-27T02:13:48.503+0000] {spark_submit.py:492} INFO - Main class:
[2025-10-27T02:13:48.511+0000] {spark_submit.py:492} INFO - org.apache.spark.deploy.PythonRunner
[2025-10-27T02:13:48.512+0000] {spark_submit.py:492} INFO - Arguments:
[2025-10-27T02:13:48.513+0000] {spark_submit.py:492} INFO - file:/opt/***/include/scripts/read.py
[2025-10-27T02:13:48.515+0000] {spark_submit.py:492} INFO - null
[2025-10-27T02:13:48.516+0000] {spark_submit.py:492} INFO - Spark config:
[2025-10-27T02:13:48.613+0000] {spark_submit.py:492} INFO - (spark.app.name,arrow-spark)
[2025-10-27T02:13:48.614+0000] {spark_submit.py:492} INFO - (spark.app.submitTime,1761531228200)
[2025-10-27T02:13:48.616+0000] {spark_submit.py:492} INFO - (spark.master,local)
[2025-10-27T02:13:48.617+0000] {spark_submit.py:492} INFO - (spark.submit.deployMode,client)
[2025-10-27T02:13:48.619+0000] {spark_submit.py:492} INFO - (spark.submit.pyFiles,)
[2025-10-27T02:13:48.623+0000] {spark_submit.py:492} INFO - Classpath elements:
[2025-10-27T02:13:48.710+0000] {spark_submit.py:492} INFO - 
[2025-10-27T02:13:48.720+0000] {spark_submit.py:492} INFO - 
[2025-10-27T02:13:48.722+0000] {spark_submit.py:492} INFO - 
[2025-10-27T02:14:15.703+0000] {spark_submit.py:492} INFO - 25/10/27 02:14:15 INFO SparkContext: Running Spark version 3.5.1
[2025-10-27T02:14:15.973+0000] {spark_submit.py:492} INFO - 25/10/27 02:14:15 INFO SparkContext: OS info Linux, 6.6.87.2-microsoft-standard-WSL2, amd64
[2025-10-27T02:14:15.994+0000] {spark_submit.py:492} INFO - 25/10/27 02:14:15 INFO SparkContext: Java version 17.0.17
[2025-10-27T02:14:20.408+0000] {spark_submit.py:492} INFO - 25/10/27 02:14:20 WARN NativeCodeLoader: Unable to load native-hadoop library for your platform... using builtin-java classes where applicable
[2025-10-27T02:14:23.984+0000] {spark_submit.py:492} INFO - 25/10/27 02:14:23 INFO ResourceUtils: ==============================================================
[2025-10-27T02:14:23.989+0000] {spark_submit.py:492} INFO - 25/10/27 02:14:23 INFO ResourceUtils: No custom resources configured for spark.driver.
[2025-10-27T02:14:23.990+0000] {spark_submit.py:492} INFO - 25/10/27 02:14:23 INFO ResourceUtils: ==============================================================
[2025-10-27T02:14:23.992+0000] {spark_submit.py:492} INFO - 25/10/27 02:14:23 INFO SparkContext: Submitted application: PySpark Example
[2025-10-27T02:14:24.349+0000] {spark_submit.py:492} INFO - 25/10/27 02:14:24 INFO ResourceProfile: Default ResourceProfile created, executor resources: Map(cores -> name: cores, amount: 1, script: , vendor: , memory -> name: memory, amount: 1024, script: , vendor: , offHeap -> name: offHeap, amount: 0, script: , vendor: ), task resources: Map(cpus -> name: cpus, amount: 1.0)
[2025-10-27T02:14:24.411+0000] {spark_submit.py:492} INFO - 25/10/27 02:14:24 INFO ResourceProfile: Limiting resource is cpu
[2025-10-27T02:14:24.416+0000] {spark_submit.py:492} INFO - 25/10/27 02:14:24 INFO ResourceProfileManager: Added ResourceProfile id: 0
[2025-10-27T02:14:25.346+0000] {spark_submit.py:492} INFO - 25/10/27 02:14:25 INFO SecurityManager: Changing view acls to: ***
[2025-10-27T02:14:25.378+0000] {spark_submit.py:492} INFO - 25/10/27 02:14:25 INFO SecurityManager: Changing modify acls to: ***
[2025-10-27T02:14:25.379+0000] {spark_submit.py:492} INFO - 25/10/27 02:14:25 INFO SecurityManager: Changing view acls groups to:
[2025-10-27T02:14:25.380+0000] {spark_submit.py:492} INFO - 25/10/27 02:14:25 INFO SecurityManager: Changing modify acls groups to:
[2025-10-27T02:14:25.381+0000] {spark_submit.py:492} INFO - 25/10/27 02:14:25 INFO SecurityManager: SecurityManager: authentication disabled; ui acls disabled; users with view permissions: ***; groups with view permissions: EMPTY; users with modify permissions: ***; groups with modify permissions: EMPTY
[2025-10-27T02:14:30.694+0000] {spark_submit.py:492} INFO - 25/10/27 02:14:30 INFO Utils: Successfully started service 'sparkDriver' on port 33129.
[2025-10-27T02:14:31.520+0000] {spark_submit.py:492} INFO - 25/10/27 02:14:31 INFO SparkEnv: Registering MapOutputTracker
[2025-10-27T02:14:31.798+0000] {spark_submit.py:492} INFO - 25/10/27 02:14:31 INFO SparkEnv: Registering BlockManagerMaster
[2025-10-27T02:14:31.932+0000] {spark_submit.py:492} INFO - 25/10/27 02:14:31 INFO BlockManagerMasterEndpoint: Using org.apache.spark.storage.DefaultTopologyMapper for getting topology information
[2025-10-27T02:14:31.934+0000] {spark_submit.py:492} INFO - 25/10/27 02:14:31 INFO BlockManagerMasterEndpoint: BlockManagerMasterEndpoint up
[2025-10-27T02:14:31.973+0000] {spark_submit.py:492} INFO - 25/10/27 02:14:31 INFO SparkEnv: Registering BlockManagerMasterHeartbeat
[2025-10-27T02:14:32.181+0000] {spark_submit.py:492} INFO - 25/10/27 02:14:32 INFO DiskBlockManager: Created local directory at /tmp/blockmgr-6991a54c-1198-463a-ad44-665d67b0c80d
[2025-10-27T02:14:32.335+0000] {spark_submit.py:492} INFO - 25/10/27 02:14:32 INFO MemoryStore: MemoryStore started with capacity 413.9 MiB
[2025-10-27T02:14:32.414+0000] {spark_submit.py:492} INFO - 25/10/27 02:14:32 INFO SparkEnv: Registering OutputCommitCoordinator
[2025-10-27T02:14:35.637+0000] {spark_submit.py:492} INFO - 25/10/27 02:14:35 INFO JettyUtils: Start Jetty 0.0.0.0:4040 for SparkUI
[2025-10-27T02:14:36.956+0000] {spark_submit.py:492} INFO - 25/10/27 02:14:36 INFO Utils: Successfully started service 'SparkUI' on port 4040.
[2025-10-27T02:14:38.118+0000] {spark_submit.py:492} INFO - 25/10/27 02:14:38 INFO Executor: Starting executor ID driver on host 891764070a1e
[2025-10-27T02:14:38.121+0000] {spark_submit.py:492} INFO - 25/10/27 02:14:38 INFO Executor: OS info Linux, 6.6.87.2-microsoft-standard-WSL2, amd64
[2025-10-27T02:14:38.122+0000] {spark_submit.py:492} INFO - 25/10/27 02:14:38 INFO Executor: Java version 17.0.17
[2025-10-27T02:14:38.151+0000] {spark_submit.py:492} INFO - 25/10/27 02:14:38 INFO Executor: Starting executor with user classpath (userClassPathFirst = false): ''
[2025-10-27T02:14:38.154+0000] {spark_submit.py:492} INFO - 25/10/27 02:14:38 INFO Executor: Created or updated repl class loader org.apache.spark.util.MutableURLClassLoader@67da6e74 for default.
[2025-10-27T02:14:38.534+0000] {spark_submit.py:492} INFO - 25/10/27 02:14:38 INFO Utils: Successfully started service 'org.apache.spark.network.netty.NettyBlockTransferService' on port 40663.
[2025-10-27T02:14:38.543+0000] {spark_submit.py:492} INFO - 25/10/27 02:14:38 INFO NettyBlockTransferService: Server created on 891764070a1e:40663
[2025-10-27T02:14:38.555+0000] {spark_submit.py:492} INFO - 25/10/27 02:14:38 INFO BlockManager: Using org.apache.spark.storage.RandomBlockReplicationPolicy for block replication policy
[2025-10-27T02:14:38.858+0000] {spark_submit.py:492} INFO - 25/10/27 02:14:38 INFO BlockManagerMaster: Registering BlockManager BlockManagerId(driver, 891764070a1e, 40663, None)
[2025-10-27T02:14:38.918+0000] {spark_submit.py:492} INFO - 25/10/27 02:14:38 INFO BlockManagerMasterEndpoint: Registering block manager 891764070a1e:40663 with 413.9 MiB RAM, BlockManagerId(driver, 891764070a1e, 40663, None)
[2025-10-27T02:14:39.023+0000] {spark_submit.py:492} INFO - 25/10/27 02:14:38 INFO BlockManagerMaster: Registered BlockManager BlockManagerId(driver, 891764070a1e, 40663, None)
[2025-10-27T02:14:39.033+0000] {spark_submit.py:492} INFO - 25/10/27 02:14:38 INFO BlockManager: Initialized BlockManager: BlockManagerId(driver, 891764070a1e, 40663, None)
[2025-10-27T02:14:54.430+0000] {spark_submit.py:492} INFO - 25/10/27 02:14:54 INFO SharedState: Setting hive.metastore.warehouse.dir ('null') to the value of spark.sql.warehouse.dir.
[2025-10-27T02:14:54.726+0000] {spark_submit.py:492} INFO - 25/10/27 02:14:54 INFO SharedState: Warehouse path is 'file:/opt/***/spark-warehouse'.
[2025-10-27T02:15:12.909+0000] {spark_submit.py:492} INFO - 25/10/27 02:15:12 INFO InMemoryFileIndex: It took 478 ms to list leaf files for 1 paths.
[2025-10-27T02:15:14.251+0000] {spark_submit.py:492} INFO - 25/10/27 02:15:14 INFO InMemoryFileIndex: It took 15 ms to list leaf files for 1 paths.
[2025-10-27T02:15:35.821+0000] {spark_submit.py:492} INFO - 25/10/27 02:15:35 INFO FileSourceStrategy: Pushed Filters:
[2025-10-27T02:15:35.897+0000] {spark_submit.py:492} INFO - 25/10/27 02:15:35 INFO FileSourceStrategy: Post-Scan Filters: (length(trim(value#0, None)) > 0)
[2025-10-27T02:15:42.931+0000] {spark_submit.py:492} INFO - 25/10/27 02:15:42 INFO CodeGenerator: Code generated in 1501.563415 ms
[2025-10-27T02:15:43.239+0000] {spark_submit.py:492} INFO - 25/10/27 02:15:43 INFO MemoryStore: Block broadcast_0 stored as values in memory (estimated size 199.4 KiB, free 413.7 MiB)
[2025-10-27T02:15:43.823+0000] {spark_submit.py:492} INFO - 25/10/27 02:15:43 INFO MemoryStore: Block broadcast_0_piece0 stored as bytes in memory (estimated size 34.2 KiB, free 413.7 MiB)
[2025-10-27T02:15:43.858+0000] {spark_submit.py:492} INFO - 25/10/27 02:15:43 INFO BlockManagerInfo: Added broadcast_0_piece0 in memory on 891764070a1e:40663 (size: 34.2 KiB, free: 413.9 MiB)
[2025-10-27T02:15:43.866+0000] {spark_submit.py:492} INFO - 25/10/27 02:15:43 INFO SparkContext: Created broadcast 0 from csv at NativeMethodAccessorImpl.java:0
[2025-10-27T02:15:43.929+0000] {spark_submit.py:492} INFO - 25/10/27 02:15:43 INFO FileSourceScanExec: Planning scan with bin packing, max size: 4194965 bytes, open cost is considered as scanning 4194304 bytes.
[2025-10-27T02:15:44.717+0000] {spark_submit.py:492} INFO - 25/10/27 02:15:44 INFO SparkContext: Starting job: csv at NativeMethodAccessorImpl.java:0
[2025-10-27T02:15:44.838+0000] {spark_submit.py:492} INFO - 25/10/27 02:15:44 INFO DAGScheduler: Got job 0 (csv at NativeMethodAccessorImpl.java:0) with 1 output partitions
[2025-10-27T02:15:44.839+0000] {spark_submit.py:492} INFO - 25/10/27 02:15:44 INFO DAGScheduler: Final stage: ResultStage 0 (csv at NativeMethodAccessorImpl.java:0)
[2025-10-27T02:15:44.841+0000] {spark_submit.py:492} INFO - 25/10/27 02:15:44 INFO DAGScheduler: Parents of final stage: List()
[2025-10-27T02:15:44.844+0000] {spark_submit.py:492} INFO - 25/10/27 02:15:44 INFO DAGScheduler: Missing parents: List()
[2025-10-27T02:15:44.852+0000] {spark_submit.py:492} INFO - 25/10/27 02:15:44 INFO DAGScheduler: Submitting ResultStage 0 (MapPartitionsRDD[3] at csv at NativeMethodAccessorImpl.java:0), which has no missing parents
[2025-10-27T02:15:45.632+0000] {spark_submit.py:492} INFO - 25/10/27 02:15:45 INFO MemoryStore: Block broadcast_1 stored as values in memory (estimated size 13.5 KiB, free 413.7 MiB)
[2025-10-27T02:15:45.646+0000] {spark_submit.py:492} INFO - 25/10/27 02:15:45 INFO MemoryStore: Block broadcast_1_piece0 stored as bytes in memory (estimated size 6.4 KiB, free 413.7 MiB)
[2025-10-27T02:15:45.652+0000] {spark_submit.py:492} INFO - 25/10/27 02:15:45 INFO BlockManagerInfo: Added broadcast_1_piece0 in memory on 891764070a1e:40663 (size: 6.4 KiB, free: 413.9 MiB)
[2025-10-27T02:15:45.675+0000] {spark_submit.py:492} INFO - 25/10/27 02:15:45 INFO SparkContext: Created broadcast 1 from broadcast at DAGScheduler.scala:1585
[2025-10-27T02:15:46.079+0000] {spark_submit.py:492} INFO - 25/10/27 02:15:46 INFO DAGScheduler: Submitting 1 missing tasks from ResultStage 0 (MapPartitionsRDD[3] at csv at NativeMethodAccessorImpl.java:0) (first 15 tasks are for partitions Vector(0))
[2025-10-27T02:15:46.094+0000] {spark_submit.py:492} INFO - 25/10/27 02:15:46 INFO TaskSchedulerImpl: Adding task set 0.0 with 1 tasks resource profile 0
[2025-10-27T02:15:46.314+0000] {spark_submit.py:492} INFO - 25/10/27 02:15:46 INFO TaskSetManager: Starting task 0.0 in stage 0.0 (TID 0) (891764070a1e, executor driver, partition 0, PROCESS_LOCAL, 8214 bytes)
[2025-10-27T02:15:46.350+0000] {spark_submit.py:492} INFO - 25/10/27 02:15:46 INFO Executor: Running task 0.0 in stage 0.0 (TID 0)
[2025-10-27T02:15:47.407+0000] {spark_submit.py:492} INFO - 25/10/27 02:15:47 INFO CodeGenerator: Code generated in 242.053516 ms
[2025-10-27T02:15:47.426+0000] {spark_submit.py:492} INFO - 25/10/27 02:15:47 INFO FileScanRDD: Reading File path: file:///opt/***/include/data.csv, range: 0-661, partition values: [empty row]
[2025-10-27T02:15:47.547+0000] {spark_submit.py:492} INFO - 25/10/27 02:15:47 INFO CodeGenerator: Code generated in 106.950792 ms
[2025-10-27T02:15:47.947+0000] {spark_submit.py:492} INFO - 25/10/27 02:15:47 INFO Executor: Finished task 0.0 in stage 0.0 (TID 0). 1727 bytes result sent to driver
[2025-10-27T02:15:48.010+0000] {spark_submit.py:492} INFO - 25/10/27 02:15:48 INFO TaskSetManager: Finished task 0.0 in stage 0.0 (TID 0) in 1778 ms on 891764070a1e (executor driver) (1/1)
[2025-10-27T02:15:48.018+0000] {spark_submit.py:492} INFO - 25/10/27 02:15:48 INFO TaskSchedulerImpl: Removed TaskSet 0.0, whose tasks have all completed, from pool
[2025-10-27T02:15:48.033+0000] {spark_submit.py:492} INFO - 25/10/27 02:15:48 INFO DAGScheduler: ResultStage 0 (csv at NativeMethodAccessorImpl.java:0) finished in 3.004 s
[2025-10-27T02:15:48.039+0000] {spark_submit.py:492} INFO - 25/10/27 02:15:48 INFO DAGScheduler: Job 0 is finished. Cancelling potential speculative or zombie tasks for this job
[2025-10-27T02:15:48.040+0000] {spark_submit.py:492} INFO - 25/10/27 02:15:48 INFO TaskSchedulerImpl: Killing all running tasks in stage 0: Stage finished
[2025-10-27T02:15:48.048+0000] {spark_submit.py:492} INFO - 25/10/27 02:15:48 INFO DAGScheduler: Job 0 finished: csv at NativeMethodAccessorImpl.java:0, took 3.329037 s
[2025-10-27T02:15:48.307+0000] {spark_submit.py:492} INFO - 25/10/27 02:15:48 INFO CodeGenerator: Code generated in 115.438209 ms
[2025-10-27T02:15:48.555+0000] {spark_submit.py:492} INFO - 25/10/27 02:15:48 INFO FileSourceStrategy: Pushed Filters:
[2025-10-27T02:15:48.556+0000] {spark_submit.py:492} INFO - 25/10/27 02:15:48 INFO FileSourceStrategy: Post-Scan Filters:
[2025-10-27T02:15:48.629+0000] {spark_submit.py:492} INFO - 25/10/27 02:15:48 INFO MemoryStore: Block broadcast_2 stored as values in memory (estimated size 199.4 KiB, free 413.5 MiB)
[2025-10-27T02:15:48.731+0000] {spark_submit.py:492} INFO - 25/10/27 02:15:48 INFO MemoryStore: Block broadcast_2_piece0 stored as bytes in memory (estimated size 34.2 KiB, free 413.4 MiB)
[2025-10-27T02:15:48.736+0000] {spark_submit.py:492} INFO - 25/10/27 02:15:48 INFO BlockManagerInfo: Added broadcast_2_piece0 in memory on 891764070a1e:40663 (size: 34.2 KiB, free: 413.9 MiB)
[2025-10-27T02:15:48.747+0000] {spark_submit.py:492} INFO - 25/10/27 02:15:48 INFO SparkContext: Created broadcast 2 from csv at NativeMethodAccessorImpl.java:0
[2025-10-27T02:15:48.808+0000] {spark_submit.py:492} INFO - 25/10/27 02:15:48 INFO FileSourceScanExec: Planning scan with bin packing, max size: 4194965 bytes, open cost is considered as scanning 4194304 bytes.
[2025-10-27T02:15:49.730+0000] {spark_submit.py:492} INFO - 25/10/27 02:15:49 INFO FileSourceStrategy: Pushed Filters:
[2025-10-27T02:15:49.735+0000] {spark_submit.py:492} INFO - 25/10/27 02:15:49 INFO FileSourceStrategy: Post-Scan Filters:
[2025-10-27T02:15:50.336+0000] {spark_submit.py:492} INFO - 25/10/27 02:15:50 INFO CodeGenerator: Code generated in 208.602887 ms
[2025-10-27T02:15:50.425+0000] {spark_submit.py:492} INFO - 25/10/27 02:15:50 INFO MemoryStore: Block broadcast_3 stored as values in memory (estimated size 199.3 KiB, free 413.3 MiB)
[2025-10-27T02:15:50.533+0000] {spark_submit.py:492} INFO - 25/10/27 02:15:50 INFO MemoryStore: Block broadcast_3_piece0 stored as bytes in memory (estimated size 34.2 KiB, free 413.2 MiB)
[2025-10-27T02:15:50.549+0000] {spark_submit.py:492} INFO - 25/10/27 02:15:50 INFO BlockManagerInfo: Added broadcast_3_piece0 in memory on 891764070a1e:40663 (size: 34.2 KiB, free: 413.8 MiB)
[2025-10-27T02:15:50.551+0000] {spark_submit.py:492} INFO - 25/10/27 02:15:50 INFO SparkContext: Created broadcast 3 from showString at NativeMethodAccessorImpl.java:0
[2025-10-27T02:15:50.619+0000] {spark_submit.py:492} INFO - 25/10/27 02:15:50 INFO FileSourceScanExec: Planning scan with bin packing, max size: 4194965 bytes, open cost is considered as scanning 4194304 bytes.
[2025-10-27T02:15:50.726+0000] {spark_submit.py:492} INFO - 25/10/27 02:15:50 INFO SparkContext: Starting job: showString at NativeMethodAccessorImpl.java:0
[2025-10-27T02:15:50.736+0000] {spark_submit.py:492} INFO - 25/10/27 02:15:50 INFO DAGScheduler: Got job 1 (showString at NativeMethodAccessorImpl.java:0) with 1 output partitions
[2025-10-27T02:15:50.739+0000] {spark_submit.py:492} INFO - 25/10/27 02:15:50 INFO DAGScheduler: Final stage: ResultStage 1 (showString at NativeMethodAccessorImpl.java:0)
[2025-10-27T02:15:50.808+0000] {spark_submit.py:492} INFO - 25/10/27 02:15:50 INFO DAGScheduler: Parents of final stage: List()
[2025-10-27T02:15:50.813+0000] {spark_submit.py:492} INFO - 25/10/27 02:15:50 INFO DAGScheduler: Missing parents: List()
[2025-10-27T02:15:50.814+0000] {spark_submit.py:492} INFO - 25/10/27 02:15:50 INFO DAGScheduler: Submitting ResultStage 1 (MapPartitionsRDD[13] at showString at NativeMethodAccessorImpl.java:0), which has no missing parents
[2025-10-27T02:15:50.815+0000] {spark_submit.py:492} INFO - 25/10/27 02:15:50 INFO MemoryStore: Block broadcast_4 stored as values in memory (estimated size 18.0 KiB, free 413.2 MiB)
[2025-10-27T02:15:50.819+0000] {spark_submit.py:492} INFO - 25/10/27 02:15:50 INFO MemoryStore: Block broadcast_4_piece0 stored as bytes in memory (estimated size 8.0 KiB, free 413.2 MiB)
[2025-10-27T02:15:50.832+0000] {spark_submit.py:492} INFO - 25/10/27 02:15:50 INFO BlockManagerInfo: Added broadcast_4_piece0 in memory on 891764070a1e:40663 (size: 8.0 KiB, free: 413.8 MiB)
[2025-10-27T02:15:50.837+0000] {spark_submit.py:492} INFO - 25/10/27 02:15:50 INFO SparkContext: Created broadcast 4 from broadcast at DAGScheduler.scala:1585
[2025-10-27T02:15:50.843+0000] {spark_submit.py:492} INFO - 25/10/27 02:15:50 INFO DAGScheduler: Submitting 1 missing tasks from ResultStage 1 (MapPartitionsRDD[13] at showString at NativeMethodAccessorImpl.java:0) (first 15 tasks are for partitions Vector(0))
[2025-10-27T02:15:50.844+0000] {spark_submit.py:492} INFO - 25/10/27 02:15:50 INFO TaskSchedulerImpl: Adding task set 1.0 with 1 tasks resource profile 0
[2025-10-27T02:15:50.845+0000] {spark_submit.py:492} INFO - 25/10/27 02:15:50 INFO TaskSetManager: Starting task 0.0 in stage 1.0 (TID 1) (891764070a1e, executor driver, partition 0, PROCESS_LOCAL, 8214 bytes)
[2025-10-27T02:15:50.847+0000] {spark_submit.py:492} INFO - 25/10/27 02:15:50 INFO Executor: Running task 0.0 in stage 1.0 (TID 1)
[2025-10-27T02:15:51.210+0000] {spark_submit.py:492} INFO - 25/10/27 02:15:51 INFO CodeGenerator: Code generated in 260.056648 ms
[2025-10-27T02:15:51.218+0000] {spark_submit.py:492} INFO - 25/10/27 02:15:51 INFO FileScanRDD: Reading File path: file:///opt/***/include/data.csv, range: 0-661, partition values: [empty row]
[2025-10-27T02:15:51.431+0000] {spark_submit.py:492} INFO - 25/10/27 02:15:51 INFO CodeGenerator: Code generated in 96.292794 ms
[2025-10-27T02:15:51.752+0000] {spark_submit.py:492} INFO - 25/10/27 02:15:51 INFO Executor: Finished task 0.0 in stage 1.0 (TID 1). 2262 bytes result sent to driver
[2025-10-27T02:15:51.867+0000] {spark_submit.py:492} INFO - 25/10/27 02:15:51 INFO TaskSetManager: Finished task 0.0 in stage 1.0 (TID 1) in 975 ms on 891764070a1e (executor driver) (1/1)
[2025-10-27T02:15:51.907+0000] {spark_submit.py:492} INFO - 25/10/27 02:15:51 INFO TaskSchedulerImpl: Removed TaskSet 1.0, whose tasks have all completed, from pool
[2025-10-27T02:15:51.928+0000] {spark_submit.py:492} INFO - 25/10/27 02:15:51 INFO DAGScheduler: ResultStage 1 (showString at NativeMethodAccessorImpl.java:0) finished in 1.070 s
[2025-10-27T02:15:51.937+0000] {spark_submit.py:492} INFO - 25/10/27 02:15:51 INFO DAGScheduler: Job 1 is finished. Cancelling potential speculative or zombie tasks for this job
[2025-10-27T02:15:51.940+0000] {spark_submit.py:492} INFO - 25/10/27 02:15:51 INFO TaskSchedulerImpl: Killing all running tasks in stage 1: Stage finished
[2025-10-27T02:15:51.941+0000] {spark_submit.py:492} INFO - 25/10/27 02:15:51 INFO DAGScheduler: Job 1 finished: showString at NativeMethodAccessorImpl.java:0, took 1.096620 s
[2025-10-27T02:15:52.032+0000] {spark_submit.py:492} INFO - 25/10/27 02:15:52 INFO CodeGenerator: Code generated in 102.579938 ms
[2025-10-27T02:15:52.129+0000] {spark_submit.py:492} INFO - +----------+----------+-----------+--------+----------+-----------+-----------+------+
[2025-10-27T02:15:52.143+0000] {spark_submit.py:492} INFO - |      date|   product|   category|quantity|unit_price|total_sales|customer_id|region|
[2025-10-27T02:15:52.144+0000] {spark_submit.py:492} INFO - +----------+----------+-----------+--------+----------+-----------+-----------+------+
[2025-10-27T02:15:52.145+0000] {spark_submit.py:492} INFO - |2024-01-01|    Laptop|Electronics|       2|    999.99|    1999.98|       C001| North|
[2025-10-27T02:15:52.149+0000] {spark_submit.py:492} INFO - |2024-01-01|     Mouse|Electronics|       5|     29.99|     149.95|       C002| South|
[2025-10-27T02:15:52.151+0000] {spark_submit.py:492} INFO - |2024-01-02|  Keyboard|Electronics|       3|     89.99|     269.97|       C003|  East|
[2025-10-27T02:15:52.155+0000] {spark_submit.py:492} INFO - |2024-01-02|   Monitor|Electronics|       1|    299.99|     299.99|       C001| North|
[2025-10-27T02:15:52.216+0000] {spark_submit.py:492} INFO - |2024-01-03|Headphones|Electronics|       4|     79.99|     319.96|       C004|  West|
[2025-10-27T02:15:52.218+0000] {spark_submit.py:492} INFO - |2024-01-03| SSD Drive|Electronics|       2|    159.99|     319.98|       C005| South|
[2025-10-27T02:15:52.219+0000] {spark_submit.py:492} INFO - |2024-01-04|    Webcam|Electronics|       3|     69.99|     209.97|       C002| South|
[2025-10-27T02:15:52.220+0000] {spark_submit.py:492} INFO - |2024-01-04| USB Cable|Accessories|      10|      9.99|      99.90|       C003|  East|
[2025-10-27T02:15:52.222+0000] {spark_submit.py:492} INFO - |2024-01-05|Power Bank|Accessories|       5|     49.99|     249.95|       C004|  West|
[2025-10-27T02:15:52.224+0000] {spark_submit.py:492} INFO - |2024-01-05|Phone Case|Accessories|       8|     19.99|     159.92|       C005| South|
[2025-10-27T02:15:52.226+0000] {spark_submit.py:492} INFO - +----------+----------+-----------+--------+----------+-----------+-----------+------+
[2025-10-27T02:15:52.227+0000] {spark_submit.py:492} INFO - 
[2025-10-27T02:15:52.235+0000] {spark_submit.py:492} INFO - 25/10/27 02:15:52 INFO SparkContext: SparkContext is stopping with exitCode 0.
[2025-10-27T02:15:52.237+0000] {spark_submit.py:492} INFO - 25/10/27 02:15:52 INFO SparkUI: Stopped Spark web UI at http://891764070a1e:4040
[2025-10-27T02:15:52.335+0000] {spark_submit.py:492} INFO - 25/10/27 02:15:52 INFO MapOutputTrackerMasterEndpoint: MapOutputTrackerMasterEndpoint stopped!
[2025-10-27T02:15:52.607+0000] {spark_submit.py:492} INFO - 25/10/27 02:15:52 INFO MemoryStore: MemoryStore cleared
[2025-10-27T02:15:52.623+0000] {spark_submit.py:492} INFO - 25/10/27 02:15:52 INFO BlockManager: BlockManager stopped
[2025-10-27T02:15:52.642+0000] {spark_submit.py:492} INFO - 25/10/27 02:15:52 INFO BlockManagerMaster: BlockManagerMaster stopped
[2025-10-27T02:15:52.648+0000] {spark_submit.py:492} INFO - 25/10/27 02:15:52 INFO OutputCommitCoordinator$OutputCommitCoordinatorEndpoint: OutputCommitCoordinator stopped!
[2025-10-27T02:15:52.745+0000] {spark_submit.py:492} INFO - 25/10/27 02:15:52 INFO SparkContext: Successfully stopped SparkContext
[2025-10-27T02:15:53.308+0000] {spark_submit.py:492} INFO - 25/10/27 02:15:53 INFO ShutdownHookManager: Shutdown hook called
[2025-10-27T02:15:53.310+0000] {spark_submit.py:492} INFO - 25/10/27 02:15:53 INFO ShutdownHookManager: Deleting directory /tmp/spark-8274cffa-0c5d-45b4-9773-b232affc87a9
[2025-10-27T02:15:53.529+0000] {spark_submit.py:492} INFO - 25/10/27 02:15:53 INFO ShutdownHookManager: Deleting directory /tmp/spark-f2b987e9-d26c-4a44-bf38-7ff534fcae67
[2025-10-27T02:15:53.542+0000] {spark_submit.py:492} INFO - 25/10/27 02:15:53 INFO ShutdownHookManager: Deleting directory /tmp/spark-f2b987e9-d26c-4a44-bf38-7ff534fcae67/pyspark-c869037c-e3f5-4799-b2ce-d240e4902a92
[2025-10-27T02:15:53.825+0000] {taskinstance.py:1138} INFO - Marking task as SUCCESS. dag_id=my_dag, task_id=submit_job, execution_date=20251027T021100, start_date=20251027T021254, end_date=20251027T021553
[2025-10-27T02:15:53.973+0000] {local_task_job_runner.py:234} INFO - Task exited with return code 0
[2025-10-27T02:15:54.022+0000] {taskinstance.py:3280} INFO - 0 downstream tasks scheduled from follow-on schedule check
