[2025-10-24T12:45:49.597+0000] {taskinstance.py:1956} INFO - Dependencies all met for dep_context=non-requeueable deps ti=<TaskInstance: load_csv_to_postgres.spark_load_csv_to_postgres manual__2025-10-24T12:45:45.531449+00:00 [queued]>
[2025-10-24T12:45:49.613+0000] {taskinstance.py:1956} INFO - Dependencies all met for dep_context=requeueable deps ti=<TaskInstance: load_csv_to_postgres.spark_load_csv_to_postgres manual__2025-10-24T12:45:45.531449+00:00 [queued]>
[2025-10-24T12:45:49.614+0000] {taskinstance.py:2170} INFO - Starting attempt 1 of 1
[2025-10-24T12:45:49.651+0000] {taskinstance.py:2191} INFO - Executing <Task(SparkSubmitOperator): spark_load_csv_to_postgres> on 2025-10-24 12:45:45.531449+00:00
[2025-10-24T12:45:49.669+0000] {standard_task_runner.py:60} INFO - Started process 650 to run task
[2025-10-24T12:45:49.683+0000] {standard_task_runner.py:87} INFO - Running: ['***', 'tasks', 'run', 'load_csv_to_postgres', 'spark_load_csv_to_postgres', 'manual__2025-10-24T12:45:45.531449+00:00', '--job-id', '205', '--raw', '--subdir', 'DAGS_FOLDER/dag_csv_to_postgres_dag.py', '--cfg-path', '/tmp/tmpzvirfi6o']
[2025-10-24T12:45:49.688+0000] {standard_task_runner.py:88} INFO - Job 205: Subtask spark_load_csv_to_postgres
[2025-10-24T12:45:49.845+0000] {task_command.py:423} INFO - Running <TaskInstance: load_csv_to_postgres.spark_load_csv_to_postgres manual__2025-10-24T12:45:45.531449+00:00 [running]> on host 2ef039423968
[2025-10-24T12:45:50.010+0000] {taskinstance.py:2480} INFO - Exporting env vars: AIRFLOW_CTX_DAG_OWNER='***' AIRFLOW_CTX_DAG_ID='load_csv_to_postgres' AIRFLOW_CTX_TASK_ID='spark_load_csv_to_postgres' AIRFLOW_CTX_EXECUTION_DATE='2025-10-24T12:45:45.531449+00:00' AIRFLOW_CTX_TRY_NUMBER='1' AIRFLOW_CTX_DAG_RUN_ID='manual__2025-10-24T12:45:45.531449+00:00'
[2025-10-24T12:45:50.034+0000] {base.py:83} INFO - Using connection ID 'spark_conn' for task execution.
[2025-10-24T12:45:50.038+0000] {spark_submit.py:341} INFO - Spark-Submit cmd: spark-submit --master local --name arrow-spark --verbose /opt/***/include/scripts/load_csv_to_postgres.py
[2025-10-24T12:45:58.642+0000] {spark_submit.py:492} INFO - Using properties file: null
[2025-10-24T12:45:59.135+0000] {spark_submit.py:492} INFO - Parsed arguments:
[2025-10-24T12:45:59.137+0000] {spark_submit.py:492} INFO - master                  local
[2025-10-24T12:45:59.142+0000] {spark_submit.py:492} INFO - remote                  null
[2025-10-24T12:45:59.147+0000] {spark_submit.py:492} INFO - deployMode              null
[2025-10-24T12:45:59.148+0000] {spark_submit.py:492} INFO - executorMemory          null
[2025-10-24T12:45:59.149+0000] {spark_submit.py:492} INFO - executorCores           null
[2025-10-24T12:45:59.150+0000] {spark_submit.py:492} INFO - totalExecutorCores      null
[2025-10-24T12:45:59.152+0000] {spark_submit.py:492} INFO - propertiesFile          null
[2025-10-24T12:45:59.153+0000] {spark_submit.py:492} INFO - driverMemory            null
[2025-10-24T12:45:59.154+0000] {spark_submit.py:492} INFO - driverCores             null
[2025-10-24T12:45:59.155+0000] {spark_submit.py:492} INFO - driverExtraClassPath    null
[2025-10-24T12:45:59.156+0000] {spark_submit.py:492} INFO - driverExtraLibraryPath  null
[2025-10-24T12:45:59.223+0000] {spark_submit.py:492} INFO - driverExtraJavaOptions  null
[2025-10-24T12:45:59.228+0000] {spark_submit.py:492} INFO - supervise               false
[2025-10-24T12:45:59.230+0000] {spark_submit.py:492} INFO - queue                   null
[2025-10-24T12:45:59.231+0000] {spark_submit.py:492} INFO - numExecutors            null
[2025-10-24T12:45:59.232+0000] {spark_submit.py:492} INFO - files                   null
[2025-10-24T12:45:59.234+0000] {spark_submit.py:492} INFO - pyFiles                 null
[2025-10-24T12:45:59.237+0000] {spark_submit.py:492} INFO - archives                null
[2025-10-24T12:45:59.238+0000] {spark_submit.py:492} INFO - mainClass               null
[2025-10-24T12:45:59.241+0000] {spark_submit.py:492} INFO - primaryResource         file:/opt/***/include/scripts/load_csv_to_postgres.py
[2025-10-24T12:45:59.244+0000] {spark_submit.py:492} INFO - name                    arrow-spark
[2025-10-24T12:45:59.245+0000] {spark_submit.py:492} INFO - childArgs               []
[2025-10-24T12:45:59.251+0000] {spark_submit.py:492} INFO - jars                    null
[2025-10-24T12:45:59.252+0000] {spark_submit.py:492} INFO - packages                null
[2025-10-24T12:45:59.253+0000] {spark_submit.py:492} INFO - packagesExclusions      null
[2025-10-24T12:45:59.254+0000] {spark_submit.py:492} INFO - repositories            null
[2025-10-24T12:45:59.257+0000] {spark_submit.py:492} INFO - verbose                 true
[2025-10-24T12:45:59.258+0000] {spark_submit.py:492} INFO - 
[2025-10-24T12:45:59.259+0000] {spark_submit.py:492} INFO - Spark properties used, including those specified through
[2025-10-24T12:45:59.259+0000] {spark_submit.py:492} INFO - --conf and those from the properties file null:
[2025-10-24T12:45:59.260+0000] {spark_submit.py:492} INFO - 
[2025-10-24T12:45:59.262+0000] {spark_submit.py:492} INFO - 
[2025-10-24T12:45:59.262+0000] {spark_submit.py:492} INFO - 
[2025-10-24T12:46:00.538+0000] {spark_submit.py:492} INFO - Main class:
[2025-10-24T12:46:00.540+0000] {spark_submit.py:492} INFO - org.apache.spark.deploy.PythonRunner
[2025-10-24T12:46:00.548+0000] {spark_submit.py:492} INFO - Arguments:
[2025-10-24T12:46:00.549+0000] {spark_submit.py:492} INFO - file:/opt/***/include/scripts/load_csv_to_postgres.py
[2025-10-24T12:46:00.552+0000] {spark_submit.py:492} INFO - null
[2025-10-24T12:46:00.554+0000] {spark_submit.py:492} INFO - Spark config:
[2025-10-24T12:46:00.621+0000] {spark_submit.py:492} INFO - (spark.app.name,arrow-spark)
[2025-10-24T12:46:00.626+0000] {spark_submit.py:492} INFO - (spark.app.submitTime,1761309960351)
[2025-10-24T12:46:00.627+0000] {spark_submit.py:492} INFO - (spark.master,local)
[2025-10-24T12:46:00.629+0000] {spark_submit.py:492} INFO - (spark.submit.deployMode,client)
[2025-10-24T12:46:00.634+0000] {spark_submit.py:492} INFO - (spark.submit.pyFiles,)
[2025-10-24T12:46:00.635+0000] {spark_submit.py:492} INFO - Classpath elements:
[2025-10-24T12:46:00.636+0000] {spark_submit.py:492} INFO - 
[2025-10-24T12:46:00.637+0000] {spark_submit.py:492} INFO - 
[2025-10-24T12:46:00.640+0000] {spark_submit.py:492} INFO - 
[2025-10-24T12:46:04.480+0000] {spark_submit.py:492} INFO - [[34m2025-10-24T12:46:04.479+0000[0m] {[34mbase.py:[0m83} INFO[0m - Using connection ID 'pg_conn' for task execution.[0m
[2025-10-24T12:46:04.484+0000] {spark_submit.py:492} INFO - PostgreSQL target: postgres:5432/TransJak
[2025-10-24T12:46:04.489+0000] {spark_submit.py:492} INFO - Schema 'staging' ready
[2025-10-24T12:46:04.735+0000] {spark_submit.py:492} INFO - 25/10/24 12:46:04 INFO SparkContext: Running Spark version 3.5.1
[2025-10-24T12:46:04.739+0000] {spark_submit.py:492} INFO - 25/10/24 12:46:04 INFO SparkContext: OS info Linux, 6.6.87.2-microsoft-standard-WSL2, amd64
[2025-10-24T12:46:04.741+0000] {spark_submit.py:492} INFO - 25/10/24 12:46:04 INFO SparkContext: Java version 17.0.16
[2025-10-24T12:46:05.158+0000] {spark_submit.py:492} INFO - 25/10/24 12:46:05 WARN NativeCodeLoader: Unable to load native-hadoop library for your platform... using builtin-java classes where applicable
[2025-10-24T12:46:05.750+0000] {spark_submit.py:492} INFO - 25/10/24 12:46:05 INFO ResourceUtils: ==============================================================
[2025-10-24T12:46:05.752+0000] {spark_submit.py:492} INFO - 25/10/24 12:46:05 INFO ResourceUtils: No custom resources configured for spark.driver.
[2025-10-24T12:46:05.754+0000] {spark_submit.py:492} INFO - 25/10/24 12:46:05 INFO ResourceUtils: ==============================================================
[2025-10-24T12:46:05.756+0000] {spark_submit.py:492} INFO - 25/10/24 12:46:05 INFO SparkContext: Submitted application: Load CSV to Postgres (Airflow Connection)
[2025-10-24T12:46:05.864+0000] {spark_submit.py:492} INFO - 25/10/24 12:46:05 INFO ResourceProfile: Default ResourceProfile created, executor resources: Map(cores -> name: cores, amount: 1, script: , vendor: , memory -> name: memory, amount: 1024, script: , vendor: , offHeap -> name: offHeap, amount: 0, script: , vendor: ), task resources: Map(cpus -> name: cpus, amount: 1.0)
[2025-10-24T12:46:05.944+0000] {spark_submit.py:492} INFO - 25/10/24 12:46:05 INFO ResourceProfile: Limiting resource is cpu
[2025-10-24T12:46:05.947+0000] {spark_submit.py:492} INFO - 25/10/24 12:46:05 INFO ResourceProfileManager: Added ResourceProfile id: 0
[2025-10-24T12:46:06.347+0000] {spark_submit.py:492} INFO - 25/10/24 12:46:06 INFO SecurityManager: Changing view acls to: ***
[2025-10-24T12:46:06.349+0000] {spark_submit.py:492} INFO - 25/10/24 12:46:06 INFO SecurityManager: Changing modify acls to: ***
[2025-10-24T12:46:06.351+0000] {spark_submit.py:492} INFO - 25/10/24 12:46:06 INFO SecurityManager: Changing view acls groups to:
[2025-10-24T12:46:06.352+0000] {spark_submit.py:492} INFO - 25/10/24 12:46:06 INFO SecurityManager: Changing modify acls groups to:
[2025-10-24T12:46:06.353+0000] {spark_submit.py:492} INFO - 25/10/24 12:46:06 INFO SecurityManager: SecurityManager: authentication disabled; ui acls disabled; users with view permissions: ***; groups with view permissions: EMPTY; users with modify permissions: ***; groups with modify permissions: EMPTY
[2025-10-24T12:46:07.937+0000] {spark_submit.py:492} INFO - 25/10/24 12:46:07 INFO Utils: Successfully started service 'sparkDriver' on port 34425.
[2025-10-24T12:46:08.223+0000] {spark_submit.py:492} INFO - 25/10/24 12:46:08 INFO SparkEnv: Registering MapOutputTracker
[2025-10-24T12:46:08.357+0000] {spark_submit.py:492} INFO - 25/10/24 12:46:08 INFO SparkEnv: Registering BlockManagerMaster
[2025-10-24T12:46:08.434+0000] {spark_submit.py:492} INFO - 25/10/24 12:46:08 INFO BlockManagerMasterEndpoint: Using org.apache.spark.storage.DefaultTopologyMapper for getting topology information
[2025-10-24T12:46:08.436+0000] {spark_submit.py:492} INFO - 25/10/24 12:46:08 INFO BlockManagerMasterEndpoint: BlockManagerMasterEndpoint up
[2025-10-24T12:46:08.445+0000] {spark_submit.py:492} INFO - 25/10/24 12:46:08 INFO SparkEnv: Registering BlockManagerMasterHeartbeat
[2025-10-24T12:46:08.486+0000] {spark_submit.py:492} INFO - 25/10/24 12:46:08 INFO DiskBlockManager: Created local directory at /tmp/blockmgr-bf2392ad-902d-4fff-9d29-786c40d61cfc
[2025-10-24T12:46:08.565+0000] {spark_submit.py:492} INFO - 25/10/24 12:46:08 INFO MemoryStore: MemoryStore started with capacity 413.9 MiB
[2025-10-24T12:46:08.654+0000] {spark_submit.py:492} INFO - 25/10/24 12:46:08 INFO SparkEnv: Registering OutputCommitCoordinator
[2025-10-24T12:46:09.290+0000] {spark_submit.py:492} INFO - 25/10/24 12:46:09 INFO JettyUtils: Start Jetty 0.0.0.0:4040 for SparkUI
[2025-10-24T12:46:09.752+0000] {spark_submit.py:492} INFO - 25/10/24 12:46:09 INFO Utils: Successfully started service 'SparkUI' on port 4040.
[2025-10-24T12:46:10.083+0000] {spark_submit.py:492} INFO - 25/10/24 12:46:10 INFO SparkContext: Added JAR /opt/spark/jars/postgresql-42.6.0.jar at spark://2ef039423968:34425/jars/postgresql-42.6.0.jar with timestamp 1761309964698
[2025-10-24T12:46:10.679+0000] {spark_submit.py:492} INFO - 25/10/24 12:46:10 INFO Executor: Starting executor ID driver on host 2ef039423968
[2025-10-24T12:46:10.680+0000] {spark_submit.py:492} INFO - 25/10/24 12:46:10 INFO Executor: OS info Linux, 6.6.87.2-microsoft-standard-WSL2, amd64
[2025-10-24T12:46:10.681+0000] {spark_submit.py:492} INFO - 25/10/24 12:46:10 INFO Executor: Java version 17.0.16
[2025-10-24T12:46:10.726+0000] {spark_submit.py:492} INFO - 25/10/24 12:46:10 INFO Executor: Starting executor with user classpath (userClassPathFirst = false): ''
[2025-10-24T12:46:10.728+0000] {spark_submit.py:492} INFO - 25/10/24 12:46:10 INFO Executor: Created or updated repl class loader org.apache.spark.util.MutableURLClassLoader@1d5b87d6 for default.
[2025-10-24T12:46:10.828+0000] {spark_submit.py:492} INFO - 25/10/24 12:46:10 INFO Executor: Fetching spark://2ef039423968:34425/jars/postgresql-42.6.0.jar with timestamp 1761309964698
[2025-10-24T12:46:11.032+0000] {spark_submit.py:492} INFO - 25/10/24 12:46:11 INFO TransportClientFactory: Successfully created connection to 2ef039423968/172.18.0.5:34425 after 106 ms (0 ms spent in bootstraps)
[2025-10-24T12:46:11.045+0000] {spark_submit.py:492} INFO - 25/10/24 12:46:11 INFO Utils: Fetching spark://2ef039423968:34425/jars/postgresql-42.6.0.jar to /tmp/spark-ce4287d0-e93e-4173-b300-fd874ee67699/userFiles-a3959f80-aa46-405c-a904-25f35061039c/fetchFileTemp9490428206304029665.tmp
[2025-10-24T12:46:11.210+0000] {spark_submit.py:492} INFO - 25/10/24 12:46:11 INFO Executor: Adding file:/tmp/spark-ce4287d0-e93e-4173-b300-fd874ee67699/userFiles-a3959f80-aa46-405c-a904-25f35061039c/postgresql-42.6.0.jar to class loader default
[2025-10-24T12:46:11.244+0000] {spark_submit.py:492} INFO - 25/10/24 12:46:11 INFO Utils: Successfully started service 'org.apache.spark.network.netty.NettyBlockTransferService' on port 41945.
[2025-10-24T12:46:11.255+0000] {spark_submit.py:492} INFO - 25/10/24 12:46:11 INFO NettyBlockTransferService: Server created on 2ef039423968:41945
[2025-10-24T12:46:11.273+0000] {spark_submit.py:492} INFO - 25/10/24 12:46:11 INFO BlockManager: Using org.apache.spark.storage.RandomBlockReplicationPolicy for block replication policy
[2025-10-24T12:46:11.351+0000] {spark_submit.py:492} INFO - 25/10/24 12:46:11 INFO BlockManagerMaster: Registering BlockManager BlockManagerId(driver, 2ef039423968, 41945, None)
[2025-10-24T12:46:11.358+0000] {spark_submit.py:492} INFO - 25/10/24 12:46:11 INFO BlockManagerMasterEndpoint: Registering block manager 2ef039423968:41945 with 413.9 MiB RAM, BlockManagerId(driver, 2ef039423968, 41945, None)
[2025-10-24T12:46:11.366+0000] {spark_submit.py:492} INFO - 25/10/24 12:46:11 INFO BlockManagerMaster: Registered BlockManager BlockManagerId(driver, 2ef039423968, 41945, None)
[2025-10-24T12:46:11.370+0000] {spark_submit.py:492} INFO - 25/10/24 12:46:11 INFO BlockManager: Initialized BlockManager: BlockManagerId(driver, 2ef039423968, 41945, None)
[2025-10-24T12:46:14.150+0000] {spark_submit.py:492} INFO - 25/10/24 12:46:14 INFO SharedState: Setting hive.metastore.warehouse.dir ('null') to the value of spark.sql.warehouse.dir.
[2025-10-24T12:46:14.253+0000] {spark_submit.py:492} INFO - 25/10/24 12:46:14 INFO SharedState: Warehouse path is 'file:/opt/***/spark-warehouse'.
[2025-10-24T12:46:28.445+0000] {spark_submit.py:492} INFO - 25/10/24 12:46:28 INFO InMemoryFileIndex: It took 510 ms to list leaf files for 1 paths.
[2025-10-24T12:46:29.237+0000] {spark_submit.py:492} INFO - 25/10/24 12:46:29 INFO InMemoryFileIndex: It took 89 ms to list leaf files for 1 paths.
[2025-10-24T12:46:44.854+0000] {spark_submit.py:492} INFO - 25/10/24 12:46:44 INFO FileSourceStrategy: Pushed Filters:
[2025-10-24T12:46:44.861+0000] {spark_submit.py:492} INFO - 25/10/24 12:46:44 INFO FileSourceStrategy: Post-Scan Filters: (length(trim(value#0, None)) > 0)
[2025-10-24T12:46:47.322+0000] {spark_submit.py:492} INFO - 25/10/24 12:46:47 INFO CodeGenerator: Code generated in 1030.752581 ms
[2025-10-24T12:46:47.555+0000] {spark_submit.py:492} INFO - 25/10/24 12:46:47 INFO MemoryStore: Block broadcast_0 stored as values in memory (estimated size 200.1 KiB, free 413.7 MiB)
[2025-10-24T12:46:47.827+0000] {spark_submit.py:492} INFO - 25/10/24 12:46:47 INFO MemoryStore: Block broadcast_0_piece0 stored as bytes in memory (estimated size 34.5 KiB, free 413.7 MiB)
[2025-10-24T12:46:47.837+0000] {spark_submit.py:492} INFO - 25/10/24 12:46:47 INFO BlockManagerInfo: Added broadcast_0_piece0 in memory on 2ef039423968:41945 (size: 34.5 KiB, free: 413.9 MiB)
[2025-10-24T12:46:47.921+0000] {spark_submit.py:492} INFO - 25/10/24 12:46:47 INFO SparkContext: Created broadcast 0 from csv at NativeMethodAccessorImpl.java:0
[2025-10-24T12:46:48.124+0000] {spark_submit.py:492} INFO - 25/10/24 12:46:48 INFO FileSourceScanExec: Planning scan with bin packing, max size: 49020463 bytes, open cost is considered as scanning 4194304 bytes.
[2025-10-24T12:46:48.543+0000] {spark_submit.py:492} INFO - 25/10/24 12:46:48 INFO SparkContext: Starting job: csv at NativeMethodAccessorImpl.java:0
[2025-10-24T12:46:48.646+0000] {spark_submit.py:492} INFO - 25/10/24 12:46:48 INFO DAGScheduler: Got job 0 (csv at NativeMethodAccessorImpl.java:0) with 1 output partitions
[2025-10-24T12:46:48.648+0000] {spark_submit.py:492} INFO - 25/10/24 12:46:48 INFO DAGScheduler: Final stage: ResultStage 0 (csv at NativeMethodAccessorImpl.java:0)
[2025-10-24T12:46:48.650+0000] {spark_submit.py:492} INFO - 25/10/24 12:46:48 INFO DAGScheduler: Parents of final stage: List()
[2025-10-24T12:46:48.722+0000] {spark_submit.py:492} INFO - 25/10/24 12:46:48 INFO DAGScheduler: Missing parents: List()
[2025-10-24T12:46:48.727+0000] {spark_submit.py:492} INFO - 25/10/24 12:46:48 INFO DAGScheduler: Submitting ResultStage 0 (MapPartitionsRDD[3] at csv at NativeMethodAccessorImpl.java:0), which has no missing parents
[2025-10-24T12:46:49.247+0000] {spark_submit.py:492} INFO - 25/10/24 12:46:49 INFO MemoryStore: Block broadcast_1 stored as values in memory (estimated size 13.5 KiB, free 413.7 MiB)
[2025-10-24T12:46:49.252+0000] {spark_submit.py:492} INFO - 25/10/24 12:46:49 INFO MemoryStore: Block broadcast_1_piece0 stored as bytes in memory (estimated size 6.4 KiB, free 413.7 MiB)
[2025-10-24T12:46:49.322+0000] {spark_submit.py:492} INFO - 25/10/24 12:46:49 INFO BlockManagerInfo: Added broadcast_1_piece0 in memory on 2ef039423968:41945 (size: 6.4 KiB, free: 413.9 MiB)
[2025-10-24T12:46:49.326+0000] {spark_submit.py:492} INFO - 25/10/24 12:46:49 INFO SparkContext: Created broadcast 1 from broadcast at DAGScheduler.scala:1585
[2025-10-24T12:46:49.364+0000] {spark_submit.py:492} INFO - 25/10/24 12:46:49 INFO DAGScheduler: Submitting 1 missing tasks from ResultStage 0 (MapPartitionsRDD[3] at csv at NativeMethodAccessorImpl.java:0) (first 15 tasks are for partitions Vector(0))
[2025-10-24T12:46:49.425+0000] {spark_submit.py:492} INFO - 25/10/24 12:46:49 INFO TaskSchedulerImpl: Adding task set 0.0 with 1 tasks resource profile 0
[2025-10-24T12:46:49.568+0000] {spark_submit.py:492} INFO - 25/10/24 12:46:49 INFO TaskSetManager: Starting task 0.0 in stage 0.0 (TID 0) (2ef039423968, executor driver, partition 0, PROCESS_LOCAL, 8412 bytes)
[2025-10-24T12:46:49.634+0000] {spark_submit.py:492} INFO - 25/10/24 12:46:49 INFO Executor: Running task 0.0 in stage 0.0 (TID 0)
[2025-10-24T12:46:50.341+0000] {spark_submit.py:492} INFO - 25/10/24 12:46:50 INFO CodeGenerator: Code generated in 94.773297 ms
[2025-10-24T12:46:50.351+0000] {spark_submit.py:492} INFO - 25/10/24 12:46:50 INFO FileScanRDD: Reading File path: file:///opt/***/include/dfTransjakarta180kRows.csv, range: 0-44826159, partition values: [empty row]
[2025-10-24T12:46:50.523+0000] {spark_submit.py:492} INFO - 25/10/24 12:46:50 INFO CodeGenerator: Code generated in 92.450187 ms
[2025-10-24T12:46:50.831+0000] {spark_submit.py:492} INFO - 25/10/24 12:46:50 INFO Executor: Finished task 0.0 in stage 0.0 (TID 0). 1829 bytes result sent to driver
[2025-10-24T12:46:50.929+0000] {spark_submit.py:492} INFO - 25/10/24 12:46:50 INFO TaskSetManager: Finished task 0.0 in stage 0.0 (TID 0) in 1389 ms on 2ef039423968 (executor driver) (1/1)
[2025-10-24T12:46:50.934+0000] {spark_submit.py:492} INFO - 25/10/24 12:46:50 INFO TaskSchedulerImpl: Removed TaskSet 0.0, whose tasks have all completed, from pool
[2025-10-24T12:46:50.944+0000] {spark_submit.py:492} INFO - 25/10/24 12:46:50 INFO DAGScheduler: ResultStage 0 (csv at NativeMethodAccessorImpl.java:0) finished in 2.195 s
[2025-10-24T12:46:51.031+0000] {spark_submit.py:492} INFO - 25/10/24 12:46:51 INFO DAGScheduler: Job 0 is finished. Cancelling potential speculative or zombie tasks for this job
[2025-10-24T12:46:51.040+0000] {spark_submit.py:492} INFO - 25/10/24 12:46:51 INFO TaskSchedulerImpl: Killing all running tasks in stage 0: Stage finished
[2025-10-24T12:46:51.046+0000] {spark_submit.py:492} INFO - 25/10/24 12:46:51 INFO DAGScheduler: Job 0 finished: csv at NativeMethodAccessorImpl.java:0, took 2.499168 s
[2025-10-24T12:46:51.246+0000] {spark_submit.py:492} INFO - 25/10/24 12:46:51 INFO CodeGenerator: Code generated in 18.814226 ms
[2025-10-24T12:46:51.657+0000] {spark_submit.py:492} INFO - 25/10/24 12:46:51 INFO FileSourceStrategy: Pushed Filters:
[2025-10-24T12:46:51.728+0000] {spark_submit.py:492} INFO - 25/10/24 12:46:51 INFO FileSourceStrategy: Post-Scan Filters:
[2025-10-24T12:46:51.753+0000] {spark_submit.py:492} INFO - 25/10/24 12:46:51 INFO MemoryStore: Block broadcast_2 stored as values in memory (estimated size 200.1 KiB, free 413.5 MiB)
[2025-10-24T12:46:51.828+0000] {spark_submit.py:492} INFO - 25/10/24 12:46:51 INFO MemoryStore: Block broadcast_2_piece0 stored as bytes in memory (estimated size 34.5 KiB, free 413.4 MiB)
[2025-10-24T12:46:51.832+0000] {spark_submit.py:492} INFO - 25/10/24 12:46:51 INFO BlockManagerInfo: Added broadcast_2_piece0 in memory on 2ef039423968:41945 (size: 34.5 KiB, free: 413.9 MiB)
[2025-10-24T12:46:51.836+0000] {spark_submit.py:492} INFO - 25/10/24 12:46:51 INFO SparkContext: Created broadcast 2 from csv at NativeMethodAccessorImpl.java:0
[2025-10-24T12:46:51.838+0000] {spark_submit.py:492} INFO - 25/10/24 12:46:51 INFO FileSourceScanExec: Planning scan with bin packing, max size: 49020463 bytes, open cost is considered as scanning 4194304 bytes.
[2025-10-24T12:46:52.337+0000] {spark_submit.py:492} INFO - 25/10/24 12:46:52 INFO SparkContext: Starting job: csv at NativeMethodAccessorImpl.java:0
[2025-10-24T12:46:52.340+0000] {spark_submit.py:492} INFO - 25/10/24 12:46:52 INFO DAGScheduler: Got job 1 (csv at NativeMethodAccessorImpl.java:0) with 1 output partitions
[2025-10-24T12:46:52.342+0000] {spark_submit.py:492} INFO - 25/10/24 12:46:52 INFO DAGScheduler: Final stage: ResultStage 1 (csv at NativeMethodAccessorImpl.java:0)
[2025-10-24T12:46:52.344+0000] {spark_submit.py:492} INFO - 25/10/24 12:46:52 INFO DAGScheduler: Parents of final stage: List()
[2025-10-24T12:46:52.345+0000] {spark_submit.py:492} INFO - 25/10/24 12:46:52 INFO DAGScheduler: Missing parents: List()
[2025-10-24T12:46:52.346+0000] {spark_submit.py:492} INFO - 25/10/24 12:46:52 INFO DAGScheduler: Submitting ResultStage 1 (MapPartitionsRDD[9] at csv at NativeMethodAccessorImpl.java:0), which has no missing parents
[2025-10-24T12:46:52.562+0000] {spark_submit.py:492} INFO - 25/10/24 12:46:52 INFO MemoryStore: Block broadcast_3 stored as values in memory (estimated size 28.1 KiB, free 413.4 MiB)
[2025-10-24T12:46:52.625+0000] {spark_submit.py:492} INFO - 25/10/24 12:46:52 INFO MemoryStore: Block broadcast_3_piece0 stored as bytes in memory (estimated size 12.9 KiB, free 413.4 MiB)
[2025-10-24T12:46:52.630+0000] {spark_submit.py:492} INFO - 25/10/24 12:46:52 INFO BlockManagerInfo: Added broadcast_3_piece0 in memory on 2ef039423968:41945 (size: 12.9 KiB, free: 413.8 MiB)
[2025-10-24T12:46:52.631+0000] {spark_submit.py:492} INFO - 25/10/24 12:46:52 INFO SparkContext: Created broadcast 3 from broadcast at DAGScheduler.scala:1585
[2025-10-24T12:46:52.634+0000] {spark_submit.py:492} INFO - 25/10/24 12:46:52 INFO DAGScheduler: Submitting 1 missing tasks from ResultStage 1 (MapPartitionsRDD[9] at csv at NativeMethodAccessorImpl.java:0) (first 15 tasks are for partitions Vector(0))
[2025-10-24T12:46:52.635+0000] {spark_submit.py:492} INFO - 25/10/24 12:46:52 INFO TaskSchedulerImpl: Adding task set 1.0 with 1 tasks resource profile 0
[2025-10-24T12:46:52.637+0000] {spark_submit.py:492} INFO - 25/10/24 12:46:52 INFO TaskSetManager: Starting task 0.0 in stage 1.0 (TID 1) (2ef039423968, executor driver, partition 0, PROCESS_LOCAL, 8412 bytes)
[2025-10-24T12:46:52.642+0000] {spark_submit.py:492} INFO - 25/10/24 12:46:52 INFO Executor: Running task 0.0 in stage 1.0 (TID 1)
[2025-10-24T12:46:52.940+0000] {spark_submit.py:492} INFO - 25/10/24 12:46:52 INFO CodeGenerator: Code generated in 13.676032 ms
[2025-10-24T12:46:52.946+0000] {spark_submit.py:492} INFO - 25/10/24 12:46:52 INFO FileScanRDD: Reading File path: file:///opt/***/include/dfTransjakarta180kRows.csv, range: 0-44826159, partition values: [empty row]
[2025-10-24T12:47:01.443+0000] {spark_submit.py:492} INFO - 25/10/24 12:47:01 INFO Executor: Finished task 0.0 in stage 1.0 (TID 1). 1908 bytes result sent to driver
[2025-10-24T12:47:01.523+0000] {spark_submit.py:492} INFO - 25/10/24 12:47:01 INFO TaskSetManager: Finished task 0.0 in stage 1.0 (TID 1) in 8890 ms on 2ef039423968 (executor driver) (1/1)
[2025-10-24T12:47:01.524+0000] {spark_submit.py:492} INFO - 25/10/24 12:47:01 INFO TaskSchedulerImpl: Removed TaskSet 1.0, whose tasks have all completed, from pool
[2025-10-24T12:47:01.530+0000] {spark_submit.py:492} INFO - 25/10/24 12:47:01 INFO DAGScheduler: ResultStage 1 (csv at NativeMethodAccessorImpl.java:0) finished in 9.179 s
[2025-10-24T12:47:01.531+0000] {spark_submit.py:492} INFO - 25/10/24 12:47:01 INFO DAGScheduler: Job 1 is finished. Cancelling potential speculative or zombie tasks for this job
[2025-10-24T12:47:01.532+0000] {spark_submit.py:492} INFO - 25/10/24 12:47:01 INFO TaskSchedulerImpl: Killing all running tasks in stage 1: Stage finished
[2025-10-24T12:47:01.538+0000] {spark_submit.py:492} INFO - 25/10/24 12:47:01 INFO DAGScheduler: Job 1 finished: csv at NativeMethodAccessorImpl.java:0, took 9.195704 s
[2025-10-24T12:47:02.622+0000] {spark_submit.py:492} INFO - 25/10/24 12:47:02 INFO FileSourceStrategy: Pushed Filters:
[2025-10-24T12:47:02.628+0000] {spark_submit.py:492} INFO - 25/10/24 12:47:02 INFO FileSourceStrategy: Post-Scan Filters:
[2025-10-24T12:47:03.341+0000] {spark_submit.py:492} INFO - 25/10/24 12:47:03 INFO CodeGenerator: Code generated in 85.232168 ms
[2025-10-24T12:47:03.346+0000] {spark_submit.py:492} INFO - 25/10/24 12:47:03 INFO MemoryStore: Block broadcast_4 stored as values in memory (estimated size 200.0 KiB, free 413.2 MiB)
[2025-10-24T12:47:03.450+0000] {spark_submit.py:492} INFO - 25/10/24 12:47:03 INFO MemoryStore: Block broadcast_4_piece0 stored as bytes in memory (estimated size 34.4 KiB, free 413.2 MiB)
[2025-10-24T12:47:03.522+0000] {spark_submit.py:492} INFO - 25/10/24 12:47:03 INFO BlockManagerInfo: Added broadcast_4_piece0 in memory on 2ef039423968:41945 (size: 34.4 KiB, free: 413.8 MiB)
[2025-10-24T12:47:03.529+0000] {spark_submit.py:492} INFO - 25/10/24 12:47:03 INFO SparkContext: Created broadcast 4 from count at NativeMethodAccessorImpl.java:0
[2025-10-24T12:47:03.533+0000] {spark_submit.py:492} INFO - 25/10/24 12:47:03 INFO FileSourceScanExec: Planning scan with bin packing, max size: 49020463 bytes, open cost is considered as scanning 4194304 bytes.
[2025-10-24T12:47:03.825+0000] {spark_submit.py:492} INFO - 25/10/24 12:47:03 INFO DAGScheduler: Registering RDD 13 (count at NativeMethodAccessorImpl.java:0) as input to shuffle 0
[2025-10-24T12:47:03.873+0000] {spark_submit.py:492} INFO - 25/10/24 12:47:03 INFO DAGScheduler: Got map stage job 2 (count at NativeMethodAccessorImpl.java:0) with 1 output partitions
[2025-10-24T12:47:03.924+0000] {spark_submit.py:492} INFO - 25/10/24 12:47:03 INFO DAGScheduler: Final stage: ShuffleMapStage 2 (count at NativeMethodAccessorImpl.java:0)
[2025-10-24T12:47:03.938+0000] {spark_submit.py:492} INFO - 25/10/24 12:47:03 INFO DAGScheduler: Parents of final stage: List()
[2025-10-24T12:47:03.950+0000] {spark_submit.py:492} INFO - 25/10/24 12:47:03 INFO DAGScheduler: Missing parents: List()
[2025-10-24T12:47:03.961+0000] {spark_submit.py:492} INFO - 25/10/24 12:47:03 INFO DAGScheduler: Submitting ShuffleMapStage 2 (MapPartitionsRDD[13] at count at NativeMethodAccessorImpl.java:0), which has no missing parents
[2025-10-24T12:47:04.225+0000] {spark_submit.py:492} INFO - 25/10/24 12:47:04 INFO MemoryStore: Block broadcast_5 stored as values in memory (estimated size 18.7 KiB, free 413.2 MiB)
[2025-10-24T12:47:04.258+0000] {spark_submit.py:492} INFO - 25/10/24 12:47:04 INFO MemoryStore: Block broadcast_5_piece0 stored as bytes in memory (estimated size 9.2 KiB, free 413.2 MiB)
[2025-10-24T12:47:04.326+0000] {spark_submit.py:492} INFO - 25/10/24 12:47:04 INFO BlockManagerInfo: Added broadcast_5_piece0 in memory on 2ef039423968:41945 (size: 9.2 KiB, free: 413.8 MiB)
[2025-10-24T12:47:04.338+0000] {spark_submit.py:492} INFO - 25/10/24 12:47:04 INFO SparkContext: Created broadcast 5 from broadcast at DAGScheduler.scala:1585
[2025-10-24T12:47:04.345+0000] {spark_submit.py:492} INFO - 25/10/24 12:47:04 INFO DAGScheduler: Submitting 1 missing tasks from ShuffleMapStage 2 (MapPartitionsRDD[13] at count at NativeMethodAccessorImpl.java:0) (first 15 tasks are for partitions Vector(0))
[2025-10-24T12:47:04.346+0000] {spark_submit.py:492} INFO - 25/10/24 12:47:04 INFO TaskSchedulerImpl: Adding task set 2.0 with 1 tasks resource profile 0
[2025-10-24T12:47:04.351+0000] {spark_submit.py:492} INFO - 25/10/24 12:47:04 INFO TaskSetManager: Starting task 0.0 in stage 2.0 (TID 2) (2ef039423968, executor driver, partition 0, PROCESS_LOCAL, 8401 bytes)
[2025-10-24T12:47:04.422+0000] {spark_submit.py:492} INFO - 25/10/24 12:47:04 INFO Executor: Running task 0.0 in stage 2.0 (TID 2)
[2025-10-24T12:47:04.721+0000] {spark_submit.py:492} INFO - 25/10/24 12:47:04 INFO CodeGenerator: Code generated in 24.884487 ms
[2025-10-24T12:47:04.846+0000] {spark_submit.py:492} INFO - 25/10/24 12:47:04 INFO FileScanRDD: Reading File path: file:///opt/***/include/dfTransjakarta180kRows.csv, range: 0-44826159, partition values: [empty row]
[2025-10-24T12:47:04.924+0000] {spark_submit.py:492} INFO - 25/10/24 12:47:04 INFO CodeGenerator: Code generated in 74.753746 ms
[2025-10-24T12:47:07.665+0000] {spark_submit.py:492} INFO - 25/10/24 12:47:07 INFO Executor: Finished task 0.0 in stage 2.0 (TID 2). 2014 bytes result sent to driver
[2025-10-24T12:47:07.732+0000] {spark_submit.py:492} INFO - 25/10/24 12:47:07 INFO TaskSetManager: Finished task 0.0 in stage 2.0 (TID 2) in 3383 ms on 2ef039423968 (executor driver) (1/1)
[2025-10-24T12:47:07.733+0000] {spark_submit.py:492} INFO - 25/10/24 12:47:07 INFO TaskSchedulerImpl: Removed TaskSet 2.0, whose tasks have all completed, from pool
[2025-10-24T12:47:07.742+0000] {spark_submit.py:492} INFO - 25/10/24 12:47:07 INFO DAGScheduler: ShuffleMapStage 2 (count at NativeMethodAccessorImpl.java:0) finished in 3.711 s
[2025-10-24T12:47:07.761+0000] {spark_submit.py:492} INFO - 25/10/24 12:47:07 INFO DAGScheduler: looking for newly runnable stages
[2025-10-24T12:47:07.822+0000] {spark_submit.py:492} INFO - 25/10/24 12:47:07 INFO DAGScheduler: running: Set()
[2025-10-24T12:47:07.841+0000] {spark_submit.py:492} INFO - 25/10/24 12:47:07 INFO DAGScheduler: waiting: Set()
[2025-10-24T12:47:07.854+0000] {spark_submit.py:492} INFO - 25/10/24 12:47:07 INFO DAGScheduler: failed: Set()
[2025-10-24T12:47:08.149+0000] {spark_submit.py:492} INFO - 25/10/24 12:47:08 INFO CodeGenerator: Code generated in 112.747672 ms
[2025-10-24T12:47:08.422+0000] {spark_submit.py:492} INFO - 25/10/24 12:47:08 INFO SparkContext: Starting job: count at NativeMethodAccessorImpl.java:0
[2025-10-24T12:47:08.436+0000] {spark_submit.py:492} INFO - 25/10/24 12:47:08 INFO DAGScheduler: Got job 3 (count at NativeMethodAccessorImpl.java:0) with 1 output partitions
[2025-10-24T12:47:08.437+0000] {spark_submit.py:492} INFO - 25/10/24 12:47:08 INFO DAGScheduler: Final stage: ResultStage 4 (count at NativeMethodAccessorImpl.java:0)
[2025-10-24T12:47:08.438+0000] {spark_submit.py:492} INFO - 25/10/24 12:47:08 INFO DAGScheduler: Parents of final stage: List(ShuffleMapStage 3)
[2025-10-24T12:47:08.441+0000] {spark_submit.py:492} INFO - 25/10/24 12:47:08 INFO DAGScheduler: Missing parents: List()
[2025-10-24T12:47:08.445+0000] {spark_submit.py:492} INFO - 25/10/24 12:47:08 INFO DAGScheduler: Submitting ResultStage 4 (MapPartitionsRDD[16] at count at NativeMethodAccessorImpl.java:0), which has no missing parents
[2025-10-24T12:47:08.556+0000] {spark_submit.py:492} INFO - 25/10/24 12:47:08 INFO MemoryStore: Block broadcast_6 stored as values in memory (estimated size 12.5 KiB, free 413.1 MiB)
[2025-10-24T12:47:08.656+0000] {spark_submit.py:492} INFO - 25/10/24 12:47:08 INFO MemoryStore: Block broadcast_6_piece0 stored as bytes in memory (estimated size 5.9 KiB, free 413.1 MiB)
[2025-10-24T12:47:08.721+0000] {spark_submit.py:492} INFO - 25/10/24 12:47:08 INFO BlockManagerInfo: Added broadcast_6_piece0 in memory on 2ef039423968:41945 (size: 5.9 KiB, free: 413.8 MiB)
[2025-10-24T12:47:08.729+0000] {spark_submit.py:492} INFO - 25/10/24 12:47:08 INFO SparkContext: Created broadcast 6 from broadcast at DAGScheduler.scala:1585
[2025-10-24T12:47:08.734+0000] {spark_submit.py:492} INFO - 25/10/24 12:47:08 INFO DAGScheduler: Submitting 1 missing tasks from ResultStage 4 (MapPartitionsRDD[16] at count at NativeMethodAccessorImpl.java:0) (first 15 tasks are for partitions Vector(0))
[2025-10-24T12:47:08.736+0000] {spark_submit.py:492} INFO - 25/10/24 12:47:08 INFO TaskSchedulerImpl: Adding task set 4.0 with 1 tasks resource profile 0
[2025-10-24T12:47:08.737+0000] {spark_submit.py:492} INFO - 25/10/24 12:47:08 INFO TaskSetManager: Starting task 0.0 in stage 4.0 (TID 3) (2ef039423968, executor driver, partition 0, NODE_LOCAL, 7795 bytes)
[2025-10-24T12:47:08.738+0000] {spark_submit.py:492} INFO - 25/10/24 12:47:08 INFO Executor: Running task 0.0 in stage 4.0 (TID 3)
[2025-10-24T12:47:09.041+0000] {spark_submit.py:492} INFO - 25/10/24 12:47:09 INFO ShuffleBlockFetcherIterator: Getting 1 (60.0 B) non-empty blocks including 1 (60.0 B) local and 0 (0.0 B) host-local and 0 (0.0 B) push-merged-local and 0 (0.0 B) remote blocks
[2025-10-24T12:47:09.055+0000] {spark_submit.py:492} INFO - 25/10/24 12:47:09 INFO ShuffleBlockFetcherIterator: Started 0 remote fetches in 190 ms
[2025-10-24T12:47:09.153+0000] {spark_submit.py:492} INFO - 25/10/24 12:47:09 INFO CodeGenerator: Code generated in 89.879945 ms
[2025-10-24T12:47:09.326+0000] {spark_submit.py:492} INFO - 25/10/24 12:47:09 INFO Executor: Finished task 0.0 in stage 4.0 (TID 3). 3995 bytes result sent to driver
[2025-10-24T12:47:09.354+0000] {spark_submit.py:492} INFO - 25/10/24 12:47:09 INFO TaskSetManager: Finished task 0.0 in stage 4.0 (TID 3) in 596 ms on 2ef039423968 (executor driver) (1/1)
[2025-10-24T12:47:09.425+0000] {spark_submit.py:492} INFO - 25/10/24 12:47:09 INFO TaskSchedulerImpl: Removed TaskSet 4.0, whose tasks have all completed, from pool
[2025-10-24T12:47:09.434+0000] {spark_submit.py:492} INFO - 25/10/24 12:47:09 INFO DAGScheduler: ResultStage 4 (count at NativeMethodAccessorImpl.java:0) finished in 0.797 s
[2025-10-24T12:47:09.437+0000] {spark_submit.py:492} INFO - 25/10/24 12:47:09 INFO DAGScheduler: Job 3 is finished. Cancelling potential speculative or zombie tasks for this job
[2025-10-24T12:47:09.442+0000] {spark_submit.py:492} INFO - 25/10/24 12:47:09 INFO TaskSchedulerImpl: Killing all running tasks in stage 4: Stage finished
[2025-10-24T12:47:09.450+0000] {spark_submit.py:492} INFO - 25/10/24 12:47:09 INFO DAGScheduler: Job 3 finished: count at NativeMethodAccessorImpl.java:0, took 0.935585 s
[2025-10-24T12:47:09.542+0000] {spark_submit.py:492} INFO - CSV loaded: 189500 records
[2025-10-24T12:47:16.100+0000] {spark_submit.py:492} INFO - 25/10/24 12:47:16 INFO BlockManagerInfo: Removed broadcast_6_piece0 on 2ef039423968:41945 in memory (size: 5.9 KiB, free: 413.8 MiB)
[2025-10-24T12:47:16.615+0000] {spark_submit.py:492} INFO - Transformation complete
[2025-10-24T12:47:22.022+0000] {spark_submit.py:492} INFO - 25/10/24 12:47:22 INFO FileSourceStrategy: Pushed Filters:
[2025-10-24T12:47:22.025+0000] {spark_submit.py:492} INFO - 25/10/24 12:47:22 INFO FileSourceStrategy: Post-Scan Filters:
[2025-10-24T12:47:22.119+0000] {spark_submit.py:492} INFO - 25/10/24 12:47:22 WARN SparkStringUtils: Truncated the string representation of a plan since it was too large. This behavior can be adjusted by setting 'spark.sql.debug.maxToStringFields'.
[2025-10-24T12:47:22.717+0000] {spark_submit.py:492} INFO - 25/10/24 12:47:22 INFO CodeGenerator: Code generated in 416.464883 ms
[2025-10-24T12:47:22.799+0000] {spark_submit.py:492} INFO - 25/10/24 12:47:22 INFO MemoryStore: Block broadcast_7 stored as values in memory (estimated size 200.0 KiB, free 413.0 MiB)
[2025-10-24T12:47:23.015+0000] {spark_submit.py:492} INFO - 25/10/24 12:47:23 INFO MemoryStore: Block broadcast_7_piece0 stored as bytes in memory (estimated size 34.4 KiB, free 412.9 MiB)
[2025-10-24T12:47:23.106+0000] {spark_submit.py:492} INFO - 25/10/24 12:47:23 INFO BlockManagerInfo: Added broadcast_7_piece0 in memory on 2ef039423968:41945 (size: 34.4 KiB, free: 413.8 MiB)
[2025-10-24T12:47:23.107+0000] {spark_submit.py:492} INFO - 25/10/24 12:47:23 INFO SparkContext: Created broadcast 7 from jdbc at NativeMethodAccessorImpl.java:0
[2025-10-24T12:47:23.108+0000] {spark_submit.py:492} INFO - 25/10/24 12:47:23 INFO FileSourceScanExec: Planning scan with bin packing, max size: 49020463 bytes, open cost is considered as scanning 4194304 bytes.
[2025-10-24T12:47:23.505+0000] {spark_submit.py:492} INFO - 25/10/24 12:47:23 INFO SparkContext: Starting job: jdbc at NativeMethodAccessorImpl.java:0
[2025-10-24T12:47:23.515+0000] {spark_submit.py:492} INFO - 25/10/24 12:47:23 INFO DAGScheduler: Got job 4 (jdbc at NativeMethodAccessorImpl.java:0) with 1 output partitions
[2025-10-24T12:47:23.598+0000] {spark_submit.py:492} INFO - 25/10/24 12:47:23 INFO DAGScheduler: Final stage: ResultStage 5 (jdbc at NativeMethodAccessorImpl.java:0)
[2025-10-24T12:47:23.603+0000] {spark_submit.py:492} INFO - 25/10/24 12:47:23 INFO DAGScheduler: Parents of final stage: List()
[2025-10-24T12:47:23.604+0000] {spark_submit.py:492} INFO - 25/10/24 12:47:23 INFO DAGScheduler: Missing parents: List()
[2025-10-24T12:47:23.606+0000] {spark_submit.py:492} INFO - 25/10/24 12:47:23 INFO DAGScheduler: Submitting ResultStage 5 (MapPartitionsRDD[22] at jdbc at NativeMethodAccessorImpl.java:0), which has no missing parents
[2025-10-24T12:47:23.812+0000] {spark_submit.py:492} INFO - 25/10/24 12:47:23 INFO MemoryStore: Block broadcast_8 stored as values in memory (estimated size 49.1 KiB, free 412.9 MiB)
[2025-10-24T12:47:23.821+0000] {spark_submit.py:492} INFO - 25/10/24 12:47:23 INFO MemoryStore: Block broadcast_8_piece0 stored as bytes in memory (estimated size 20.4 KiB, free 412.9 MiB)
[2025-10-24T12:47:23.822+0000] {spark_submit.py:492} INFO - 25/10/24 12:47:23 INFO BlockManagerInfo: Added broadcast_8_piece0 in memory on 2ef039423968:41945 (size: 20.4 KiB, free: 413.7 MiB)
[2025-10-24T12:47:23.825+0000] {spark_submit.py:492} INFO - 25/10/24 12:47:23 INFO SparkContext: Created broadcast 8 from broadcast at DAGScheduler.scala:1585
[2025-10-24T12:47:23.827+0000] {spark_submit.py:492} INFO - 25/10/24 12:47:23 INFO DAGScheduler: Submitting 1 missing tasks from ResultStage 5 (MapPartitionsRDD[22] at jdbc at NativeMethodAccessorImpl.java:0) (first 15 tasks are for partitions Vector(0))
[2025-10-24T12:47:23.828+0000] {spark_submit.py:492} INFO - 25/10/24 12:47:23 INFO TaskSchedulerImpl: Adding task set 5.0 with 1 tasks resource profile 0
[2025-10-24T12:47:23.896+0000] {spark_submit.py:492} INFO - 25/10/24 12:47:23 INFO TaskSetManager: Starting task 0.0 in stage 5.0 (TID 4) (2ef039423968, executor driver, partition 0, PROCESS_LOCAL, 8412 bytes)
[2025-10-24T12:47:23.918+0000] {spark_submit.py:492} INFO - 25/10/24 12:47:23 INFO Executor: Running task 0.0 in stage 5.0 (TID 4)
[2025-10-24T12:47:24.601+0000] {spark_submit.py:492} INFO - 25/10/24 12:47:24 INFO CodeGenerator: Code generated in 399.255283 ms
[2025-10-24T12:47:25.496+0000] {spark_submit.py:492} INFO - 25/10/24 12:47:25 INFO CodeGenerator: Code generated in 603.486151 ms
[2025-10-24T12:47:25.511+0000] {spark_submit.py:492} INFO - 25/10/24 12:47:25 INFO FileScanRDD: Reading File path: file:///opt/***/include/dfTransjakarta180kRows.csv, range: 0-44826159, partition values: [empty row]
[2025-10-24T12:47:25.916+0000] {spark_submit.py:492} INFO - 25/10/24 12:47:25 INFO CodeGenerator: Code generated in 293.451455 ms
[2025-10-24T12:47:53.973+0000] {spark_submit.py:492} INFO - 25/10/24 12:47:53 INFO Executor: Finished task 0.0 in stage 5.0 (TID 4). 1635 bytes result sent to driver
[2025-10-24T12:47:53.974+0000] {spark_submit.py:492} INFO - 25/10/24 12:47:53 INFO TaskSetManager: Finished task 0.0 in stage 5.0 (TID 4) in 30140 ms on 2ef039423968 (executor driver) (1/1)
[2025-10-24T12:47:53.976+0000] {spark_submit.py:492} INFO - 25/10/24 12:47:53 INFO TaskSchedulerImpl: Removed TaskSet 5.0, whose tasks have all completed, from pool
[2025-10-24T12:47:53.986+0000] {spark_submit.py:492} INFO - 25/10/24 12:47:53 INFO DAGScheduler: ResultStage 5 (jdbc at NativeMethodAccessorImpl.java:0) finished in 30.387 s
[2025-10-24T12:47:53.988+0000] {spark_submit.py:492} INFO - 25/10/24 12:47:53 INFO DAGScheduler: Job 4 is finished. Cancelling potential speculative or zombie tasks for this job
[2025-10-24T12:47:53.990+0000] {spark_submit.py:492} INFO - 25/10/24 12:47:53 INFO TaskSchedulerImpl: Killing all running tasks in stage 5: Stage finished
[2025-10-24T12:47:54.000+0000] {spark_submit.py:492} INFO - 25/10/24 12:47:53 INFO DAGScheduler: Job 4 finished: jdbc at NativeMethodAccessorImpl.java:0, took 27.724259 s
[2025-10-24T12:47:54.199+0000] {spark_submit.py:492} INFO - Data successfully written to staging.stg_transactions
[2025-10-24T12:47:54.204+0000] {spark_submit.py:492} INFO - 25/10/24 12:47:54 INFO SparkContext: SparkContext is stopping with exitCode 0.
[2025-10-24T12:47:54.317+0000] {spark_submit.py:492} INFO - 25/10/24 12:47:54 INFO SparkUI: Stopped Spark web UI at http://2ef039423968:4040
[2025-10-24T12:47:54.339+0000] {spark_submit.py:492} INFO - 25/10/24 12:47:54 INFO MapOutputTrackerMasterEndpoint: MapOutputTrackerMasterEndpoint stopped!
[2025-10-24T12:47:54.669+0000] {spark_submit.py:492} INFO - 25/10/24 12:47:54 INFO MemoryStore: MemoryStore cleared
[2025-10-24T12:47:54.720+0000] {spark_submit.py:492} INFO - 25/10/24 12:47:54 INFO BlockManager: BlockManager stopped
[2025-10-24T12:47:54.764+0000] {spark_submit.py:492} INFO - 25/10/24 12:47:54 INFO BlockManagerMaster: BlockManagerMaster stopped
[2025-10-24T12:47:54.813+0000] {spark_submit.py:492} INFO - 25/10/24 12:47:54 INFO OutputCommitCoordinator$OutputCommitCoordinatorEndpoint: OutputCommitCoordinator stopped!
[2025-10-24T12:47:54.868+0000] {spark_submit.py:492} INFO - 25/10/24 12:47:54 INFO SparkContext: Successfully stopped SparkContext
[2025-10-24T12:47:57.382+0000] {spark_submit.py:492} INFO - 25/10/24 12:47:57 INFO ShutdownHookManager: Shutdown hook called
[2025-10-24T12:47:57.384+0000] {spark_submit.py:492} INFO - 25/10/24 12:47:57 INFO ShutdownHookManager: Deleting directory /tmp/spark-06688f19-c082-4054-ae26-7aeba5e20261
[2025-10-24T12:47:57.761+0000] {spark_submit.py:492} INFO - 25/10/24 12:47:57 INFO ShutdownHookManager: Deleting directory /tmp/spark-ce4287d0-e93e-4173-b300-fd874ee67699/pyspark-cb81b4c5-2816-4c2d-9863-e57f1ccd4278
[2025-10-24T12:47:57.775+0000] {spark_submit.py:492} INFO - 25/10/24 12:47:57 INFO ShutdownHookManager: Deleting directory /tmp/spark-ce4287d0-e93e-4173-b300-fd874ee67699
[2025-10-24T12:47:58.888+0000] {taskinstance.py:1138} INFO - Marking task as SUCCESS. dag_id=load_csv_to_postgres, task_id=spark_load_csv_to_postgres, execution_date=20251024T124545, start_date=20251024T124549, end_date=20251024T124758
[2025-10-24T12:47:59.161+0000] {local_task_job_runner.py:234} INFO - Task exited with return code 0
[2025-10-24T12:47:59.209+0000] {taskinstance.py:3280} INFO - 0 downstream tasks scheduled from follow-on schedule check
