[2025-10-30T02:18:51.929+0000] {taskinstance.py:1956} INFO - Dependencies all met for dep_context=non-requeueable deps ti=<TaskInstance: dbt_local_pipeline.dbt_run manual__2025-10-30T02:18:41.075410+00:00 [queued]>
[2025-10-30T02:18:52.068+0000] {taskinstance.py:1956} INFO - Dependencies all met for dep_context=requeueable deps ti=<TaskInstance: dbt_local_pipeline.dbt_run manual__2025-10-30T02:18:41.075410+00:00 [queued]>
[2025-10-30T02:18:52.081+0000] {taskinstance.py:2170} INFO - Starting attempt 1 of 2
[2025-10-30T02:18:52.574+0000] {taskinstance.py:2191} INFO - Executing <Task(BashOperator): dbt_run> on 2025-10-30 02:18:41.075410+00:00
[2025-10-30T02:18:52.630+0000] {standard_task_runner.py:60} INFO - Started process 822 to run task
[2025-10-30T02:18:52.739+0000] {standard_task_runner.py:87} INFO - Running: ['***', 'tasks', 'run', 'dbt_local_pipeline', 'dbt_run', 'manual__2025-10-30T02:18:41.075410+00:00', '--job-id', '281', '--raw', '--subdir', 'DAGS_FOLDER/dbt_local_dag.py', '--cfg-path', '/tmp/tmpcakyzuxp']
[2025-10-30T02:18:52.802+0000] {standard_task_runner.py:88} INFO - Job 281: Subtask dbt_run
[2025-10-30T02:18:53.489+0000] {task_command.py:423} INFO - Running <TaskInstance: dbt_local_pipeline.dbt_run manual__2025-10-30T02:18:41.075410+00:00 [running]> on host e51a0d90683d
[2025-10-30T02:18:54.812+0000] {taskinstance.py:2480} INFO - Exporting env vars: AIRFLOW_CTX_DAG_OWNER='winardi' AIRFLOW_CTX_DAG_ID='dbt_local_pipeline' AIRFLOW_CTX_TASK_ID='dbt_run' AIRFLOW_CTX_EXECUTION_DATE='2025-10-30T02:18:41.075410+00:00' AIRFLOW_CTX_TRY_NUMBER='1' AIRFLOW_CTX_DAG_RUN_ID='manual__2025-10-30T02:18:41.075410+00:00'
[2025-10-30T02:18:54.825+0000] {subprocess.py:63} INFO - Tmp dir root location: /tmp
[2025-10-30T02:18:54.839+0000] {subprocess.py:75} INFO - Running command: ['/usr/bin/bash', '-c', '\n            cd /opt/***/include/dbt/dbt_project &&             dbt run --profiles-dir /home/***/.dbt --target dev\n        ']
[2025-10-30T02:18:54.952+0000] {subprocess.py:86} INFO - Output:
[2025-10-30T02:19:13.702+0000] {subprocess.py:93} INFO - [0m02:19:13  Running with dbt=1.9.0-b2
[2025-10-30T02:19:14.911+0000] {subprocess.py:93} INFO - [0m02:19:14  Registered adapter: postgres=1.8.2
[2025-10-30T02:19:17.399+0000] {subprocess.py:93} INFO - [0m02:19:17  Found 5 models, 14 data tests, 1 source, 423 macros
[2025-10-30T02:19:17.414+0000] {subprocess.py:93} INFO - [0m02:19:17
[2025-10-30T02:19:17.418+0000] {subprocess.py:93} INFO - [0m02:19:17  Concurrency: 1 threads (target='dev')
[2025-10-30T02:19:17.423+0000] {subprocess.py:93} INFO - [0m02:19:17
[2025-10-30T02:19:18.113+0000] {subprocess.py:93} INFO - [0m02:19:18  1 of 5 START sql table model datamart.dim_card_holder .......................... [RUN]
[2025-10-30T02:19:23.398+0000] {subprocess.py:93} INFO - [0m02:19:23  1 of 5 OK created sql table model datamart.dim_card_holder ..................... [[32mSELECT 10000[0m in 5.26s]
[2025-10-30T02:19:23.415+0000] {subprocess.py:93} INFO - [0m02:19:23  2 of 5 START sql table model datamart.dim_corridor ............................. [RUN]
