[2025-10-24T03:55:58.301+0000] {taskinstance.py:1956} INFO - Dependencies all met for dep_context=non-requeueable deps ti=<TaskInstance: load_csv_to_postgres_dag.spark_load_csv_to_postgres manual__2025-10-24T03:55:27.470402+00:00 [queued]>
[2025-10-24T03:55:58.362+0000] {taskinstance.py:1956} INFO - Dependencies all met for dep_context=requeueable deps ti=<TaskInstance: load_csv_to_postgres_dag.spark_load_csv_to_postgres manual__2025-10-24T03:55:27.470402+00:00 [queued]>
[2025-10-24T03:55:58.363+0000] {taskinstance.py:2170} INFO - Starting attempt 1 of 1
[2025-10-24T03:55:58.423+0000] {taskinstance.py:2191} INFO - Executing <Task(SparkSubmitOperator): spark_load_csv_to_postgres> on 2025-10-24 03:55:27.470402+00:00
[2025-10-24T03:55:58.434+0000] {standard_task_runner.py:60} INFO - Started process 2639 to run task
[2025-10-24T03:55:58.445+0000] {standard_task_runner.py:87} INFO - Running: ['***', 'tasks', 'run', 'load_csv_to_postgres_dag', 'spark_load_csv_to_postgres', 'manual__2025-10-24T03:55:27.470402+00:00', '--job-id', '188', '--raw', '--subdir', 'DAGS_FOLDER/dag_csv_to_postgres_dag.py', '--cfg-path', '/tmp/tmp9iniejcf']
[2025-10-24T03:55:58.452+0000] {standard_task_runner.py:88} INFO - Job 188: Subtask spark_load_csv_to_postgres
[2025-10-24T03:55:58.685+0000] {task_command.py:423} INFO - Running <TaskInstance: load_csv_to_postgres_dag.spark_load_csv_to_postgres manual__2025-10-24T03:55:27.470402+00:00 [running]> on host 2ef039423968
[2025-10-24T03:55:59.215+0000] {taskinstance.py:2480} INFO - Exporting env vars: AIRFLOW_CTX_DAG_OWNER='***' AIRFLOW_CTX_DAG_ID='load_csv_to_postgres_dag' AIRFLOW_CTX_TASK_ID='spark_load_csv_to_postgres' AIRFLOW_CTX_EXECUTION_DATE='2025-10-24T03:55:27.470402+00:00' AIRFLOW_CTX_TRY_NUMBER='1' AIRFLOW_CTX_DAG_RUN_ID='manual__2025-10-24T03:55:27.470402+00:00'
[2025-10-24T03:55:59.370+0000] {base.py:83} INFO - Using connection ID 'spark_conn' for task execution.
[2025-10-24T03:55:59.381+0000] {spark_submit.py:341} INFO - Spark-Submit cmd: spark-submit --master local --name arrow-spark --verbose /opt/***/include/scripts/load_csv_to_postgres.py
[2025-10-24T03:56:14.941+0000] {spark_submit.py:492} INFO - Using properties file: null
[2025-10-24T03:56:16.640+0000] {spark_submit.py:492} INFO - Parsed arguments:
[2025-10-24T03:56:16.644+0000] {spark_submit.py:492} INFO - master                  local
[2025-10-24T03:56:16.645+0000] {spark_submit.py:492} INFO - remote                  null
[2025-10-24T03:56:16.646+0000] {spark_submit.py:492} INFO - deployMode              null
[2025-10-24T03:56:16.648+0000] {spark_submit.py:492} INFO - executorMemory          null
[2025-10-24T03:56:16.651+0000] {spark_submit.py:492} INFO - executorCores           null
[2025-10-24T03:56:16.654+0000] {spark_submit.py:492} INFO - totalExecutorCores      null
[2025-10-24T03:56:16.736+0000] {spark_submit.py:492} INFO - propertiesFile          null
[2025-10-24T03:56:16.745+0000] {spark_submit.py:492} INFO - driverMemory            null
[2025-10-24T03:56:16.832+0000] {spark_submit.py:492} INFO - driverCores             null
[2025-10-24T03:56:16.854+0000] {spark_submit.py:492} INFO - driverExtraClassPath    null
[2025-10-24T03:56:16.855+0000] {spark_submit.py:492} INFO - driverExtraLibraryPath  null
[2025-10-24T03:56:16.856+0000] {spark_submit.py:492} INFO - driverExtraJavaOptions  null
[2025-10-24T03:56:16.857+0000] {spark_submit.py:492} INFO - supervise               false
[2025-10-24T03:56:16.858+0000] {spark_submit.py:492} INFO - queue                   null
[2025-10-24T03:56:16.859+0000] {spark_submit.py:492} INFO - numExecutors            null
[2025-10-24T03:56:16.860+0000] {spark_submit.py:492} INFO - files                   null
[2025-10-24T03:56:16.862+0000] {spark_submit.py:492} INFO - pyFiles                 null
[2025-10-24T03:56:16.863+0000] {spark_submit.py:492} INFO - archives                null
[2025-10-24T03:56:16.864+0000] {spark_submit.py:492} INFO - mainClass               null
[2025-10-24T03:56:16.864+0000] {spark_submit.py:492} INFO - primaryResource         file:/opt/***/include/scripts/load_csv_to_postgres.py
[2025-10-24T03:56:16.865+0000] {spark_submit.py:492} INFO - name                    arrow-spark
[2025-10-24T03:56:16.866+0000] {spark_submit.py:492} INFO - childArgs               []
[2025-10-24T03:56:16.867+0000] {spark_submit.py:492} INFO - jars                    null
[2025-10-24T03:56:16.868+0000] {spark_submit.py:492} INFO - packages                null
[2025-10-24T03:56:16.869+0000] {spark_submit.py:492} INFO - packagesExclusions      null
[2025-10-24T03:56:16.869+0000] {spark_submit.py:492} INFO - repositories            null
[2025-10-24T03:56:16.870+0000] {spark_submit.py:492} INFO - verbose                 true
[2025-10-24T03:56:16.871+0000] {spark_submit.py:492} INFO - 
[2025-10-24T03:56:16.872+0000] {spark_submit.py:492} INFO - Spark properties used, including those specified through
[2025-10-24T03:56:16.873+0000] {spark_submit.py:492} INFO - --conf and those from the properties file null:
[2025-10-24T03:56:16.873+0000] {spark_submit.py:492} INFO - 
[2025-10-24T03:56:16.874+0000] {spark_submit.py:492} INFO - 
[2025-10-24T03:56:16.875+0000] {spark_submit.py:492} INFO - 
[2025-10-24T03:56:23.853+0000] {spark_submit.py:492} INFO - Main class:
[2025-10-24T03:56:23.854+0000] {spark_submit.py:492} INFO - org.apache.spark.deploy.PythonRunner
[2025-10-24T03:56:23.855+0000] {spark_submit.py:492} INFO - Arguments:
[2025-10-24T03:56:23.857+0000] {spark_submit.py:492} INFO - file:/opt/***/include/scripts/load_csv_to_postgres.py
[2025-10-24T03:56:23.858+0000] {spark_submit.py:492} INFO - null
[2025-10-24T03:56:23.872+0000] {spark_submit.py:492} INFO - Spark config:
[2025-10-24T03:56:23.874+0000] {spark_submit.py:492} INFO - (spark.app.name,arrow-spark)
[2025-10-24T03:56:23.882+0000] {spark_submit.py:492} INFO - (spark.app.submitTime,1761278183639)
[2025-10-24T03:56:23.933+0000] {spark_submit.py:492} INFO - (spark.master,local)
[2025-10-24T03:56:23.950+0000] {spark_submit.py:492} INFO - (spark.submit.deployMode,client)
[2025-10-24T03:56:23.970+0000] {spark_submit.py:492} INFO - (spark.submit.pyFiles,)
[2025-10-24T03:56:24.037+0000] {spark_submit.py:492} INFO - Classpath elements:
[2025-10-24T03:56:24.045+0000] {spark_submit.py:492} INFO - 
[2025-10-24T03:56:24.056+0000] {spark_submit.py:492} INFO - 
[2025-10-24T03:56:24.069+0000] {spark_submit.py:492} INFO - 
[2025-10-24T03:56:33.632+0000] {spark_submit.py:492} INFO - 25/10/24 03:56:33 INFO SparkContext: Running Spark version 3.5.1
[2025-10-24T03:56:33.661+0000] {spark_submit.py:492} INFO - 25/10/24 03:56:33 INFO SparkContext: OS info Linux, 6.6.87.2-microsoft-standard-WSL2, amd64
[2025-10-24T03:56:33.662+0000] {spark_submit.py:492} INFO - 25/10/24 03:56:33 INFO SparkContext: Java version 17.0.16
[2025-10-24T03:56:34.170+0000] {spark_submit.py:492} INFO - 25/10/24 03:56:34 WARN NativeCodeLoader: Unable to load native-hadoop library for your platform... using builtin-java classes where applicable
[2025-10-24T03:56:34.772+0000] {spark_submit.py:492} INFO - 25/10/24 03:56:34 INFO ResourceUtils: ==============================================================
[2025-10-24T03:56:34.832+0000] {spark_submit.py:492} INFO - 25/10/24 03:56:34 INFO ResourceUtils: No custom resources configured for spark.driver.
[2025-10-24T03:56:34.785+0000] {spark_submit.py:492} INFO - 25/10/24 03:56:34 INFO ResourceUtils: ==============================================================
[2025-10-24T03:56:34.792+0000] {spark_submit.py:492} INFO - 25/10/24 03:56:34 INFO SparkContext: Submitted application: Load CSV to Postgres
[2025-10-24T03:56:37.791+0000] {spark_submit.py:492} INFO - 25/10/24 03:56:37 INFO ResourceProfile: Default ResourceProfile created, executor resources: Map(cores -> name: cores, amount: 1, script: , vendor: , memory -> name: memory, amount: 1024, script: , vendor: , offHeap -> name: offHeap, amount: 0, script: , vendor: ), task resources: Map(cpus -> name: cpus, amount: 1.0)
[2025-10-24T03:56:37.880+0000] {spark_submit.py:492} INFO - 25/10/24 03:56:37 INFO ResourceProfile: Limiting resource is cpu
[2025-10-24T03:56:37.882+0000] {spark_submit.py:492} INFO - 25/10/24 03:56:37 INFO ResourceProfileManager: Added ResourceProfile id: 0
[2025-10-24T03:56:39.167+0000] {spark_submit.py:492} INFO - 25/10/24 03:56:39 INFO SecurityManager: Changing view acls to: ***
[2025-10-24T03:56:39.169+0000] {spark_submit.py:492} INFO - 25/10/24 03:56:39 INFO SecurityManager: Changing modify acls to: ***
[2025-10-24T03:56:39.191+0000] {spark_submit.py:492} INFO - 25/10/24 03:56:39 INFO SecurityManager: Changing view acls groups to:
[2025-10-24T03:56:39.192+0000] {spark_submit.py:492} INFO - 25/10/24 03:56:39 INFO SecurityManager: Changing modify acls groups to:
[2025-10-24T03:56:39.201+0000] {spark_submit.py:492} INFO - 25/10/24 03:56:39 INFO SecurityManager: SecurityManager: authentication disabled; ui acls disabled; users with view permissions: ***; groups with view permissions: EMPTY; users with modify permissions: ***; groups with modify permissions: EMPTY
[2025-10-24T03:56:42.065+0000] {spark_submit.py:492} INFO - 25/10/24 03:56:42 INFO Utils: Successfully started service 'sparkDriver' on port 33637.
[2025-10-24T03:56:42.560+0000] {spark_submit.py:492} INFO - 25/10/24 03:56:42 INFO SparkEnv: Registering MapOutputTracker
[2025-10-24T03:56:42.912+0000] {spark_submit.py:492} INFO - 25/10/24 03:56:42 INFO SparkEnv: Registering BlockManagerMaster
[2025-10-24T03:56:43.197+0000] {spark_submit.py:492} INFO - 25/10/24 03:56:43 INFO BlockManagerMasterEndpoint: Using org.apache.spark.storage.DefaultTopologyMapper for getting topology information
[2025-10-24T03:56:43.198+0000] {spark_submit.py:492} INFO - 25/10/24 03:56:43 INFO BlockManagerMasterEndpoint: BlockManagerMasterEndpoint up
[2025-10-24T03:56:43.216+0000] {spark_submit.py:492} INFO - 25/10/24 03:56:43 INFO SparkEnv: Registering BlockManagerMasterHeartbeat
[2025-10-24T03:56:43.493+0000] {spark_submit.py:492} INFO - 25/10/24 03:56:43 INFO DiskBlockManager: Created local directory at /tmp/blockmgr-69a77a33-5217-45bc-bc63-b29143bb3859
[2025-10-24T03:56:43.521+0000] {spark_submit.py:492} INFO - 25/10/24 03:56:43 INFO MemoryStore: MemoryStore started with capacity 413.9 MiB
[2025-10-24T03:56:43.672+0000] {spark_submit.py:492} INFO - 25/10/24 03:56:43 INFO SparkEnv: Registering OutputCommitCoordinator
[2025-10-24T03:56:44.685+0000] {spark_submit.py:492} INFO - 25/10/24 03:56:44 INFO JettyUtils: Start Jetty 0.0.0.0:4040 for SparkUI
[2025-10-24T03:56:45.073+0000] {spark_submit.py:492} INFO - 25/10/24 03:56:45 INFO Utils: Successfully started service 'SparkUI' on port 4040.
[2025-10-24T03:56:45.204+0000] {spark_submit.py:492} INFO - 25/10/24 03:56:45 INFO SparkContext: Added JAR /opt/spark/jars/postgresql-42.6.0.jar at spark://2ef039423968:33637/jars/postgresql-42.6.0.jar with timestamp 1761278193372
[2025-10-24T03:56:46.023+0000] {spark_submit.py:492} INFO - 25/10/24 03:56:46 INFO Executor: Starting executor ID driver on host 2ef039423968
[2025-10-24T03:56:46.025+0000] {spark_submit.py:492} INFO - 25/10/24 03:56:46 INFO Executor: OS info Linux, 6.6.87.2-microsoft-standard-WSL2, amd64
[2025-10-24T03:56:46.027+0000] {spark_submit.py:492} INFO - 25/10/24 03:56:46 INFO Executor: Java version 17.0.16
[2025-10-24T03:56:46.069+0000] {spark_submit.py:492} INFO - 25/10/24 03:56:46 INFO Executor: Starting executor with user classpath (userClassPathFirst = false): ''
[2025-10-24T03:56:46.071+0000] {spark_submit.py:492} INFO - 25/10/24 03:56:46 INFO Executor: Created or updated repl class loader org.apache.spark.util.MutableURLClassLoader@1d5b87d6 for default.
[2025-10-24T03:56:46.120+0000] {spark_submit.py:492} INFO - 25/10/24 03:56:46 INFO Executor: Fetching spark://2ef039423968:33637/jars/postgresql-42.6.0.jar with timestamp 1761278193372
[2025-10-24T03:56:46.418+0000] {spark_submit.py:492} INFO - 25/10/24 03:56:46 INFO TransportClientFactory: Successfully created connection to 2ef039423968/172.18.0.4:33637 after 124 ms (0 ms spent in bootstraps)
[2025-10-24T03:56:46.502+0000] {spark_submit.py:492} INFO - 25/10/24 03:56:46 INFO Utils: Fetching spark://2ef039423968:33637/jars/postgresql-42.6.0.jar to /tmp/spark-eaafb0f9-300d-495e-802b-cb9a305123b5/userFiles-fb64e9ad-c2e0-4657-ab27-7a48b8645acb/fetchFileTemp8451833697335411411.tmp
[2025-10-24T03:56:46.847+0000] {spark_submit.py:492} INFO - 25/10/24 03:56:46 INFO Executor: Adding file:/tmp/spark-eaafb0f9-300d-495e-802b-cb9a305123b5/userFiles-fb64e9ad-c2e0-4657-ab27-7a48b8645acb/postgresql-42.6.0.jar to class loader default
[2025-10-24T03:56:46.871+0000] {spark_submit.py:492} INFO - 25/10/24 03:56:46 INFO Utils: Successfully started service 'org.apache.spark.network.netty.NettyBlockTransferService' on port 32821.
[2025-10-24T03:56:46.873+0000] {spark_submit.py:492} INFO - 25/10/24 03:56:46 INFO NettyBlockTransferService: Server created on 2ef039423968:32821
[2025-10-24T03:56:46.877+0000] {spark_submit.py:492} INFO - 25/10/24 03:56:46 INFO BlockManager: Using org.apache.spark.storage.RandomBlockReplicationPolicy for block replication policy
[2025-10-24T03:56:46.887+0000] {spark_submit.py:492} INFO - 25/10/24 03:56:46 INFO BlockManagerMaster: Registering BlockManager BlockManagerId(driver, 2ef039423968, 32821, None)
[2025-10-24T03:56:46.893+0000] {spark_submit.py:492} INFO - 25/10/24 03:56:46 INFO BlockManagerMasterEndpoint: Registering block manager 2ef039423968:32821 with 413.9 MiB RAM, BlockManagerId(driver, 2ef039423968, 32821, None)
[2025-10-24T03:56:46.897+0000] {spark_submit.py:492} INFO - 25/10/24 03:56:46 INFO BlockManagerMaster: Registered BlockManager BlockManagerId(driver, 2ef039423968, 32821, None)
[2025-10-24T03:56:46.899+0000] {spark_submit.py:492} INFO - 25/10/24 03:56:46 INFO BlockManager: Initialized BlockManager: BlockManagerId(driver, 2ef039423968, 32821, None)
[2025-10-24T03:56:51.385+0000] {spark_submit.py:492} INFO - 25/10/24 03:56:51 INFO SharedState: Setting hive.metastore.warehouse.dir ('null') to the value of spark.sql.warehouse.dir.
[2025-10-24T03:56:51.499+0000] {spark_submit.py:492} INFO - 25/10/24 03:56:51 INFO SharedState: Warehouse path is 'file:/opt/***/spark-warehouse'.
[2025-10-24T03:57:32.810+0000] {spark_submit.py:492} INFO - 25/10/24 03:57:32 INFO CodeGenerator: Code generated in 1591.87999 ms
[2025-10-24T03:57:34.521+0000] {spark_submit.py:492} INFO - 25/10/24 03:57:34 INFO DAGScheduler: Registering RDD 2 (count at NativeMethodAccessorImpl.java:0) as input to shuffle 0
[2025-10-24T03:57:34.603+0000] {spark_submit.py:492} INFO - 25/10/24 03:57:34 INFO DAGScheduler: Got map stage job 0 (count at NativeMethodAccessorImpl.java:0) with 1 output partitions
[2025-10-24T03:57:34.605+0000] {spark_submit.py:492} INFO - 25/10/24 03:57:34 INFO DAGScheduler: Final stage: ShuffleMapStage 0 (count at NativeMethodAccessorImpl.java:0)
[2025-10-24T03:57:34.607+0000] {spark_submit.py:492} INFO - 25/10/24 03:57:34 INFO DAGScheduler: Parents of final stage: List()
[2025-10-24T03:57:34.610+0000] {spark_submit.py:492} INFO - 25/10/24 03:57:34 INFO DAGScheduler: Missing parents: List()
[2025-10-24T03:57:34.615+0000] {spark_submit.py:492} INFO - 25/10/24 03:57:34 INFO DAGScheduler: Submitting ShuffleMapStage 0 (MapPartitionsRDD[2] at count at NativeMethodAccessorImpl.java:0), which has no missing parents
[2025-10-24T03:57:36.300+0000] {spark_submit.py:492} INFO - 25/10/24 03:57:36 INFO MemoryStore: Block broadcast_0 stored as values in memory (estimated size 13.8 KiB, free 413.9 MiB)
[2025-10-24T03:57:37.091+0000] {spark_submit.py:492} INFO - 25/10/24 03:57:37 INFO MemoryStore: Block broadcast_0_piece0 stored as bytes in memory (estimated size 7.2 KiB, free 413.9 MiB)
[2025-10-24T03:57:37.101+0000] {spark_submit.py:492} INFO - 25/10/24 03:57:37 INFO BlockManagerInfo: Added broadcast_0_piece0 in memory on 2ef039423968:32821 (size: 7.2 KiB, free: 413.9 MiB)
[2025-10-24T03:57:37.189+0000] {spark_submit.py:492} INFO - 25/10/24 03:57:37 INFO SparkContext: Created broadcast 0 from broadcast at DAGScheduler.scala:1585
[2025-10-24T03:57:37.812+0000] {spark_submit.py:492} INFO - 25/10/24 03:57:37 INFO DAGScheduler: Submitting 1 missing tasks from ShuffleMapStage 0 (MapPartitionsRDD[2] at count at NativeMethodAccessorImpl.java:0) (first 15 tasks are for partitions Vector(0))
[2025-10-24T03:57:37.823+0000] {spark_submit.py:492} INFO - 25/10/24 03:57:37 INFO TaskSchedulerImpl: Adding task set 0.0 with 1 tasks resource profile 0
[2025-10-24T03:57:38.256+0000] {spark_submit.py:492} INFO - 25/10/24 03:57:38 INFO TaskSetManager: Starting task 0.0 in stage 0.0 (TID 0) (2ef039423968, executor driver, partition 0, PROCESS_LOCAL, 7630 bytes)
[2025-10-24T03:57:38.417+0000] {spark_submit.py:492} INFO - 25/10/24 03:57:38 INFO Executor: Running task 0.0 in stage 0.0 (TID 0)
[2025-10-24T03:57:39.420+0000] {spark_submit.py:492} INFO - 25/10/24 03:57:39 INFO CodeGenerator: Code generated in 117.861788 ms
[2025-10-24T03:57:39.631+0000] {spark_submit.py:492} INFO - 25/10/24 03:57:39 INFO JDBCRDD: closed connection
[2025-10-24T03:57:40.200+0000] {spark_submit.py:492} INFO - 25/10/24 03:57:40 INFO Executor: Finished task 0.0 in stage 0.0 (TID 0). 1928 bytes result sent to driver
[2025-10-24T03:57:40.303+0000] {spark_submit.py:492} INFO - 25/10/24 03:57:40 INFO TaskSetManager: Finished task 0.0 in stage 0.0 (TID 0) in 2185 ms on 2ef039423968 (executor driver) (1/1)
[2025-10-24T03:57:40.297+0000] {spark_submit.py:492} INFO - 25/10/24 03:57:40 INFO TaskSchedulerImpl: Removed TaskSet 0.0, whose tasks have all completed, from pool
[2025-10-24T03:57:40.379+0000] {spark_submit.py:492} INFO - 25/10/24 03:57:40 INFO DAGScheduler: ShuffleMapStage 0 (count at NativeMethodAccessorImpl.java:0) finished in 5.413 s
[2025-10-24T03:57:40.386+0000] {spark_submit.py:492} INFO - 25/10/24 03:57:40 INFO DAGScheduler: looking for newly runnable stages
[2025-10-24T03:57:40.387+0000] {spark_submit.py:492} INFO - 25/10/24 03:57:40 INFO DAGScheduler: running: Set()
[2025-10-24T03:57:40.388+0000] {spark_submit.py:492} INFO - 25/10/24 03:57:40 INFO DAGScheduler: waiting: Set()
[2025-10-24T03:57:40.389+0000] {spark_submit.py:492} INFO - 25/10/24 03:57:40 INFO DAGScheduler: failed: Set()
[2025-10-24T03:57:44.090+0000] {spark_submit.py:492} INFO - 25/10/24 03:57:44 INFO CodeGenerator: Code generated in 433.313547 ms
[2025-10-24T03:57:44.829+0000] {spark_submit.py:492} INFO - 25/10/24 03:57:44 INFO SparkContext: Starting job: count at NativeMethodAccessorImpl.java:0
[2025-10-24T03:57:44.910+0000] {spark_submit.py:492} INFO - 25/10/24 03:57:44 INFO DAGScheduler: Got job 1 (count at NativeMethodAccessorImpl.java:0) with 1 output partitions
[2025-10-24T03:57:44.912+0000] {spark_submit.py:492} INFO - 25/10/24 03:57:44 INFO DAGScheduler: Final stage: ResultStage 2 (count at NativeMethodAccessorImpl.java:0)
[2025-10-24T03:57:44.921+0000] {spark_submit.py:492} INFO - 25/10/24 03:57:44 INFO DAGScheduler: Parents of final stage: List(ShuffleMapStage 1)
[2025-10-24T03:57:44.926+0000] {spark_submit.py:492} INFO - 25/10/24 03:57:44 INFO DAGScheduler: Missing parents: List()
[2025-10-24T03:57:44.938+0000] {spark_submit.py:492} INFO - 25/10/24 03:57:44 INFO DAGScheduler: Submitting ResultStage 2 (MapPartitionsRDD[5] at count at NativeMethodAccessorImpl.java:0), which has no missing parents
[2025-10-24T03:57:45.042+0000] {spark_submit.py:492} INFO - 25/10/24 03:57:45 INFO MemoryStore: Block broadcast_1 stored as values in memory (estimated size 12.5 KiB, free 413.9 MiB)
[2025-10-24T03:57:45.110+0000] {spark_submit.py:492} INFO - 25/10/24 03:57:45 INFO MemoryStore: Block broadcast_1_piece0 stored as bytes in memory (estimated size 5.9 KiB, free 413.9 MiB)
[2025-10-24T03:57:45.113+0000] {spark_submit.py:492} INFO - 25/10/24 03:57:45 INFO BlockManagerInfo: Added broadcast_1_piece0 in memory on 2ef039423968:32821 (size: 5.9 KiB, free: 413.9 MiB)
[2025-10-24T03:57:45.118+0000] {spark_submit.py:492} INFO - 25/10/24 03:57:45 INFO SparkContext: Created broadcast 1 from broadcast at DAGScheduler.scala:1585
[2025-10-24T03:57:45.129+0000] {spark_submit.py:492} INFO - 25/10/24 03:57:45 INFO DAGScheduler: Submitting 1 missing tasks from ResultStage 2 (MapPartitionsRDD[5] at count at NativeMethodAccessorImpl.java:0) (first 15 tasks are for partitions Vector(0))
[2025-10-24T03:57:45.134+0000] {spark_submit.py:492} INFO - 25/10/24 03:57:45 INFO TaskSchedulerImpl: Adding task set 2.0 with 1 tasks resource profile 0
[2025-10-24T03:57:45.213+0000] {spark_submit.py:492} INFO - 25/10/24 03:57:45 INFO TaskSetManager: Starting task 0.0 in stage 2.0 (TID 1) (2ef039423968, executor driver, partition 0, NODE_LOCAL, 7795 bytes)
[2025-10-24T03:57:45.243+0000] {spark_submit.py:492} INFO - 25/10/24 03:57:45 INFO Executor: Running task 0.0 in stage 2.0 (TID 1)
[2025-10-24T03:57:46.426+0000] {spark_submit.py:492} INFO - 25/10/24 03:57:46 INFO ShuffleBlockFetcherIterator: Getting 1 (60.0 B) non-empty blocks including 1 (60.0 B) local and 0 (0.0 B) host-local and 0 (0.0 B) push-merged-local and 0 (0.0 B) remote blocks
[2025-10-24T03:57:46.511+0000] {spark_submit.py:492} INFO - 25/10/24 03:57:46 INFO ShuffleBlockFetcherIterator: Started 0 remote fetches in 682 ms
[2025-10-24T03:57:46.639+0000] {spark_submit.py:492} INFO - 25/10/24 03:57:46 INFO CodeGenerator: Code generated in 120.494638 ms
[2025-10-24T03:57:46.728+0000] {spark_submit.py:492} INFO - 25/10/24 03:57:46 INFO Executor: Finished task 0.0 in stage 2.0 (TID 1). 4038 bytes result sent to driver
[2025-10-24T03:57:46.817+0000] {spark_submit.py:492} INFO - 25/10/24 03:57:46 INFO TaskSetManager: Finished task 0.0 in stage 2.0 (TID 1) in 1593 ms on 2ef039423968 (executor driver) (1/1)
[2025-10-24T03:57:46.818+0000] {spark_submit.py:492} INFO - 25/10/24 03:57:46 INFO TaskSchedulerImpl: Removed TaskSet 2.0, whose tasks have all completed, from pool
[2025-10-24T03:57:46.825+0000] {spark_submit.py:492} INFO - 25/10/24 03:57:46 INFO DAGScheduler: ResultStage 2 (count at NativeMethodAccessorImpl.java:0) finished in 1.790 s
[2025-10-24T03:57:46.837+0000] {spark_submit.py:492} INFO - 25/10/24 03:57:46 INFO DAGScheduler: Job 1 is finished. Cancelling potential speculative or zombie tasks for this job
[2025-10-24T03:57:46.838+0000] {spark_submit.py:492} INFO - 25/10/24 03:57:46 INFO TaskSchedulerImpl: Killing all running tasks in stage 2: Stage finished
[2025-10-24T03:57:46.845+0000] {spark_submit.py:492} INFO - 25/10/24 03:57:46 INFO DAGScheduler: Job 1 finished: count at NativeMethodAccessorImpl.java:0, took 2.012122 s
[2025-10-24T03:57:46.938+0000] {spark_submit.py:492} INFO - ✅ PostgreSQL connection successful
[2025-10-24T03:57:47.816+0000] {spark_submit.py:492} INFO - 25/10/24 03:57:47 INFO BlockManagerInfo: Removed broadcast_1_piece0 on 2ef039423968:32821 in memory (size: 5.9 KiB, free: 413.9 MiB)
[2025-10-24T03:57:51.085+0000] {spark_submit.py:492} INFO - 25/10/24 03:57:51 INFO InMemoryFileIndex: It took 366 ms to list leaf files for 1 paths.
[2025-10-24T03:57:52.517+0000] {spark_submit.py:492} INFO - 25/10/24 03:57:52 INFO BlockManagerInfo: Removed broadcast_0_piece0 on 2ef039423968:32821 in memory (size: 7.2 KiB, free: 413.9 MiB)
[2025-10-24T03:57:53.269+0000] {spark_submit.py:492} INFO - 25/10/24 03:57:53 INFO InMemoryFileIndex: It took 54 ms to list leaf files for 1 paths.
[2025-10-24T03:58:07.410+0000] {spark_submit.py:492} INFO - 25/10/24 03:58:07 INFO FileSourceStrategy: Pushed Filters:
[2025-10-24T03:58:07.414+0000] {spark_submit.py:492} INFO - 25/10/24 03:58:07 INFO FileSourceStrategy: Post-Scan Filters: (length(trim(value#8, None)) > 0)
[2025-10-24T03:58:07.933+0000] {spark_submit.py:492} INFO - 25/10/24 03:58:07 INFO CodeGenerator: Code generated in 108.316539 ms
[2025-10-24T03:58:08.134+0000] {spark_submit.py:492} INFO - 25/10/24 03:58:08 INFO MemoryStore: Block broadcast_2 stored as values in memory (estimated size 200.0 KiB, free 413.7 MiB)
[2025-10-24T03:58:08.331+0000] {spark_submit.py:492} INFO - 25/10/24 03:58:08 INFO MemoryStore: Block broadcast_2_piece0 stored as bytes in memory (estimated size 34.5 KiB, free 413.7 MiB)
[2025-10-24T03:58:08.412+0000] {spark_submit.py:492} INFO - 25/10/24 03:58:08 INFO BlockManagerInfo: Added broadcast_2_piece0 in memory on 2ef039423968:32821 (size: 34.5 KiB, free: 413.9 MiB)
[2025-10-24T03:58:08.420+0000] {spark_submit.py:492} INFO - 25/10/24 03:58:08 INFO SparkContext: Created broadcast 2 from csv at NativeMethodAccessorImpl.java:0
[2025-10-24T03:58:08.511+0000] {spark_submit.py:492} INFO - 25/10/24 03:58:08 INFO FileSourceScanExec: Planning scan with bin packing, max size: 49020463 bytes, open cost is considered as scanning 4194304 bytes.
[2025-10-24T03:58:09.030+0000] {spark_submit.py:492} INFO - 25/10/24 03:58:09 INFO SparkContext: Starting job: csv at NativeMethodAccessorImpl.java:0
[2025-10-24T03:58:09.037+0000] {spark_submit.py:492} INFO - 25/10/24 03:58:09 INFO DAGScheduler: Got job 2 (csv at NativeMethodAccessorImpl.java:0) with 1 output partitions
[2025-10-24T03:58:09.118+0000] {spark_submit.py:492} INFO - 25/10/24 03:58:09 INFO DAGScheduler: Final stage: ResultStage 3 (csv at NativeMethodAccessorImpl.java:0)
[2025-10-24T03:58:09.119+0000] {spark_submit.py:492} INFO - 25/10/24 03:58:09 INFO DAGScheduler: Parents of final stage: List()
[2025-10-24T03:58:09.122+0000] {spark_submit.py:492} INFO - 25/10/24 03:58:09 INFO DAGScheduler: Missing parents: List()
[2025-10-24T03:58:09.123+0000] {spark_submit.py:492} INFO - 25/10/24 03:58:09 INFO DAGScheduler: Submitting ResultStage 3 (MapPartitionsRDD[9] at csv at NativeMethodAccessorImpl.java:0), which has no missing parents
[2025-10-24T03:58:09.244+0000] {spark_submit.py:492} INFO - 25/10/24 03:58:09 INFO MemoryStore: Block broadcast_3 stored as values in memory (estimated size 13.5 KiB, free 413.7 MiB)
[2025-10-24T03:58:09.249+0000] {spark_submit.py:492} INFO - 25/10/24 03:58:09 INFO MemoryStore: Block broadcast_3_piece0 stored as bytes in memory (estimated size 6.4 KiB, free 413.7 MiB)
[2025-10-24T03:58:09.252+0000] {spark_submit.py:492} INFO - 25/10/24 03:58:09 INFO BlockManagerInfo: Added broadcast_3_piece0 in memory on 2ef039423968:32821 (size: 6.4 KiB, free: 413.9 MiB)
[2025-10-24T03:58:09.310+0000] {spark_submit.py:492} INFO - 25/10/24 03:58:09 INFO SparkContext: Created broadcast 3 from broadcast at DAGScheduler.scala:1585
[2025-10-24T03:58:09.314+0000] {spark_submit.py:492} INFO - 25/10/24 03:58:09 INFO DAGScheduler: Submitting 1 missing tasks from ResultStage 3 (MapPartitionsRDD[9] at csv at NativeMethodAccessorImpl.java:0) (first 15 tasks are for partitions Vector(0))
[2025-10-24T03:58:09.317+0000] {spark_submit.py:492} INFO - 25/10/24 03:58:09 INFO TaskSchedulerImpl: Adding task set 3.0 with 1 tasks resource profile 0
[2025-10-24T03:58:09.326+0000] {spark_submit.py:492} INFO - 25/10/24 03:58:09 INFO TaskSetManager: Starting task 0.0 in stage 3.0 (TID 2) (2ef039423968, executor driver, partition 0, PROCESS_LOCAL, 8412 bytes)
[2025-10-24T03:58:09.331+0000] {spark_submit.py:492} INFO - 25/10/24 03:58:09 INFO Executor: Running task 0.0 in stage 3.0 (TID 2)
[2025-10-24T03:58:09.637+0000] {spark_submit.py:492} INFO - 25/10/24 03:58:09 INFO CodeGenerator: Code generated in 69.846057 ms
[2025-10-24T03:58:09.642+0000] {spark_submit.py:492} INFO - 25/10/24 03:58:09 INFO FileScanRDD: Reading File path: file:///opt/***/include/dfTransjakarta180kRows.csv, range: 0-44826159, partition values: [empty row]
[2025-10-24T03:58:09.733+0000] {spark_submit.py:492} INFO - 25/10/24 03:58:09 INFO CodeGenerator: Code generated in 76.260798 ms
[2025-10-24T03:58:09.914+0000] {spark_submit.py:492} INFO - 25/10/24 03:58:09 INFO Executor: Finished task 0.0 in stage 3.0 (TID 2). 1786 bytes result sent to driver
[2025-10-24T03:58:09.931+0000] {spark_submit.py:492} INFO - 25/10/24 03:58:09 INFO TaskSetManager: Finished task 0.0 in stage 3.0 (TID 2) in 619 ms on 2ef039423968 (executor driver) (1/1)
[2025-10-24T03:58:09.932+0000] {spark_submit.py:492} INFO - 25/10/24 03:58:09 INFO TaskSchedulerImpl: Removed TaskSet 3.0, whose tasks have all completed, from pool
[2025-10-24T03:58:09.937+0000] {spark_submit.py:492} INFO - 25/10/24 03:58:09 INFO DAGScheduler: ResultStage 3 (csv at NativeMethodAccessorImpl.java:0) finished in 0.797 s
[2025-10-24T03:58:09.948+0000] {spark_submit.py:492} INFO - 25/10/24 03:58:09 INFO DAGScheduler: Job 2 is finished. Cancelling potential speculative or zombie tasks for this job
[2025-10-24T03:58:09.952+0000] {spark_submit.py:492} INFO - 25/10/24 03:58:09 INFO TaskSchedulerImpl: Killing all running tasks in stage 3: Stage finished
[2025-10-24T03:58:09.953+0000] {spark_submit.py:492} INFO - 25/10/24 03:58:09 INFO DAGScheduler: Job 2 finished: csv at NativeMethodAccessorImpl.java:0, took 0.914529 s
[2025-10-24T03:58:10.115+0000] {spark_submit.py:492} INFO - 25/10/24 03:58:10 INFO CodeGenerator: Code generated in 88.506822 ms
[2025-10-24T03:58:10.411+0000] {spark_submit.py:492} INFO - 25/10/24 03:58:10 INFO BlockManagerInfo: Removed broadcast_3_piece0 on 2ef039423968:32821 in memory (size: 6.4 KiB, free: 413.9 MiB)
[2025-10-24T03:58:10.515+0000] {spark_submit.py:492} INFO - 25/10/24 03:58:10 INFO FileSourceStrategy: Pushed Filters:
[2025-10-24T03:58:10.532+0000] {spark_submit.py:492} INFO - 25/10/24 03:58:10 INFO FileSourceStrategy: Post-Scan Filters:
[2025-10-24T03:58:10.611+0000] {spark_submit.py:492} INFO - 25/10/24 03:58:10 INFO MemoryStore: Block broadcast_4 stored as values in memory (estimated size 200.0 KiB, free 413.5 MiB)
[2025-10-24T03:58:10.718+0000] {spark_submit.py:492} INFO - 25/10/24 03:58:10 INFO MemoryStore: Block broadcast_4_piece0 stored as bytes in memory (estimated size 34.5 KiB, free 413.5 MiB)
[2025-10-24T03:58:10.724+0000] {spark_submit.py:492} INFO - 25/10/24 03:58:10 INFO BlockManagerInfo: Added broadcast_4_piece0 in memory on 2ef039423968:32821 (size: 34.5 KiB, free: 413.9 MiB)
[2025-10-24T03:58:10.727+0000] {spark_submit.py:492} INFO - 25/10/24 03:58:10 INFO SparkContext: Created broadcast 4 from csv at NativeMethodAccessorImpl.java:0
[2025-10-24T03:58:10.742+0000] {spark_submit.py:492} INFO - 25/10/24 03:58:10 INFO FileSourceScanExec: Planning scan with bin packing, max size: 49020463 bytes, open cost is considered as scanning 4194304 bytes.
[2025-10-24T03:58:11.241+0000] {spark_submit.py:492} INFO - 25/10/24 03:58:11 INFO SparkContext: Starting job: csv at NativeMethodAccessorImpl.java:0
[2025-10-24T03:58:11.410+0000] {spark_submit.py:492} INFO - 25/10/24 03:58:11 INFO DAGScheduler: Got job 3 (csv at NativeMethodAccessorImpl.java:0) with 1 output partitions
[2025-10-24T03:58:11.418+0000] {spark_submit.py:492} INFO - 25/10/24 03:58:11 INFO DAGScheduler: Final stage: ResultStage 4 (csv at NativeMethodAccessorImpl.java:0)
[2025-10-24T03:58:11.420+0000] {spark_submit.py:492} INFO - 25/10/24 03:58:11 INFO DAGScheduler: Parents of final stage: List()
[2025-10-24T03:58:11.421+0000] {spark_submit.py:492} INFO - 25/10/24 03:58:11 INFO DAGScheduler: Missing parents: List()
[2025-10-24T03:58:11.424+0000] {spark_submit.py:492} INFO - 25/10/24 03:58:11 INFO DAGScheduler: Submitting ResultStage 4 (MapPartitionsRDD[15] at csv at NativeMethodAccessorImpl.java:0), which has no missing parents
[2025-10-24T03:58:11.520+0000] {spark_submit.py:492} INFO - 25/10/24 03:58:11 INFO MemoryStore: Block broadcast_5 stored as values in memory (estimated size 28.0 KiB, free 413.4 MiB)
[2025-10-24T03:58:11.526+0000] {spark_submit.py:492} INFO - 25/10/24 03:58:11 INFO MemoryStore: Block broadcast_5_piece0 stored as bytes in memory (estimated size 12.9 KiB, free 413.4 MiB)
[2025-10-24T03:58:11.534+0000] {spark_submit.py:492} INFO - 25/10/24 03:58:11 INFO BlockManagerInfo: Added broadcast_5_piece0 in memory on 2ef039423968:32821 (size: 12.9 KiB, free: 413.8 MiB)
[2025-10-24T03:58:11.611+0000] {spark_submit.py:492} INFO - 25/10/24 03:58:11 INFO SparkContext: Created broadcast 5 from broadcast at DAGScheduler.scala:1585
[2025-10-24T03:58:11.612+0000] {spark_submit.py:492} INFO - 25/10/24 03:58:11 INFO DAGScheduler: Submitting 1 missing tasks from ResultStage 4 (MapPartitionsRDD[15] at csv at NativeMethodAccessorImpl.java:0) (first 15 tasks are for partitions Vector(0))
[2025-10-24T03:58:11.619+0000] {spark_submit.py:492} INFO - 25/10/24 03:58:11 INFO TaskSchedulerImpl: Adding task set 4.0 with 1 tasks resource profile 0
[2025-10-24T03:58:11.622+0000] {spark_submit.py:492} INFO - 25/10/24 03:58:11 INFO TaskSetManager: Starting task 0.0 in stage 4.0 (TID 3) (2ef039423968, executor driver, partition 0, PROCESS_LOCAL, 8412 bytes)
[2025-10-24T03:58:11.624+0000] {spark_submit.py:492} INFO - 25/10/24 03:58:11 INFO Executor: Running task 0.0 in stage 4.0 (TID 3)
[2025-10-24T03:58:12.028+0000] {spark_submit.py:492} INFO - 25/10/24 03:58:12 INFO CodeGenerator: Code generated in 113.94698 ms
[2025-10-24T03:58:12.210+0000] {spark_submit.py:492} INFO - 25/10/24 03:58:12 INFO FileScanRDD: Reading File path: file:///opt/***/include/dfTransjakarta180kRows.csv, range: 0-44826159, partition values: [empty row]
[2025-10-24T03:58:30.544+0000] {spark_submit.py:492} INFO - 25/10/24 03:58:30 INFO Executor: Finished task 0.0 in stage 4.0 (TID 3). 1908 bytes result sent to driver
[2025-10-24T03:58:30.558+0000] {spark_submit.py:492} INFO - 25/10/24 03:58:30 INFO TaskSetManager: Finished task 0.0 in stage 4.0 (TID 3) in 18931 ms on 2ef039423968 (executor driver) (1/1)
[2025-10-24T03:58:30.639+0000] {spark_submit.py:492} INFO - 25/10/24 03:58:30 INFO TaskSchedulerImpl: Removed TaskSet 4.0, whose tasks have all completed, from pool
[2025-10-24T03:58:30.658+0000] {spark_submit.py:492} INFO - 25/10/24 03:58:30 INFO DAGScheduler: ResultStage 4 (csv at NativeMethodAccessorImpl.java:0) finished in 19.211 s
[2025-10-24T03:58:30.660+0000] {spark_submit.py:492} INFO - 25/10/24 03:58:30 INFO DAGScheduler: Job 3 is finished. Cancelling potential speculative or zombie tasks for this job
[2025-10-24T03:58:30.738+0000] {spark_submit.py:492} INFO - 25/10/24 03:58:30 INFO TaskSchedulerImpl: Killing all running tasks in stage 4: Stage finished
[2025-10-24T03:58:30.743+0000] {spark_submit.py:492} INFO - 25/10/24 03:58:30 INFO DAGScheduler: Job 3 finished: csv at NativeMethodAccessorImpl.java:0, took 16.668125 s
[2025-10-24T03:58:31.243+0000] {spark_submit.py:492} INFO - ✅ CSV loaded successfully
[2025-10-24T03:58:31.849+0000] {spark_submit.py:492} INFO - 25/10/24 03:58:31 INFO FileSourceStrategy: Pushed Filters:
[2025-10-24T03:58:31.852+0000] {spark_submit.py:492} INFO - 25/10/24 03:58:31 INFO FileSourceStrategy: Post-Scan Filters:
[2025-10-24T03:58:32.247+0000] {spark_submit.py:492} INFO - 25/10/24 03:58:32 INFO CodeGenerator: Code generated in 103.807364 ms
[2025-10-24T03:58:32.260+0000] {spark_submit.py:492} INFO - 25/10/24 03:58:32 INFO MemoryStore: Block broadcast_6 stored as values in memory (estimated size 200.0 KiB, free 413.2 MiB)
[2025-10-24T03:58:32.354+0000] {spark_submit.py:492} INFO - 25/10/24 03:58:32 INFO MemoryStore: Block broadcast_6_piece0 stored as bytes in memory (estimated size 34.4 KiB, free 413.2 MiB)
[2025-10-24T03:58:32.439+0000] {spark_submit.py:492} INFO - 25/10/24 03:58:32 INFO BlockManagerInfo: Added broadcast_6_piece0 in memory on 2ef039423968:32821 (size: 34.4 KiB, free: 413.8 MiB)
[2025-10-24T03:58:32.456+0000] {spark_submit.py:492} INFO - 25/10/24 03:58:32 INFO SparkContext: Created broadcast 6 from count at NativeMethodAccessorImpl.java:0
[2025-10-24T03:58:32.562+0000] {spark_submit.py:492} INFO - 25/10/24 03:58:32 INFO FileSourceScanExec: Planning scan with bin packing, max size: 49020463 bytes, open cost is considered as scanning 4194304 bytes.
[2025-10-24T03:58:32.740+0000] {spark_submit.py:492} INFO - 25/10/24 03:58:32 INFO DAGScheduler: Registering RDD 19 (count at NativeMethodAccessorImpl.java:0) as input to shuffle 1
[2025-10-24T03:58:32.753+0000] {spark_submit.py:492} INFO - 25/10/24 03:58:32 INFO DAGScheduler: Got map stage job 4 (count at NativeMethodAccessorImpl.java:0) with 1 output partitions
[2025-10-24T03:58:32.765+0000] {spark_submit.py:492} INFO - 25/10/24 03:58:32 INFO DAGScheduler: Final stage: ShuffleMapStage 5 (count at NativeMethodAccessorImpl.java:0)
[2025-10-24T03:58:32.844+0000] {spark_submit.py:492} INFO - 25/10/24 03:58:32 INFO DAGScheduler: Parents of final stage: List()
[2025-10-24T03:58:32.857+0000] {spark_submit.py:492} INFO - 25/10/24 03:58:32 INFO DAGScheduler: Missing parents: List()
[2025-10-24T03:58:32.938+0000] {spark_submit.py:492} INFO - 25/10/24 03:58:32 INFO DAGScheduler: Submitting ShuffleMapStage 5 (MapPartitionsRDD[19] at count at NativeMethodAccessorImpl.java:0), which has no missing parents
[2025-10-24T03:58:32.952+0000] {spark_submit.py:492} INFO - 25/10/24 03:58:32 INFO MemoryStore: Block broadcast_7 stored as values in memory (estimated size 18.7 KiB, free 413.2 MiB)
[2025-10-24T03:58:32.955+0000] {spark_submit.py:492} INFO - 25/10/24 03:58:32 INFO MemoryStore: Block broadcast_7_piece0 stored as bytes in memory (estimated size 9.2 KiB, free 413.2 MiB)
[2025-10-24T03:58:33.045+0000] {spark_submit.py:492} INFO - 25/10/24 03:58:32 INFO BlockManagerInfo: Added broadcast_7_piece0 in memory on 2ef039423968:32821 (size: 9.2 KiB, free: 413.8 MiB)
[2025-10-24T03:58:33.052+0000] {spark_submit.py:492} INFO - 25/10/24 03:58:32 INFO SparkContext: Created broadcast 7 from broadcast at DAGScheduler.scala:1585
[2025-10-24T03:58:33.055+0000] {spark_submit.py:492} INFO - 25/10/24 03:58:32 INFO DAGScheduler: Submitting 1 missing tasks from ShuffleMapStage 5 (MapPartitionsRDD[19] at count at NativeMethodAccessorImpl.java:0) (first 15 tasks are for partitions Vector(0))
[2025-10-24T03:58:33.067+0000] {spark_submit.py:492} INFO - 25/10/24 03:58:32 INFO TaskSchedulerImpl: Adding task set 5.0 with 1 tasks resource profile 0
[2025-10-24T03:58:33.069+0000] {spark_submit.py:492} INFO - 25/10/24 03:58:33 INFO TaskSetManager: Starting task 0.0 in stage 5.0 (TID 4) (2ef039423968, executor driver, partition 0, PROCESS_LOCAL, 8401 bytes)
[2025-10-24T03:58:33.139+0000] {spark_submit.py:492} INFO - 25/10/24 03:58:33 INFO Executor: Running task 0.0 in stage 5.0 (TID 4)
[2025-10-24T03:58:33.362+0000] {spark_submit.py:492} INFO - 25/10/24 03:58:33 INFO CodeGenerator: Code generated in 117.127355 ms
[2025-10-24T03:58:33.448+0000] {spark_submit.py:492} INFO - 25/10/24 03:58:33 INFO FileScanRDD: Reading File path: file:///opt/***/include/dfTransjakarta180kRows.csv, range: 0-44826159, partition values: [empty row]
[2025-10-24T03:58:33.639+0000] {spark_submit.py:492} INFO - 25/10/24 03:58:33 INFO CodeGenerator: Code generated in 119.484288 ms
[2025-10-24T03:58:41.958+0000] {spark_submit.py:492} INFO - 25/10/24 03:58:41 INFO Executor: Finished task 0.0 in stage 5.0 (TID 4). 2014 bytes result sent to driver
[2025-10-24T03:58:41.969+0000] {spark_submit.py:492} INFO - 25/10/24 03:58:41 INFO TaskSetManager: Finished task 0.0 in stage 5.0 (TID 4) in 8914 ms on 2ef039423968 (executor driver) (1/1)
[2025-10-24T03:58:41.990+0000] {spark_submit.py:492} INFO - 25/10/24 03:58:41 INFO TaskSchedulerImpl: Removed TaskSet 5.0, whose tasks have all completed, from pool
[2025-10-24T03:58:41.995+0000] {spark_submit.py:492} INFO - 25/10/24 03:58:41 INFO DAGScheduler: ShuffleMapStage 5 (count at NativeMethodAccessorImpl.java:0) finished in 9.208 s
[2025-10-24T03:58:42.005+0000] {spark_submit.py:492} INFO - 25/10/24 03:58:41 INFO DAGScheduler: looking for newly runnable stages
[2025-10-24T03:58:42.039+0000] {spark_submit.py:492} INFO - 25/10/24 03:58:41 INFO DAGScheduler: running: Set()
[2025-10-24T03:58:42.047+0000] {spark_submit.py:492} INFO - 25/10/24 03:58:41 INFO DAGScheduler: waiting: Set()
[2025-10-24T03:58:42.055+0000] {spark_submit.py:492} INFO - 25/10/24 03:58:41 INFO DAGScheduler: failed: Set()
[2025-10-24T03:58:42.255+0000] {spark_submit.py:492} INFO - 25/10/24 03:58:42 INFO SparkContext: Starting job: count at NativeMethodAccessorImpl.java:0
[2025-10-24T03:58:42.266+0000] {spark_submit.py:492} INFO - 25/10/24 03:58:42 INFO DAGScheduler: Got job 5 (count at NativeMethodAccessorImpl.java:0) with 1 output partitions
[2025-10-24T03:58:42.339+0000] {spark_submit.py:492} INFO - 25/10/24 03:58:42 INFO DAGScheduler: Final stage: ResultStage 7 (count at NativeMethodAccessorImpl.java:0)
[2025-10-24T03:58:42.342+0000] {spark_submit.py:492} INFO - 25/10/24 03:58:42 INFO DAGScheduler: Parents of final stage: List(ShuffleMapStage 6)
[2025-10-24T03:58:42.351+0000] {spark_submit.py:492} INFO - 25/10/24 03:58:42 INFO DAGScheduler: Missing parents: List()
[2025-10-24T03:58:42.354+0000] {spark_submit.py:492} INFO - 25/10/24 03:58:42 INFO DAGScheduler: Submitting ResultStage 7 (MapPartitionsRDD[22] at count at NativeMethodAccessorImpl.java:0), which has no missing parents
[2025-10-24T03:58:42.362+0000] {spark_submit.py:492} INFO - 25/10/24 03:58:42 INFO MemoryStore: Block broadcast_8 stored as values in memory (estimated size 12.5 KiB, free 413.2 MiB)
[2025-10-24T03:58:42.367+0000] {spark_submit.py:492} INFO - 25/10/24 03:58:42 INFO MemoryStore: Block broadcast_8_piece0 stored as bytes in memory (estimated size 5.9 KiB, free 413.2 MiB)
[2025-10-24T03:58:42.440+0000] {spark_submit.py:492} INFO - 25/10/24 03:58:42 INFO BlockManagerInfo: Added broadcast_8_piece0 in memory on 2ef039423968:32821 (size: 5.9 KiB, free: 413.8 MiB)
[2025-10-24T03:58:42.457+0000] {spark_submit.py:492} INFO - 25/10/24 03:58:42 INFO SparkContext: Created broadcast 8 from broadcast at DAGScheduler.scala:1585
[2025-10-24T03:58:42.471+0000] {spark_submit.py:492} INFO - 25/10/24 03:58:42 INFO DAGScheduler: Submitting 1 missing tasks from ResultStage 7 (MapPartitionsRDD[22] at count at NativeMethodAccessorImpl.java:0) (first 15 tasks are for partitions Vector(0))
[2025-10-24T03:58:42.540+0000] {spark_submit.py:492} INFO - 25/10/24 03:58:42 INFO TaskSchedulerImpl: Adding task set 7.0 with 1 tasks resource profile 0
[2025-10-24T03:58:42.549+0000] {spark_submit.py:492} INFO - 25/10/24 03:58:42 INFO TaskSetManager: Starting task 0.0 in stage 7.0 (TID 5) (2ef039423968, executor driver, partition 0, NODE_LOCAL, 7795 bytes)
[2025-10-24T03:58:42.558+0000] {spark_submit.py:492} INFO - 25/10/24 03:58:42 INFO Executor: Running task 0.0 in stage 7.0 (TID 5)
[2025-10-24T03:58:42.567+0000] {spark_submit.py:492} INFO - 25/10/24 03:58:42 INFO ShuffleBlockFetcherIterator: Getting 1 (60.0 B) non-empty blocks including 1 (60.0 B) local and 0 (0.0 B) host-local and 0 (0.0 B) push-merged-local and 0 (0.0 B) remote blocks
[2025-10-24T03:58:42.638+0000] {spark_submit.py:492} INFO - 25/10/24 03:58:42 INFO ShuffleBlockFetcherIterator: Started 0 remote fetches in 12 ms
[2025-10-24T03:58:42.661+0000] {spark_submit.py:492} INFO - 25/10/24 03:58:42 INFO Executor: Finished task 0.0 in stage 7.0 (TID 5). 3995 bytes result sent to driver
[2025-10-24T03:58:42.754+0000] {spark_submit.py:492} INFO - 25/10/24 03:58:42 INFO TaskSetManager: Finished task 0.0 in stage 7.0 (TID 5) in 183 ms on 2ef039423968 (executor driver) (1/1)
[2025-10-24T03:58:42.848+0000] {spark_submit.py:492} INFO - 25/10/24 03:58:42 INFO TaskSchedulerImpl: Removed TaskSet 7.0, whose tasks have all completed, from pool
[2025-10-24T03:58:42.871+0000] {spark_submit.py:492} INFO - 25/10/24 03:58:42 INFO DAGScheduler: ResultStage 7 (count at NativeMethodAccessorImpl.java:0) finished in 0.277 s
[2025-10-24T03:58:42.873+0000] {spark_submit.py:492} INFO - 25/10/24 03:58:42 INFO DAGScheduler: Job 5 is finished. Cancelling potential speculative or zombie tasks for this job
[2025-10-24T03:58:42.943+0000] {spark_submit.py:492} INFO - 25/10/24 03:58:42 INFO TaskSchedulerImpl: Killing all running tasks in stage 7: Stage finished
[2025-10-24T03:58:42.952+0000] {spark_submit.py:492} INFO - 25/10/24 03:58:42 INFO DAGScheduler: Job 5 finished: count at NativeMethodAccessorImpl.java:0, took 0.300874 s
[2025-10-24T03:58:42.964+0000] {spark_submit.py:492} INFO - Record count: 189500
[2025-10-24T03:58:43.473+0000] {spark_submit.py:492} INFO - 25/10/24 03:58:43 INFO FileSourceStrategy: Pushed Filters:
[2025-10-24T03:58:43.474+0000] {spark_submit.py:492} INFO - 25/10/24 03:58:43 INFO FileSourceStrategy: Post-Scan Filters:
[2025-10-24T03:58:44.268+0000] {spark_submit.py:492} INFO - 25/10/24 03:58:44 INFO BlockManagerInfo: Removed broadcast_8_piece0 on 2ef039423968:32821 in memory (size: 5.9 KiB, free: 413.8 MiB)
[2025-10-24T03:58:44.367+0000] {spark_submit.py:492} INFO - 25/10/24 03:58:44 INFO CodeGenerator: Code generated in 495.938195 ms
[2025-10-24T03:58:44.439+0000] {spark_submit.py:492} INFO - 25/10/24 03:58:44 INFO MemoryStore: Block broadcast_9 stored as values in memory (estimated size 200.0 KiB, free 413.0 MiB)
[2025-10-24T03:58:44.551+0000] {spark_submit.py:492} INFO - 25/10/24 03:58:44 INFO MemoryStore: Block broadcast_9_piece0 stored as bytes in memory (estimated size 34.4 KiB, free 412.9 MiB)
[2025-10-24T03:58:44.563+0000] {spark_submit.py:492} INFO - 25/10/24 03:58:44 INFO BlockManagerInfo: Added broadcast_9_piece0 in memory on 2ef039423968:32821 (size: 34.4 KiB, free: 413.8 MiB)
[2025-10-24T03:58:44.576+0000] {spark_submit.py:492} INFO - 25/10/24 03:58:44 INFO SparkContext: Created broadcast 9 from showString at NativeMethodAccessorImpl.java:0
[2025-10-24T03:58:44.641+0000] {spark_submit.py:492} INFO - 25/10/24 03:58:44 INFO FileSourceScanExec: Planning scan with bin packing, max size: 49020463 bytes, open cost is considered as scanning 4194304 bytes.
[2025-10-24T03:58:44.664+0000] {spark_submit.py:492} INFO - 25/10/24 03:58:44 INFO SparkContext: Starting job: showString at NativeMethodAccessorImpl.java:0
[2025-10-24T03:58:44.668+0000] {spark_submit.py:492} INFO - 25/10/24 03:58:44 INFO DAGScheduler: Got job 6 (showString at NativeMethodAccessorImpl.java:0) with 1 output partitions
[2025-10-24T03:58:44.669+0000] {spark_submit.py:492} INFO - 25/10/24 03:58:44 INFO DAGScheduler: Final stage: ResultStage 8 (showString at NativeMethodAccessorImpl.java:0)
[2025-10-24T03:58:44.738+0000] {spark_submit.py:492} INFO - 25/10/24 03:58:44 INFO DAGScheduler: Parents of final stage: List()
[2025-10-24T03:58:44.745+0000] {spark_submit.py:492} INFO - 25/10/24 03:58:44 INFO DAGScheduler: Missing parents: List()
[2025-10-24T03:58:44.748+0000] {spark_submit.py:492} INFO - 25/10/24 03:58:44 INFO DAGScheduler: Submitting ResultStage 8 (MapPartitionsRDD[26] at showString at NativeMethodAccessorImpl.java:0), which has no missing parents
[2025-10-24T03:58:44.749+0000] {spark_submit.py:492} INFO - 25/10/24 03:58:44 INFO MemoryStore: Block broadcast_10 stored as values in memory (estimated size 26.5 KiB, free 412.9 MiB)
[2025-10-24T03:58:44.750+0000] {spark_submit.py:492} INFO - 25/10/24 03:58:44 INFO MemoryStore: Block broadcast_10_piece0 stored as bytes in memory (estimated size 10.1 KiB, free 412.9 MiB)
[2025-10-24T03:58:44.759+0000] {spark_submit.py:492} INFO - 25/10/24 03:58:44 INFO BlockManagerInfo: Added broadcast_10_piece0 in memory on 2ef039423968:32821 (size: 10.1 KiB, free: 413.8 MiB)
[2025-10-24T03:58:44.761+0000] {spark_submit.py:492} INFO - 25/10/24 03:58:44 INFO SparkContext: Created broadcast 10 from broadcast at DAGScheduler.scala:1585
[2025-10-24T03:58:44.763+0000] {spark_submit.py:492} INFO - 25/10/24 03:58:44 INFO DAGScheduler: Submitting 1 missing tasks from ResultStage 8 (MapPartitionsRDD[26] at showString at NativeMethodAccessorImpl.java:0) (first 15 tasks are for partitions Vector(0))
[2025-10-24T03:58:44.764+0000] {spark_submit.py:492} INFO - 25/10/24 03:58:44 INFO TaskSchedulerImpl: Adding task set 8.0 with 1 tasks resource profile 0
[2025-10-24T03:58:44.772+0000] {spark_submit.py:492} INFO - 25/10/24 03:58:44 INFO TaskSetManager: Starting task 0.0 in stage 8.0 (TID 6) (2ef039423968, executor driver, partition 0, PROCESS_LOCAL, 8412 bytes)
[2025-10-24T03:58:44.839+0000] {spark_submit.py:492} INFO - 25/10/24 03:58:44 INFO Executor: Running task 0.0 in stage 8.0 (TID 6)
[2025-10-24T03:58:44.965+0000] {spark_submit.py:492} INFO - 25/10/24 03:58:44 INFO CodeGenerator: Code generated in 119.765339 ms
[2025-10-24T03:58:45.040+0000] {spark_submit.py:492} INFO - 25/10/24 03:58:45 INFO FileScanRDD: Reading File path: file:///opt/***/include/dfTransjakarta180kRows.csv, range: 0-44826159, partition values: [empty row]
[2025-10-24T03:58:45.274+0000] {spark_submit.py:492} INFO - 25/10/24 03:58:45 INFO CodeGenerator: Code generated in 206.806777 ms
[2025-10-24T03:58:45.454+0000] {spark_submit.py:492} INFO - 25/10/24 03:58:45 INFO Executor: Finished task 0.0 in stage 8.0 (TID 6). 3577 bytes result sent to driver
[2025-10-24T03:58:45.458+0000] {spark_submit.py:492} INFO - 25/10/24 03:58:45 INFO TaskSetManager: Finished task 0.0 in stage 8.0 (TID 6) in 687 ms on 2ef039423968 (executor driver) (1/1)
[2025-10-24T03:58:45.464+0000] {spark_submit.py:492} INFO - 25/10/24 03:58:45 INFO TaskSchedulerImpl: Removed TaskSet 8.0, whose tasks have all completed, from pool
[2025-10-24T03:58:45.467+0000] {spark_submit.py:492} INFO - 25/10/24 03:58:45 INFO DAGScheduler: ResultStage 8 (showString at NativeMethodAccessorImpl.java:0) finished in 0.787 s
[2025-10-24T03:58:45.469+0000] {spark_submit.py:492} INFO - 25/10/24 03:58:45 INFO DAGScheduler: Job 6 is finished. Cancelling potential speculative or zombie tasks for this job
[2025-10-24T03:58:45.471+0000] {spark_submit.py:492} INFO - 25/10/24 03:58:45 INFO TaskSchedulerImpl: Killing all running tasks in stage 8: Stage finished
[2025-10-24T03:58:45.538+0000] {spark_submit.py:492} INFO - 25/10/24 03:58:45 INFO DAGScheduler: Job 6 finished: showString at NativeMethodAccessorImpl.java:0, took 0.799289 s
[2025-10-24T03:58:45.565+0000] {spark_submit.py:492} INFO - 25/10/24 03:58:45 INFO BlockManagerInfo: Removed broadcast_10_piece0 on 2ef039423968:32821 in memory (size: 10.1 KiB, free: 413.8 MiB)
[2025-10-24T03:58:45.756+0000] {spark_submit.py:492} INFO - 25/10/24 03:58:45 INFO CodeGenerator: Code generated in 194.171811 ms
[2025-10-24T03:58:45.734+0000] {spark_submit.py:492} INFO - +--------------+----------------+-----------+--------------------+----------+----------------+----------+--------------------+---------+----------+--------------------+-------------+-------------+------------+-------------------+-----------+--------------------+--------------+--------------+----------+-------------------+---------+
[2025-10-24T03:58:45.735+0000] {spark_submit.py:492} INFO - |       transID|       payCardID|payCardBank|         payCardName|payCardSex|payCardBirthDate|corridorID|        corridorName|direction|tapInStops|      tapInStopsName|tapInStopsLat|tapInStopsLon|stopStartSeq|          tapInTime|tapOutStops|     tapOutStopsName|tapOutStopsLat|tapOutStopsLon|stopEndSeq|         tapOutTime|payAmount|
[2025-10-24T03:58:45.736+0000] {spark_submit.py:492} INFO - +--------------+----------------+-----------+--------------------+----------+----------------+----------+--------------------+---------+----------+--------------------+-------------+-------------+------------+-------------------+-----------+--------------------+--------------+--------------+----------+-------------------+---------+
[2025-10-24T03:58:45.737+0000] {spark_submit.py:492} INFO - |VRPJ892P3M98RA|3561407960318444|        dki|Dr. Janet Nashiru...|         M|            2010|         4|Pulo Gadung 2 - T...|      1.0|    P00167|   Pemuda Rawamangun|    -6.193488|    106.89165|          12|2023-04-03 06:53:02|     P00127|               Layur|     -6.193539|     106.89909|      13.0|2023-04-03 07:13:28|   3500.0|
[2025-10-24T03:58:45.737+0000] {spark_submit.py:492} INFO - |ZWCH834I6M26HS| 347728053419394|     emoney|   Balamantri Rahayu|         M|            2002|    JAK.28|Kp. Rambutan - Ta...|      1.0|   B04633P|Sekolah Islam PB ...|    -6.314293|    106.86298|          27|2023-04-03 05:59:19|    B00865P|       Jln. Ar Ridho|     -6.308148|     106.86935|      30.0|2023-04-03 06:57:06|      0.0|
[2025-10-24T03:58:45.738+0000] {spark_submit.py:492} INFO - |YRLD835V6L82GO| 377105453850671|     emoney|        Dian Mustofa|         F|            1993|       B13|Bekasi Barat - Bl...|      1.0|   B02192P|   Mall Metropolitan|    -6.247861|    106.99215|           6|2023-04-03 05:13:24|    B00108P|Bandar Djakarta B...|     -6.227085|     106.99683|       9.0|2023-04-03 06:01:23|  20000.0|
[2025-10-24T03:58:45.739+0000] {spark_submit.py:492} INFO - |ZZBX143N6N83HQ|4486493302356581|        dki|Cut Janet Suryatm...|         M|            1980|        8K|   Batusari - Grogol|      1.0|   B03637P|Sbr. Jln. Angsana...|    -6.194813|    106.78213|          16|2023-04-03 05:20:24|       NULL|Yayasan Alkahfi J...|     -6.198896|     106.76889|      26.0|2023-04-03 06:01:25|   3500.0|
[2025-10-24T03:58:45.740+0000] {spark_submit.py:492} INFO - |EWEG491A2W45DR|  30139379978125|        bni|dr. Mulyanto Pudj...|         F|            1997|      NULL|                NULL|      0.0|      NULL|         BRI Menteng|    -6.186792|    106.83514|           2|2023-04-03 06:00:54|    B02755P|Perpustakaan Nasi...|     -6.180673|     106.82643|       5.0|2023-04-03 06:47:32|   3500.0|
[2025-10-24T03:58:45.741+0000] {spark_submit.py:492} INFO - +--------------+----------------+-----------+--------------------+----------+----------------+----------+--------------------+---------+----------+--------------------+-------------+-------------+------------+-------------------+-----------+--------------------+--------------+--------------+----------+-------------------+---------+
[2025-10-24T03:58:45.742+0000] {spark_submit.py:492} INFO - only showing top 5 rows
[2025-10-24T03:58:45.742+0000] {spark_submit.py:492} INFO - 
[2025-10-24T03:58:51.365+0000] {spark_submit.py:492} INFO - Schema after transformation:
[2025-10-24T03:58:51.382+0000] {spark_submit.py:492} INFO - root
[2025-10-24T03:58:51.411+0000] {spark_submit.py:492} INFO - |-- transID: string (nullable = true)
[2025-10-24T03:58:51.465+0000] {spark_submit.py:492} INFO - |-- payCardID: long (nullable = true)
[2025-10-24T03:58:51.468+0000] {spark_submit.py:492} INFO - |-- payCardBank: string (nullable = true)
[2025-10-24T03:58:51.473+0000] {spark_submit.py:492} INFO - |-- payCardName: string (nullable = true)
[2025-10-24T03:58:51.474+0000] {spark_submit.py:492} INFO - |-- payCardSex: string (nullable = true)
[2025-10-24T03:58:51.475+0000] {spark_submit.py:492} INFO - |-- payCardBirthDate: integer (nullable = true)
[2025-10-24T03:58:51.477+0000] {spark_submit.py:492} INFO - |-- corridorID: string (nullable = true)
[2025-10-24T03:58:51.478+0000] {spark_submit.py:492} INFO - |-- corridorName: string (nullable = true)
[2025-10-24T03:58:51.479+0000] {spark_submit.py:492} INFO - |-- direction: integer (nullable = true)
[2025-10-24T03:58:51.479+0000] {spark_submit.py:492} INFO - |-- tapInStops: string (nullable = true)
[2025-10-24T03:58:51.480+0000] {spark_submit.py:492} INFO - |-- tapInStopsName: string (nullable = true)
[2025-10-24T03:58:51.481+0000] {spark_submit.py:492} INFO - |-- tapInStopsLat: double (nullable = true)
[2025-10-24T03:58:51.482+0000] {spark_submit.py:492} INFO - |-- tapInStopsLon: double (nullable = true)
[2025-10-24T03:58:51.482+0000] {spark_submit.py:492} INFO - |-- stopStartSeq: integer (nullable = true)
[2025-10-24T03:58:51.483+0000] {spark_submit.py:492} INFO - |-- tapInTime: timestamp (nullable = true)
[2025-10-24T03:58:51.484+0000] {spark_submit.py:492} INFO - |-- tapOutStops: string (nullable = true)
[2025-10-24T03:58:51.485+0000] {spark_submit.py:492} INFO - |-- tapOutStopsName: string (nullable = true)
[2025-10-24T03:58:51.486+0000] {spark_submit.py:492} INFO - |-- tapOutStopsLat: double (nullable = true)
[2025-10-24T03:58:51.487+0000] {spark_submit.py:492} INFO - |-- tapOutStopsLon: double (nullable = true)
[2025-10-24T03:58:51.488+0000] {spark_submit.py:492} INFO - |-- stopEndSeq: integer (nullable = true)
[2025-10-24T03:58:51.489+0000] {spark_submit.py:492} INFO - |-- tapOutTime: timestamp (nullable = true)
[2025-10-24T03:58:51.489+0000] {spark_submit.py:492} INFO - |-- payAmount: double (nullable = true)
[2025-10-24T03:58:51.490+0000] {spark_submit.py:492} INFO - |-- load_timestamp: timestamp (nullable = false)
[2025-10-24T03:58:51.491+0000] {spark_submit.py:492} INFO - 
[2025-10-24T03:58:52.577+0000] {spark_submit.py:492} INFO - ❌ Error:
[2025-10-24T03:58:52.593+0000] {spark_submit.py:492} INFO - [PARSE_SYNTAX_ERROR] Syntax error at or near 'PRECISION'.(line 1, pos 223)
[2025-10-24T03:58:52.599+0000] {spark_submit.py:492} INFO - 
[2025-10-24T03:58:52.604+0000] {spark_submit.py:492} INFO - == SQL ==
[2025-10-24T03:58:52.608+0000] {spark_submit.py:492} INFO - transID TEXT, payCardID TEXT, payCardBank TEXT, payCardName TEXT, payCardSex TEXT, payCardBirthDate INTEGER, corridorID TEXT, corridorName TEXT, direction INTEGER, tapInStops TEXT, tapInStopsName TEXT, tapInStopsLat DOUBLE PRECISION, tapInStopsLon DOUBLE PRECISION, stopStartSeq INTEGER, tapInTime TIMESTAMP, tapOutStops TEXT, tapOutStopsName TEXT, tapOutStopsLat DOUBLE PRECISION, tapOutStopsLon DOUBLE PRECISION, stopEndSeq INTEGER, tapOutTime TIMESTAMP, payAmount DOUBLE PRECISION, load_timestamp TIMESTAMP
[2025-10-24T03:58:52.618+0000] {spark_submit.py:492} INFO - -------------------------------------------------------------------------------------------------------------------------------------------------------------------------------------------------------------------------------^^^
[2025-10-24T03:58:52.625+0000] {spark_submit.py:492} INFO - 
[2025-10-24T03:58:52.665+0000] {spark_submit.py:492} INFO - Traceback (most recent call last):
[2025-10-24T03:58:52.670+0000] {spark_submit.py:492} INFO - File "/opt/***/include/scripts/load_csv_to_postgres.py", line 78, in main
[2025-10-24T03:58:52.675+0000] {spark_submit.py:492} INFO - df_transformed.write \
[2025-10-24T03:58:52.678+0000] {spark_submit.py:492} INFO - File "/opt/spark/python/lib/pyspark.zip/pyspark/sql/readwriter.py", line 1984, in jdbc
[2025-10-24T03:58:52.680+0000] {spark_submit.py:492} INFO - self.mode(mode)._jwrite.jdbc(url, table, jprop)
[2025-10-24T03:58:52.682+0000] {spark_submit.py:492} INFO - File "/opt/spark/python/lib/py4j-0.10.9.7-src.zip/py4j/java_gateway.py", line 1322, in __call__
[2025-10-24T03:58:52.683+0000] {spark_submit.py:492} INFO - return_value = get_return_value(
[2025-10-24T03:58:52.684+0000] {spark_submit.py:492} INFO - File "/opt/spark/python/lib/pyspark.zip/pyspark/errors/exceptions/captured.py", line 185, in deco
[2025-10-24T03:58:52.686+0000] {spark_submit.py:492} INFO - raise converted from None
[2025-10-24T03:58:52.688+0000] {spark_submit.py:492} INFO - pyspark.errors.exceptions.captured.ParseException:
[2025-10-24T03:58:52.689+0000] {spark_submit.py:492} INFO - [PARSE_SYNTAX_ERROR] Syntax error at or near 'PRECISION'.(line 1, pos 223)
[2025-10-24T03:58:52.690+0000] {spark_submit.py:492} INFO - 
[2025-10-24T03:58:52.691+0000] {spark_submit.py:492} INFO - == SQL ==
[2025-10-24T03:58:52.704+0000] {spark_submit.py:492} INFO - transID TEXT, payCardID TEXT, payCardBank TEXT, payCardName TEXT, payCardSex TEXT, payCardBirthDate INTEGER, corridorID TEXT, corridorName TEXT, direction INTEGER, tapInStops TEXT, tapInStopsName TEXT, tapInStopsLat DOUBLE PRECISION, tapInStopsLon DOUBLE PRECISION, stopStartSeq INTEGER, tapInTime TIMESTAMP, tapOutStops TEXT, tapOutStopsName TEXT, tapOutStopsLat DOUBLE PRECISION, tapOutStopsLon DOUBLE PRECISION, stopEndSeq INTEGER, tapOutTime TIMESTAMP, payAmount DOUBLE PRECISION, load_timestamp TIMESTAMP
[2025-10-24T03:58:52.705+0000] {spark_submit.py:492} INFO - -------------------------------------------------------------------------------------------------------------------------------------------------------------------------------------------------------------------------------^^^
[2025-10-24T03:58:52.707+0000] {spark_submit.py:492} INFO - 
[2025-10-24T03:58:52.708+0000] {spark_submit.py:492} INFO - 25/10/24 03:58:52 INFO SparkContext: SparkContext is stopping with exitCode 0.
[2025-10-24T03:58:52.720+0000] {spark_submit.py:492} INFO - 25/10/24 03:58:52 INFO SparkUI: Stopped Spark web UI at http://2ef039423968:4040
[2025-10-24T03:58:52.817+0000] {spark_submit.py:492} INFO - 25/10/24 03:58:52 INFO MapOutputTrackerMasterEndpoint: MapOutputTrackerMasterEndpoint stopped!
[2025-10-24T03:58:52.977+0000] {spark_submit.py:492} INFO - 25/10/24 03:58:52 INFO MemoryStore: MemoryStore cleared
[2025-10-24T03:58:52.982+0000] {spark_submit.py:492} INFO - 25/10/24 03:58:52 INFO BlockManager: BlockManager stopped
[2025-10-24T03:58:52.991+0000] {spark_submit.py:492} INFO - 25/10/24 03:58:52 INFO BlockManagerMaster: BlockManagerMaster stopped
[2025-10-24T03:58:53.000+0000] {spark_submit.py:492} INFO - 25/10/24 03:58:52 INFO OutputCommitCoordinator$OutputCommitCoordinatorEndpoint: OutputCommitCoordinator stopped!
[2025-10-24T03:58:53.110+0000] {spark_submit.py:492} INFO - 25/10/24 03:58:53 INFO SparkContext: Successfully stopped SparkContext
[2025-10-24T03:58:53.608+0000] {spark_submit.py:492} INFO - 25/10/24 03:58:53 INFO ShutdownHookManager: Shutdown hook called
[2025-10-24T03:58:53.609+0000] {spark_submit.py:492} INFO - 25/10/24 03:58:53 INFO ShutdownHookManager: Deleting directory /tmp/spark-eaafb0f9-300d-495e-802b-cb9a305123b5/pyspark-349f0bc2-6948-4c80-a65d-68e4fd4a397a
[2025-10-24T03:58:53.668+0000] {spark_submit.py:492} INFO - 25/10/24 03:58:53 INFO ShutdownHookManager: Deleting directory /tmp/spark-895f2bb2-5c8a-4fe4-a08f-31486e1d5ceb
[2025-10-24T03:58:53.765+0000] {spark_submit.py:492} INFO - 25/10/24 03:58:53 INFO ShutdownHookManager: Deleting directory /tmp/spark-eaafb0f9-300d-495e-802b-cb9a305123b5
[2025-10-24T03:58:53.996+0000] {taskinstance.py:1138} INFO - Marking task as SUCCESS. dag_id=load_csv_to_postgres_dag, task_id=spark_load_csv_to_postgres, execution_date=20251024T035527, start_date=20251024T035558, end_date=20251024T035853
[2025-10-24T03:58:54.206+0000] {local_task_job_runner.py:234} INFO - Task exited with return code 0
[2025-10-24T03:58:54.365+0000] {taskinstance.py:3280} INFO - 0 downstream tasks scheduled from follow-on schedule check
