[2025-10-24T02:04:35.512+0000] {taskinstance.py:1956} INFO - Dependencies all met for dep_context=non-requeueable deps ti=<TaskInstance: etl_csv_to_postgres.spark_load_csv_to_postgres manual__2025-10-24T01:48:49.071935+00:00 [queued]>
[2025-10-24T02:04:35.965+0000] {taskinstance.py:1956} INFO - Dependencies all met for dep_context=requeueable deps ti=<TaskInstance: etl_csv_to_postgres.spark_load_csv_to_postgres manual__2025-10-24T01:48:49.071935+00:00 [queued]>
[2025-10-24T02:04:35.971+0000] {taskinstance.py:2170} INFO - Starting attempt 1 of 2
[2025-10-24T02:04:36.302+0000] {taskinstance.py:2191} INFO - Executing <Task(SparkSubmitOperator): spark_load_csv_to_postgres> on 2025-10-24 01:48:49.071935+00:00
[2025-10-24T02:04:36.679+0000] {standard_task_runner.py:60} INFO - Started process 73 to run task
[2025-10-24T02:04:36.696+0000] {standard_task_runner.py:87} INFO - Running: ['***', 'tasks', 'run', 'etl_csv_to_postgres', 'spark_load_csv_to_postgres', 'manual__2025-10-24T01:48:49.071935+00:00', '--job-id', '178', '--raw', '--subdir', 'DAGS_FOLDER/dag_csv_to_postgres_dag.py', '--cfg-path', '/tmp/tmpd9a74zg4']
[2025-10-24T02:04:36.767+0000] {standard_task_runner.py:88} INFO - Job 178: Subtask spark_load_csv_to_postgres
[2025-10-24T02:04:40.897+0000] {task_command.py:423} INFO - Running <TaskInstance: etl_csv_to_postgres.spark_load_csv_to_postgres manual__2025-10-24T01:48:49.071935+00:00 [running]> on host 2ef039423968
[2025-10-24T02:04:48.689+0000] {taskinstance.py:2480} INFO - Exporting env vars: AIRFLOW_CTX_DAG_OWNER='winardi' AIRFLOW_CTX_DAG_ID='etl_csv_to_postgres' AIRFLOW_CTX_TASK_ID='spark_load_csv_to_postgres' AIRFLOW_CTX_EXECUTION_DATE='2025-10-24T01:48:49.071935+00:00' AIRFLOW_CTX_TRY_NUMBER='1' AIRFLOW_CTX_DAG_RUN_ID='manual__2025-10-24T01:48:49.071935+00:00'
[2025-10-24T02:04:49.447+0000] {base.py:83} INFO - Using connection ID 'spark_conn' for task execution.
[2025-10-24T02:04:49.534+0000] {spark_submit.py:341} INFO - Spark-Submit cmd: spark-submit --master local --conf spark.master=local[*] --name spark_load_csv_to_postgres --verbose /opt/***/include/scripts/load_csv_to_postgres.py
[2025-10-24T02:06:10.966+0000] {spark_submit.py:492} INFO - Using properties file: null
[2025-10-24T02:06:13.075+0000] {spark_submit.py:492} INFO - Parsed arguments:
[2025-10-24T02:06:13.081+0000] {spark_submit.py:492} INFO - master                  local
[2025-10-24T02:06:13.157+0000] {spark_submit.py:492} INFO - remote                  null
[2025-10-24T02:06:13.184+0000] {spark_submit.py:492} INFO - deployMode              null
[2025-10-24T02:06:13.186+0000] {spark_submit.py:492} INFO - executorMemory          null
[2025-10-24T02:06:13.257+0000] {spark_submit.py:492} INFO - executorCores           null
[2025-10-24T02:06:13.271+0000] {spark_submit.py:492} INFO - totalExecutorCores      null
[2025-10-24T02:06:13.380+0000] {spark_submit.py:492} INFO - propertiesFile          null
[2025-10-24T02:06:13.411+0000] {spark_submit.py:492} INFO - driverMemory            null
[2025-10-24T02:06:13.414+0000] {spark_submit.py:492} INFO - driverCores             null
[2025-10-24T02:06:13.429+0000] {spark_submit.py:492} INFO - driverExtraClassPath    null
[2025-10-24T02:06:13.457+0000] {spark_submit.py:492} INFO - driverExtraLibraryPath  null
[2025-10-24T02:06:13.557+0000] {spark_submit.py:492} INFO - driverExtraJavaOptions  null
[2025-10-24T02:06:13.572+0000] {spark_submit.py:492} INFO - supervise               false
[2025-10-24T02:06:13.576+0000] {spark_submit.py:492} INFO - queue                   null
[2025-10-24T02:06:13.587+0000] {spark_submit.py:492} INFO - numExecutors            null
[2025-10-24T02:06:13.657+0000] {spark_submit.py:492} INFO - files                   null
[2025-10-24T02:06:13.705+0000] {spark_submit.py:492} INFO - pyFiles                 null
[2025-10-24T02:06:13.717+0000] {spark_submit.py:492} INFO - archives                null
[2025-10-24T02:06:13.720+0000] {spark_submit.py:492} INFO - mainClass               null
[2025-10-24T02:06:13.728+0000] {spark_submit.py:492} INFO - primaryResource         file:/opt/***/include/scripts/load_csv_to_postgres.py
[2025-10-24T02:06:13.757+0000] {spark_submit.py:492} INFO - name                    spark_load_csv_to_postgres
[2025-10-24T02:06:13.774+0000] {spark_submit.py:492} INFO - childArgs               []
[2025-10-24T02:06:13.793+0000] {spark_submit.py:492} INFO - jars                    null
[2025-10-24T02:06:13.798+0000] {spark_submit.py:492} INFO - packages                null
[2025-10-24T02:06:13.857+0000] {spark_submit.py:492} INFO - packagesExclusions      null
[2025-10-24T02:06:13.874+0000] {spark_submit.py:492} INFO - repositories            null
[2025-10-24T02:06:13.876+0000] {spark_submit.py:492} INFO - verbose                 true
[2025-10-24T02:06:13.880+0000] {spark_submit.py:492} INFO - 
[2025-10-24T02:06:13.885+0000] {spark_submit.py:492} INFO - Spark properties used, including those specified through
[2025-10-24T02:06:13.890+0000] {spark_submit.py:492} INFO - --conf and those from the properties file null:
[2025-10-24T02:06:13.892+0000] {spark_submit.py:492} INFO - (spark.master,local[*])
[2025-10-24T02:06:13.895+0000] {spark_submit.py:492} INFO - 
[2025-10-24T02:06:13.957+0000] {spark_submit.py:492} INFO - 
[2025-10-24T02:06:19.715+0000] {spark_submit.py:492} INFO - Main class:
[2025-10-24T02:06:19.719+0000] {spark_submit.py:492} INFO - org.apache.spark.deploy.PythonRunner
[2025-10-24T02:06:19.720+0000] {spark_submit.py:492} INFO - Arguments:
[2025-10-24T02:06:19.721+0000] {spark_submit.py:492} INFO - file:/opt/***/include/scripts/load_csv_to_postgres.py
[2025-10-24T02:06:19.722+0000] {spark_submit.py:492} INFO - null
[2025-10-24T02:06:19.724+0000] {spark_submit.py:492} INFO - Spark config:
[2025-10-24T02:06:19.728+0000] {spark_submit.py:492} INFO - (spark.app.name,spark_load_csv_to_postgres)
[2025-10-24T02:06:19.731+0000] {spark_submit.py:492} INFO - (spark.app.submitTime,1761271579289)
[2025-10-24T02:06:19.733+0000] {spark_submit.py:492} INFO - (spark.master,local)
[2025-10-24T02:06:19.735+0000] {spark_submit.py:492} INFO - (spark.submit.deployMode,client)
[2025-10-24T02:06:19.736+0000] {spark_submit.py:492} INFO - (spark.submit.pyFiles,)
[2025-10-24T02:06:19.736+0000] {spark_submit.py:492} INFO - Classpath elements:
[2025-10-24T02:06:19.737+0000] {spark_submit.py:492} INFO - 
[2025-10-24T02:06:19.738+0000] {spark_submit.py:492} INFO - 
[2025-10-24T02:06:19.739+0000] {spark_submit.py:492} INFO - 
[2025-10-24T02:06:44.328+0000] {spark_submit.py:492} INFO - [[34m2025-10-24T02:06:44.326+0000[0m] {[34mbase.py:[0m83} INFO[0m - Using connection ID 'pg_conn' for task execution.[0m
[2025-10-24T02:06:45.140+0000] {spark_submit.py:492} INFO - 25/10/24 02:06:45 INFO SparkContext: Running Spark version 3.5.1
[2025-10-24T02:06:45.145+0000] {spark_submit.py:492} INFO - 25/10/24 02:06:45 INFO SparkContext: OS info Linux, 6.6.87.2-microsoft-standard-WSL2, amd64
[2025-10-24T02:06:45.146+0000] {spark_submit.py:492} INFO - 25/10/24 02:06:45 INFO SparkContext: Java version 17.0.16
[2025-10-24T02:06:46.601+0000] {spark_submit.py:492} INFO - 25/10/24 02:06:46 WARN NativeCodeLoader: Unable to load native-hadoop library for your platform... using builtin-java classes where applicable
[2025-10-24T02:06:47.696+0000] {spark_submit.py:492} INFO - 25/10/24 02:06:47 INFO ResourceUtils: ==============================================================
[2025-10-24T02:06:47.697+0000] {spark_submit.py:492} INFO - 25/10/24 02:06:47 INFO ResourceUtils: No custom resources configured for spark.driver.
[2025-10-24T02:06:47.704+0000] {spark_submit.py:492} INFO - 25/10/24 02:06:47 INFO ResourceUtils: ==============================================================
[2025-10-24T02:06:47.705+0000] {spark_submit.py:492} INFO - 25/10/24 02:06:47 INFO SparkContext: Submitted application: Load CSV to Postgres
[2025-10-24T02:06:48.031+0000] {spark_submit.py:492} INFO - 25/10/24 02:06:48 INFO ResourceProfile: Default ResourceProfile created, executor resources: Map(cores -> name: cores, amount: 1, script: , vendor: , memory -> name: memory, amount: 1024, script: , vendor: , offHeap -> name: offHeap, amount: 0, script: , vendor: ), task resources: Map(cpus -> name: cpus, amount: 1.0)
[2025-10-24T02:06:48.092+0000] {spark_submit.py:492} INFO - 25/10/24 02:06:48 INFO ResourceProfile: Limiting resource is cpu
[2025-10-24T02:06:48.093+0000] {spark_submit.py:492} INFO - 25/10/24 02:06:48 INFO ResourceProfileManager: Added ResourceProfile id: 0
[2025-10-24T02:06:49.513+0000] {spark_submit.py:492} INFO - 25/10/24 02:06:49 INFO SecurityManager: Changing view acls to: ***
[2025-10-24T02:06:49.515+0000] {spark_submit.py:492} INFO - 25/10/24 02:06:49 INFO SecurityManager: Changing modify acls to: ***
[2025-10-24T02:06:49.517+0000] {spark_submit.py:492} INFO - 25/10/24 02:06:49 INFO SecurityManager: Changing view acls groups to:
[2025-10-24T02:06:49.522+0000] {spark_submit.py:492} INFO - 25/10/24 02:06:49 INFO SecurityManager: Changing modify acls groups to:
[2025-10-24T02:06:49.590+0000] {spark_submit.py:492} INFO - 25/10/24 02:06:49 INFO SecurityManager: SecurityManager: authentication disabled; ui acls disabled; users with view permissions: ***; groups with view permissions: EMPTY; users with modify permissions: ***; groups with modify permissions: EMPTY
[2025-10-24T02:06:52.401+0000] {spark_submit.py:492} INFO - 25/10/24 02:06:52 INFO Utils: Successfully started service 'sparkDriver' on port 44747.
[2025-10-24T02:06:52.836+0000] {spark_submit.py:492} INFO - 25/10/24 02:06:52 INFO SparkEnv: Registering MapOutputTracker
[2025-10-24T02:06:53.218+0000] {spark_submit.py:492} INFO - 25/10/24 02:06:53 INFO SparkEnv: Registering BlockManagerMaster
[2025-10-24T02:06:56.206+0000] {spark_submit.py:492} INFO - 25/10/24 02:06:56 INFO BlockManagerMasterEndpoint: Using org.apache.spark.storage.DefaultTopologyMapper for getting topology information
[2025-10-24T02:06:56.211+0000] {spark_submit.py:492} INFO - 25/10/24 02:06:56 INFO BlockManagerMasterEndpoint: BlockManagerMasterEndpoint up
[2025-10-24T02:06:56.229+0000] {spark_submit.py:492} INFO - 25/10/24 02:06:56 INFO SparkEnv: Registering BlockManagerMasterHeartbeat
[2025-10-24T02:06:56.573+0000] {spark_submit.py:492} INFO - 25/10/24 02:06:56 INFO DiskBlockManager: Created local directory at /tmp/blockmgr-73361338-b648-4ed1-b4b6-afa244f7ad1d
[2025-10-24T02:06:56.645+0000] {spark_submit.py:492} INFO - 25/10/24 02:06:56 INFO MemoryStore: MemoryStore started with capacity 413.9 MiB
[2025-10-24T02:06:56.726+0000] {spark_submit.py:492} INFO - 25/10/24 02:06:56 INFO SparkEnv: Registering OutputCommitCoordinator
[2025-10-24T02:06:57.392+0000] {spark_submit.py:492} INFO - 25/10/24 02:06:57 INFO JettyUtils: Start Jetty 0.0.0.0:4040 for SparkUI
[2025-10-24T02:06:57.826+0000] {spark_submit.py:492} INFO - 25/10/24 02:06:57 INFO Utils: Successfully started service 'SparkUI' on port 4040.
[2025-10-24T02:06:58.730+0000] {spark_submit.py:492} INFO - 25/10/24 02:06:58 INFO Executor: Starting executor ID driver on host 2ef039423968
[2025-10-24T02:06:58.743+0000] {spark_submit.py:492} INFO - 25/10/24 02:06:58 INFO Executor: OS info Linux, 6.6.87.2-microsoft-standard-WSL2, amd64
[2025-10-24T02:06:58.746+0000] {spark_submit.py:492} INFO - 25/10/24 02:06:58 INFO Executor: Java version 17.0.16
[2025-10-24T02:06:58.849+0000] {spark_submit.py:492} INFO - 25/10/24 02:06:58 INFO Executor: Starting executor with user classpath (userClassPathFirst = false): ''
[2025-10-24T02:06:58.851+0000] {spark_submit.py:492} INFO - 25/10/24 02:06:58 INFO Executor: Created or updated repl class loader org.apache.spark.util.MutableURLClassLoader@36e34fd0 for default.
[2025-10-24T02:06:59.015+0000] {spark_submit.py:492} INFO - 25/10/24 02:06:59 INFO Utils: Successfully started service 'org.apache.spark.network.netty.NettyBlockTransferService' on port 38091.
[2025-10-24T02:06:59.017+0000] {spark_submit.py:492} INFO - 25/10/24 02:06:59 INFO NettyBlockTransferService: Server created on 2ef039423968:38091
[2025-10-24T02:06:59.022+0000] {spark_submit.py:492} INFO - 25/10/24 02:06:59 INFO BlockManager: Using org.apache.spark.storage.RandomBlockReplicationPolicy for block replication policy
[2025-10-24T02:06:59.051+0000] {spark_submit.py:492} INFO - 25/10/24 02:06:59 INFO BlockManagerMaster: Registering BlockManager BlockManagerId(driver, 2ef039423968, 38091, None)
[2025-10-24T02:06:59.116+0000] {spark_submit.py:492} INFO - 25/10/24 02:06:59 INFO BlockManagerMasterEndpoint: Registering block manager 2ef039423968:38091 with 413.9 MiB RAM, BlockManagerId(driver, 2ef039423968, 38091, None)
[2025-10-24T02:06:59.121+0000] {spark_submit.py:492} INFO - 25/10/24 02:06:59 INFO BlockManagerMaster: Registered BlockManager BlockManagerId(driver, 2ef039423968, 38091, None)
[2025-10-24T02:06:59.124+0000] {spark_submit.py:492} INFO - 25/10/24 02:06:59 INFO BlockManager: Initialized BlockManager: BlockManagerId(driver, 2ef039423968, 38091, None)
[2025-10-24T02:07:02.470+0000] {spark_submit.py:492} INFO - 25/10/24 02:07:02 INFO SharedState: Setting hive.metastore.warehouse.dir ('null') to the value of spark.sql.warehouse.dir.
[2025-10-24T02:07:02.559+0000] {spark_submit.py:492} INFO - 25/10/24 02:07:02 INFO SharedState: Warehouse path is 'file:/opt/***/spark-warehouse'.
[2025-10-24T02:07:08.284+0000] {spark_submit.py:492} INFO - 25/10/24 02:07:08 INFO InMemoryFileIndex: It took 241 ms to list leaf files for 1 paths.
[2025-10-24T02:07:08.611+0000] {spark_submit.py:492} INFO - 25/10/24 02:07:08 INFO InMemoryFileIndex: It took 12 ms to list leaf files for 1 paths.
[2025-10-24T02:07:33.567+0000] {spark_submit.py:492} INFO - 25/10/24 02:07:33 INFO FileSourceStrategy: Pushed Filters:
[2025-10-24T02:07:33.577+0000] {spark_submit.py:492} INFO - 25/10/24 02:07:33 INFO FileSourceStrategy: Post-Scan Filters: (length(trim(value#0, None)) > 0)
[2025-10-24T02:07:44.957+0000] {spark_submit.py:492} INFO - 25/10/24 02:07:44 INFO CodeGenerator: Code generated in 4380.905072 ms
[2025-10-24T02:07:45.570+0000] {spark_submit.py:492} INFO - 25/10/24 02:07:45 INFO MemoryStore: Block broadcast_0 stored as values in memory (estimated size 199.6 KiB, free 413.7 MiB)
[2025-10-24T02:07:47.271+0000] {spark_submit.py:492} INFO - 25/10/24 02:07:47 INFO MemoryStore: Block broadcast_0_piece0 stored as bytes in memory (estimated size 34.2 KiB, free 413.7 MiB)
[2025-10-24T02:07:47.276+0000] {spark_submit.py:492} INFO - 25/10/24 02:07:47 INFO BlockManagerInfo: Added broadcast_0_piece0 in memory on 2ef039423968:38091 (size: 34.2 KiB, free: 413.9 MiB)
[2025-10-24T02:07:47.287+0000] {spark_submit.py:492} INFO - 25/10/24 02:07:47 INFO SparkContext: Created broadcast 0 from csv at NativeMethodAccessorImpl.java:0
[2025-10-24T02:07:47.412+0000] {spark_submit.py:492} INFO - 25/10/24 02:07:47 INFO FileSourceScanExec: Planning scan with bin packing, max size: 49020463 bytes, open cost is considered as scanning 4194304 bytes.
[2025-10-24T02:07:48.359+0000] {spark_submit.py:492} INFO - 25/10/24 02:07:48 INFO SparkContext: Starting job: csv at NativeMethodAccessorImpl.java:0
[2025-10-24T02:07:48.649+0000] {spark_submit.py:492} INFO - 25/10/24 02:07:48 INFO DAGScheduler: Got job 0 (csv at NativeMethodAccessorImpl.java:0) with 1 output partitions
[2025-10-24T02:07:48.652+0000] {spark_submit.py:492} INFO - 25/10/24 02:07:48 INFO DAGScheduler: Final stage: ResultStage 0 (csv at NativeMethodAccessorImpl.java:0)
[2025-10-24T02:07:48.654+0000] {spark_submit.py:492} INFO - 25/10/24 02:07:48 INFO DAGScheduler: Parents of final stage: List()
[2025-10-24T02:07:48.655+0000] {spark_submit.py:492} INFO - 25/10/24 02:07:48 INFO DAGScheduler: Missing parents: List()
[2025-10-24T02:07:48.665+0000] {spark_submit.py:492} INFO - 25/10/24 02:07:48 INFO DAGScheduler: Submitting ResultStage 0 (MapPartitionsRDD[3] at csv at NativeMethodAccessorImpl.java:0), which has no missing parents
[2025-10-24T02:07:49.471+0000] {spark_submit.py:492} INFO - 25/10/24 02:07:49 INFO MemoryStore: Block broadcast_1 stored as values in memory (estimated size 13.5 KiB, free 413.7 MiB)
[2025-10-24T02:07:49.487+0000] {spark_submit.py:492} INFO - 25/10/24 02:07:49 INFO MemoryStore: Block broadcast_1_piece0 stored as bytes in memory (estimated size 6.4 KiB, free 413.7 MiB)
[2025-10-24T02:07:49.554+0000] {spark_submit.py:492} INFO - 25/10/24 02:07:49 INFO BlockManagerInfo: Added broadcast_1_piece0 in memory on 2ef039423968:38091 (size: 6.4 KiB, free: 413.9 MiB)
[2025-10-24T02:07:49.565+0000] {spark_submit.py:492} INFO - 25/10/24 02:07:49 INFO SparkContext: Created broadcast 1 from broadcast at DAGScheduler.scala:1585
[2025-10-24T02:07:49.603+0000] {spark_submit.py:492} INFO - 25/10/24 02:07:49 INFO DAGScheduler: Submitting 1 missing tasks from ResultStage 0 (MapPartitionsRDD[3] at csv at NativeMethodAccessorImpl.java:0) (first 15 tasks are for partitions Vector(0))
[2025-10-24T02:07:49.607+0000] {spark_submit.py:492} INFO - 25/10/24 02:07:49 INFO TaskSchedulerImpl: Adding task set 0.0 with 1 tasks resource profile 0
[2025-10-24T02:07:49.962+0000] {spark_submit.py:492} INFO - 25/10/24 02:07:49 INFO TaskSetManager: Starting task 0.0 in stage 0.0 (TID 0) (2ef039423968, executor driver, partition 0, PROCESS_LOCAL, 8232 bytes)
[2025-10-24T02:07:50.058+0000] {spark_submit.py:492} INFO - 25/10/24 02:07:50 INFO Executor: Running task 0.0 in stage 0.0 (TID 0)
[2025-10-24T02:07:50.784+0000] {spark_submit.py:492} INFO - 25/10/24 02:07:50 INFO CodeGenerator: Code generated in 50.520615 ms
[2025-10-24T02:07:50.845+0000] {spark_submit.py:492} INFO - 25/10/24 02:07:50 INFO FileScanRDD: Reading File path: file:///opt/***/include/dfTransjakarta180kRows.csv, range: 0-44826159, partition values: [empty row]
[2025-10-24T02:07:50.944+0000] {spark_submit.py:492} INFO - 25/10/24 02:07:50 INFO CodeGenerator: Code generated in 81.99409 ms
[2025-10-24T02:07:51.401+0000] {spark_submit.py:492} INFO - 25/10/24 02:07:51 INFO Executor: Finished task 0.0 in stage 0.0 (TID 0). 1829 bytes result sent to driver
[2025-10-24T02:07:51.420+0000] {spark_submit.py:492} INFO - 25/10/24 02:07:51 INFO TaskSetManager: Finished task 0.0 in stage 0.0 (TID 0) in 1479 ms on 2ef039423968 (executor driver) (1/1)
[2025-10-24T02:07:51.426+0000] {spark_submit.py:492} INFO - 25/10/24 02:07:51 INFO TaskSchedulerImpl: Removed TaskSet 0.0, whose tasks have all completed, from pool
[2025-10-24T02:07:51.441+0000] {spark_submit.py:492} INFO - 25/10/24 02:07:51 INFO DAGScheduler: ResultStage 0 (csv at NativeMethodAccessorImpl.java:0) finished in 2.562 s
[2025-10-24T02:07:51.447+0000] {spark_submit.py:492} INFO - 25/10/24 02:07:51 INFO DAGScheduler: Job 0 is finished. Cancelling potential speculative or zombie tasks for this job
[2025-10-24T02:07:51.450+0000] {spark_submit.py:492} INFO - 25/10/24 02:07:51 INFO TaskSchedulerImpl: Killing all running tasks in stage 0: Stage finished
[2025-10-24T02:07:51.458+0000] {spark_submit.py:492} INFO - 25/10/24 02:07:51 INFO DAGScheduler: Job 0 finished: csv at NativeMethodAccessorImpl.java:0, took 3.097548 s
[2025-10-24T02:07:51.656+0000] {spark_submit.py:492} INFO - 25/10/24 02:07:51 INFO CodeGenerator: Code generated in 59.422549 ms
[2025-10-24T02:07:51.994+0000] {spark_submit.py:492} INFO - 25/10/24 02:07:51 INFO FileSourceStrategy: Pushed Filters:
[2025-10-24T02:07:51.995+0000] {spark_submit.py:492} INFO - 25/10/24 02:07:51 INFO FileSourceStrategy: Post-Scan Filters:
[2025-10-24T02:07:52.010+0000] {spark_submit.py:492} INFO - 25/10/24 02:07:52 INFO MemoryStore: Block broadcast_2 stored as values in memory (estimated size 199.6 KiB, free 413.5 MiB)
[2025-10-24T02:07:52.059+0000] {spark_submit.py:492} INFO - 25/10/24 02:07:52 INFO MemoryStore: Block broadcast_2_piece0 stored as bytes in memory (estimated size 34.2 KiB, free 413.4 MiB)
[2025-10-24T02:07:52.063+0000] {spark_submit.py:492} INFO - 25/10/24 02:07:52 INFO BlockManagerInfo: Added broadcast_2_piece0 in memory on 2ef039423968:38091 (size: 34.2 KiB, free: 413.9 MiB)
[2025-10-24T02:07:52.144+0000] {spark_submit.py:492} INFO - 25/10/24 02:07:52 INFO SparkContext: Created broadcast 2 from csv at NativeMethodAccessorImpl.java:0
[2025-10-24T02:07:52.148+0000] {spark_submit.py:492} INFO - 25/10/24 02:07:52 INFO FileSourceScanExec: Planning scan with bin packing, max size: 49020463 bytes, open cost is considered as scanning 4194304 bytes.
[2025-10-24T02:07:52.693+0000] {spark_submit.py:492} INFO - 25/10/24 02:07:52 INFO SparkContext: Starting job: csv at NativeMethodAccessorImpl.java:0
[2025-10-24T02:07:52.696+0000] {spark_submit.py:492} INFO - 25/10/24 02:07:52 INFO DAGScheduler: Got job 1 (csv at NativeMethodAccessorImpl.java:0) with 1 output partitions
[2025-10-24T02:07:52.705+0000] {spark_submit.py:492} INFO - 25/10/24 02:07:52 INFO DAGScheduler: Final stage: ResultStage 1 (csv at NativeMethodAccessorImpl.java:0)
[2025-10-24T02:07:52.707+0000] {spark_submit.py:492} INFO - 25/10/24 02:07:52 INFO DAGScheduler: Parents of final stage: List()
[2025-10-24T02:07:52.708+0000] {spark_submit.py:492} INFO - 25/10/24 02:07:52 INFO DAGScheduler: Missing parents: List()
[2025-10-24T02:07:52.712+0000] {spark_submit.py:492} INFO - 25/10/24 02:07:52 INFO DAGScheduler: Submitting ResultStage 1 (MapPartitionsRDD[9] at csv at NativeMethodAccessorImpl.java:0), which has no missing parents
[2025-10-24T02:07:52.839+0000] {spark_submit.py:492} INFO - 25/10/24 02:07:52 INFO MemoryStore: Block broadcast_3 stored as values in memory (estimated size 27.9 KiB, free 413.4 MiB)
[2025-10-24T02:07:52.844+0000] {spark_submit.py:492} INFO - 25/10/24 02:07:52 INFO MemoryStore: Block broadcast_3_piece0 stored as bytes in memory (estimated size 12.8 KiB, free 413.4 MiB)
[2025-10-24T02:07:52.845+0000] {spark_submit.py:492} INFO - 25/10/24 02:07:52 INFO BlockManagerInfo: Added broadcast_3_piece0 in memory on 2ef039423968:38091 (size: 12.8 KiB, free: 413.8 MiB)
[2025-10-24T02:07:52.847+0000] {spark_submit.py:492} INFO - 25/10/24 02:07:52 INFO SparkContext: Created broadcast 3 from broadcast at DAGScheduler.scala:1585
[2025-10-24T02:07:52.850+0000] {spark_submit.py:492} INFO - 25/10/24 02:07:52 INFO DAGScheduler: Submitting 1 missing tasks from ResultStage 1 (MapPartitionsRDD[9] at csv at NativeMethodAccessorImpl.java:0) (first 15 tasks are for partitions Vector(0))
[2025-10-24T02:07:52.851+0000] {spark_submit.py:492} INFO - 25/10/24 02:07:52 INFO TaskSchedulerImpl: Adding task set 1.0 with 1 tasks resource profile 0
[2025-10-24T02:07:52.854+0000] {spark_submit.py:492} INFO - 25/10/24 02:07:52 INFO TaskSetManager: Starting task 0.0 in stage 1.0 (TID 1) (2ef039423968, executor driver, partition 0, PROCESS_LOCAL, 8232 bytes)
[2025-10-24T02:07:52.856+0000] {spark_submit.py:492} INFO - 25/10/24 02:07:52 INFO Executor: Running task 0.0 in stage 1.0 (TID 1)
[2025-10-24T02:07:53.071+0000] {spark_submit.py:492} INFO - 25/10/24 02:07:53 INFO CodeGenerator: Code generated in 14.117308 ms
[2025-10-24T02:07:53.075+0000] {spark_submit.py:492} INFO - 25/10/24 02:07:53 INFO FileScanRDD: Reading File path: file:///opt/***/include/dfTransjakarta180kRows.csv, range: 0-44826159, partition values: [empty row]
[2025-10-24T02:07:58.795+0000] {spark_submit.py:492} INFO - 25/10/24 02:07:58 INFO Executor: Finished task 0.0 in stage 1.0 (TID 1). 1908 bytes result sent to driver
[2025-10-24T02:07:58.802+0000] {spark_submit.py:492} INFO - 25/10/24 02:07:58 INFO TaskSetManager: Finished task 0.0 in stage 1.0 (TID 1) in 5949 ms on 2ef039423968 (executor driver) (1/1)
[2025-10-24T02:07:58.803+0000] {spark_submit.py:492} INFO - 25/10/24 02:07:58 INFO TaskSchedulerImpl: Removed TaskSet 1.0, whose tasks have all completed, from pool
[2025-10-24T02:07:58.804+0000] {spark_submit.py:492} INFO - 25/10/24 02:07:58 INFO DAGScheduler: ResultStage 1 (csv at NativeMethodAccessorImpl.java:0) finished in 6.097 s
[2025-10-24T02:07:58.805+0000] {spark_submit.py:492} INFO - 25/10/24 02:07:58 INFO DAGScheduler: Job 1 is finished. Cancelling potential speculative or zombie tasks for this job
[2025-10-24T02:07:58.805+0000] {spark_submit.py:492} INFO - 25/10/24 02:07:58 INFO TaskSchedulerImpl: Killing all running tasks in stage 1: Stage finished
[2025-10-24T02:08:01.649+0000] {spark_submit.py:492} INFO - 25/10/24 02:07:58 INFO DAGScheduler: Job 1 finished: csv at NativeMethodAccessorImpl.java:0, took 6.223785 s
[2025-10-24T02:08:06.201+0000] {spark_submit.py:492} INFO - Traceback (most recent call last):
[2025-10-24T02:08:06.202+0000] {spark_submit.py:492} INFO - File "/opt/***/include/scripts/load_csv_to_postgres.py", line 61, in <module>
[2025-10-24T02:08:06.208+0000] {spark_submit.py:492} INFO - df.write.jdbc(
[2025-10-24T02:08:06.209+0000] {spark_submit.py:492} INFO - File "/opt/spark/python/lib/pyspark.zip/pyspark/sql/readwriter.py", line 1984, in jdbc
[2025-10-24T02:08:06.211+0000] {spark_submit.py:492} INFO - File "/opt/spark/python/lib/py4j-0.10.9.7-src.zip/py4j/java_gateway.py", line 1322, in __call__
[2025-10-24T02:08:06.215+0000] {spark_submit.py:492} INFO - File "/opt/spark/python/lib/pyspark.zip/pyspark/errors/exceptions/captured.py", line 179, in deco
[2025-10-24T02:08:06.269+0000] {spark_submit.py:492} INFO - File "/opt/spark/python/lib/py4j-0.10.9.7-src.zip/py4j/protocol.py", line 326, in get_return_value
[2025-10-24T02:08:06.274+0000] {spark_submit.py:492} INFO - py4j.protocol.Py4JJavaError: An error occurred while calling o80.jdbc.
[2025-10-24T02:08:06.275+0000] {spark_submit.py:492} INFO - : java.lang.ClassNotFoundException: org.postgresql.Driver
[2025-10-24T02:08:06.275+0000] {spark_submit.py:492} INFO - at java.base/java.net.URLClassLoader.findClass(URLClassLoader.java:445)
[2025-10-24T02:08:06.276+0000] {spark_submit.py:492} INFO - at java.base/java.lang.ClassLoader.loadClass(ClassLoader.java:592)
[2025-10-24T02:08:06.277+0000] {spark_submit.py:492} INFO - at java.base/java.lang.ClassLoader.loadClass(ClassLoader.java:525)
[2025-10-24T02:08:06.278+0000] {spark_submit.py:492} INFO - at org.apache.spark.sql.execution.datasources.jdbc.DriverRegistry$.register(DriverRegistry.scala:46)
[2025-10-24T02:08:06.279+0000] {spark_submit.py:492} INFO - at org.apache.spark.sql.execution.datasources.jdbc.JDBCOptions.$anonfun$driverClass$1(JDBCOptions.scala:103)
[2025-10-24T02:08:06.280+0000] {spark_submit.py:492} INFO - at org.apache.spark.sql.execution.datasources.jdbc.JDBCOptions.$anonfun$driverClass$1$adapted(JDBCOptions.scala:103)
[2025-10-24T02:08:06.281+0000] {spark_submit.py:492} INFO - at scala.Option.foreach(Option.scala:407)
[2025-10-24T02:08:06.282+0000] {spark_submit.py:492} INFO - at org.apache.spark.sql.execution.datasources.jdbc.JDBCOptions.<init>(JDBCOptions.scala:103)
[2025-10-24T02:08:06.283+0000] {spark_submit.py:492} INFO - at org.apache.spark.sql.execution.datasources.jdbc.JdbcOptionsInWrite.<init>(JDBCOptions.scala:254)
[2025-10-24T02:08:06.284+0000] {spark_submit.py:492} INFO - at org.apache.spark.sql.execution.datasources.jdbc.JdbcOptionsInWrite.<init>(JDBCOptions.scala:258)
[2025-10-24T02:08:06.285+0000] {spark_submit.py:492} INFO - at org.apache.spark.sql.execution.datasources.jdbc.JdbcRelationProvider.createRelation(JdbcRelationProvider.scala:47)
[2025-10-24T02:08:06.285+0000] {spark_submit.py:492} INFO - at org.apache.spark.sql.execution.datasources.SaveIntoDataSourceCommand.run(SaveIntoDataSourceCommand.scala:48)
[2025-10-24T02:08:06.286+0000] {spark_submit.py:492} INFO - at org.apache.spark.sql.execution.command.ExecutedCommandExec.sideEffectResult$lzycompute(commands.scala:75)
[2025-10-24T02:08:06.287+0000] {spark_submit.py:492} INFO - at org.apache.spark.sql.execution.command.ExecutedCommandExec.sideEffectResult(commands.scala:73)
[2025-10-24T02:08:06.288+0000] {spark_submit.py:492} INFO - at org.apache.spark.sql.execution.command.ExecutedCommandExec.executeCollect(commands.scala:84)
[2025-10-24T02:08:06.289+0000] {spark_submit.py:492} INFO - at org.apache.spark.sql.execution.QueryExecution$$anonfun$eagerlyExecuteCommands$1.$anonfun$applyOrElse$1(QueryExecution.scala:107)
[2025-10-24T02:08:06.290+0000] {spark_submit.py:492} INFO - at org.apache.spark.sql.execution.SQLExecution$.$anonfun$withNewExecutionId$6(SQLExecution.scala:125)
[2025-10-24T02:08:06.291+0000] {spark_submit.py:492} INFO - at org.apache.spark.sql.execution.SQLExecution$.withSQLConfPropagated(SQLExecution.scala:201)
[2025-10-24T02:08:06.292+0000] {spark_submit.py:492} INFO - at org.apache.spark.sql.execution.SQLExecution$.$anonfun$withNewExecutionId$1(SQLExecution.scala:108)
[2025-10-24T02:08:06.293+0000] {spark_submit.py:492} INFO - at org.apache.spark.sql.SparkSession.withActive(SparkSession.scala:900)
[2025-10-24T02:08:06.294+0000] {spark_submit.py:492} INFO - at org.apache.spark.sql.execution.SQLExecution$.withNewExecutionId(SQLExecution.scala:66)
[2025-10-24T02:08:06.305+0000] {spark_submit.py:492} INFO - at org.apache.spark.sql.execution.QueryExecution$$anonfun$eagerlyExecuteCommands$1.applyOrElse(QueryExecution.scala:107)
[2025-10-24T02:08:06.308+0000] {spark_submit.py:492} INFO - at org.apache.spark.sql.execution.QueryExecution$$anonfun$eagerlyExecuteCommands$1.applyOrElse(QueryExecution.scala:98)
[2025-10-24T02:08:06.309+0000] {spark_submit.py:492} INFO - at org.apache.spark.sql.catalyst.trees.TreeNode.$anonfun$transformDownWithPruning$1(TreeNode.scala:461)
[2025-10-24T02:08:06.368+0000] {spark_submit.py:492} INFO - at org.apache.spark.sql.catalyst.trees.CurrentOrigin$.withOrigin(origin.scala:76)
[2025-10-24T02:08:06.369+0000] {spark_submit.py:492} INFO - at org.apache.spark.sql.catalyst.trees.TreeNode.transformDownWithPruning(TreeNode.scala:461)
[2025-10-24T02:08:06.370+0000] {spark_submit.py:492} INFO - at org.apache.spark.sql.catalyst.plans.logical.LogicalPlan.org$apache$spark$sql$catalyst$plans$logical$AnalysisHelper$$super$transformDownWithPruning(LogicalPlan.scala:32)
[2025-10-24T02:08:06.374+0000] {spark_submit.py:492} INFO - at org.apache.spark.sql.catalyst.plans.logical.AnalysisHelper.transformDownWithPruning(AnalysisHelper.scala:267)
[2025-10-24T02:08:06.375+0000] {spark_submit.py:492} INFO - at org.apache.spark.sql.catalyst.plans.logical.AnalysisHelper.transformDownWithPruning$(AnalysisHelper.scala:263)
[2025-10-24T02:08:06.376+0000] {spark_submit.py:492} INFO - at org.apache.spark.sql.catalyst.plans.logical.LogicalPlan.transformDownWithPruning(LogicalPlan.scala:32)
[2025-10-24T02:08:06.377+0000] {spark_submit.py:492} INFO - at org.apache.spark.sql.catalyst.plans.logical.LogicalPlan.transformDownWithPruning(LogicalPlan.scala:32)
[2025-10-24T02:08:06.378+0000] {spark_submit.py:492} INFO - at org.apache.spark.sql.catalyst.trees.TreeNode.transformDown(TreeNode.scala:437)
[2025-10-24T02:08:06.379+0000] {spark_submit.py:492} INFO - at org.apache.spark.sql.execution.QueryExecution.eagerlyExecuteCommands(QueryExecution.scala:98)
[2025-10-24T02:08:06.379+0000] {spark_submit.py:492} INFO - at org.apache.spark.sql.execution.QueryExecution.commandExecuted$lzycompute(QueryExecution.scala:85)
[2025-10-24T02:08:06.380+0000] {spark_submit.py:492} INFO - at org.apache.spark.sql.execution.QueryExecution.commandExecuted(QueryExecution.scala:83)
[2025-10-24T02:08:06.381+0000] {spark_submit.py:492} INFO - at org.apache.spark.sql.execution.QueryExecution.assertCommandExecuted(QueryExecution.scala:142)
[2025-10-24T02:08:06.382+0000] {spark_submit.py:492} INFO - at org.apache.spark.sql.DataFrameWriter.runCommand(DataFrameWriter.scala:859)
[2025-10-24T02:08:06.383+0000] {spark_submit.py:492} INFO - at org.apache.spark.sql.DataFrameWriter.saveToV1Source(DataFrameWriter.scala:388)
[2025-10-24T02:08:06.384+0000] {spark_submit.py:492} INFO - at org.apache.spark.sql.DataFrameWriter.saveInternal(DataFrameWriter.scala:361)
[2025-10-24T02:08:06.385+0000] {spark_submit.py:492} INFO - at org.apache.spark.sql.DataFrameWriter.save(DataFrameWriter.scala:248)
[2025-10-24T02:08:06.388+0000] {spark_submit.py:492} INFO - at org.apache.spark.sql.DataFrameWriter.jdbc(DataFrameWriter.scala:756)
[2025-10-24T02:08:06.389+0000] {spark_submit.py:492} INFO - at java.base/jdk.internal.reflect.NativeMethodAccessorImpl.invoke0(Native Method)
[2025-10-24T02:08:06.390+0000] {spark_submit.py:492} INFO - at java.base/jdk.internal.reflect.NativeMethodAccessorImpl.invoke(NativeMethodAccessorImpl.java:77)
[2025-10-24T02:08:06.390+0000] {spark_submit.py:492} INFO - at java.base/jdk.internal.reflect.DelegatingMethodAccessorImpl.invoke(DelegatingMethodAccessorImpl.java:43)
[2025-10-24T02:08:06.391+0000] {spark_submit.py:492} INFO - at java.base/java.lang.reflect.Method.invoke(Method.java:569)
[2025-10-24T02:08:06.392+0000] {spark_submit.py:492} INFO - at py4j.reflection.MethodInvoker.invoke(MethodInvoker.java:244)
[2025-10-24T02:08:06.393+0000] {spark_submit.py:492} INFO - at py4j.reflection.ReflectionEngine.invoke(ReflectionEngine.java:374)
[2025-10-24T02:08:06.394+0000] {spark_submit.py:492} INFO - at py4j.Gateway.invoke(Gateway.java:282)
[2025-10-24T02:08:06.395+0000] {spark_submit.py:492} INFO - at py4j.commands.AbstractCommand.invokeMethod(AbstractCommand.java:132)
[2025-10-24T02:08:06.396+0000] {spark_submit.py:492} INFO - at py4j.commands.CallCommand.execute(CallCommand.java:79)
[2025-10-24T02:08:06.396+0000] {spark_submit.py:492} INFO - at py4j.ClientServerConnection.waitForCommands(ClientServerConnection.java:182)
[2025-10-24T02:08:06.397+0000] {spark_submit.py:492} INFO - at py4j.ClientServerConnection.run(ClientServerConnection.java:106)
[2025-10-24T02:08:06.398+0000] {spark_submit.py:492} INFO - at java.base/java.lang.Thread.run(Thread.java:840)
[2025-10-24T02:08:06.469+0000] {spark_submit.py:492} INFO - 
[2025-10-24T02:08:08.002+0000] {spark_submit.py:492} INFO - 25/10/24 02:08:08 INFO SparkContext: Invoking stop() from shutdown hook
[2025-10-24T02:08:08.101+0000] {spark_submit.py:492} INFO - 25/10/24 02:08:08 INFO SparkContext: SparkContext is stopping with exitCode 0.
[2025-10-24T02:08:08.477+0000] {spark_submit.py:492} INFO - 25/10/24 02:08:08 INFO SparkUI: Stopped Spark web UI at http://2ef039423968:4040
[2025-10-24T02:08:08.604+0000] {spark_submit.py:492} INFO - 25/10/24 02:08:08 INFO MapOutputTrackerMasterEndpoint: MapOutputTrackerMasterEndpoint stopped!
[2025-10-24T02:08:08.996+0000] {spark_submit.py:492} INFO - 25/10/24 02:08:08 INFO MemoryStore: MemoryStore cleared
[2025-10-24T02:08:09.000+0000] {spark_submit.py:492} INFO - 25/10/24 02:08:08 INFO BlockManager: BlockManager stopped
[2025-10-24T02:08:09.077+0000] {spark_submit.py:492} INFO - 25/10/24 02:08:09 INFO BlockManagerMaster: BlockManagerMaster stopped
[2025-10-24T02:08:09.082+0000] {spark_submit.py:492} INFO - 25/10/24 02:08:09 INFO OutputCommitCoordinator$OutputCommitCoordinatorEndpoint: OutputCommitCoordinator stopped!
[2025-10-24T02:08:09.182+0000] {spark_submit.py:492} INFO - 25/10/24 02:08:09 INFO SparkContext: Successfully stopped SparkContext
[2025-10-24T02:08:09.184+0000] {spark_submit.py:492} INFO - 25/10/24 02:08:09 INFO ShutdownHookManager: Shutdown hook called
[2025-10-24T02:08:09.269+0000] {spark_submit.py:492} INFO - 25/10/24 02:08:09 INFO ShutdownHookManager: Deleting directory /tmp/spark-49b9b014-4a36-4fb5-b1c9-3a919afd0102/pyspark-046b08f1-32af-45e5-8043-281efe38608a
[2025-10-24T02:08:09.312+0000] {spark_submit.py:492} INFO - 25/10/24 02:08:09 INFO ShutdownHookManager: Deleting directory /tmp/spark-16e6003d-bad8-4291-aee8-d649467bbde8
[2025-10-24T02:08:09.407+0000] {spark_submit.py:492} INFO - 25/10/24 02:08:09 INFO ShutdownHookManager: Deleting directory /tmp/spark-49b9b014-4a36-4fb5-b1c9-3a919afd0102
[2025-10-24T02:08:10.304+0000] {taskinstance.py:2698} ERROR - Task failed with exception
Traceback (most recent call last):
  File "/home/airflow/.local/lib/python3.8/site-packages/airflow/models/taskinstance.py", line 433, in _execute_task
    result = execute_callable(context=context, **execute_callable_kwargs)
  File "/home/airflow/.local/lib/python3.8/site-packages/airflow/providers/apache/spark/operators/spark_submit.py", line 157, in execute
    self._hook.submit(self._application)
  File "/home/airflow/.local/lib/python3.8/site-packages/airflow/providers/apache/spark/hooks/spark_submit.py", line 423, in submit
    raise AirflowException(
airflow.exceptions.AirflowException: Cannot execute: spark-submit --master local --conf spark.master=local[*] --name spark_load_csv_to_postgres --verbose /opt/***/include/scripts/load_csv_to_postgres.py. Error code is: 1.
[2025-10-24T02:08:10.408+0000] {taskinstance.py:1138} INFO - Marking task as UP_FOR_RETRY. dag_id=etl_csv_to_postgres, task_id=spark_load_csv_to_postgres, execution_date=20251024T014849, start_date=20251024T020435, end_date=20251024T020810
[2025-10-24T02:08:10.999+0000] {standard_task_runner.py:107} ERROR - Failed to execute job 178 for task spark_load_csv_to_postgres (Cannot execute: spark-submit --master local --conf spark.master=local[*] --name spark_load_csv_to_postgres --verbose /opt/***/include/scripts/load_csv_to_postgres.py. Error code is: 1.; 73)
[2025-10-24T02:08:11.205+0000] {local_task_job_runner.py:234} INFO - Task exited with return code 1
[2025-10-24T02:08:12.010+0000] {taskinstance.py:3280} INFO - 0 downstream tasks scheduled from follow-on schedule check
