[2025-10-30T04:33:14.260+0000] {taskinstance.py:1956} INFO - Dependencies all met for dep_context=non-requeueable deps ti=<TaskInstance: dbt_pipeline.dbt_run scheduled__2025-10-29T00:00:00+00:00 [queued]>
[2025-10-30T04:33:14.289+0000] {taskinstance.py:1956} INFO - Dependencies all met for dep_context=requeueable deps ti=<TaskInstance: dbt_pipeline.dbt_run scheduled__2025-10-29T00:00:00+00:00 [queued]>
[2025-10-30T04:33:14.292+0000] {taskinstance.py:2170} INFO - Starting attempt 1 of 2
[2025-10-30T04:33:14.330+0000] {taskinstance.py:2191} INFO - Executing <Task(BashOperator): dbt_run> on 2025-10-29 00:00:00+00:00
[2025-10-30T04:33:14.376+0000] {standard_task_runner.py:60} INFO - Started process 105 to run task
[2025-10-30T04:33:15.022+0000] {standard_task_runner.py:87} INFO - Running: ['***', 'tasks', 'run', 'dbt_pipeline', 'dbt_run', 'scheduled__2025-10-29T00:00:00+00:00', '--job-id', '296', '--raw', '--subdir', 'DAGS_FOLDER/dbt_local_dag.py', '--cfg-path', '/tmp/tmpbh6gms8c']
[2025-10-30T04:33:15.082+0000] {standard_task_runner.py:88} INFO - Job 296: Subtask dbt_run
[2025-10-30T04:33:18.721+0000] {task_command.py:423} INFO - Running <TaskInstance: dbt_pipeline.dbt_run scheduled__2025-10-29T00:00:00+00:00 [running]> on host 257bb6028ed5
[2025-10-30T04:33:20.058+0000] {taskinstance.py:2480} INFO - Exporting env vars: AIRFLOW_CTX_DAG_OWNER='winardi' AIRFLOW_CTX_DAG_ID='dbt_pipeline' AIRFLOW_CTX_TASK_ID='dbt_run' AIRFLOW_CTX_EXECUTION_DATE='2025-10-29T00:00:00+00:00' AIRFLOW_CTX_TRY_NUMBER='1' AIRFLOW_CTX_DAG_RUN_ID='scheduled__2025-10-29T00:00:00+00:00'
[2025-10-30T04:33:20.061+0000] {subprocess.py:63} INFO - Tmp dir root location: /tmp
[2025-10-30T04:33:20.064+0000] {subprocess.py:75} INFO - Running command: ['/usr/bin/bash', '-c', '\n            cd /opt/***/include/dbt/dbt_project &&             dbt run --profiles-dir /home/***/.dbt --target dev\n        ']
[2025-10-30T04:33:20.671+0000] {subprocess.py:86} INFO - Output:
[2025-10-30T04:34:52.572+0000] {subprocess.py:93} INFO - [0m04:34:52  Running with dbt=1.9.0-b2
[2025-10-30T04:35:00.869+0000] {subprocess.py:93} INFO - [0m04:35:00  Registered adapter: postgres=1.8.2
[2025-10-30T04:35:16.612+0000] {subprocess.py:93} INFO - [0m04:35:16  Found 5 models, 14 data tests, 1 source, 423 macros
[2025-10-30T04:35:16.705+0000] {subprocess.py:93} INFO - [0m04:35:16
[2025-10-30T04:35:16.775+0000] {subprocess.py:93} INFO - [0m04:35:16  Concurrency: 1 threads (target='dev')
[2025-10-30T04:35:16.777+0000] {subprocess.py:93} INFO - [0m04:35:16
[2025-10-30T04:35:20.380+0000] {subprocess.py:93} INFO - [0m04:35:20  1 of 5 START sql table model datamart.dim_card_holder .......................... [RUN]
[2025-10-30T04:35:29.016+0000] {subprocess.py:93} INFO - [0m04:35:29  1 of 5 OK created sql table model datamart.dim_card_holder ..................... [[32mSELECT 10000[0m in 8.63s]
[2025-10-30T04:35:29.026+0000] {subprocess.py:93} INFO - [0m04:35:29  2 of 5 START sql table model datamart.dim_corridor ............................. [RUN]
[2025-10-30T04:35:30.559+0000] {subprocess.py:93} INFO - [0m04:35:30  2 of 5 OK created sql table model datamart.dim_corridor ........................ [[32mSELECT 221[0m in 1.53s]
[2025-10-30T04:35:30.584+0000] {subprocess.py:93} INFO - [0m04:35:30  3 of 5 START sql table model datamart.dim_stop ................................. [RUN]
[2025-10-30T04:35:31.880+0000] {subprocess.py:93} INFO - [0m04:35:31  3 of 5 OK created sql table model datamart.dim_stop ............................ [[32mSELECT 5851[0m in 1.28s]
[2025-10-30T04:35:31.887+0000] {subprocess.py:93} INFO - [0m04:35:31  4 of 5 START sql table model datamart.dim_time ................................. [RUN]
[2025-10-30T04:35:35.083+0000] {subprocess.py:93} INFO - [0m04:35:35  4 of 5 OK created sql table model datamart.dim_time ............................ [[32mSELECT 27836[0m in 3.19s]
[2025-10-30T04:35:35.092+0000] {subprocess.py:93} INFO - [0m04:35:35  5 of 5 START sql incremental model datamart.fact_transactions .................. [RUN]
[2025-10-30T04:50:19.496+0000] {local_task_job_runner.py:302} WARNING - State of this instance has been externally set to failed. Terminating instance.
[2025-10-30T04:50:19.543+0000] {process_utils.py:131} INFO - Sending 15 to group 105. PIDs of all processes in the group: [113, 115, 141, 105]
[2025-10-30T04:50:19.546+0000] {process_utils.py:86} INFO - Sending the signal 15 to group 105
[2025-10-30T04:50:19.566+0000] {taskinstance.py:2450} ERROR - Received SIGTERM. Terminating subprocesses.
[2025-10-30T04:50:19.584+0000] {subprocess.py:104} INFO - Sending SIGTERM signal to process group
[2025-10-30T04:50:19.832+0000] {process_utils.py:79} INFO - Process psutil.Process(pid=115, status='terminated', started='04:33:20') (115) terminated with exit code None
[2025-10-30T04:50:20.100+0000] {process_utils.py:79} INFO - Process psutil.Process(pid=113, status='terminated', started='04:33:19') (113) terminated with exit code None
[2025-10-30T04:50:20.101+0000] {process_utils.py:79} INFO - Process psutil.Process(pid=141, status='terminated', started='04:34:52') (141) terminated with exit code None
[2025-10-30T04:50:20.106+0000] {process_utils.py:79} INFO - Process psutil.Process(pid=105, status='terminated', exitcode=0, started='04:33:13') (105) terminated with exit code 0
