[2025-10-24T02:53:53.815+0000] {taskinstance.py:1956} INFO - Dependencies all met for dep_context=non-requeueable deps ti=<TaskInstance: my_dag.submit_job manual__2025-10-24T02:53:37.990619+00:00 [queued]>
[2025-10-24T02:53:53.828+0000] {taskinstance.py:1956} INFO - Dependencies all met for dep_context=requeueable deps ti=<TaskInstance: my_dag.submit_job manual__2025-10-24T02:53:37.990619+00:00 [queued]>
[2025-10-24T02:53:53.829+0000] {taskinstance.py:2170} INFO - Starting attempt 1 of 1
[2025-10-24T02:53:53.861+0000] {taskinstance.py:2191} INFO - Executing <Task(SparkSubmitOperator): submit_job> on 2025-10-24 02:53:37.990619+00:00
[2025-10-24T02:53:53.874+0000] {standard_task_runner.py:60} INFO - Started process 1190 to run task
[2025-10-24T02:53:53.882+0000] {standard_task_runner.py:87} INFO - Running: ['***', 'tasks', 'run', 'my_dag', 'submit_job', 'manual__2025-10-24T02:53:37.990619+00:00', '--job-id', '183', '--raw', '--subdir', 'DAGS_FOLDER/my_dag.py', '--cfg-path', '/tmp/tmp75o40om5']
[2025-10-24T02:53:53.887+0000] {standard_task_runner.py:88} INFO - Job 183: Subtask submit_job
[2025-10-24T02:53:54.096+0000] {task_command.py:423} INFO - Running <TaskInstance: my_dag.submit_job manual__2025-10-24T02:53:37.990619+00:00 [running]> on host 2ef039423968
[2025-10-24T02:53:54.220+0000] {taskinstance.py:2480} INFO - Exporting env vars: AIRFLOW_CTX_DAG_OWNER='***' AIRFLOW_CTX_DAG_ID='my_dag' AIRFLOW_CTX_TASK_ID='submit_job' AIRFLOW_CTX_EXECUTION_DATE='2025-10-24T02:53:37.990619+00:00' AIRFLOW_CTX_TRY_NUMBER='1' AIRFLOW_CTX_DAG_RUN_ID='manual__2025-10-24T02:53:37.990619+00:00'
[2025-10-24T02:53:54.233+0000] {base.py:83} INFO - Using connection ID 'spark_conn' for task execution.
[2025-10-24T02:53:54.236+0000] {spark_submit.py:341} INFO - Spark-Submit cmd: spark-submit --master local --name arrow-spark --verbose /opt/***/include/scripts/read.py
[2025-10-24T02:54:04.077+0000] {spark_submit.py:492} INFO - Using properties file: null
[2025-10-24T02:54:05.186+0000] {spark_submit.py:492} INFO - Parsed arguments:
[2025-10-24T02:54:05.191+0000] {spark_submit.py:492} INFO - master                  local
[2025-10-24T02:54:05.192+0000] {spark_submit.py:492} INFO - remote                  null
[2025-10-24T02:54:05.193+0000] {spark_submit.py:492} INFO - deployMode              null
[2025-10-24T02:54:05.262+0000] {spark_submit.py:492} INFO - executorMemory          null
[2025-10-24T02:54:05.263+0000] {spark_submit.py:492} INFO - executorCores           null
[2025-10-24T02:54:05.263+0000] {spark_submit.py:492} INFO - totalExecutorCores      null
[2025-10-24T02:54:05.264+0000] {spark_submit.py:492} INFO - propertiesFile          null
[2025-10-24T02:54:05.265+0000] {spark_submit.py:492} INFO - driverMemory            null
[2025-10-24T02:54:05.266+0000] {spark_submit.py:492} INFO - driverCores             null
[2025-10-24T02:54:05.267+0000] {spark_submit.py:492} INFO - driverExtraClassPath    null
[2025-10-24T02:54:05.268+0000] {spark_submit.py:492} INFO - driverExtraLibraryPath  null
[2025-10-24T02:54:05.268+0000] {spark_submit.py:492} INFO - driverExtraJavaOptions  null
[2025-10-24T02:54:05.269+0000] {spark_submit.py:492} INFO - supervise               false
[2025-10-24T02:54:05.270+0000] {spark_submit.py:492} INFO - queue                   null
[2025-10-24T02:54:05.271+0000] {spark_submit.py:492} INFO - numExecutors            null
[2025-10-24T02:54:05.274+0000] {spark_submit.py:492} INFO - files                   null
[2025-10-24T02:54:05.275+0000] {spark_submit.py:492} INFO - pyFiles                 null
[2025-10-24T02:54:05.276+0000] {spark_submit.py:492} INFO - archives                null
[2025-10-24T02:54:05.277+0000] {spark_submit.py:492} INFO - mainClass               null
[2025-10-24T02:54:05.278+0000] {spark_submit.py:492} INFO - primaryResource         file:/opt/***/include/scripts/read.py
[2025-10-24T02:54:05.279+0000] {spark_submit.py:492} INFO - name                    arrow-spark
[2025-10-24T02:54:05.280+0000] {spark_submit.py:492} INFO - childArgs               []
[2025-10-24T02:54:05.281+0000] {spark_submit.py:492} INFO - jars                    null
[2025-10-24T02:54:05.284+0000] {spark_submit.py:492} INFO - packages                null
[2025-10-24T02:54:05.285+0000] {spark_submit.py:492} INFO - packagesExclusions      null
[2025-10-24T02:54:05.286+0000] {spark_submit.py:492} INFO - repositories            null
[2025-10-24T02:54:05.287+0000] {spark_submit.py:492} INFO - verbose                 true
[2025-10-24T02:54:05.288+0000] {spark_submit.py:492} INFO - 
[2025-10-24T02:54:05.289+0000] {spark_submit.py:492} INFO - Spark properties used, including those specified through
[2025-10-24T02:54:05.290+0000] {spark_submit.py:492} INFO - --conf and those from the properties file null:
[2025-10-24T02:54:05.291+0000] {spark_submit.py:492} INFO - 
[2025-10-24T02:54:05.293+0000] {spark_submit.py:492} INFO - 
[2025-10-24T02:54:05.294+0000] {spark_submit.py:492} INFO - 
[2025-10-24T02:54:07.657+0000] {spark_submit.py:492} INFO - Main class:
[2025-10-24T02:54:07.658+0000] {spark_submit.py:492} INFO - org.apache.spark.deploy.PythonRunner
[2025-10-24T02:54:07.662+0000] {spark_submit.py:492} INFO - Arguments:
[2025-10-24T02:54:07.664+0000] {spark_submit.py:492} INFO - file:/opt/***/include/scripts/read.py
[2025-10-24T02:54:07.666+0000] {spark_submit.py:492} INFO - null
[2025-10-24T02:54:07.669+0000] {spark_submit.py:492} INFO - Spark config:
[2025-10-24T02:54:07.671+0000] {spark_submit.py:492} INFO - (spark.app.name,arrow-spark)
[2025-10-24T02:54:07.672+0000] {spark_submit.py:492} INFO - (spark.app.submitTime,1761274447382)
[2025-10-24T02:54:07.673+0000] {spark_submit.py:492} INFO - (spark.master,local)
[2025-10-24T02:54:07.674+0000] {spark_submit.py:492} INFO - (spark.submit.deployMode,client)
[2025-10-24T02:54:07.675+0000] {spark_submit.py:492} INFO - (spark.submit.pyFiles,)
[2025-10-24T02:54:07.677+0000] {spark_submit.py:492} INFO - Classpath elements:
[2025-10-24T02:54:07.678+0000] {spark_submit.py:492} INFO - 
[2025-10-24T02:54:07.679+0000] {spark_submit.py:492} INFO - 
[2025-10-24T02:54:07.680+0000] {spark_submit.py:492} INFO - 
[2025-10-24T02:54:25.684+0000] {spark_submit.py:492} INFO - 25/10/24 02:54:25 INFO SparkContext: Running Spark version 3.5.1
[2025-10-24T02:54:25.700+0000] {spark_submit.py:492} INFO - 25/10/24 02:54:25 INFO SparkContext: OS info Linux, 6.6.87.2-microsoft-standard-WSL2, amd64
[2025-10-24T02:54:25.741+0000] {spark_submit.py:492} INFO - 25/10/24 02:54:25 INFO SparkContext: Java version 17.0.16
[2025-10-24T02:54:26.140+0000] {spark_submit.py:492} INFO - 25/10/24 02:54:26 WARN NativeCodeLoader: Unable to load native-hadoop library for your platform... using builtin-java classes where applicable
[2025-10-24T02:54:26.648+0000] {spark_submit.py:492} INFO - 25/10/24 02:54:26 INFO ResourceUtils: ==============================================================
[2025-10-24T02:54:26.649+0000] {spark_submit.py:492} INFO - 25/10/24 02:54:26 INFO ResourceUtils: No custom resources configured for spark.driver.
[2025-10-24T02:54:26.650+0000] {spark_submit.py:492} INFO - 25/10/24 02:54:26 INFO ResourceUtils: ==============================================================
[2025-10-24T02:54:26.655+0000] {spark_submit.py:492} INFO - 25/10/24 02:54:26 INFO SparkContext: Submitted application: PySpark Example
[2025-10-24T02:54:26.690+0000] {spark_submit.py:492} INFO - 25/10/24 02:54:26 INFO ResourceProfile: Default ResourceProfile created, executor resources: Map(cores -> name: cores, amount: 1, script: , vendor: , memory -> name: memory, amount: 1024, script: , vendor: , offHeap -> name: offHeap, amount: 0, script: , vendor: ), task resources: Map(cpus -> name: cpus, amount: 1.0)
[2025-10-24T02:54:26.765+0000] {spark_submit.py:492} INFO - 25/10/24 02:54:26 INFO ResourceProfile: Limiting resource is cpu
[2025-10-24T02:54:26.768+0000] {spark_submit.py:492} INFO - 25/10/24 02:54:26 INFO ResourceProfileManager: Added ResourceProfile id: 0
[2025-10-24T02:54:26.964+0000] {spark_submit.py:492} INFO - 25/10/24 02:54:26 INFO SecurityManager: Changing view acls to: ***
[2025-10-24T02:54:26.966+0000] {spark_submit.py:492} INFO - 25/10/24 02:54:26 INFO SecurityManager: Changing modify acls to: ***
[2025-10-24T02:54:26.967+0000] {spark_submit.py:492} INFO - 25/10/24 02:54:26 INFO SecurityManager: Changing view acls groups to:
[2025-10-24T02:54:26.969+0000] {spark_submit.py:492} INFO - 25/10/24 02:54:26 INFO SecurityManager: Changing modify acls groups to:
[2025-10-24T02:54:26.970+0000] {spark_submit.py:492} INFO - 25/10/24 02:54:26 INFO SecurityManager: SecurityManager: authentication disabled; ui acls disabled; users with view permissions: ***; groups with view permissions: EMPTY; users with modify permissions: ***; groups with modify permissions: EMPTY
[2025-10-24T02:54:28.380+0000] {spark_submit.py:492} INFO - 25/10/24 02:54:28 INFO Utils: Successfully started service 'sparkDriver' on port 43595.
[2025-10-24T02:54:28.482+0000] {spark_submit.py:492} INFO - 25/10/24 02:54:28 INFO SparkEnv: Registering MapOutputTracker
[2025-10-24T02:54:28.748+0000] {spark_submit.py:492} INFO - 25/10/24 02:54:28 INFO SparkEnv: Registering BlockManagerMaster
[2025-10-24T02:54:28.845+0000] {spark_submit.py:492} INFO - 25/10/24 02:54:28 INFO BlockManagerMasterEndpoint: Using org.apache.spark.storage.DefaultTopologyMapper for getting topology information
[2025-10-24T02:54:28.848+0000] {spark_submit.py:492} INFO - 25/10/24 02:54:28 INFO BlockManagerMasterEndpoint: BlockManagerMasterEndpoint up
[2025-10-24T02:54:28.861+0000] {spark_submit.py:492} INFO - 25/10/24 02:54:28 INFO SparkEnv: Registering BlockManagerMasterHeartbeat
[2025-10-24T02:54:29.054+0000] {spark_submit.py:492} INFO - 25/10/24 02:54:29 INFO DiskBlockManager: Created local directory at /tmp/blockmgr-5458f4c4-5443-4873-b8f4-490dc30609f3
[2025-10-24T02:54:29.160+0000] {spark_submit.py:492} INFO - 25/10/24 02:54:29 INFO MemoryStore: MemoryStore started with capacity 413.9 MiB
[2025-10-24T02:54:29.245+0000] {spark_submit.py:492} INFO - 25/10/24 02:54:29 INFO SparkEnv: Registering OutputCommitCoordinator
[2025-10-24T02:54:29.780+0000] {spark_submit.py:492} INFO - 25/10/24 02:54:29 INFO JettyUtils: Start Jetty 0.0.0.0:4040 for SparkUI
[2025-10-24T02:54:30.092+0000] {spark_submit.py:492} INFO - 25/10/24 02:54:30 INFO Utils: Successfully started service 'SparkUI' on port 4040.
[2025-10-24T02:54:30.649+0000] {spark_submit.py:492} INFO - 25/10/24 02:54:30 INFO Executor: Starting executor ID driver on host 2ef039423968
[2025-10-24T02:54:30.650+0000] {spark_submit.py:492} INFO - 25/10/24 02:54:30 INFO Executor: OS info Linux, 6.6.87.2-microsoft-standard-WSL2, amd64
[2025-10-24T02:54:30.654+0000] {spark_submit.py:492} INFO - 25/10/24 02:54:30 INFO Executor: Java version 17.0.16
[2025-10-24T02:54:30.670+0000] {spark_submit.py:492} INFO - 25/10/24 02:54:30 INFO Executor: Starting executor with user classpath (userClassPathFirst = false): ''
[2025-10-24T02:54:30.672+0000] {spark_submit.py:492} INFO - 25/10/24 02:54:30 INFO Executor: Created or updated repl class loader org.apache.spark.util.MutableURLClassLoader@36e34fd0 for default.
[2025-10-24T02:54:30.852+0000] {spark_submit.py:492} INFO - 25/10/24 02:54:30 INFO Utils: Successfully started service 'org.apache.spark.network.netty.NettyBlockTransferService' on port 39989.
[2025-10-24T02:54:30.857+0000] {spark_submit.py:492} INFO - 25/10/24 02:54:30 INFO NettyBlockTransferService: Server created on 2ef039423968:39989
[2025-10-24T02:54:30.867+0000] {spark_submit.py:492} INFO - 25/10/24 02:54:30 INFO BlockManager: Using org.apache.spark.storage.RandomBlockReplicationPolicy for block replication policy
[2025-10-24T02:54:30.883+0000] {spark_submit.py:492} INFO - 25/10/24 02:54:30 INFO BlockManagerMaster: Registering BlockManager BlockManagerId(driver, 2ef039423968, 39989, None)
[2025-10-24T02:54:30.945+0000] {spark_submit.py:492} INFO - 25/10/24 02:54:30 INFO BlockManagerMasterEndpoint: Registering block manager 2ef039423968:39989 with 413.9 MiB RAM, BlockManagerId(driver, 2ef039423968, 39989, None)
[2025-10-24T02:54:30.951+0000] {spark_submit.py:492} INFO - 25/10/24 02:54:30 INFO BlockManagerMaster: Registered BlockManager BlockManagerId(driver, 2ef039423968, 39989, None)
[2025-10-24T02:54:30.955+0000] {spark_submit.py:492} INFO - 25/10/24 02:54:30 INFO BlockManager: Initialized BlockManager: BlockManagerId(driver, 2ef039423968, 39989, None)
[2025-10-24T02:54:33.464+0000] {spark_submit.py:492} INFO - 25/10/24 02:54:33 INFO SharedState: Setting hive.metastore.warehouse.dir ('null') to the value of spark.sql.warehouse.dir.
[2025-10-24T02:54:33.484+0000] {spark_submit.py:492} INFO - 25/10/24 02:54:33 INFO SharedState: Warehouse path is 'file:/opt/***/spark-warehouse'.
[2025-10-24T02:54:37.774+0000] {spark_submit.py:492} INFO - 25/10/24 02:54:37 INFO InMemoryFileIndex: It took 211 ms to list leaf files for 1 paths.
[2025-10-24T02:54:38.252+0000] {spark_submit.py:492} INFO - 25/10/24 02:54:38 INFO InMemoryFileIndex: It took 74 ms to list leaf files for 1 paths.
[2025-10-24T02:54:54.251+0000] {spark_submit.py:492} INFO - 25/10/24 02:54:54 INFO FileSourceStrategy: Pushed Filters:
[2025-10-24T02:54:54.268+0000] {spark_submit.py:492} INFO - 25/10/24 02:54:54 INFO FileSourceStrategy: Post-Scan Filters: (length(trim(value#0, None)) > 0)
[2025-10-24T02:55:05.280+0000] {spark_submit.py:492} INFO - 25/10/24 02:55:05 INFO CodeGenerator: Code generated in 4513.935451 ms
[2025-10-24T02:55:07.682+0000] {spark_submit.py:492} INFO - 25/10/24 02:55:07 INFO MemoryStore: Block broadcast_0 stored as values in memory (estimated size 199.4 KiB, free 413.7 MiB)
[2025-10-24T02:55:09.523+0000] {spark_submit.py:492} INFO - 25/10/24 02:55:09 INFO MemoryStore: Block broadcast_0_piece0 stored as bytes in memory (estimated size 34.2 KiB, free 413.7 MiB)
[2025-10-24T02:55:09.534+0000] {spark_submit.py:492} INFO - 25/10/24 02:55:09 INFO BlockManagerInfo: Added broadcast_0_piece0 in memory on 2ef039423968:39989 (size: 34.2 KiB, free: 413.9 MiB)
[2025-10-24T02:55:09.585+0000] {spark_submit.py:492} INFO - 25/10/24 02:55:09 INFO SparkContext: Created broadcast 0 from csv at NativeMethodAccessorImpl.java:0
[2025-10-24T02:55:09.699+0000] {spark_submit.py:492} INFO - 25/10/24 02:55:09 INFO FileSourceScanExec: Planning scan with bin packing, max size: 4194965 bytes, open cost is considered as scanning 4194304 bytes.
[2025-10-24T02:55:11.467+0000] {spark_submit.py:492} INFO - 25/10/24 02:55:11 INFO SparkContext: Starting job: csv at NativeMethodAccessorImpl.java:0
[2025-10-24T02:55:11.573+0000] {spark_submit.py:492} INFO - 25/10/24 02:55:11 INFO DAGScheduler: Got job 0 (csv at NativeMethodAccessorImpl.java:0) with 1 output partitions
[2025-10-24T02:55:11.583+0000] {spark_submit.py:492} INFO - 25/10/24 02:55:11 INFO DAGScheduler: Final stage: ResultStage 0 (csv at NativeMethodAccessorImpl.java:0)
[2025-10-24T02:55:11.584+0000] {spark_submit.py:492} INFO - 25/10/24 02:55:11 INFO DAGScheduler: Parents of final stage: List()
[2025-10-24T02:55:11.588+0000] {spark_submit.py:492} INFO - 25/10/24 02:55:11 INFO DAGScheduler: Missing parents: List()
[2025-10-24T02:55:11.601+0000] {spark_submit.py:492} INFO - 25/10/24 02:55:11 INFO DAGScheduler: Submitting ResultStage 0 (MapPartitionsRDD[3] at csv at NativeMethodAccessorImpl.java:0), which has no missing parents
[2025-10-24T02:55:13.089+0000] {spark_submit.py:492} INFO - 25/10/24 02:55:13 INFO AsyncEventQueue: Process of event SparkListenerJobStart(0,1761274511580,WrappedArray(org.apache.spark.scheduler.StageInfo@7644eeea),{spark.driver.port=43595, spark.master=local, spark.submit.pyFiles=, spark.app.startTime=1761274465669, spark.rdd.compress=True, spark.executor.id=driver, spark.app.name=PySpark Example, spark.submit.deployMode=client, spark.driver.host=2ef039423968, spark.app.id=local-1761274470542, spark.app.submitTime=1761274447382, spark.executor.extraJavaOptions=-Djava.net.preferIPv6Addresses=false -XX:+IgnoreUnrecognizedVMOptions --add-opens=java.base/java.lang=ALL-UNNAMED --add-opens=java.base/java.lang.invoke=ALL-UNNAMED --add-opens=java.base/java.lang.reflect=ALL-UNNAMED --add-opens=java.base/java.io=ALL-UNNAMED --add-opens=java.base/java.net=ALL-UNNAMED --add-opens=java.base/java.nio=ALL-UNNAMED --add-opens=java.base/java.util=ALL-UNNAMED --add-opens=java.base/java.util.concurrent=ALL-UNNAMED --add-opens=java.base/java.util.concurrent.atomic=ALL-UNNAMED --add-opens=java.base/jdk.internal.ref=ALL-UNNAMED --add-opens=java.base/sun.nio.ch=ALL-UNNAMED --add-opens=java.base/sun.nio.cs=ALL-UNNAMED --add-opens=java.base/sun.security.action=ALL-UNNAMED --add-opens=java.base/sun.util.calendar=ALL-UNNAMED --add-opens=java.security.jgss/sun.security.krb5=ALL-UNNAMED -Djdk.reflect.useDirectMethodHandle=false, spark.sql.execution.id=0, spark.sql.execution.root.id=0, spark.sql.warehouse.dir=file:/opt/***/spark-warehouse, spark.serializer.objectStreamReset=100, spark.driver.extraJavaOptions=-Djava.net.preferIPv6Addresses=false -XX:+IgnoreUnrecognizedVMOptions --add-opens=java.base/java.lang=ALL-UNNAMED --add-opens=java.base/java.lang.invoke=ALL-UNNAMED --add-opens=java.base/java.lang.reflect=ALL-UNNAMED --add-opens=java.base/java.io=ALL-UNNAMED --add-opens=java.base/java.net=ALL-UNNAMED --add-opens=java.base/java.nio=ALL-UNNAMED --add-opens=java.base/java.util=ALL-UNNAMED --add-opens=java.base/java.util.concurrent=ALL-UNNAMED --add-opens=java.base/java.util.concurrent.atomic=ALL-UNNAMED --add-opens=java.base/jdk.internal.ref=ALL-UNNAMED --add-opens=java.base/sun.nio.ch=ALL-UNNAMED --add-opens=java.base/sun.nio.cs=ALL-UNNAMED --add-opens=java.base/sun.security.action=ALL-UNNAMED --add-opens=java.base/sun.util.calendar=ALL-UNNAMED --add-opens=java.security.jgss/sun.security.krb5=ALL-UNNAMED -Djdk.reflect.useDirectMethodHandle=false}) by listener AppStatusListener took 1.49097736s.
[2025-10-24T02:55:14.170+0000] {spark_submit.py:492} INFO - 25/10/24 02:55:14 INFO MemoryStore: Block broadcast_1 stored as values in memory (estimated size 13.5 KiB, free 413.7 MiB)
[2025-10-24T02:55:14.177+0000] {spark_submit.py:492} INFO - 25/10/24 02:55:14 INFO MemoryStore: Block broadcast_1_piece0 stored as bytes in memory (estimated size 6.4 KiB, free 413.7 MiB)
[2025-10-24T02:55:14.194+0000] {spark_submit.py:492} INFO - 25/10/24 02:55:14 INFO BlockManagerInfo: Added broadcast_1_piece0 in memory on 2ef039423968:39989 (size: 6.4 KiB, free: 413.9 MiB)
[2025-10-24T02:55:14.198+0000] {spark_submit.py:492} INFO - 25/10/24 02:55:14 INFO SparkContext: Created broadcast 1 from broadcast at DAGScheduler.scala:1585
[2025-10-24T02:55:14.476+0000] {spark_submit.py:492} INFO - 25/10/24 02:55:14 INFO DAGScheduler: Submitting 1 missing tasks from ResultStage 0 (MapPartitionsRDD[3] at csv at NativeMethodAccessorImpl.java:0) (first 15 tasks are for partitions Vector(0))
[2025-10-24T02:55:14.567+0000] {spark_submit.py:492} INFO - 25/10/24 02:55:14 INFO TaskSchedulerImpl: Adding task set 0.0 with 1 tasks resource profile 0
[2025-10-24T02:55:15.189+0000] {spark_submit.py:492} INFO - 25/10/24 02:55:15 INFO TaskSetManager: Starting task 0.0 in stage 0.0 (TID 0) (2ef039423968, executor driver, partition 0, PROCESS_LOCAL, 8214 bytes)
[2025-10-24T02:55:15.394+0000] {spark_submit.py:492} INFO - 25/10/24 02:55:15 INFO Executor: Running task 0.0 in stage 0.0 (TID 0)
[2025-10-24T02:55:17.187+0000] {spark_submit.py:492} INFO - 25/10/24 02:55:17 INFO CodeGenerator: Code generated in 112.084038 ms
[2025-10-24T02:55:17.193+0000] {spark_submit.py:492} INFO - 25/10/24 02:55:17 INFO FileScanRDD: Reading File path: file:///opt/***/include/data.csv, range: 0-661, partition values: [empty row]
[2025-10-24T02:55:17.378+0000] {spark_submit.py:492} INFO - 25/10/24 02:55:17 INFO CodeGenerator: Code generated in 98.071598 ms
[2025-10-24T02:55:19.003+0000] {spark_submit.py:492} INFO - 25/10/24 02:55:19 INFO Executor: Finished task 0.0 in stage 0.0 (TID 0). 1727 bytes result sent to driver
[2025-10-24T02:55:19.180+0000] {spark_submit.py:492} INFO - 25/10/24 02:55:19 INFO TaskSetManager: Finished task 0.0 in stage 0.0 (TID 0) in 4090 ms on 2ef039423968 (executor driver) (1/1)
[2025-10-24T02:55:19.300+0000] {spark_submit.py:492} INFO - 25/10/24 02:55:19 INFO TaskSchedulerImpl: Removed TaskSet 0.0, whose tasks have all completed, from pool
[2025-10-24T02:55:19.385+0000] {spark_submit.py:492} INFO - 25/10/24 02:55:19 INFO DAGScheduler: ResultStage 0 (csv at NativeMethodAccessorImpl.java:0) finished in 6.796 s
[2025-10-24T02:55:19.393+0000] {spark_submit.py:492} INFO - 25/10/24 02:55:19 INFO DAGScheduler: Job 0 is finished. Cancelling potential speculative or zombie tasks for this job
[2025-10-24T02:55:19.409+0000] {spark_submit.py:492} INFO - 25/10/24 02:55:19 INFO TaskSchedulerImpl: Killing all running tasks in stage 0: Stage finished
[2025-10-24T02:55:19.474+0000] {spark_submit.py:492} INFO - 25/10/24 02:55:19 INFO DAGScheduler: Job 0 finished: csv at NativeMethodAccessorImpl.java:0, took 7.937311 s
[2025-10-24T02:55:19.783+0000] {spark_submit.py:492} INFO - 25/10/24 02:55:19 INFO CodeGenerator: Code generated in 274.086076 ms
[2025-10-24T02:55:20.288+0000] {spark_submit.py:492} INFO - 25/10/24 02:55:20 INFO FileSourceStrategy: Pushed Filters:
[2025-10-24T02:55:20.292+0000] {spark_submit.py:492} INFO - 25/10/24 02:55:20 INFO FileSourceStrategy: Post-Scan Filters:
[2025-10-24T02:55:20.369+0000] {spark_submit.py:492} INFO - 25/10/24 02:55:20 INFO MemoryStore: Block broadcast_2 stored as values in memory (estimated size 199.4 KiB, free 413.5 MiB)
[2025-10-24T02:55:20.396+0000] {spark_submit.py:492} INFO - 25/10/24 02:55:20 INFO MemoryStore: Block broadcast_2_piece0 stored as bytes in memory (estimated size 34.2 KiB, free 413.4 MiB)
[2025-10-24T02:55:20.469+0000] {spark_submit.py:492} INFO - 25/10/24 02:55:20 INFO BlockManagerInfo: Added broadcast_2_piece0 in memory on 2ef039423968:39989 (size: 34.2 KiB, free: 413.9 MiB)
[2025-10-24T02:55:20.481+0000] {spark_submit.py:492} INFO - 25/10/24 02:55:20 INFO SparkContext: Created broadcast 2 from csv at NativeMethodAccessorImpl.java:0
[2025-10-24T02:55:20.569+0000] {spark_submit.py:492} INFO - 25/10/24 02:55:20 INFO FileSourceScanExec: Planning scan with bin packing, max size: 4194965 bytes, open cost is considered as scanning 4194304 bytes.
[2025-10-24T02:55:21.210+0000] {spark_submit.py:492} INFO - 25/10/24 02:55:21 INFO FileSourceStrategy: Pushed Filters:
[2025-10-24T02:55:21.212+0000] {spark_submit.py:492} INFO - 25/10/24 02:55:21 INFO FileSourceStrategy: Post-Scan Filters:
[2025-10-24T02:55:21.680+0000] {spark_submit.py:492} INFO - 25/10/24 02:55:21 INFO CodeGenerator: Code generated in 197.665595 ms
[2025-10-24T02:55:21.690+0000] {spark_submit.py:492} INFO - 25/10/24 02:55:21 INFO MemoryStore: Block broadcast_3 stored as values in memory (estimated size 199.3 KiB, free 413.3 MiB)
[2025-10-24T02:55:21.803+0000] {spark_submit.py:492} INFO - 25/10/24 02:55:21 INFO MemoryStore: Block broadcast_3_piece0 stored as bytes in memory (estimated size 34.2 KiB, free 413.2 MiB)
[2025-10-24T02:55:21.806+0000] {spark_submit.py:492} INFO - 25/10/24 02:55:21 INFO BlockManagerInfo: Added broadcast_3_piece0 in memory on 2ef039423968:39989 (size: 34.2 KiB, free: 413.8 MiB)
[2025-10-24T02:55:21.869+0000] {spark_submit.py:492} INFO - 25/10/24 02:55:21 INFO SparkContext: Created broadcast 3 from showString at NativeMethodAccessorImpl.java:0
[2025-10-24T02:55:21.894+0000] {spark_submit.py:492} INFO - 25/10/24 02:55:21 INFO FileSourceScanExec: Planning scan with bin packing, max size: 4194965 bytes, open cost is considered as scanning 4194304 bytes.
[2025-10-24T02:55:21.998+0000] {spark_submit.py:492} INFO - 25/10/24 02:55:21 INFO SparkContext: Starting job: showString at NativeMethodAccessorImpl.java:0
[2025-10-24T02:55:22.000+0000] {spark_submit.py:492} INFO - 25/10/24 02:55:22 INFO DAGScheduler: Got job 1 (showString at NativeMethodAccessorImpl.java:0) with 1 output partitions
[2025-10-24T02:55:22.002+0000] {spark_submit.py:492} INFO - 25/10/24 02:55:22 INFO DAGScheduler: Final stage: ResultStage 1 (showString at NativeMethodAccessorImpl.java:0)
[2025-10-24T02:55:22.067+0000] {spark_submit.py:492} INFO - 25/10/24 02:55:22 INFO DAGScheduler: Parents of final stage: List()
[2025-10-24T02:55:22.077+0000] {spark_submit.py:492} INFO - 25/10/24 02:55:22 INFO DAGScheduler: Missing parents: List()
[2025-10-24T02:55:22.078+0000] {spark_submit.py:492} INFO - 25/10/24 02:55:22 INFO DAGScheduler: Submitting ResultStage 1 (MapPartitionsRDD[13] at showString at NativeMethodAccessorImpl.java:0), which has no missing parents
[2025-10-24T02:55:22.087+0000] {spark_submit.py:492} INFO - 25/10/24 02:55:22 INFO MemoryStore: Block broadcast_4 stored as values in memory (estimated size 18.0 KiB, free 413.2 MiB)
[2025-10-24T02:55:22.092+0000] {spark_submit.py:492} INFO - 25/10/24 02:55:22 INFO MemoryStore: Block broadcast_4_piece0 stored as bytes in memory (estimated size 8.0 KiB, free 413.2 MiB)
[2025-10-24T02:55:22.093+0000] {spark_submit.py:492} INFO - 25/10/24 02:55:22 INFO BlockManagerInfo: Added broadcast_4_piece0 in memory on 2ef039423968:39989 (size: 8.0 KiB, free: 413.8 MiB)
[2025-10-24T02:55:22.095+0000] {spark_submit.py:492} INFO - 25/10/24 02:55:22 INFO SparkContext: Created broadcast 4 from broadcast at DAGScheduler.scala:1585
[2025-10-24T02:55:22.099+0000] {spark_submit.py:492} INFO - 25/10/24 02:55:22 INFO DAGScheduler: Submitting 1 missing tasks from ResultStage 1 (MapPartitionsRDD[13] at showString at NativeMethodAccessorImpl.java:0) (first 15 tasks are for partitions Vector(0))
[2025-10-24T02:55:22.100+0000] {spark_submit.py:492} INFO - 25/10/24 02:55:22 INFO TaskSchedulerImpl: Adding task set 1.0 with 1 tasks resource profile 0
[2025-10-24T02:55:22.101+0000] {spark_submit.py:492} INFO - 25/10/24 02:55:22 INFO TaskSetManager: Starting task 0.0 in stage 1.0 (TID 1) (2ef039423968, executor driver, partition 0, PROCESS_LOCAL, 8214 bytes)
[2025-10-24T02:55:22.172+0000] {spark_submit.py:492} INFO - 25/10/24 02:55:22 INFO Executor: Running task 0.0 in stage 1.0 (TID 1)
[2025-10-24T02:55:22.489+0000] {spark_submit.py:492} INFO - 25/10/24 02:55:22 INFO CodeGenerator: Code generated in 196.795586 ms
[2025-10-24T02:55:22.490+0000] {spark_submit.py:492} INFO - 25/10/24 02:55:22 INFO FileScanRDD: Reading File path: file:///opt/***/include/data.csv, range: 0-661, partition values: [empty row]
[2025-10-24T02:55:22.684+0000] {spark_submit.py:492} INFO - 25/10/24 02:55:22 INFO CodeGenerator: Code generated in 88.640381 ms
[2025-10-24T02:55:22.908+0000] {spark_submit.py:492} INFO - 25/10/24 02:55:22 INFO Executor: Finished task 0.0 in stage 1.0 (TID 1). 2262 bytes result sent to driver
[2025-10-24T02:55:22.913+0000] {spark_submit.py:492} INFO - 25/10/24 02:55:22 INFO TaskSetManager: Finished task 0.0 in stage 1.0 (TID 1) in 813 ms on 2ef039423968 (executor driver) (1/1)
[2025-10-24T02:55:22.914+0000] {spark_submit.py:492} INFO - 25/10/24 02:55:22 INFO TaskSchedulerImpl: Removed TaskSet 1.0, whose tasks have all completed, from pool
[2025-10-24T02:55:22.968+0000] {spark_submit.py:492} INFO - 25/10/24 02:55:22 INFO DAGScheduler: ResultStage 1 (showString at NativeMethodAccessorImpl.java:0) finished in 0.895 s
[2025-10-24T02:55:22.981+0000] {spark_submit.py:492} INFO - 25/10/24 02:55:22 INFO DAGScheduler: Job 1 is finished. Cancelling potential speculative or zombie tasks for this job
[2025-10-24T02:55:22.989+0000] {spark_submit.py:492} INFO - 25/10/24 02:55:22 INFO TaskSchedulerImpl: Killing all running tasks in stage 1: Stage finished
[2025-10-24T02:55:22.994+0000] {spark_submit.py:492} INFO - 25/10/24 02:55:22 INFO DAGScheduler: Job 1 finished: showString at NativeMethodAccessorImpl.java:0, took 0.973870 s
[2025-10-24T02:55:23.293+0000] {spark_submit.py:492} INFO - 25/10/24 02:55:23 INFO CodeGenerator: Code generated in 215.073003 ms
[2025-10-24T02:55:23.405+0000] {spark_submit.py:492} INFO - +----------+----------+-----------+--------+----------+-----------+-----------+------+
[2025-10-24T02:55:23.408+0000] {spark_submit.py:492} INFO - |      date|   product|   category|quantity|unit_price|total_sales|customer_id|region|
[2025-10-24T02:55:23.465+0000] {spark_submit.py:492} INFO - +----------+----------+-----------+--------+----------+-----------+-----------+------+
[2025-10-24T02:55:23.466+0000] {spark_submit.py:492} INFO - |2024-01-01|    Laptop|Electronics|       2|    999.99|    1999.98|       C001| North|
[2025-10-24T02:55:23.468+0000] {spark_submit.py:492} INFO - |2024-01-01|     Mouse|Electronics|       5|     29.99|     149.95|       C002| South|
[2025-10-24T02:55:23.477+0000] {spark_submit.py:492} INFO - |2024-01-02|  Keyboard|Electronics|       3|     89.99|     269.97|       C003|  East|
[2025-10-24T02:55:23.478+0000] {spark_submit.py:492} INFO - |2024-01-02|   Monitor|Electronics|       1|    299.99|     299.99|       C001| North|
[2025-10-24T02:55:23.479+0000] {spark_submit.py:492} INFO - |2024-01-03|Headphones|Electronics|       4|     79.99|     319.96|       C004|  West|
[2025-10-24T02:55:23.480+0000] {spark_submit.py:492} INFO - |2024-01-03| SSD Drive|Electronics|       2|    159.99|     319.98|       C005| South|
[2025-10-24T02:55:23.482+0000] {spark_submit.py:492} INFO - |2024-01-04|    Webcam|Electronics|       3|     69.99|     209.97|       C002| South|
[2025-10-24T02:55:23.483+0000] {spark_submit.py:492} INFO - |2024-01-04| USB Cable|Accessories|      10|      9.99|      99.90|       C003|  East|
[2025-10-24T02:55:23.484+0000] {spark_submit.py:492} INFO - |2024-01-05|Power Bank|Accessories|       5|     49.99|     249.95|25/10/24 02:55:23 INFO SparkContext: SparkContext is stopping with exitCode 0.
[2025-10-24T02:55:23.485+0000] {spark_submit.py:492} INFO - C004|  West|
[2025-10-24T02:55:23.486+0000] {spark_submit.py:492} INFO - |2024-01-05|Phone Case|Accessories|       8|     19.99|     159.92|       C005| South|
[2025-10-24T02:55:23.489+0000] {spark_submit.py:492} INFO - +----------+----------+-----------+--------+----------+-----------+-----------+------+
[2025-10-24T02:55:23.490+0000] {spark_submit.py:492} INFO - 
[2025-10-24T02:55:23.570+0000] {spark_submit.py:492} INFO - 25/10/24 02:55:23 INFO SparkUI: Stopped Spark web UI at http://2ef039423968:4040
[2025-10-24T02:55:23.737+0000] {spark_submit.py:492} INFO - 25/10/24 02:55:23 INFO MapOutputTrackerMasterEndpoint: MapOutputTrackerMasterEndpoint stopped!
[2025-10-24T02:55:23.802+0000] {spark_submit.py:492} INFO - 25/10/24 02:55:23 INFO MemoryStore: MemoryStore cleared
[2025-10-24T02:55:23.803+0000] {spark_submit.py:492} INFO - 25/10/24 02:55:23 INFO BlockManager: BlockManager stopped
[2025-10-24T02:55:23.885+0000] {spark_submit.py:492} INFO - 25/10/24 02:55:23 INFO BlockManagerMaster: BlockManagerMaster stopped
[2025-10-24T02:55:23.889+0000] {spark_submit.py:492} INFO - 25/10/24 02:55:23 INFO OutputCommitCoordinator$OutputCommitCoordinatorEndpoint: OutputCommitCoordinator stopped!
[2025-10-24T02:55:23.985+0000] {spark_submit.py:492} INFO - 25/10/24 02:55:23 INFO SparkContext: Successfully stopped SparkContext
[2025-10-24T02:55:24.548+0000] {spark_submit.py:492} INFO - 25/10/24 02:55:24 INFO ShutdownHookManager: Shutdown hook called
[2025-10-24T02:55:24.550+0000] {spark_submit.py:492} INFO - 25/10/24 02:55:24 INFO ShutdownHookManager: Deleting directory /tmp/spark-dda67182-db37-45cc-af81-a24aa4b43b42
[2025-10-24T02:55:24.593+0000] {spark_submit.py:492} INFO - 25/10/24 02:55:24 INFO ShutdownHookManager: Deleting directory /tmp/spark-dda67182-db37-45cc-af81-a24aa4b43b42/pyspark-e027cb77-46d8-447a-b7c5-b69c13a04e13
[2025-10-24T02:55:24.780+0000] {spark_submit.py:492} INFO - 25/10/24 02:55:24 INFO ShutdownHookManager: Deleting directory /tmp/spark-ada887d3-5a38-42de-a417-c2856b98ec47
[2025-10-24T02:55:25.043+0000] {taskinstance.py:1138} INFO - Marking task as SUCCESS. dag_id=my_dag, task_id=submit_job, execution_date=20251024T025337, start_date=20251024T025353, end_date=20251024T025525
[2025-10-24T02:55:25.380+0000] {local_task_job_runner.py:234} INFO - Task exited with return code 0
[2025-10-24T02:55:25.409+0000] {taskinstance.py:3280} INFO - 0 downstream tasks scheduled from follow-on schedule check
