[2025-10-11T01:45:06.142+0000] {processor.py:161} INFO - Started process (PID=40) to work on /opt/airflow/dags/my_dag.py
[2025-10-11T01:45:06.151+0000] {processor.py:830} INFO - Processing file /opt/airflow/dags/my_dag.py for tasks to queue
[2025-10-11T01:45:06.221+0000] {logging_mixin.py:188} INFO - [2025-10-11T01:45:06.221+0000] {dagbag.py:538} INFO - Filling up the DagBag from /opt/airflow/dags/my_dag.py
[2025-10-11T01:45:21.033+0000] {processor.py:840} INFO - DAG(s) 'my_dag' retrieved from /opt/airflow/dags/my_dag.py
[2025-10-11T01:45:21.224+0000] {logging_mixin.py:188} INFO - [2025-10-11T01:45:21.223+0000] {dag.py:3036} INFO - Sync 1 DAGs
[2025-10-11T01:45:21.273+0000] {logging_mixin.py:188} INFO - [2025-10-11T01:45:21.271+0000] {dag.py:3823} INFO - Setting next_dagrun for my_dag to None, run_after=None
[2025-10-11T01:45:21.401+0000] {processor.py:183} INFO - Processing /opt/airflow/dags/my_dag.py took 12.817 seconds
[2025-10-11T01:45:52.883+0000] {processor.py:161} INFO - Started process (PID=58) to work on /opt/airflow/dags/my_dag.py
[2025-10-11T01:45:52.891+0000] {processor.py:830} INFO - Processing file /opt/airflow/dags/my_dag.py for tasks to queue
[2025-10-11T01:45:52.933+0000] {logging_mixin.py:188} INFO - [2025-10-11T01:45:52.915+0000] {dagbag.py:538} INFO - Filling up the DagBag from /opt/airflow/dags/my_dag.py
[2025-10-11T01:46:10.129+0000] {processor.py:840} INFO - DAG(s) 'my_dag' retrieved from /opt/airflow/dags/my_dag.py
[2025-10-11T01:46:10.434+0000] {logging_mixin.py:188} INFO - [2025-10-11T01:46:10.433+0000] {dag.py:3036} INFO - Sync 1 DAGs
[2025-10-11T01:46:10.519+0000] {logging_mixin.py:188} INFO - [2025-10-11T01:46:10.519+0000] {dag.py:3823} INFO - Setting next_dagrun for my_dag to None, run_after=None
[2025-10-11T01:46:10.727+0000] {processor.py:183} INFO - Processing /opt/airflow/dags/my_dag.py took 17.892 seconds
[2025-10-11T01:46:41.077+0000] {processor.py:161} INFO - Started process (PID=69) to work on /opt/airflow/dags/my_dag.py
[2025-10-11T01:46:41.080+0000] {processor.py:830} INFO - Processing file /opt/airflow/dags/my_dag.py for tasks to queue
[2025-10-11T01:46:41.084+0000] {logging_mixin.py:188} INFO - [2025-10-11T01:46:41.084+0000] {dagbag.py:538} INFO - Filling up the DagBag from /opt/airflow/dags/my_dag.py
[2025-10-11T01:46:45.951+0000] {processor.py:840} INFO - DAG(s) 'my_dag' retrieved from /opt/airflow/dags/my_dag.py
[2025-10-11T01:46:46.124+0000] {logging_mixin.py:188} INFO - [2025-10-11T01:46:46.123+0000] {dag.py:3036} INFO - Sync 1 DAGs
[2025-10-11T01:46:46.224+0000] {logging_mixin.py:188} INFO - [2025-10-11T01:46:46.224+0000] {dag.py:3823} INFO - Setting next_dagrun for my_dag to None, run_after=None
[2025-10-11T01:46:46.347+0000] {processor.py:183} INFO - Processing /opt/airflow/dags/my_dag.py took 5.280 seconds
[2025-10-11T01:47:17.072+0000] {processor.py:161} INFO - Started process (PID=79) to work on /opt/airflow/dags/my_dag.py
[2025-10-11T01:47:17.075+0000] {processor.py:830} INFO - Processing file /opt/airflow/dags/my_dag.py for tasks to queue
[2025-10-11T01:47:17.080+0000] {logging_mixin.py:188} INFO - [2025-10-11T01:47:17.079+0000] {dagbag.py:538} INFO - Filling up the DagBag from /opt/airflow/dags/my_dag.py
[2025-10-11T01:47:18.771+0000] {processor.py:840} INFO - DAG(s) 'my_dag' retrieved from /opt/airflow/dags/my_dag.py
[2025-10-11T01:47:18.950+0000] {logging_mixin.py:188} INFO - [2025-10-11T01:47:18.949+0000] {dag.py:3036} INFO - Sync 1 DAGs
[2025-10-11T01:47:19.025+0000] {logging_mixin.py:188} INFO - [2025-10-11T01:47:19.024+0000] {dag.py:3823} INFO - Setting next_dagrun for my_dag to None, run_after=None
[2025-10-11T01:47:19.074+0000] {processor.py:183} INFO - Processing /opt/airflow/dags/my_dag.py took 2.009 seconds
[2025-10-11T01:47:49.985+0000] {processor.py:161} INFO - Started process (PID=90) to work on /opt/airflow/dags/my_dag.py
[2025-10-11T01:47:49.987+0000] {processor.py:830} INFO - Processing file /opt/airflow/dags/my_dag.py for tasks to queue
[2025-10-11T01:47:49.993+0000] {logging_mixin.py:188} INFO - [2025-10-11T01:47:49.992+0000] {dagbag.py:538} INFO - Filling up the DagBag from /opt/airflow/dags/my_dag.py
[2025-10-11T01:47:52.978+0000] {processor.py:840} INFO - DAG(s) 'my_dag' retrieved from /opt/airflow/dags/my_dag.py
[2025-10-11T01:47:53.031+0000] {logging_mixin.py:188} INFO - [2025-10-11T01:47:53.029+0000] {dag.py:3036} INFO - Sync 1 DAGs
[2025-10-11T01:47:53.079+0000] {logging_mixin.py:188} INFO - [2025-10-11T01:47:53.078+0000] {dag.py:3823} INFO - Setting next_dagrun for my_dag to None, run_after=None
[2025-10-11T01:47:53.166+0000] {processor.py:183} INFO - Processing /opt/airflow/dags/my_dag.py took 3.188 seconds
[2025-10-11T01:48:23.707+0000] {processor.py:161} INFO - Started process (PID=100) to work on /opt/airflow/dags/my_dag.py
[2025-10-11T01:48:23.714+0000] {processor.py:830} INFO - Processing file /opt/airflow/dags/my_dag.py for tasks to queue
[2025-10-11T01:48:23.723+0000] {logging_mixin.py:188} INFO - [2025-10-11T01:48:23.721+0000] {dagbag.py:538} INFO - Filling up the DagBag from /opt/airflow/dags/my_dag.py
[2025-10-11T01:48:26.488+0000] {processor.py:840} INFO - DAG(s) 'my_dag' retrieved from /opt/airflow/dags/my_dag.py
[2025-10-11T01:48:26.575+0000] {logging_mixin.py:188} INFO - [2025-10-11T01:48:26.574+0000] {dag.py:3036} INFO - Sync 1 DAGs
[2025-10-11T01:48:26.658+0000] {logging_mixin.py:188} INFO - [2025-10-11T01:48:26.657+0000] {dag.py:3823} INFO - Setting next_dagrun for my_dag to None, run_after=None
[2025-10-11T01:48:26.788+0000] {processor.py:183} INFO - Processing /opt/airflow/dags/my_dag.py took 3.096 seconds
[2025-10-11T01:48:57.844+0000] {processor.py:161} INFO - Started process (PID=110) to work on /opt/airflow/dags/my_dag.py
[2025-10-11T01:48:57.848+0000] {processor.py:830} INFO - Processing file /opt/airflow/dags/my_dag.py for tasks to queue
[2025-10-11T01:48:57.854+0000] {logging_mixin.py:188} INFO - [2025-10-11T01:48:57.853+0000] {dagbag.py:538} INFO - Filling up the DagBag from /opt/airflow/dags/my_dag.py
[2025-10-11T01:48:58.843+0000] {processor.py:840} INFO - DAG(s) 'my_dag' retrieved from /opt/airflow/dags/my_dag.py
[2025-10-11T01:48:58.886+0000] {logging_mixin.py:188} INFO - [2025-10-11T01:48:58.886+0000] {dag.py:3036} INFO - Sync 1 DAGs
[2025-10-11T01:48:58.912+0000] {logging_mixin.py:188} INFO - [2025-10-11T01:48:58.911+0000] {dag.py:3823} INFO - Setting next_dagrun for my_dag to None, run_after=None
[2025-10-11T01:48:58.967+0000] {processor.py:183} INFO - Processing /opt/airflow/dags/my_dag.py took 1.137 seconds
[2025-10-11T01:49:29.984+0000] {processor.py:161} INFO - Started process (PID=119) to work on /opt/airflow/dags/my_dag.py
[2025-10-11T01:49:29.987+0000] {processor.py:830} INFO - Processing file /opt/airflow/dags/my_dag.py for tasks to queue
[2025-10-11T01:49:29.992+0000] {logging_mixin.py:188} INFO - [2025-10-11T01:49:29.992+0000] {dagbag.py:538} INFO - Filling up the DagBag from /opt/airflow/dags/my_dag.py
[2025-10-11T01:49:31.573+0000] {processor.py:840} INFO - DAG(s) 'my_dag' retrieved from /opt/airflow/dags/my_dag.py
[2025-10-11T01:49:31.675+0000] {logging_mixin.py:188} INFO - [2025-10-11T01:49:31.673+0000] {dag.py:3036} INFO - Sync 1 DAGs
[2025-10-11T01:49:31.747+0000] {logging_mixin.py:188} INFO - [2025-10-11T01:49:31.747+0000] {dag.py:3823} INFO - Setting next_dagrun for my_dag to None, run_after=None
[2025-10-11T01:49:32.210+0000] {processor.py:183} INFO - Processing /opt/airflow/dags/my_dag.py took 2.237 seconds
[2025-10-11T01:50:03.133+0000] {processor.py:161} INFO - Started process (PID=128) to work on /opt/airflow/dags/my_dag.py
[2025-10-11T01:50:03.136+0000] {processor.py:830} INFO - Processing file /opt/airflow/dags/my_dag.py for tasks to queue
[2025-10-11T01:50:03.141+0000] {logging_mixin.py:188} INFO - [2025-10-11T01:50:03.141+0000] {dagbag.py:538} INFO - Filling up the DagBag from /opt/airflow/dags/my_dag.py
[2025-10-11T01:50:09.139+0000] {processor.py:840} INFO - DAG(s) 'my_dag' retrieved from /opt/airflow/dags/my_dag.py
[2025-10-11T01:50:09.505+0000] {logging_mixin.py:188} INFO - [2025-10-11T01:50:09.504+0000] {dag.py:3036} INFO - Sync 1 DAGs
[2025-10-11T01:50:09.614+0000] {logging_mixin.py:188} INFO - [2025-10-11T01:50:09.613+0000] {dag.py:3823} INFO - Setting next_dagrun for my_dag to None, run_after=None
[2025-10-11T01:50:09.816+0000] {processor.py:183} INFO - Processing /opt/airflow/dags/my_dag.py took 4.049 seconds
[2025-10-11T01:50:41.213+0000] {processor.py:161} INFO - Started process (PID=138) to work on /opt/airflow/dags/my_dag.py
[2025-10-11T01:50:41.739+0000] {processor.py:830} INFO - Processing file /opt/airflow/dags/my_dag.py for tasks to queue
[2025-10-11T01:50:41.767+0000] {logging_mixin.py:188} INFO - [2025-10-11T01:50:41.767+0000] {dagbag.py:538} INFO - Filling up the DagBag from /opt/airflow/dags/my_dag.py
[2025-10-11T01:50:45.957+0000] {processor.py:840} INFO - DAG(s) 'my_dag' retrieved from /opt/airflow/dags/my_dag.py
[2025-10-11T01:50:46.288+0000] {logging_mixin.py:188} INFO - [2025-10-11T01:50:46.286+0000] {dag.py:3036} INFO - Sync 1 DAGs
[2025-10-11T01:50:46.392+0000] {logging_mixin.py:188} INFO - [2025-10-11T01:50:46.392+0000] {dag.py:3823} INFO - Setting next_dagrun for my_dag to None, run_after=None
[2025-10-11T01:50:46.529+0000] {processor.py:183} INFO - Processing /opt/airflow/dags/my_dag.py took 5.816 seconds
[2025-10-11T01:51:17.309+0000] {processor.py:161} INFO - Started process (PID=150) to work on /opt/airflow/dags/my_dag.py
[2025-10-11T01:51:17.313+0000] {processor.py:830} INFO - Processing file /opt/airflow/dags/my_dag.py for tasks to queue
[2025-10-11T01:51:17.324+0000] {logging_mixin.py:188} INFO - [2025-10-11T01:51:17.322+0000] {dagbag.py:538} INFO - Filling up the DagBag from /opt/airflow/dags/my_dag.py
[2025-10-11T01:51:20.371+0000] {processor.py:840} INFO - DAG(s) 'my_dag' retrieved from /opt/airflow/dags/my_dag.py
[2025-10-11T01:51:20.519+0000] {logging_mixin.py:188} INFO - [2025-10-11T01:51:20.518+0000] {dag.py:3036} INFO - Sync 1 DAGs
[2025-10-11T01:51:20.648+0000] {logging_mixin.py:188} INFO - [2025-10-11T01:51:20.647+0000] {dag.py:3823} INFO - Setting next_dagrun for my_dag to None, run_after=None
[2025-10-11T01:51:20.795+0000] {processor.py:183} INFO - Processing /opt/airflow/dags/my_dag.py took 3.501 seconds
[2025-10-11T01:51:51.232+0000] {processor.py:161} INFO - Started process (PID=160) to work on /opt/airflow/dags/my_dag.py
[2025-10-11T01:51:51.300+0000] {processor.py:830} INFO - Processing file /opt/airflow/dags/my_dag.py for tasks to queue
[2025-10-11T01:51:51.305+0000] {logging_mixin.py:188} INFO - [2025-10-11T01:51:51.304+0000] {dagbag.py:538} INFO - Filling up the DagBag from /opt/airflow/dags/my_dag.py
[2025-10-11T01:51:54.460+0000] {processor.py:840} INFO - DAG(s) 'my_dag' retrieved from /opt/airflow/dags/my_dag.py
[2025-10-11T01:51:54.614+0000] {logging_mixin.py:188} INFO - [2025-10-11T01:51:54.604+0000] {dag.py:3036} INFO - Sync 1 DAGs
[2025-10-11T01:51:54.668+0000] {logging_mixin.py:188} INFO - [2025-10-11T01:51:54.668+0000] {dag.py:3823} INFO - Setting next_dagrun for my_dag to None, run_after=None
[2025-10-11T01:51:54.741+0000] {processor.py:183} INFO - Processing /opt/airflow/dags/my_dag.py took 3.519 seconds
[2025-10-11T01:52:25.172+0000] {processor.py:161} INFO - Started process (PID=170) to work on /opt/airflow/dags/my_dag.py
[2025-10-11T01:52:25.178+0000] {processor.py:830} INFO - Processing file /opt/airflow/dags/my_dag.py for tasks to queue
[2025-10-11T01:52:25.191+0000] {logging_mixin.py:188} INFO - [2025-10-11T01:52:25.189+0000] {dagbag.py:538} INFO - Filling up the DagBag from /opt/airflow/dags/my_dag.py
[2025-10-11T01:52:30.067+0000] {processor.py:840} INFO - DAG(s) 'my_dag' retrieved from /opt/airflow/dags/my_dag.py
[2025-10-11T01:52:30.218+0000] {logging_mixin.py:188} INFO - [2025-10-11T01:52:30.218+0000] {dag.py:3036} INFO - Sync 1 DAGs
[2025-10-11T01:52:30.280+0000] {logging_mixin.py:188} INFO - [2025-10-11T01:52:30.280+0000] {dag.py:3823} INFO - Setting next_dagrun for my_dag to None, run_after=None
[2025-10-11T01:52:30.377+0000] {processor.py:183} INFO - Processing /opt/airflow/dags/my_dag.py took 5.230 seconds
[2025-10-11T01:53:05.010+0000] {processor.py:161} INFO - Started process (PID=186) to work on /opt/airflow/dags/my_dag.py
[2025-10-11T01:53:05.020+0000] {processor.py:830} INFO - Processing file /opt/airflow/dags/my_dag.py for tasks to queue
[2025-10-11T01:53:05.024+0000] {logging_mixin.py:188} INFO - [2025-10-11T01:53:05.024+0000] {dagbag.py:538} INFO - Filling up the DagBag from /opt/airflow/dags/my_dag.py
[2025-10-11T01:53:25.291+0000] {processor.py:840} INFO - DAG(s) 'my_dag' retrieved from /opt/airflow/dags/my_dag.py
[2025-10-11T01:53:26.096+0000] {logging_mixin.py:188} INFO - [2025-10-11T01:53:26.095+0000] {dag.py:3036} INFO - Sync 1 DAGs
[2025-10-11T01:53:26.116+0000] {logging_mixin.py:188} INFO - [2025-10-11T01:53:26.116+0000] {dag.py:3823} INFO - Setting next_dagrun for my_dag to None, run_after=None
[2025-10-11T01:53:37.770+0000] {processor.py:183} INFO - Processing /opt/airflow/dags/my_dag.py took 30.226 seconds
[2025-10-11T01:54:08.441+0000] {processor.py:161} INFO - Started process (PID=198) to work on /opt/airflow/dags/my_dag.py
[2025-10-11T01:54:08.446+0000] {processor.py:830} INFO - Processing file /opt/airflow/dags/my_dag.py for tasks to queue
[2025-10-11T01:54:08.453+0000] {logging_mixin.py:188} INFO - [2025-10-11T01:54:08.452+0000] {dagbag.py:538} INFO - Filling up the DagBag from /opt/airflow/dags/my_dag.py
[2025-10-11T01:54:11.678+0000] {processor.py:840} INFO - DAG(s) 'my_dag' retrieved from /opt/airflow/dags/my_dag.py
[2025-10-11T01:54:11.975+0000] {logging_mixin.py:188} INFO - [2025-10-11T01:54:11.974+0000] {dag.py:3036} INFO - Sync 1 DAGs
[2025-10-11T01:54:12.168+0000] {logging_mixin.py:188} INFO - [2025-10-11T01:54:12.167+0000] {dag.py:3823} INFO - Setting next_dagrun for my_dag to None, run_after=None
[2025-10-11T01:54:12.395+0000] {processor.py:183} INFO - Processing /opt/airflow/dags/my_dag.py took 3.971 seconds
[2025-10-11T01:54:43.163+0000] {processor.py:161} INFO - Started process (PID=208) to work on /opt/airflow/dags/my_dag.py
[2025-10-11T01:54:43.167+0000] {processor.py:830} INFO - Processing file /opt/airflow/dags/my_dag.py for tasks to queue
[2025-10-11T01:54:43.180+0000] {logging_mixin.py:188} INFO - [2025-10-11T01:54:43.179+0000] {dagbag.py:538} INFO - Filling up the DagBag from /opt/airflow/dags/my_dag.py
[2025-10-11T01:54:46.440+0000] {processor.py:840} INFO - DAG(s) 'my_dag' retrieved from /opt/airflow/dags/my_dag.py
[2025-10-11T01:54:46.702+0000] {logging_mixin.py:188} INFO - [2025-10-11T01:54:46.701+0000] {dag.py:3036} INFO - Sync 1 DAGs
[2025-10-11T01:54:46.797+0000] {logging_mixin.py:188} INFO - [2025-10-11T01:54:46.796+0000] {dag.py:3823} INFO - Setting next_dagrun for my_dag to None, run_after=None
[2025-10-11T01:54:46.988+0000] {processor.py:183} INFO - Processing /opt/airflow/dags/my_dag.py took 3.844 seconds
[2025-10-11T01:55:17.956+0000] {processor.py:161} INFO - Started process (PID=225) to work on /opt/airflow/dags/my_dag.py
[2025-10-11T01:55:17.970+0000] {processor.py:830} INFO - Processing file /opt/airflow/dags/my_dag.py for tasks to queue
[2025-10-11T01:55:17.988+0000] {logging_mixin.py:188} INFO - [2025-10-11T01:55:17.986+0000] {dagbag.py:538} INFO - Filling up the DagBag from /opt/airflow/dags/my_dag.py
[2025-10-11T01:55:24.839+0000] {processor.py:840} INFO - DAG(s) 'my_dag' retrieved from /opt/airflow/dags/my_dag.py
[2025-10-11T01:55:25.757+0000] {logging_mixin.py:188} INFO - [2025-10-11T01:55:25.755+0000] {dag.py:3036} INFO - Sync 1 DAGs
[2025-10-11T01:55:25.963+0000] {logging_mixin.py:188} INFO - [2025-10-11T01:55:25.963+0000] {dag.py:3823} INFO - Setting next_dagrun for my_dag to None, run_after=None
[2025-10-11T01:55:26.259+0000] {processor.py:183} INFO - Processing /opt/airflow/dags/my_dag.py took 8.318 seconds
[2025-10-11T01:55:56.795+0000] {processor.py:161} INFO - Started process (PID=235) to work on /opt/airflow/dags/my_dag.py
[2025-10-11T01:55:56.798+0000] {processor.py:830} INFO - Processing file /opt/airflow/dags/my_dag.py for tasks to queue
[2025-10-11T01:55:56.803+0000] {logging_mixin.py:188} INFO - [2025-10-11T01:55:56.802+0000] {dagbag.py:538} INFO - Filling up the DagBag from /opt/airflow/dags/my_dag.py
[2025-10-11T01:56:02.679+0000] {processor.py:840} INFO - DAG(s) 'my_dag' retrieved from /opt/airflow/dags/my_dag.py
[2025-10-11T01:56:02.855+0000] {logging_mixin.py:188} INFO - [2025-10-11T01:56:02.853+0000] {dag.py:3036} INFO - Sync 1 DAGs
[2025-10-11T01:56:02.883+0000] {logging_mixin.py:188} INFO - [2025-10-11T01:56:02.882+0000] {dag.py:3823} INFO - Setting next_dagrun for my_dag to None, run_after=None
[2025-10-11T01:56:03.066+0000] {processor.py:183} INFO - Processing /opt/airflow/dags/my_dag.py took 6.291 seconds
[2025-10-11T01:56:33.499+0000] {processor.py:161} INFO - Started process (PID=245) to work on /opt/airflow/dags/my_dag.py
[2025-10-11T01:56:33.512+0000] {processor.py:830} INFO - Processing file /opt/airflow/dags/my_dag.py for tasks to queue
[2025-10-11T01:56:33.525+0000] {logging_mixin.py:188} INFO - [2025-10-11T01:56:33.524+0000] {dagbag.py:538} INFO - Filling up the DagBag from /opt/airflow/dags/my_dag.py
[2025-10-11T01:56:41.191+0000] {processor.py:840} INFO - DAG(s) 'my_dag' retrieved from /opt/airflow/dags/my_dag.py
[2025-10-11T01:56:41.332+0000] {logging_mixin.py:188} INFO - [2025-10-11T01:56:41.331+0000] {dag.py:3036} INFO - Sync 1 DAGs
[2025-10-11T01:56:41.394+0000] {logging_mixin.py:188} INFO - [2025-10-11T01:56:41.393+0000] {dag.py:3823} INFO - Setting next_dagrun for my_dag to None, run_after=None
[2025-10-11T01:56:41.712+0000] {processor.py:183} INFO - Processing /opt/airflow/dags/my_dag.py took 5.591 seconds
[2025-10-11T01:57:12.940+0000] {processor.py:161} INFO - Started process (PID=255) to work on /opt/airflow/dags/my_dag.py
[2025-10-11T01:57:12.943+0000] {processor.py:830} INFO - Processing file /opt/airflow/dags/my_dag.py for tasks to queue
[2025-10-11T01:57:12.953+0000] {logging_mixin.py:188} INFO - [2025-10-11T01:57:12.951+0000] {dagbag.py:538} INFO - Filling up the DagBag from /opt/airflow/dags/my_dag.py
[2025-10-11T01:57:14.799+0000] {processor.py:840} INFO - DAG(s) 'my_dag' retrieved from /opt/airflow/dags/my_dag.py
[2025-10-11T01:57:14.837+0000] {logging_mixin.py:188} INFO - [2025-10-11T01:57:14.836+0000] {dag.py:3036} INFO - Sync 1 DAGs
[2025-10-11T01:57:14.857+0000] {logging_mixin.py:188} INFO - [2025-10-11T01:57:14.856+0000] {dag.py:3823} INFO - Setting next_dagrun for my_dag to None, run_after=None
[2025-10-11T01:57:14.923+0000] {processor.py:183} INFO - Processing /opt/airflow/dags/my_dag.py took 1.997 seconds
[2025-10-11T01:57:45.452+0000] {processor.py:161} INFO - Started process (PID=265) to work on /opt/airflow/dags/my_dag.py
[2025-10-11T01:57:45.454+0000] {processor.py:830} INFO - Processing file /opt/airflow/dags/my_dag.py for tasks to queue
[2025-10-11T01:57:45.459+0000] {logging_mixin.py:188} INFO - [2025-10-11T01:57:45.458+0000] {dagbag.py:538} INFO - Filling up the DagBag from /opt/airflow/dags/my_dag.py
[2025-10-11T01:57:46.308+0000] {processor.py:840} INFO - DAG(s) 'my_dag' retrieved from /opt/airflow/dags/my_dag.py
[2025-10-11T01:57:46.356+0000] {logging_mixin.py:188} INFO - [2025-10-11T01:57:46.355+0000] {dag.py:3036} INFO - Sync 1 DAGs
[2025-10-11T01:57:46.386+0000] {logging_mixin.py:188} INFO - [2025-10-11T01:57:46.379+0000] {dag.py:3823} INFO - Setting next_dagrun for my_dag to None, run_after=None
[2025-10-11T01:57:46.535+0000] {processor.py:183} INFO - Processing /opt/airflow/dags/my_dag.py took 1.094 seconds
[2025-10-11T01:58:18.652+0000] {processor.py:161} INFO - Started process (PID=276) to work on /opt/airflow/dags/my_dag.py
[2025-10-11T01:58:18.673+0000] {processor.py:830} INFO - Processing file /opt/airflow/dags/my_dag.py for tasks to queue
[2025-10-11T01:58:18.684+0000] {logging_mixin.py:188} INFO - [2025-10-11T01:58:18.683+0000] {dagbag.py:538} INFO - Filling up the DagBag from /opt/airflow/dags/my_dag.py
[2025-10-11T01:58:20.620+0000] {processor.py:840} INFO - DAG(s) 'my_dag' retrieved from /opt/airflow/dags/my_dag.py
[2025-10-11T01:58:20.833+0000] {logging_mixin.py:188} INFO - [2025-10-11T01:58:20.832+0000] {dag.py:3036} INFO - Sync 1 DAGs
[2025-10-11T01:58:20.889+0000] {logging_mixin.py:188} INFO - [2025-10-11T01:58:20.889+0000] {dag.py:3823} INFO - Setting next_dagrun for my_dag to None, run_after=None
[2025-10-11T01:58:20.955+0000] {processor.py:183} INFO - Processing /opt/airflow/dags/my_dag.py took 2.321 seconds
[2025-10-11T01:58:51.401+0000] {processor.py:161} INFO - Started process (PID=287) to work on /opt/airflow/dags/my_dag.py
[2025-10-11T01:58:51.404+0000] {processor.py:830} INFO - Processing file /opt/airflow/dags/my_dag.py for tasks to queue
[2025-10-11T01:58:51.412+0000] {logging_mixin.py:188} INFO - [2025-10-11T01:58:51.410+0000] {dagbag.py:538} INFO - Filling up the DagBag from /opt/airflow/dags/my_dag.py
[2025-10-11T01:58:53.038+0000] {processor.py:840} INFO - DAG(s) 'my_dag' retrieved from /opt/airflow/dags/my_dag.py
[2025-10-11T01:58:53.177+0000] {logging_mixin.py:188} INFO - [2025-10-11T01:58:53.176+0000] {dag.py:3036} INFO - Sync 1 DAGs
[2025-10-11T01:58:53.231+0000] {logging_mixin.py:188} INFO - [2025-10-11T01:58:53.231+0000] {dag.py:3823} INFO - Setting next_dagrun for my_dag to None, run_after=None
[2025-10-11T01:58:53.365+0000] {processor.py:183} INFO - Processing /opt/airflow/dags/my_dag.py took 1.982 seconds
[2025-10-11T01:59:24.056+0000] {processor.py:161} INFO - Started process (PID=296) to work on /opt/airflow/dags/my_dag.py
[2025-10-11T01:59:24.058+0000] {processor.py:830} INFO - Processing file /opt/airflow/dags/my_dag.py for tasks to queue
[2025-10-11T01:59:24.065+0000] {logging_mixin.py:188} INFO - [2025-10-11T01:59:24.062+0000] {dagbag.py:538} INFO - Filling up the DagBag from /opt/airflow/dags/my_dag.py
[2025-10-11T01:59:25.897+0000] {processor.py:840} INFO - DAG(s) 'my_dag' retrieved from /opt/airflow/dags/my_dag.py
[2025-10-11T01:59:25.928+0000] {logging_mixin.py:188} INFO - [2025-10-11T01:59:25.927+0000] {dag.py:3036} INFO - Sync 1 DAGs
[2025-10-11T01:59:25.941+0000] {logging_mixin.py:188} INFO - [2025-10-11T01:59:25.941+0000] {dag.py:3823} INFO - Setting next_dagrun for my_dag to None, run_after=None
[2025-10-11T01:59:26.051+0000] {processor.py:183} INFO - Processing /opt/airflow/dags/my_dag.py took 2.003 seconds
[2025-10-11T01:59:56.597+0000] {processor.py:161} INFO - Started process (PID=308) to work on /opt/airflow/dags/my_dag.py
[2025-10-11T01:59:56.607+0000] {processor.py:830} INFO - Processing file /opt/airflow/dags/my_dag.py for tasks to queue
[2025-10-11T01:59:56.621+0000] {logging_mixin.py:188} INFO - [2025-10-11T01:59:56.620+0000] {dagbag.py:538} INFO - Filling up the DagBag from /opt/airflow/dags/my_dag.py
[2025-10-11T01:59:58.008+0000] {processor.py:840} INFO - DAG(s) 'my_dag' retrieved from /opt/airflow/dags/my_dag.py
[2025-10-11T01:59:58.045+0000] {logging_mixin.py:188} INFO - [2025-10-11T01:59:58.044+0000] {dag.py:3036} INFO - Sync 1 DAGs
[2025-10-11T01:59:58.062+0000] {logging_mixin.py:188} INFO - [2025-10-11T01:59:58.061+0000] {dag.py:3823} INFO - Setting next_dagrun for my_dag to None, run_after=None
[2025-10-11T01:59:58.149+0000] {processor.py:183} INFO - Processing /opt/airflow/dags/my_dag.py took 1.578 seconds
[2025-10-11T02:00:28.816+0000] {processor.py:161} INFO - Started process (PID=318) to work on /opt/airflow/dags/my_dag.py
[2025-10-11T02:00:28.819+0000] {processor.py:830} INFO - Processing file /opt/airflow/dags/my_dag.py for tasks to queue
[2025-10-11T02:00:28.822+0000] {logging_mixin.py:188} INFO - [2025-10-11T02:00:28.822+0000] {dagbag.py:538} INFO - Filling up the DagBag from /opt/airflow/dags/my_dag.py
[2025-10-11T02:00:30.005+0000] {processor.py:840} INFO - DAG(s) 'my_dag' retrieved from /opt/airflow/dags/my_dag.py
[2025-10-11T02:00:30.185+0000] {logging_mixin.py:188} INFO - [2025-10-11T02:00:30.182+0000] {dag.py:3036} INFO - Sync 1 DAGs
[2025-10-11T02:00:30.212+0000] {logging_mixin.py:188} INFO - [2025-10-11T02:00:30.211+0000] {dag.py:3823} INFO - Setting next_dagrun for my_dag to None, run_after=None
[2025-10-11T02:00:30.362+0000] {processor.py:183} INFO - Processing /opt/airflow/dags/my_dag.py took 1.552 seconds
[2025-10-11T02:01:01.436+0000] {processor.py:161} INFO - Started process (PID=326) to work on /opt/airflow/dags/my_dag.py
[2025-10-11T02:01:01.438+0000] {processor.py:830} INFO - Processing file /opt/airflow/dags/my_dag.py for tasks to queue
[2025-10-11T02:01:01.444+0000] {logging_mixin.py:188} INFO - [2025-10-11T02:01:01.443+0000] {dagbag.py:538} INFO - Filling up the DagBag from /opt/airflow/dags/my_dag.py
[2025-10-11T02:01:02.875+0000] {processor.py:840} INFO - DAG(s) 'my_dag' retrieved from /opt/airflow/dags/my_dag.py
[2025-10-11T02:01:02.959+0000] {logging_mixin.py:188} INFO - [2025-10-11T02:01:02.957+0000] {dag.py:3036} INFO - Sync 1 DAGs
[2025-10-11T02:01:02.995+0000] {logging_mixin.py:188} INFO - [2025-10-11T02:01:02.994+0000] {dag.py:3823} INFO - Setting next_dagrun for my_dag to None, run_after=None
[2025-10-11T02:01:03.165+0000] {processor.py:183} INFO - Processing /opt/airflow/dags/my_dag.py took 1.736 seconds
[2025-10-11T02:01:35.561+0000] {processor.py:161} INFO - Started process (PID=336) to work on /opt/airflow/dags/my_dag.py
[2025-10-11T02:01:35.564+0000] {processor.py:830} INFO - Processing file /opt/airflow/dags/my_dag.py for tasks to queue
[2025-10-11T02:01:35.569+0000] {logging_mixin.py:188} INFO - [2025-10-11T02:01:35.568+0000] {dagbag.py:538} INFO - Filling up the DagBag from /opt/airflow/dags/my_dag.py
[2025-10-11T02:01:36.288+0000] {processor.py:840} INFO - DAG(s) 'my_dag' retrieved from /opt/airflow/dags/my_dag.py
[2025-10-11T02:01:36.320+0000] {logging_mixin.py:188} INFO - [2025-10-11T02:01:36.319+0000] {dag.py:3036} INFO - Sync 1 DAGs
[2025-10-11T02:01:36.334+0000] {logging_mixin.py:188} INFO - [2025-10-11T02:01:36.334+0000] {dag.py:3823} INFO - Setting next_dagrun for my_dag to None, run_after=None
[2025-10-11T02:01:37.005+0000] {processor.py:183} INFO - Processing /opt/airflow/dags/my_dag.py took 1.465 seconds
[2025-10-11T02:02:09.146+0000] {processor.py:161} INFO - Started process (PID=346) to work on /opt/airflow/dags/my_dag.py
[2025-10-11T02:02:09.356+0000] {processor.py:830} INFO - Processing file /opt/airflow/dags/my_dag.py for tasks to queue
[2025-10-11T02:02:09.462+0000] {logging_mixin.py:188} INFO - [2025-10-11T02:02:09.461+0000] {dagbag.py:538} INFO - Filling up the DagBag from /opt/airflow/dags/my_dag.py
[2025-10-11T02:02:22.023+0000] {processor.py:840} INFO - DAG(s) 'my_dag' retrieved from /opt/airflow/dags/my_dag.py
[2025-10-11T02:02:22.226+0000] {logging_mixin.py:188} INFO - [2025-10-11T02:02:22.225+0000] {dag.py:3036} INFO - Sync 1 DAGs
[2025-10-11T02:02:24.320+0000] {logging_mixin.py:188} INFO - [2025-10-11T02:02:24.320+0000] {dag.py:3823} INFO - Setting next_dagrun for my_dag to None, run_after=None
[2025-10-11T02:02:24.810+0000] {processor.py:183} INFO - Processing /opt/airflow/dags/my_dag.py took 15.691 seconds
[2025-10-11T02:02:57.980+0000] {processor.py:161} INFO - Started process (PID=357) to work on /opt/airflow/dags/my_dag.py
[2025-10-11T02:02:58.034+0000] {processor.py:830} INFO - Processing file /opt/airflow/dags/my_dag.py for tasks to queue
[2025-10-11T02:02:58.090+0000] {logging_mixin.py:188} INFO - [2025-10-11T02:02:58.089+0000] {dagbag.py:538} INFO - Filling up the DagBag from /opt/airflow/dags/my_dag.py
[2025-10-11T02:03:03.356+0000] {processor.py:840} INFO - DAG(s) 'my_dag' retrieved from /opt/airflow/dags/my_dag.py
[2025-10-11T02:03:03.569+0000] {logging_mixin.py:188} INFO - [2025-10-11T02:03:03.567+0000] {dag.py:3036} INFO - Sync 1 DAGs
[2025-10-11T02:03:03.698+0000] {logging_mixin.py:188} INFO - [2025-10-11T02:03:03.697+0000] {dag.py:3823} INFO - Setting next_dagrun for my_dag to None, run_after=None
[2025-10-11T02:03:03.922+0000] {processor.py:183} INFO - Processing /opt/airflow/dags/my_dag.py took 5.961 seconds
[2025-10-11T02:03:46.049+0000] {processor.py:161} INFO - Started process (PID=373) to work on /opt/airflow/dags/my_dag.py
[2025-10-11T02:03:46.122+0000] {processor.py:830} INFO - Processing file /opt/airflow/dags/my_dag.py for tasks to queue
[2025-10-11T02:03:46.276+0000] {logging_mixin.py:188} INFO - [2025-10-11T02:03:46.275+0000] {dagbag.py:538} INFO - Filling up the DagBag from /opt/airflow/dags/my_dag.py
[2025-10-11T02:04:09.369+0000] {processor.py:840} INFO - DAG(s) 'my_dag' retrieved from /opt/airflow/dags/my_dag.py
[2025-10-11T02:04:09.578+0000] {logging_mixin.py:188} INFO - [2025-10-11T02:04:09.577+0000] {dag.py:3036} INFO - Sync 1 DAGs
[2025-10-11T02:04:09.709+0000] {logging_mixin.py:188} INFO - [2025-10-11T02:04:09.709+0000] {dag.py:3823} INFO - Setting next_dagrun for my_dag to None, run_after=None
[2025-10-11T02:04:10.029+0000] {processor.py:183} INFO - Processing /opt/airflow/dags/my_dag.py took 23.998 seconds
[2025-10-11T02:04:41.077+0000] {processor.py:161} INFO - Started process (PID=386) to work on /opt/airflow/dags/my_dag.py
[2025-10-11T02:04:41.082+0000] {processor.py:830} INFO - Processing file /opt/airflow/dags/my_dag.py for tasks to queue
[2025-10-11T02:04:41.093+0000] {logging_mixin.py:188} INFO - [2025-10-11T02:04:41.092+0000] {dagbag.py:538} INFO - Filling up the DagBag from /opt/airflow/dags/my_dag.py
[2025-10-11T02:04:42.962+0000] {processor.py:840} INFO - DAG(s) 'my_dag' retrieved from /opt/airflow/dags/my_dag.py
[2025-10-11T02:04:43.105+0000] {logging_mixin.py:188} INFO - [2025-10-11T02:04:43.104+0000] {dag.py:3036} INFO - Sync 1 DAGs
[2025-10-11T02:04:43.132+0000] {logging_mixin.py:188} INFO - [2025-10-11T02:04:43.132+0000] {dag.py:3823} INFO - Setting next_dagrun for my_dag to None, run_after=None
[2025-10-11T02:04:43.220+0000] {processor.py:183} INFO - Processing /opt/airflow/dags/my_dag.py took 2.154 seconds
[2025-10-11T02:05:18.910+0000] {processor.py:161} INFO - Started process (PID=402) to work on /opt/airflow/dags/my_dag.py
[2025-10-11T02:05:18.938+0000] {processor.py:830} INFO - Processing file /opt/airflow/dags/my_dag.py for tasks to queue
[2025-10-11T02:05:18.956+0000] {logging_mixin.py:188} INFO - [2025-10-11T02:05:18.955+0000] {dagbag.py:538} INFO - Filling up the DagBag from /opt/airflow/dags/my_dag.py
[2025-10-11T02:05:27.007+0000] {processor.py:840} INFO - DAG(s) 'my_dag' retrieved from /opt/airflow/dags/my_dag.py
[2025-10-11T02:05:27.225+0000] {logging_mixin.py:188} INFO - [2025-10-11T02:05:27.221+0000] {dag.py:3036} INFO - Sync 1 DAGs
[2025-10-11T02:05:27.442+0000] {logging_mixin.py:188} INFO - [2025-10-11T02:05:27.442+0000] {dag.py:3823} INFO - Setting next_dagrun for my_dag to None, run_after=None
[2025-10-11T02:05:27.675+0000] {processor.py:183} INFO - Processing /opt/airflow/dags/my_dag.py took 6.144 seconds
[2025-10-11T02:06:00.145+0000] {processor.py:161} INFO - Started process (PID=412) to work on /opt/airflow/dags/my_dag.py
[2025-10-11T02:06:00.170+0000] {processor.py:830} INFO - Processing file /opt/airflow/dags/my_dag.py for tasks to queue
[2025-10-11T02:06:00.190+0000] {logging_mixin.py:188} INFO - [2025-10-11T02:06:00.189+0000] {dagbag.py:538} INFO - Filling up the DagBag from /opt/airflow/dags/my_dag.py
[2025-10-11T02:06:05.354+0000] {processor.py:840} INFO - DAG(s) 'my_dag' retrieved from /opt/airflow/dags/my_dag.py
[2025-10-11T02:06:05.651+0000] {logging_mixin.py:188} INFO - [2025-10-11T02:06:05.650+0000] {dag.py:3036} INFO - Sync 1 DAGs
[2025-10-11T02:06:05.787+0000] {logging_mixin.py:188} INFO - [2025-10-11T02:06:05.782+0000] {dag.py:3823} INFO - Setting next_dagrun for my_dag to None, run_after=None
[2025-10-11T02:06:06.013+0000] {processor.py:183} INFO - Processing /opt/airflow/dags/my_dag.py took 5.885 seconds
[2025-10-11T02:06:36.350+0000] {processor.py:161} INFO - Started process (PID=422) to work on /opt/airflow/dags/my_dag.py
[2025-10-11T02:06:36.352+0000] {processor.py:830} INFO - Processing file /opt/airflow/dags/my_dag.py for tasks to queue
[2025-10-11T02:06:36.358+0000] {logging_mixin.py:188} INFO - [2025-10-11T02:06:36.358+0000] {dagbag.py:538} INFO - Filling up the DagBag from /opt/airflow/dags/my_dag.py
[2025-10-11T02:06:38.180+0000] {processor.py:840} INFO - DAG(s) 'my_dag' retrieved from /opt/airflow/dags/my_dag.py
[2025-10-11T02:06:38.256+0000] {logging_mixin.py:188} INFO - [2025-10-11T02:06:38.254+0000] {dag.py:3036} INFO - Sync 1 DAGs
[2025-10-11T02:06:38.287+0000] {logging_mixin.py:188} INFO - [2025-10-11T02:06:38.286+0000] {dag.py:3823} INFO - Setting next_dagrun for my_dag to None, run_after=None
[2025-10-11T02:06:38.346+0000] {processor.py:183} INFO - Processing /opt/airflow/dags/my_dag.py took 2.005 seconds
[2025-10-11T02:07:08.603+0000] {processor.py:161} INFO - Started process (PID=433) to work on /opt/airflow/dags/my_dag.py
[2025-10-11T02:07:08.605+0000] {processor.py:830} INFO - Processing file /opt/airflow/dags/my_dag.py for tasks to queue
[2025-10-11T02:07:08.612+0000] {logging_mixin.py:188} INFO - [2025-10-11T02:07:08.611+0000] {dagbag.py:538} INFO - Filling up the DagBag from /opt/airflow/dags/my_dag.py
[2025-10-11T02:07:10.075+0000] {processor.py:840} INFO - DAG(s) 'my_dag' retrieved from /opt/airflow/dags/my_dag.py
[2025-10-11T02:07:10.119+0000] {logging_mixin.py:188} INFO - [2025-10-11T02:07:10.119+0000] {dag.py:3036} INFO - Sync 1 DAGs
[2025-10-11T02:07:10.138+0000] {logging_mixin.py:188} INFO - [2025-10-11T02:07:10.138+0000] {dag.py:3823} INFO - Setting next_dagrun for my_dag to None, run_after=None
[2025-10-11T02:07:10.175+0000] {processor.py:183} INFO - Processing /opt/airflow/dags/my_dag.py took 1.582 seconds
[2025-10-11T02:07:40.713+0000] {processor.py:161} INFO - Started process (PID=443) to work on /opt/airflow/dags/my_dag.py
[2025-10-11T02:07:40.718+0000] {processor.py:830} INFO - Processing file /opt/airflow/dags/my_dag.py for tasks to queue
[2025-10-11T02:07:40.726+0000] {logging_mixin.py:188} INFO - [2025-10-11T02:07:40.726+0000] {dagbag.py:538} INFO - Filling up the DagBag from /opt/airflow/dags/my_dag.py
[2025-10-11T02:07:41.845+0000] {processor.py:840} INFO - DAG(s) 'my_dag' retrieved from /opt/airflow/dags/my_dag.py
[2025-10-11T02:07:41.876+0000] {logging_mixin.py:188} INFO - [2025-10-11T02:07:41.876+0000] {dag.py:3036} INFO - Sync 1 DAGs
[2025-10-11T02:07:41.892+0000] {logging_mixin.py:188} INFO - [2025-10-11T02:07:41.892+0000] {dag.py:3823} INFO - Setting next_dagrun for my_dag to None, run_after=None
[2025-10-11T02:07:42.056+0000] {processor.py:183} INFO - Processing /opt/airflow/dags/my_dag.py took 1.357 seconds
[2025-10-11T02:08:12.340+0000] {processor.py:161} INFO - Started process (PID=453) to work on /opt/airflow/dags/my_dag.py
[2025-10-11T02:08:12.343+0000] {processor.py:830} INFO - Processing file /opt/airflow/dags/my_dag.py for tasks to queue
[2025-10-11T02:08:12.350+0000] {logging_mixin.py:188} INFO - [2025-10-11T02:08:12.349+0000] {dagbag.py:538} INFO - Filling up the DagBag from /opt/airflow/dags/my_dag.py
[2025-10-11T02:08:13.107+0000] {processor.py:840} INFO - DAG(s) 'my_dag' retrieved from /opt/airflow/dags/my_dag.py
[2025-10-11T02:08:13.160+0000] {logging_mixin.py:188} INFO - [2025-10-11T02:08:13.159+0000] {dag.py:3036} INFO - Sync 1 DAGs
[2025-10-11T02:08:13.191+0000] {logging_mixin.py:188} INFO - [2025-10-11T02:08:13.191+0000] {dag.py:3823} INFO - Setting next_dagrun for my_dag to None, run_after=None
[2025-10-11T02:08:13.269+0000] {processor.py:183} INFO - Processing /opt/airflow/dags/my_dag.py took 0.935 seconds
[2025-10-11T02:08:44.104+0000] {processor.py:161} INFO - Started process (PID=463) to work on /opt/airflow/dags/my_dag.py
[2025-10-11T02:08:44.106+0000] {processor.py:830} INFO - Processing file /opt/airflow/dags/my_dag.py for tasks to queue
[2025-10-11T02:08:44.110+0000] {logging_mixin.py:188} INFO - [2025-10-11T02:08:44.110+0000] {dagbag.py:538} INFO - Filling up the DagBag from /opt/airflow/dags/my_dag.py
[2025-10-11T02:08:45.135+0000] {processor.py:840} INFO - DAG(s) 'my_dag' retrieved from /opt/airflow/dags/my_dag.py
[2025-10-11T02:08:45.181+0000] {logging_mixin.py:188} INFO - [2025-10-11T02:08:45.179+0000] {dag.py:3036} INFO - Sync 1 DAGs
[2025-10-11T02:08:45.197+0000] {logging_mixin.py:188} INFO - [2025-10-11T02:08:45.197+0000] {dag.py:3823} INFO - Setting next_dagrun for my_dag to None, run_after=None
[2025-10-11T02:08:45.309+0000] {processor.py:183} INFO - Processing /opt/airflow/dags/my_dag.py took 1.216 seconds
[2025-10-11T02:09:16.071+0000] {processor.py:161} INFO - Started process (PID=473) to work on /opt/airflow/dags/my_dag.py
[2025-10-11T02:09:16.073+0000] {processor.py:830} INFO - Processing file /opt/airflow/dags/my_dag.py for tasks to queue
[2025-10-11T02:09:16.079+0000] {logging_mixin.py:188} INFO - [2025-10-11T02:09:16.077+0000] {dagbag.py:538} INFO - Filling up the DagBag from /opt/airflow/dags/my_dag.py
[2025-10-11T02:09:17.161+0000] {processor.py:840} INFO - DAG(s) 'my_dag' retrieved from /opt/airflow/dags/my_dag.py
[2025-10-11T02:09:17.345+0000] {logging_mixin.py:188} INFO - [2025-10-11T02:09:17.344+0000] {dag.py:3036} INFO - Sync 1 DAGs
[2025-10-11T02:09:17.367+0000] {logging_mixin.py:188} INFO - [2025-10-11T02:09:17.366+0000] {dag.py:3823} INFO - Setting next_dagrun for my_dag to None, run_after=None
[2025-10-11T02:09:17.429+0000] {processor.py:183} INFO - Processing /opt/airflow/dags/my_dag.py took 1.373 seconds
[2025-10-11T02:09:48.328+0000] {processor.py:161} INFO - Started process (PID=483) to work on /opt/airflow/dags/my_dag.py
[2025-10-11T02:09:48.331+0000] {processor.py:830} INFO - Processing file /opt/airflow/dags/my_dag.py for tasks to queue
[2025-10-11T02:09:48.335+0000] {logging_mixin.py:188} INFO - [2025-10-11T02:09:48.334+0000] {dagbag.py:538} INFO - Filling up the DagBag from /opt/airflow/dags/my_dag.py
[2025-10-11T02:09:49.573+0000] {processor.py:840} INFO - DAG(s) 'my_dag' retrieved from /opt/airflow/dags/my_dag.py
[2025-10-11T02:09:49.614+0000] {logging_mixin.py:188} INFO - [2025-10-11T02:09:49.613+0000] {dag.py:3036} INFO - Sync 1 DAGs
[2025-10-11T02:09:49.671+0000] {logging_mixin.py:188} INFO - [2025-10-11T02:09:49.670+0000] {dag.py:3823} INFO - Setting next_dagrun for my_dag to None, run_after=None
[2025-10-11T02:09:49.784+0000] {processor.py:183} INFO - Processing /opt/airflow/dags/my_dag.py took 1.467 seconds
[2025-10-11T02:10:20.667+0000] {processor.py:161} INFO - Started process (PID=493) to work on /opt/airflow/dags/my_dag.py
[2025-10-11T02:10:20.671+0000] {processor.py:830} INFO - Processing file /opt/airflow/dags/my_dag.py for tasks to queue
[2025-10-11T02:10:20.677+0000] {logging_mixin.py:188} INFO - [2025-10-11T02:10:20.676+0000] {dagbag.py:538} INFO - Filling up the DagBag from /opt/airflow/dags/my_dag.py
[2025-10-11T02:10:21.746+0000] {processor.py:840} INFO - DAG(s) 'my_dag' retrieved from /opt/airflow/dags/my_dag.py
[2025-10-11T02:10:21.797+0000] {logging_mixin.py:188} INFO - [2025-10-11T02:10:21.796+0000] {dag.py:3036} INFO - Sync 1 DAGs
[2025-10-11T02:10:22.090+0000] {logging_mixin.py:188} INFO - [2025-10-11T02:10:22.089+0000] {dag.py:3823} INFO - Setting next_dagrun for my_dag to None, run_after=None
[2025-10-11T02:10:22.165+0000] {processor.py:183} INFO - Processing /opt/airflow/dags/my_dag.py took 1.505 seconds
[2025-10-11T02:10:52.671+0000] {processor.py:161} INFO - Started process (PID=504) to work on /opt/airflow/dags/my_dag.py
[2025-10-11T02:10:52.673+0000] {processor.py:830} INFO - Processing file /opt/airflow/dags/my_dag.py for tasks to queue
[2025-10-11T02:10:52.678+0000] {logging_mixin.py:188} INFO - [2025-10-11T02:10:52.678+0000] {dagbag.py:538} INFO - Filling up the DagBag from /opt/airflow/dags/my_dag.py
[2025-10-11T02:10:53.496+0000] {processor.py:840} INFO - DAG(s) 'my_dag' retrieved from /opt/airflow/dags/my_dag.py
[2025-10-11T02:10:53.547+0000] {logging_mixin.py:188} INFO - [2025-10-11T02:10:53.546+0000] {dag.py:3036} INFO - Sync 1 DAGs
[2025-10-11T02:10:53.578+0000] {logging_mixin.py:188} INFO - [2025-10-11T02:10:53.577+0000] {dag.py:3823} INFO - Setting next_dagrun for my_dag to None, run_after=None
[2025-10-11T02:10:53.675+0000] {processor.py:183} INFO - Processing /opt/airflow/dags/my_dag.py took 1.013 seconds
[2025-10-11T02:11:24.681+0000] {processor.py:161} INFO - Started process (PID=514) to work on /opt/airflow/dags/my_dag.py
[2025-10-11T02:11:24.683+0000] {processor.py:830} INFO - Processing file /opt/airflow/dags/my_dag.py for tasks to queue
[2025-10-11T02:11:24.687+0000] {logging_mixin.py:188} INFO - [2025-10-11T02:11:24.687+0000] {dagbag.py:538} INFO - Filling up the DagBag from /opt/airflow/dags/my_dag.py
[2025-10-11T02:11:26.390+0000] {processor.py:840} INFO - DAG(s) 'my_dag' retrieved from /opt/airflow/dags/my_dag.py
[2025-10-11T02:11:26.491+0000] {logging_mixin.py:188} INFO - [2025-10-11T02:11:26.489+0000] {dag.py:3036} INFO - Sync 1 DAGs
[2025-10-11T02:11:26.546+0000] {logging_mixin.py:188} INFO - [2025-10-11T02:11:26.546+0000] {dag.py:3823} INFO - Setting next_dagrun for my_dag to None, run_after=None
[2025-10-11T02:11:26.637+0000] {processor.py:183} INFO - Processing /opt/airflow/dags/my_dag.py took 1.974 seconds
[2025-10-11T02:11:57.075+0000] {processor.py:161} INFO - Started process (PID=524) to work on /opt/airflow/dags/my_dag.py
[2025-10-11T02:11:57.078+0000] {processor.py:830} INFO - Processing file /opt/airflow/dags/my_dag.py for tasks to queue
[2025-10-11T02:11:57.083+0000] {logging_mixin.py:188} INFO - [2025-10-11T02:11:57.082+0000] {dagbag.py:538} INFO - Filling up the DagBag from /opt/airflow/dags/my_dag.py
[2025-10-11T02:11:57.953+0000] {processor.py:840} INFO - DAG(s) 'my_dag' retrieved from /opt/airflow/dags/my_dag.py
[2025-10-11T02:11:58.069+0000] {logging_mixin.py:188} INFO - [2025-10-11T02:11:58.064+0000] {dag.py:3036} INFO - Sync 1 DAGs
[2025-10-11T02:11:58.112+0000] {logging_mixin.py:188} INFO - [2025-10-11T02:11:58.111+0000] {dag.py:3823} INFO - Setting next_dagrun for my_dag to None, run_after=None
[2025-10-11T02:11:58.156+0000] {processor.py:183} INFO - Processing /opt/airflow/dags/my_dag.py took 1.091 seconds
[2025-10-11T02:12:29.924+0000] {processor.py:161} INFO - Started process (PID=533) to work on /opt/airflow/dags/my_dag.py
[2025-10-11T02:12:30.210+0000] {processor.py:830} INFO - Processing file /opt/airflow/dags/my_dag.py for tasks to queue
[2025-10-11T02:12:30.215+0000] {logging_mixin.py:188} INFO - [2025-10-11T02:12:30.215+0000] {dagbag.py:538} INFO - Filling up the DagBag from /opt/airflow/dags/my_dag.py
[2025-10-11T02:12:31.554+0000] {processor.py:840} INFO - DAG(s) 'my_dag' retrieved from /opt/airflow/dags/my_dag.py
[2025-10-11T02:12:31.589+0000] {logging_mixin.py:188} INFO - [2025-10-11T02:12:31.589+0000] {dag.py:3036} INFO - Sync 1 DAGs
[2025-10-11T02:12:31.606+0000] {logging_mixin.py:188} INFO - [2025-10-11T02:12:31.606+0000] {dag.py:3823} INFO - Setting next_dagrun for my_dag to None, run_after=None
[2025-10-11T02:12:31.727+0000] {processor.py:183} INFO - Processing /opt/airflow/dags/my_dag.py took 1.822 seconds
[2025-10-11T02:13:02.359+0000] {processor.py:161} INFO - Started process (PID=537) to work on /opt/airflow/dags/my_dag.py
[2025-10-11T02:13:02.361+0000] {processor.py:830} INFO - Processing file /opt/airflow/dags/my_dag.py for tasks to queue
[2025-10-11T02:13:02.365+0000] {logging_mixin.py:188} INFO - [2025-10-11T02:13:02.364+0000] {dagbag.py:538} INFO - Filling up the DagBag from /opt/airflow/dags/my_dag.py
[2025-10-11T02:13:03.778+0000] {processor.py:840} INFO - DAG(s) 'my_dag' retrieved from /opt/airflow/dags/my_dag.py
[2025-10-11T02:13:04.046+0000] {logging_mixin.py:188} INFO - [2025-10-11T02:13:04.044+0000] {dag.py:3036} INFO - Sync 1 DAGs
[2025-10-11T02:13:04.099+0000] {logging_mixin.py:188} INFO - [2025-10-11T02:13:04.098+0000] {dag.py:3823} INFO - Setting next_dagrun for my_dag to None, run_after=None
[2025-10-11T02:13:04.330+0000] {processor.py:183} INFO - Processing /opt/airflow/dags/my_dag.py took 1.984 seconds
[2025-10-11T02:13:35.417+0000] {processor.py:161} INFO - Started process (PID=547) to work on /opt/airflow/dags/my_dag.py
[2025-10-11T02:13:35.421+0000] {processor.py:830} INFO - Processing file /opt/airflow/dags/my_dag.py for tasks to queue
[2025-10-11T02:13:35.439+0000] {logging_mixin.py:188} INFO - [2025-10-11T02:13:35.438+0000] {dagbag.py:538} INFO - Filling up the DagBag from /opt/airflow/dags/my_dag.py
[2025-10-11T02:13:39.516+0000] {processor.py:840} INFO - DAG(s) 'my_dag' retrieved from /opt/airflow/dags/my_dag.py
[2025-10-11T02:13:39.672+0000] {logging_mixin.py:188} INFO - [2025-10-11T02:13:39.670+0000] {dag.py:3036} INFO - Sync 1 DAGs
[2025-10-11T02:13:39.747+0000] {logging_mixin.py:188} INFO - [2025-10-11T02:13:39.746+0000] {dag.py:3823} INFO - Setting next_dagrun for my_dag to None, run_after=None
[2025-10-11T02:13:39.938+0000] {processor.py:183} INFO - Processing /opt/airflow/dags/my_dag.py took 4.542 seconds
[2025-10-11T02:14:10.726+0000] {processor.py:161} INFO - Started process (PID=566) to work on /opt/airflow/dags/my_dag.py
[2025-10-11T02:14:10.729+0000] {processor.py:830} INFO - Processing file /opt/airflow/dags/my_dag.py for tasks to queue
[2025-10-11T02:14:10.733+0000] {logging_mixin.py:188} INFO - [2025-10-11T02:14:10.732+0000] {dagbag.py:538} INFO - Filling up the DagBag from /opt/airflow/dags/my_dag.py
[2025-10-11T02:14:11.661+0000] {processor.py:840} INFO - DAG(s) 'my_dag' retrieved from /opt/airflow/dags/my_dag.py
[2025-10-11T02:14:11.704+0000] {logging_mixin.py:188} INFO - [2025-10-11T02:14:11.703+0000] {dag.py:3036} INFO - Sync 1 DAGs
[2025-10-11T02:14:11.735+0000] {logging_mixin.py:188} INFO - [2025-10-11T02:14:11.734+0000] {dag.py:3823} INFO - Setting next_dagrun for my_dag to None, run_after=None
[2025-10-11T02:14:11.883+0000] {processor.py:183} INFO - Processing /opt/airflow/dags/my_dag.py took 1.165 seconds
[2025-10-11T02:14:43.178+0000] {processor.py:161} INFO - Started process (PID=576) to work on /opt/airflow/dags/my_dag.py
[2025-10-11T02:14:43.186+0000] {processor.py:830} INFO - Processing file /opt/airflow/dags/my_dag.py for tasks to queue
[2025-10-11T02:14:43.198+0000] {logging_mixin.py:188} INFO - [2025-10-11T02:14:43.198+0000] {dagbag.py:538} INFO - Filling up the DagBag from /opt/airflow/dags/my_dag.py
[2025-10-11T02:14:46.224+0000] {processor.py:840} INFO - DAG(s) 'my_dag' retrieved from /opt/airflow/dags/my_dag.py
[2025-10-11T02:14:46.293+0000] {logging_mixin.py:188} INFO - [2025-10-11T02:14:46.291+0000] {dag.py:3036} INFO - Sync 1 DAGs
[2025-10-11T02:14:46.325+0000] {logging_mixin.py:188} INFO - [2025-10-11T02:14:46.324+0000] {dag.py:3823} INFO - Setting next_dagrun for my_dag to None, run_after=None
[2025-10-11T02:14:46.607+0000] {processor.py:183} INFO - Processing /opt/airflow/dags/my_dag.py took 3.498 seconds
[2025-10-11T02:15:17.302+0000] {processor.py:161} INFO - Started process (PID=587) to work on /opt/airflow/dags/my_dag.py
[2025-10-11T02:15:17.305+0000] {processor.py:830} INFO - Processing file /opt/airflow/dags/my_dag.py for tasks to queue
[2025-10-11T02:15:17.310+0000] {logging_mixin.py:188} INFO - [2025-10-11T02:15:17.309+0000] {dagbag.py:538} INFO - Filling up the DagBag from /opt/airflow/dags/my_dag.py
[2025-10-11T02:15:22.659+0000] {processor.py:840} INFO - DAG(s) 'my_dag' retrieved from /opt/airflow/dags/my_dag.py
[2025-10-11T02:15:22.833+0000] {logging_mixin.py:188} INFO - [2025-10-11T02:15:22.819+0000] {dag.py:3036} INFO - Sync 1 DAGs
[2025-10-11T02:15:22.933+0000] {logging_mixin.py:188} INFO - [2025-10-11T02:15:22.933+0000] {dag.py:3823} INFO - Setting next_dagrun for my_dag to None, run_after=None
[2025-10-11T02:15:23.055+0000] {processor.py:183} INFO - Processing /opt/airflow/dags/my_dag.py took 5.779 seconds
[2025-10-11T02:15:53.256+0000] {processor.py:161} INFO - Started process (PID=597) to work on /opt/airflow/dags/my_dag.py
[2025-10-11T02:15:53.259+0000] {processor.py:830} INFO - Processing file /opt/airflow/dags/my_dag.py for tasks to queue
[2025-10-11T02:15:53.264+0000] {logging_mixin.py:188} INFO - [2025-10-11T02:15:53.263+0000] {dagbag.py:538} INFO - Filling up the DagBag from /opt/airflow/dags/my_dag.py
[2025-10-11T02:15:54.954+0000] {processor.py:840} INFO - DAG(s) 'my_dag' retrieved from /opt/airflow/dags/my_dag.py
[2025-10-11T02:15:55.073+0000] {logging_mixin.py:188} INFO - [2025-10-11T02:15:55.072+0000] {dag.py:3036} INFO - Sync 1 DAGs
[2025-10-11T02:15:55.210+0000] {logging_mixin.py:188} INFO - [2025-10-11T02:15:55.209+0000] {dag.py:3823} INFO - Setting next_dagrun for my_dag to None, run_after=None
[2025-10-11T02:15:55.397+0000] {processor.py:183} INFO - Processing /opt/airflow/dags/my_dag.py took 2.159 seconds
[2025-10-11T02:16:25.862+0000] {processor.py:161} INFO - Started process (PID=607) to work on /opt/airflow/dags/my_dag.py
[2025-10-11T02:16:26.375+0000] {processor.py:830} INFO - Processing file /opt/airflow/dags/my_dag.py for tasks to queue
[2025-10-11T02:16:26.385+0000] {logging_mixin.py:188} INFO - [2025-10-11T02:16:26.385+0000] {dagbag.py:538} INFO - Filling up the DagBag from /opt/airflow/dags/my_dag.py
[2025-10-11T02:16:27.578+0000] {processor.py:840} INFO - DAG(s) 'my_dag' retrieved from /opt/airflow/dags/my_dag.py
[2025-10-11T02:16:27.670+0000] {logging_mixin.py:188} INFO - [2025-10-11T02:16:27.669+0000] {dag.py:3036} INFO - Sync 1 DAGs
[2025-10-11T02:16:27.691+0000] {logging_mixin.py:188} INFO - [2025-10-11T02:16:27.691+0000] {dag.py:3823} INFO - Setting next_dagrun for my_dag to None, run_after=None
[2025-10-11T02:16:27.810+0000] {processor.py:183} INFO - Processing /opt/airflow/dags/my_dag.py took 1.957 seconds
[2025-10-11T02:16:58.240+0000] {processor.py:161} INFO - Started process (PID=617) to work on /opt/airflow/dags/my_dag.py
[2025-10-11T02:16:58.245+0000] {processor.py:830} INFO - Processing file /opt/airflow/dags/my_dag.py for tasks to queue
[2025-10-11T02:16:58.257+0000] {logging_mixin.py:188} INFO - [2025-10-11T02:16:58.256+0000] {dagbag.py:538} INFO - Filling up the DagBag from /opt/airflow/dags/my_dag.py
[2025-10-11T02:17:02.000+0000] {processor.py:840} INFO - DAG(s) 'my_dag' retrieved from /opt/airflow/dags/my_dag.py
[2025-10-11T02:17:02.150+0000] {logging_mixin.py:188} INFO - [2025-10-11T02:17:02.148+0000] {dag.py:3036} INFO - Sync 1 DAGs
[2025-10-11T02:17:02.237+0000] {logging_mixin.py:188} INFO - [2025-10-11T02:17:02.236+0000] {dag.py:3823} INFO - Setting next_dagrun for my_dag to None, run_after=None
[2025-10-11T02:17:02.639+0000] {processor.py:183} INFO - Processing /opt/airflow/dags/my_dag.py took 4.419 seconds
[2025-10-11T02:17:33.850+0000] {processor.py:161} INFO - Started process (PID=627) to work on /opt/airflow/dags/my_dag.py
[2025-10-11T02:17:33.854+0000] {processor.py:830} INFO - Processing file /opt/airflow/dags/my_dag.py for tasks to queue
[2025-10-11T02:17:33.881+0000] {logging_mixin.py:188} INFO - [2025-10-11T02:17:33.879+0000] {dagbag.py:538} INFO - Filling up the DagBag from /opt/airflow/dags/my_dag.py
[2025-10-11T02:17:39.801+0000] {processor.py:840} INFO - DAG(s) 'my_dag' retrieved from /opt/airflow/dags/my_dag.py
[2025-10-11T02:17:40.185+0000] {logging_mixin.py:188} INFO - [2025-10-11T02:17:40.182+0000] {dag.py:3036} INFO - Sync 1 DAGs
[2025-10-11T02:17:40.284+0000] {logging_mixin.py:188} INFO - [2025-10-11T02:17:40.279+0000] {dag.py:3823} INFO - Setting next_dagrun for my_dag to None, run_after=None
[2025-10-11T02:17:40.451+0000] {processor.py:183} INFO - Processing /opt/airflow/dags/my_dag.py took 6.638 seconds
[2025-10-11T02:18:11.785+0000] {processor.py:161} INFO - Started process (PID=637) to work on /opt/airflow/dags/my_dag.py
[2025-10-11T02:18:11.797+0000] {processor.py:830} INFO - Processing file /opt/airflow/dags/my_dag.py for tasks to queue
[2025-10-11T02:18:11.854+0000] {logging_mixin.py:188} INFO - [2025-10-11T02:18:11.853+0000] {dagbag.py:538} INFO - Filling up the DagBag from /opt/airflow/dags/my_dag.py
[2025-10-11T02:18:19.234+0000] {processor.py:840} INFO - DAG(s) 'my_dag' retrieved from /opt/airflow/dags/my_dag.py
[2025-10-11T02:18:19.580+0000] {logging_mixin.py:188} INFO - [2025-10-11T02:18:19.578+0000] {dag.py:3036} INFO - Sync 1 DAGs
[2025-10-11T02:18:19.809+0000] {logging_mixin.py:188} INFO - [2025-10-11T02:18:19.799+0000] {dag.py:3823} INFO - Setting next_dagrun for my_dag to None, run_after=None
[2025-10-11T02:18:20.326+0000] {processor.py:183} INFO - Processing /opt/airflow/dags/my_dag.py took 8.573 seconds
[2025-10-11T02:18:50.785+0000] {processor.py:161} INFO - Started process (PID=647) to work on /opt/airflow/dags/my_dag.py
[2025-10-11T02:18:50.791+0000] {processor.py:830} INFO - Processing file /opt/airflow/dags/my_dag.py for tasks to queue
[2025-10-11T02:18:50.829+0000] {logging_mixin.py:188} INFO - [2025-10-11T02:18:50.828+0000] {dagbag.py:538} INFO - Filling up the DagBag from /opt/airflow/dags/my_dag.py
[2025-10-11T02:18:55.150+0000] {processor.py:840} INFO - DAG(s) 'my_dag' retrieved from /opt/airflow/dags/my_dag.py
[2025-10-11T02:18:55.332+0000] {logging_mixin.py:188} INFO - [2025-10-11T02:18:55.317+0000] {dag.py:3036} INFO - Sync 1 DAGs
[2025-10-11T02:18:55.411+0000] {logging_mixin.py:188} INFO - [2025-10-11T02:18:55.410+0000] {dag.py:3823} INFO - Setting next_dagrun for my_dag to None, run_after=None
[2025-10-11T02:18:56.643+0000] {processor.py:183} INFO - Processing /opt/airflow/dags/my_dag.py took 5.881 seconds
[2025-10-11T02:19:27.676+0000] {processor.py:161} INFO - Started process (PID=657) to work on /opt/airflow/dags/my_dag.py
[2025-10-11T02:19:27.691+0000] {processor.py:830} INFO - Processing file /opt/airflow/dags/my_dag.py for tasks to queue
[2025-10-11T02:19:27.694+0000] {logging_mixin.py:188} INFO - [2025-10-11T02:19:27.693+0000] {dagbag.py:538} INFO - Filling up the DagBag from /opt/airflow/dags/my_dag.py
[2025-10-11T02:19:36.503+0000] {processor.py:840} INFO - DAG(s) 'my_dag' retrieved from /opt/airflow/dags/my_dag.py
[2025-10-11T02:19:36.726+0000] {logging_mixin.py:188} INFO - [2025-10-11T02:19:36.725+0000] {dag.py:3036} INFO - Sync 1 DAGs
[2025-10-11T02:19:36.982+0000] {logging_mixin.py:188} INFO - [2025-10-11T02:19:36.972+0000] {dag.py:3823} INFO - Setting next_dagrun for my_dag to None, run_after=None
[2025-10-11T02:19:37.336+0000] {processor.py:183} INFO - Processing /opt/airflow/dags/my_dag.py took 7.002 seconds
[2025-10-11T02:19:49.115+0000] {processor.py:161} INFO - Started process (PID=666) to work on /opt/airflow/dags/my_dag.py
[2025-10-11T02:19:49.272+0000] {processor.py:830} INFO - Processing file /opt/airflow/dags/my_dag.py for tasks to queue
[2025-10-11T02:19:49.330+0000] {logging_mixin.py:188} INFO - [2025-10-11T02:19:49.329+0000] {dagbag.py:538} INFO - Filling up the DagBag from /opt/airflow/dags/my_dag.py
[2025-10-11T02:20:00.834+0000] {processor.py:840} INFO - DAG(s) 'my_dag' retrieved from /opt/airflow/dags/my_dag.py
[2025-10-11T02:20:12.439+0000] {logging_mixin.py:188} INFO - [2025-10-11T02:20:12.426+0000] {dag.py:3036} INFO - Sync 1 DAGs
[2025-10-11T02:20:13.802+0000] {logging_mixin.py:188} INFO - [2025-10-11T02:20:13.802+0000] {dag.py:3823} INFO - Setting next_dagrun for my_dag to None, run_after=None
[2025-10-11T02:20:14.728+0000] {processor.py:183} INFO - Processing /opt/airflow/dags/my_dag.py took 22.860 seconds
