[2025-10-11T01:45:06.294+0000] {processor.py:161} INFO - Started process (PID=41) to work on /opt/airflow/dags/read.py
[2025-10-11T01:45:06.307+0000] {processor.py:830} INFO - Processing file /opt/airflow/dags/read.py for tasks to queue
[2025-10-11T01:45:06.395+0000] {logging_mixin.py:188} INFO - [2025-10-11T01:45:06.394+0000] {dagbag.py:538} INFO - Filling up the DagBag from /opt/airflow/dags/read.py
[2025-10-11T01:45:08.113+0000] {processor.py:842} WARNING - No viable dags retrieved from /opt/airflow/dags/read.py
[2025-10-11T01:45:08.339+0000] {processor.py:183} INFO - Processing /opt/airflow/dags/read.py took 2.103 seconds
[2025-10-11T01:45:40.193+0000] {processor.py:161} INFO - Started process (PID=50) to work on /opt/airflow/dags/read.py
[2025-10-11T01:45:40.207+0000] {processor.py:830} INFO - Processing file /opt/airflow/dags/read.py for tasks to queue
[2025-10-11T01:45:40.309+0000] {logging_mixin.py:188} INFO - [2025-10-11T01:45:40.302+0000] {dagbag.py:538} INFO - Filling up the DagBag from /opt/airflow/dags/read.py
[2025-10-11T01:45:49.312+0000] {processor.py:842} WARNING - No viable dags retrieved from /opt/airflow/dags/read.py
[2025-10-11T01:45:49.877+0000] {processor.py:183} INFO - Processing /opt/airflow/dags/read.py took 7.197 seconds
[2025-10-11T01:46:20.485+0000] {processor.py:161} INFO - Started process (PID=60) to work on /opt/airflow/dags/read.py
[2025-10-11T01:46:20.496+0000] {processor.py:830} INFO - Processing file /opt/airflow/dags/read.py for tasks to queue
[2025-10-11T01:46:20.504+0000] {logging_mixin.py:188} INFO - [2025-10-11T01:46:20.503+0000] {dagbag.py:538} INFO - Filling up the DagBag from /opt/airflow/dags/read.py
[2025-10-11T01:46:21.548+0000] {processor.py:842} WARNING - No viable dags retrieved from /opt/airflow/dags/read.py
[2025-10-11T01:46:21.899+0000] {processor.py:183} INFO - Processing /opt/airflow/dags/read.py took 1.453 seconds
[2025-10-11T01:46:53.106+0000] {processor.py:161} INFO - Started process (PID=71) to work on /opt/airflow/dags/read.py
[2025-10-11T01:46:53.109+0000] {processor.py:830} INFO - Processing file /opt/airflow/dags/read.py for tasks to queue
[2025-10-11T01:46:53.113+0000] {logging_mixin.py:188} INFO - [2025-10-11T01:46:53.112+0000] {dagbag.py:538} INFO - Filling up the DagBag from /opt/airflow/dags/read.py
[2025-10-11T01:46:53.401+0000] {processor.py:842} WARNING - No viable dags retrieved from /opt/airflow/dags/read.py
[2025-10-11T01:46:53.475+0000] {processor.py:183} INFO - Processing /opt/airflow/dags/read.py took 0.392 seconds
[2025-10-11T01:47:26.265+0000] {processor.py:161} INFO - Started process (PID=81) to work on /opt/airflow/dags/read.py
[2025-10-11T01:47:26.275+0000] {processor.py:830} INFO - Processing file /opt/airflow/dags/read.py for tasks to queue
[2025-10-11T01:47:26.286+0000] {logging_mixin.py:188} INFO - [2025-10-11T01:47:26.285+0000] {dagbag.py:538} INFO - Filling up the DagBag from /opt/airflow/dags/read.py
[2025-10-11T01:47:26.744+0000] {processor.py:842} WARNING - No viable dags retrieved from /opt/airflow/dags/read.py
[2025-10-11T01:47:26.868+0000] {processor.py:183} INFO - Processing /opt/airflow/dags/read.py took 0.784 seconds
[2025-10-11T01:47:57.840+0000] {processor.py:161} INFO - Started process (PID=92) to work on /opt/airflow/dags/read.py
[2025-10-11T01:47:57.844+0000] {processor.py:830} INFO - Processing file /opt/airflow/dags/read.py for tasks to queue
[2025-10-11T01:47:57.849+0000] {logging_mixin.py:188} INFO - [2025-10-11T01:47:57.848+0000] {dagbag.py:538} INFO - Filling up the DagBag from /opt/airflow/dags/read.py
[2025-10-11T01:47:58.428+0000] {processor.py:842} WARNING - No viable dags retrieved from /opt/airflow/dags/read.py
[2025-10-11T01:47:58.523+0000] {processor.py:183} INFO - Processing /opt/airflow/dags/read.py took 0.692 seconds
[2025-10-11T01:48:30.282+0000] {processor.py:161} INFO - Started process (PID=102) to work on /opt/airflow/dags/read.py
[2025-10-11T01:48:30.298+0000] {processor.py:830} INFO - Processing file /opt/airflow/dags/read.py for tasks to queue
[2025-10-11T01:48:30.319+0000] {logging_mixin.py:188} INFO - [2025-10-11T01:48:30.318+0000] {dagbag.py:538} INFO - Filling up the DagBag from /opt/airflow/dags/read.py
[2025-10-11T01:48:30.706+0000] {processor.py:842} WARNING - No viable dags retrieved from /opt/airflow/dags/read.py
[2025-10-11T01:48:30.796+0000] {processor.py:183} INFO - Processing /opt/airflow/dags/read.py took 0.532 seconds
[2025-10-11T01:49:02.741+0000] {processor.py:161} INFO - Started process (PID=112) to work on /opt/airflow/dags/read.py
[2025-10-11T01:49:02.743+0000] {processor.py:830} INFO - Processing file /opt/airflow/dags/read.py for tasks to queue
[2025-10-11T01:49:02.748+0000] {logging_mixin.py:188} INFO - [2025-10-11T01:49:02.748+0000] {dagbag.py:538} INFO - Filling up the DagBag from /opt/airflow/dags/read.py
[2025-10-11T01:49:03.031+0000] {processor.py:842} WARNING - No viable dags retrieved from /opt/airflow/dags/read.py
[2025-10-11T01:49:03.064+0000] {processor.py:183} INFO - Processing /opt/airflow/dags/read.py took 0.339 seconds
[2025-10-11T01:49:35.915+0000] {processor.py:161} INFO - Started process (PID=121) to work on /opt/airflow/dags/read.py
[2025-10-11T01:49:35.920+0000] {processor.py:830} INFO - Processing file /opt/airflow/dags/read.py for tasks to queue
[2025-10-11T01:49:35.931+0000] {logging_mixin.py:188} INFO - [2025-10-11T01:49:35.930+0000] {dagbag.py:538} INFO - Filling up the DagBag from /opt/airflow/dags/read.py
[2025-10-11T01:49:36.219+0000] {processor.py:842} WARNING - No viable dags retrieved from /opt/airflow/dags/read.py
[2025-10-11T01:49:36.252+0000] {processor.py:183} INFO - Processing /opt/airflow/dags/read.py took 0.350 seconds
[2025-10-11T01:50:08.812+0000] {processor.py:161} INFO - Started process (PID=130) to work on /opt/airflow/dags/read.py
[2025-10-11T01:50:08.852+0000] {processor.py:830} INFO - Processing file /opt/airflow/dags/read.py for tasks to queue
[2025-10-11T01:50:08.857+0000] {logging_mixin.py:188} INFO - [2025-10-11T01:50:08.856+0000] {dagbag.py:538} INFO - Filling up the DagBag from /opt/airflow/dags/read.py
[2025-10-11T01:50:09.539+0000] {processor.py:842} WARNING - No viable dags retrieved from /opt/airflow/dags/read.py
[2025-10-11T01:50:09.624+0000] {processor.py:183} INFO - Processing /opt/airflow/dags/read.py took 0.826 seconds
[2025-10-11T01:50:40.755+0000] {processor.py:161} INFO - Started process (PID=139) to work on /opt/airflow/dags/read.py
[2025-10-11T01:50:40.975+0000] {processor.py:830} INFO - Processing file /opt/airflow/dags/read.py for tasks to queue
[2025-10-11T01:50:40.994+0000] {logging_mixin.py:188} INFO - [2025-10-11T01:50:40.993+0000] {dagbag.py:538} INFO - Filling up the DagBag from /opt/airflow/dags/read.py
[2025-10-11T01:50:41.656+0000] {processor.py:842} WARNING - No viable dags retrieved from /opt/airflow/dags/read.py
[2025-10-11T01:50:41.770+0000] {processor.py:183} INFO - Processing /opt/airflow/dags/read.py took 1.032 seconds
[2025-10-11T01:51:13.288+0000] {processor.py:161} INFO - Started process (PID=148) to work on /opt/airflow/dags/read.py
[2025-10-11T01:51:13.290+0000] {processor.py:830} INFO - Processing file /opt/airflow/dags/read.py for tasks to queue
[2025-10-11T01:51:13.296+0000] {logging_mixin.py:188} INFO - [2025-10-11T01:51:13.294+0000] {dagbag.py:538} INFO - Filling up the DagBag from /opt/airflow/dags/read.py
[2025-10-11T01:51:13.549+0000] {processor.py:842} WARNING - No viable dags retrieved from /opt/airflow/dags/read.py
[2025-10-11T01:51:13.578+0000] {processor.py:183} INFO - Processing /opt/airflow/dags/read.py took 0.297 seconds
[2025-10-11T01:51:46.527+0000] {processor.py:161} INFO - Started process (PID=158) to work on /opt/airflow/dags/read.py
[2025-10-11T01:51:46.550+0000] {processor.py:830} INFO - Processing file /opt/airflow/dags/read.py for tasks to queue
[2025-10-11T01:51:46.565+0000] {logging_mixin.py:188} INFO - [2025-10-11T01:51:46.554+0000] {dagbag.py:538} INFO - Filling up the DagBag from /opt/airflow/dags/read.py
[2025-10-11T01:51:46.975+0000] {processor.py:842} WARNING - No viable dags retrieved from /opt/airflow/dags/read.py
[2025-10-11T01:51:47.013+0000] {processor.py:183} INFO - Processing /opt/airflow/dags/read.py took 0.504 seconds
[2025-10-11T01:52:18.968+0000] {processor.py:161} INFO - Started process (PID=168) to work on /opt/airflow/dags/read.py
[2025-10-11T01:52:18.971+0000] {processor.py:830} INFO - Processing file /opt/airflow/dags/read.py for tasks to queue
[2025-10-11T01:52:18.984+0000] {logging_mixin.py:188} INFO - [2025-10-11T01:52:18.983+0000] {dagbag.py:538} INFO - Filling up the DagBag from /opt/airflow/dags/read.py
[2025-10-11T01:52:19.385+0000] {processor.py:842} WARNING - No viable dags retrieved from /opt/airflow/dags/read.py
[2025-10-11T01:52:19.536+0000] {processor.py:183} INFO - Processing /opt/airflow/dags/read.py took 0.599 seconds
[2025-10-11T01:52:51.768+0000] {processor.py:161} INFO - Started process (PID=178) to work on /opt/airflow/dags/read.py
[2025-10-11T01:52:51.789+0000] {processor.py:830} INFO - Processing file /opt/airflow/dags/read.py for tasks to queue
[2025-10-11T01:52:51.825+0000] {logging_mixin.py:188} INFO - [2025-10-11T01:52:51.824+0000] {dagbag.py:538} INFO - Filling up the DagBag from /opt/airflow/dags/read.py
[2025-10-11T01:52:52.883+0000] {processor.py:842} WARNING - No viable dags retrieved from /opt/airflow/dags/read.py
[2025-10-11T01:52:52.934+0000] {processor.py:183} INFO - Processing /opt/airflow/dags/read.py took 1.192 seconds
[2025-10-11T01:53:25.061+0000] {processor.py:161} INFO - Started process (PID=188) to work on /opt/airflow/dags/read.py
[2025-10-11T01:53:25.068+0000] {processor.py:830} INFO - Processing file /opt/airflow/dags/read.py for tasks to queue
[2025-10-11T01:53:25.080+0000] {logging_mixin.py:188} INFO - [2025-10-11T01:53:25.078+0000] {dagbag.py:538} INFO - Filling up the DagBag from /opt/airflow/dags/read.py
[2025-10-11T01:53:27.498+0000] {processor.py:842} WARNING - No viable dags retrieved from /opt/airflow/dags/read.py
[2025-10-11T01:53:27.976+0000] {processor.py:183} INFO - Processing /opt/airflow/dags/read.py took 3.033 seconds
[2025-10-11T01:53:58.525+0000] {processor.py:161} INFO - Started process (PID=196) to work on /opt/airflow/dags/read.py
[2025-10-11T01:53:58.528+0000] {processor.py:830} INFO - Processing file /opt/airflow/dags/read.py for tasks to queue
[2025-10-11T01:53:58.543+0000] {logging_mixin.py:188} INFO - [2025-10-11T01:53:58.542+0000] {dagbag.py:538} INFO - Filling up the DagBag from /opt/airflow/dags/read.py
[2025-10-11T01:53:58.910+0000] {processor.py:842} WARNING - No viable dags retrieved from /opt/airflow/dags/read.py
[2025-10-11T01:53:58.953+0000] {processor.py:183} INFO - Processing /opt/airflow/dags/read.py took 0.485 seconds
[2025-10-11T01:54:29.823+0000] {processor.py:161} INFO - Started process (PID=206) to work on /opt/airflow/dags/read.py
[2025-10-11T01:54:29.837+0000] {processor.py:830} INFO - Processing file /opt/airflow/dags/read.py for tasks to queue
[2025-10-11T01:54:29.853+0000] {logging_mixin.py:188} INFO - [2025-10-11T01:54:29.852+0000] {dagbag.py:538} INFO - Filling up the DagBag from /opt/airflow/dags/read.py
[2025-10-11T01:54:30.646+0000] {processor.py:842} WARNING - No viable dags retrieved from /opt/airflow/dags/read.py
[2025-10-11T01:54:30.913+0000] {processor.py:183} INFO - Processing /opt/airflow/dags/read.py took 1.140 seconds
[2025-10-11T01:55:02.911+0000] {processor.py:161} INFO - Started process (PID=217) to work on /opt/airflow/dags/read.py
[2025-10-11T01:55:02.991+0000] {processor.py:830} INFO - Processing file /opt/airflow/dags/read.py for tasks to queue
[2025-10-11T01:55:03.034+0000] {logging_mixin.py:188} INFO - [2025-10-11T01:55:03.033+0000] {dagbag.py:538} INFO - Filling up the DagBag from /opt/airflow/dags/read.py
[2025-10-11T01:55:03.862+0000] {processor.py:842} WARNING - No viable dags retrieved from /opt/airflow/dags/read.py
[2025-10-11T01:55:03.956+0000] {processor.py:183} INFO - Processing /opt/airflow/dags/read.py took 1.163 seconds
[2025-10-11T01:55:35.606+0000] {processor.py:161} INFO - Started process (PID=227) to work on /opt/airflow/dags/read.py
[2025-10-11T01:55:35.619+0000] {processor.py:830} INFO - Processing file /opt/airflow/dags/read.py for tasks to queue
[2025-10-11T01:55:35.706+0000] {logging_mixin.py:188} INFO - [2025-10-11T01:55:35.704+0000] {dagbag.py:538} INFO - Filling up the DagBag from /opt/airflow/dags/read.py
[2025-10-11T01:55:37.072+0000] {processor.py:842} WARNING - No viable dags retrieved from /opt/airflow/dags/read.py
[2025-10-11T01:55:37.141+0000] {processor.py:183} INFO - Processing /opt/airflow/dags/read.py took 1.564 seconds
[2025-10-11T01:56:07.927+0000] {processor.py:161} INFO - Started process (PID=237) to work on /opt/airflow/dags/read.py
[2025-10-11T01:56:07.958+0000] {processor.py:830} INFO - Processing file /opt/airflow/dags/read.py for tasks to queue
[2025-10-11T01:56:07.969+0000] {logging_mixin.py:188} INFO - [2025-10-11T01:56:07.969+0000] {dagbag.py:538} INFO - Filling up the DagBag from /opt/airflow/dags/read.py
[2025-10-11T01:56:08.663+0000] {processor.py:842} WARNING - No viable dags retrieved from /opt/airflow/dags/read.py
[2025-10-11T01:56:08.741+0000] {processor.py:183} INFO - Processing /opt/airflow/dags/read.py took 0.845 seconds
[2025-10-11T01:56:40.036+0000] {processor.py:161} INFO - Started process (PID=247) to work on /opt/airflow/dags/read.py
[2025-10-11T01:56:40.096+0000] {processor.py:830} INFO - Processing file /opt/airflow/dags/read.py for tasks to queue
[2025-10-11T01:56:40.115+0000] {logging_mixin.py:188} INFO - [2025-10-11T01:56:40.114+0000] {dagbag.py:538} INFO - Filling up the DagBag from /opt/airflow/dags/read.py
[2025-10-11T01:56:40.531+0000] {processor.py:842} WARNING - No viable dags retrieved from /opt/airflow/dags/read.py
[2025-10-11T01:56:40.692+0000] {processor.py:183} INFO - Processing /opt/airflow/dags/read.py took 0.691 seconds
[2025-10-11T01:57:12.942+0000] {processor.py:161} INFO - Started process (PID=256) to work on /opt/airflow/dags/read.py
[2025-10-11T01:57:12.950+0000] {processor.py:830} INFO - Processing file /opt/airflow/dags/read.py for tasks to queue
[2025-10-11T01:57:12.983+0000] {logging_mixin.py:188} INFO - [2025-10-11T01:57:12.982+0000] {dagbag.py:538} INFO - Filling up the DagBag from /opt/airflow/dags/read.py
[2025-10-11T01:57:13.588+0000] {processor.py:842} WARNING - No viable dags retrieved from /opt/airflow/dags/read.py
[2025-10-11T01:57:13.641+0000] {processor.py:183} INFO - Processing /opt/airflow/dags/read.py took 0.714 seconds
[2025-10-11T01:57:45.463+0000] {processor.py:161} INFO - Started process (PID=266) to work on /opt/airflow/dags/read.py
[2025-10-11T01:57:45.466+0000] {processor.py:830} INFO - Processing file /opt/airflow/dags/read.py for tasks to queue
[2025-10-11T01:57:45.471+0000] {logging_mixin.py:188} INFO - [2025-10-11T01:57:45.470+0000] {dagbag.py:538} INFO - Filling up the DagBag from /opt/airflow/dags/read.py
[2025-10-11T01:57:45.623+0000] {processor.py:842} WARNING - No viable dags retrieved from /opt/airflow/dags/read.py
[2025-10-11T01:57:45.648+0000] {processor.py:183} INFO - Processing /opt/airflow/dags/read.py took 0.192 seconds
[2025-10-11T01:58:18.684+0000] {processor.py:161} INFO - Started process (PID=277) to work on /opt/airflow/dags/read.py
[2025-10-11T01:58:18.707+0000] {processor.py:830} INFO - Processing file /opt/airflow/dags/read.py for tasks to queue
[2025-10-11T01:58:18.731+0000] {logging_mixin.py:188} INFO - [2025-10-11T01:58:18.730+0000] {dagbag.py:538} INFO - Filling up the DagBag from /opt/airflow/dags/read.py
[2025-10-11T01:58:19.116+0000] {processor.py:842} WARNING - No viable dags retrieved from /opt/airflow/dags/read.py
[2025-10-11T01:58:19.164+0000] {processor.py:183} INFO - Processing /opt/airflow/dags/read.py took 0.505 seconds
[2025-10-11T01:58:51.112+0000] {processor.py:161} INFO - Started process (PID=286) to work on /opt/airflow/dags/read.py
[2025-10-11T01:58:51.117+0000] {processor.py:830} INFO - Processing file /opt/airflow/dags/read.py for tasks to queue
[2025-10-11T01:58:51.122+0000] {logging_mixin.py:188} INFO - [2025-10-11T01:58:51.122+0000] {dagbag.py:538} INFO - Filling up the DagBag from /opt/airflow/dags/read.py
[2025-10-11T01:58:51.288+0000] {processor.py:842} WARNING - No viable dags retrieved from /opt/airflow/dags/read.py
[2025-10-11T01:58:51.315+0000] {processor.py:183} INFO - Processing /opt/airflow/dags/read.py took 0.218 seconds
[2025-10-11T01:59:24.116+0000] {processor.py:161} INFO - Started process (PID=297) to work on /opt/airflow/dags/read.py
[2025-10-11T01:59:24.122+0000] {processor.py:830} INFO - Processing file /opt/airflow/dags/read.py for tasks to queue
[2025-10-11T01:59:24.127+0000] {logging_mixin.py:188} INFO - [2025-10-11T01:59:24.126+0000] {dagbag.py:538} INFO - Filling up the DagBag from /opt/airflow/dags/read.py
[2025-10-11T01:59:24.501+0000] {processor.py:842} WARNING - No viable dags retrieved from /opt/airflow/dags/read.py
[2025-10-11T01:59:24.547+0000] {processor.py:183} INFO - Processing /opt/airflow/dags/read.py took 0.449 seconds
[2025-10-11T01:59:54.800+0000] {processor.py:161} INFO - Started process (PID=306) to work on /opt/airflow/dags/read.py
[2025-10-11T01:59:54.819+0000] {processor.py:830} INFO - Processing file /opt/airflow/dags/read.py for tasks to queue
[2025-10-11T01:59:54.827+0000] {logging_mixin.py:188} INFO - [2025-10-11T01:59:54.826+0000] {dagbag.py:538} INFO - Filling up the DagBag from /opt/airflow/dags/read.py
[2025-10-11T01:59:55.339+0000] {processor.py:842} WARNING - No viable dags retrieved from /opt/airflow/dags/read.py
[2025-10-11T01:59:55.423+0000] {processor.py:183} INFO - Processing /opt/airflow/dags/read.py took 0.644 seconds
[2025-10-11T02:00:26.362+0000] {processor.py:161} INFO - Started process (PID=316) to work on /opt/airflow/dags/read.py
[2025-10-11T02:00:26.368+0000] {processor.py:830} INFO - Processing file /opt/airflow/dags/read.py for tasks to queue
[2025-10-11T02:00:26.372+0000] {logging_mixin.py:188} INFO - [2025-10-11T02:00:26.371+0000] {dagbag.py:538} INFO - Filling up the DagBag from /opt/airflow/dags/read.py
[2025-10-11T02:00:27.068+0000] {processor.py:842} WARNING - No viable dags retrieved from /opt/airflow/dags/read.py
[2025-10-11T02:00:27.107+0000] {processor.py:183} INFO - Processing /opt/airflow/dags/read.py took 0.755 seconds
[2025-10-11T02:00:57.401+0000] {processor.py:161} INFO - Started process (PID=325) to work on /opt/airflow/dags/read.py
[2025-10-11T02:00:57.405+0000] {processor.py:830} INFO - Processing file /opt/airflow/dags/read.py for tasks to queue
[2025-10-11T02:00:57.410+0000] {logging_mixin.py:188} INFO - [2025-10-11T02:00:57.409+0000] {dagbag.py:538} INFO - Filling up the DagBag from /opt/airflow/dags/read.py
[2025-10-11T02:00:57.596+0000] {processor.py:842} WARNING - No viable dags retrieved from /opt/airflow/dags/read.py
[2025-10-11T02:00:57.625+0000] {processor.py:183} INFO - Processing /opt/airflow/dags/read.py took 0.234 seconds
[2025-10-11T02:01:27.832+0000] {processor.py:161} INFO - Started process (PID=335) to work on /opt/airflow/dags/read.py
[2025-10-11T02:01:27.840+0000] {processor.py:830} INFO - Processing file /opt/airflow/dags/read.py for tasks to queue
[2025-10-11T02:01:27.853+0000] {logging_mixin.py:188} INFO - [2025-10-11T02:01:27.852+0000] {dagbag.py:538} INFO - Filling up the DagBag from /opt/airflow/dags/read.py
[2025-10-11T02:01:28.082+0000] {processor.py:842} WARNING - No viable dags retrieved from /opt/airflow/dags/read.py
[2025-10-11T02:01:28.109+0000] {processor.py:183} INFO - Processing /opt/airflow/dags/read.py took 0.297 seconds
[2025-10-11T02:01:58.715+0000] {processor.py:161} INFO - Started process (PID=345) to work on /opt/airflow/dags/read.py
[2025-10-11T02:01:58.747+0000] {processor.py:830} INFO - Processing file /opt/airflow/dags/read.py for tasks to queue
[2025-10-11T02:01:58.752+0000] {logging_mixin.py:188} INFO - [2025-10-11T02:01:58.751+0000] {dagbag.py:538} INFO - Filling up the DagBag from /opt/airflow/dags/read.py
[2025-10-11T02:01:59.401+0000] {processor.py:842} WARNING - No viable dags retrieved from /opt/airflow/dags/read.py
[2025-10-11T02:01:59.482+0000] {processor.py:183} INFO - Processing /opt/airflow/dags/read.py took 0.794 seconds
[2025-10-11T02:02:30.286+0000] {processor.py:161} INFO - Started process (PID=355) to work on /opt/airflow/dags/read.py
[2025-10-11T02:02:30.288+0000] {processor.py:830} INFO - Processing file /opt/airflow/dags/read.py for tasks to queue
[2025-10-11T02:02:30.300+0000] {logging_mixin.py:188} INFO - [2025-10-11T02:02:30.297+0000] {dagbag.py:538} INFO - Filling up the DagBag from /opt/airflow/dags/read.py
[2025-10-11T02:02:31.226+0000] {processor.py:842} WARNING - No viable dags retrieved from /opt/airflow/dags/read.py
[2025-10-11T02:02:31.300+0000] {processor.py:183} INFO - Processing /opt/airflow/dags/read.py took 1.031 seconds
[2025-10-11T02:03:03.213+0000] {processor.py:161} INFO - Started process (PID=359) to work on /opt/airflow/dags/read.py
[2025-10-11T02:03:03.270+0000] {processor.py:830} INFO - Processing file /opt/airflow/dags/read.py for tasks to queue
[2025-10-11T02:03:03.424+0000] {logging_mixin.py:188} INFO - [2025-10-11T02:03:03.423+0000] {dagbag.py:538} INFO - Filling up the DagBag from /opt/airflow/dags/read.py
[2025-10-11T02:03:05.208+0000] {processor.py:842} WARNING - No viable dags retrieved from /opt/airflow/dags/read.py
[2025-10-11T02:03:05.360+0000] {processor.py:183} INFO - Processing /opt/airflow/dags/read.py took 2.207 seconds
[2025-10-11T02:03:46.901+0000] {processor.py:161} INFO - Started process (PID=374) to work on /opt/airflow/dags/read.py
[2025-10-11T02:03:46.978+0000] {processor.py:830} INFO - Processing file /opt/airflow/dags/read.py for tasks to queue
[2025-10-11T02:03:47.052+0000] {logging_mixin.py:188} INFO - [2025-10-11T02:03:47.051+0000] {dagbag.py:538} INFO - Filling up the DagBag from /opt/airflow/dags/read.py
[2025-10-11T02:04:03.346+0000] {processor.py:842} WARNING - No viable dags retrieved from /opt/airflow/dags/read.py
[2025-10-11T02:04:04.325+0000] {processor.py:183} INFO - Processing /opt/airflow/dags/read.py took 17.431 seconds
[2025-10-11T02:04:35.763+0000] {processor.py:161} INFO - Started process (PID=384) to work on /opt/airflow/dags/read.py
[2025-10-11T02:04:35.766+0000] {processor.py:830} INFO - Processing file /opt/airflow/dags/read.py for tasks to queue
[2025-10-11T02:04:35.781+0000] {logging_mixin.py:188} INFO - [2025-10-11T02:04:35.780+0000] {dagbag.py:538} INFO - Filling up the DagBag from /opt/airflow/dags/read.py
[2025-10-11T02:04:36.578+0000] {processor.py:842} WARNING - No viable dags retrieved from /opt/airflow/dags/read.py
[2025-10-11T02:04:36.738+0000] {processor.py:183} INFO - Processing /opt/airflow/dags/read.py took 0.988 seconds
[2025-10-11T02:05:09.046+0000] {processor.py:161} INFO - Started process (PID=394) to work on /opt/airflow/dags/read.py
[2025-10-11T02:05:09.048+0000] {processor.py:830} INFO - Processing file /opt/airflow/dags/read.py for tasks to queue
[2025-10-11T02:05:09.061+0000] {logging_mixin.py:188} INFO - [2025-10-11T02:05:09.060+0000] {dagbag.py:538} INFO - Filling up the DagBag from /opt/airflow/dags/read.py
[2025-10-11T02:05:09.999+0000] {processor.py:842} WARNING - No viable dags retrieved from /opt/airflow/dags/read.py
[2025-10-11T02:05:10.140+0000] {processor.py:183} INFO - Processing /opt/airflow/dags/read.py took 1.104 seconds
[2025-10-11T02:05:42.790+0000] {processor.py:161} INFO - Started process (PID=404) to work on /opt/airflow/dags/read.py
[2025-10-11T02:05:42.863+0000] {processor.py:830} INFO - Processing file /opt/airflow/dags/read.py for tasks to queue
[2025-10-11T02:05:42.936+0000] {logging_mixin.py:188} INFO - [2025-10-11T02:05:42.935+0000] {dagbag.py:538} INFO - Filling up the DagBag from /opt/airflow/dags/read.py
[2025-10-11T02:05:44.876+0000] {processor.py:842} WARNING - No viable dags retrieved from /opt/airflow/dags/read.py
[2025-10-11T02:05:45.449+0000] {processor.py:183} INFO - Processing /opt/airflow/dags/read.py took 2.694 seconds
[2025-10-11T02:06:17.042+0000] {processor.py:161} INFO - Started process (PID=414) to work on /opt/airflow/dags/read.py
[2025-10-11T02:06:17.050+0000] {processor.py:830} INFO - Processing file /opt/airflow/dags/read.py for tasks to queue
[2025-10-11T02:06:17.061+0000] {logging_mixin.py:188} INFO - [2025-10-11T02:06:17.060+0000] {dagbag.py:538} INFO - Filling up the DagBag from /opt/airflow/dags/read.py
[2025-10-11T02:06:17.765+0000] {processor.py:842} WARNING - No viable dags retrieved from /opt/airflow/dags/read.py
[2025-10-11T02:06:17.885+0000] {processor.py:183} INFO - Processing /opt/airflow/dags/read.py took 0.861 seconds
[2025-10-11T02:06:48.559+0000] {processor.py:161} INFO - Started process (PID=424) to work on /opt/airflow/dags/read.py
[2025-10-11T02:06:48.562+0000] {processor.py:830} INFO - Processing file /opt/airflow/dags/read.py for tasks to queue
[2025-10-11T02:06:48.566+0000] {logging_mixin.py:188} INFO - [2025-10-11T02:06:48.565+0000] {dagbag.py:538} INFO - Filling up the DagBag from /opt/airflow/dags/read.py
[2025-10-11T02:06:48.814+0000] {processor.py:842} WARNING - No viable dags retrieved from /opt/airflow/dags/read.py
[2025-10-11T02:06:48.865+0000] {processor.py:183} INFO - Processing /opt/airflow/dags/read.py took 0.318 seconds
[2025-10-11T02:07:19.233+0000] {processor.py:161} INFO - Started process (PID=435) to work on /opt/airflow/dags/read.py
[2025-10-11T02:07:19.235+0000] {processor.py:830} INFO - Processing file /opt/airflow/dags/read.py for tasks to queue
[2025-10-11T02:07:19.240+0000] {logging_mixin.py:188} INFO - [2025-10-11T02:07:19.239+0000] {dagbag.py:538} INFO - Filling up the DagBag from /opt/airflow/dags/read.py
[2025-10-11T02:07:19.457+0000] {processor.py:842} WARNING - No viable dags retrieved from /opt/airflow/dags/read.py
[2025-10-11T02:07:19.495+0000] {processor.py:183} INFO - Processing /opt/airflow/dags/read.py took 0.268 seconds
[2025-10-11T02:07:50.620+0000] {processor.py:161} INFO - Started process (PID=445) to work on /opt/airflow/dags/read.py
[2025-10-11T02:07:50.622+0000] {processor.py:830} INFO - Processing file /opt/airflow/dags/read.py for tasks to queue
[2025-10-11T02:07:50.626+0000] {logging_mixin.py:188} INFO - [2025-10-11T02:07:50.625+0000] {dagbag.py:538} INFO - Filling up the DagBag from /opt/airflow/dags/read.py
[2025-10-11T02:07:50.791+0000] {processor.py:842} WARNING - No viable dags retrieved from /opt/airflow/dags/read.py
[2025-10-11T02:07:50.814+0000] {processor.py:183} INFO - Processing /opt/airflow/dags/read.py took 0.199 seconds
[2025-10-11T02:08:21.048+0000] {processor.py:161} INFO - Started process (PID=455) to work on /opt/airflow/dags/read.py
[2025-10-11T02:08:21.052+0000] {processor.py:830} INFO - Processing file /opt/airflow/dags/read.py for tasks to queue
[2025-10-11T02:08:21.060+0000] {logging_mixin.py:188} INFO - [2025-10-11T02:08:21.059+0000] {dagbag.py:538} INFO - Filling up the DagBag from /opt/airflow/dags/read.py
[2025-10-11T02:08:21.212+0000] {processor.py:842} WARNING - No viable dags retrieved from /opt/airflow/dags/read.py
[2025-10-11T02:08:21.234+0000] {processor.py:183} INFO - Processing /opt/airflow/dags/read.py took 0.200 seconds
[2025-10-11T02:08:51.374+0000] {processor.py:161} INFO - Started process (PID=465) to work on /opt/airflow/dags/read.py
[2025-10-11T02:08:51.376+0000] {processor.py:830} INFO - Processing file /opt/airflow/dags/read.py for tasks to queue
[2025-10-11T02:08:51.380+0000] {logging_mixin.py:188} INFO - [2025-10-11T02:08:51.379+0000] {dagbag.py:538} INFO - Filling up the DagBag from /opt/airflow/dags/read.py
[2025-10-11T02:08:51.500+0000] {processor.py:842} WARNING - No viable dags retrieved from /opt/airflow/dags/read.py
[2025-10-11T02:08:51.639+0000] {processor.py:183} INFO - Processing /opt/airflow/dags/read.py took 0.271 seconds
[2025-10-11T02:09:22.446+0000] {processor.py:161} INFO - Started process (PID=475) to work on /opt/airflow/dags/read.py
[2025-10-11T02:09:22.448+0000] {processor.py:830} INFO - Processing file /opt/airflow/dags/read.py for tasks to queue
[2025-10-11T02:09:22.452+0000] {logging_mixin.py:188} INFO - [2025-10-11T02:09:22.451+0000] {dagbag.py:538} INFO - Filling up the DagBag from /opt/airflow/dags/read.py
[2025-10-11T02:09:22.634+0000] {processor.py:842} WARNING - No viable dags retrieved from /opt/airflow/dags/read.py
[2025-10-11T02:09:22.664+0000] {processor.py:183} INFO - Processing /opt/airflow/dags/read.py took 0.238 seconds
[2025-10-11T02:09:52.926+0000] {processor.py:161} INFO - Started process (PID=485) to work on /opt/airflow/dags/read.py
[2025-10-11T02:09:52.928+0000] {processor.py:830} INFO - Processing file /opt/airflow/dags/read.py for tasks to queue
[2025-10-11T02:09:52.931+0000] {logging_mixin.py:188} INFO - [2025-10-11T02:09:52.931+0000] {dagbag.py:538} INFO - Filling up the DagBag from /opt/airflow/dags/read.py
[2025-10-11T02:09:53.067+0000] {processor.py:842} WARNING - No viable dags retrieved from /opt/airflow/dags/read.py
[2025-10-11T02:09:53.098+0000] {processor.py:183} INFO - Processing /opt/airflow/dags/read.py took 0.178 seconds
[2025-10-11T02:10:23.773+0000] {processor.py:161} INFO - Started process (PID=495) to work on /opt/airflow/dags/read.py
[2025-10-11T02:10:23.779+0000] {processor.py:830} INFO - Processing file /opt/airflow/dags/read.py for tasks to queue
[2025-10-11T02:10:23.785+0000] {logging_mixin.py:188} INFO - [2025-10-11T02:10:23.784+0000] {dagbag.py:538} INFO - Filling up the DagBag from /opt/airflow/dags/read.py
[2025-10-11T02:10:24.053+0000] {processor.py:842} WARNING - No viable dags retrieved from /opt/airflow/dags/read.py
[2025-10-11T02:10:24.073+0000] {processor.py:183} INFO - Processing /opt/airflow/dags/read.py took 0.310 seconds
[2025-10-11T02:10:54.686+0000] {processor.py:161} INFO - Started process (PID=506) to work on /opt/airflow/dags/read.py
[2025-10-11T02:10:54.688+0000] {processor.py:830} INFO - Processing file /opt/airflow/dags/read.py for tasks to queue
[2025-10-11T02:10:54.693+0000] {logging_mixin.py:188} INFO - [2025-10-11T02:10:54.692+0000] {dagbag.py:538} INFO - Filling up the DagBag from /opt/airflow/dags/read.py
[2025-10-11T02:10:54.905+0000] {processor.py:842} WARNING - No viable dags retrieved from /opt/airflow/dags/read.py
[2025-10-11T02:10:54.981+0000] {processor.py:183} INFO - Processing /opt/airflow/dags/read.py took 0.305 seconds
[2025-10-11T02:11:25.778+0000] {processor.py:161} INFO - Started process (PID=516) to work on /opt/airflow/dags/read.py
[2025-10-11T02:11:25.790+0000] {processor.py:830} INFO - Processing file /opt/airflow/dags/read.py for tasks to queue
[2025-10-11T02:11:25.796+0000] {logging_mixin.py:188} INFO - [2025-10-11T02:11:25.796+0000] {dagbag.py:538} INFO - Filling up the DagBag from /opt/airflow/dags/read.py
[2025-10-11T02:11:26.164+0000] {processor.py:842} WARNING - No viable dags retrieved from /opt/airflow/dags/read.py
[2025-10-11T02:11:26.221+0000] {processor.py:183} INFO - Processing /opt/airflow/dags/read.py took 0.465 seconds
[2025-10-11T02:11:57.089+0000] {processor.py:161} INFO - Started process (PID=525) to work on /opt/airflow/dags/read.py
[2025-10-11T02:11:57.092+0000] {processor.py:830} INFO - Processing file /opt/airflow/dags/read.py for tasks to queue
[2025-10-11T02:11:57.098+0000] {logging_mixin.py:188} INFO - [2025-10-11T02:11:57.097+0000] {dagbag.py:538} INFO - Filling up the DagBag from /opt/airflow/dags/read.py
[2025-10-11T02:11:57.268+0000] {processor.py:842} WARNING - No viable dags retrieved from /opt/airflow/dags/read.py
[2025-10-11T02:11:57.297+0000] {processor.py:183} INFO - Processing /opt/airflow/dags/read.py took 0.219 seconds
[2025-10-11T02:12:30.261+0000] {processor.py:161} INFO - Started process (PID=534) to work on /opt/airflow/dags/read.py
[2025-10-11T02:12:30.264+0000] {processor.py:830} INFO - Processing file /opt/airflow/dags/read.py for tasks to queue
[2025-10-11T02:12:30.269+0000] {logging_mixin.py:188} INFO - [2025-10-11T02:12:30.269+0000] {dagbag.py:538} INFO - Filling up the DagBag from /opt/airflow/dags/read.py
[2025-10-11T02:12:30.591+0000] {processor.py:842} WARNING - No viable dags retrieved from /opt/airflow/dags/read.py
[2025-10-11T02:12:30.625+0000] {processor.py:183} INFO - Processing /opt/airflow/dags/read.py took 0.386 seconds
[2025-10-11T02:13:02.367+0000] {processor.py:161} INFO - Started process (PID=538) to work on /opt/airflow/dags/read.py
[2025-10-11T02:13:02.371+0000] {processor.py:830} INFO - Processing file /opt/airflow/dags/read.py for tasks to queue
[2025-10-11T02:13:02.376+0000] {logging_mixin.py:188} INFO - [2025-10-11T02:13:02.375+0000] {dagbag.py:538} INFO - Filling up the DagBag from /opt/airflow/dags/read.py
[2025-10-11T02:13:02.642+0000] {processor.py:842} WARNING - No viable dags retrieved from /opt/airflow/dags/read.py
[2025-10-11T02:13:02.775+0000] {processor.py:183} INFO - Processing /opt/airflow/dags/read.py took 0.419 seconds
[2025-10-11T02:13:35.418+0000] {processor.py:161} INFO - Started process (PID=548) to work on /opt/airflow/dags/read.py
[2025-10-11T02:13:35.422+0000] {processor.py:830} INFO - Processing file /opt/airflow/dags/read.py for tasks to queue
[2025-10-11T02:13:35.447+0000] {logging_mixin.py:188} INFO - [2025-10-11T02:13:35.442+0000] {dagbag.py:538} INFO - Filling up the DagBag from /opt/airflow/dags/read.py
[2025-10-11T02:13:36.621+0000] {processor.py:842} WARNING - No viable dags retrieved from /opt/airflow/dags/read.py
[2025-10-11T02:13:36.788+0000] {processor.py:183} INFO - Processing /opt/airflow/dags/read.py took 1.390 seconds
[2025-10-11T02:14:08.687+0000] {processor.py:161} INFO - Started process (PID=557) to work on /opt/airflow/dags/read.py
[2025-10-11T02:14:08.692+0000] {processor.py:830} INFO - Processing file /opt/airflow/dags/read.py for tasks to queue
[2025-10-11T02:14:08.711+0000] {logging_mixin.py:188} INFO - [2025-10-11T02:14:08.707+0000] {dagbag.py:538} INFO - Filling up the DagBag from /opt/airflow/dags/read.py
[2025-10-11T02:14:09.539+0000] {processor.py:842} WARNING - No viable dags retrieved from /opt/airflow/dags/read.py
[2025-10-11T02:14:09.619+0000] {processor.py:183} INFO - Processing /opt/airflow/dags/read.py took 0.944 seconds
[2025-10-11T02:14:40.920+0000] {processor.py:161} INFO - Started process (PID=568) to work on /opt/airflow/dags/read.py
[2025-10-11T02:14:40.931+0000] {processor.py:830} INFO - Processing file /opt/airflow/dags/read.py for tasks to queue
[2025-10-11T02:14:40.952+0000] {logging_mixin.py:188} INFO - [2025-10-11T02:14:40.952+0000] {dagbag.py:538} INFO - Filling up the DagBag from /opt/airflow/dags/read.py
[2025-10-11T02:14:42.067+0000] {processor.py:842} WARNING - No viable dags retrieved from /opt/airflow/dags/read.py
[2025-10-11T02:14:42.350+0000] {processor.py:183} INFO - Processing /opt/airflow/dags/read.py took 1.453 seconds
[2025-10-11T02:15:14.174+0000] {processor.py:161} INFO - Started process (PID=578) to work on /opt/airflow/dags/read.py
[2025-10-11T02:15:14.228+0000] {processor.py:830} INFO - Processing file /opt/airflow/dags/read.py for tasks to queue
[2025-10-11T02:15:14.257+0000] {logging_mixin.py:188} INFO - [2025-10-11T02:15:14.257+0000] {dagbag.py:538} INFO - Filling up the DagBag from /opt/airflow/dags/read.py
[2025-10-11T02:15:15.501+0000] {processor.py:842} WARNING - No viable dags retrieved from /opt/airflow/dags/read.py
[2025-10-11T02:15:15.973+0000] {processor.py:183} INFO - Processing /opt/airflow/dags/read.py took 1.831 seconds
[2025-10-11T02:15:46.353+0000] {processor.py:161} INFO - Started process (PID=589) to work on /opt/airflow/dags/read.py
[2025-10-11T02:15:46.357+0000] {processor.py:830} INFO - Processing file /opt/airflow/dags/read.py for tasks to queue
[2025-10-11T02:15:46.364+0000] {logging_mixin.py:188} INFO - [2025-10-11T02:15:46.363+0000] {dagbag.py:538} INFO - Filling up the DagBag from /opt/airflow/dags/read.py
[2025-10-11T02:15:46.960+0000] {processor.py:842} WARNING - No viable dags retrieved from /opt/airflow/dags/read.py
[2025-10-11T02:15:47.032+0000] {processor.py:183} INFO - Processing /opt/airflow/dags/read.py took 0.687 seconds
[2025-10-11T02:16:19.946+0000] {processor.py:161} INFO - Started process (PID=599) to work on /opt/airflow/dags/read.py
[2025-10-11T02:16:19.951+0000] {processor.py:830} INFO - Processing file /opt/airflow/dags/read.py for tasks to queue
[2025-10-11T02:16:19.964+0000] {logging_mixin.py:188} INFO - [2025-10-11T02:16:19.964+0000] {dagbag.py:538} INFO - Filling up the DagBag from /opt/airflow/dags/read.py
[2025-10-11T02:16:20.396+0000] {processor.py:842} WARNING - No viable dags retrieved from /opt/airflow/dags/read.py
[2025-10-11T02:16:20.466+0000] {processor.py:183} INFO - Processing /opt/airflow/dags/read.py took 0.535 seconds
[2025-10-11T02:16:52.011+0000] {processor.py:161} INFO - Started process (PID=609) to work on /opt/airflow/dags/read.py
[2025-10-11T02:16:52.026+0000] {processor.py:830} INFO - Processing file /opt/airflow/dags/read.py for tasks to queue
[2025-10-11T02:16:52.072+0000] {logging_mixin.py:188} INFO - [2025-10-11T02:16:52.072+0000] {dagbag.py:538} INFO - Filling up the DagBag from /opt/airflow/dags/read.py
[2025-10-11T02:16:53.066+0000] {processor.py:842} WARNING - No viable dags retrieved from /opt/airflow/dags/read.py
[2025-10-11T02:16:53.322+0000] {processor.py:183} INFO - Processing /opt/airflow/dags/read.py took 1.355 seconds
[2025-10-11T02:17:25.164+0000] {processor.py:161} INFO - Started process (PID=619) to work on /opt/airflow/dags/read.py
[2025-10-11T02:17:25.219+0000] {processor.py:830} INFO - Processing file /opt/airflow/dags/read.py for tasks to queue
[2025-10-11T02:17:25.266+0000] {logging_mixin.py:188} INFO - [2025-10-11T02:17:25.265+0000] {dagbag.py:538} INFO - Filling up the DagBag from /opt/airflow/dags/read.py
[2025-10-11T02:17:26.656+0000] {processor.py:842} WARNING - No viable dags retrieved from /opt/airflow/dags/read.py
[2025-10-11T02:17:26.797+0000] {processor.py:183} INFO - Processing /opt/airflow/dags/read.py took 1.677 seconds
[2025-10-11T02:17:57.991+0000] {processor.py:161} INFO - Started process (PID=629) to work on /opt/airflow/dags/read.py
[2025-10-11T02:17:57.994+0000] {processor.py:830} INFO - Processing file /opt/airflow/dags/read.py for tasks to queue
[2025-10-11T02:17:58.011+0000] {logging_mixin.py:188} INFO - [2025-10-11T02:17:58.010+0000] {dagbag.py:538} INFO - Filling up the DagBag from /opt/airflow/dags/read.py
[2025-10-11T02:17:59.162+0000] {processor.py:842} WARNING - No viable dags retrieved from /opt/airflow/dags/read.py
[2025-10-11T02:17:59.341+0000] {processor.py:183} INFO - Processing /opt/airflow/dags/read.py took 1.384 seconds
[2025-10-11T02:18:30.654+0000] {processor.py:161} INFO - Started process (PID=639) to work on /opt/airflow/dags/read.py
[2025-10-11T02:18:30.696+0000] {processor.py:830} INFO - Processing file /opt/airflow/dags/read.py for tasks to queue
[2025-10-11T02:18:30.731+0000] {logging_mixin.py:188} INFO - [2025-10-11T02:18:30.730+0000] {dagbag.py:538} INFO - Filling up the DagBag from /opt/airflow/dags/read.py
[2025-10-11T02:18:31.796+0000] {processor.py:842} WARNING - No viable dags retrieved from /opt/airflow/dags/read.py
[2025-10-11T02:18:31.941+0000] {processor.py:183} INFO - Processing /opt/airflow/dags/read.py took 1.337 seconds
[2025-10-11T02:19:04.393+0000] {processor.py:161} INFO - Started process (PID=649) to work on /opt/airflow/dags/read.py
[2025-10-11T02:19:04.522+0000] {processor.py:830} INFO - Processing file /opt/airflow/dags/read.py for tasks to queue
[2025-10-11T02:19:04.581+0000] {logging_mixin.py:188} INFO - [2025-10-11T02:19:04.580+0000] {dagbag.py:538} INFO - Filling up the DagBag from /opt/airflow/dags/read.py
[2025-10-11T02:19:06.562+0000] {processor.py:842} WARNING - No viable dags retrieved from /opt/airflow/dags/read.py
[2025-10-11T02:19:06.707+0000] {processor.py:183} INFO - Processing /opt/airflow/dags/read.py took 2.348 seconds
