[2025-10-11T02:26:41.582+0000] {taskinstance.py:1956} INFO - Dependencies all met for dep_context=non-requeueable deps ti=<TaskInstance: my_dag.submit_job manual__2025-10-11T02:24:54.607209+00:00 [queued]>
[2025-10-11T02:26:42.913+0000] {taskinstance.py:1956} INFO - Dependencies all met for dep_context=requeueable deps ti=<TaskInstance: my_dag.submit_job manual__2025-10-11T02:24:54.607209+00:00 [queued]>
[2025-10-11T02:26:43.020+0000] {taskinstance.py:2170} INFO - Starting attempt 1 of 1
[2025-10-11T02:26:43.151+0000] {taskinstance.py:2191} INFO - Executing <Task(SparkSubmitOperator): submit_job> on 2025-10-11 02:24:54.607209+00:00
[2025-10-11T02:26:43.255+0000] {standard_task_runner.py:60} INFO - Started process 635 to run task
[2025-10-11T02:26:46.869+0000] {standard_task_runner.py:87} INFO - Running: ['***', 'tasks', 'run', 'my_dag', 'submit_job', 'manual__2025-10-11T02:24:54.607209+00:00', '--job-id', '22', '--raw', '--subdir', 'DAGS_FOLDER/my_dag.py', '--cfg-path', '/tmp/tmpu5t5mp8f']
[2025-10-11T02:26:47.218+0000] {standard_task_runner.py:88} INFO - Job 22: Subtask submit_job
[2025-10-11T02:26:54.070+0000] {task_command.py:423} INFO - Running <TaskInstance: my_dag.submit_job manual__2025-10-11T02:24:54.607209+00:00 [running]> on host a95a0aaade3a
[2025-10-11T02:26:55.091+0000] {taskinstance.py:2480} INFO - Exporting env vars: AIRFLOW_CTX_DAG_OWNER='***' AIRFLOW_CTX_DAG_ID='my_dag' AIRFLOW_CTX_TASK_ID='submit_job' AIRFLOW_CTX_EXECUTION_DATE='2025-10-11T02:24:54.607209+00:00' AIRFLOW_CTX_TRY_NUMBER='1' AIRFLOW_CTX_DAG_RUN_ID='manual__2025-10-11T02:24:54.607209+00:00'
[2025-10-11T02:26:55.371+0000] {base.py:83} INFO - Using connection ID 'my_spark_conn' for task execution.
[2025-10-11T02:26:55.484+0000] {spark_submit.py:341} INFO - Spark-Submit cmd: spark-submit --master local --name arrow-spark --verbose /opt/***/include/scripts/read.py
[2025-10-11T02:28:17.628+0000] {spark_submit.py:492} INFO - Using properties file: null
[2025-10-11T02:28:19.742+0000] {spark_submit.py:492} INFO - Parsed arguments:
[2025-10-11T02:28:19.760+0000] {spark_submit.py:492} INFO - master                  local
[2025-10-11T02:28:19.810+0000] {spark_submit.py:492} INFO - remote                  null
[2025-10-11T02:28:19.824+0000] {spark_submit.py:492} INFO - deployMode              null
[2025-10-11T02:28:19.836+0000] {spark_submit.py:492} INFO - executorMemory          null
[2025-10-11T02:28:19.837+0000] {spark_submit.py:492} INFO - executorCores           null
[2025-10-11T02:28:19.839+0000] {spark_submit.py:492} INFO - totalExecutorCores      null
[2025-10-11T02:28:19.840+0000] {spark_submit.py:492} INFO - propertiesFile          null
[2025-10-11T02:28:19.843+0000] {spark_submit.py:492} INFO - driverMemory            null
[2025-10-11T02:28:19.844+0000] {spark_submit.py:492} INFO - driverCores             null
[2025-10-11T02:28:19.849+0000] {spark_submit.py:492} INFO - driverExtraClassPath    null
[2025-10-11T02:28:19.852+0000] {spark_submit.py:492} INFO - driverExtraLibraryPath  null
[2025-10-11T02:28:19.854+0000] {spark_submit.py:492} INFO - driverExtraJavaOptions  null
[2025-10-11T02:28:19.855+0000] {spark_submit.py:492} INFO - supervise               false
[2025-10-11T02:28:19.857+0000] {spark_submit.py:492} INFO - queue                   null
[2025-10-11T02:28:19.859+0000] {spark_submit.py:492} INFO - numExecutors            null
[2025-10-11T02:28:19.908+0000] {spark_submit.py:492} INFO - files                   null
[2025-10-11T02:28:19.909+0000] {spark_submit.py:492} INFO - pyFiles                 null
[2025-10-11T02:28:19.911+0000] {spark_submit.py:492} INFO - archives                null
[2025-10-11T02:28:19.926+0000] {spark_submit.py:492} INFO - mainClass               null
[2025-10-11T02:28:19.935+0000] {spark_submit.py:492} INFO - primaryResource         file:/opt/***/include/scripts/read.py
[2025-10-11T02:28:20.028+0000] {spark_submit.py:492} INFO - name                    arrow-spark
[2025-10-11T02:28:20.038+0000] {spark_submit.py:492} INFO - childArgs               []
[2025-10-11T02:28:20.040+0000] {spark_submit.py:492} INFO - jars                    null
[2025-10-11T02:28:20.043+0000] {spark_submit.py:492} INFO - packages                null
[2025-10-11T02:28:20.056+0000] {spark_submit.py:492} INFO - packagesExclusions      null
[2025-10-11T02:28:20.111+0000] {spark_submit.py:492} INFO - repositories            null
[2025-10-11T02:28:20.122+0000] {spark_submit.py:492} INFO - verbose                 true
[2025-10-11T02:28:20.130+0000] {spark_submit.py:492} INFO - 
[2025-10-11T02:28:20.140+0000] {spark_submit.py:492} INFO - Spark properties used, including those specified through
[2025-10-11T02:28:20.141+0000] {spark_submit.py:492} INFO - --conf and those from the properties file null:
[2025-10-11T02:28:20.147+0000] {spark_submit.py:492} INFO - 
[2025-10-11T02:28:20.148+0000] {spark_submit.py:492} INFO - 
[2025-10-11T02:28:20.150+0000] {spark_submit.py:492} INFO - 
[2025-10-11T02:28:27.869+0000] {spark_submit.py:492} INFO - Main class:
[2025-10-11T02:28:27.889+0000] {spark_submit.py:492} INFO - org.apache.spark.deploy.PythonRunner
[2025-10-11T02:28:27.892+0000] {spark_submit.py:492} INFO - Arguments:
[2025-10-11T02:28:27.893+0000] {spark_submit.py:492} INFO - file:/opt/***/include/scripts/read.py
[2025-10-11T02:28:27.902+0000] {spark_submit.py:492} INFO - null
[2025-10-11T02:28:27.905+0000] {spark_submit.py:492} INFO - Spark config:
[2025-10-11T02:28:27.906+0000] {spark_submit.py:492} INFO - (spark.app.name,arrow-spark)
[2025-10-11T02:28:27.908+0000] {spark_submit.py:492} INFO - (spark.app.submitTime,1760149707599)
[2025-10-11T02:28:27.910+0000] {spark_submit.py:492} INFO - (spark.master,local)
[2025-10-11T02:28:27.970+0000] {spark_submit.py:492} INFO - (spark.submit.deployMode,client)
[2025-10-11T02:28:27.972+0000] {spark_submit.py:492} INFO - (spark.submit.pyFiles,)
[2025-10-11T02:28:27.987+0000] {spark_submit.py:492} INFO - Classpath elements:
[2025-10-11T02:28:27.989+0000] {spark_submit.py:492} INFO - 
[2025-10-11T02:28:28.000+0000] {spark_submit.py:492} INFO - 
[2025-10-11T02:28:28.007+0000] {spark_submit.py:492} INFO - 
[2025-10-11T02:28:30.899+0000] {spark_submit.py:492} INFO - python3: can't open file '/opt/***/include/scripts/read.py': [Errno 2] No such file or directory
[2025-10-11T02:28:31.308+0000] {spark_submit.py:492} INFO - 25/10/11 02:28:31 INFO ShutdownHookManager: Shutdown hook called
[2025-10-11T02:28:31.371+0000] {spark_submit.py:492} INFO - 25/10/11 02:28:31 INFO ShutdownHookManager: Deleting directory /tmp/spark-ffbe725a-5948-4bb7-80d3-aa8c9d97a0b6
[2025-10-11T02:28:31.909+0000] {taskinstance.py:2698} ERROR - Task failed with exception
Traceback (most recent call last):
  File "/home/airflow/.local/lib/python3.8/site-packages/airflow/models/taskinstance.py", line 433, in _execute_task
    result = execute_callable(context=context, **execute_callable_kwargs)
  File "/home/airflow/.local/lib/python3.8/site-packages/airflow/providers/apache/spark/operators/spark_submit.py", line 157, in execute
    self._hook.submit(self._application)
  File "/home/airflow/.local/lib/python3.8/site-packages/airflow/providers/apache/spark/hooks/spark_submit.py", line 423, in submit
    raise AirflowException(
airflow.exceptions.AirflowException: Cannot execute: spark-submit --master local --name arrow-spark --verbose /opt/***/include/scripts/read.py. Error code is: 2.
[2025-10-11T02:28:32.006+0000] {taskinstance.py:1138} INFO - Marking task as FAILED. dag_id=my_dag, task_id=submit_job, execution_date=20251011T022454, start_date=20251011T022642, end_date=20251011T022832
[2025-10-11T02:28:32.135+0000] {standard_task_runner.py:107} ERROR - Failed to execute job 22 for task submit_job (Cannot execute: spark-submit --master local --name arrow-spark --verbose /opt/***/include/scripts/read.py. Error code is: 2.; 635)
[2025-10-11T02:28:32.293+0000] {local_task_job_runner.py:234} INFO - Task exited with return code 1
[2025-10-11T02:28:32.422+0000] {taskinstance.py:3280} INFO - 0 downstream tasks scheduled from follow-on schedule check
