[0m22:38:26.452599 [debug] [MainThread]: Sending event: {'category': 'dbt', 'action': 'invocation', 'label': 'start', 'context': [<snowplow_tracker.self_describing_json.SelfDescribingJson object at 0x000001C5FC9E4D70>, <snowplow_tracker.self_describing_json.SelfDescribingJson object at 0x000001C5FD4A8A50>, <snowplow_tracker.self_describing_json.SelfDescribingJson object at 0x000001C5FEAEBD90>]}


============================== 22:38:26.480181 | 0af725e7-ba1d-4f42-ac2a-5bde21787fcc ==============================
[0m22:38:26.480181 [info ] [MainThread]: Running with dbt=1.10.13
[0m22:38:26.483310 [debug] [MainThread]: running dbt with arguments {'target_path': 'None', 'log_format': 'default', 'printer_width': '80', 'profiles_dir': 'C:\\Users\\User\\.dbt', 'use_colors': 'True', 'warn_error': 'None', 'indirect_selection': 'eager', 'partial_parse': 'True', 'log_path': 'logs', 'send_anonymous_usage_stats': 'True', 'fail_fast': 'False', 'warn_error_options': 'WarnErrorOptionsV2(error=[], warn=[], silence=[])', 'static_parser': 'True', 'use_experimental_parser': 'False', 'version_check': 'True', 'quiet': 'False', 'introspect': 'True', 'empty': 'None', 'log_cache_events': 'False', 'debug': 'False', 'no_print': 'None', 'invocation_command': 'dbt init dbt_project', 'cache_selected_only': 'False', 'write_json': 'True'}
[0m22:38:26.569921 [debug] [MainThread]: Starter project path: C:\Users\User\Documents\Data_engineer\my_project\airflow_project\venv\Lib\site-packages\dbt\include\starter_project
[0m22:38:26.604893 [info ] [MainThread]: 
Your new dbt project "dbt_project" was created!

For more information on how to configure the profiles.yml file,
please consult the dbt documentation here:

  https://docs.getdbt.com/docs/configure-your-profile

One more thing:

Need help? Don't hesitate to reach out to us via GitHub issues or on Slack:

  https://community.getdbt.com/

Happy modeling!

[0m22:38:26.614724 [info ] [MainThread]: Setting up your profile.
[0m22:39:47.467980 [info ] [MainThread]: Profile dbt_project written to C:\Users\User\.dbt\profiles.yml using target's profile_template.yml and your supplied values. Run 'dbt debug' to validate the connection.
[0m22:39:47.471114 [debug] [MainThread]: Command `dbt init` succeeded at 22:39:47.470760 after 81.55 seconds
[0m22:39:47.472253 [debug] [MainThread]: Sending event: {'category': 'dbt', 'action': 'invocation', 'label': 'end', 'context': [<snowplow_tracker.self_describing_json.SelfDescribingJson object at 0x000001C5FECD0770>, <snowplow_tracker.self_describing_json.SelfDescribingJson object at 0x000001C5FEBFF410>, <snowplow_tracker.self_describing_json.SelfDescribingJson object at 0x000001C5FDA7AE00>]}
[0m22:39:47.473449 [debug] [MainThread]: Flushing usage events
[0m22:39:49.897220 [debug] [MainThread]: An error was encountered while trying to flush usage events
