[2025-10-11T03:39:35.920+0000] {taskinstance.py:1956} INFO - Dependencies all met for dep_context=non-requeueable deps ti=<TaskInstance: my_dag.submit_job manual__2025-10-11T03:35:49.323609+00:00 [queued]>
[2025-10-11T03:39:36.012+0000] {taskinstance.py:1956} INFO - Dependencies all met for dep_context=requeueable deps ti=<TaskInstance: my_dag.submit_job manual__2025-10-11T03:35:49.323609+00:00 [queued]>
[2025-10-11T03:39:36.013+0000] {taskinstance.py:2170} INFO - Starting attempt 1 of 1
[2025-10-11T03:39:36.231+0000] {taskinstance.py:2191} INFO - Executing <Task(SparkSubmitOperator): submit_job> on 2025-10-11 03:35:49.323609+00:00
[2025-10-11T03:39:36.291+0000] {standard_task_runner.py:60} INFO - Started process 212 to run task
[2025-10-11T03:39:36.305+0000] {standard_task_runner.py:87} INFO - Running: ['***', 'tasks', 'run', 'my_dag', 'submit_job', 'manual__2025-10-11T03:35:49.323609+00:00', '--job-id', '28', '--raw', '--subdir', 'DAGS_FOLDER/my_dag.py', '--cfg-path', '/tmp/tmp4goiu2vz']
[2025-10-11T03:39:36.389+0000] {standard_task_runner.py:88} INFO - Job 28: Subtask submit_job
[2025-10-11T03:39:37.456+0000] {task_command.py:423} INFO - Running <TaskInstance: my_dag.submit_job manual__2025-10-11T03:35:49.323609+00:00 [running]> on host 673fe1495c96
[2025-10-11T03:39:38.686+0000] {taskinstance.py:2480} INFO - Exporting env vars: AIRFLOW_CTX_DAG_OWNER='***' AIRFLOW_CTX_DAG_ID='my_dag' AIRFLOW_CTX_TASK_ID='submit_job' AIRFLOW_CTX_EXECUTION_DATE='2025-10-11T03:35:49.323609+00:00' AIRFLOW_CTX_TRY_NUMBER='1' AIRFLOW_CTX_DAG_RUN_ID='manual__2025-10-11T03:35:49.323609+00:00'
[2025-10-11T03:39:38.788+0000] {base.py:83} INFO - Using connection ID 'my_spark_conn' for task execution.
[2025-10-11T03:39:38.796+0000] {spark_submit.py:341} INFO - Spark-Submit cmd: spark-submit --master local --name arrow-spark --verbose /opt/***/include/scripts/read.py
[2025-10-11T03:41:54.821+0000] {spark_submit.py:492} INFO - Using properties file: null
[2025-10-11T03:42:02.217+0000] {spark_submit.py:492} INFO - Parsed arguments:
[2025-10-11T03:42:02.304+0000] {spark_submit.py:492} INFO - master                  local
[2025-10-11T03:42:02.310+0000] {spark_submit.py:492} INFO - remote                  null
[2025-10-11T03:42:02.313+0000] {spark_submit.py:492} INFO - deployMode              null
[2025-10-11T03:42:02.397+0000] {spark_submit.py:492} INFO - executorMemory          null
[2025-10-11T03:42:02.418+0000] {spark_submit.py:492} INFO - executorCores           null
[2025-10-11T03:42:02.497+0000] {spark_submit.py:492} INFO - totalExecutorCores      null
[2025-10-11T03:42:02.512+0000] {spark_submit.py:492} INFO - propertiesFile          null
[2025-10-11T03:42:02.528+0000] {spark_submit.py:492} INFO - driverMemory            null
[2025-10-11T03:42:02.598+0000] {spark_submit.py:492} INFO - driverCores             null
[2025-10-11T03:42:02.616+0000] {spark_submit.py:492} INFO - driverExtraClassPath    null
[2025-10-11T03:42:02.903+0000] {spark_submit.py:492} INFO - driverExtraLibraryPath  null
[2025-10-11T03:42:03.102+0000] {spark_submit.py:492} INFO - driverExtraJavaOptions  null
[2025-10-11T03:42:03.118+0000] {spark_submit.py:492} INFO - supervise               false
[2025-10-11T03:42:03.199+0000] {spark_submit.py:492} INFO - queue                   null
[2025-10-11T03:42:03.207+0000] {spark_submit.py:492} INFO - numExecutors            null
[2025-10-11T03:42:03.211+0000] {spark_submit.py:492} INFO - files                   null
[2025-10-11T03:42:03.217+0000] {spark_submit.py:492} INFO - pyFiles                 null
[2025-10-11T03:42:03.232+0000] {spark_submit.py:492} INFO - archives                null
[2025-10-11T03:42:03.325+0000] {spark_submit.py:492} INFO - mainClass               null
[2025-10-11T03:42:03.337+0000] {spark_submit.py:492} INFO - primaryResource         file:/opt/***/include/scripts/read.py
[2025-10-11T03:42:03.349+0000] {spark_submit.py:492} INFO - name                    arrow-spark
[2025-10-11T03:42:03.427+0000] {spark_submit.py:492} INFO - childArgs               []
[2025-10-11T03:42:03.442+0000] {spark_submit.py:492} INFO - jars                    null
[2025-10-11T03:42:03.499+0000] {spark_submit.py:492} INFO - packages                null
[2025-10-11T03:42:03.514+0000] {spark_submit.py:492} INFO - packagesExclusions      null
[2025-10-11T03:42:03.516+0000] {spark_submit.py:492} INFO - repositories            null
[2025-10-11T03:42:03.519+0000] {spark_submit.py:492} INFO - verbose                 true
[2025-10-11T03:42:03.521+0000] {spark_submit.py:492} INFO - 
[2025-10-11T03:42:03.522+0000] {spark_submit.py:492} INFO - Spark properties used, including those specified through
[2025-10-11T03:42:03.525+0000] {spark_submit.py:492} INFO - --conf and those from the properties file null:
[2025-10-11T03:42:03.538+0000] {spark_submit.py:492} INFO - 
[2025-10-11T03:42:03.540+0000] {spark_submit.py:492} INFO - 
[2025-10-11T03:42:06.378+0000] {spark_submit.py:492} INFO - 
[2025-10-11T03:42:28.631+0000] {spark_submit.py:492} INFO - Main class:
[2025-10-11T03:42:29.026+0000] {spark_submit.py:492} INFO - org.apache.spark.deploy.PythonRunner
[2025-10-11T03:42:29.039+0000] {spark_submit.py:492} INFO - Arguments:
[2025-10-11T03:42:29.050+0000] {spark_submit.py:492} INFO - file:/opt/***/include/scripts/read.py
[2025-10-11T03:42:29.130+0000] {spark_submit.py:492} INFO - null
[2025-10-11T03:42:29.437+0000] {spark_submit.py:492} INFO - Spark config:
[2025-10-11T03:42:29.438+0000] {spark_submit.py:492} INFO - (spark.app.name,arrow-spark)
[2025-10-11T03:42:29.439+0000] {spark_submit.py:492} INFO - (spark.app.submitTime,1760154148030)
[2025-10-11T03:42:29.450+0000] {spark_submit.py:492} INFO - (spark.master,local)
[2025-10-11T03:42:29.458+0000] {spark_submit.py:492} INFO - (spark.submit.deployMode,client)
[2025-10-11T03:42:29.527+0000] {spark_submit.py:492} INFO - (spark.submit.pyFiles,)
[2025-10-11T03:42:29.548+0000] {spark_submit.py:492} INFO - Classpath elements:
[2025-10-11T03:42:29.552+0000] {spark_submit.py:492} INFO - 
[2025-10-11T03:42:29.640+0000] {spark_submit.py:492} INFO - 
[2025-10-11T03:42:29.644+0000] {spark_submit.py:492} INFO - 
[2025-10-11T03:43:06.958+0000] {spark_submit.py:492} INFO - 25/10/11 03:43:06 INFO SparkContext: Running Spark version 3.5.1
[2025-10-11T03:43:06.985+0000] {spark_submit.py:492} INFO - 25/10/11 03:43:06 INFO SparkContext: OS info Linux, 6.6.87.2-microsoft-standard-WSL2, amd64
[2025-10-11T03:43:07.063+0000] {spark_submit.py:492} INFO - 25/10/11 03:43:06 INFO SparkContext: Java version 17.0.16
[2025-10-11T03:43:12.211+0000] {spark_submit.py:492} INFO - 25/10/11 03:43:12 WARN NativeCodeLoader: Unable to load native-hadoop library for your platform... using builtin-java classes where applicable
[2025-10-11T03:43:16.679+0000] {spark_submit.py:492} INFO - 25/10/11 03:43:16 INFO ResourceUtils: ==============================================================
[2025-10-11T03:43:16.689+0000] {spark_submit.py:492} INFO - 25/10/11 03:43:16 INFO ResourceUtils: No custom resources configured for spark.driver.
[2025-10-11T03:43:16.691+0000] {spark_submit.py:492} INFO - 25/10/11 03:43:16 INFO ResourceUtils: ==============================================================
[2025-10-11T03:43:16.710+0000] {spark_submit.py:492} INFO - 25/10/11 03:43:16 INFO SparkContext: Submitted application: PySpark Example
[2025-10-11T03:43:17.500+0000] {spark_submit.py:492} INFO - 25/10/11 03:43:17 INFO ResourceProfile: Default ResourceProfile created, executor resources: Map(cores -> name: cores, amount: 1, script: , vendor: , memory -> name: memory, amount: 1024, script: , vendor: , offHeap -> name: offHeap, amount: 0, script: , vendor: ), task resources: Map(cpus -> name: cpus, amount: 1.0)
[2025-10-11T03:43:17.699+0000] {spark_submit.py:492} INFO - 25/10/11 03:43:17 INFO ResourceProfile: Limiting resource is cpu
[2025-10-11T03:43:17.709+0000] {spark_submit.py:492} INFO - 25/10/11 03:43:17 INFO ResourceProfileManager: Added ResourceProfile id: 0
[2025-10-11T03:43:21.594+0000] {spark_submit.py:492} INFO - 25/10/11 03:43:21 INFO SecurityManager: Changing view acls to: ***
[2025-10-11T03:43:21.595+0000] {spark_submit.py:492} INFO - 25/10/11 03:43:21 INFO SecurityManager: Changing modify acls to: ***
[2025-10-11T03:43:21.683+0000] {spark_submit.py:492} INFO - 25/10/11 03:43:21 INFO SecurityManager: Changing view acls groups to:
[2025-10-11T03:43:21.699+0000] {spark_submit.py:492} INFO - 25/10/11 03:43:21 INFO SecurityManager: Changing modify acls groups to:
[2025-10-11T03:43:21.708+0000] {spark_submit.py:492} INFO - 25/10/11 03:43:21 INFO SecurityManager: SecurityManager: authentication disabled; ui acls disabled; users with view permissions: ***; groups with view permissions: EMPTY; users with modify permissions: ***; groups with modify permissions: EMPTY
[2025-10-11T03:43:32.915+0000] {spark_submit.py:492} INFO - 25/10/11 03:43:32 INFO Utils: Successfully started service 'sparkDriver' on port 35421.
[2025-10-11T03:43:33.824+0000] {spark_submit.py:492} INFO - 25/10/11 03:43:33 INFO SparkEnv: Registering MapOutputTracker
[2025-10-11T03:43:34.983+0000] {spark_submit.py:492} INFO - 25/10/11 03:43:34 INFO SparkEnv: Registering BlockManagerMaster
[2025-10-11T03:43:35.702+0000] {spark_submit.py:492} INFO - 25/10/11 03:43:35 INFO BlockManagerMasterEndpoint: Using org.apache.spark.storage.DefaultTopologyMapper for getting topology information
[2025-10-11T03:43:35.747+0000] {spark_submit.py:492} INFO - 25/10/11 03:43:35 INFO BlockManagerMasterEndpoint: BlockManagerMasterEndpoint up
[2025-10-11T03:43:35.982+0000] {spark_submit.py:492} INFO - 25/10/11 03:43:35 INFO SparkEnv: Registering BlockManagerMasterHeartbeat
[2025-10-11T03:43:37.298+0000] {spark_submit.py:492} INFO - 25/10/11 03:43:37 INFO DiskBlockManager: Created local directory at /tmp/blockmgr-fc324f50-67b4-4ddd-a402-b3b5fa479bd6
[2025-10-11T03:43:37.584+0000] {spark_submit.py:492} INFO - 25/10/11 03:43:37 INFO MemoryStore: MemoryStore started with capacity 413.9 MiB
[2025-10-11T03:43:38.016+0000] {spark_submit.py:492} INFO - 25/10/11 03:43:37 INFO SparkEnv: Registering OutputCommitCoordinator
[2025-10-11T03:43:45.319+0000] {spark_submit.py:492} INFO - 25/10/11 03:43:45 INFO JettyUtils: Start Jetty 0.0.0.0:4040 for SparkUI
[2025-10-11T03:43:47.842+0000] {spark_submit.py:492} INFO - 25/10/11 03:43:47 INFO Utils: Successfully started service 'SparkUI' on port 4040.
[2025-10-11T03:43:57.809+0000] {spark_submit.py:492} INFO - 25/10/11 03:43:57 INFO Executor: Starting executor ID driver on host 673fe1495c96
[2025-10-11T03:43:57.812+0000] {spark_submit.py:492} INFO - 25/10/11 03:43:57 INFO Executor: OS info Linux, 6.6.87.2-microsoft-standard-WSL2, amd64
[2025-10-11T03:43:57.824+0000] {spark_submit.py:492} INFO - 25/10/11 03:43:57 INFO Executor: Java version 17.0.16
[2025-10-11T03:43:58.021+0000] {spark_submit.py:492} INFO - 25/10/11 03:43:58 INFO Executor: Starting executor with user classpath (userClassPathFirst = false): ''
[2025-10-11T03:43:58.031+0000] {spark_submit.py:492} INFO - 25/10/11 03:43:58 INFO Executor: Created or updated repl class loader org.apache.spark.util.MutableURLClassLoader@78b23346 for default.
[2025-10-11T03:43:58.781+0000] {spark_submit.py:492} INFO - 25/10/11 03:43:58 INFO Utils: Successfully started service 'org.apache.spark.network.netty.NettyBlockTransferService' on port 46057.
[2025-10-11T03:43:58.782+0000] {spark_submit.py:492} INFO - 25/10/11 03:43:58 INFO NettyBlockTransferService: Server created on 673fe1495c96:46057
[2025-10-11T03:43:58.869+0000] {spark_submit.py:492} INFO - 25/10/11 03:43:58 INFO BlockManager: Using org.apache.spark.storage.RandomBlockReplicationPolicy for block replication policy
[2025-10-11T03:43:58.999+0000] {spark_submit.py:492} INFO - 25/10/11 03:43:58 INFO BlockManagerMaster: Registering BlockManager BlockManagerId(driver, 673fe1495c96, 46057, None)
[2025-10-11T03:43:59.016+0000] {spark_submit.py:492} INFO - 25/10/11 03:43:59 INFO BlockManagerMasterEndpoint: Registering block manager 673fe1495c96:46057 with 413.9 MiB RAM, BlockManagerId(driver, 673fe1495c96, 46057, None)
[2025-10-11T03:43:59.032+0000] {spark_submit.py:492} INFO - 25/10/11 03:43:59 INFO BlockManagerMaster: Registered BlockManager BlockManagerId(driver, 673fe1495c96, 46057, None)
[2025-10-11T03:43:59.035+0000] {spark_submit.py:492} INFO - 25/10/11 03:43:59 INFO BlockManager: Initialized BlockManager: BlockManagerId(driver, 673fe1495c96, 46057, None)
[2025-10-11T03:44:14.005+0000] {spark_submit.py:492} INFO - 25/10/11 03:44:13 INFO SharedState: Setting hive.metastore.warehouse.dir ('null') to the value of spark.sql.warehouse.dir.
[2025-10-11T03:44:14.317+0000] {spark_submit.py:492} INFO - 25/10/11 03:44:14 INFO SharedState: Warehouse path is 'file:/opt/***/spark-warehouse'.
[2025-10-11T03:44:45.248+0000] {spark_submit.py:492} INFO - 25/10/11 03:44:45 INFO InMemoryFileIndex: It took 634 ms to list leaf files for 1 paths.
[2025-10-11T03:44:53.286+0000] {spark_submit.py:492} INFO - 25/10/11 03:44:53 INFO InMemoryFileIndex: It took 799 ms to list leaf files for 1 paths.
[2025-10-11T03:48:12.415+0000] {spark_submit.py:492} INFO - 25/10/11 03:48:09 INFO FileSourceStrategy: Pushed Filters:
[2025-10-11T03:48:22.396+0000] {spark_submit.py:492} INFO - 25/10/11 03:48:10 INFO FileSourceStrategy: Post-Scan Filters: (length(trim(value#0, None)) > 0)
[2025-10-11T03:48:32.807+0000] {spark_submit.py:492} INFO - 25/10/11 03:48:32 INFO AsyncEventQueue: Process of event SparkListenerSQLExecutionStart(0,Some(0),csv at NativeMethodAccessorImpl.java:0,org.apache.spark.sql.DataFrameReader.csv(DataFrameReader.scala:538)
[2025-10-11T03:48:32.814+0000] {spark_submit.py:492} INFO - java.base/jdk.internal.reflect.NativeMethodAccessorImpl.invoke0(Native Method)
[2025-10-11T03:48:32.817+0000] {spark_submit.py:492} INFO - java.base/jdk.internal.reflect.NativeMethodAccessorImpl.invoke(NativeMethodAccessorImpl.java:77)
[2025-10-11T03:48:32.821+0000] {spark_submit.py:492} INFO - java.base/jdk.internal.reflect.DelegatingMethodAccessorImpl.invoke(DelegatingMethodAccessorImpl.java:43)
[2025-10-11T03:48:32.826+0000] {spark_submit.py:492} INFO - java.base/java.lang.reflect.Method.invoke(Method.java:569)
[2025-10-11T03:48:32.827+0000] {spark_submit.py:492} INFO - py4j.reflection.MethodInvoker.invoke(MethodInvoker.java:244)
[2025-10-11T03:48:32.828+0000] {spark_submit.py:492} INFO - py4j.reflection.ReflectionEngine.invoke(ReflectionEngine.java:374)
[2025-10-11T03:48:32.902+0000] {spark_submit.py:492} INFO - py4j.Gateway.invoke(Gateway.java:282)
[2025-10-11T03:48:32.910+0000] {spark_submit.py:492} INFO - py4j.commands.AbstractCommand.invokeMethod(AbstractCommand.java:132)
[2025-10-11T03:48:32.916+0000] {spark_submit.py:492} INFO - py4j.commands.CallCommand.execute(CallCommand.java:79)
[2025-10-11T03:48:32.924+0000] {spark_submit.py:492} INFO - py4j.ClientServerConnection.waitForCommands(ClientServerConnection.java:182)
[2025-10-11T03:48:32.996+0000] {spark_submit.py:492} INFO - py4j.ClientServerConnection.run(ClientServerConnection.java:106)
[2025-10-11T03:48:33.054+0000] {spark_submit.py:492} INFO - java.base/java.lang.Thread.run(Thread.java:840),== Physical Plan ==
[2025-10-11T03:48:33.058+0000] {spark_submit.py:492} INFO - CollectLimit (3)
[2025-10-11T03:48:33.415+0000] {spark_submit.py:492} INFO - +- * Filter (2)
[2025-10-11T03:48:33.509+0000] {spark_submit.py:492} INFO - +- Scan text  (1)
[2025-10-11T03:48:33.512+0000] {spark_submit.py:492} INFO - 
[2025-10-11T03:48:33.623+0000] {spark_submit.py:492} INFO - 
[2025-10-11T03:48:33.648+0000] {spark_submit.py:492} INFO - (1) Scan text
[2025-10-11T03:48:33.696+0000] {spark_submit.py:492} INFO - Output [1]: [value#0]
[2025-10-11T03:48:33.700+0000] {spark_submit.py:492} INFO - Batched: false
[2025-10-11T03:48:33.701+0000] {spark_submit.py:492} INFO - Location: InMemoryFileIndex [file:/opt/***/include/data.csv]
[2025-10-11T03:48:33.917+0000] {spark_submit.py:492} INFO - ReadSchema: struct<value:string>
[2025-10-11T03:48:33.925+0000] {spark_submit.py:492} INFO - 
[2025-10-11T03:48:33.996+0000] {spark_submit.py:492} INFO - (2) Filter [codegen id : 1]
[2025-10-11T03:48:34.005+0000] {spark_submit.py:492} INFO - Input [1]: [value#0]
[2025-10-11T03:48:34.010+0000] {spark_submit.py:492} INFO - Condition : (length(trim(value#0, None)) > 0)
[2025-10-11T03:48:34.018+0000] {spark_submit.py:492} INFO - 
[2025-10-11T03:48:34.096+0000] {spark_submit.py:492} INFO - (3) CollectLimit
[2025-10-11T03:48:34.114+0000] {spark_submit.py:492} INFO - Input [1]: [value#0]
[2025-10-11T03:48:34.409+0000] {spark_submit.py:492} INFO - Arguments: 1
[2025-10-11T03:48:34.419+0000] {spark_submit.py:492} INFO - 
[2025-10-11T03:48:34.501+0000] {spark_submit.py:492} INFO - ,org.apache.spark.sql.execution.SparkPlanInfo@ce798ca2,1760154507234,Map(),Set()) by listener SQLAppStatusListener took 3.578262164s.
[2025-10-11T03:49:12.291+0000] {spark_submit.py:492} INFO - 25/10/11 03:49:12 INFO CodeGenerator: Code generated in 11678.086392 ms
[2025-10-11T03:49:18.720+0000] {spark_submit.py:492} INFO - 25/10/11 03:49:18 INFO MemoryStore: Block broadcast_0 stored as values in memory (estimated size 199.4 KiB, free 413.7 MiB)
[2025-10-11T03:49:25.522+0000] {spark_submit.py:492} INFO - 25/10/11 03:49:25 INFO MemoryStore: Block broadcast_0_piece0 stored as bytes in memory (estimated size 34.2 KiB, free 413.7 MiB)
[2025-10-11T03:49:26.001+0000] {spark_submit.py:492} INFO - 25/10/11 03:49:25 INFO BlockManagerInfo: Added broadcast_0_piece0 in memory on 673fe1495c96:46057 (size: 34.2 KiB, free: 413.9 MiB)
[2025-10-11T03:49:26.406+0000] {spark_submit.py:492} INFO - 25/10/11 03:49:26 INFO SparkContext: Created broadcast 0 from csv at NativeMethodAccessorImpl.java:0
[2025-10-11T03:49:27.530+0000] {spark_submit.py:492} INFO - 25/10/11 03:49:27 INFO FileSourceScanExec: Planning scan with bin packing, max size: 4194965 bytes, open cost is considered as scanning 4194304 bytes.
[2025-10-11T03:49:37.612+0000] {spark_submit.py:492} INFO - 25/10/11 03:49:37 INFO SparkContext: Starting job: csv at NativeMethodAccessorImpl.java:0
[2025-10-11T03:49:38.406+0000] {spark_submit.py:492} INFO - 25/10/11 03:49:38 INFO DAGScheduler: Got job 0 (csv at NativeMethodAccessorImpl.java:0) with 1 output partitions
[2025-10-11T03:49:38.509+0000] {spark_submit.py:492} INFO - 25/10/11 03:49:38 INFO DAGScheduler: Final stage: ResultStage 0 (csv at NativeMethodAccessorImpl.java:0)
[2025-10-11T03:49:38.510+0000] {spark_submit.py:492} INFO - 25/10/11 03:49:38 INFO DAGScheduler: Parents of final stage: List()
[2025-10-11T03:49:38.511+0000] {spark_submit.py:492} INFO - 25/10/11 03:49:38 INFO DAGScheduler: Missing parents: List()
[2025-10-11T03:49:38.693+0000] {spark_submit.py:492} INFO - 25/10/11 03:49:38 INFO DAGScheduler: Submitting ResultStage 0 (MapPartitionsRDD[3] at csv at NativeMethodAccessorImpl.java:0), which has no missing parents
[2025-10-11T03:49:40.199+0000] {spark_submit.py:492} INFO - 25/10/11 03:49:40 INFO AsyncEventQueue: Process of event SparkListenerJobStart(0,1760154578413,WrappedArray(org.apache.spark.scheduler.StageInfo@76b14f7d),{spark.driver.port=35421, spark.master=local, spark.submit.pyFiles=, spark.app.startTime=1760154186759, spark.rdd.compress=True, spark.executor.id=driver, spark.app.name=PySpark Example, spark.submit.deployMode=client, spark.driver.host=673fe1495c96, spark.app.id=local-1760154237007, spark.app.submitTime=1760154148030, spark.executor.extraJavaOptions=-Djava.net.preferIPv6Addresses=false -XX:+IgnoreUnrecognizedVMOptions --add-opens=java.base/java.lang=ALL-UNNAMED --add-opens=java.base/java.lang.invoke=ALL-UNNAMED --add-opens=java.base/java.lang.reflect=ALL-UNNAMED --add-opens=java.base/java.io=ALL-UNNAMED --add-opens=java.base/java.net=ALL-UNNAMED --add-opens=java.base/java.nio=ALL-UNNAMED --add-opens=java.base/java.util=ALL-UNNAMED --add-opens=java.base/java.util.concurrent=ALL-UNNAMED --add-opens=java.base/java.util.concurrent.atomic=ALL-UNNAMED --add-opens=java.base/jdk.internal.ref=ALL-UNNAMED --add-opens=java.base/sun.nio.ch=ALL-UNNAMED --add-opens=java.base/sun.nio.cs=ALL-UNNAMED --add-opens=java.base/sun.security.action=ALL-UNNAMED --add-opens=java.base/sun.util.calendar=ALL-UNNAMED --add-opens=java.security.jgss/sun.security.krb5=ALL-UNNAMED -Djdk.reflect.useDirectMethodHandle=false, spark.sql.execution.id=0, spark.sql.execution.root.id=0, spark.sql.warehouse.dir=file:/opt/***/spark-warehouse, spark.serializer.objectStreamReset=100, spark.driver.extraJavaOptions=-Djava.net.preferIPv6Addresses=false -XX:+IgnoreUnrecognizedVMOptions --add-opens=java.base/java.lang=ALL-UNNAMED --add-opens=java.base/java.lang.invoke=ALL-UNNAMED --add-opens=java.base/java.lang.reflect=ALL-UNNAMED --add-opens=java.base/java.io=ALL-UNNAMED --add-opens=java.base/java.net=ALL-UNNAMED --add-opens=java.base/java.nio=ALL-UNNAMED --add-opens=java.base/java.util=ALL-UNNAMED --add-opens=java.base/java.util.concurrent=ALL-UNNAMED --add-opens=java.base/java.util.concurrent.atomic=ALL-UNNAMED --add-opens=java.base/jdk.internal.ref=ALL-UNNAMED --add-opens=java.base/sun.nio.ch=ALL-UNNAMED --add-opens=java.base/sun.nio.cs=ALL-UNNAMED --add-opens=java.base/sun.security.action=ALL-UNNAMED --add-opens=java.base/sun.util.calendar=ALL-UNNAMED --add-opens=java.security.jgss/sun.security.krb5=ALL-UNNAMED -Djdk.reflect.useDirectMethodHandle=false}) by listener AppStatusListener took 1.692275795s.
[2025-10-11T03:49:45.354+0000] {spark_submit.py:492} INFO - 25/10/11 03:49:45 INFO MemoryStore: Block broadcast_1 stored as values in memory (estimated size 13.5 KiB, free 413.7 MiB)
[2025-10-11T03:49:45.448+0000] {spark_submit.py:492} INFO - 25/10/11 03:49:45 INFO MemoryStore: Block broadcast_1_piece0 stored as bytes in memory (estimated size 6.4 KiB, free 413.7 MiB)
[2025-10-11T03:49:45.453+0000] {spark_submit.py:492} INFO - 25/10/11 03:49:45 INFO BlockManagerInfo: Added broadcast_1_piece0 in memory on 673fe1495c96:46057 (size: 6.4 KiB, free: 413.9 MiB)
[2025-10-11T03:49:45.457+0000] {spark_submit.py:492} INFO - 25/10/11 03:49:45 INFO SparkContext: Created broadcast 1 from broadcast at DAGScheduler.scala:1585
[2025-10-11T03:49:45.827+0000] {spark_submit.py:492} INFO - 25/10/11 03:49:45 INFO DAGScheduler: Submitting 1 missing tasks from ResultStage 0 (MapPartitionsRDD[3] at csv at NativeMethodAccessorImpl.java:0) (first 15 tasks are for partitions Vector(0))
[2025-10-11T03:49:45.841+0000] {spark_submit.py:492} INFO - 25/10/11 03:49:45 INFO TaskSchedulerImpl: Adding task set 0.0 with 1 tasks resource profile 0
[2025-10-11T03:49:47.119+0000] {spark_submit.py:492} INFO - 25/10/11 03:49:47 INFO TaskSetManager: Starting task 0.0 in stage 0.0 (TID 0) (673fe1495c96, executor driver, partition 0, PROCESS_LOCAL, 8214 bytes)
[2025-10-11T03:49:48.121+0000] {spark_submit.py:492} INFO - 25/10/11 03:49:48 INFO Executor: Running task 0.0 in stage 0.0 (TID 0)
[2025-10-11T03:49:53.119+0000] {spark_submit.py:492} INFO - 25/10/11 03:49:53 INFO CodeGenerator: Code generated in 225.227487 ms
[2025-10-11T03:49:53.224+0000] {spark_submit.py:492} INFO - 25/10/11 03:49:53 INFO FileScanRDD: Reading File path: file:///opt/***/include/data.csv, range: 0-661, partition values: [empty row]
[2025-10-11T03:49:53.537+0000] {spark_submit.py:492} INFO - 25/10/11 03:49:53 INFO CodeGenerator: Code generated in 290.27899 ms
[2025-10-11T03:49:55.636+0000] {spark_submit.py:492} INFO - 25/10/11 03:49:55 INFO Executor: Finished task 0.0 in stage 0.0 (TID 0). 1727 bytes result sent to driver
[2025-10-11T03:49:55.944+0000] {spark_submit.py:492} INFO - 25/10/11 03:49:55 INFO TaskSetManager: Finished task 0.0 in stage 0.0 (TID 0) in 9078 ms on 673fe1495c96 (executor driver) (1/1)
[2025-10-11T03:49:56.028+0000] {spark_submit.py:492} INFO - 25/10/11 03:49:56 INFO TaskSchedulerImpl: Removed TaskSet 0.0, whose tasks have all completed, from pool
[2025-10-11T03:49:56.224+0000] {spark_submit.py:492} INFO - 25/10/11 03:49:56 INFO DAGScheduler: ResultStage 0 (csv at NativeMethodAccessorImpl.java:0) finished in 16.859 s
[2025-10-11T03:49:56.359+0000] {spark_submit.py:492} INFO - 25/10/11 03:49:56 INFO DAGScheduler: Job 0 is finished. Cancelling potential speculative or zombie tasks for this job
[2025-10-11T03:49:56.364+0000] {spark_submit.py:492} INFO - 25/10/11 03:49:56 INFO TaskSchedulerImpl: Killing all running tasks in stage 0: Stage finished
[2025-10-11T03:49:56.532+0000] {spark_submit.py:492} INFO - 25/10/11 03:49:56 INFO DAGScheduler: Job 0 finished: csv at NativeMethodAccessorImpl.java:0, took 16.182968 s
[2025-10-11T03:49:57.139+0000] {spark_submit.py:492} INFO - 25/10/11 03:49:57 INFO CodeGenerator: Code generated in 295.820421 ms
[2025-10-11T03:50:00.669+0000] {spark_submit.py:492} INFO - 25/10/11 03:50:00 INFO FileSourceStrategy: Pushed Filters:
[2025-10-11T03:50:00.728+0000] {spark_submit.py:492} INFO - 25/10/11 03:50:00 INFO FileSourceStrategy: Post-Scan Filters:
[2025-10-11T03:50:01.123+0000] {spark_submit.py:492} INFO - 25/10/11 03:50:01 INFO MemoryStore: Block broadcast_2 stored as values in memory (estimated size 199.4 KiB, free 413.5 MiB)
[2025-10-11T03:50:01.553+0000] {spark_submit.py:492} INFO - 25/10/11 03:50:01 INFO MemoryStore: Block broadcast_2_piece0 stored as bytes in memory (estimated size 34.2 KiB, free 413.4 MiB)
[2025-10-11T03:50:01.641+0000] {spark_submit.py:492} INFO - 25/10/11 03:50:01 INFO BlockManagerInfo: Added broadcast_2_piece0 in memory on 673fe1495c96:46057 (size: 34.2 KiB, free: 413.9 MiB)
[2025-10-11T03:50:01.663+0000] {spark_submit.py:492} INFO - 25/10/11 03:50:01 INFO SparkContext: Created broadcast 2 from csv at NativeMethodAccessorImpl.java:0
[2025-10-11T03:50:01.726+0000] {spark_submit.py:492} INFO - 25/10/11 03:50:01 INFO FileSourceScanExec: Planning scan with bin packing, max size: 4194965 bytes, open cost is considered as scanning 4194304 bytes.
[2025-10-11T03:50:11.519+0000] {spark_submit.py:492} INFO - 25/10/11 03:50:11 INFO FileSourceStrategy: Pushed Filters:
[2025-10-11T03:50:11.539+0000] {spark_submit.py:492} INFO - 25/10/11 03:50:11 INFO FileSourceStrategy: Post-Scan Filters:
[2025-10-11T03:50:14.533+0000] {spark_submit.py:492} INFO - 25/10/11 03:50:14 INFO CodeGenerator: Code generated in 684.307099 ms
[2025-10-11T03:50:14.623+0000] {spark_submit.py:492} INFO - 25/10/11 03:50:14 INFO MemoryStore: Block broadcast_3 stored as values in memory (estimated size 199.3 KiB, free 413.3 MiB)
[2025-10-11T03:50:18.351+0000] {spark_submit.py:492} INFO - 25/10/11 03:50:18 INFO MemoryStore: Block broadcast_3_piece0 stored as bytes in memory (estimated size 34.2 KiB, free 413.2 MiB)
[2025-10-11T03:50:18.356+0000] {spark_submit.py:492} INFO - 25/10/11 03:50:18 INFO BlockManagerInfo: Added broadcast_3_piece0 in memory on 673fe1495c96:46057 (size: 34.2 KiB, free: 413.8 MiB)
[2025-10-11T03:50:18.370+0000] {spark_submit.py:492} INFO - 25/10/11 03:50:18 INFO SparkContext: Created broadcast 3 from showString at NativeMethodAccessorImpl.java:0
[2025-10-11T03:50:18.962+0000] {spark_submit.py:492} INFO - 25/10/11 03:50:18 INFO FileSourceScanExec: Planning scan with bin packing, max size: 4194965 bytes, open cost is considered as scanning 4194304 bytes.
[2025-10-11T03:50:19.446+0000] {spark_submit.py:492} INFO - 25/10/11 03:50:19 INFO SparkContext: Starting job: showString at NativeMethodAccessorImpl.java:0
[2025-10-11T03:50:19.462+0000] {spark_submit.py:492} INFO - 25/10/11 03:50:19 INFO DAGScheduler: Got job 1 (showString at NativeMethodAccessorImpl.java:0) with 1 output partitions
[2025-10-11T03:50:19.464+0000] {spark_submit.py:492} INFO - 25/10/11 03:50:19 INFO DAGScheduler: Final stage: ResultStage 1 (showString at NativeMethodAccessorImpl.java:0)
[2025-10-11T03:50:19.465+0000] {spark_submit.py:492} INFO - 25/10/11 03:50:19 INFO DAGScheduler: Parents of final stage: List()
[2025-10-11T03:50:19.466+0000] {spark_submit.py:492} INFO - 25/10/11 03:50:19 INFO DAGScheduler: Missing parents: List()
[2025-10-11T03:50:19.474+0000] {spark_submit.py:492} INFO - 25/10/11 03:50:19 INFO DAGScheduler: Submitting ResultStage 1 (MapPartitionsRDD[13] at showString at NativeMethodAccessorImpl.java:0), which has no missing parents
[2025-10-11T03:50:19.668+0000] {spark_submit.py:492} INFO - 25/10/11 03:50:19 INFO MemoryStore: Block broadcast_4 stored as values in memory (estimated size 18.0 KiB, free 413.2 MiB)
[2025-10-11T03:50:19.750+0000] {spark_submit.py:492} INFO - 25/10/11 03:50:19 INFO MemoryStore: Block broadcast_4_piece0 stored as bytes in memory (estimated size 8.0 KiB, free 413.2 MiB)
[2025-10-11T03:50:20.064+0000] {spark_submit.py:492} INFO - 25/10/11 03:50:19 INFO BlockManagerInfo: Added broadcast_4_piece0 in memory on 673fe1495c96:46057 (size: 8.0 KiB, free: 413.8 MiB)
[2025-10-11T03:50:20.065+0000] {spark_submit.py:492} INFO - 25/10/11 03:50:19 INFO SparkContext: Created broadcast 4 from broadcast at DAGScheduler.scala:1585
[2025-10-11T03:50:20.066+0000] {spark_submit.py:492} INFO - 25/10/11 03:50:19 INFO DAGScheduler: Submitting 1 missing tasks from ResultStage 1 (MapPartitionsRDD[13] at showString at NativeMethodAccessorImpl.java:0) (first 15 tasks are for partitions Vector(0))
[2025-10-11T03:50:20.146+0000] {spark_submit.py:492} INFO - 25/10/11 03:50:19 INFO TaskSchedulerImpl: Adding task set 1.0 with 1 tasks resource profile 0
[2025-10-11T03:50:20.148+0000] {spark_submit.py:492} INFO - 25/10/11 03:50:19 INFO TaskSetManager: Starting task 0.0 in stage 1.0 (TID 1) (673fe1495c96, executor driver, partition 0, PROCESS_LOCAL, 8214 bytes)
[2025-10-11T03:50:20.149+0000] {spark_submit.py:492} INFO - 25/10/11 03:50:19 INFO Executor: Running task 0.0 in stage 1.0 (TID 1)
[2025-10-11T03:50:21.746+0000] {spark_submit.py:492} INFO - 25/10/11 03:50:21 INFO CodeGenerator: Code generated in 1115.517399 ms
[2025-10-11T03:50:21.751+0000] {spark_submit.py:492} INFO - 25/10/11 03:50:21 INFO FileScanRDD: Reading File path: file:///opt/***/include/data.csv, range: 0-661, partition values: [empty row]
[2025-10-11T03:50:22.554+0000] {spark_submit.py:492} INFO - 25/10/11 03:50:22 INFO CodeGenerator: Code generated in 520.7092 ms
[2025-10-11T03:50:24.560+0000] {spark_submit.py:492} INFO - 25/10/11 03:50:24 INFO Executor: Finished task 0.0 in stage 1.0 (TID 1). 2305 bytes result sent to driver
[2025-10-11T03:50:24.747+0000] {spark_submit.py:492} INFO - 25/10/11 03:50:24 INFO TaskSetManager: Finished task 0.0 in stage 1.0 (TID 1) in 4627 ms on 673fe1495c96 (executor driver) (1/1)
[2025-10-11T03:50:24.846+0000] {spark_submit.py:492} INFO - 25/10/11 03:50:24 INFO DAGScheduler: ResultStage 1 (showString at NativeMethodAccessorImpl.java:0) finished in 5.100 s
[2025-10-11T03:50:24.852+0000] {spark_submit.py:492} INFO - 25/10/11 03:50:24 INFO DAGScheduler: Job 1 is finished. Cancelling potential speculative or zombie tasks for this job
[2025-10-11T03:50:24.863+0000] {spark_submit.py:492} INFO - 25/10/11 03:50:24 INFO TaskSchedulerImpl: Removed TaskSet 1.0, whose tasks have all completed, from pool
[2025-10-11T03:50:25.060+0000] {spark_submit.py:492} INFO - 25/10/11 03:50:24 INFO TaskSchedulerImpl: Killing all running tasks in stage 1: Stage finished
[2025-10-11T03:50:25.076+0000] {spark_submit.py:492} INFO - 25/10/11 03:50:24 INFO DAGScheduler: Job 1 finished: showString at NativeMethodAccessorImpl.java:0, took 5.303594 s
[2025-10-11T03:50:26.697+0000] {spark_submit.py:492} INFO - 25/10/11 03:50:26 INFO CodeGenerator: Code generated in 1640.261306 ms
[2025-10-11T03:50:28.563+0000] {spark_submit.py:492} INFO - +----------+----------+-----------+--------+----------+-----------+-----------+------+
[2025-10-11T03:50:28.566+0000] {spark_submit.py:492} INFO - |      date|   product|   category|quantity|unit_price|total_sales|customer_id|region|
[2025-10-11T03:50:28.567+0000] {spark_submit.py:492} INFO - +----------+----------+-----------+--------+----------+-----------+-----------+------+
[2025-10-11T03:50:28.646+0000] {spark_submit.py:492} INFO - |2024-01-01|    Laptop|Electronics|       2|    999.99|    1999.98|       C001| North|
[2025-10-11T03:50:28.648+0000] {spark_submit.py:492} INFO - |2024-01-01|     Mouse|Electronics|       5|     29.99|     149.95|       C002| South|
[2025-10-11T03:50:29.076+0000] {spark_submit.py:492} INFO - |2024-01-02|  Keyboard|Electronics|       3|     89.99|     269.97|       C003|  East|
[2025-10-11T03:50:29.078+0000] {spark_submit.py:492} INFO - |2024-01-02|   Monitor|Electronics|       1|    299.99|     299.99|       C001| North|
[2025-10-11T03:50:29.150+0000] {spark_submit.py:492} INFO - |2024-01-03|Headphones|Electronics|       4|     79.99|     319.96|       C004|  West|
[2025-10-11T03:50:29.158+0000] {spark_submit.py:492} INFO - |2024-01-03| SSD Drive|Electronics|       2|    159.99|     319.98|       C005| South|
[2025-10-11T03:50:29.246+0000] {spark_submit.py:492} INFO - |2024-01-04|    Webcam|Electronics|       3|     69.99|     209.97|       C002| South|
[2025-10-11T03:50:29.249+0000] {spark_submit.py:492} INFO - |2024-01-04| USB Cable|Accessories|      10|      9.99|      99.90|       C003|  East|
[2025-10-11T03:50:29.252+0000] {spark_submit.py:492} INFO - |2024-01-05|Power Bank|Accessories|       5|     49.99|     249.95|       C004|  West|
[2025-10-11T03:50:29.254+0000] {spark_submit.py:492} INFO - |2024-01-05|Phone Case|Accessories|       8|     19.99|     159.92|       C005| South|
[2025-10-11T03:50:29.256+0000] {spark_submit.py:492} INFO - +----------+----------+-----------+--------+----------+-----------+-----------+------+
[2025-10-11T03:50:29.260+0000] {spark_submit.py:492} INFO - 
[2025-10-11T03:50:29.264+0000] {spark_submit.py:492} INFO - 25/10/11 03:50:28 INFO SparkContext: SparkContext is stopping with exitCode 0.
[2025-10-11T03:50:30.059+0000] {spark_submit.py:492} INFO - 25/10/11 03:50:29 INFO SparkUI: Stopped Spark web UI at http://673fe1495c96:4040
[2025-10-11T03:50:31.347+0000] {spark_submit.py:492} INFO - 25/10/11 03:50:31 INFO MapOutputTrackerMasterEndpoint: MapOutputTrackerMasterEndpoint stopped!
[2025-10-11T03:50:33.957+0000] {spark_submit.py:492} INFO - 25/10/11 03:50:33 INFO MemoryStore: MemoryStore cleared
[2025-10-11T03:50:33.960+0000] {spark_submit.py:492} INFO - 25/10/11 03:50:33 INFO BlockManager: BlockManager stopped
[2025-10-11T03:50:34.449+0000] {spark_submit.py:492} INFO - 25/10/11 03:50:34 INFO BlockManagerMaster: BlockManagerMaster stopped
[2025-10-11T03:50:34.468+0000] {spark_submit.py:492} INFO - 25/10/11 03:50:34 INFO OutputCommitCoordinator$OutputCommitCoordinatorEndpoint: OutputCommitCoordinator stopped!
[2025-10-11T03:50:35.149+0000] {spark_submit.py:492} INFO - 25/10/11 03:50:35 INFO SparkContext: Successfully stopped SparkContext
[2025-10-11T03:51:10.386+0000] {spark_submit.py:492} INFO - 25/10/11 03:51:10 INFO ShutdownHookManager: Shutdown hook called
[2025-10-11T03:51:10.458+0000] {spark_submit.py:492} INFO - 25/10/11 03:51:10 INFO ShutdownHookManager: Deleting directory /tmp/spark-32eebf40-925b-4703-92a5-9fad67465e71/pyspark-20cdddc3-9bb6-49fc-abbb-0f0c369efae1
[2025-10-11T03:51:11.084+0000] {spark_submit.py:492} INFO - 25/10/11 03:51:11 INFO ShutdownHookManager: Deleting directory /tmp/spark-32eebf40-925b-4703-92a5-9fad67465e71
[2025-10-11T03:51:11.262+0000] {spark_submit.py:492} INFO - 25/10/11 03:51:11 INFO ShutdownHookManager: Deleting directory /tmp/spark-82d171de-b0dd-4394-81d5-ad2152196833
[2025-10-11T03:51:23.627+0000] {taskinstance.py:1138} INFO - Marking task as SUCCESS. dag_id=my_dag, task_id=submit_job, execution_date=20251011T033549, start_date=20251011T033935, end_date=20251011T035123
[2025-10-11T03:51:34.154+0000] {local_task_job_runner.py:234} INFO - Task exited with return code 0
[2025-10-11T03:51:38.913+0000] {taskinstance.py:3280} INFO - 0 downstream tasks scheduled from follow-on schedule check
