[2025-10-29T12:57:45.513+0000] {taskinstance.py:1956} INFO - Dependencies all met for dep_context=non-requeueable deps ti=<TaskInstance: dbt_local_pipeline.dbt_run manual__2025-10-29T12:52:36.938256+00:00 [queued]>
[2025-10-29T12:57:45.553+0000] {taskinstance.py:1956} INFO - Dependencies all met for dep_context=requeueable deps ti=<TaskInstance: dbt_local_pipeline.dbt_run manual__2025-10-29T12:52:36.938256+00:00 [queued]>
[2025-10-29T12:57:45.554+0000] {taskinstance.py:2170} INFO - Starting attempt 2 of 2
[2025-10-29T12:57:45.604+0000] {taskinstance.py:2191} INFO - Executing <Task(BashOperator): dbt_run> on 2025-10-29 12:52:36.938256+00:00
[2025-10-29T12:57:45.622+0000] {standard_task_runner.py:60} INFO - Started process 787 to run task
[2025-10-29T12:57:45.635+0000] {standard_task_runner.py:87} INFO - Running: ['***', 'tasks', 'run', 'dbt_local_pipeline', 'dbt_run', 'manual__2025-10-29T12:52:36.938256+00:00', '--job-id', '255', '--raw', '--subdir', 'DAGS_FOLDER/dbt_local_dag.py', '--cfg-path', '/tmp/tmpr86pii7t']
[2025-10-29T12:57:45.638+0000] {standard_task_runner.py:88} INFO - Job 255: Subtask dbt_run
[2025-10-29T12:57:45.787+0000] {task_command.py:423} INFO - Running <TaskInstance: dbt_local_pipeline.dbt_run manual__2025-10-29T12:52:36.938256+00:00 [running]> on host 891764070a1e
[2025-10-29T12:57:46.012+0000] {taskinstance.py:2480} INFO - Exporting env vars: AIRFLOW_CTX_DAG_OWNER='winardi' AIRFLOW_CTX_DAG_ID='dbt_local_pipeline' AIRFLOW_CTX_TASK_ID='dbt_run' AIRFLOW_CTX_EXECUTION_DATE='2025-10-29T12:52:36.938256+00:00' AIRFLOW_CTX_TRY_NUMBER='2' AIRFLOW_CTX_DAG_RUN_ID='manual__2025-10-29T12:52:36.938256+00:00'
[2025-10-29T12:57:46.017+0000] {subprocess.py:63} INFO - Tmp dir root location: /tmp
[2025-10-29T12:57:46.020+0000] {subprocess.py:75} INFO - Running command: ['/usr/bin/bash', '-c', '\n        cd /Users/User/Documents/Data_engineer/my_project/***_project/include/dbt/dbt_project &&         source /Users/User/Documents/Data_engineer/my_project/***_project/venv/bin/activate &&         dbt run --profiles-dir /Users/User/.dbt --target dev\n    ']
[2025-10-29T12:57:46.040+0000] {subprocess.py:86} INFO - Output:
[2025-10-29T12:57:46.044+0000] {subprocess.py:93} INFO - /usr/bin/bash: line 2: cd: /Users/User/Documents/Data_engineer/my_project/***_project/include/dbt/dbt_project: No such file or directory
[2025-10-29T12:57:46.047+0000] {subprocess.py:97} INFO - Command exited with return code 1
[2025-10-29T12:57:46.068+0000] {taskinstance.py:2698} ERROR - Task failed with exception
Traceback (most recent call last):
  File "/home/airflow/.local/lib/python3.8/site-packages/airflow/models/taskinstance.py", line 433, in _execute_task
    result = execute_callable(context=context, **execute_callable_kwargs)
  File "/home/airflow/.local/lib/python3.8/site-packages/airflow/operators/bash.py", line 212, in execute
    raise AirflowException(
airflow.exceptions.AirflowException: Bash command failed. The command returned a non-zero exit code 1.
[2025-10-29T12:57:46.074+0000] {taskinstance.py:1138} INFO - Marking task as FAILED. dag_id=dbt_local_pipeline, task_id=dbt_run, execution_date=20251029T125236, start_date=20251029T125745, end_date=20251029T125746
[2025-10-29T12:57:46.116+0000] {standard_task_runner.py:107} ERROR - Failed to execute job 255 for task dbt_run (Bash command failed. The command returned a non-zero exit code 1.; 787)
[2025-10-29T12:57:46.170+0000] {local_task_job_runner.py:234} INFO - Task exited with return code 1
[2025-10-29T12:57:46.214+0000] {taskinstance.py:3280} INFO - 0 downstream tasks scheduled from follow-on schedule check
