[2025-10-23T16:14:30.653+0000] {taskinstance.py:1956} INFO - Dependencies all met for dep_context=non-requeueable deps ti=<TaskInstance: etl_csv_to_postgres.spark_load_csv_to_postgres manual__2025-10-23T16:14:26.779808+00:00 [queued]>
[2025-10-23T16:14:30.669+0000] {taskinstance.py:1956} INFO - Dependencies all met for dep_context=requeueable deps ti=<TaskInstance: etl_csv_to_postgres.spark_load_csv_to_postgres manual__2025-10-23T16:14:26.779808+00:00 [queued]>
[2025-10-23T16:14:30.669+0000] {taskinstance.py:2170} INFO - Starting attempt 1 of 2
[2025-10-23T16:14:30.831+0000] {taskinstance.py:2191} INFO - Executing <Task(SparkSubmitOperator): spark_load_csv_to_postgres> on 2025-10-23 16:14:26.779808+00:00
[2025-10-23T16:14:30.848+0000] {standard_task_runner.py:60} INFO - Started process 811 to run task
[2025-10-23T16:14:30.855+0000] {standard_task_runner.py:87} INFO - Running: ['***', 'tasks', 'run', 'etl_csv_to_postgres', 'spark_load_csv_to_postgres', 'manual__2025-10-23T16:14:26.779808+00:00', '--job-id', '169', '--raw', '--subdir', 'DAGS_FOLDER/dag_csv_to_postgres_dag.py', '--cfg-path', '/tmp/tmphox8tfaf']
[2025-10-23T16:14:30.857+0000] {standard_task_runner.py:88} INFO - Job 169: Subtask spark_load_csv_to_postgres
[2025-10-23T16:14:30.973+0000] {task_command.py:423} INFO - Running <TaskInstance: etl_csv_to_postgres.spark_load_csv_to_postgres manual__2025-10-23T16:14:26.779808+00:00 [running]> on host 2ef039423968
[2025-10-23T16:14:31.156+0000] {taskinstance.py:2480} INFO - Exporting env vars: AIRFLOW_CTX_DAG_OWNER='winardi' AIRFLOW_CTX_DAG_ID='etl_csv_to_postgres' AIRFLOW_CTX_TASK_ID='spark_load_csv_to_postgres' AIRFLOW_CTX_EXECUTION_DATE='2025-10-23T16:14:26.779808+00:00' AIRFLOW_CTX_TRY_NUMBER='1' AIRFLOW_CTX_DAG_RUN_ID='manual__2025-10-23T16:14:26.779808+00:00'
[2025-10-23T16:14:31.177+0000] {base.py:83} INFO - Using connection ID 'spark_conn' for task execution.
[2025-10-23T16:14:31.181+0000] {spark_submit.py:341} INFO - Spark-Submit cmd: spark-submit --master local --conf spark.master=local[*] --name spark_load_csv_to_postgres --verbose /opt/***/include/scripts/load_csv_to_postgres.py
[2025-10-23T16:14:49.128+0000] {spark_submit.py:492} INFO - Using properties file: null
[2025-10-23T16:14:50.436+0000] {spark_submit.py:492} INFO - Parsed arguments:
[2025-10-23T16:14:50.440+0000] {spark_submit.py:492} INFO - master                  local
[2025-10-23T16:14:50.442+0000] {spark_submit.py:492} INFO - remote                  null
[2025-10-23T16:14:50.444+0000] {spark_submit.py:492} INFO - deployMode              null
[2025-10-23T16:14:50.445+0000] {spark_submit.py:492} INFO - executorMemory          null
[2025-10-23T16:14:50.446+0000] {spark_submit.py:492} INFO - executorCores           null
[2025-10-23T16:14:50.447+0000] {spark_submit.py:492} INFO - totalExecutorCores      null
[2025-10-23T16:14:50.505+0000] {spark_submit.py:492} INFO - propertiesFile          null
[2025-10-23T16:14:50.534+0000] {spark_submit.py:492} INFO - driverMemory            null
[2025-10-23T16:14:50.539+0000] {spark_submit.py:492} INFO - driverCores             null
[2025-10-23T16:14:50.540+0000] {spark_submit.py:492} INFO - driverExtraClassPath    null
[2025-10-23T16:14:50.602+0000] {spark_submit.py:492} INFO - driverExtraLibraryPath  null
[2025-10-23T16:14:50.612+0000] {spark_submit.py:492} INFO - driverExtraJavaOptions  null
[2025-10-23T16:14:50.613+0000] {spark_submit.py:492} INFO - supervise               false
[2025-10-23T16:14:50.614+0000] {spark_submit.py:492} INFO - queue                   null
[2025-10-23T16:14:50.617+0000] {spark_submit.py:492} INFO - numExecutors            null
[2025-10-23T16:14:50.618+0000] {spark_submit.py:492} INFO - files                   null
[2025-10-23T16:14:50.619+0000] {spark_submit.py:492} INFO - pyFiles                 null
[2025-10-23T16:14:50.621+0000] {spark_submit.py:492} INFO - archives                null
[2025-10-23T16:14:50.623+0000] {spark_submit.py:492} INFO - mainClass               null
[2025-10-23T16:14:50.625+0000] {spark_submit.py:492} INFO - primaryResource         file:/opt/***/include/scripts/load_csv_to_postgres.py
[2025-10-23T16:14:50.626+0000] {spark_submit.py:492} INFO - name                    spark_load_csv_to_postgres
[2025-10-23T16:14:50.628+0000] {spark_submit.py:492} INFO - childArgs               []
[2025-10-23T16:14:50.628+0000] {spark_submit.py:492} INFO - jars                    null
[2025-10-23T16:14:50.629+0000] {spark_submit.py:492} INFO - packages                null
[2025-10-23T16:14:50.630+0000] {spark_submit.py:492} INFO - packagesExclusions      null
[2025-10-23T16:14:50.631+0000] {spark_submit.py:492} INFO - repositories            null
[2025-10-23T16:14:50.632+0000] {spark_submit.py:492} INFO - verbose                 true
[2025-10-23T16:14:50.633+0000] {spark_submit.py:492} INFO - 
[2025-10-23T16:14:50.633+0000] {spark_submit.py:492} INFO - Spark properties used, including those specified through
[2025-10-23T16:14:50.634+0000] {spark_submit.py:492} INFO - --conf and those from the properties file null:
[2025-10-23T16:14:50.635+0000] {spark_submit.py:492} INFO - (spark.master,local[*])
[2025-10-23T16:14:50.636+0000] {spark_submit.py:492} INFO - 
[2025-10-23T16:14:50.637+0000] {spark_submit.py:492} INFO - 
[2025-10-23T16:14:53.305+0000] {spark_submit.py:492} INFO - Main class:
[2025-10-23T16:14:53.310+0000] {spark_submit.py:492} INFO - org.apache.spark.deploy.PythonRunner
[2025-10-23T16:14:53.311+0000] {spark_submit.py:492} INFO - Arguments:
[2025-10-23T16:14:53.312+0000] {spark_submit.py:492} INFO - file:/opt/***/include/scripts/load_csv_to_postgres.py
[2025-10-23T16:14:53.317+0000] {spark_submit.py:492} INFO - null
[2025-10-23T16:14:53.322+0000] {spark_submit.py:492} INFO - Spark config:
[2025-10-23T16:14:53.328+0000] {spark_submit.py:492} INFO - (spark.app.name,spark_load_csv_to_postgres)
[2025-10-23T16:14:53.331+0000] {spark_submit.py:492} INFO - (spark.app.submitTime,1761236093016)
[2025-10-23T16:14:53.334+0000] {spark_submit.py:492} INFO - (spark.master,local)
[2025-10-23T16:14:53.402+0000] {spark_submit.py:492} INFO - (spark.submit.deployMode,client)
[2025-10-23T16:14:53.414+0000] {spark_submit.py:492} INFO - (spark.submit.pyFiles,)
[2025-10-23T16:14:53.418+0000] {spark_submit.py:492} INFO - Classpath elements:
[2025-10-23T16:14:53.430+0000] {spark_submit.py:492} INFO - 
[2025-10-23T16:14:53.431+0000] {spark_submit.py:492} INFO - 
[2025-10-23T16:14:53.432+0000] {spark_submit.py:492} INFO - 
[2025-10-23T16:15:01.636+0000] {spark_submit.py:492} INFO - [[34m2025-10-23T16:15:01.633+0000[0m] {[34mbase.py:[0m83} INFO[0m - Using connection ID 'pg_conn' for task execution.[0m
[2025-10-23T16:15:02.022+0000] {spark_submit.py:492} INFO - 25/10/23 16:15:02 INFO SparkContext: Running Spark version 3.5.1
[2025-10-23T16:15:02.036+0000] {spark_submit.py:492} INFO - 25/10/23 16:15:02 INFO SparkContext: OS info Linux, 6.6.87.2-microsoft-standard-WSL2, amd64
[2025-10-23T16:15:02.037+0000] {spark_submit.py:492} INFO - 25/10/23 16:15:02 INFO SparkContext: Java version 17.0.16
[2025-10-23T16:15:02.329+0000] {spark_submit.py:492} INFO - 25/10/23 16:15:02 WARN NativeCodeLoader: Unable to load native-hadoop library for your platform... using builtin-java classes where applicable
[2025-10-23T16:15:02.934+0000] {spark_submit.py:492} INFO - 25/10/23 16:15:02 INFO ResourceUtils: ==============================================================
[2025-10-23T16:15:02.938+0000] {spark_submit.py:492} INFO - 25/10/23 16:15:02 INFO ResourceUtils: No custom resources configured for spark.driver.
[2025-10-23T16:15:03.002+0000] {spark_submit.py:492} INFO - 25/10/23 16:15:02 INFO ResourceUtils: ==============================================================
[2025-10-23T16:15:03.006+0000] {spark_submit.py:492} INFO - 25/10/23 16:15:02 INFO SparkContext: Submitted application: Load CSV to Postgres
[2025-10-23T16:15:03.103+0000] {spark_submit.py:492} INFO - 25/10/23 16:15:03 INFO ResourceProfile: Default ResourceProfile created, executor resources: Map(cores -> name: cores, amount: 1, script: , vendor: , memory -> name: memory, amount: 1024, script: , vendor: , offHeap -> name: offHeap, amount: 0, script: , vendor: ), task resources: Map(cpus -> name: cpus, amount: 1.0)
[2025-10-23T16:15:03.120+0000] {spark_submit.py:492} INFO - 25/10/23 16:15:03 INFO ResourceProfile: Limiting resource is cpu
[2025-10-23T16:15:03.121+0000] {spark_submit.py:492} INFO - 25/10/23 16:15:03 INFO ResourceProfileManager: Added ResourceProfile id: 0
[2025-10-23T16:15:03.416+0000] {spark_submit.py:492} INFO - 25/10/23 16:15:03 INFO SecurityManager: Changing view acls to: ***
[2025-10-23T16:15:03.418+0000] {spark_submit.py:492} INFO - 25/10/23 16:15:03 INFO SecurityManager: Changing modify acls to: ***
[2025-10-23T16:15:03.422+0000] {spark_submit.py:492} INFO - 25/10/23 16:15:03 INFO SecurityManager: Changing view acls groups to:
[2025-10-23T16:15:03.423+0000] {spark_submit.py:492} INFO - 25/10/23 16:15:03 INFO SecurityManager: Changing modify acls groups to:
[2025-10-23T16:15:03.424+0000] {spark_submit.py:492} INFO - 25/10/23 16:15:03 INFO SecurityManager: SecurityManager: authentication disabled; ui acls disabled; users with view permissions: ***; groups with view permissions: EMPTY; users with modify permissions: ***; groups with modify permissions: EMPTY
[2025-10-23T16:15:05.733+0000] {spark_submit.py:492} INFO - 25/10/23 16:15:05 INFO Utils: Successfully started service 'sparkDriver' on port 38385.
[2025-10-23T16:15:06.040+0000] {spark_submit.py:492} INFO - 25/10/23 16:15:06 INFO SparkEnv: Registering MapOutputTracker
[2025-10-23T16:15:06.445+0000] {spark_submit.py:492} INFO - 25/10/23 16:15:06 INFO SparkEnv: Registering BlockManagerMaster
[2025-10-23T16:15:06.606+0000] {spark_submit.py:492} INFO - 25/10/23 16:15:06 INFO BlockManagerMasterEndpoint: Using org.apache.spark.storage.DefaultTopologyMapper for getting topology information
[2025-10-23T16:15:06.731+0000] {spark_submit.py:492} INFO - 25/10/23 16:15:06 INFO BlockManagerMasterEndpoint: BlockManagerMasterEndpoint up
[2025-10-23T16:15:06.816+0000] {spark_submit.py:492} INFO - 25/10/23 16:15:06 INFO SparkEnv: Registering BlockManagerMasterHeartbeat
[2025-10-23T16:15:08.380+0000] {spark_submit.py:492} INFO - 25/10/23 16:15:08 INFO DiskBlockManager: Created local directory at /tmp/blockmgr-2ac790e4-c679-47a8-bc90-af6f61ae78f5
[2025-10-23T16:15:08.492+0000] {spark_submit.py:492} INFO - 25/10/23 16:15:08 INFO MemoryStore: MemoryStore started with capacity 413.9 MiB
[2025-10-23T16:15:08.695+0000] {spark_submit.py:492} INFO - 25/10/23 16:15:08 INFO SparkEnv: Registering OutputCommitCoordinator
[2025-10-23T16:15:09.758+0000] {spark_submit.py:492} INFO - 25/10/23 16:15:09 INFO JettyUtils: Start Jetty 0.0.0.0:4040 for SparkUI
[2025-10-23T16:15:10.516+0000] {spark_submit.py:492} INFO - 25/10/23 16:15:10 INFO Utils: Successfully started service 'SparkUI' on port 4040.
[2025-10-23T16:15:12.258+0000] {spark_submit.py:492} INFO - 25/10/23 16:15:12 INFO Executor: Starting executor ID driver on host 2ef039423968
[2025-10-23T16:15:12.275+0000] {spark_submit.py:492} INFO - 25/10/23 16:15:12 INFO Executor: OS info Linux, 6.6.87.2-microsoft-standard-WSL2, amd64
[2025-10-23T16:15:12.284+0000] {spark_submit.py:492} INFO - 25/10/23 16:15:12 INFO Executor: Java version 17.0.16
[2025-10-23T16:15:12.307+0000] {spark_submit.py:492} INFO - 25/10/23 16:15:12 INFO Executor: Starting executor with user classpath (userClassPathFirst = false): ''
[2025-10-23T16:15:12.312+0000] {spark_submit.py:492} INFO - 25/10/23 16:15:12 INFO Executor: Created or updated repl class loader org.apache.spark.util.MutableURLClassLoader@36e34fd0 for default.
[2025-10-23T16:15:12.578+0000] {spark_submit.py:492} INFO - 25/10/23 16:15:12 INFO Utils: Successfully started service 'org.apache.spark.network.netty.NettyBlockTransferService' on port 44313.
[2025-10-23T16:15:12.605+0000] {spark_submit.py:492} INFO - 25/10/23 16:15:12 INFO NettyBlockTransferService: Server created on 2ef039423968:44313
[2025-10-23T16:15:12.654+0000] {spark_submit.py:492} INFO - 25/10/23 16:15:12 INFO BlockManager: Using org.apache.spark.storage.RandomBlockReplicationPolicy for block replication policy
[2025-10-23T16:15:12.676+0000] {spark_submit.py:492} INFO - 25/10/23 16:15:12 INFO BlockManagerMaster: Registering BlockManager BlockManagerId(driver, 2ef039423968, 44313, None)
[2025-10-23T16:15:12.714+0000] {spark_submit.py:492} INFO - 25/10/23 16:15:12 INFO BlockManagerMasterEndpoint: Registering block manager 2ef039423968:44313 with 413.9 MiB RAM, BlockManagerId(driver, 2ef039423968, 44313, None)
[2025-10-23T16:15:12.754+0000] {spark_submit.py:492} INFO - 25/10/23 16:15:12 INFO BlockManagerMaster: Registered BlockManager BlockManagerId(driver, 2ef039423968, 44313, None)
[2025-10-23T16:15:12.858+0000] {spark_submit.py:492} INFO - 25/10/23 16:15:12 INFO BlockManager: Initialized BlockManager: BlockManagerId(driver, 2ef039423968, 44313, None)
[2025-10-23T16:15:17.586+0000] {spark_submit.py:492} INFO - 25/10/23 16:15:17 INFO SharedState: Setting hive.metastore.warehouse.dir ('null') to the value of spark.sql.warehouse.dir.
[2025-10-23T16:15:17.686+0000] {spark_submit.py:492} INFO - 25/10/23 16:15:17 INFO SharedState: Warehouse path is 'file:/opt/***/spark-warehouse'.
[2025-10-23T16:15:29.795+0000] {spark_submit.py:492} INFO - 25/10/23 16:15:29 INFO InMemoryFileIndex: It took 937 ms to list leaf files for 1 paths.
[2025-10-23T16:15:31.261+0000] {spark_submit.py:492} INFO - 25/10/23 16:15:31 INFO InMemoryFileIndex: It took 105 ms to list leaf files for 1 paths.
[2025-10-23T16:15:52.840+0000] {spark_submit.py:492} INFO - 25/10/23 16:15:52 INFO FileSourceStrategy: Pushed Filters:
[2025-10-23T16:15:52.860+0000] {spark_submit.py:492} INFO - 25/10/23 16:15:52 INFO FileSourceStrategy: Post-Scan Filters: (length(trim(value#0, None)) > 0)
[2025-10-23T16:15:55.403+0000] {spark_submit.py:492} INFO - 25/10/23 16:15:55 INFO CodeGenerator: Code generated in 1303.30814 ms
[2025-10-23T16:15:55.692+0000] {spark_submit.py:492} INFO - 25/10/23 16:15:55 INFO MemoryStore: Block broadcast_0 stored as values in memory (estimated size 199.6 KiB, free 413.7 MiB)
[2025-10-23T16:15:55.975+0000] {spark_submit.py:492} INFO - 25/10/23 16:15:55 INFO MemoryStore: Block broadcast_0_piece0 stored as bytes in memory (estimated size 34.2 KiB, free 413.7 MiB)
[2025-10-23T16:15:55.981+0000] {spark_submit.py:492} INFO - 25/10/23 16:15:55 INFO BlockManagerInfo: Added broadcast_0_piece0 in memory on 2ef039423968:44313 (size: 34.2 KiB, free: 413.9 MiB)
[2025-10-23T16:15:55.991+0000] {spark_submit.py:492} INFO - 25/10/23 16:15:55 INFO SparkContext: Created broadcast 0 from csv at NativeMethodAccessorImpl.java:0
[2025-10-23T16:15:56.068+0000] {spark_submit.py:492} INFO - 25/10/23 16:15:56 INFO FileSourceScanExec: Planning scan with bin packing, max size: 49020463 bytes, open cost is considered as scanning 4194304 bytes.
[2025-10-23T16:15:56.802+0000] {spark_submit.py:492} INFO - 25/10/23 16:15:56 INFO SparkContext: Starting job: csv at NativeMethodAccessorImpl.java:0
[2025-10-23T16:15:56.973+0000] {spark_submit.py:492} INFO - 25/10/23 16:15:56 INFO DAGScheduler: Got job 0 (csv at NativeMethodAccessorImpl.java:0) with 1 output partitions
[2025-10-23T16:15:56.974+0000] {spark_submit.py:492} INFO - 25/10/23 16:15:56 INFO DAGScheduler: Final stage: ResultStage 0 (csv at NativeMethodAccessorImpl.java:0)
[2025-10-23T16:15:56.975+0000] {spark_submit.py:492} INFO - 25/10/23 16:15:56 INFO DAGScheduler: Parents of final stage: List()
[2025-10-23T16:15:56.977+0000] {spark_submit.py:492} INFO - 25/10/23 16:15:56 INFO DAGScheduler: Missing parents: List()
[2025-10-23T16:15:56.986+0000] {spark_submit.py:492} INFO - 25/10/23 16:15:56 INFO DAGScheduler: Submitting ResultStage 0 (MapPartitionsRDD[3] at csv at NativeMethodAccessorImpl.java:0), which has no missing parents
[2025-10-23T16:15:57.474+0000] {spark_submit.py:492} INFO - 25/10/23 16:15:57 INFO MemoryStore: Block broadcast_1 stored as values in memory (estimated size 13.5 KiB, free 413.7 MiB)
[2025-10-23T16:15:57.480+0000] {spark_submit.py:492} INFO - 25/10/23 16:15:57 INFO MemoryStore: Block broadcast_1_piece0 stored as bytes in memory (estimated size 6.4 KiB, free 413.7 MiB)
[2025-10-23T16:15:57.484+0000] {spark_submit.py:492} INFO - 25/10/23 16:15:57 INFO BlockManagerInfo: Added broadcast_1_piece0 in memory on 2ef039423968:44313 (size: 6.4 KiB, free: 413.9 MiB)
[2025-10-23T16:15:57.485+0000] {spark_submit.py:492} INFO - 25/10/23 16:15:57 INFO SparkContext: Created broadcast 1 from broadcast at DAGScheduler.scala:1585
[2025-10-23T16:15:57.573+0000] {spark_submit.py:492} INFO - 25/10/23 16:15:57 INFO DAGScheduler: Submitting 1 missing tasks from ResultStage 0 (MapPartitionsRDD[3] at csv at NativeMethodAccessorImpl.java:0) (first 15 tasks are for partitions Vector(0))
[2025-10-23T16:15:57.578+0000] {spark_submit.py:492} INFO - 25/10/23 16:15:57 INFO TaskSchedulerImpl: Adding task set 0.0 with 1 tasks resource profile 0
[2025-10-23T16:15:57.757+0000] {spark_submit.py:492} INFO - 25/10/23 16:15:57 INFO TaskSetManager: Starting task 0.0 in stage 0.0 (TID 0) (2ef039423968, executor driver, partition 0, PROCESS_LOCAL, 8232 bytes)
[2025-10-23T16:15:57.864+0000] {spark_submit.py:492} INFO - 25/10/23 16:15:57 INFO Executor: Running task 0.0 in stage 0.0 (TID 0)
[2025-10-23T16:15:58.766+0000] {spark_submit.py:492} INFO - 25/10/23 16:15:58 INFO CodeGenerator: Code generated in 92.558659 ms
[2025-10-23T16:15:58.774+0000] {spark_submit.py:492} INFO - 25/10/23 16:15:58 INFO FileScanRDD: Reading File path: file:///opt/***/include/dfTransjakarta180kRows.csv, range: 0-44826159, partition values: [empty row]
[2025-10-23T16:15:58.873+0000] {spark_submit.py:492} INFO - 25/10/23 16:15:58 INFO CodeGenerator: Code generated in 82.737264 ms
[2025-10-23T16:15:59.096+0000] {spark_submit.py:492} INFO - 25/10/23 16:15:59 INFO Executor: Finished task 0.0 in stage 0.0 (TID 0). 1829 bytes result sent to driver
[2025-10-23T16:15:59.170+0000] {spark_submit.py:492} INFO - 25/10/23 16:15:59 INFO TaskSetManager: Finished task 0.0 in stage 0.0 (TID 0) in 1484 ms on 2ef039423968 (executor driver) (1/1)
[2025-10-23T16:15:59.173+0000] {spark_submit.py:492} INFO - 25/10/23 16:15:59 INFO TaskSchedulerImpl: Removed TaskSet 0.0, whose tasks have all completed, from pool
[2025-10-23T16:15:59.182+0000] {spark_submit.py:492} INFO - 25/10/23 16:15:59 INFO DAGScheduler: ResultStage 0 (csv at NativeMethodAccessorImpl.java:0) finished in 2.119 s
[2025-10-23T16:15:59.256+0000] {spark_submit.py:492} INFO - 25/10/23 16:15:59 INFO DAGScheduler: Job 0 is finished. Cancelling potential speculative or zombie tasks for this job
[2025-10-23T16:15:59.259+0000] {spark_submit.py:492} INFO - 25/10/23 16:15:59 INFO TaskSchedulerImpl: Killing all running tasks in stage 0: Stage finished
[2025-10-23T16:15:59.267+0000] {spark_submit.py:492} INFO - 25/10/23 16:15:59 INFO DAGScheduler: Job 0 finished: csv at NativeMethodAccessorImpl.java:0, took 2.471367 s
[2025-10-23T16:15:59.565+0000] {spark_submit.py:492} INFO - 25/10/23 16:15:59 INFO CodeGenerator: Code generated in 95.616495 ms
[2025-10-23T16:16:00.072+0000] {spark_submit.py:492} INFO - 25/10/23 16:16:00 INFO FileSourceStrategy: Pushed Filters:
[2025-10-23T16:16:00.156+0000] {spark_submit.py:492} INFO - 25/10/23 16:16:00 INFO FileSourceStrategy: Post-Scan Filters:
[2025-10-23T16:16:00.204+0000] {spark_submit.py:492} INFO - 25/10/23 16:16:00 INFO MemoryStore: Block broadcast_2 stored as values in memory (estimated size 199.6 KiB, free 413.5 MiB)
[2025-10-23T16:16:00.297+0000] {spark_submit.py:492} INFO - 25/10/23 16:16:00 INFO MemoryStore: Block broadcast_2_piece0 stored as bytes in memory (estimated size 34.2 KiB, free 413.4 MiB)
[2025-10-23T16:16:00.368+0000] {spark_submit.py:492} INFO - 25/10/23 16:16:00 INFO BlockManagerInfo: Added broadcast_2_piece0 in memory on 2ef039423968:44313 (size: 34.2 KiB, free: 413.9 MiB)
[2025-10-23T16:16:00.386+0000] {spark_submit.py:492} INFO - 25/10/23 16:16:00 INFO SparkContext: Created broadcast 2 from csv at NativeMethodAccessorImpl.java:0
[2025-10-23T16:16:00.389+0000] {spark_submit.py:492} INFO - 25/10/23 16:16:00 INFO FileSourceScanExec: Planning scan with bin packing, max size: 49020463 bytes, open cost is considered as scanning 4194304 bytes.
[2025-10-23T16:16:01.097+0000] {spark_submit.py:492} INFO - 25/10/23 16:16:01 INFO SparkContext: Starting job: csv at NativeMethodAccessorImpl.java:0
[2025-10-23T16:16:01.100+0000] {spark_submit.py:492} INFO - 25/10/23 16:16:01 INFO DAGScheduler: Got job 1 (csv at NativeMethodAccessorImpl.java:0) with 1 output partitions
[2025-10-23T16:16:01.101+0000] {spark_submit.py:492} INFO - 25/10/23 16:16:01 INFO DAGScheduler: Final stage: ResultStage 1 (csv at NativeMethodAccessorImpl.java:0)
[2025-10-23T16:16:01.102+0000] {spark_submit.py:492} INFO - 25/10/23 16:16:01 INFO DAGScheduler: Parents of final stage: List()
[2025-10-23T16:16:01.166+0000] {spark_submit.py:492} INFO - 25/10/23 16:16:01 INFO DAGScheduler: Missing parents: List()
[2025-10-23T16:16:01.167+0000] {spark_submit.py:492} INFO - 25/10/23 16:16:01 INFO DAGScheduler: Submitting ResultStage 1 (MapPartitionsRDD[9] at csv at NativeMethodAccessorImpl.java:0), which has no missing parents
[2025-10-23T16:16:01.460+0000] {spark_submit.py:492} INFO - 25/10/23 16:16:01 INFO MemoryStore: Block broadcast_3 stored as values in memory (estimated size 27.9 KiB, free 413.4 MiB)
[2025-10-23T16:16:01.472+0000] {spark_submit.py:492} INFO - 25/10/23 16:16:01 INFO MemoryStore: Block broadcast_3_piece0 stored as bytes in memory (estimated size 12.8 KiB, free 413.4 MiB)
[2025-10-23T16:16:01.476+0000] {spark_submit.py:492} INFO - 25/10/23 16:16:01 INFO BlockManagerInfo: Added broadcast_3_piece0 in memory on 2ef039423968:44313 (size: 12.8 KiB, free: 413.8 MiB)
[2025-10-23T16:16:01.490+0000] {spark_submit.py:492} INFO - 25/10/23 16:16:01 INFO SparkContext: Created broadcast 3 from broadcast at DAGScheduler.scala:1585
[2025-10-23T16:16:01.563+0000] {spark_submit.py:492} INFO - 25/10/23 16:16:01 INFO DAGScheduler: Submitting 1 missing tasks from ResultStage 1 (MapPartitionsRDD[9] at csv at NativeMethodAccessorImpl.java:0) (first 15 tasks are for partitions Vector(0))
[2025-10-23T16:16:01.569+0000] {spark_submit.py:492} INFO - 25/10/23 16:16:01 INFO TaskSchedulerImpl: Adding task set 1.0 with 1 tasks resource profile 0
[2025-10-23T16:16:01.572+0000] {spark_submit.py:492} INFO - 25/10/23 16:16:01 INFO TaskSetManager: Starting task 0.0 in stage 1.0 (TID 1) (2ef039423968, executor driver, partition 0, PROCESS_LOCAL, 8232 bytes)
[2025-10-23T16:16:01.573+0000] {spark_submit.py:492} INFO - 25/10/23 16:16:01 INFO Executor: Running task 0.0 in stage 1.0 (TID 1)
[2025-10-23T16:16:02.384+0000] {spark_submit.py:492} INFO - 25/10/23 16:16:02 INFO CodeGenerator: Code generated in 111.509205 ms
[2025-10-23T16:16:02.457+0000] {spark_submit.py:492} INFO - 25/10/23 16:16:02 INFO FileScanRDD: Reading File path: file:///opt/***/include/dfTransjakarta180kRows.csv, range: 0-44826159, partition values: [empty row]
[2025-10-23T16:16:36.501+0000] {spark_submit.py:492} INFO - 25/10/23 16:16:36 INFO Executor: Finished task 0.0 in stage 1.0 (TID 1). 1908 bytes result sent to driver
[2025-10-23T16:16:36.507+0000] {spark_submit.py:492} INFO - 25/10/23 16:16:36 INFO TaskSetManager: Finished task 0.0 in stage 1.0 (TID 1) in 35009 ms on 2ef039423968 (executor driver) (1/1)
[2025-10-23T16:16:36.508+0000] {spark_submit.py:492} INFO - 25/10/23 16:16:36 INFO TaskSchedulerImpl: Removed TaskSet 1.0, whose tasks have all completed, from pool
[2025-10-23T16:16:36.512+0000] {spark_submit.py:492} INFO - 25/10/23 16:16:36 INFO DAGScheduler: ResultStage 1 (csv at NativeMethodAccessorImpl.java:0) finished in 35.337 s
[2025-10-23T16:16:36.514+0000] {spark_submit.py:492} INFO - 25/10/23 16:16:36 INFO DAGScheduler: Job 1 is finished. Cancelling potential speculative or zombie tasks for this job
[2025-10-23T16:16:36.516+0000] {spark_submit.py:492} INFO - 25/10/23 16:16:36 INFO TaskSchedulerImpl: Killing all running tasks in stage 1: Stage finished
[2025-10-23T16:16:36.566+0000] {spark_submit.py:492} INFO - 25/10/23 16:16:36 INFO DAGScheduler: Job 1 finished: csv at NativeMethodAccessorImpl.java:0, took 32.664364 s
[2025-10-23T16:16:41.702+0000] {spark_submit.py:492} INFO - Traceback (most recent call last):
[2025-10-23T16:16:41.705+0000] {spark_submit.py:492} INFO - File "/opt/***/include/scripts/load_csv_to_postgres.py", line 61, in <module>
[2025-10-23T16:16:41.768+0000] {spark_submit.py:492} INFO - df.write.jdbc(
[2025-10-23T16:16:41.769+0000] {spark_submit.py:492} INFO - File "/opt/spark/python/lib/pyspark.zip/pyspark/sql/readwriter.py", line 1984, in jdbc
[2025-10-23T16:16:41.771+0000] {spark_submit.py:492} INFO - File "/opt/spark/python/lib/py4j-0.10.9.7-src.zip/py4j/java_gateway.py", line 1322, in __call__
[2025-10-23T16:16:41.774+0000] {spark_submit.py:492} INFO - File "/opt/spark/python/lib/pyspark.zip/pyspark/errors/exceptions/captured.py", line 179, in deco
[2025-10-23T16:16:41.776+0000] {spark_submit.py:492} INFO - File "/opt/spark/python/lib/py4j-0.10.9.7-src.zip/py4j/protocol.py", line 326, in get_return_value
[2025-10-23T16:16:41.782+0000] {spark_submit.py:492} INFO - py4j.protocol.Py4JJavaError: An error occurred while calling o80.jdbc.
[2025-10-23T16:16:41.784+0000] {spark_submit.py:492} INFO - : java.lang.ClassNotFoundException: org.postgresql.Driver
[2025-10-23T16:16:41.786+0000] {spark_submit.py:492} INFO - at java.base/java.net.URLClassLoader.findClass(URLClassLoader.java:445)
[2025-10-23T16:16:41.787+0000] {spark_submit.py:492} INFO - at java.base/java.lang.ClassLoader.loadClass(ClassLoader.java:592)
[2025-10-23T16:16:41.788+0000] {spark_submit.py:492} INFO - at java.base/java.lang.ClassLoader.loadClass(ClassLoader.java:525)
[2025-10-23T16:16:41.789+0000] {spark_submit.py:492} INFO - at org.apache.spark.sql.execution.datasources.jdbc.DriverRegistry$.register(DriverRegistry.scala:46)
[2025-10-23T16:16:41.790+0000] {spark_submit.py:492} INFO - at org.apache.spark.sql.execution.datasources.jdbc.JDBCOptions.$anonfun$driverClass$1(JDBCOptions.scala:103)
[2025-10-23T16:16:41.791+0000] {spark_submit.py:492} INFO - at org.apache.spark.sql.execution.datasources.jdbc.JDBCOptions.$anonfun$driverClass$1$adapted(JDBCOptions.scala:103)
[2025-10-23T16:16:41.792+0000] {spark_submit.py:492} INFO - at scala.Option.foreach(Option.scala:407)
[2025-10-23T16:16:41.793+0000] {spark_submit.py:492} INFO - at org.apache.spark.sql.execution.datasources.jdbc.JDBCOptions.<init>(JDBCOptions.scala:103)
[2025-10-23T16:16:41.794+0000] {spark_submit.py:492} INFO - at org.apache.spark.sql.execution.datasources.jdbc.JdbcOptionsInWrite.<init>(JDBCOptions.scala:254)
[2025-10-23T16:16:41.795+0000] {spark_submit.py:492} INFO - at org.apache.spark.sql.execution.datasources.jdbc.JdbcOptionsInWrite.<init>(JDBCOptions.scala:258)
[2025-10-23T16:16:41.797+0000] {spark_submit.py:492} INFO - at org.apache.spark.sql.execution.datasources.jdbc.JdbcRelationProvider.createRelation(JdbcRelationProvider.scala:47)
[2025-10-23T16:16:41.798+0000] {spark_submit.py:492} INFO - at org.apache.spark.sql.execution.datasources.SaveIntoDataSourceCommand.run(SaveIntoDataSourceCommand.scala:48)
[2025-10-23T16:16:41.799+0000] {spark_submit.py:492} INFO - at org.apache.spark.sql.execution.command.ExecutedCommandExec.sideEffectResult$lzycompute(commands.scala:75)
[2025-10-23T16:16:41.801+0000] {spark_submit.py:492} INFO - at org.apache.spark.sql.execution.command.ExecutedCommandExec.sideEffectResult(commands.scala:73)
[2025-10-23T16:16:41.802+0000] {spark_submit.py:492} INFO - at org.apache.spark.sql.execution.command.ExecutedCommandExec.executeCollect(commands.scala:84)
[2025-10-23T16:16:41.803+0000] {spark_submit.py:492} INFO - at org.apache.spark.sql.execution.QueryExecution$$anonfun$eagerlyExecuteCommands$1.$anonfun$applyOrElse$1(QueryExecution.scala:107)
[2025-10-23T16:16:41.804+0000] {spark_submit.py:492} INFO - at org.apache.spark.sql.execution.SQLExecution$.$anonfun$withNewExecutionId$6(SQLExecution.scala:125)
[2025-10-23T16:16:41.806+0000] {spark_submit.py:492} INFO - at org.apache.spark.sql.execution.SQLExecution$.withSQLConfPropagated(SQLExecution.scala:201)
[2025-10-23T16:16:41.862+0000] {spark_submit.py:492} INFO - at org.apache.spark.sql.execution.SQLExecution$.$anonfun$withNewExecutionId$1(SQLExecution.scala:108)
[2025-10-23T16:16:41.865+0000] {spark_submit.py:492} INFO - at org.apache.spark.sql.SparkSession.withActive(SparkSession.scala:900)
[2025-10-23T16:16:41.867+0000] {spark_submit.py:492} INFO - at org.apache.spark.sql.execution.SQLExecution$.withNewExecutionId(SQLExecution.scala:66)
[2025-10-23T16:16:41.869+0000] {spark_submit.py:492} INFO - at org.apache.spark.sql.execution.QueryExecution$$anonfun$eagerlyExecuteCommands$1.applyOrElse(QueryExecution.scala:107)
[2025-10-23T16:16:41.870+0000] {spark_submit.py:492} INFO - at org.apache.spark.sql.execution.QueryExecution$$anonfun$eagerlyExecuteCommands$1.applyOrElse(QueryExecution.scala:98)
[2025-10-23T16:16:41.872+0000] {spark_submit.py:492} INFO - at org.apache.spark.sql.catalyst.trees.TreeNode.$anonfun$transformDownWithPruning$1(TreeNode.scala:461)
[2025-10-23T16:16:41.876+0000] {spark_submit.py:492} INFO - at org.apache.spark.sql.catalyst.trees.CurrentOrigin$.withOrigin(origin.scala:76)
[2025-10-23T16:16:41.877+0000] {spark_submit.py:492} INFO - at org.apache.spark.sql.catalyst.trees.TreeNode.transformDownWithPruning(TreeNode.scala:461)
[2025-10-23T16:16:41.879+0000] {spark_submit.py:492} INFO - at org.apache.spark.sql.catalyst.plans.logical.LogicalPlan.org$apache$spark$sql$catalyst$plans$logical$AnalysisHelper$$super$transformDownWithPruning(LogicalPlan.scala:32)
[2025-10-23T16:16:41.880+0000] {spark_submit.py:492} INFO - at org.apache.spark.sql.catalyst.plans.logical.AnalysisHelper.transformDownWithPruning(AnalysisHelper.scala:267)
[2025-10-23T16:16:41.881+0000] {spark_submit.py:492} INFO - at org.apache.spark.sql.catalyst.plans.logical.AnalysisHelper.transformDownWithPruning$(AnalysisHelper.scala:263)
[2025-10-23T16:16:41.883+0000] {spark_submit.py:492} INFO - at org.apache.spark.sql.catalyst.plans.logical.LogicalPlan.transformDownWithPruning(LogicalPlan.scala:32)
[2025-10-23T16:16:41.885+0000] {spark_submit.py:492} INFO - at org.apache.spark.sql.catalyst.plans.logical.LogicalPlan.transformDownWithPruning(LogicalPlan.scala:32)
[2025-10-23T16:16:41.886+0000] {spark_submit.py:492} INFO - at org.apache.spark.sql.catalyst.trees.TreeNode.transformDown(TreeNode.scala:437)
[2025-10-23T16:16:41.887+0000] {spark_submit.py:492} INFO - at org.apache.spark.sql.execution.QueryExecution.eagerlyExecuteCommands(QueryExecution.scala:98)
[2025-10-23T16:16:41.890+0000] {spark_submit.py:492} INFO - at org.apache.spark.sql.execution.QueryExecution.commandExecuted$lzycompute(QueryExecution.scala:85)
[2025-10-23T16:16:41.892+0000] {spark_submit.py:492} INFO - at org.apache.spark.sql.execution.QueryExecution.commandExecuted(QueryExecution.scala:83)
[2025-10-23T16:16:41.893+0000] {spark_submit.py:492} INFO - at org.apache.spark.sql.execution.QueryExecution.assertCommandExecuted(QueryExecution.scala:142)
[2025-10-23T16:16:41.962+0000] {spark_submit.py:492} INFO - at org.apache.spark.sql.DataFrameWriter.runCommand(DataFrameWriter.scala:859)
[2025-10-23T16:16:41.965+0000] {spark_submit.py:492} INFO - at org.apache.spark.sql.DataFrameWriter.saveToV1Source(DataFrameWriter.scala:388)
[2025-10-23T16:16:41.967+0000] {spark_submit.py:492} INFO - at org.apache.spark.sql.DataFrameWriter.saveInternal(DataFrameWriter.scala:361)
[2025-10-23T16:16:41.969+0000] {spark_submit.py:492} INFO - at org.apache.spark.sql.DataFrameWriter.save(DataFrameWriter.scala:248)
[2025-10-23T16:16:41.969+0000] {spark_submit.py:492} INFO - at org.apache.spark.sql.DataFrameWriter.jdbc(DataFrameWriter.scala:756)
[2025-10-23T16:16:41.971+0000] {spark_submit.py:492} INFO - at java.base/jdk.internal.reflect.NativeMethodAccessorImpl.invoke0(Native Method)
[2025-10-23T16:16:41.982+0000] {spark_submit.py:492} INFO - at java.base/jdk.internal.reflect.NativeMethodAccessorImpl.invoke(NativeMethodAccessorImpl.java:77)
[2025-10-23T16:16:41.987+0000] {spark_submit.py:492} INFO - at java.base/jdk.internal.reflect.DelegatingMethodAccessorImpl.invoke(DelegatingMethodAccessorImpl.java:43)
[2025-10-23T16:16:41.989+0000] {spark_submit.py:492} INFO - at java.base/java.lang.reflect.Method.invoke(Method.java:569)
[2025-10-23T16:16:41.990+0000] {spark_submit.py:492} INFO - at py4j.reflection.MethodInvoker.invoke(MethodInvoker.java:244)
[2025-10-23T16:16:41.992+0000] {spark_submit.py:492} INFO - at py4j.reflection.ReflectionEngine.invoke(ReflectionEngine.java:374)
[2025-10-23T16:16:41.993+0000] {spark_submit.py:492} INFO - at py4j.Gateway.invoke(Gateway.java:282)
[2025-10-23T16:16:41.995+0000] {spark_submit.py:492} INFO - at py4j.commands.AbstractCommand.invokeMethod(AbstractCommand.java:132)
[2025-10-23T16:16:41.996+0000] {spark_submit.py:492} INFO - at py4j.commands.CallCommand.execute(CallCommand.java:79)
[2025-10-23T16:16:42.062+0000] {spark_submit.py:492} INFO - at py4j.ClientServerConnection.waitForCommands(ClientServerConnection.java:182)
[2025-10-23T16:16:42.066+0000] {spark_submit.py:492} INFO - at py4j.ClientServerConnection.run(ClientServerConnection.java:106)
[2025-10-23T16:16:42.069+0000] {spark_submit.py:492} INFO - at java.base/java.lang.Thread.run(Thread.java:840)
[2025-10-23T16:16:42.072+0000] {spark_submit.py:492} INFO - 
[2025-10-23T16:16:43.378+0000] {spark_submit.py:492} INFO - 25/10/23 16:16:43 INFO SparkContext: Invoking stop() from shutdown hook
[2025-10-23T16:16:43.380+0000] {spark_submit.py:492} INFO - 25/10/23 16:16:43 INFO SparkContext: SparkContext is stopping with exitCode 0.
[2025-10-23T16:16:43.481+0000] {spark_submit.py:492} INFO - 25/10/23 16:16:43 INFO SparkUI: Stopped Spark web UI at http://2ef039423968:4040
[2025-10-23T16:16:43.582+0000] {spark_submit.py:492} INFO - 25/10/23 16:16:43 INFO MapOutputTrackerMasterEndpoint: MapOutputTrackerMasterEndpoint stopped!
[2025-10-23T16:16:43.682+0000] {spark_submit.py:492} INFO - 25/10/23 16:16:43 INFO MemoryStore: MemoryStore cleared
[2025-10-23T16:16:43.686+0000] {spark_submit.py:492} INFO - 25/10/23 16:16:43 INFO BlockManager: BlockManager stopped
[2025-10-23T16:16:43.772+0000] {spark_submit.py:492} INFO - 25/10/23 16:16:43 INFO BlockManagerMaster: BlockManagerMaster stopped
[2025-10-23T16:16:43.785+0000] {spark_submit.py:492} INFO - 25/10/23 16:16:43 INFO OutputCommitCoordinator$OutputCommitCoordinatorEndpoint: OutputCommitCoordinator stopped!
[2025-10-23T16:16:43.875+0000] {spark_submit.py:492} INFO - 25/10/23 16:16:43 INFO SparkContext: Successfully stopped SparkContext
[2025-10-23T16:16:43.883+0000] {spark_submit.py:492} INFO - 25/10/23 16:16:43 INFO ShutdownHookManager: Shutdown hook called
[2025-10-23T16:16:43.893+0000] {spark_submit.py:492} INFO - 25/10/23 16:16:43 INFO ShutdownHookManager: Deleting directory /tmp/spark-b942ad8d-c274-4670-9b31-101b84070479
[2025-10-23T16:16:46.557+0000] {spark_submit.py:492} INFO - 25/10/23 16:16:46 INFO ShutdownHookManager: Deleting directory /tmp/spark-e5702024-2437-41b0-9024-c4811ee5f3ff
[2025-10-23T16:16:46.659+0000] {spark_submit.py:492} INFO - 25/10/23 16:16:46 INFO ShutdownHookManager: Deleting directory /tmp/spark-e5702024-2437-41b0-9024-c4811ee5f3ff/pyspark-4c00f85d-7991-4c87-83d8-1ce179f346a7
[2025-10-23T16:16:46.980+0000] {taskinstance.py:2698} ERROR - Task failed with exception
Traceback (most recent call last):
  File "/home/airflow/.local/lib/python3.8/site-packages/airflow/models/taskinstance.py", line 433, in _execute_task
    result = execute_callable(context=context, **execute_callable_kwargs)
  File "/home/airflow/.local/lib/python3.8/site-packages/airflow/providers/apache/spark/operators/spark_submit.py", line 157, in execute
    self._hook.submit(self._application)
  File "/home/airflow/.local/lib/python3.8/site-packages/airflow/providers/apache/spark/hooks/spark_submit.py", line 423, in submit
    raise AirflowException(
airflow.exceptions.AirflowException: Cannot execute: spark-submit --master local --conf spark.master=local[*] --name spark_load_csv_to_postgres --verbose /opt/***/include/scripts/load_csv_to_postgres.py. Error code is: 1.
[2025-10-23T16:16:46.990+0000] {taskinstance.py:1138} INFO - Marking task as UP_FOR_RETRY. dag_id=etl_csv_to_postgres, task_id=spark_load_csv_to_postgres, execution_date=20251023T161426, start_date=20251023T161430, end_date=20251023T161646
[2025-10-23T16:16:47.079+0000] {standard_task_runner.py:107} ERROR - Failed to execute job 169 for task spark_load_csv_to_postgres (Cannot execute: spark-submit --master local --conf spark.master=local[*] --name spark_load_csv_to_postgres --verbose /opt/***/include/scripts/load_csv_to_postgres.py. Error code is: 1.; 811)
[2025-10-23T16:16:47.136+0000] {local_task_job_runner.py:234} INFO - Task exited with return code 1
[2025-10-23T16:16:47.213+0000] {taskinstance.py:3280} INFO - 0 downstream tasks scheduled from follow-on schedule check
