[2025-10-24T01:39:39.255+0000] {taskinstance.py:1956} INFO - Dependencies all met for dep_context=non-requeueable deps ti=<TaskInstance: etl_csv_to_postgres.spark_load_csv_to_postgres manual__2025-10-23T16:14:26.779808+00:00 [queued]>
[2025-10-24T01:39:39.795+0000] {taskinstance.py:1956} INFO - Dependencies all met for dep_context=requeueable deps ti=<TaskInstance: etl_csv_to_postgres.spark_load_csv_to_postgres manual__2025-10-23T16:14:26.779808+00:00 [queued]>
[2025-10-24T01:39:39.818+0000] {taskinstance.py:2170} INFO - Starting attempt 2 of 2
[2025-10-24T01:39:40.008+0000] {taskinstance.py:2191} INFO - Executing <Task(SparkSubmitOperator): spark_load_csv_to_postgres> on 2025-10-23 16:14:26.779808+00:00
[2025-10-24T01:39:40.040+0000] {standard_task_runner.py:60} INFO - Started process 89 to run task
[2025-10-24T01:39:40.084+0000] {standard_task_runner.py:87} INFO - Running: ['***', 'tasks', 'run', 'etl_csv_to_postgres', 'spark_load_csv_to_postgres', 'manual__2025-10-23T16:14:26.779808+00:00', '--job-id', '175', '--raw', '--subdir', 'DAGS_FOLDER/dag_csv_to_postgres_dag.py', '--cfg-path', '/tmp/tmph9fq1cr_']
[2025-10-24T01:39:40.121+0000] {standard_task_runner.py:88} INFO - Job 175: Subtask spark_load_csv_to_postgres
[2025-10-24T01:39:40.873+0000] {task_command.py:423} INFO - Running <TaskInstance: etl_csv_to_postgres.spark_load_csv_to_postgres manual__2025-10-23T16:14:26.779808+00:00 [running]> on host 2ef039423968
[2025-10-24T01:39:42.011+0000] {taskinstance.py:2480} INFO - Exporting env vars: AIRFLOW_CTX_DAG_OWNER='winardi' AIRFLOW_CTX_DAG_ID='etl_csv_to_postgres' AIRFLOW_CTX_TASK_ID='spark_load_csv_to_postgres' AIRFLOW_CTX_EXECUTION_DATE='2025-10-23T16:14:26.779808+00:00' AIRFLOW_CTX_TRY_NUMBER='2' AIRFLOW_CTX_DAG_RUN_ID='manual__2025-10-23T16:14:26.779808+00:00'
[2025-10-24T01:39:42.330+0000] {base.py:83} INFO - Using connection ID 'spark_conn' for task execution.
[2025-10-24T01:39:42.342+0000] {spark_submit.py:341} INFO - Spark-Submit cmd: spark-submit --master local --conf spark.master=local[*] --name spark_load_csv_to_postgres --verbose /opt/***/include/scripts/load_csv_to_postgres.py
[2025-10-24T01:40:05.564+0000] {spark_submit.py:492} INFO - Using properties file: null
[2025-10-24T01:40:06.170+0000] {spark_submit.py:492} INFO - Parsed arguments:
[2025-10-24T01:40:06.172+0000] {spark_submit.py:492} INFO - master                  local
[2025-10-24T01:40:06.175+0000] {spark_submit.py:492} INFO - remote                  null
[2025-10-24T01:40:06.232+0000] {spark_submit.py:492} INFO - deployMode              null
[2025-10-24T01:40:06.238+0000] {spark_submit.py:492} INFO - executorMemory          null
[2025-10-24T01:40:06.250+0000] {spark_submit.py:492} INFO - executorCores           null
[2025-10-24T01:40:06.251+0000] {spark_submit.py:492} INFO - totalExecutorCores      null
[2025-10-24T01:40:06.252+0000] {spark_submit.py:492} INFO - propertiesFile          null
[2025-10-24T01:40:06.253+0000] {spark_submit.py:492} INFO - driverMemory            null
[2025-10-24T01:40:06.255+0000] {spark_submit.py:492} INFO - driverCores             null
[2025-10-24T01:40:06.256+0000] {spark_submit.py:492} INFO - driverExtraClassPath    null
[2025-10-24T01:40:06.257+0000] {spark_submit.py:492} INFO - driverExtraLibraryPath  null
[2025-10-24T01:40:06.259+0000] {spark_submit.py:492} INFO - driverExtraJavaOptions  null
[2025-10-24T01:40:06.261+0000] {spark_submit.py:492} INFO - supervise               false
[2025-10-24T01:40:06.264+0000] {spark_submit.py:492} INFO - queue                   null
[2025-10-24T01:40:06.266+0000] {spark_submit.py:492} INFO - numExecutors            null
[2025-10-24T01:40:06.271+0000] {spark_submit.py:492} INFO - files                   null
[2025-10-24T01:40:06.277+0000] {spark_submit.py:492} INFO - pyFiles                 null
[2025-10-24T01:40:06.281+0000] {spark_submit.py:492} INFO - archives                null
[2025-10-24T01:40:06.284+0000] {spark_submit.py:492} INFO - mainClass               null
[2025-10-24T01:40:06.333+0000] {spark_submit.py:492} INFO - primaryResource         file:/opt/***/include/scripts/load_csv_to_postgres.py
[2025-10-24T01:40:06.337+0000] {spark_submit.py:492} INFO - name                    spark_load_csv_to_postgres
[2025-10-24T01:40:06.338+0000] {spark_submit.py:492} INFO - childArgs               []
[2025-10-24T01:40:06.339+0000] {spark_submit.py:492} INFO - jars                    null
[2025-10-24T01:40:06.340+0000] {spark_submit.py:492} INFO - packages                null
[2025-10-24T01:40:06.341+0000] {spark_submit.py:492} INFO - packagesExclusions      null
[2025-10-24T01:40:06.343+0000] {spark_submit.py:492} INFO - repositories            null
[2025-10-24T01:40:06.344+0000] {spark_submit.py:492} INFO - verbose                 true
[2025-10-24T01:40:06.346+0000] {spark_submit.py:492} INFO - 
[2025-10-24T01:40:06.349+0000] {spark_submit.py:492} INFO - Spark properties used, including those specified through
[2025-10-24T01:40:06.350+0000] {spark_submit.py:492} INFO - --conf and those from the properties file null:
[2025-10-24T01:40:06.352+0000] {spark_submit.py:492} INFO - (spark.master,local[*])
[2025-10-24T01:40:06.355+0000] {spark_submit.py:492} INFO - 
[2025-10-24T01:40:06.356+0000] {spark_submit.py:492} INFO - 
[2025-10-24T01:40:11.176+0000] {spark_submit.py:492} INFO - Main class:
[2025-10-24T01:40:11.186+0000] {spark_submit.py:492} INFO - org.apache.spark.deploy.PythonRunner
[2025-10-24T01:40:11.194+0000] {spark_submit.py:492} INFO - Arguments:
[2025-10-24T01:40:11.262+0000] {spark_submit.py:492} INFO - file:/opt/***/include/scripts/load_csv_to_postgres.py
[2025-10-24T01:40:11.264+0000] {spark_submit.py:492} INFO - null
[2025-10-24T01:40:11.266+0000] {spark_submit.py:492} INFO - Spark config:
[2025-10-24T01:40:11.269+0000] {spark_submit.py:492} INFO - (spark.app.name,spark_load_csv_to_postgres)
[2025-10-24T01:40:11.277+0000] {spark_submit.py:492} INFO - (spark.app.submitTime,1761270011088)
[2025-10-24T01:40:11.295+0000] {spark_submit.py:492} INFO - (spark.master,local)
[2025-10-24T01:40:11.309+0000] {spark_submit.py:492} INFO - (spark.submit.deployMode,client)
[2025-10-24T01:40:11.319+0000] {spark_submit.py:492} INFO - (spark.submit.pyFiles,)
[2025-10-24T01:40:11.337+0000] {spark_submit.py:492} INFO - Classpath elements:
[2025-10-24T01:40:11.355+0000] {spark_submit.py:492} INFO - 
[2025-10-24T01:40:11.358+0000] {spark_submit.py:492} INFO - 
[2025-10-24T01:40:11.359+0000] {spark_submit.py:492} INFO - 
[2025-10-24T01:40:24.110+0000] {spark_submit.py:492} INFO - [[34m2025-10-24T01:40:24.095+0000[0m] {[34mbase.py:[0m83} INFO[0m - Using connection ID 'pg_conn' for task execution.[0m
[2025-10-24T01:40:25.380+0000] {spark_submit.py:492} INFO - 25/10/24 01:40:25 INFO SparkContext: Running Spark version 3.5.1
[2025-10-24T01:40:25.388+0000] {spark_submit.py:492} INFO - 25/10/24 01:40:25 INFO SparkContext: OS info Linux, 6.6.87.2-microsoft-standard-WSL2, amd64
[2025-10-24T01:40:25.411+0000] {spark_submit.py:492} INFO - 25/10/24 01:40:25 INFO SparkContext: Java version 17.0.16
[2025-10-24T01:40:26.205+0000] {spark_submit.py:492} INFO - 25/10/24 01:40:26 WARN NativeCodeLoader: Unable to load native-hadoop library for your platform... using builtin-java classes where applicable
[2025-10-24T01:40:29.905+0000] {spark_submit.py:492} INFO - 25/10/24 01:40:29 INFO ResourceUtils: ==============================================================
[2025-10-24T01:40:29.956+0000] {spark_submit.py:492} INFO - 25/10/24 01:40:29 INFO ResourceUtils: No custom resources configured for spark.driver.
[2025-10-24T01:40:29.957+0000] {spark_submit.py:492} INFO - 25/10/24 01:40:29 INFO ResourceUtils: ==============================================================
[2025-10-24T01:40:29.961+0000] {spark_submit.py:492} INFO - 25/10/24 01:40:29 INFO SparkContext: Submitted application: Load CSV to Postgres
[2025-10-24T01:40:30.405+0000] {spark_submit.py:492} INFO - 25/10/24 01:40:30 INFO ResourceProfile: Default ResourceProfile created, executor resources: Map(cores -> name: cores, amount: 1, script: , vendor: , memory -> name: memory, amount: 1024, script: , vendor: , offHeap -> name: offHeap, amount: 0, script: , vendor: ), task resources: Map(cpus -> name: cpus, amount: 1.0)
[2025-10-24T01:40:30.481+0000] {spark_submit.py:492} INFO - 25/10/24 01:40:30 INFO ResourceProfile: Limiting resource is cpu
[2025-10-24T01:40:30.490+0000] {spark_submit.py:492} INFO - 25/10/24 01:40:30 INFO ResourceProfileManager: Added ResourceProfile id: 0
[2025-10-24T01:40:34.170+0000] {spark_submit.py:492} INFO - 25/10/24 01:40:34 INFO SecurityManager: Changing view acls to: ***
[2025-10-24T01:40:34.213+0000] {spark_submit.py:492} INFO - 25/10/24 01:40:34 INFO SecurityManager: Changing modify acls to: ***
[2025-10-24T01:40:34.257+0000] {spark_submit.py:492} INFO - 25/10/24 01:40:34 INFO SecurityManager: Changing view acls groups to:
[2025-10-24T01:40:34.358+0000] {spark_submit.py:492} INFO - 25/10/24 01:40:34 INFO SecurityManager: Changing modify acls groups to:
[2025-10-24T01:40:34.455+0000] {spark_submit.py:492} INFO - 25/10/24 01:40:34 INFO SecurityManager: SecurityManager: authentication disabled; ui acls disabled; users with view permissions: ***; groups with view permissions: EMPTY; users with modify permissions: ***; groups with modify permissions: EMPTY
[2025-10-24T01:40:43.725+0000] {spark_submit.py:492} INFO - 25/10/24 01:40:43 INFO Utils: Successfully started service 'sparkDriver' on port 33251.
[2025-10-24T01:40:44.188+0000] {spark_submit.py:492} INFO - 25/10/24 01:40:44 INFO SparkEnv: Registering MapOutputTracker
[2025-10-24T01:40:44.986+0000] {spark_submit.py:492} INFO - 25/10/24 01:40:44 INFO SparkEnv: Registering BlockManagerMaster
[2025-10-24T01:40:45.387+0000] {spark_submit.py:492} INFO - 25/10/24 01:40:45 INFO BlockManagerMasterEndpoint: Using org.apache.spark.storage.DefaultTopologyMapper for getting topology information
[2025-10-24T01:40:45.425+0000] {spark_submit.py:492} INFO - 25/10/24 01:40:45 INFO BlockManagerMasterEndpoint: BlockManagerMasterEndpoint up
[2025-10-24T01:40:45.493+0000] {spark_submit.py:492} INFO - 25/10/24 01:40:45 INFO SparkEnv: Registering BlockManagerMasterHeartbeat
[2025-10-24T01:40:46.062+0000] {spark_submit.py:492} INFO - 25/10/24 01:40:46 INFO DiskBlockManager: Created local directory at /tmp/blockmgr-f54ea34a-dbd2-433e-9a11-0b3096d1df15
[2025-10-24T01:40:46.194+0000] {spark_submit.py:492} INFO - 25/10/24 01:40:46 INFO MemoryStore: MemoryStore started with capacity 413.9 MiB
[2025-10-24T01:40:46.388+0000] {spark_submit.py:492} INFO - 25/10/24 01:40:46 INFO SparkEnv: Registering OutputCommitCoordinator
[2025-10-24T01:40:47.917+0000] {spark_submit.py:492} INFO - 25/10/24 01:40:47 INFO JettyUtils: Start Jetty 0.0.0.0:4040 for SparkUI
[2025-10-24T01:40:48.989+0000] {spark_submit.py:492} INFO - 25/10/24 01:40:48 INFO Utils: Successfully started service 'SparkUI' on port 4040.
[2025-10-24T01:40:50.770+0000] {spark_submit.py:492} INFO - 25/10/24 01:40:50 INFO Executor: Starting executor ID driver on host 2ef039423968
[2025-10-24T01:40:50.775+0000] {spark_submit.py:492} INFO - 25/10/24 01:40:50 INFO Executor: OS info Linux, 6.6.87.2-microsoft-standard-WSL2, amd64
[2025-10-24T01:40:50.776+0000] {spark_submit.py:492} INFO - 25/10/24 01:40:50 INFO Executor: Java version 17.0.16
[2025-10-24T01:40:50.886+0000] {spark_submit.py:492} INFO - 25/10/24 01:40:50 INFO Executor: Starting executor with user classpath (userClassPathFirst = false): ''
[2025-10-24T01:40:50.888+0000] {spark_submit.py:492} INFO - 25/10/24 01:40:50 INFO Executor: Created or updated repl class loader org.apache.spark.util.MutableURLClassLoader@9fab699 for default.
[2025-10-24T01:40:51.237+0000] {spark_submit.py:492} INFO - 25/10/24 01:40:51 INFO Utils: Successfully started service 'org.apache.spark.network.netty.NettyBlockTransferService' on port 35263.
[2025-10-24T01:40:51.238+0000] {spark_submit.py:492} INFO - 25/10/24 01:40:51 INFO NettyBlockTransferService: Server created on 2ef039423968:35263
[2025-10-24T01:40:51.242+0000] {spark_submit.py:492} INFO - 25/10/24 01:40:51 INFO BlockManager: Using org.apache.spark.storage.RandomBlockReplicationPolicy for block replication policy
[2025-10-24T01:40:51.495+0000] {spark_submit.py:492} INFO - 25/10/24 01:40:51 INFO BlockManagerMaster: Registering BlockManager BlockManagerId(driver, 2ef039423968, 35263, None)
[2025-10-24T01:40:51.512+0000] {spark_submit.py:492} INFO - 25/10/24 01:40:51 INFO BlockManagerMasterEndpoint: Registering block manager 2ef039423968:35263 with 413.9 MiB RAM, BlockManagerId(driver, 2ef039423968, 35263, None)
[2025-10-24T01:40:51.588+0000] {spark_submit.py:492} INFO - 25/10/24 01:40:51 INFO BlockManagerMaster: Registered BlockManager BlockManagerId(driver, 2ef039423968, 35263, None)
[2025-10-24T01:40:51.590+0000] {spark_submit.py:492} INFO - 25/10/24 01:40:51 INFO BlockManager: Initialized BlockManager: BlockManagerId(driver, 2ef039423968, 35263, None)
[2025-10-24T01:40:59.416+0000] {spark_submit.py:492} INFO - 25/10/24 01:40:59 INFO SharedState: Setting hive.metastore.warehouse.dir ('null') to the value of spark.sql.warehouse.dir.
[2025-10-24T01:40:59.586+0000] {spark_submit.py:492} INFO - 25/10/24 01:40:59 INFO SharedState: Warehouse path is 'file:/opt/***/spark-warehouse'.
[2025-10-24T01:41:09.919+0000] {spark_submit.py:492} INFO - 25/10/24 01:41:09 INFO InMemoryFileIndex: It took 485 ms to list leaf files for 1 paths.
[2025-10-24T01:41:11.399+0000] {spark_submit.py:492} INFO - 25/10/24 01:41:11 INFO InMemoryFileIndex: It took 408 ms to list leaf files for 1 paths.
[2025-10-24T01:41:39.317+0000] {spark_submit.py:492} INFO - 25/10/24 01:41:39 INFO FileSourceStrategy: Pushed Filters:
[2025-10-24T01:41:39.325+0000] {spark_submit.py:492} INFO - 25/10/24 01:41:39 INFO FileSourceStrategy: Post-Scan Filters: (length(trim(value#0, None)) > 0)
[2025-10-24T01:41:42.068+0000] {spark_submit.py:492} INFO - 25/10/24 01:41:42 INFO CodeGenerator: Code generated in 1037.99673 ms
[2025-10-24T01:41:42.635+0000] {spark_submit.py:492} INFO - 25/10/24 01:41:42 INFO MemoryStore: Block broadcast_0 stored as values in memory (estimated size 199.6 KiB, free 413.7 MiB)
[2025-10-24T01:41:43.519+0000] {spark_submit.py:492} INFO - 25/10/24 01:41:43 INFO MemoryStore: Block broadcast_0_piece0 stored as bytes in memory (estimated size 34.3 KiB, free 413.7 MiB)
[2025-10-24T01:41:43.535+0000] {spark_submit.py:492} INFO - 25/10/24 01:41:43 INFO BlockManagerInfo: Added broadcast_0_piece0 in memory on 2ef039423968:35263 (size: 34.3 KiB, free: 413.9 MiB)
[2025-10-24T01:41:43.552+0000] {spark_submit.py:492} INFO - 25/10/24 01:41:43 INFO SparkContext: Created broadcast 0 from csv at NativeMethodAccessorImpl.java:0
[2025-10-24T01:41:43.641+0000] {spark_submit.py:492} INFO - 25/10/24 01:41:43 INFO FileSourceScanExec: Planning scan with bin packing, max size: 49020463 bytes, open cost is considered as scanning 4194304 bytes.
[2025-10-24T01:41:44.929+0000] {spark_submit.py:492} INFO - 25/10/24 01:41:44 INFO SparkContext: Starting job: csv at NativeMethodAccessorImpl.java:0
[2025-10-24T01:41:45.145+0000] {spark_submit.py:492} INFO - 25/10/24 01:41:45 INFO DAGScheduler: Got job 0 (csv at NativeMethodAccessorImpl.java:0) with 1 output partitions
[2025-10-24T01:41:45.151+0000] {spark_submit.py:492} INFO - 25/10/24 01:41:45 INFO DAGScheduler: Final stage: ResultStage 0 (csv at NativeMethodAccessorImpl.java:0)
[2025-10-24T01:41:45.160+0000] {spark_submit.py:492} INFO - 25/10/24 01:41:45 INFO DAGScheduler: Parents of final stage: List()
[2025-10-24T01:41:45.167+0000] {spark_submit.py:492} INFO - 25/10/24 01:41:45 INFO DAGScheduler: Missing parents: List()
[2025-10-24T01:41:45.190+0000] {spark_submit.py:492} INFO - 25/10/24 01:41:45 INFO DAGScheduler: Submitting ResultStage 0 (MapPartitionsRDD[3] at csv at NativeMethodAccessorImpl.java:0), which has no missing parents
[2025-10-24T01:41:45.942+0000] {spark_submit.py:492} INFO - 25/10/24 01:41:45 INFO MemoryStore: Block broadcast_1 stored as values in memory (estimated size 13.5 KiB, free 413.7 MiB)
[2025-10-24T01:41:45.948+0000] {spark_submit.py:492} INFO - 25/10/24 01:41:45 INFO MemoryStore: Block broadcast_1_piece0 stored as bytes in memory (estimated size 6.4 KiB, free 413.7 MiB)
[2025-10-24T01:41:45.950+0000] {spark_submit.py:492} INFO - 25/10/24 01:41:45 INFO BlockManagerInfo: Added broadcast_1_piece0 in memory on 2ef039423968:35263 (size: 6.4 KiB, free: 413.9 MiB)
[2025-10-24T01:41:46.020+0000] {spark_submit.py:492} INFO - 25/10/24 01:41:45 INFO SparkContext: Created broadcast 1 from broadcast at DAGScheduler.scala:1585
[2025-10-24T01:41:46.142+0000] {spark_submit.py:492} INFO - 25/10/24 01:41:46 INFO DAGScheduler: Submitting 1 missing tasks from ResultStage 0 (MapPartitionsRDD[3] at csv at NativeMethodAccessorImpl.java:0) (first 15 tasks are for partitions Vector(0))
[2025-10-24T01:41:46.155+0000] {spark_submit.py:492} INFO - 25/10/24 01:41:46 INFO TaskSchedulerImpl: Adding task set 0.0 with 1 tasks resource profile 0
[2025-10-24T01:41:49.239+0000] {spark_submit.py:492} INFO - 25/10/24 01:41:49 INFO TaskSetManager: Starting task 0.0 in stage 0.0 (TID 0) (2ef039423968, executor driver, partition 0, PROCESS_LOCAL, 8232 bytes)
[2025-10-24T01:41:49.372+0000] {spark_submit.py:492} INFO - 25/10/24 01:41:49 INFO Executor: Running task 0.0 in stage 0.0 (TID 0)
[2025-10-24T01:41:50.989+0000] {spark_submit.py:492} INFO - 25/10/24 01:41:50 INFO CodeGenerator: Code generated in 86.070965 ms
[2025-10-24T01:41:51.057+0000] {spark_submit.py:492} INFO - 25/10/24 01:41:51 INFO FileScanRDD: Reading File path: file:///opt/***/include/dfTransjakarta180kRows.csv, range: 0-44826159, partition values: [empty row]
[2025-10-24T01:41:51.444+0000] {spark_submit.py:492} INFO - 25/10/24 01:41:51 INFO CodeGenerator: Code generated in 194.201603 ms
[2025-10-24T01:41:51.897+0000] {spark_submit.py:492} INFO - 25/10/24 01:41:51 INFO Executor: Finished task 0.0 in stage 0.0 (TID 0). 1829 bytes result sent to driver
[2025-10-24T01:41:51.955+0000] {spark_submit.py:492} INFO - 25/10/24 01:41:51 INFO TaskSetManager: Finished task 0.0 in stage 0.0 (TID 0) in 5685 ms on 2ef039423968 (executor driver) (1/1)
[2025-10-24T01:41:52.040+0000] {spark_submit.py:492} INFO - 25/10/24 01:41:51 INFO TaskSchedulerImpl: Removed TaskSet 0.0, whose tasks have all completed, from pool
[2025-10-24T01:41:52.056+0000] {spark_submit.py:492} INFO - 25/10/24 01:41:51 INFO DAGScheduler: ResultStage 0 (csv at NativeMethodAccessorImpl.java:0) finished in 6.606 s
[2025-10-24T01:41:52.078+0000] {spark_submit.py:492} INFO - 25/10/24 01:41:52 INFO DAGScheduler: Job 0 is finished. Cancelling potential speculative or zombie tasks for this job
[2025-10-24T01:41:52.137+0000] {spark_submit.py:492} INFO - 25/10/24 01:41:52 INFO TaskSchedulerImpl: Killing all running tasks in stage 0: Stage finished
[2025-10-24T01:41:52.141+0000] {spark_submit.py:492} INFO - 25/10/24 01:41:52 INFO DAGScheduler: Job 0 finished: csv at NativeMethodAccessorImpl.java:0, took 4.407132 s
[2025-10-24T01:41:52.275+0000] {spark_submit.py:492} INFO - 25/10/24 01:41:52 INFO CodeGenerator: Code generated in 100.204406 ms
[2025-10-24T01:41:53.045+0000] {spark_submit.py:492} INFO - 25/10/24 01:41:53 INFO FileSourceStrategy: Pushed Filters:
[2025-10-24T01:41:53.062+0000] {spark_submit.py:492} INFO - 25/10/24 01:41:53 INFO FileSourceStrategy: Post-Scan Filters:
[2025-10-24T01:41:53.164+0000] {spark_submit.py:492} INFO - 25/10/24 01:41:53 INFO MemoryStore: Block broadcast_2 stored as values in memory (estimated size 199.6 KiB, free 413.5 MiB)
[2025-10-24T01:41:53.272+0000] {spark_submit.py:492} INFO - 25/10/24 01:41:53 INFO MemoryStore: Block broadcast_2_piece0 stored as bytes in memory (estimated size 34.3 KiB, free 413.4 MiB)
[2025-10-24T01:41:53.340+0000] {spark_submit.py:492} INFO - 25/10/24 01:41:53 INFO BlockManagerInfo: Added broadcast_2_piece0 in memory on 2ef039423968:35263 (size: 34.3 KiB, free: 413.9 MiB)
[2025-10-24T01:41:53.348+0000] {spark_submit.py:492} INFO - 25/10/24 01:41:53 INFO SparkContext: Created broadcast 2 from csv at NativeMethodAccessorImpl.java:0
[2025-10-24T01:41:53.352+0000] {spark_submit.py:492} INFO - 25/10/24 01:41:53 INFO FileSourceScanExec: Planning scan with bin packing, max size: 49020463 bytes, open cost is considered as scanning 4194304 bytes.
[2025-10-24T01:41:53.857+0000] {spark_submit.py:492} INFO - 25/10/24 01:41:53 INFO SparkContext: Starting job: csv at NativeMethodAccessorImpl.java:0
[2025-10-24T01:41:53.863+0000] {spark_submit.py:492} INFO - 25/10/24 01:41:53 INFO DAGScheduler: Got job 1 (csv at NativeMethodAccessorImpl.java:0) with 1 output partitions
[2025-10-24T01:41:53.866+0000] {spark_submit.py:492} INFO - 25/10/24 01:41:53 INFO DAGScheduler: Final stage: ResultStage 1 (csv at NativeMethodAccessorImpl.java:0)
[2025-10-24T01:41:53.867+0000] {spark_submit.py:492} INFO - 25/10/24 01:41:53 INFO DAGScheduler: Parents of final stage: List()
[2025-10-24T01:41:53.867+0000] {spark_submit.py:492} INFO - 25/10/24 01:41:53 INFO DAGScheduler: Missing parents: List()
[2025-10-24T01:41:53.868+0000] {spark_submit.py:492} INFO - 25/10/24 01:41:53 INFO DAGScheduler: Submitting ResultStage 1 (MapPartitionsRDD[9] at csv at NativeMethodAccessorImpl.java:0), which has no missing parents
[2025-10-24T01:41:54.176+0000] {spark_submit.py:492} INFO - 25/10/24 01:41:54 INFO MemoryStore: Block broadcast_3 stored as values in memory (estimated size 27.9 KiB, free 413.4 MiB)
[2025-10-24T01:41:54.248+0000] {spark_submit.py:492} INFO - 25/10/24 01:41:54 INFO MemoryStore: Block broadcast_3_piece0 stored as bytes in memory (estimated size 12.8 KiB, free 413.4 MiB)
[2025-10-24T01:41:54.254+0000] {spark_submit.py:492} INFO - 25/10/24 01:41:54 INFO BlockManagerInfo: Added broadcast_3_piece0 in memory on 2ef039423968:35263 (size: 12.8 KiB, free: 413.8 MiB)
[2025-10-24T01:41:54.264+0000] {spark_submit.py:492} INFO - 25/10/24 01:41:54 INFO SparkContext: Created broadcast 3 from broadcast at DAGScheduler.scala:1585
[2025-10-24T01:41:54.337+0000] {spark_submit.py:492} INFO - 25/10/24 01:41:54 INFO DAGScheduler: Submitting 1 missing tasks from ResultStage 1 (MapPartitionsRDD[9] at csv at NativeMethodAccessorImpl.java:0) (first 15 tasks are for partitions Vector(0))
[2025-10-24T01:41:54.343+0000] {spark_submit.py:492} INFO - 25/10/24 01:41:54 INFO TaskSchedulerImpl: Adding task set 1.0 with 1 tasks resource profile 0
[2025-10-24T01:41:54.345+0000] {spark_submit.py:492} INFO - 25/10/24 01:41:54 INFO TaskSetManager: Starting task 0.0 in stage 1.0 (TID 1) (2ef039423968, executor driver, partition 0, PROCESS_LOCAL, 8232 bytes)
[2025-10-24T01:41:54.351+0000] {spark_submit.py:492} INFO - 25/10/24 01:41:54 INFO Executor: Running task 0.0 in stage 1.0 (TID 1)
[2025-10-24T01:41:54.840+0000] {spark_submit.py:492} INFO - 25/10/24 01:41:54 INFO CodeGenerator: Code generated in 96.112497 ms
[2025-10-24T01:41:54.853+0000] {spark_submit.py:492} INFO - 25/10/24 01:41:54 INFO FileScanRDD: Reading File path: file:///opt/***/include/dfTransjakarta180kRows.csv, range: 0-44826159, partition values: [empty row]
[2025-10-24T01:42:17.992+0000] {spark_submit.py:492} INFO - 25/10/24 01:42:17 INFO Executor: Finished task 0.0 in stage 1.0 (TID 1). 1908 bytes result sent to driver
[2025-10-24T01:42:18.001+0000] {spark_submit.py:492} INFO - 25/10/24 01:42:17 INFO TaskSetManager: Finished task 0.0 in stage 1.0 (TID 1) in 23655 ms on 2ef039423968 (executor driver) (1/1)
[2025-10-24T01:42:18.006+0000] {spark_submit.py:492} INFO - 25/10/24 01:42:17 INFO TaskSchedulerImpl: Removed TaskSet 1.0, whose tasks have all completed, from pool
[2025-10-24T01:42:18.042+0000] {spark_submit.py:492} INFO - 25/10/24 01:42:18 INFO DAGScheduler: ResultStage 1 (csv at NativeMethodAccessorImpl.java:0) finished in 24.149 s
[2025-10-24T01:42:18.046+0000] {spark_submit.py:492} INFO - 25/10/24 01:42:18 INFO DAGScheduler: Job 1 is finished. Cancelling potential speculative or zombie tasks for this job
[2025-10-24T01:42:18.056+0000] {spark_submit.py:492} INFO - 25/10/24 01:42:18 INFO TaskSchedulerImpl: Killing all running tasks in stage 1: Stage finished
[2025-10-24T01:42:18.067+0000] {spark_submit.py:492} INFO - 25/10/24 01:42:18 INFO DAGScheduler: Job 1 finished: csv at NativeMethodAccessorImpl.java:0, took 24.210373 s
[2025-10-24T01:42:25.628+0000] {spark_submit.py:492} INFO - Traceback (most recent call last):
[2025-10-24T01:42:25.630+0000] {spark_submit.py:492} INFO - File "/opt/***/include/scripts/load_csv_to_postgres.py", line 61, in <module>
[2025-10-24T01:42:25.647+0000] {spark_submit.py:492} INFO - df.write.jdbc(
[2025-10-24T01:42:25.649+0000] {spark_submit.py:492} INFO - File "/opt/spark/python/lib/pyspark.zip/pyspark/sql/readwriter.py", line 1984, in jdbc
[2025-10-24T01:42:25.718+0000] {spark_submit.py:492} INFO - File "/opt/spark/python/lib/py4j-0.10.9.7-src.zip/py4j/java_gateway.py", line 1322, in __call__
[2025-10-24T01:42:25.721+0000] {spark_submit.py:492} INFO - File "/opt/spark/python/lib/pyspark.zip/pyspark/errors/exceptions/captured.py", line 179, in deco
[2025-10-24T01:42:25.726+0000] {spark_submit.py:492} INFO - File "/opt/spark/python/lib/py4j-0.10.9.7-src.zip/py4j/protocol.py", line 326, in get_return_value
[2025-10-24T01:42:25.736+0000] {spark_submit.py:492} INFO - py4j.protocol.Py4JJavaError: An error occurred while calling o80.jdbc.
[2025-10-24T01:42:25.755+0000] {spark_submit.py:492} INFO - : java.lang.ClassNotFoundException: org.postgresql.Driver
[2025-10-24T01:42:25.759+0000] {spark_submit.py:492} INFO - at java.base/java.net.URLClassLoader.findClass(URLClassLoader.java:445)
[2025-10-24T01:42:25.772+0000] {spark_submit.py:492} INFO - at java.base/java.lang.ClassLoader.loadClass(ClassLoader.java:592)
[2025-10-24T01:42:25.778+0000] {spark_submit.py:492} INFO - at java.base/java.lang.ClassLoader.loadClass(ClassLoader.java:525)
[2025-10-24T01:42:25.783+0000] {spark_submit.py:492} INFO - at org.apache.spark.sql.execution.datasources.jdbc.DriverRegistry$.register(DriverRegistry.scala:46)
[2025-10-24T01:42:25.784+0000] {spark_submit.py:492} INFO - at org.apache.spark.sql.execution.datasources.jdbc.JDBCOptions.$anonfun$driverClass$1(JDBCOptions.scala:103)
[2025-10-24T01:42:25.786+0000] {spark_submit.py:492} INFO - at org.apache.spark.sql.execution.datasources.jdbc.JDBCOptions.$anonfun$driverClass$1$adapted(JDBCOptions.scala:103)
[2025-10-24T01:42:25.786+0000] {spark_submit.py:492} INFO - at scala.Option.foreach(Option.scala:407)
[2025-10-24T01:42:25.788+0000] {spark_submit.py:492} INFO - at org.apache.spark.sql.execution.datasources.jdbc.JDBCOptions.<init>(JDBCOptions.scala:103)
[2025-10-24T01:42:25.790+0000] {spark_submit.py:492} INFO - at org.apache.spark.sql.execution.datasources.jdbc.JdbcOptionsInWrite.<init>(JDBCOptions.scala:254)
[2025-10-24T01:42:25.791+0000] {spark_submit.py:492} INFO - at org.apache.spark.sql.execution.datasources.jdbc.JdbcOptionsInWrite.<init>(JDBCOptions.scala:258)
[2025-10-24T01:42:25.792+0000] {spark_submit.py:492} INFO - at org.apache.spark.sql.execution.datasources.jdbc.JdbcRelationProvider.createRelation(JdbcRelationProvider.scala:47)
[2025-10-24T01:42:25.793+0000] {spark_submit.py:492} INFO - at org.apache.spark.sql.execution.datasources.SaveIntoDataSourceCommand.run(SaveIntoDataSourceCommand.scala:48)
[2025-10-24T01:42:25.794+0000] {spark_submit.py:492} INFO - at org.apache.spark.sql.execution.command.ExecutedCommandExec.sideEffectResult$lzycompute(commands.scala:75)
[2025-10-24T01:42:25.795+0000] {spark_submit.py:492} INFO - at org.apache.spark.sql.execution.command.ExecutedCommandExec.sideEffectResult(commands.scala:73)
[2025-10-24T01:42:25.796+0000] {spark_submit.py:492} INFO - at org.apache.spark.sql.execution.command.ExecutedCommandExec.executeCollect(commands.scala:84)
[2025-10-24T01:42:25.797+0000] {spark_submit.py:492} INFO - at org.apache.spark.sql.execution.QueryExecution$$anonfun$eagerlyExecuteCommands$1.$anonfun$applyOrElse$1(QueryExecution.scala:107)
[2025-10-24T01:42:25.798+0000] {spark_submit.py:492} INFO - at org.apache.spark.sql.execution.SQLExecution$.$anonfun$withNewExecutionId$6(SQLExecution.scala:125)
[2025-10-24T01:42:25.800+0000] {spark_submit.py:492} INFO - at org.apache.spark.sql.execution.SQLExecution$.withSQLConfPropagated(SQLExecution.scala:201)
[2025-10-24T01:42:25.801+0000] {spark_submit.py:492} INFO - at org.apache.spark.sql.execution.SQLExecution$.$anonfun$withNewExecutionId$1(SQLExecution.scala:108)
[2025-10-24T01:42:25.802+0000] {spark_submit.py:492} INFO - at org.apache.spark.sql.SparkSession.withActive(SparkSession.scala:900)
[2025-10-24T01:42:25.807+0000] {spark_submit.py:492} INFO - at org.apache.spark.sql.execution.SQLExecution$.withNewExecutionId(SQLExecution.scala:66)
[2025-10-24T01:42:25.809+0000] {spark_submit.py:492} INFO - at org.apache.spark.sql.execution.QueryExecution$$anonfun$eagerlyExecuteCommands$1.applyOrElse(QueryExecution.scala:107)
[2025-10-24T01:42:25.810+0000] {spark_submit.py:492} INFO - at org.apache.spark.sql.execution.QueryExecution$$anonfun$eagerlyExecuteCommands$1.applyOrElse(QueryExecution.scala:98)
[2025-10-24T01:42:25.811+0000] {spark_submit.py:492} INFO - at org.apache.spark.sql.catalyst.trees.TreeNode.$anonfun$transformDownWithPruning$1(TreeNode.scala:461)
[2025-10-24T01:42:25.812+0000] {spark_submit.py:492} INFO - at org.apache.spark.sql.catalyst.trees.CurrentOrigin$.withOrigin(origin.scala:76)
[2025-10-24T01:42:25.813+0000] {spark_submit.py:492} INFO - at org.apache.spark.sql.catalyst.trees.TreeNode.transformDownWithPruning(TreeNode.scala:461)
[2025-10-24T01:42:25.868+0000] {spark_submit.py:492} INFO - at org.apache.spark.sql.catalyst.plans.logical.LogicalPlan.org$apache$spark$sql$catalyst$plans$logical$AnalysisHelper$$super$transformDownWithPruning(LogicalPlan.scala:32)
[2025-10-24T01:42:25.871+0000] {spark_submit.py:492} INFO - at org.apache.spark.sql.catalyst.plans.logical.AnalysisHelper.transformDownWithPruning(AnalysisHelper.scala:267)
[2025-10-24T01:42:25.889+0000] {spark_submit.py:492} INFO - at org.apache.spark.sql.catalyst.plans.logical.AnalysisHelper.transformDownWithPruning$(AnalysisHelper.scala:263)
[2025-10-24T01:42:25.891+0000] {spark_submit.py:492} INFO - at org.apache.spark.sql.catalyst.plans.logical.LogicalPlan.transformDownWithPruning(LogicalPlan.scala:32)
[2025-10-24T01:42:25.904+0000] {spark_submit.py:492} INFO - at org.apache.spark.sql.catalyst.plans.logical.LogicalPlan.transformDownWithPruning(LogicalPlan.scala:32)
[2025-10-24T01:42:25.916+0000] {spark_submit.py:492} INFO - at org.apache.spark.sql.catalyst.trees.TreeNode.transformDown(TreeNode.scala:437)
[2025-10-24T01:42:25.918+0000] {spark_submit.py:492} INFO - at org.apache.spark.sql.execution.QueryExecution.eagerlyExecuteCommands(QueryExecution.scala:98)
[2025-10-24T01:42:25.930+0000] {spark_submit.py:492} INFO - at org.apache.spark.sql.execution.QueryExecution.commandExecuted$lzycompute(QueryExecution.scala:85)
[2025-10-24T01:42:25.932+0000] {spark_submit.py:492} INFO - at org.apache.spark.sql.execution.QueryExecution.commandExecuted(QueryExecution.scala:83)
[2025-10-24T01:42:25.933+0000] {spark_submit.py:492} INFO - at org.apache.spark.sql.execution.QueryExecution.assertCommandExecuted(QueryExecution.scala:142)
[2025-10-24T01:42:25.934+0000] {spark_submit.py:492} INFO - at org.apache.spark.sql.DataFrameWriter.runCommand(DataFrameWriter.scala:859)
[2025-10-24T01:42:25.935+0000] {spark_submit.py:492} INFO - at org.apache.spark.sql.DataFrameWriter.saveToV1Source(DataFrameWriter.scala:388)
[2025-10-24T01:42:25.960+0000] {spark_submit.py:492} INFO - at org.apache.spark.sql.DataFrameWriter.saveInternal(DataFrameWriter.scala:361)
[2025-10-24T01:42:25.961+0000] {spark_submit.py:492} INFO - at org.apache.spark.sql.DataFrameWriter.save(DataFrameWriter.scala:248)
[2025-10-24T01:42:25.962+0000] {spark_submit.py:492} INFO - at org.apache.spark.sql.DataFrameWriter.jdbc(DataFrameWriter.scala:756)
[2025-10-24T01:42:25.965+0000] {spark_submit.py:492} INFO - at java.base/jdk.internal.reflect.NativeMethodAccessorImpl.invoke0(Native Method)
[2025-10-24T01:42:25.967+0000] {spark_submit.py:492} INFO - at java.base/jdk.internal.reflect.NativeMethodAccessorImpl.invoke(NativeMethodAccessorImpl.java:77)
[2025-10-24T01:42:25.968+0000] {spark_submit.py:492} INFO - at java.base/jdk.internal.reflect.DelegatingMethodAccessorImpl.invoke(DelegatingMethodAccessorImpl.java:43)
[2025-10-24T01:42:25.969+0000] {spark_submit.py:492} INFO - at java.base/java.lang.reflect.Method.invoke(Method.java:569)
[2025-10-24T01:42:25.970+0000] {spark_submit.py:492} INFO - at py4j.reflection.MethodInvoker.invoke(MethodInvoker.java:244)
[2025-10-24T01:42:25.977+0000] {spark_submit.py:492} INFO - at py4j.reflection.ReflectionEngine.invoke(ReflectionEngine.java:374)
[2025-10-24T01:42:25.978+0000] {spark_submit.py:492} INFO - at py4j.Gateway.invoke(Gateway.java:282)
[2025-10-24T01:42:25.979+0000] {spark_submit.py:492} INFO - at py4j.commands.AbstractCommand.invokeMethod(AbstractCommand.java:132)
[2025-10-24T01:42:25.982+0000] {spark_submit.py:492} INFO - at py4j.commands.CallCommand.execute(CallCommand.java:79)
[2025-10-24T01:42:25.983+0000] {spark_submit.py:492} INFO - at py4j.ClientServerConnection.waitForCommands(ClientServerConnection.java:182)
[2025-10-24T01:42:25.985+0000] {spark_submit.py:492} INFO - at py4j.ClientServerConnection.run(ClientServerConnection.java:106)
[2025-10-24T01:42:25.986+0000] {spark_submit.py:492} INFO - at java.base/java.lang.Thread.run(Thread.java:840)
[2025-10-24T01:42:25.995+0000] {spark_submit.py:492} INFO - 
[2025-10-24T01:42:27.035+0000] {spark_submit.py:492} INFO - 25/10/24 01:42:27 INFO SparkContext: Invoking stop() from shutdown hook
[2025-10-24T01:42:27.047+0000] {spark_submit.py:492} INFO - 25/10/24 01:42:27 INFO SparkContext: SparkContext is stopping with exitCode 0.
[2025-10-24T01:42:27.266+0000] {spark_submit.py:492} INFO - 25/10/24 01:42:27 INFO SparkUI: Stopped Spark web UI at http://2ef039423968:4040
[2025-10-24T01:42:27.461+0000] {spark_submit.py:492} INFO - 25/10/24 01:42:27 INFO MapOutputTrackerMasterEndpoint: MapOutputTrackerMasterEndpoint stopped!
[2025-10-24T01:42:27.581+0000] {spark_submit.py:492} INFO - 25/10/24 01:42:27 INFO MemoryStore: MemoryStore cleared
[2025-10-24T01:42:27.582+0000] {spark_submit.py:492} INFO - 25/10/24 01:42:27 INFO BlockManager: BlockManager stopped
[2025-10-24T01:42:27.612+0000] {spark_submit.py:492} INFO - 25/10/24 01:42:27 INFO BlockManagerMaster: BlockManagerMaster stopped
[2025-10-24T01:42:27.617+0000] {spark_submit.py:492} INFO - 25/10/24 01:42:27 INFO OutputCommitCoordinator$OutputCommitCoordinatorEndpoint: OutputCommitCoordinator stopped!
[2025-10-24T01:42:27.644+0000] {spark_submit.py:492} INFO - 25/10/24 01:42:27 INFO SparkContext: Successfully stopped SparkContext
[2025-10-24T01:42:27.649+0000] {spark_submit.py:492} INFO - 25/10/24 01:42:27 INFO ShutdownHookManager: Shutdown hook called
[2025-10-24T01:42:27.649+0000] {spark_submit.py:492} INFO - 25/10/24 01:42:27 INFO ShutdownHookManager: Deleting directory /tmp/spark-19eceb64-00c9-4e03-a99b-717b11b3a8d7
[2025-10-24T01:42:27.711+0000] {spark_submit.py:492} INFO - 25/10/24 01:42:27 INFO ShutdownHookManager: Deleting directory /tmp/spark-34e76f72-907c-41ba-9fe1-53d24c4042ae/pyspark-b802e04a-f9b3-4ac0-8d16-9ac1a3cbf079
[2025-10-24T01:42:27.762+0000] {spark_submit.py:492} INFO - 25/10/24 01:42:27 INFO ShutdownHookManager: Deleting directory /tmp/spark-34e76f72-907c-41ba-9fe1-53d24c4042ae
[2025-10-24T01:42:28.306+0000] {taskinstance.py:2698} ERROR - Task failed with exception
Traceback (most recent call last):
  File "/home/airflow/.local/lib/python3.8/site-packages/airflow/models/taskinstance.py", line 433, in _execute_task
    result = execute_callable(context=context, **execute_callable_kwargs)
  File "/home/airflow/.local/lib/python3.8/site-packages/airflow/providers/apache/spark/operators/spark_submit.py", line 157, in execute
    self._hook.submit(self._application)
  File "/home/airflow/.local/lib/python3.8/site-packages/airflow/providers/apache/spark/hooks/spark_submit.py", line 423, in submit
    raise AirflowException(
airflow.exceptions.AirflowException: Cannot execute: spark-submit --master local --conf spark.master=local[*] --name spark_load_csv_to_postgres --verbose /opt/***/include/scripts/load_csv_to_postgres.py. Error code is: 1.
[2025-10-24T01:42:28.326+0000] {taskinstance.py:1138} INFO - Marking task as FAILED. dag_id=etl_csv_to_postgres, task_id=spark_load_csv_to_postgres, execution_date=20251023T161426, start_date=20251024T013939, end_date=20251024T014228
[2025-10-24T01:42:28.650+0000] {standard_task_runner.py:107} ERROR - Failed to execute job 175 for task spark_load_csv_to_postgres (Cannot execute: spark-submit --master local --conf spark.master=local[*] --name spark_load_csv_to_postgres --verbose /opt/***/include/scripts/load_csv_to_postgres.py. Error code is: 1.; 89)
[2025-10-24T01:42:28.985+0000] {local_task_job_runner.py:234} INFO - Task exited with return code 1
[2025-10-24T01:42:29.199+0000] {taskinstance.py:3280} INFO - 0 downstream tasks scheduled from follow-on schedule check
