[2025-10-24T02:38:56.289+0000] {taskinstance.py:1956} INFO - Dependencies all met for dep_context=non-requeueable deps ti=<TaskInstance: my_dag.submit_job manual__2025-10-24T02:38:12.334295+00:00 [queued]>
[2025-10-24T02:38:56.316+0000] {taskinstance.py:1956} INFO - Dependencies all met for dep_context=requeueable deps ti=<TaskInstance: my_dag.submit_job manual__2025-10-24T02:38:12.334295+00:00 [queued]>
[2025-10-24T02:38:56.317+0000] {taskinstance.py:2170} INFO - Starting attempt 1 of 1
[2025-10-24T02:38:56.343+0000] {taskinstance.py:2191} INFO - Executing <Task(SparkSubmitOperator): submit_job> on 2025-10-24 02:38:12.334295+00:00
[2025-10-24T02:38:56.355+0000] {standard_task_runner.py:60} INFO - Started process 693 to run task
[2025-10-24T02:38:56.363+0000] {standard_task_runner.py:87} INFO - Running: ['***', 'tasks', 'run', 'my_dag', 'submit_job', 'manual__2025-10-24T02:38:12.334295+00:00', '--job-id', '180', '--raw', '--subdir', 'DAGS_FOLDER/my_dag.py', '--cfg-path', '/tmp/tmpn0zhk5lf']
[2025-10-24T02:38:56.371+0000] {standard_task_runner.py:88} INFO - Job 180: Subtask submit_job
[2025-10-24T02:38:56.567+0000] {task_command.py:423} INFO - Running <TaskInstance: my_dag.submit_job manual__2025-10-24T02:38:12.334295+00:00 [running]> on host 2ef039423968
[2025-10-24T02:38:57.205+0000] {taskinstance.py:2480} INFO - Exporting env vars: AIRFLOW_CTX_DAG_OWNER='***' AIRFLOW_CTX_DAG_ID='my_dag' AIRFLOW_CTX_TASK_ID='submit_job' AIRFLOW_CTX_EXECUTION_DATE='2025-10-24T02:38:12.334295+00:00' AIRFLOW_CTX_TRY_NUMBER='1' AIRFLOW_CTX_DAG_RUN_ID='manual__2025-10-24T02:38:12.334295+00:00'
[2025-10-24T02:38:57.329+0000] {base.py:83} INFO - Using connection ID 'my_spark_conn' for task execution.
[2025-10-24T02:38:57.336+0000] {spark_submit.py:341} INFO - Spark-Submit cmd: spark-submit --master local --name arrow-spark --verbose /opt/***/include/scripts/read.py
[2025-10-24T02:39:27.381+0000] {spark_submit.py:492} INFO - Using properties file: null
[2025-10-24T02:39:29.455+0000] {spark_submit.py:492} INFO - Parsed arguments:
[2025-10-24T02:39:29.472+0000] {spark_submit.py:492} INFO - master                  local
[2025-10-24T02:39:29.474+0000] {spark_submit.py:492} INFO - remote                  null
[2025-10-24T02:39:29.475+0000] {spark_submit.py:492} INFO - deployMode              null
[2025-10-24T02:39:29.481+0000] {spark_submit.py:492} INFO - executorMemory          null
[2025-10-24T02:39:29.483+0000] {spark_submit.py:492} INFO - executorCores           null
[2025-10-24T02:39:29.484+0000] {spark_submit.py:492} INFO - totalExecutorCores      null
[2025-10-24T02:39:29.485+0000] {spark_submit.py:492} INFO - propertiesFile          null
[2025-10-24T02:39:29.552+0000] {spark_submit.py:492} INFO - driverMemory            null
[2025-10-24T02:39:29.567+0000] {spark_submit.py:492} INFO - driverCores             null
[2025-10-24T02:39:29.575+0000] {spark_submit.py:492} INFO - driverExtraClassPath    null
[2025-10-24T02:39:29.582+0000] {spark_submit.py:492} INFO - driverExtraLibraryPath  null
[2025-10-24T02:39:29.583+0000] {spark_submit.py:492} INFO - driverExtraJavaOptions  null
[2025-10-24T02:39:29.584+0000] {spark_submit.py:492} INFO - supervise               false
[2025-10-24T02:39:29.586+0000] {spark_submit.py:492} INFO - queue                   null
[2025-10-24T02:39:29.652+0000] {spark_submit.py:492} INFO - numExecutors            null
[2025-10-24T02:39:29.677+0000] {spark_submit.py:492} INFO - files                   null
[2025-10-24T02:39:29.678+0000] {spark_submit.py:492} INFO - pyFiles                 null
[2025-10-24T02:39:29.679+0000] {spark_submit.py:492} INFO - archives                null
[2025-10-24T02:39:29.681+0000] {spark_submit.py:492} INFO - mainClass               null
[2025-10-24T02:39:29.691+0000] {spark_submit.py:492} INFO - primaryResource         file:/opt/***/include/scripts/read.py
[2025-10-24T02:39:29.754+0000] {spark_submit.py:492} INFO - name                    arrow-spark
[2025-10-24T02:39:29.759+0000] {spark_submit.py:492} INFO - childArgs               []
[2025-10-24T02:39:29.763+0000] {spark_submit.py:492} INFO - jars                    null
[2025-10-24T02:39:29.765+0000] {spark_submit.py:492} INFO - packages                null
[2025-10-24T02:39:29.765+0000] {spark_submit.py:492} INFO - packagesExclusions      null
[2025-10-24T02:39:29.766+0000] {spark_submit.py:492} INFO - repositories            null
[2025-10-24T02:39:29.767+0000] {spark_submit.py:492} INFO - verbose                 true
[2025-10-24T02:39:29.768+0000] {spark_submit.py:492} INFO - 
[2025-10-24T02:39:29.769+0000] {spark_submit.py:492} INFO - Spark properties used, including those specified through
[2025-10-24T02:39:29.770+0000] {spark_submit.py:492} INFO - --conf and those from the properties file null:
[2025-10-24T02:39:29.771+0000] {spark_submit.py:492} INFO - 
[2025-10-24T02:39:29.772+0000] {spark_submit.py:492} INFO - 
[2025-10-24T02:39:29.773+0000] {spark_submit.py:492} INFO - 
[2025-10-24T02:39:34.970+0000] {spark_submit.py:492} INFO - Main class:
[2025-10-24T02:39:35.053+0000] {spark_submit.py:492} INFO - org.apache.spark.deploy.PythonRunner
[2025-10-24T02:39:35.064+0000] {spark_submit.py:492} INFO - Arguments:
[2025-10-24T02:39:35.072+0000] {spark_submit.py:492} INFO - file:/opt/***/include/scripts/read.py
[2025-10-24T02:39:35.073+0000] {spark_submit.py:492} INFO - null
[2025-10-24T02:39:35.159+0000] {spark_submit.py:492} INFO - Spark config:
[2025-10-24T02:39:35.161+0000] {spark_submit.py:492} INFO - (spark.app.name,arrow-spark)
[2025-10-24T02:39:35.166+0000] {spark_submit.py:492} INFO - (spark.app.submitTime,1761273574852)
[2025-10-24T02:39:35.169+0000] {spark_submit.py:492} INFO - (spark.master,local)
[2025-10-24T02:39:35.172+0000] {spark_submit.py:492} INFO - (spark.submit.deployMode,client)
[2025-10-24T02:39:35.179+0000] {spark_submit.py:492} INFO - (spark.submit.pyFiles,)
[2025-10-24T02:39:35.180+0000] {spark_submit.py:492} INFO - Classpath elements:
[2025-10-24T02:39:35.185+0000] {spark_submit.py:492} INFO - 
[2025-10-24T02:39:35.186+0000] {spark_submit.py:492} INFO - 
[2025-10-24T02:39:35.188+0000] {spark_submit.py:492} INFO - 
[2025-10-24T02:39:42.920+0000] {spark_submit.py:492} INFO - 25/10/24 02:39:42 INFO SparkContext: Running Spark version 3.5.1
[2025-10-24T02:39:42.932+0000] {spark_submit.py:492} INFO - 25/10/24 02:39:42 INFO SparkContext: OS info Linux, 6.6.87.2-microsoft-standard-WSL2, amd64
[2025-10-24T02:39:42.942+0000] {spark_submit.py:492} INFO - 25/10/24 02:39:42 INFO SparkContext: Java version 17.0.16
[2025-10-24T02:39:43.523+0000] {spark_submit.py:492} INFO - 25/10/24 02:39:43 WARN NativeCodeLoader: Unable to load native-hadoop library for your platform... using builtin-java classes where applicable
[2025-10-24T02:39:44.348+0000] {spark_submit.py:492} INFO - 25/10/24 02:39:44 INFO ResourceUtils: ==============================================================
[2025-10-24T02:39:44.350+0000] {spark_submit.py:492} INFO - 25/10/24 02:39:44 INFO ResourceUtils: No custom resources configured for spark.driver.
[2025-10-24T02:39:44.352+0000] {spark_submit.py:492} INFO - 25/10/24 02:39:44 INFO ResourceUtils: ==============================================================
[2025-10-24T02:39:44.355+0000] {spark_submit.py:492} INFO - 25/10/24 02:39:44 INFO SparkContext: Submitted application: PySpark Example
[2025-10-24T02:39:44.504+0000] {spark_submit.py:492} INFO - 25/10/24 02:39:44 INFO ResourceProfile: Default ResourceProfile created, executor resources: Map(cores -> name: cores, amount: 1, script: , vendor: , memory -> name: memory, amount: 1024, script: , vendor: , offHeap -> name: offHeap, amount: 0, script: , vendor: ), task resources: Map(cpus -> name: cpus, amount: 1.0)
[2025-10-24T02:39:44.535+0000] {spark_submit.py:492} INFO - 25/10/24 02:39:44 INFO ResourceProfile: Limiting resource is cpu
[2025-10-24T02:39:44.537+0000] {spark_submit.py:492} INFO - 25/10/24 02:39:44 INFO ResourceProfileManager: Added ResourceProfile id: 0
[2025-10-24T02:39:45.209+0000] {spark_submit.py:492} INFO - 25/10/24 02:39:45 INFO SecurityManager: Changing view acls to: ***
[2025-10-24T02:39:45.210+0000] {spark_submit.py:492} INFO - 25/10/24 02:39:45 INFO SecurityManager: Changing modify acls to: ***
[2025-10-24T02:39:45.212+0000] {spark_submit.py:492} INFO - 25/10/24 02:39:45 INFO SecurityManager: Changing view acls groups to:
[2025-10-24T02:39:45.213+0000] {spark_submit.py:492} INFO - 25/10/24 02:39:45 INFO SecurityManager: Changing modify acls groups to:
[2025-10-24T02:39:45.214+0000] {spark_submit.py:492} INFO - 25/10/24 02:39:45 INFO SecurityManager: SecurityManager: authentication disabled; ui acls disabled; users with view permissions: ***; groups with view permissions: EMPTY; users with modify permissions: ***; groups with modify permissions: EMPTY
[2025-10-24T02:39:49.806+0000] {spark_submit.py:492} INFO - 25/10/24 02:39:49 INFO Utils: Successfully started service 'sparkDriver' on port 37151.
[2025-10-24T02:39:50.228+0000] {spark_submit.py:492} INFO - 25/10/24 02:39:50 INFO SparkEnv: Registering MapOutputTracker
[2025-10-24T02:39:50.750+0000] {spark_submit.py:492} INFO - 25/10/24 02:39:50 INFO SparkEnv: Registering BlockManagerMaster
[2025-10-24T02:39:50.914+0000] {spark_submit.py:492} INFO - 25/10/24 02:39:50 INFO BlockManagerMasterEndpoint: Using org.apache.spark.storage.DefaultTopologyMapper for getting topology information
[2025-10-24T02:39:50.918+0000] {spark_submit.py:492} INFO - 25/10/24 02:39:50 INFO BlockManagerMasterEndpoint: BlockManagerMasterEndpoint up
[2025-10-24T02:39:50.952+0000] {spark_submit.py:492} INFO - 25/10/24 02:39:50 INFO SparkEnv: Registering BlockManagerMasterHeartbeat
[2025-10-24T02:39:51.261+0000] {spark_submit.py:492} INFO - 25/10/24 02:39:51 INFO DiskBlockManager: Created local directory at /tmp/blockmgr-a829225a-5f18-4ec3-acc2-26a3d909b018
[2025-10-24T02:39:51.505+0000] {spark_submit.py:492} INFO - 25/10/24 02:39:51 INFO MemoryStore: MemoryStore started with capacity 413.9 MiB
[2025-10-24T02:39:51.612+0000] {spark_submit.py:492} INFO - 25/10/24 02:39:51 INFO SparkEnv: Registering OutputCommitCoordinator
[2025-10-24T02:39:52.810+0000] {spark_submit.py:492} INFO - 25/10/24 02:39:52 INFO JettyUtils: Start Jetty 0.0.0.0:4040 for SparkUI
[2025-10-24T02:39:53.143+0000] {spark_submit.py:492} INFO - 25/10/24 02:39:53 INFO Utils: Successfully started service 'SparkUI' on port 4040.
[2025-10-24T02:39:57.154+0000] {spark_submit.py:492} INFO - 25/10/24 02:39:57 INFO Executor: Starting executor ID driver on host 2ef039423968
[2025-10-24T02:39:57.182+0000] {spark_submit.py:492} INFO - 25/10/24 02:39:57 INFO Executor: OS info Linux, 6.6.87.2-microsoft-standard-WSL2, amd64
[2025-10-24T02:39:57.242+0000] {spark_submit.py:492} INFO - 25/10/24 02:39:57 INFO Executor: Java version 17.0.16
[2025-10-24T02:39:57.257+0000] {spark_submit.py:492} INFO - 25/10/24 02:39:57 INFO Executor: Starting executor with user classpath (userClassPathFirst = false): ''
[2025-10-24T02:39:57.284+0000] {spark_submit.py:492} INFO - 25/10/24 02:39:57 INFO Executor: Created or updated repl class loader org.apache.spark.util.MutableURLClassLoader@36e34fd0 for default.
[2025-10-24T02:39:58.338+0000] {spark_submit.py:492} INFO - 25/10/24 02:39:58 INFO Utils: Successfully started service 'org.apache.spark.network.netty.NettyBlockTransferService' on port 37073.
[2025-10-24T02:39:58.339+0000] {spark_submit.py:492} INFO - 25/10/24 02:39:58 INFO NettyBlockTransferService: Server created on 2ef039423968:37073
[2025-10-24T02:39:58.422+0000] {spark_submit.py:492} INFO - 25/10/24 02:39:58 INFO BlockManager: Using org.apache.spark.storage.RandomBlockReplicationPolicy for block replication policy
[2025-10-24T02:39:58.619+0000] {spark_submit.py:492} INFO - 25/10/24 02:39:58 INFO BlockManagerMaster: Registering BlockManager BlockManagerId(driver, 2ef039423968, 37073, None)
[2025-10-24T02:39:58.761+0000] {spark_submit.py:492} INFO - 25/10/24 02:39:58 INFO BlockManagerMasterEndpoint: Registering block manager 2ef039423968:37073 with 413.9 MiB RAM, BlockManagerId(driver, 2ef039423968, 37073, None)
[2025-10-24T02:39:58.865+0000] {spark_submit.py:492} INFO - 25/10/24 02:39:58 INFO BlockManagerMaster: Registered BlockManager BlockManagerId(driver, 2ef039423968, 37073, None)
[2025-10-24T02:39:58.881+0000] {spark_submit.py:492} INFO - 25/10/24 02:39:58 INFO BlockManager: Initialized BlockManager: BlockManagerId(driver, 2ef039423968, 37073, None)
[2025-10-24T02:40:03.118+0000] {spark_submit.py:492} INFO - 25/10/24 02:40:03 INFO AsyncEventQueue: Process of event SparkListenerResourceProfileAdded(Profile: id = 0, executor resources: cores -> name: cores, amount: 1, script: , vendor: ,memory -> name: memory, amount: 1024, script: , vendor: ,offHeap -> name: offHeap, amount: 0, script: , vendor: , task resources: cpus -> name: cpus, amount: 1.0) by listener HeartbeatReceiver took 1.000916465s.
[2025-10-24T02:40:03.315+0000] {spark_submit.py:492} INFO - 25/10/24 02:40:03 INFO AsyncEventQueue: Process of event SparkListenerResourceProfileAdded(Profile: id = 0, executor resources: cores -> name: cores, amount: 1, script: , vendor: ,memory -> name: memory, amount: 1024, script: , vendor: ,offHeap -> name: offHeap, amount: 0, script: , vendor: , task resources: cpus -> name: cpus, amount: 1.0) by listener AppStatusListener took 1.10502697s.
[2025-10-24T02:40:15.221+0000] {spark_submit.py:492} INFO - 25/10/24 02:40:15 INFO SharedState: Setting hive.metastore.warehouse.dir ('null') to the value of spark.sql.warehouse.dir.
[2025-10-24T02:40:15.297+0000] {spark_submit.py:492} INFO - 25/10/24 02:40:15 INFO SharedState: Warehouse path is 'file:/opt/***/spark-warehouse'.
[2025-10-24T02:40:37.405+0000] {spark_submit.py:492} INFO - 25/10/24 02:40:37 INFO InMemoryFileIndex: It took 802 ms to list leaf files for 1 paths.
[2025-10-24T02:40:39.411+0000] {spark_submit.py:492} INFO - 25/10/24 02:40:39 INFO InMemoryFileIndex: It took 211 ms to list leaf files for 1 paths.
[2025-10-24T02:42:01.926+0000] {spark_submit.py:492} INFO - 25/10/24 02:42:01 INFO FileSourceStrategy: Pushed Filters:
[2025-10-24T02:42:01.996+0000] {spark_submit.py:492} INFO - 25/10/24 02:42:01 INFO FileSourceStrategy: Post-Scan Filters: (length(trim(value#0, None)) > 0)
[2025-10-24T02:42:07.609+0000] {spark_submit.py:492} INFO - 25/10/24 02:42:07 INFO CodeGenerator: Code generated in 3095.180099 ms
[2025-10-24T02:42:08.608+0000] {spark_submit.py:492} INFO - 25/10/24 02:42:08 INFO MemoryStore: Block broadcast_0 stored as values in memory (estimated size 199.4 KiB, free 413.7 MiB)
[2025-10-24T02:42:11.216+0000] {spark_submit.py:492} INFO - 25/10/24 02:42:11 INFO MemoryStore: Block broadcast_0_piece0 stored as bytes in memory (estimated size 34.2 KiB, free 413.7 MiB)
[2025-10-24T02:42:11.222+0000] {spark_submit.py:492} INFO - 25/10/24 02:42:11 INFO BlockManagerInfo: Added broadcast_0_piece0 in memory on 2ef039423968:37073 (size: 34.2 KiB, free: 413.9 MiB)
[2025-10-24T02:42:11.320+0000] {spark_submit.py:492} INFO - 25/10/24 02:42:11 INFO SparkContext: Created broadcast 0 from csv at NativeMethodAccessorImpl.java:0
[2025-10-24T02:42:11.603+0000] {spark_submit.py:492} INFO - 25/10/24 02:42:11 INFO FileSourceScanExec: Planning scan with bin packing, max size: 4194965 bytes, open cost is considered as scanning 4194304 bytes.
[2025-10-24T02:42:14.736+0000] {spark_submit.py:492} INFO - 25/10/24 02:42:14 INFO SparkContext: Starting job: csv at NativeMethodAccessorImpl.java:0
[2025-10-24T02:42:15.154+0000] {spark_submit.py:492} INFO - 25/10/24 02:42:15 INFO DAGScheduler: Got job 0 (csv at NativeMethodAccessorImpl.java:0) with 1 output partitions
[2025-10-24T02:42:15.205+0000] {spark_submit.py:492} INFO - 25/10/24 02:42:15 INFO DAGScheduler: Final stage: ResultStage 0 (csv at NativeMethodAccessorImpl.java:0)
[2025-10-24T02:42:15.208+0000] {spark_submit.py:492} INFO - 25/10/24 02:42:15 INFO DAGScheduler: Parents of final stage: List()
[2025-10-24T02:42:15.218+0000] {spark_submit.py:492} INFO - 25/10/24 02:42:15 INFO DAGScheduler: Missing parents: List()
[2025-10-24T02:42:15.256+0000] {spark_submit.py:492} INFO - 25/10/24 02:42:15 INFO DAGScheduler: Submitting ResultStage 0 (MapPartitionsRDD[3] at csv at NativeMethodAccessorImpl.java:0), which has no missing parents
[2025-10-24T02:42:17.495+0000] {spark_submit.py:492} INFO - 25/10/24 02:42:17 INFO MemoryStore: Block broadcast_1 stored as values in memory (estimated size 13.5 KiB, free 413.7 MiB)
[2025-10-24T02:42:17.501+0000] {spark_submit.py:492} INFO - 25/10/24 02:42:17 INFO MemoryStore: Block broadcast_1_piece0 stored as bytes in memory (estimated size 6.4 KiB, free 413.7 MiB)
[2025-10-24T02:42:17.503+0000] {spark_submit.py:492} INFO - 25/10/24 02:42:17 INFO BlockManagerInfo: Added broadcast_1_piece0 in memory on 2ef039423968:37073 (size: 6.4 KiB, free: 413.9 MiB)
[2025-10-24T02:42:17.542+0000] {spark_submit.py:492} INFO - 25/10/24 02:42:17 INFO SparkContext: Created broadcast 1 from broadcast at DAGScheduler.scala:1585
[2025-10-24T02:42:18.111+0000] {spark_submit.py:492} INFO - 25/10/24 02:42:18 INFO DAGScheduler: Submitting 1 missing tasks from ResultStage 0 (MapPartitionsRDD[3] at csv at NativeMethodAccessorImpl.java:0) (first 15 tasks are for partitions Vector(0))
[2025-10-24T02:42:18.134+0000] {spark_submit.py:492} INFO - 25/10/24 02:42:18 INFO TaskSchedulerImpl: Adding task set 0.0 with 1 tasks resource profile 0
[2025-10-24T02:42:19.675+0000] {spark_submit.py:492} INFO - 25/10/24 02:42:19 INFO TaskSetManager: Starting task 0.0 in stage 0.0 (TID 0) (2ef039423968, executor driver, partition 0, PROCESS_LOCAL, 8214 bytes)
[2025-10-24T02:42:20.057+0000] {spark_submit.py:492} INFO - 25/10/24 02:42:20 INFO Executor: Running task 0.0 in stage 0.0 (TID 0)
[2025-10-24T02:42:28.899+0000] {spark_submit.py:492} INFO - 25/10/24 02:42:28 INFO CodeGenerator: Code generated in 218.89596 ms
[2025-10-24T02:42:28.967+0000] {spark_submit.py:492} INFO - 25/10/24 02:42:28 INFO FileScanRDD: Reading File path: file:///opt/***/include/data.csv, range: 0-661, partition values: [empty row]
[2025-10-24T02:42:29.423+0000] {spark_submit.py:492} INFO - 25/10/24 02:42:29 INFO CodeGenerator: Code generated in 330.7842 ms
[2025-10-24T02:42:30.646+0000] {spark_submit.py:492} INFO - 25/10/24 02:42:30 INFO Executor: Finished task 0.0 in stage 0.0 (TID 0). 1727 bytes result sent to driver
[2025-10-24T02:42:31.421+0000] {spark_submit.py:492} INFO - 25/10/24 02:42:31 INFO TaskSetManager: Finished task 0.0 in stage 0.0 (TID 0) in 12094 ms on 2ef039423968 (executor driver) (1/1)
[2025-10-24T02:42:31.734+0000] {spark_submit.py:492} INFO - 25/10/24 02:42:31 INFO TaskSchedulerImpl: Removed TaskSet 0.0, whose tasks have all completed, from pool
[2025-10-24T02:42:32.029+0000] {spark_submit.py:492} INFO - 25/10/24 02:42:31 INFO DAGScheduler: ResultStage 0 (csv at NativeMethodAccessorImpl.java:0) finished in 16.507 s
[2025-10-24T02:42:32.121+0000] {spark_submit.py:492} INFO - 25/10/24 02:42:32 INFO DAGScheduler: Job 0 is finished. Cancelling potential speculative or zombie tasks for this job
[2025-10-24T02:42:32.132+0000] {spark_submit.py:492} INFO - 25/10/24 02:42:32 INFO TaskSchedulerImpl: Killing all running tasks in stage 0: Stage finished
[2025-10-24T02:42:32.233+0000] {spark_submit.py:492} INFO - 25/10/24 02:42:32 INFO DAGScheduler: Job 0 finished: csv at NativeMethodAccessorImpl.java:0, took 14.680691 s
[2025-10-24T02:42:33.033+0000] {spark_submit.py:492} INFO - 25/10/24 02:42:33 INFO CodeGenerator: Code generated in 96.425723 ms
[2025-10-24T02:42:35.224+0000] {spark_submit.py:492} INFO - 25/10/24 02:42:35 INFO FileSourceStrategy: Pushed Filters:
[2025-10-24T02:42:35.225+0000] {spark_submit.py:492} INFO - 25/10/24 02:42:35 INFO FileSourceStrategy: Post-Scan Filters:
[2025-10-24T02:42:35.245+0000] {spark_submit.py:492} INFO - 25/10/24 02:42:35 INFO MemoryStore: Block broadcast_2 stored as values in memory (estimated size 199.4 KiB, free 413.5 MiB)
[2025-10-24T02:42:35.483+0000] {spark_submit.py:492} INFO - 25/10/24 02:42:35 INFO MemoryStore: Block broadcast_2_piece0 stored as bytes in memory (estimated size 34.2 KiB, free 413.4 MiB)
[2025-10-24T02:42:35.545+0000] {spark_submit.py:492} INFO - 25/10/24 02:42:35 INFO BlockManagerInfo: Added broadcast_2_piece0 in memory on 2ef039423968:37073 (size: 34.2 KiB, free: 413.9 MiB)
[2025-10-24T02:42:35.721+0000] {spark_submit.py:492} INFO - 25/10/24 02:42:35 INFO SparkContext: Created broadcast 2 from csv at NativeMethodAccessorImpl.java:0
[2025-10-24T02:42:35.734+0000] {spark_submit.py:492} INFO - 25/10/24 02:42:35 INFO FileSourceScanExec: Planning scan with bin packing, max size: 4194965 bytes, open cost is considered as scanning 4194304 bytes.
[2025-10-24T02:42:38.626+0000] {spark_submit.py:492} INFO - 25/10/24 02:42:38 INFO FileSourceStrategy: Pushed Filters:
[2025-10-24T02:42:38.627+0000] {spark_submit.py:492} INFO - 25/10/24 02:42:38 INFO FileSourceStrategy: Post-Scan Filters:
[2025-10-24T02:42:39.750+0000] {spark_submit.py:492} INFO - 25/10/24 02:42:39 INFO CodeGenerator: Code generated in 226.570844 ms
[2025-10-24T02:42:39.782+0000] {spark_submit.py:492} INFO - 25/10/24 02:42:39 INFO MemoryStore: Block broadcast_3 stored as values in memory (estimated size 199.3 KiB, free 413.3 MiB)
[2025-10-24T02:42:40.223+0000] {spark_submit.py:492} INFO - 25/10/24 02:42:40 INFO MemoryStore: Block broadcast_3_piece0 stored as bytes in memory (estimated size 34.2 KiB, free 413.2 MiB)
[2025-10-24T02:42:40.233+0000] {spark_submit.py:492} INFO - 25/10/24 02:42:40 INFO BlockManagerInfo: Added broadcast_3_piece0 in memory on 2ef039423968:37073 (size: 34.2 KiB, free: 413.8 MiB)
[2025-10-24T02:42:40.234+0000] {spark_submit.py:492} INFO - 25/10/24 02:42:40 INFO SparkContext: Created broadcast 3 from showString at NativeMethodAccessorImpl.java:0
[2025-10-24T02:42:40.250+0000] {spark_submit.py:492} INFO - 25/10/24 02:42:40 INFO FileSourceScanExec: Planning scan with bin packing, max size: 4194965 bytes, open cost is considered as scanning 4194304 bytes.
[2025-10-24T02:42:40.345+0000] {spark_submit.py:492} INFO - 25/10/24 02:42:40 INFO SparkContext: Starting job: showString at NativeMethodAccessorImpl.java:0
[2025-10-24T02:42:40.421+0000] {spark_submit.py:492} INFO - 25/10/24 02:42:40 INFO DAGScheduler: Got job 1 (showString at NativeMethodAccessorImpl.java:0) with 1 output partitions
[2025-10-24T02:42:40.440+0000] {spark_submit.py:492} INFO - 25/10/24 02:42:40 INFO DAGScheduler: Final stage: ResultStage 1 (showString at NativeMethodAccessorImpl.java:0)
[2025-10-24T02:42:40.521+0000] {spark_submit.py:492} INFO - 25/10/24 02:42:40 INFO DAGScheduler: Parents of final stage: List()
[2025-10-24T02:42:40.621+0000] {spark_submit.py:492} INFO - 25/10/24 02:42:40 INFO DAGScheduler: Missing parents: List()
[2025-10-24T02:42:40.632+0000] {spark_submit.py:492} INFO - 25/10/24 02:42:40 INFO DAGScheduler: Submitting ResultStage 1 (MapPartitionsRDD[13] at showString at NativeMethodAccessorImpl.java:0), which has no missing parents
[2025-10-24T02:42:40.634+0000] {spark_submit.py:492} INFO - 25/10/24 02:42:40 INFO MemoryStore: Block broadcast_4 stored as values in memory (estimated size 18.0 KiB, free 413.2 MiB)
[2025-10-24T02:42:40.635+0000] {spark_submit.py:492} INFO - 25/10/24 02:42:40 INFO MemoryStore: Block broadcast_4_piece0 stored as bytes in memory (estimated size 8.0 KiB, free 413.2 MiB)
[2025-10-24T02:42:40.639+0000] {spark_submit.py:492} INFO - 25/10/24 02:42:40 INFO BlockManagerInfo: Added broadcast_4_piece0 in memory on 2ef039423968:37073 (size: 8.0 KiB, free: 413.8 MiB)
[2025-10-24T02:42:40.641+0000] {spark_submit.py:492} INFO - 25/10/24 02:42:40 INFO SparkContext: Created broadcast 4 from broadcast at DAGScheduler.scala:1585
[2025-10-24T02:42:40.723+0000] {spark_submit.py:492} INFO - 25/10/24 02:42:40 INFO DAGScheduler: Submitting 1 missing tasks from ResultStage 1 (MapPartitionsRDD[13] at showString at NativeMethodAccessorImpl.java:0) (first 15 tasks are for partitions Vector(0))
[2025-10-24T02:42:40.733+0000] {spark_submit.py:492} INFO - 25/10/24 02:42:40 INFO TaskSchedulerImpl: Adding task set 1.0 with 1 tasks resource profile 0
[2025-10-24T02:42:40.742+0000] {spark_submit.py:492} INFO - 25/10/24 02:42:40 INFO TaskSetManager: Starting task 0.0 in stage 1.0 (TID 1) (2ef039423968, executor driver, partition 0, PROCESS_LOCAL, 8214 bytes)
[2025-10-24T02:42:40.747+0000] {spark_submit.py:492} INFO - 25/10/24 02:42:40 INFO Executor: Running task 0.0 in stage 1.0 (TID 1)
[2025-10-24T02:42:41.126+0000] {spark_submit.py:492} INFO - 25/10/24 02:42:41 INFO CodeGenerator: Code generated in 290.597717 ms
[2025-10-24T02:42:41.130+0000] {spark_submit.py:492} INFO - 25/10/24 02:42:41 INFO FileScanRDD: Reading File path: file:///opt/***/include/data.csv, range: 0-661, partition values: [empty row]
[2025-10-24T02:42:41.441+0000] {spark_submit.py:492} INFO - 25/10/24 02:42:41 INFO CodeGenerator: Code generated in 204.947961 ms
[2025-10-24T02:42:42.137+0000] {spark_submit.py:492} INFO - 25/10/24 02:42:42 INFO Executor: Finished task 0.0 in stage 1.0 (TID 1). 2262 bytes result sent to driver
[2025-10-24T02:42:42.222+0000] {spark_submit.py:492} INFO - 25/10/24 02:42:42 INFO TaskSetManager: Finished task 0.0 in stage 1.0 (TID 1) in 1616 ms on 2ef039423968 (executor driver) (1/1)
[2025-10-24T02:42:42.234+0000] {spark_submit.py:492} INFO - 25/10/24 02:42:42 INFO TaskSchedulerImpl: Removed TaskSet 1.0, whose tasks have all completed, from pool
[2025-10-24T02:42:42.235+0000] {spark_submit.py:492} INFO - 25/10/24 02:42:42 INFO DAGScheduler: ResultStage 1 (showString at NativeMethodAccessorImpl.java:0) finished in 1.802 s
[2025-10-24T02:42:42.236+0000] {spark_submit.py:492} INFO - 25/10/24 02:42:42 INFO DAGScheduler: Job 1 is finished. Cancelling potential speculative or zombie tasks for this job
[2025-10-24T02:42:42.237+0000] {spark_submit.py:492} INFO - 25/10/24 02:42:42 INFO TaskSchedulerImpl: Killing all running tasks in stage 1: Stage finished
[2025-10-24T02:42:42.325+0000] {spark_submit.py:492} INFO - 25/10/24 02:42:42 INFO DAGScheduler: Job 1 finished: showString at NativeMethodAccessorImpl.java:0, took 1.882999 s
[2025-10-24T02:42:42.934+0000] {spark_submit.py:492} INFO - 25/10/24 02:42:42 INFO CodeGenerator: Code generated in 486.817729 ms
[2025-10-24T02:42:43.028+0000] {spark_submit.py:492} INFO - +----------+----------+-----------+--------+----------+-----------+-----------+------+
[2025-10-24T02:42:43.121+0000] {spark_submit.py:492} INFO - |      date|   product|   category|quantity|unit_price|total_sales|customer_id|region|
[2025-10-24T02:42:43.376+0000] {spark_submit.py:492} INFO - +----------+----------+-----------+--------+----------+-----------+-----------+------+
[2025-10-24T02:42:43.395+0000] {spark_submit.py:492} INFO - |2024-01-01|    Laptop|Electronics|       2|    999.99|    1999.98|       C001| North|
[2025-10-24T02:42:43.458+0000] {spark_submit.py:492} INFO - |2024-01-01|     Mouse|Electronics|       5|     29.99|     149.95|       C002| South|
[2025-10-24T02:42:43.465+0000] {spark_submit.py:492} INFO - |2024-01-02|  Keyboard|Electronics|       3|     89.99|     269.97|       C003|  East|
[2025-10-24T02:42:43.468+0000] {spark_submit.py:492} INFO - |2024-01-02|   Monitor|Electronics|       1|    299.99|     299.99|       C001| North|
[2025-10-24T02:42:43.472+0000] {spark_submit.py:492} INFO - |2024-01-03|Headphones|Electronics|       4|     79.99|     319.96|       C004|  West|
[2025-10-24T02:42:43.522+0000] {spark_submit.py:492} INFO - |2024-01-03| SSD Drive|Electronics|       2|    159.99|     319.98|       C005| South|
[2025-10-24T02:42:43.526+0000] {spark_submit.py:492} INFO - |2024-01-04|    Webcam|Electronics|       3|     69.99|     209.97|       C002| South|
[2025-10-24T02:42:43.527+0000] {spark_submit.py:492} INFO - |2024-01-04| USB Cable|Accessories|      10|      9.99|      99.90|       C003|  East|
[2025-10-24T02:42:43.528+0000] {spark_submit.py:492} INFO - |2024-01-05|Power Bank|Accessories|       5|     49.99|     249.95|25/10/24 02:42:43 INFO SparkContext: SparkContext is stopping with exitCode 0.
[2025-10-24T02:42:43.529+0000] {spark_submit.py:492} INFO - C004|  West|
[2025-10-24T02:42:43.530+0000] {spark_submit.py:492} INFO - |2024-01-05|Phone Case|Accessories|       8|     19.99|     159.92|       C005| South|
[2025-10-24T02:42:43.532+0000] {spark_submit.py:492} INFO - +----------+----------+-----------+--------+----------+-----------+-----------+------+
[2025-10-24T02:42:43.533+0000] {spark_submit.py:492} INFO - 
[2025-10-24T02:42:43.737+0000] {spark_submit.py:492} INFO - 25/10/24 02:42:43 INFO SparkUI: Stopped Spark web UI at http://2ef039423968:4040
[2025-10-24T02:42:44.150+0000] {spark_submit.py:492} INFO - 25/10/24 02:42:44 INFO MapOutputTrackerMasterEndpoint: MapOutputTrackerMasterEndpoint stopped!
[2025-10-24T02:42:45.924+0000] {spark_submit.py:492} INFO - 25/10/24 02:42:45 INFO MemoryStore: MemoryStore cleared
[2025-10-24T02:42:45.928+0000] {spark_submit.py:492} INFO - 25/10/24 02:42:45 INFO BlockManager: BlockManager stopped
[2025-10-24T02:42:46.324+0000] {spark_submit.py:492} INFO - 25/10/24 02:42:46 INFO BlockManagerMaster: BlockManagerMaster stopped
[2025-10-24T02:42:46.331+0000] {spark_submit.py:492} INFO - 25/10/24 02:42:46 INFO OutputCommitCoordinator$OutputCommitCoordinatorEndpoint: OutputCommitCoordinator stopped!
[2025-10-24T02:42:47.639+0000] {spark_submit.py:492} INFO - 25/10/24 02:42:47 INFO SparkContext: Successfully stopped SparkContext
[2025-10-24T02:42:49.726+0000] {spark_submit.py:492} INFO - 25/10/24 02:42:49 INFO ShutdownHookManager: Shutdown hook called
[2025-10-24T02:42:49.728+0000] {spark_submit.py:492} INFO - 25/10/24 02:42:49 INFO ShutdownHookManager: Deleting directory /tmp/spark-51795acd-a5a6-4c42-8b4e-47122006d87b
[2025-10-24T02:42:50.453+0000] {spark_submit.py:492} INFO - 25/10/24 02:42:50 INFO ShutdownHookManager: Deleting directory /tmp/spark-e75f302e-3520-4a21-8419-46c4b76a841f/pyspark-57b5f21c-cbae-4fc5-a17f-799077108e68
[2025-10-24T02:42:50.646+0000] {spark_submit.py:492} INFO - 25/10/24 02:42:50 INFO ShutdownHookManager: Deleting directory /tmp/spark-e75f302e-3520-4a21-8419-46c4b76a841f
[2025-10-24T02:42:56.998+0000] {taskinstance.py:1138} INFO - Marking task as SUCCESS. dag_id=my_dag, task_id=submit_job, execution_date=20251024T023812, start_date=20251024T023856, end_date=20251024T024256
[2025-10-24T02:42:59.009+0000] {local_task_job_runner.py:234} INFO - Task exited with return code 0
[2025-10-24T02:43:00.419+0000] {taskinstance.py:3280} INFO - 0 downstream tasks scheduled from follow-on schedule check
