[2025-10-24T03:30:17.428+0000] {taskinstance.py:1956} INFO - Dependencies all met for dep_context=non-requeueable deps ti=<TaskInstance: load_csv_to_postgres_dag.spark_load_csv_to_postgres manual__2025-10-24T03:30:09.139892+00:00 [queued]>
[2025-10-24T03:30:17.490+0000] {taskinstance.py:1956} INFO - Dependencies all met for dep_context=requeueable deps ti=<TaskInstance: load_csv_to_postgres_dag.spark_load_csv_to_postgres manual__2025-10-24T03:30:09.139892+00:00 [queued]>
[2025-10-24T03:30:17.493+0000] {taskinstance.py:2170} INFO - Starting attempt 1 of 1
[2025-10-24T03:30:17.554+0000] {taskinstance.py:2191} INFO - Executing <Task(SparkSubmitOperator): spark_load_csv_to_postgres> on 2025-10-24 03:30:09.139892+00:00
[2025-10-24T03:30:17.573+0000] {standard_task_runner.py:60} INFO - Started process 1947 to run task
[2025-10-24T03:30:17.582+0000] {standard_task_runner.py:87} INFO - Running: ['***', 'tasks', 'run', 'load_csv_to_postgres_dag', 'spark_load_csv_to_postgres', 'manual__2025-10-24T03:30:09.139892+00:00', '--job-id', '186', '--raw', '--subdir', 'DAGS_FOLDER/dag_csv_to_postgres_dag.py', '--cfg-path', '/tmp/tmpk0gj0dd6']
[2025-10-24T03:30:17.587+0000] {standard_task_runner.py:88} INFO - Job 186: Subtask spark_load_csv_to_postgres
[2025-10-24T03:30:17.761+0000] {task_command.py:423} INFO - Running <TaskInstance: load_csv_to_postgres_dag.spark_load_csv_to_postgres manual__2025-10-24T03:30:09.139892+00:00 [running]> on host 2ef039423968
[2025-10-24T03:30:17.973+0000] {taskinstance.py:2480} INFO - Exporting env vars: AIRFLOW_CTX_DAG_OWNER='***' AIRFLOW_CTX_DAG_ID='load_csv_to_postgres_dag' AIRFLOW_CTX_TASK_ID='spark_load_csv_to_postgres' AIRFLOW_CTX_EXECUTION_DATE='2025-10-24T03:30:09.139892+00:00' AIRFLOW_CTX_TRY_NUMBER='1' AIRFLOW_CTX_DAG_RUN_ID='manual__2025-10-24T03:30:09.139892+00:00'
[2025-10-24T03:30:18.006+0000] {base.py:83} INFO - Using connection ID 'spark_conn' for task execution.
[2025-10-24T03:30:18.012+0000] {spark_submit.py:341} INFO - Spark-Submit cmd: spark-submit --master local --name arrow-spark --verbose /opt/***/include/scripts/load_csv_to_postgres.py
[2025-10-24T03:30:32.757+0000] {spark_submit.py:492} INFO - Using properties file: null
[2025-10-24T03:30:34.171+0000] {spark_submit.py:492} INFO - Parsed arguments:
[2025-10-24T03:30:34.175+0000] {spark_submit.py:492} INFO - master                  local
[2025-10-24T03:30:34.185+0000] {spark_submit.py:492} INFO - remote                  null
[2025-10-24T03:30:34.186+0000] {spark_submit.py:492} INFO - deployMode              null
[2025-10-24T03:30:34.188+0000] {spark_submit.py:492} INFO - executorMemory          null
[2025-10-24T03:30:34.240+0000] {spark_submit.py:492} INFO - executorCores           null
[2025-10-24T03:30:34.242+0000] {spark_submit.py:492} INFO - totalExecutorCores      null
[2025-10-24T03:30:34.244+0000] {spark_submit.py:492} INFO - propertiesFile          null
[2025-10-24T03:30:34.254+0000] {spark_submit.py:492} INFO - driverMemory            null
[2025-10-24T03:30:34.255+0000] {spark_submit.py:492} INFO - driverCores             null
[2025-10-24T03:30:34.256+0000] {spark_submit.py:492} INFO - driverExtraClassPath    null
[2025-10-24T03:30:34.257+0000] {spark_submit.py:492} INFO - driverExtraLibraryPath  null
[2025-10-24T03:30:34.260+0000] {spark_submit.py:492} INFO - driverExtraJavaOptions  null
[2025-10-24T03:30:34.260+0000] {spark_submit.py:492} INFO - supervise               false
[2025-10-24T03:30:34.261+0000] {spark_submit.py:492} INFO - queue                   null
[2025-10-24T03:30:34.262+0000] {spark_submit.py:492} INFO - numExecutors            null
[2025-10-24T03:30:34.264+0000] {spark_submit.py:492} INFO - files                   null
[2025-10-24T03:30:34.265+0000] {spark_submit.py:492} INFO - pyFiles                 null
[2025-10-24T03:30:34.266+0000] {spark_submit.py:492} INFO - archives                null
[2025-10-24T03:30:34.267+0000] {spark_submit.py:492} INFO - mainClass               null
[2025-10-24T03:30:34.269+0000] {spark_submit.py:492} INFO - primaryResource         file:/opt/***/include/scripts/load_csv_to_postgres.py
[2025-10-24T03:30:34.270+0000] {spark_submit.py:492} INFO - name                    arrow-spark
[2025-10-24T03:30:34.271+0000] {spark_submit.py:492} INFO - childArgs               []
[2025-10-24T03:30:34.275+0000] {spark_submit.py:492} INFO - jars                    null
[2025-10-24T03:30:34.337+0000] {spark_submit.py:492} INFO - packages                null
[2025-10-24T03:30:34.340+0000] {spark_submit.py:492} INFO - packagesExclusions      null
[2025-10-24T03:30:34.341+0000] {spark_submit.py:492} INFO - repositories            null
[2025-10-24T03:30:34.342+0000] {spark_submit.py:492} INFO - verbose                 true
[2025-10-24T03:30:34.343+0000] {spark_submit.py:492} INFO - 
[2025-10-24T03:30:34.345+0000] {spark_submit.py:492} INFO - Spark properties used, including those specified through
[2025-10-24T03:30:34.346+0000] {spark_submit.py:492} INFO - --conf and those from the properties file null:
[2025-10-24T03:30:34.349+0000] {spark_submit.py:492} INFO - 
[2025-10-24T03:30:34.350+0000] {spark_submit.py:492} INFO - 
[2025-10-24T03:30:34.351+0000] {spark_submit.py:492} INFO - 
[2025-10-24T03:30:39.341+0000] {spark_submit.py:492} INFO - Main class:
[2025-10-24T03:30:39.350+0000] {spark_submit.py:492} INFO - org.apache.spark.deploy.PythonRunner
[2025-10-24T03:30:39.350+0000] {spark_submit.py:492} INFO - Arguments:
[2025-10-24T03:30:39.351+0000] {spark_submit.py:492} INFO - file:/opt/***/include/scripts/load_csv_to_postgres.py
[2025-10-24T03:30:39.352+0000] {spark_submit.py:492} INFO - null
[2025-10-24T03:30:39.356+0000] {spark_submit.py:492} INFO - Spark config:
[2025-10-24T03:30:39.358+0000] {spark_submit.py:492} INFO - (spark.app.name,arrow-spark)
[2025-10-24T03:30:39.362+0000] {spark_submit.py:492} INFO - (spark.app.submitTime,1761276639145)
[2025-10-24T03:30:39.363+0000] {spark_submit.py:492} INFO - (spark.master,local)
[2025-10-24T03:30:39.363+0000] {spark_submit.py:492} INFO - (spark.submit.deployMode,client)
[2025-10-24T03:30:39.364+0000] {spark_submit.py:492} INFO - (spark.submit.pyFiles,)
[2025-10-24T03:30:39.365+0000] {spark_submit.py:492} INFO - Classpath elements:
[2025-10-24T03:30:39.369+0000] {spark_submit.py:492} INFO - 
[2025-10-24T03:30:39.437+0000] {spark_submit.py:492} INFO - 
[2025-10-24T03:30:39.442+0000] {spark_submit.py:492} INFO - 
[2025-10-24T03:31:00.620+0000] {spark_submit.py:492} INFO - [[34m2025-10-24T03:31:00.614+0000[0m] {[34mbase.py:[0m83} INFO[0m - Using connection ID 'pg_conn' for task execution.[0m
[2025-10-24T03:31:00.927+0000] {spark_submit.py:492} INFO - 25/10/24 03:31:00 INFO SparkContext: Running Spark version 3.5.1
[2025-10-24T03:31:00.932+0000] {spark_submit.py:492} INFO - 25/10/24 03:31:00 INFO SparkContext: OS info Linux, 6.6.87.2-microsoft-standard-WSL2, amd64
[2025-10-24T03:31:00.933+0000] {spark_submit.py:492} INFO - 25/10/24 03:31:00 INFO SparkContext: Java version 17.0.16
[2025-10-24T03:31:01.271+0000] {spark_submit.py:492} INFO - 25/10/24 03:31:01 WARN NativeCodeLoader: Unable to load native-hadoop library for your platform... using builtin-java classes where applicable
[2025-10-24T03:31:01.889+0000] {spark_submit.py:492} INFO - 25/10/24 03:31:01 INFO ResourceUtils: ==============================================================
[2025-10-24T03:31:01.890+0000] {spark_submit.py:492} INFO - 25/10/24 03:31:01 INFO ResourceUtils: No custom resources configured for spark.driver.
[2025-10-24T03:31:01.893+0000] {spark_submit.py:492} INFO - 25/10/24 03:31:01 INFO ResourceUtils: ==============================================================
[2025-10-24T03:31:01.894+0000] {spark_submit.py:492} INFO - 25/10/24 03:31:01 INFO SparkContext: Submitted application: Load CSV to Postgres
[2025-10-24T03:31:02.057+0000] {spark_submit.py:492} INFO - 25/10/24 03:31:02 INFO ResourceProfile: Default ResourceProfile created, executor resources: Map(cores -> name: cores, amount: 1, script: , vendor: , memory -> name: memory, amount: 1024, script: , vendor: , offHeap -> name: offHeap, amount: 0, script: , vendor: ), task resources: Map(cpus -> name: cpus, amount: 1.0)
[2025-10-24T03:31:02.093+0000] {spark_submit.py:492} INFO - 25/10/24 03:31:02 INFO ResourceProfile: Limiting resource is cpu
[2025-10-24T03:31:02.099+0000] {spark_submit.py:492} INFO - 25/10/24 03:31:02 INFO ResourceProfileManager: Added ResourceProfile id: 0
[2025-10-24T03:31:02.700+0000] {spark_submit.py:492} INFO - 25/10/24 03:31:02 INFO SecurityManager: Changing view acls to: ***
[2025-10-24T03:31:02.755+0000] {spark_submit.py:492} INFO - 25/10/24 03:31:02 INFO SecurityManager: Changing modify acls to: ***
[2025-10-24T03:31:02.762+0000] {spark_submit.py:492} INFO - 25/10/24 03:31:02 INFO SecurityManager: Changing view acls groups to:
[2025-10-24T03:31:02.763+0000] {spark_submit.py:492} INFO - 25/10/24 03:31:02 INFO SecurityManager: Changing modify acls groups to:
[2025-10-24T03:31:02.766+0000] {spark_submit.py:492} INFO - 25/10/24 03:31:02 INFO SecurityManager: SecurityManager: authentication disabled; ui acls disabled; users with view permissions: ***; groups with view permissions: EMPTY; users with modify permissions: ***; groups with modify permissions: EMPTY
[2025-10-24T03:31:05.072+0000] {spark_submit.py:492} INFO - 25/10/24 03:31:05 INFO Utils: Successfully started service 'sparkDriver' on port 36791.
[2025-10-24T03:31:05.387+0000] {spark_submit.py:492} INFO - 25/10/24 03:31:05 INFO SparkEnv: Registering MapOutputTracker
[2025-10-24T03:31:05.762+0000] {spark_submit.py:492} INFO - 25/10/24 03:31:05 INFO SparkEnv: Registering BlockManagerMaster
[2025-10-24T03:31:05.889+0000] {spark_submit.py:492} INFO - 25/10/24 03:31:05 INFO BlockManagerMasterEndpoint: Using org.apache.spark.storage.DefaultTopologyMapper for getting topology information
[2025-10-24T03:31:05.890+0000] {spark_submit.py:492} INFO - 25/10/24 03:31:05 INFO BlockManagerMasterEndpoint: BlockManagerMasterEndpoint up
[2025-10-24T03:31:05.959+0000] {spark_submit.py:492} INFO - 25/10/24 03:31:05 INFO SparkEnv: Registering BlockManagerMasterHeartbeat
[2025-10-24T03:31:06.066+0000] {spark_submit.py:492} INFO - 25/10/24 03:31:06 INFO DiskBlockManager: Created local directory at /tmp/blockmgr-5567a67d-820f-4d4f-90e5-bcec6aad37aa
[2025-10-24T03:31:06.092+0000] {spark_submit.py:492} INFO - 25/10/24 03:31:06 INFO MemoryStore: MemoryStore started with capacity 413.9 MiB
[2025-10-24T03:31:06.262+0000] {spark_submit.py:492} INFO - 25/10/24 03:31:06 INFO SparkEnv: Registering OutputCommitCoordinator
[2025-10-24T03:31:07.372+0000] {spark_submit.py:492} INFO - 25/10/24 03:31:07 INFO JettyUtils: Start Jetty 0.0.0.0:4040 for SparkUI
[2025-10-24T03:31:07.958+0000] {spark_submit.py:492} INFO - 25/10/24 03:31:07 INFO Utils: Successfully started service 'SparkUI' on port 4040.
[2025-10-24T03:31:08.793+0000] {spark_submit.py:492} INFO - 25/10/24 03:31:08 INFO Executor: Starting executor ID driver on host 2ef039423968
[2025-10-24T03:31:08.794+0000] {spark_submit.py:492} INFO - 25/10/24 03:31:08 INFO Executor: OS info Linux, 6.6.87.2-microsoft-standard-WSL2, amd64
[2025-10-24T03:31:08.800+0000] {spark_submit.py:492} INFO - 25/10/24 03:31:08 INFO Executor: Java version 17.0.16
[2025-10-24T03:31:08.828+0000] {spark_submit.py:492} INFO - 25/10/24 03:31:08 INFO Executor: Starting executor with user classpath (userClassPathFirst = false): ''
[2025-10-24T03:31:08.829+0000] {spark_submit.py:492} INFO - 25/10/24 03:31:08 INFO Executor: Created or updated repl class loader org.apache.spark.util.MutableURLClassLoader@36e34fd0 for default.
[2025-10-24T03:31:08.972+0000] {spark_submit.py:492} INFO - 25/10/24 03:31:08 INFO Utils: Successfully started service 'org.apache.spark.network.netty.NettyBlockTransferService' on port 37589.
[2025-10-24T03:31:08.973+0000] {spark_submit.py:492} INFO - 25/10/24 03:31:08 INFO NettyBlockTransferService: Server created on 2ef039423968:37589
[2025-10-24T03:31:08.976+0000] {spark_submit.py:492} INFO - 25/10/24 03:31:08 INFO BlockManager: Using org.apache.spark.storage.RandomBlockReplicationPolicy for block replication policy
[2025-10-24T03:31:08.984+0000] {spark_submit.py:492} INFO - 25/10/24 03:31:08 INFO BlockManagerMaster: Registering BlockManager BlockManagerId(driver, 2ef039423968, 37589, None)
[2025-10-24T03:31:08.989+0000] {spark_submit.py:492} INFO - 25/10/24 03:31:08 INFO BlockManagerMasterEndpoint: Registering block manager 2ef039423968:37589 with 413.9 MiB RAM, BlockManagerId(driver, 2ef039423968, 37589, None)
[2025-10-24T03:31:08.994+0000] {spark_submit.py:492} INFO - 25/10/24 03:31:08 INFO BlockManagerMaster: Registered BlockManager BlockManagerId(driver, 2ef039423968, 37589, None)
[2025-10-24T03:31:08.997+0000] {spark_submit.py:492} INFO - 25/10/24 03:31:08 INFO BlockManager: Initialized BlockManager: BlockManagerId(driver, 2ef039423968, 37589, None)
[2025-10-24T03:31:12.475+0000] {spark_submit.py:492} INFO - 25/10/24 03:31:12 INFO SharedState: Setting hive.metastore.warehouse.dir ('null') to the value of spark.sql.warehouse.dir.
[2025-10-24T03:31:12.497+0000] {spark_submit.py:492} INFO - 25/10/24 03:31:12 INFO SharedState: Warehouse path is 'file:/opt/***/spark-warehouse'.
[2025-10-24T03:31:17.689+0000] {spark_submit.py:492} INFO - 25/10/24 03:31:17 INFO InMemoryFileIndex: It took 325 ms to list leaf files for 1 paths.
[2025-10-24T03:31:18.864+0000] {spark_submit.py:492} INFO - 25/10/24 03:31:18 INFO InMemoryFileIndex: It took 89 ms to list leaf files for 1 paths.
[2025-10-24T03:31:46.747+0000] {spark_submit.py:492} INFO - 25/10/24 03:31:46 INFO FileSourceStrategy: Pushed Filters:
[2025-10-24T03:31:46.804+0000] {spark_submit.py:492} INFO - 25/10/24 03:31:46 INFO FileSourceStrategy: Post-Scan Filters: (length(trim(value#0, None)) > 0)
[2025-10-24T03:31:51.232+0000] {spark_submit.py:492} INFO - 25/10/24 03:31:51 INFO CodeGenerator: Code generated in 1302.675515 ms
[2025-10-24T03:31:51.614+0000] {spark_submit.py:492} INFO - 25/10/24 03:31:51 INFO MemoryStore: Block broadcast_0 stored as values in memory (estimated size 199.6 KiB, free 413.7 MiB)
[2025-10-24T03:31:51.929+0000] {spark_submit.py:492} INFO - 25/10/24 03:31:51 INFO MemoryStore: Block broadcast_0_piece0 stored as bytes in memory (estimated size 34.2 KiB, free 413.7 MiB)
[2025-10-24T03:31:52.006+0000] {spark_submit.py:492} INFO - 25/10/24 03:31:51 INFO BlockManagerInfo: Added broadcast_0_piece0 in memory on 2ef039423968:37589 (size: 34.2 KiB, free: 413.9 MiB)
[2025-10-24T03:31:52.015+0000] {spark_submit.py:492} INFO - 25/10/24 03:31:52 INFO SparkContext: Created broadcast 0 from csv at NativeMethodAccessorImpl.java:0
[2025-10-24T03:31:52.116+0000] {spark_submit.py:492} INFO - 25/10/24 03:31:52 INFO FileSourceScanExec: Planning scan with bin packing, max size: 49020463 bytes, open cost is considered as scanning 4194304 bytes.
[2025-10-24T03:31:53.021+0000] {spark_submit.py:492} INFO - 25/10/24 03:31:53 INFO SparkContext: Starting job: csv at NativeMethodAccessorImpl.java:0
[2025-10-24T03:31:53.229+0000] {spark_submit.py:492} INFO - 25/10/24 03:31:53 INFO DAGScheduler: Got job 0 (csv at NativeMethodAccessorImpl.java:0) with 1 output partitions
[2025-10-24T03:31:53.230+0000] {spark_submit.py:492} INFO - 25/10/24 03:31:53 INFO DAGScheduler: Final stage: ResultStage 0 (csv at NativeMethodAccessorImpl.java:0)
[2025-10-24T03:31:53.231+0000] {spark_submit.py:492} INFO - 25/10/24 03:31:53 INFO DAGScheduler: Parents of final stage: List()
[2025-10-24T03:31:53.306+0000] {spark_submit.py:492} INFO - 25/10/24 03:31:53 INFO DAGScheduler: Missing parents: List()
[2025-10-24T03:31:53.319+0000] {spark_submit.py:492} INFO - 25/10/24 03:31:53 INFO DAGScheduler: Submitting ResultStage 0 (MapPartitionsRDD[3] at csv at NativeMethodAccessorImpl.java:0), which has no missing parents
[2025-10-24T03:31:53.898+0000] {spark_submit.py:492} INFO - 25/10/24 03:31:53 INFO MemoryStore: Block broadcast_1 stored as values in memory (estimated size 13.5 KiB, free 413.7 MiB)
[2025-10-24T03:31:53.905+0000] {spark_submit.py:492} INFO - 25/10/24 03:31:53 INFO MemoryStore: Block broadcast_1_piece0 stored as bytes in memory (estimated size 6.4 KiB, free 413.7 MiB)
[2025-10-24T03:31:53.916+0000] {spark_submit.py:492} INFO - 25/10/24 03:31:53 INFO BlockManagerInfo: Added broadcast_1_piece0 in memory on 2ef039423968:37589 (size: 6.4 KiB, free: 413.9 MiB)
[2025-10-24T03:31:53.921+0000] {spark_submit.py:492} INFO - 25/10/24 03:31:53 INFO SparkContext: Created broadcast 1 from broadcast at DAGScheduler.scala:1585
[2025-10-24T03:31:54.014+0000] {spark_submit.py:492} INFO - 25/10/24 03:31:54 INFO DAGScheduler: Submitting 1 missing tasks from ResultStage 0 (MapPartitionsRDD[3] at csv at NativeMethodAccessorImpl.java:0) (first 15 tasks are for partitions Vector(0))
[2025-10-24T03:31:54.016+0000] {spark_submit.py:492} INFO - 25/10/24 03:31:54 INFO TaskSchedulerImpl: Adding task set 0.0 with 1 tasks resource profile 0
[2025-10-24T03:31:54.230+0000] {spark_submit.py:492} INFO - 25/10/24 03:31:54 INFO TaskSetManager: Starting task 0.0 in stage 0.0 (TID 0) (2ef039423968, executor driver, partition 0, PROCESS_LOCAL, 8232 bytes)
[2025-10-24T03:31:54.315+0000] {spark_submit.py:492} INFO - 25/10/24 03:31:54 INFO Executor: Running task 0.0 in stage 0.0 (TID 0)
[2025-10-24T03:31:55.106+0000] {spark_submit.py:492} INFO - 25/10/24 03:31:55 INFO CodeGenerator: Code generated in 175.340362 ms
[2025-10-24T03:31:55.120+0000] {spark_submit.py:492} INFO - 25/10/24 03:31:55 INFO FileScanRDD: Reading File path: file:///opt/***/include/dfTransjakarta180kRows.csv, range: 0-44826159, partition values: [empty row]
[2025-10-24T03:31:55.298+0000] {spark_submit.py:492} INFO - 25/10/24 03:31:55 INFO CodeGenerator: Code generated in 34.052149 ms
[2025-10-24T03:31:55.806+0000] {spark_submit.py:492} INFO - 25/10/24 03:31:55 INFO Executor: Finished task 0.0 in stage 0.0 (TID 0). 1829 bytes result sent to driver
[2025-10-24T03:31:55.926+0000] {spark_submit.py:492} INFO - 25/10/24 03:31:55 INFO TaskSetManager: Finished task 0.0 in stage 0.0 (TID 0) in 1780 ms on 2ef039423968 (executor driver) (1/1)
[2025-10-24T03:31:55.998+0000] {spark_submit.py:492} INFO - 25/10/24 03:31:55 INFO TaskSchedulerImpl: Removed TaskSet 0.0, whose tasks have all completed, from pool
[2025-10-24T03:31:56.029+0000] {spark_submit.py:492} INFO - 25/10/24 03:31:56 INFO DAGScheduler: ResultStage 0 (csv at NativeMethodAccessorImpl.java:0) finished in 2.607 s
[2025-10-24T03:31:56.108+0000] {spark_submit.py:492} INFO - 25/10/24 03:31:56 INFO DAGScheduler: Job 0 is finished. Cancelling potential speculative or zombie tasks for this job
[2025-10-24T03:31:56.114+0000] {spark_submit.py:492} INFO - 25/10/24 03:31:56 INFO TaskSchedulerImpl: Killing all running tasks in stage 0: Stage finished
[2025-10-24T03:31:56.119+0000] {spark_submit.py:492} INFO - 25/10/24 03:31:56 INFO DAGScheduler: Job 0 finished: csv at NativeMethodAccessorImpl.java:0, took 3.089970 s
[2025-10-24T03:31:56.227+0000] {spark_submit.py:492} INFO - 25/10/24 03:31:56 INFO CodeGenerator: Code generated in 17.61705 ms
[2025-10-24T03:31:56.819+0000] {spark_submit.py:492} INFO - 25/10/24 03:31:56 INFO FileSourceStrategy: Pushed Filters:
[2025-10-24T03:31:56.827+0000] {spark_submit.py:492} INFO - 25/10/24 03:31:56 INFO FileSourceStrategy: Post-Scan Filters:
[2025-10-24T03:31:56.950+0000] {spark_submit.py:492} INFO - 25/10/24 03:31:56 INFO MemoryStore: Block broadcast_2 stored as values in memory (estimated size 199.6 KiB, free 413.5 MiB)
[2025-10-24T03:31:57.034+0000] {spark_submit.py:492} INFO - 25/10/24 03:31:57 INFO MemoryStore: Block broadcast_2_piece0 stored as bytes in memory (estimated size 34.2 KiB, free 413.4 MiB)
[2025-10-24T03:31:57.098+0000] {spark_submit.py:492} INFO - 25/10/24 03:31:57 INFO BlockManagerInfo: Added broadcast_2_piece0 in memory on 2ef039423968:37589 (size: 34.2 KiB, free: 413.9 MiB)
[2025-10-24T03:31:57.109+0000] {spark_submit.py:492} INFO - 25/10/24 03:31:57 INFO SparkContext: Created broadcast 2 from csv at NativeMethodAccessorImpl.java:0
[2025-10-24T03:31:57.114+0000] {spark_submit.py:492} INFO - 25/10/24 03:31:57 INFO FileSourceScanExec: Planning scan with bin packing, max size: 49020463 bytes, open cost is considered as scanning 4194304 bytes.
[2025-10-24T03:31:57.536+0000] {spark_submit.py:492} INFO - 25/10/24 03:31:57 INFO SparkContext: Starting job: csv at NativeMethodAccessorImpl.java:0
[2025-10-24T03:31:57.538+0000] {spark_submit.py:492} INFO - 25/10/24 03:31:57 INFO DAGScheduler: Got job 1 (csv at NativeMethodAccessorImpl.java:0) with 1 output partitions
[2025-10-24T03:31:57.539+0000] {spark_submit.py:492} INFO - 25/10/24 03:31:57 INFO DAGScheduler: Final stage: ResultStage 1 (csv at NativeMethodAccessorImpl.java:0)
[2025-10-24T03:31:57.540+0000] {spark_submit.py:492} INFO - 25/10/24 03:31:57 INFO DAGScheduler: Parents of final stage: List()
[2025-10-24T03:31:57.599+0000] {spark_submit.py:492} INFO - 25/10/24 03:31:57 INFO DAGScheduler: Missing parents: List()
[2025-10-24T03:31:57.601+0000] {spark_submit.py:492} INFO - 25/10/24 03:31:57 INFO DAGScheduler: Submitting ResultStage 1 (MapPartitionsRDD[9] at csv at NativeMethodAccessorImpl.java:0), which has no missing parents
[2025-10-24T03:31:57.826+0000] {spark_submit.py:492} INFO - 25/10/24 03:31:57 INFO MemoryStore: Block broadcast_3 stored as values in memory (estimated size 27.9 KiB, free 413.4 MiB)
[2025-10-24T03:31:57.830+0000] {spark_submit.py:492} INFO - 25/10/24 03:31:57 INFO MemoryStore: Block broadcast_3_piece0 stored as bytes in memory (estimated size 12.8 KiB, free 413.4 MiB)
[2025-10-24T03:31:57.901+0000] {spark_submit.py:492} INFO - 25/10/24 03:31:57 INFO BlockManagerInfo: Added broadcast_3_piece0 in memory on 2ef039423968:37589 (size: 12.8 KiB, free: 413.8 MiB)
[2025-10-24T03:31:57.907+0000] {spark_submit.py:492} INFO - 25/10/24 03:31:57 INFO SparkContext: Created broadcast 3 from broadcast at DAGScheduler.scala:1585
[2025-10-24T03:31:57.919+0000] {spark_submit.py:492} INFO - 25/10/24 03:31:57 INFO DAGScheduler: Submitting 1 missing tasks from ResultStage 1 (MapPartitionsRDD[9] at csv at NativeMethodAccessorImpl.java:0) (first 15 tasks are for partitions Vector(0))
[2025-10-24T03:31:57.928+0000] {spark_submit.py:492} INFO - 25/10/24 03:31:57 INFO TaskSchedulerImpl: Adding task set 1.0 with 1 tasks resource profile 0
[2025-10-24T03:31:57.930+0000] {spark_submit.py:492} INFO - 25/10/24 03:31:57 INFO TaskSetManager: Starting task 0.0 in stage 1.0 (TID 1) (2ef039423968, executor driver, partition 0, PROCESS_LOCAL, 8232 bytes)
[2025-10-24T03:31:57.998+0000] {spark_submit.py:492} INFO - 25/10/24 03:31:57 INFO Executor: Running task 0.0 in stage 1.0 (TID 1)
[2025-10-24T03:31:58.412+0000] {spark_submit.py:492} INFO - 25/10/24 03:31:58 INFO CodeGenerator: Code generated in 82.813406 ms
[2025-10-24T03:31:58.419+0000] {spark_submit.py:492} INFO - 25/10/24 03:31:58 INFO FileScanRDD: Reading File path: file:///opt/***/include/dfTransjakarta180kRows.csv, range: 0-44826159, partition values: [empty row]
[2025-10-24T03:32:16.572+0000] {spark_submit.py:492} INFO - 25/10/24 03:32:16 INFO Executor: Finished task 0.0 in stage 1.0 (TID 1). 1908 bytes result sent to driver
[2025-10-24T03:32:16.615+0000] {spark_submit.py:492} INFO - 25/10/24 03:32:16 INFO TaskSetManager: Finished task 0.0 in stage 1.0 (TID 1) in 18701 ms on 2ef039423968 (executor driver) (1/1)
[2025-10-24T03:32:16.616+0000] {spark_submit.py:492} INFO - 25/10/24 03:32:16 INFO TaskSchedulerImpl: Removed TaskSet 1.0, whose tasks have all completed, from pool
[2025-10-24T03:32:16.620+0000] {spark_submit.py:492} INFO - 25/10/24 03:32:16 INFO DAGScheduler: ResultStage 1 (csv at NativeMethodAccessorImpl.java:0) finished in 19.007 s
[2025-10-24T03:32:16.627+0000] {spark_submit.py:492} INFO - 25/10/24 03:32:16 INFO DAGScheduler: Job 1 is finished. Cancelling potential speculative or zombie tasks for this job
[2025-10-24T03:32:16.628+0000] {spark_submit.py:492} INFO - 25/10/24 03:32:16 INFO TaskSchedulerImpl: Killing all running tasks in stage 1: Stage finished
[2025-10-24T03:32:16.631+0000] {spark_submit.py:492} INFO - 25/10/24 03:32:16 INFO DAGScheduler: Job 1 finished: csv at NativeMethodAccessorImpl.java:0, took 16.364489 s
[2025-10-24T03:32:26.658+0000] {spark_submit.py:492} INFO - Traceback (most recent call last):
[2025-10-24T03:32:26.660+0000] {spark_submit.py:492} INFO - File "/opt/***/include/scripts/load_csv_to_postgres.py", line 76, in <module>
[2025-10-24T03:32:26.673+0000] {spark_submit.py:492} INFO - main()
[2025-10-24T03:32:26.675+0000] {spark_submit.py:492} INFO - File "/opt/***/include/scripts/load_csv_to_postgres.py", line 66, in main
[2025-10-24T03:32:26.678+0000] {spark_submit.py:492} INFO - df.write.jdbc(
[2025-10-24T03:32:26.679+0000] {spark_submit.py:492} INFO - File "/opt/spark/python/lib/pyspark.zip/pyspark/sql/readwriter.py", line 1984, in jdbc
[2025-10-24T03:32:26.734+0000] {spark_submit.py:492} INFO - File "/opt/spark/python/lib/py4j-0.10.9.7-src.zip/py4j/java_gateway.py", line 1322, in __call__
[2025-10-24T03:32:26.736+0000] {spark_submit.py:492} INFO - File "/opt/spark/python/lib/pyspark.zip/pyspark/errors/exceptions/captured.py", line 179, in deco
[2025-10-24T03:32:26.740+0000] {spark_submit.py:492} INFO - File "/opt/spark/python/lib/py4j-0.10.9.7-src.zip/py4j/protocol.py", line 326, in get_return_value
[2025-10-24T03:32:26.770+0000] {spark_submit.py:492} INFO - py4j.protocol.Py4JJavaError: An error occurred while calling o80.jdbc.
[2025-10-24T03:32:26.779+0000] {spark_submit.py:492} INFO - : java.lang.ClassNotFoundException: org.postgresql.Driver
[2025-10-24T03:32:26.780+0000] {spark_submit.py:492} INFO - at java.base/java.net.URLClassLoader.findClass(URLClassLoader.java:445)
[2025-10-24T03:32:26.827+0000] {spark_submit.py:492} INFO - at java.base/java.lang.ClassLoader.loadClass(ClassLoader.java:592)
[2025-10-24T03:32:26.842+0000] {spark_submit.py:492} INFO - at java.base/java.lang.ClassLoader.loadClass(ClassLoader.java:525)
[2025-10-24T03:32:26.856+0000] {spark_submit.py:492} INFO - at org.apache.spark.sql.execution.datasources.jdbc.DriverRegistry$.register(DriverRegistry.scala:46)
[2025-10-24T03:32:26.867+0000] {spark_submit.py:492} INFO - at org.apache.spark.sql.execution.datasources.jdbc.JDBCOptions.$anonfun$driverClass$1(JDBCOptions.scala:103)
[2025-10-24T03:32:26.870+0000] {spark_submit.py:492} INFO - at org.apache.spark.sql.execution.datasources.jdbc.JDBCOptions.$anonfun$driverClass$1$adapted(JDBCOptions.scala:103)
[2025-10-24T03:32:26.929+0000] {spark_submit.py:492} INFO - at scala.Option.foreach(Option.scala:407)
[2025-10-24T03:32:26.934+0000] {spark_submit.py:492} INFO - at org.apache.spark.sql.execution.datasources.jdbc.JDBCOptions.<init>(JDBCOptions.scala:103)
[2025-10-24T03:32:26.935+0000] {spark_submit.py:492} INFO - at org.apache.spark.sql.execution.datasources.jdbc.JdbcOptionsInWrite.<init>(JDBCOptions.scala:254)
[2025-10-24T03:32:26.937+0000] {spark_submit.py:492} INFO - at org.apache.spark.sql.execution.datasources.jdbc.JdbcOptionsInWrite.<init>(JDBCOptions.scala:258)
[2025-10-24T03:32:26.938+0000] {spark_submit.py:492} INFO - at org.apache.spark.sql.execution.datasources.jdbc.JdbcRelationProvider.createRelation(JdbcRelationProvider.scala:47)
[2025-10-24T03:32:26.939+0000] {spark_submit.py:492} INFO - at org.apache.spark.sql.execution.datasources.SaveIntoDataSourceCommand.run(SaveIntoDataSourceCommand.scala:48)
[2025-10-24T03:32:26.941+0000] {spark_submit.py:492} INFO - at org.apache.spark.sql.execution.command.ExecutedCommandExec.sideEffectResult$lzycompute(commands.scala:75)
[2025-10-24T03:32:26.942+0000] {spark_submit.py:492} INFO - at org.apache.spark.sql.execution.command.ExecutedCommandExec.sideEffectResult(commands.scala:73)
[2025-10-24T03:32:26.942+0000] {spark_submit.py:492} INFO - at org.apache.spark.sql.execution.command.ExecutedCommandExec.executeCollect(commands.scala:84)
[2025-10-24T03:32:26.950+0000] {spark_submit.py:492} INFO - at org.apache.spark.sql.execution.QueryExecution$$anonfun$eagerlyExecuteCommands$1.$anonfun$applyOrElse$1(QueryExecution.scala:107)
[2025-10-24T03:32:26.955+0000] {spark_submit.py:492} INFO - at org.apache.spark.sql.execution.SQLExecution$.$anonfun$withNewExecutionId$6(SQLExecution.scala:125)
[2025-10-24T03:32:26.957+0000] {spark_submit.py:492} INFO - at org.apache.spark.sql.execution.SQLExecution$.withSQLConfPropagated(SQLExecution.scala:201)
[2025-10-24T03:32:26.958+0000] {spark_submit.py:492} INFO - at org.apache.spark.sql.execution.SQLExecution$.$anonfun$withNewExecutionId$1(SQLExecution.scala:108)
[2025-10-24T03:32:26.959+0000] {spark_submit.py:492} INFO - at org.apache.spark.sql.SparkSession.withActive(SparkSession.scala:900)
[2025-10-24T03:32:26.960+0000] {spark_submit.py:492} INFO - at org.apache.spark.sql.execution.SQLExecution$.withNewExecutionId(SQLExecution.scala:66)
[2025-10-24T03:32:26.961+0000] {spark_submit.py:492} INFO - at org.apache.spark.sql.execution.QueryExecution$$anonfun$eagerlyExecuteCommands$1.applyOrElse(QueryExecution.scala:107)
[2025-10-24T03:32:26.967+0000] {spark_submit.py:492} INFO - at org.apache.spark.sql.execution.QueryExecution$$anonfun$eagerlyExecuteCommands$1.applyOrElse(QueryExecution.scala:98)
[2025-10-24T03:32:26.969+0000] {spark_submit.py:492} INFO - at org.apache.spark.sql.catalyst.trees.TreeNode.$anonfun$transformDownWithPruning$1(TreeNode.scala:461)
[2025-10-24T03:32:26.972+0000] {spark_submit.py:492} INFO - at org.apache.spark.sql.catalyst.trees.CurrentOrigin$.withOrigin(origin.scala:76)
[2025-10-24T03:32:26.973+0000] {spark_submit.py:492} INFO - at org.apache.spark.sql.catalyst.trees.TreeNode.transformDownWithPruning(TreeNode.scala:461)
[2025-10-24T03:32:26.975+0000] {spark_submit.py:492} INFO - at org.apache.spark.sql.catalyst.plans.logical.LogicalPlan.org$apache$spark$sql$catalyst$plans$logical$AnalysisHelper$$super$transformDownWithPruning(LogicalPlan.scala:32)
[2025-10-24T03:32:26.977+0000] {spark_submit.py:492} INFO - at org.apache.spark.sql.catalyst.plans.logical.AnalysisHelper.transformDownWithPruning(AnalysisHelper.scala:267)
[2025-10-24T03:32:27.027+0000] {spark_submit.py:492} INFO - at org.apache.spark.sql.catalyst.plans.logical.AnalysisHelper.transformDownWithPruning$(AnalysisHelper.scala:263)
[2025-10-24T03:32:27.035+0000] {spark_submit.py:492} INFO - at org.apache.spark.sql.catalyst.plans.logical.LogicalPlan.transformDownWithPruning(LogicalPlan.scala:32)
[2025-10-24T03:32:27.039+0000] {spark_submit.py:492} INFO - at org.apache.spark.sql.catalyst.plans.logical.LogicalPlan.transformDownWithPruning(LogicalPlan.scala:32)
[2025-10-24T03:32:27.041+0000] {spark_submit.py:492} INFO - at org.apache.spark.sql.catalyst.trees.TreeNode.transformDown(TreeNode.scala:437)
[2025-10-24T03:32:27.042+0000] {spark_submit.py:492} INFO - at org.apache.spark.sql.execution.QueryExecution.eagerlyExecuteCommands(QueryExecution.scala:98)
[2025-10-24T03:32:27.043+0000] {spark_submit.py:492} INFO - at org.apache.spark.sql.execution.QueryExecution.commandExecuted$lzycompute(QueryExecution.scala:85)
[2025-10-24T03:32:27.044+0000] {spark_submit.py:492} INFO - at org.apache.spark.sql.execution.QueryExecution.commandExecuted(QueryExecution.scala:83)
[2025-10-24T03:32:27.045+0000] {spark_submit.py:492} INFO - at org.apache.spark.sql.execution.QueryExecution.assertCommandExecuted(QueryExecution.scala:142)
[2025-10-24T03:32:27.046+0000] {spark_submit.py:492} INFO - at org.apache.spark.sql.DataFrameWriter.runCommand(DataFrameWriter.scala:859)
[2025-10-24T03:32:27.047+0000] {spark_submit.py:492} INFO - at org.apache.spark.sql.DataFrameWriter.saveToV1Source(DataFrameWriter.scala:388)
[2025-10-24T03:32:27.049+0000] {spark_submit.py:492} INFO - at org.apache.spark.sql.DataFrameWriter.saveInternal(DataFrameWriter.scala:361)
[2025-10-24T03:32:27.049+0000] {spark_submit.py:492} INFO - at org.apache.spark.sql.DataFrameWriter.save(DataFrameWriter.scala:248)
[2025-10-24T03:32:27.052+0000] {spark_submit.py:492} INFO - at org.apache.spark.sql.DataFrameWriter.jdbc(DataFrameWriter.scala:756)
[2025-10-24T03:32:27.053+0000] {spark_submit.py:492} INFO - at java.base/jdk.internal.reflect.NativeMethodAccessorImpl.invoke0(Native Method)
[2025-10-24T03:32:27.054+0000] {spark_submit.py:492} INFO - at java.base/jdk.internal.reflect.NativeMethodAccessorImpl.invoke(NativeMethodAccessorImpl.java:77)
[2025-10-24T03:32:27.055+0000] {spark_submit.py:492} INFO - at java.base/jdk.internal.reflect.DelegatingMethodAccessorImpl.invoke(DelegatingMethodAccessorImpl.java:43)
[2025-10-24T03:32:27.056+0000] {spark_submit.py:492} INFO - at java.base/java.lang.reflect.Method.invoke(Method.java:569)
[2025-10-24T03:32:27.058+0000] {spark_submit.py:492} INFO - at py4j.reflection.MethodInvoker.invoke(MethodInvoker.java:244)
[2025-10-24T03:32:27.063+0000] {spark_submit.py:492} INFO - at py4j.reflection.ReflectionEngine.invoke(ReflectionEngine.java:374)
[2025-10-24T03:32:27.064+0000] {spark_submit.py:492} INFO - at py4j.Gateway.invoke(Gateway.java:282)
[2025-10-24T03:32:27.127+0000] {spark_submit.py:492} INFO - at py4j.commands.AbstractCommand.invokeMethod(AbstractCommand.java:132)
[2025-10-24T03:32:27.139+0000] {spark_submit.py:492} INFO - at py4j.commands.CallCommand.execute(CallCommand.java:79)
[2025-10-24T03:32:27.140+0000] {spark_submit.py:492} INFO - at py4j.ClientServerConnection.waitForCommands(ClientServerConnection.java:182)
[2025-10-24T03:32:27.141+0000] {spark_submit.py:492} INFO - at py4j.ClientServerConnection.run(ClientServerConnection.java:106)
[2025-10-24T03:32:27.142+0000] {spark_submit.py:492} INFO - at java.base/java.lang.Thread.run(Thread.java:840)
[2025-10-24T03:32:27.145+0000] {spark_submit.py:492} INFO - 
[2025-10-24T03:32:28.346+0000] {spark_submit.py:492} INFO - 25/10/24 03:32:28 INFO SparkContext: Invoking stop() from shutdown hook
[2025-10-24T03:32:28.348+0000] {spark_submit.py:492} INFO - 25/10/24 03:32:28 INFO SparkContext: SparkContext is stopping with exitCode 0.
[2025-10-24T03:32:28.531+0000] {spark_submit.py:492} INFO - 25/10/24 03:32:28 INFO SparkUI: Stopped Spark web UI at http://2ef039423968:4040
[2025-10-24T03:32:28.647+0000] {spark_submit.py:492} INFO - 25/10/24 03:32:28 INFO MapOutputTrackerMasterEndpoint: MapOutputTrackerMasterEndpoint stopped!
[2025-10-24T03:32:28.740+0000] {spark_submit.py:492} INFO - 25/10/24 03:32:28 INFO MemoryStore: MemoryStore cleared
[2025-10-24T03:32:28.742+0000] {spark_submit.py:492} INFO - 25/10/24 03:32:28 INFO BlockManager: BlockManager stopped
[2025-10-24T03:32:28.758+0000] {spark_submit.py:492} INFO - 25/10/24 03:32:28 INFO BlockManagerMaster: BlockManagerMaster stopped
[2025-10-24T03:32:28.762+0000] {spark_submit.py:492} INFO - 25/10/24 03:32:28 INFO OutputCommitCoordinator$OutputCommitCoordinatorEndpoint: OutputCommitCoordinator stopped!
[2025-10-24T03:32:28.831+0000] {spark_submit.py:492} INFO - 25/10/24 03:32:28 INFO SparkContext: Successfully stopped SparkContext
[2025-10-24T03:32:28.832+0000] {spark_submit.py:492} INFO - 25/10/24 03:32:28 INFO ShutdownHookManager: Shutdown hook called
[2025-10-24T03:32:28.833+0000] {spark_submit.py:492} INFO - 25/10/24 03:32:28 INFO ShutdownHookManager: Deleting directory /tmp/spark-43246064-fddf-471d-af9c-bdd5487c31c9
[2025-10-24T03:32:28.844+0000] {spark_submit.py:492} INFO - 25/10/24 03:32:28 INFO ShutdownHookManager: Deleting directory /tmp/spark-d7df5d48-e3e3-464d-b367-6cbc24183025
[2025-10-24T03:32:28.855+0000] {spark_submit.py:492} INFO - 25/10/24 03:32:28 INFO ShutdownHookManager: Deleting directory /tmp/spark-43246064-fddf-471d-af9c-bdd5487c31c9/pyspark-b7c446cb-5085-45d5-b8ca-b85465cecf7a
[2025-10-24T03:32:29.384+0000] {taskinstance.py:2698} ERROR - Task failed with exception
Traceback (most recent call last):
  File "/home/airflow/.local/lib/python3.8/site-packages/airflow/models/taskinstance.py", line 433, in _execute_task
    result = execute_callable(context=context, **execute_callable_kwargs)
  File "/home/airflow/.local/lib/python3.8/site-packages/airflow/providers/apache/spark/operators/spark_submit.py", line 157, in execute
    self._hook.submit(self._application)
  File "/home/airflow/.local/lib/python3.8/site-packages/airflow/providers/apache/spark/hooks/spark_submit.py", line 423, in submit
    raise AirflowException(
airflow.exceptions.AirflowException: Cannot execute: spark-submit --master local --name arrow-spark --verbose /opt/***/include/scripts/load_csv_to_postgres.py. Error code is: 1.
[2025-10-24T03:32:29.428+0000] {taskinstance.py:1138} INFO - Marking task as FAILED. dag_id=load_csv_to_postgres_dag, task_id=spark_load_csv_to_postgres, execution_date=20251024T033009, start_date=20251024T033017, end_date=20251024T033229
[2025-10-24T03:32:29.558+0000] {standard_task_runner.py:107} ERROR - Failed to execute job 186 for task spark_load_csv_to_postgres (Cannot execute: spark-submit --master local --name arrow-spark --verbose /opt/***/include/scripts/load_csv_to_postgres.py. Error code is: 1.; 1947)
[2025-10-24T03:32:29.627+0000] {local_task_job_runner.py:234} INFO - Task exited with return code 1
[2025-10-24T03:32:29.668+0000] {taskinstance.py:3280} INFO - 0 downstream tasks scheduled from follow-on schedule check
