[2025-10-31T01:48:49.587+0000] {processor.py:161} INFO - Started process (PID=60) to work on /opt/airflow/dags/dag_csv_to_postgres_dag.py
[2025-10-31T01:48:49.630+0000] {processor.py:830} INFO - Processing file /opt/airflow/dags/dag_csv_to_postgres_dag.py for tasks to queue
[2025-10-31T01:48:49.660+0000] {logging_mixin.py:188} INFO - [2025-10-31T01:48:49.659+0000] {dagbag.py:538} INFO - Filling up the DagBag from /opt/airflow/dags/dag_csv_to_postgres_dag.py
[2025-10-31T01:48:49.835+0000] {processor.py:840} INFO - DAG(s) 'load_csv_to_postgres' retrieved from /opt/airflow/dags/dag_csv_to_postgres_dag.py
[2025-10-31T01:48:51.138+0000] {logging_mixin.py:188} INFO - [2025-10-31T01:48:51.137+0000] {dag.py:3036} INFO - Sync 1 DAGs
[2025-10-31T01:48:51.345+0000] {logging_mixin.py:188} INFO - [2025-10-31T01:48:51.345+0000] {dag.py:3823} INFO - Setting next_dagrun for load_csv_to_postgres to None, run_after=None
[2025-10-31T01:48:51.772+0000] {processor.py:183} INFO - Processing /opt/airflow/dags/dag_csv_to_postgres_dag.py took 2.203 seconds
[2025-10-31T01:49:31.432+0000] {processor.py:161} INFO - Started process (PID=72) to work on /opt/airflow/dags/dag_csv_to_postgres_dag.py
[2025-10-31T01:49:31.553+0000] {processor.py:830} INFO - Processing file /opt/airflow/dags/dag_csv_to_postgres_dag.py for tasks to queue
[2025-10-31T01:49:31.621+0000] {logging_mixin.py:188} INFO - [2025-10-31T01:49:31.620+0000] {dagbag.py:538} INFO - Filling up the DagBag from /opt/airflow/dags/dag_csv_to_postgres_dag.py
[2025-10-31T01:49:32.396+0000] {processor.py:840} INFO - DAG(s) 'load_csv_to_postgres' retrieved from /opt/airflow/dags/dag_csv_to_postgres_dag.py
[2025-10-31T01:49:33.243+0000] {logging_mixin.py:188} INFO - [2025-10-31T01:49:33.242+0000] {dag.py:3036} INFO - Sync 1 DAGs
[2025-10-31T01:49:33.734+0000] {logging_mixin.py:188} INFO - [2025-10-31T01:49:33.734+0000] {dag.py:3823} INFO - Setting next_dagrun for load_csv_to_postgres to None, run_after=None
[2025-10-31T01:49:34.234+0000] {processor.py:183} INFO - Processing /opt/airflow/dags/dag_csv_to_postgres_dag.py took 3.362 seconds
[2025-10-31T01:50:13.317+0000] {processor.py:161} INFO - Started process (PID=81) to work on /opt/airflow/dags/dag_csv_to_postgres_dag.py
[2025-10-31T01:50:15.088+0000] {processor.py:830} INFO - Processing file /opt/airflow/dags/dag_csv_to_postgres_dag.py for tasks to queue
[2025-10-31T01:50:15.978+0000] {logging_mixin.py:188} INFO - [2025-10-31T01:50:15.952+0000] {dagbag.py:538} INFO - Filling up the DagBag from /opt/airflow/dags/dag_csv_to_postgres_dag.py
[2025-10-31T01:50:18.085+0000] {processor.py:840} INFO - DAG(s) 'load_csv_to_postgres' retrieved from /opt/airflow/dags/dag_csv_to_postgres_dag.py
[2025-10-31T01:50:22.336+0000] {logging_mixin.py:188} INFO - [2025-10-31T01:50:22.323+0000] {dag.py:3036} INFO - Sync 1 DAGs
[2025-10-31T01:50:24.463+0000] {logging_mixin.py:188} INFO - [2025-10-31T01:50:24.462+0000] {dag.py:3823} INFO - Setting next_dagrun for load_csv_to_postgres to None, run_after=None
[2025-10-31T01:50:26.232+0000] {processor.py:183} INFO - Processing /opt/airflow/dags/dag_csv_to_postgres_dag.py took 12.790 seconds
[2025-10-31T01:50:57.164+0000] {processor.py:161} INFO - Started process (PID=93) to work on /opt/airflow/dags/dag_csv_to_postgres_dag.py
[2025-10-31T01:50:57.178+0000] {processor.py:830} INFO - Processing file /opt/airflow/dags/dag_csv_to_postgres_dag.py for tasks to queue
[2025-10-31T01:50:57.181+0000] {logging_mixin.py:188} INFO - [2025-10-31T01:50:57.180+0000] {dagbag.py:538} INFO - Filling up the DagBag from /opt/airflow/dags/dag_csv_to_postgres_dag.py
[2025-10-31T01:50:57.308+0000] {processor.py:840} INFO - DAG(s) 'load_csv_to_postgres' retrieved from /opt/airflow/dags/dag_csv_to_postgres_dag.py
[2025-10-31T01:50:57.725+0000] {logging_mixin.py:188} INFO - [2025-10-31T01:50:57.725+0000] {dag.py:3036} INFO - Sync 1 DAGs
[2025-10-31T01:50:57.944+0000] {logging_mixin.py:188} INFO - [2025-10-31T01:50:57.943+0000] {dag.py:3823} INFO - Setting next_dagrun for load_csv_to_postgres to None, run_after=None
[2025-10-31T01:50:58.252+0000] {processor.py:183} INFO - Processing /opt/airflow/dags/dag_csv_to_postgres_dag.py took 1.144 seconds
[2025-10-31T01:52:13.336+0000] {processor.py:161} INFO - Started process (PID=117) to work on /opt/airflow/dags/dag_csv_to_postgres_dag.py
[2025-10-31T01:52:14.731+0000] {processor.py:830} INFO - Processing file /opt/airflow/dags/dag_csv_to_postgres_dag.py for tasks to queue
[2025-10-31T01:52:14.803+0000] {logging_mixin.py:188} INFO - [2025-10-31T01:52:14.792+0000] {dagbag.py:538} INFO - Filling up the DagBag from /opt/airflow/dags/dag_csv_to_postgres_dag.py
[2025-10-31T01:52:15.932+0000] {processor.py:840} INFO - DAG(s) 'load_csv_to_postgres' retrieved from /opt/airflow/dags/dag_csv_to_postgres_dag.py
[2025-10-31T01:52:19.736+0000] {logging_mixin.py:188} INFO - [2025-10-31T01:52:19.736+0000] {dag.py:3036} INFO - Sync 1 DAGs
[2025-10-31T01:52:20.143+0000] {logging_mixin.py:188} INFO - [2025-10-31T01:52:20.142+0000] {dag.py:3823} INFO - Setting next_dagrun for load_csv_to_postgres to None, run_after=None
[2025-10-31T01:52:22.897+0000] {processor.py:183} INFO - Processing /opt/airflow/dags/dag_csv_to_postgres_dag.py took 8.677 seconds
[2025-10-31T01:53:49.048+0000] {processor.py:161} INFO - Started process (PID=134) to work on /opt/airflow/dags/dag_csv_to_postgres_dag.py
[2025-10-31T01:53:49.166+0000] {processor.py:830} INFO - Processing file /opt/airflow/dags/dag_csv_to_postgres_dag.py for tasks to queue
[2025-10-31T01:53:49.407+0000] {logging_mixin.py:188} INFO - [2025-10-31T01:53:49.209+0000] {dagbag.py:538} INFO - Filling up the DagBag from /opt/airflow/dags/dag_csv_to_postgres_dag.py
[2025-10-31T01:53:52.988+0000] {processor.py:840} INFO - DAG(s) 'load_csv_to_postgres' retrieved from /opt/airflow/dags/dag_csv_to_postgres_dag.py
[2025-10-31T01:53:55.383+0000] {logging_mixin.py:188} INFO - [2025-10-31T01:53:55.382+0000] {dag.py:3036} INFO - Sync 1 DAGs
[2025-10-31T01:53:55.637+0000] {logging_mixin.py:188} INFO - [2025-10-31T01:53:55.636+0000] {dag.py:3823} INFO - Setting next_dagrun for load_csv_to_postgres to None, run_after=None
[2025-10-31T01:53:56.116+0000] {processor.py:183} INFO - Processing /opt/airflow/dags/dag_csv_to_postgres_dag.py took 6.384 seconds
[2025-10-31T02:01:31.405+0000] {processor.py:161} INFO - Started process (PID=57) to work on /opt/airflow/dags/dag_csv_to_postgres_dag.py
[2025-10-31T02:01:31.415+0000] {processor.py:830} INFO - Processing file /opt/airflow/dags/dag_csv_to_postgres_dag.py for tasks to queue
[2025-10-31T02:01:31.453+0000] {logging_mixin.py:188} INFO - [2025-10-31T02:01:31.452+0000] {dagbag.py:538} INFO - Filling up the DagBag from /opt/airflow/dags/dag_csv_to_postgres_dag.py
[2025-10-31T02:01:31.661+0000] {processor.py:840} INFO - DAG(s) 'load_csv_to_postgres' retrieved from /opt/airflow/dags/dag_csv_to_postgres_dag.py
[2025-10-31T02:01:33.442+0000] {logging_mixin.py:188} INFO - [2025-10-31T02:01:33.442+0000] {dag.py:3036} INFO - Sync 1 DAGs
[2025-10-31T02:01:33.656+0000] {logging_mixin.py:188} INFO - [2025-10-31T02:01:33.656+0000] {dag.py:3823} INFO - Setting next_dagrun for load_csv_to_postgres to None, run_after=None
[2025-10-31T02:01:34.045+0000] {processor.py:183} INFO - Processing /opt/airflow/dags/dag_csv_to_postgres_dag.py took 2.667 seconds
[2025-10-31T02:02:04.772+0000] {processor.py:161} INFO - Started process (PID=77) to work on /opt/airflow/dags/dag_csv_to_postgres_dag.py
[2025-10-31T02:02:04.797+0000] {processor.py:830} INFO - Processing file /opt/airflow/dags/dag_csv_to_postgres_dag.py for tasks to queue
[2025-10-31T02:02:04.810+0000] {logging_mixin.py:188} INFO - [2025-10-31T02:02:04.809+0000] {dagbag.py:538} INFO - Filling up the DagBag from /opt/airflow/dags/dag_csv_to_postgres_dag.py
[2025-10-31T02:02:04.912+0000] {processor.py:840} INFO - DAG(s) 'load_csv_to_postgres' retrieved from /opt/airflow/dags/dag_csv_to_postgres_dag.py
[2025-10-31T02:02:05.037+0000] {logging_mixin.py:188} INFO - [2025-10-31T02:02:05.037+0000] {dag.py:3036} INFO - Sync 1 DAGs
[2025-10-31T02:02:05.093+0000] {logging_mixin.py:188} INFO - [2025-10-31T02:02:05.092+0000] {dag.py:3823} INFO - Setting next_dagrun for load_csv_to_postgres to None, run_after=None
[2025-10-31T02:02:05.250+0000] {processor.py:183} INFO - Processing /opt/airflow/dags/dag_csv_to_postgres_dag.py took 0.500 seconds
[2025-10-31T02:02:36.997+0000] {processor.py:161} INFO - Started process (PID=90) to work on /opt/airflow/dags/dag_csv_to_postgres_dag.py
[2025-10-31T02:02:37.011+0000] {processor.py:830} INFO - Processing file /opt/airflow/dags/dag_csv_to_postgres_dag.py for tasks to queue
[2025-10-31T02:02:37.029+0000] {logging_mixin.py:188} INFO - [2025-10-31T02:02:37.028+0000] {dagbag.py:538} INFO - Filling up the DagBag from /opt/airflow/dags/dag_csv_to_postgres_dag.py
[2025-10-31T02:02:37.353+0000] {processor.py:840} INFO - DAG(s) 'load_csv_to_postgres' retrieved from /opt/airflow/dags/dag_csv_to_postgres_dag.py
[2025-10-31T02:02:37.640+0000] {logging_mixin.py:188} INFO - [2025-10-31T02:02:37.640+0000] {dag.py:3036} INFO - Sync 1 DAGs
[2025-10-31T02:02:37.834+0000] {logging_mixin.py:188} INFO - [2025-10-31T02:02:37.833+0000] {dag.py:3823} INFO - Setting next_dagrun for load_csv_to_postgres to None, run_after=None
[2025-10-31T02:02:38.243+0000] {processor.py:183} INFO - Processing /opt/airflow/dags/dag_csv_to_postgres_dag.py took 1.273 seconds
[2025-10-31T02:03:10.910+0000] {processor.py:161} INFO - Started process (PID=102) to work on /opt/airflow/dags/dag_csv_to_postgres_dag.py
[2025-10-31T02:03:11.006+0000] {processor.py:830} INFO - Processing file /opt/airflow/dags/dag_csv_to_postgres_dag.py for tasks to queue
[2025-10-31T02:03:11.054+0000] {logging_mixin.py:188} INFO - [2025-10-31T02:03:11.054+0000] {dagbag.py:538} INFO - Filling up the DagBag from /opt/airflow/dags/dag_csv_to_postgres_dag.py
[2025-10-31T02:03:11.287+0000] {processor.py:840} INFO - DAG(s) 'load_csv_to_postgres' retrieved from /opt/airflow/dags/dag_csv_to_postgres_dag.py
[2025-10-31T02:03:11.521+0000] {logging_mixin.py:188} INFO - [2025-10-31T02:03:11.520+0000] {dag.py:3036} INFO - Sync 1 DAGs
[2025-10-31T02:03:11.624+0000] {logging_mixin.py:188} INFO - [2025-10-31T02:03:11.624+0000] {dag.py:3823} INFO - Setting next_dagrun for load_csv_to_postgres to None, run_after=None
[2025-10-31T02:03:11.749+0000] {processor.py:183} INFO - Processing /opt/airflow/dags/dag_csv_to_postgres_dag.py took 0.855 seconds
[2025-10-31T02:03:43.248+0000] {processor.py:161} INFO - Started process (PID=113) to work on /opt/airflow/dags/dag_csv_to_postgres_dag.py
[2025-10-31T02:03:43.324+0000] {processor.py:830} INFO - Processing file /opt/airflow/dags/dag_csv_to_postgres_dag.py for tasks to queue
[2025-10-31T02:03:43.372+0000] {logging_mixin.py:188} INFO - [2025-10-31T02:03:43.370+0000] {dagbag.py:538} INFO - Filling up the DagBag from /opt/airflow/dags/dag_csv_to_postgres_dag.py
[2025-10-31T02:03:43.714+0000] {processor.py:840} INFO - DAG(s) 'load_csv_to_postgres' retrieved from /opt/airflow/dags/dag_csv_to_postgres_dag.py
[2025-10-31T02:03:44.020+0000] {logging_mixin.py:188} INFO - [2025-10-31T02:03:44.020+0000] {dag.py:3036} INFO - Sync 1 DAGs
[2025-10-31T02:03:44.149+0000] {logging_mixin.py:188} INFO - [2025-10-31T02:03:44.148+0000] {dag.py:3823} INFO - Setting next_dagrun for load_csv_to_postgres to None, run_after=None
[2025-10-31T02:03:44.503+0000] {processor.py:183} INFO - Processing /opt/airflow/dags/dag_csv_to_postgres_dag.py took 1.286 seconds
[2025-10-31T02:04:15.571+0000] {processor.py:161} INFO - Started process (PID=125) to work on /opt/airflow/dags/dag_csv_to_postgres_dag.py
[2025-10-31T02:04:15.574+0000] {processor.py:830} INFO - Processing file /opt/airflow/dags/dag_csv_to_postgres_dag.py for tasks to queue
[2025-10-31T02:04:15.579+0000] {logging_mixin.py:188} INFO - [2025-10-31T02:04:15.579+0000] {dagbag.py:538} INFO - Filling up the DagBag from /opt/airflow/dags/dag_csv_to_postgres_dag.py
[2025-10-31T02:04:15.646+0000] {processor.py:840} INFO - DAG(s) 'load_csv_to_postgres' retrieved from /opt/airflow/dags/dag_csv_to_postgres_dag.py
[2025-10-31T02:04:15.851+0000] {logging_mixin.py:188} INFO - [2025-10-31T02:04:15.851+0000] {dag.py:3036} INFO - Sync 1 DAGs
[2025-10-31T02:04:15.926+0000] {logging_mixin.py:188} INFO - [2025-10-31T02:04:15.926+0000] {dag.py:3823} INFO - Setting next_dagrun for load_csv_to_postgres to None, run_after=None
[2025-10-31T02:04:16.093+0000] {processor.py:183} INFO - Processing /opt/airflow/dags/dag_csv_to_postgres_dag.py took 0.550 seconds
[2025-10-31T02:04:46.999+0000] {processor.py:161} INFO - Started process (PID=137) to work on /opt/airflow/dags/dag_csv_to_postgres_dag.py
[2025-10-31T02:04:47.025+0000] {processor.py:830} INFO - Processing file /opt/airflow/dags/dag_csv_to_postgres_dag.py for tasks to queue
[2025-10-31T02:04:47.044+0000] {logging_mixin.py:188} INFO - [2025-10-31T02:04:47.043+0000] {dagbag.py:538} INFO - Filling up the DagBag from /opt/airflow/dags/dag_csv_to_postgres_dag.py
[2025-10-31T02:04:47.767+0000] {processor.py:840} INFO - DAG(s) 'load_csv_to_postgres' retrieved from /opt/airflow/dags/dag_csv_to_postgres_dag.py
[2025-10-31T02:04:47.984+0000] {logging_mixin.py:188} INFO - [2025-10-31T02:04:47.983+0000] {dag.py:3036} INFO - Sync 1 DAGs
[2025-10-31T02:04:48.060+0000] {logging_mixin.py:188} INFO - [2025-10-31T02:04:48.058+0000] {dag.py:3823} INFO - Setting next_dagrun for load_csv_to_postgres to None, run_after=None
[2025-10-31T02:04:48.298+0000] {processor.py:183} INFO - Processing /opt/airflow/dags/dag_csv_to_postgres_dag.py took 1.320 seconds
[2025-10-31T02:05:18.661+0000] {processor.py:161} INFO - Started process (PID=149) to work on /opt/airflow/dags/dag_csv_to_postgres_dag.py
[2025-10-31T02:05:18.667+0000] {processor.py:830} INFO - Processing file /opt/airflow/dags/dag_csv_to_postgres_dag.py for tasks to queue
[2025-10-31T02:05:18.672+0000] {logging_mixin.py:188} INFO - [2025-10-31T02:05:18.671+0000] {dagbag.py:538} INFO - Filling up the DagBag from /opt/airflow/dags/dag_csv_to_postgres_dag.py
[2025-10-31T02:05:18.722+0000] {processor.py:840} INFO - DAG(s) 'load_csv_to_postgres' retrieved from /opt/airflow/dags/dag_csv_to_postgres_dag.py
[2025-10-31T02:05:19.786+0000] {logging_mixin.py:188} INFO - [2025-10-31T02:05:19.785+0000] {dag.py:3036} INFO - Sync 1 DAGs
[2025-10-31T02:05:20.101+0000] {logging_mixin.py:188} INFO - [2025-10-31T02:05:20.100+0000] {dag.py:3823} INFO - Setting next_dagrun for load_csv_to_postgres to None, run_after=None
[2025-10-31T02:05:20.361+0000] {processor.py:183} INFO - Processing /opt/airflow/dags/dag_csv_to_postgres_dag.py took 1.727 seconds
[2025-10-31T02:06:13.389+0000] {processor.py:161} INFO - Started process (PID=167) to work on /opt/airflow/dags/dag_csv_to_postgres_dag.py
[2025-10-31T02:06:13.433+0000] {processor.py:830} INFO - Processing file /opt/airflow/dags/dag_csv_to_postgres_dag.py for tasks to queue
[2025-10-31T02:06:13.440+0000] {logging_mixin.py:188} INFO - [2025-10-31T02:06:13.439+0000] {dagbag.py:538} INFO - Filling up the DagBag from /opt/airflow/dags/dag_csv_to_postgres_dag.py
[2025-10-31T02:06:13.496+0000] {processor.py:840} INFO - DAG(s) 'load_csv_to_postgres' retrieved from /opt/airflow/dags/dag_csv_to_postgres_dag.py
[2025-10-31T02:06:13.667+0000] {logging_mixin.py:188} INFO - [2025-10-31T02:06:13.666+0000] {dag.py:3036} INFO - Sync 1 DAGs
[2025-10-31T02:06:13.730+0000] {logging_mixin.py:188} INFO - [2025-10-31T02:06:13.729+0000] {dag.py:3823} INFO - Setting next_dagrun for load_csv_to_postgres to None, run_after=None
[2025-10-31T02:06:13.890+0000] {processor.py:183} INFO - Processing /opt/airflow/dags/dag_csv_to_postgres_dag.py took 0.508 seconds
[2025-10-31T02:06:57.878+0000] {processor.py:161} INFO - Started process (PID=178) to work on /opt/airflow/dags/dag_csv_to_postgres_dag.py
[2025-10-31T02:06:57.921+0000] {processor.py:830} INFO - Processing file /opt/airflow/dags/dag_csv_to_postgres_dag.py for tasks to queue
[2025-10-31T02:06:58.741+0000] {logging_mixin.py:188} INFO - [2025-10-31T02:06:58.665+0000] {dagbag.py:538} INFO - Filling up the DagBag from /opt/airflow/dags/dag_csv_to_postgres_dag.py
[2025-10-31T02:07:01.221+0000] {processor.py:840} INFO - DAG(s) 'load_csv_to_postgres' retrieved from /opt/airflow/dags/dag_csv_to_postgres_dag.py
[2025-10-31T02:07:05.966+0000] {logging_mixin.py:188} INFO - [2025-10-31T02:07:05.965+0000] {dag.py:3036} INFO - Sync 1 DAGs
[2025-10-31T02:07:07.149+0000] {logging_mixin.py:188} INFO - [2025-10-31T02:07:07.149+0000] {dag.py:3823} INFO - Setting next_dagrun for load_csv_to_postgres to None, run_after=None
[2025-10-31T02:07:09.234+0000] {processor.py:183} INFO - Processing /opt/airflow/dags/dag_csv_to_postgres_dag.py took 11.838 seconds
[2025-10-31T02:07:43.489+0000] {processor.py:161} INFO - Started process (PID=189) to work on /opt/airflow/dags/dag_csv_to_postgres_dag.py
[2025-10-31T02:07:43.509+0000] {processor.py:830} INFO - Processing file /opt/airflow/dags/dag_csv_to_postgres_dag.py for tasks to queue
[2025-10-31T02:07:43.532+0000] {logging_mixin.py:188} INFO - [2025-10-31T02:07:43.531+0000] {dagbag.py:538} INFO - Filling up the DagBag from /opt/airflow/dags/dag_csv_to_postgres_dag.py
[2025-10-31T02:07:44.739+0000] {processor.py:840} INFO - DAG(s) 'load_csv_to_postgres' retrieved from /opt/airflow/dags/dag_csv_to_postgres_dag.py
[2025-10-31T02:07:45.411+0000] {logging_mixin.py:188} INFO - [2025-10-31T02:07:45.410+0000] {dag.py:3036} INFO - Sync 1 DAGs
[2025-10-31T02:07:46.040+0000] {logging_mixin.py:188} INFO - [2025-10-31T02:07:46.036+0000] {dag.py:3823} INFO - Setting next_dagrun for load_csv_to_postgres to None, run_after=None
[2025-10-31T02:07:46.514+0000] {processor.py:183} INFO - Processing /opt/airflow/dags/dag_csv_to_postgres_dag.py took 3.063 seconds
[2025-10-31T02:08:24.205+0000] {processor.py:161} INFO - Started process (PID=207) to work on /opt/airflow/dags/dag_csv_to_postgres_dag.py
[2025-10-31T02:08:24.211+0000] {processor.py:830} INFO - Processing file /opt/airflow/dags/dag_csv_to_postgres_dag.py for tasks to queue
[2025-10-31T02:08:24.217+0000] {logging_mixin.py:188} INFO - [2025-10-31T02:08:24.216+0000] {dagbag.py:538} INFO - Filling up the DagBag from /opt/airflow/dags/dag_csv_to_postgres_dag.py
[2025-10-31T02:08:24.512+0000] {processor.py:840} INFO - DAG(s) 'load_csv_to_postgres' retrieved from /opt/airflow/dags/dag_csv_to_postgres_dag.py
[2025-10-31T02:08:25.692+0000] {logging_mixin.py:188} INFO - [2025-10-31T02:08:25.691+0000] {dag.py:3036} INFO - Sync 1 DAGs
[2025-10-31T02:08:26.939+0000] {logging_mixin.py:188} INFO - [2025-10-31T02:08:26.938+0000] {dag.py:3823} INFO - Setting next_dagrun for load_csv_to_postgres to None, run_after=None
[2025-10-31T02:08:27.429+0000] {processor.py:183} INFO - Processing /opt/airflow/dags/dag_csv_to_postgres_dag.py took 3.240 seconds
[2025-10-31T02:09:00.020+0000] {processor.py:161} INFO - Started process (PID=217) to work on /opt/airflow/dags/dag_csv_to_postgres_dag.py
[2025-10-31T02:09:00.216+0000] {processor.py:830} INFO - Processing file /opt/airflow/dags/dag_csv_to_postgres_dag.py for tasks to queue
[2025-10-31T02:09:00.252+0000] {logging_mixin.py:188} INFO - [2025-10-31T02:09:00.235+0000] {dagbag.py:538} INFO - Filling up the DagBag from /opt/airflow/dags/dag_csv_to_postgres_dag.py
[2025-10-31T02:09:02.901+0000] {processor.py:840} INFO - DAG(s) 'load_csv_to_postgres' retrieved from /opt/airflow/dags/dag_csv_to_postgres_dag.py
[2025-10-31T02:09:05.390+0000] {logging_mixin.py:188} INFO - [2025-10-31T02:09:05.390+0000] {dag.py:3036} INFO - Sync 1 DAGs
[2025-10-31T02:09:05.939+0000] {logging_mixin.py:188} INFO - [2025-10-31T02:09:05.939+0000] {dag.py:3823} INFO - Setting next_dagrun for load_csv_to_postgres to None, run_after=None
[2025-10-31T02:09:06.327+0000] {processor.py:183} INFO - Processing /opt/airflow/dags/dag_csv_to_postgres_dag.py took 5.277 seconds
[2025-10-31T02:09:46.648+0000] {processor.py:161} INFO - Started process (PID=229) to work on /opt/airflow/dags/dag_csv_to_postgres_dag.py
[2025-10-31T02:09:46.662+0000] {processor.py:830} INFO - Processing file /opt/airflow/dags/dag_csv_to_postgres_dag.py for tasks to queue
[2025-10-31T02:09:46.681+0000] {logging_mixin.py:188} INFO - [2025-10-31T02:09:46.679+0000] {dagbag.py:538} INFO - Filling up the DagBag from /opt/airflow/dags/dag_csv_to_postgres_dag.py
[2025-10-31T02:09:46.828+0000] {processor.py:840} INFO - DAG(s) 'load_csv_to_postgres' retrieved from /opt/airflow/dags/dag_csv_to_postgres_dag.py
[2025-10-31T02:09:48.514+0000] {logging_mixin.py:188} INFO - [2025-10-31T02:09:48.513+0000] {dag.py:3036} INFO - Sync 1 DAGs
[2025-10-31T02:09:48.749+0000] {logging_mixin.py:188} INFO - [2025-10-31T02:09:48.748+0000] {dag.py:3823} INFO - Setting next_dagrun for load_csv_to_postgres to None, run_after=None
[2025-10-31T02:09:50.725+0000] {processor.py:183} INFO - Processing /opt/airflow/dags/dag_csv_to_postgres_dag.py took 4.098 seconds
[2025-10-31T02:10:21.693+0000] {processor.py:161} INFO - Started process (PID=239) to work on /opt/airflow/dags/dag_csv_to_postgres_dag.py
[2025-10-31T02:10:21.695+0000] {processor.py:830} INFO - Processing file /opt/airflow/dags/dag_csv_to_postgres_dag.py for tasks to queue
[2025-10-31T02:10:21.700+0000] {logging_mixin.py:188} INFO - [2025-10-31T02:10:21.698+0000] {dagbag.py:538} INFO - Filling up the DagBag from /opt/airflow/dags/dag_csv_to_postgres_dag.py
[2025-10-31T02:10:21.791+0000] {processor.py:840} INFO - DAG(s) 'load_csv_to_postgres' retrieved from /opt/airflow/dags/dag_csv_to_postgres_dag.py
[2025-10-31T02:10:21.867+0000] {logging_mixin.py:188} INFO - [2025-10-31T02:10:21.867+0000] {dag.py:3036} INFO - Sync 1 DAGs
[2025-10-31T02:10:21.897+0000] {logging_mixin.py:188} INFO - [2025-10-31T02:10:21.897+0000] {dag.py:3823} INFO - Setting next_dagrun for load_csv_to_postgres to None, run_after=None
[2025-10-31T02:10:22.680+0000] {processor.py:183} INFO - Processing /opt/airflow/dags/dag_csv_to_postgres_dag.py took 0.997 seconds
[2025-10-31T02:10:54.077+0000] {processor.py:161} INFO - Started process (PID=251) to work on /opt/airflow/dags/dag_csv_to_postgres_dag.py
[2025-10-31T02:10:54.179+0000] {processor.py:830} INFO - Processing file /opt/airflow/dags/dag_csv_to_postgres_dag.py for tasks to queue
[2025-10-31T02:10:54.218+0000] {logging_mixin.py:188} INFO - [2025-10-31T02:10:54.217+0000] {dagbag.py:538} INFO - Filling up the DagBag from /opt/airflow/dags/dag_csv_to_postgres_dag.py
[2025-10-31T02:10:54.546+0000] {processor.py:840} INFO - DAG(s) 'load_csv_to_postgres' retrieved from /opt/airflow/dags/dag_csv_to_postgres_dag.py
[2025-10-31T02:10:55.870+0000] {logging_mixin.py:188} INFO - [2025-10-31T02:10:55.870+0000] {dag.py:3036} INFO - Sync 1 DAGs
[2025-10-31T02:10:57.383+0000] {logging_mixin.py:188} INFO - [2025-10-31T02:10:57.383+0000] {dag.py:3823} INFO - Setting next_dagrun for load_csv_to_postgres to None, run_after=None
[2025-10-31T02:10:57.626+0000] {processor.py:183} INFO - Processing /opt/airflow/dags/dag_csv_to_postgres_dag.py took 3.560 seconds
[2025-10-31T02:11:28.095+0000] {processor.py:161} INFO - Started process (PID=260) to work on /opt/airflow/dags/dag_csv_to_postgres_dag.py
[2025-10-31T02:11:28.121+0000] {processor.py:830} INFO - Processing file /opt/airflow/dags/dag_csv_to_postgres_dag.py for tasks to queue
[2025-10-31T02:11:28.125+0000] {logging_mixin.py:188} INFO - [2025-10-31T02:11:28.124+0000] {dagbag.py:538} INFO - Filling up the DagBag from /opt/airflow/dags/dag_csv_to_postgres_dag.py
[2025-10-31T02:11:28.255+0000] {processor.py:840} INFO - DAG(s) 'load_csv_to_postgres' retrieved from /opt/airflow/dags/dag_csv_to_postgres_dag.py
[2025-10-31T02:11:28.388+0000] {logging_mixin.py:188} INFO - [2025-10-31T02:11:28.388+0000] {dag.py:3036} INFO - Sync 1 DAGs
[2025-10-31T02:11:28.526+0000] {logging_mixin.py:188} INFO - [2025-10-31T02:11:28.526+0000] {dag.py:3823} INFO - Setting next_dagrun for load_csv_to_postgres to None, run_after=None
[2025-10-31T02:11:29.666+0000] {processor.py:183} INFO - Processing /opt/airflow/dags/dag_csv_to_postgres_dag.py took 1.580 seconds
[2025-10-31T02:12:00.466+0000] {processor.py:161} INFO - Started process (PID=272) to work on /opt/airflow/dags/dag_csv_to_postgres_dag.py
[2025-10-31T02:12:00.476+0000] {processor.py:830} INFO - Processing file /opt/airflow/dags/dag_csv_to_postgres_dag.py for tasks to queue
[2025-10-31T02:12:00.480+0000] {logging_mixin.py:188} INFO - [2025-10-31T02:12:00.479+0000] {dagbag.py:538} INFO - Filling up the DagBag from /opt/airflow/dags/dag_csv_to_postgres_dag.py
[2025-10-31T02:12:00.606+0000] {processor.py:840} INFO - DAG(s) 'load_csv_to_postgres' retrieved from /opt/airflow/dags/dag_csv_to_postgres_dag.py
[2025-10-31T02:12:00.713+0000] {logging_mixin.py:188} INFO - [2025-10-31T02:12:00.712+0000] {dag.py:3036} INFO - Sync 1 DAGs
[2025-10-31T02:12:00.791+0000] {logging_mixin.py:188} INFO - [2025-10-31T02:12:00.789+0000] {dag.py:3823} INFO - Setting next_dagrun for load_csv_to_postgres to None, run_after=None
[2025-10-31T02:12:01.012+0000] {processor.py:183} INFO - Processing /opt/airflow/dags/dag_csv_to_postgres_dag.py took 0.566 seconds
[2025-10-31T02:12:32.256+0000] {processor.py:161} INFO - Started process (PID=283) to work on /opt/airflow/dags/dag_csv_to_postgres_dag.py
[2025-10-31T02:12:32.261+0000] {processor.py:830} INFO - Processing file /opt/airflow/dags/dag_csv_to_postgres_dag.py for tasks to queue
[2025-10-31T02:12:32.272+0000] {logging_mixin.py:188} INFO - [2025-10-31T02:12:32.272+0000] {dagbag.py:538} INFO - Filling up the DagBag from /opt/airflow/dags/dag_csv_to_postgres_dag.py
[2025-10-31T02:12:32.378+0000] {processor.py:840} INFO - DAG(s) 'load_csv_to_postgres' retrieved from /opt/airflow/dags/dag_csv_to_postgres_dag.py
[2025-10-31T02:12:32.612+0000] {logging_mixin.py:188} INFO - [2025-10-31T02:12:32.611+0000] {dag.py:3036} INFO - Sync 1 DAGs
[2025-10-31T02:12:32.709+0000] {logging_mixin.py:188} INFO - [2025-10-31T02:12:32.709+0000] {dag.py:3823} INFO - Setting next_dagrun for load_csv_to_postgres to None, run_after=None
[2025-10-31T02:12:32.813+0000] {processor.py:183} INFO - Processing /opt/airflow/dags/dag_csv_to_postgres_dag.py took 0.600 seconds
[2025-10-31T02:13:03.067+0000] {processor.py:161} INFO - Started process (PID=295) to work on /opt/airflow/dags/dag_csv_to_postgres_dag.py
[2025-10-31T02:13:03.153+0000] {processor.py:830} INFO - Processing file /opt/airflow/dags/dag_csv_to_postgres_dag.py for tasks to queue
[2025-10-31T02:13:03.165+0000] {logging_mixin.py:188} INFO - [2025-10-31T02:13:03.158+0000] {dagbag.py:538} INFO - Filling up the DagBag from /opt/airflow/dags/dag_csv_to_postgres_dag.py
[2025-10-31T02:13:03.378+0000] {processor.py:840} INFO - DAG(s) 'load_csv_to_postgres' retrieved from /opt/airflow/dags/dag_csv_to_postgres_dag.py
[2025-10-31T02:13:03.521+0000] {logging_mixin.py:188} INFO - [2025-10-31T02:13:03.521+0000] {dag.py:3036} INFO - Sync 1 DAGs
[2025-10-31T02:13:03.563+0000] {logging_mixin.py:188} INFO - [2025-10-31T02:13:03.563+0000] {dag.py:3823} INFO - Setting next_dagrun for load_csv_to_postgres to None, run_after=None
[2025-10-31T02:13:03.597+0000] {processor.py:183} INFO - Processing /opt/airflow/dags/dag_csv_to_postgres_dag.py took 0.536 seconds
[2025-10-31T02:13:34.013+0000] {processor.py:161} INFO - Started process (PID=307) to work on /opt/airflow/dags/dag_csv_to_postgres_dag.py
[2025-10-31T02:13:34.015+0000] {processor.py:830} INFO - Processing file /opt/airflow/dags/dag_csv_to_postgres_dag.py for tasks to queue
[2025-10-31T02:13:34.017+0000] {logging_mixin.py:188} INFO - [2025-10-31T02:13:34.017+0000] {dagbag.py:538} INFO - Filling up the DagBag from /opt/airflow/dags/dag_csv_to_postgres_dag.py
[2025-10-31T02:13:34.333+0000] {processor.py:840} INFO - DAG(s) 'load_csv_to_postgres' retrieved from /opt/airflow/dags/dag_csv_to_postgres_dag.py
[2025-10-31T02:13:34.489+0000] {logging_mixin.py:188} INFO - [2025-10-31T02:13:34.488+0000] {dag.py:3036} INFO - Sync 1 DAGs
[2025-10-31T02:13:34.519+0000] {logging_mixin.py:188} INFO - [2025-10-31T02:13:34.519+0000] {dag.py:3823} INFO - Setting next_dagrun for load_csv_to_postgres to None, run_after=None
[2025-10-31T02:13:34.746+0000] {processor.py:183} INFO - Processing /opt/airflow/dags/dag_csv_to_postgres_dag.py took 0.739 seconds
[2025-10-31T02:14:04.863+0000] {processor.py:161} INFO - Started process (PID=319) to work on /opt/airflow/dags/dag_csv_to_postgres_dag.py
[2025-10-31T02:14:04.866+0000] {processor.py:830} INFO - Processing file /opt/airflow/dags/dag_csv_to_postgres_dag.py for tasks to queue
[2025-10-31T02:14:04.869+0000] {logging_mixin.py:188} INFO - [2025-10-31T02:14:04.869+0000] {dagbag.py:538} INFO - Filling up the DagBag from /opt/airflow/dags/dag_csv_to_postgres_dag.py
[2025-10-31T02:14:04.981+0000] {processor.py:840} INFO - DAG(s) 'load_csv_to_postgres' retrieved from /opt/airflow/dags/dag_csv_to_postgres_dag.py
[2025-10-31T02:14:05.139+0000] {logging_mixin.py:188} INFO - [2025-10-31T02:14:05.138+0000] {dag.py:3036} INFO - Sync 1 DAGs
[2025-10-31T02:14:05.181+0000] {logging_mixin.py:188} INFO - [2025-10-31T02:14:05.181+0000] {dag.py:3823} INFO - Setting next_dagrun for load_csv_to_postgres to None, run_after=None
[2025-10-31T02:14:05.345+0000] {processor.py:183} INFO - Processing /opt/airflow/dags/dag_csv_to_postgres_dag.py took 0.492 seconds
[2025-10-31T02:14:36.208+0000] {processor.py:161} INFO - Started process (PID=331) to work on /opt/airflow/dags/dag_csv_to_postgres_dag.py
[2025-10-31T02:14:36.451+0000] {processor.py:830} INFO - Processing file /opt/airflow/dags/dag_csv_to_postgres_dag.py for tasks to queue
[2025-10-31T02:14:36.464+0000] {logging_mixin.py:188} INFO - [2025-10-31T02:14:36.463+0000] {dagbag.py:538} INFO - Filling up the DagBag from /opt/airflow/dags/dag_csv_to_postgres_dag.py
[2025-10-31T02:14:36.706+0000] {processor.py:840} INFO - DAG(s) 'load_csv_to_postgres' retrieved from /opt/airflow/dags/dag_csv_to_postgres_dag.py
[2025-10-31T02:14:36.812+0000] {logging_mixin.py:188} INFO - [2025-10-31T02:14:36.811+0000] {dag.py:3036} INFO - Sync 1 DAGs
[2025-10-31T02:14:37.014+0000] {logging_mixin.py:188} INFO - [2025-10-31T02:14:37.014+0000] {dag.py:3823} INFO - Setting next_dagrun for load_csv_to_postgres to None, run_after=None
[2025-10-31T02:14:37.417+0000] {processor.py:183} INFO - Processing /opt/airflow/dags/dag_csv_to_postgres_dag.py took 1.223 seconds
[2025-10-31T02:15:08.459+0000] {processor.py:161} INFO - Started process (PID=343) to work on /opt/airflow/dags/dag_csv_to_postgres_dag.py
[2025-10-31T02:15:08.464+0000] {processor.py:830} INFO - Processing file /opt/airflow/dags/dag_csv_to_postgres_dag.py for tasks to queue
[2025-10-31T02:15:08.466+0000] {logging_mixin.py:188} INFO - [2025-10-31T02:15:08.466+0000] {dagbag.py:538} INFO - Filling up the DagBag from /opt/airflow/dags/dag_csv_to_postgres_dag.py
[2025-10-31T02:15:08.497+0000] {processor.py:840} INFO - DAG(s) 'load_csv_to_postgres' retrieved from /opt/airflow/dags/dag_csv_to_postgres_dag.py
[2025-10-31T02:15:08.562+0000] {logging_mixin.py:188} INFO - [2025-10-31T02:15:08.561+0000] {dag.py:3036} INFO - Sync 1 DAGs
[2025-10-31T02:15:08.612+0000] {logging_mixin.py:188} INFO - [2025-10-31T02:15:08.611+0000] {dag.py:3823} INFO - Setting next_dagrun for load_csv_to_postgres to None, run_after=None
[2025-10-31T02:15:08.670+0000] {processor.py:183} INFO - Processing /opt/airflow/dags/dag_csv_to_postgres_dag.py took 0.228 seconds
[2025-10-31T02:15:39.220+0000] {processor.py:161} INFO - Started process (PID=355) to work on /opt/airflow/dags/dag_csv_to_postgres_dag.py
[2025-10-31T02:15:39.222+0000] {processor.py:830} INFO - Processing file /opt/airflow/dags/dag_csv_to_postgres_dag.py for tasks to queue
[2025-10-31T02:15:39.225+0000] {logging_mixin.py:188} INFO - [2025-10-31T02:15:39.224+0000] {dagbag.py:538} INFO - Filling up the DagBag from /opt/airflow/dags/dag_csv_to_postgres_dag.py
[2025-10-31T02:15:39.263+0000] {processor.py:840} INFO - DAG(s) 'load_csv_to_postgres' retrieved from /opt/airflow/dags/dag_csv_to_postgres_dag.py
[2025-10-31T02:15:39.337+0000] {logging_mixin.py:188} INFO - [2025-10-31T02:15:39.336+0000] {dag.py:3036} INFO - Sync 1 DAGs
[2025-10-31T02:15:39.384+0000] {logging_mixin.py:188} INFO - [2025-10-31T02:15:39.383+0000] {dag.py:3823} INFO - Setting next_dagrun for load_csv_to_postgres to None, run_after=None
[2025-10-31T02:15:39.497+0000] {processor.py:183} INFO - Processing /opt/airflow/dags/dag_csv_to_postgres_dag.py took 0.284 seconds
[2025-10-31T02:16:09.946+0000] {processor.py:161} INFO - Started process (PID=367) to work on /opt/airflow/dags/dag_csv_to_postgres_dag.py
[2025-10-31T02:16:09.950+0000] {processor.py:830} INFO - Processing file /opt/airflow/dags/dag_csv_to_postgres_dag.py for tasks to queue
[2025-10-31T02:16:09.954+0000] {logging_mixin.py:188} INFO - [2025-10-31T02:16:09.953+0000] {dagbag.py:538} INFO - Filling up the DagBag from /opt/airflow/dags/dag_csv_to_postgres_dag.py
[2025-10-31T02:16:10.008+0000] {processor.py:840} INFO - DAG(s) 'load_csv_to_postgres' retrieved from /opt/airflow/dags/dag_csv_to_postgres_dag.py
[2025-10-31T02:16:10.074+0000] {logging_mixin.py:188} INFO - [2025-10-31T02:16:10.073+0000] {dag.py:3036} INFO - Sync 1 DAGs
[2025-10-31T02:16:10.110+0000] {logging_mixin.py:188} INFO - [2025-10-31T02:16:10.110+0000] {dag.py:3823} INFO - Setting next_dagrun for load_csv_to_postgres to None, run_after=None
[2025-10-31T02:16:10.254+0000] {processor.py:183} INFO - Processing /opt/airflow/dags/dag_csv_to_postgres_dag.py took 0.323 seconds
[2025-10-31T02:16:40.448+0000] {processor.py:161} INFO - Started process (PID=380) to work on /opt/airflow/dags/dag_csv_to_postgres_dag.py
[2025-10-31T02:16:40.454+0000] {processor.py:830} INFO - Processing file /opt/airflow/dags/dag_csv_to_postgres_dag.py for tasks to queue
[2025-10-31T02:16:40.457+0000] {logging_mixin.py:188} INFO - [2025-10-31T02:16:40.456+0000] {dagbag.py:538} INFO - Filling up the DagBag from /opt/airflow/dags/dag_csv_to_postgres_dag.py
[2025-10-31T02:16:40.499+0000] {processor.py:840} INFO - DAG(s) 'load_csv_to_postgres' retrieved from /opt/airflow/dags/dag_csv_to_postgres_dag.py
[2025-10-31T02:16:40.592+0000] {logging_mixin.py:188} INFO - [2025-10-31T02:16:40.591+0000] {dag.py:3036} INFO - Sync 1 DAGs
[2025-10-31T02:16:40.619+0000] {logging_mixin.py:188} INFO - [2025-10-31T02:16:40.618+0000] {dag.py:3823} INFO - Setting next_dagrun for load_csv_to_postgres to None, run_after=None
[2025-10-31T02:16:40.735+0000] {processor.py:183} INFO - Processing /opt/airflow/dags/dag_csv_to_postgres_dag.py took 0.296 seconds
[2025-10-31T02:17:14.782+0000] {processor.py:161} INFO - Started process (PID=390) to work on /opt/airflow/dags/dag_csv_to_postgres_dag.py
[2025-10-31T02:17:14.813+0000] {processor.py:830} INFO - Processing file /opt/airflow/dags/dag_csv_to_postgres_dag.py for tasks to queue
[2025-10-31T02:17:14.825+0000] {logging_mixin.py:188} INFO - [2025-10-31T02:17:14.824+0000] {dagbag.py:538} INFO - Filling up the DagBag from /opt/airflow/dags/dag_csv_to_postgres_dag.py
[2025-10-31T02:17:15.409+0000] {processor.py:840} INFO - DAG(s) 'load_csv_to_postgres' retrieved from /opt/airflow/dags/dag_csv_to_postgres_dag.py
[2025-10-31T02:17:16.044+0000] {logging_mixin.py:188} INFO - [2025-10-31T02:17:16.043+0000] {dag.py:3036} INFO - Sync 1 DAGs
[2025-10-31T02:17:16.240+0000] {logging_mixin.py:188} INFO - [2025-10-31T02:17:16.228+0000] {dag.py:3823} INFO - Setting next_dagrun for load_csv_to_postgres to None, run_after=None
[2025-10-31T02:17:16.704+0000] {processor.py:183} INFO - Processing /opt/airflow/dags/dag_csv_to_postgres_dag.py took 1.939 seconds
[2025-10-31T02:17:47.769+0000] {processor.py:161} INFO - Started process (PID=401) to work on /opt/airflow/dags/dag_csv_to_postgres_dag.py
[2025-10-31T02:17:47.791+0000] {processor.py:830} INFO - Processing file /opt/airflow/dags/dag_csv_to_postgres_dag.py for tasks to queue
[2025-10-31T02:17:47.799+0000] {logging_mixin.py:188} INFO - [2025-10-31T02:17:47.798+0000] {dagbag.py:538} INFO - Filling up the DagBag from /opt/airflow/dags/dag_csv_to_postgres_dag.py
[2025-10-31T02:17:47.859+0000] {processor.py:840} INFO - DAG(s) 'load_csv_to_postgres' retrieved from /opt/airflow/dags/dag_csv_to_postgres_dag.py
[2025-10-31T02:17:47.973+0000] {logging_mixin.py:188} INFO - [2025-10-31T02:17:47.971+0000] {dag.py:3036} INFO - Sync 1 DAGs
[2025-10-31T02:17:48.018+0000] {logging_mixin.py:188} INFO - [2025-10-31T02:17:48.017+0000] {dag.py:3823} INFO - Setting next_dagrun for load_csv_to_postgres to None, run_after=None
[2025-10-31T02:17:48.143+0000] {processor.py:183} INFO - Processing /opt/airflow/dags/dag_csv_to_postgres_dag.py took 0.388 seconds
[2025-10-31T02:18:20.658+0000] {processor.py:161} INFO - Started process (PID=413) to work on /opt/airflow/dags/dag_csv_to_postgres_dag.py
[2025-10-31T02:18:20.662+0000] {processor.py:830} INFO - Processing file /opt/airflow/dags/dag_csv_to_postgres_dag.py for tasks to queue
[2025-10-31T02:18:20.666+0000] {logging_mixin.py:188} INFO - [2025-10-31T02:18:20.665+0000] {dagbag.py:538} INFO - Filling up the DagBag from /opt/airflow/dags/dag_csv_to_postgres_dag.py
[2025-10-31T02:18:20.730+0000] {processor.py:840} INFO - DAG(s) 'load_csv_to_postgres' retrieved from /opt/airflow/dags/dag_csv_to_postgres_dag.py
[2025-10-31T02:18:21.212+0000] {logging_mixin.py:188} INFO - [2025-10-31T02:18:21.211+0000] {dag.py:3036} INFO - Sync 1 DAGs
[2025-10-31T02:18:21.482+0000] {logging_mixin.py:188} INFO - [2025-10-31T02:18:21.482+0000] {dag.py:3823} INFO - Setting next_dagrun for load_csv_to_postgres to None, run_after=None
[2025-10-31T02:18:23.163+0000] {processor.py:183} INFO - Processing /opt/airflow/dags/dag_csv_to_postgres_dag.py took 2.522 seconds
[2025-10-31T02:18:54.751+0000] {processor.py:161} INFO - Started process (PID=425) to work on /opt/airflow/dags/dag_csv_to_postgres_dag.py
[2025-10-31T02:18:54.768+0000] {processor.py:830} INFO - Processing file /opt/airflow/dags/dag_csv_to_postgres_dag.py for tasks to queue
[2025-10-31T02:18:54.773+0000] {logging_mixin.py:188} INFO - [2025-10-31T02:18:54.772+0000] {dagbag.py:538} INFO - Filling up the DagBag from /opt/airflow/dags/dag_csv_to_postgres_dag.py
[2025-10-31T02:18:55.823+0000] {processor.py:840} INFO - DAG(s) 'load_csv_to_postgres' retrieved from /opt/airflow/dags/dag_csv_to_postgres_dag.py
[2025-10-31T02:18:56.189+0000] {logging_mixin.py:188} INFO - [2025-10-31T02:18:56.188+0000] {dag.py:3036} INFO - Sync 1 DAGs
[2025-10-31T02:18:56.323+0000] {logging_mixin.py:188} INFO - [2025-10-31T02:18:56.322+0000] {dag.py:3823} INFO - Setting next_dagrun for load_csv_to_postgres to None, run_after=None
[2025-10-31T02:18:56.548+0000] {processor.py:183} INFO - Processing /opt/airflow/dags/dag_csv_to_postgres_dag.py took 1.817 seconds
[2025-10-31T02:19:27.057+0000] {processor.py:161} INFO - Started process (PID=437) to work on /opt/airflow/dags/dag_csv_to_postgres_dag.py
[2025-10-31T02:19:27.060+0000] {processor.py:830} INFO - Processing file /opt/airflow/dags/dag_csv_to_postgres_dag.py for tasks to queue
[2025-10-31T02:19:27.062+0000] {logging_mixin.py:188} INFO - [2025-10-31T02:19:27.062+0000] {dagbag.py:538} INFO - Filling up the DagBag from /opt/airflow/dags/dag_csv_to_postgres_dag.py
[2025-10-31T02:19:27.111+0000] {processor.py:840} INFO - DAG(s) 'load_csv_to_postgres' retrieved from /opt/airflow/dags/dag_csv_to_postgres_dag.py
[2025-10-31T02:19:27.312+0000] {logging_mixin.py:188} INFO - [2025-10-31T02:19:27.311+0000] {dag.py:3036} INFO - Sync 1 DAGs
[2025-10-31T02:19:27.633+0000] {logging_mixin.py:188} INFO - [2025-10-31T02:19:27.632+0000] {dag.py:3823} INFO - Setting next_dagrun for load_csv_to_postgres to None, run_after=None
[2025-10-31T02:19:27.814+0000] {processor.py:183} INFO - Processing /opt/airflow/dags/dag_csv_to_postgres_dag.py took 0.776 seconds
[2025-10-31T02:19:58.634+0000] {processor.py:161} INFO - Started process (PID=449) to work on /opt/airflow/dags/dag_csv_to_postgres_dag.py
[2025-10-31T02:19:58.637+0000] {processor.py:830} INFO - Processing file /opt/airflow/dags/dag_csv_to_postgres_dag.py for tasks to queue
[2025-10-31T02:19:58.640+0000] {logging_mixin.py:188} INFO - [2025-10-31T02:19:58.639+0000] {dagbag.py:538} INFO - Filling up the DagBag from /opt/airflow/dags/dag_csv_to_postgres_dag.py
[2025-10-31T02:19:58.688+0000] {processor.py:840} INFO - DAG(s) 'load_csv_to_postgres' retrieved from /opt/airflow/dags/dag_csv_to_postgres_dag.py
[2025-10-31T02:19:59.224+0000] {logging_mixin.py:188} INFO - [2025-10-31T02:19:59.223+0000] {dag.py:3036} INFO - Sync 1 DAGs
[2025-10-31T02:19:59.384+0000] {logging_mixin.py:188} INFO - [2025-10-31T02:19:59.384+0000] {dag.py:3823} INFO - Setting next_dagrun for load_csv_to_postgres to None, run_after=None
[2025-10-31T02:19:59.551+0000] {processor.py:183} INFO - Processing /opt/airflow/dags/dag_csv_to_postgres_dag.py took 0.924 seconds
[2025-10-31T02:20:29.890+0000] {processor.py:161} INFO - Started process (PID=461) to work on /opt/airflow/dags/dag_csv_to_postgres_dag.py
[2025-10-31T02:20:29.893+0000] {processor.py:830} INFO - Processing file /opt/airflow/dags/dag_csv_to_postgres_dag.py for tasks to queue
[2025-10-31T02:20:29.897+0000] {logging_mixin.py:188} INFO - [2025-10-31T02:20:29.895+0000] {dagbag.py:538} INFO - Filling up the DagBag from /opt/airflow/dags/dag_csv_to_postgres_dag.py
[2025-10-31T02:20:29.929+0000] {processor.py:840} INFO - DAG(s) 'load_csv_to_postgres' retrieved from /opt/airflow/dags/dag_csv_to_postgres_dag.py
[2025-10-31T02:20:29.981+0000] {logging_mixin.py:188} INFO - [2025-10-31T02:20:29.981+0000] {dag.py:3036} INFO - Sync 1 DAGs
[2025-10-31T02:20:30.002+0000] {logging_mixin.py:188} INFO - [2025-10-31T02:20:30.001+0000] {dag.py:3823} INFO - Setting next_dagrun for load_csv_to_postgres to None, run_after=None
[2025-10-31T02:20:30.129+0000] {processor.py:183} INFO - Processing /opt/airflow/dags/dag_csv_to_postgres_dag.py took 0.247 seconds
[2025-10-31T02:21:00.709+0000] {processor.py:161} INFO - Started process (PID=473) to work on /opt/airflow/dags/dag_csv_to_postgres_dag.py
[2025-10-31T02:21:00.712+0000] {processor.py:830} INFO - Processing file /opt/airflow/dags/dag_csv_to_postgres_dag.py for tasks to queue
[2025-10-31T02:21:00.714+0000] {logging_mixin.py:188} INFO - [2025-10-31T02:21:00.713+0000] {dagbag.py:538} INFO - Filling up the DagBag from /opt/airflow/dags/dag_csv_to_postgres_dag.py
[2025-10-31T02:21:00.753+0000] {processor.py:840} INFO - DAG(s) 'load_csv_to_postgres' retrieved from /opt/airflow/dags/dag_csv_to_postgres_dag.py
[2025-10-31T02:21:00.806+0000] {logging_mixin.py:188} INFO - [2025-10-31T02:21:00.805+0000] {dag.py:3036} INFO - Sync 1 DAGs
[2025-10-31T02:21:00.832+0000] {logging_mixin.py:188} INFO - [2025-10-31T02:21:00.831+0000] {dag.py:3823} INFO - Setting next_dagrun for load_csv_to_postgres to None, run_after=None
[2025-10-31T02:21:01.076+0000] {processor.py:183} INFO - Processing /opt/airflow/dags/dag_csv_to_postgres_dag.py took 0.375 seconds
[2025-10-31T02:21:31.502+0000] {processor.py:161} INFO - Started process (PID=485) to work on /opt/airflow/dags/dag_csv_to_postgres_dag.py
[2025-10-31T02:21:31.504+0000] {processor.py:830} INFO - Processing file /opt/airflow/dags/dag_csv_to_postgres_dag.py for tasks to queue
[2025-10-31T02:21:31.519+0000] {logging_mixin.py:188} INFO - [2025-10-31T02:21:31.519+0000] {dagbag.py:538} INFO - Filling up the DagBag from /opt/airflow/dags/dag_csv_to_postgres_dag.py
[2025-10-31T02:21:31.564+0000] {processor.py:840} INFO - DAG(s) 'load_csv_to_postgres' retrieved from /opt/airflow/dags/dag_csv_to_postgres_dag.py
[2025-10-31T02:21:31.639+0000] {logging_mixin.py:188} INFO - [2025-10-31T02:21:31.639+0000] {dag.py:3036} INFO - Sync 1 DAGs
[2025-10-31T02:21:31.680+0000] {logging_mixin.py:188} INFO - [2025-10-31T02:21:31.679+0000] {dag.py:3823} INFO - Setting next_dagrun for load_csv_to_postgres to None, run_after=None
[2025-10-31T02:21:31.854+0000] {processor.py:183} INFO - Processing /opt/airflow/dags/dag_csv_to_postgres_dag.py took 0.361 seconds
[2025-10-31T02:22:02.348+0000] {processor.py:161} INFO - Started process (PID=497) to work on /opt/airflow/dags/dag_csv_to_postgres_dag.py
[2025-10-31T02:22:02.351+0000] {processor.py:830} INFO - Processing file /opt/airflow/dags/dag_csv_to_postgres_dag.py for tasks to queue
[2025-10-31T02:22:02.362+0000] {logging_mixin.py:188} INFO - [2025-10-31T02:22:02.353+0000] {dagbag.py:538} INFO - Filling up the DagBag from /opt/airflow/dags/dag_csv_to_postgres_dag.py
[2025-10-31T02:22:02.488+0000] {processor.py:840} INFO - DAG(s) 'load_csv_to_postgres' retrieved from /opt/airflow/dags/dag_csv_to_postgres_dag.py
[2025-10-31T02:22:02.632+0000] {logging_mixin.py:188} INFO - [2025-10-31T02:22:02.631+0000] {dag.py:3036} INFO - Sync 1 DAGs
[2025-10-31T02:22:02.687+0000] {logging_mixin.py:188} INFO - [2025-10-31T02:22:02.687+0000] {dag.py:3823} INFO - Setting next_dagrun for load_csv_to_postgres to None, run_after=None
[2025-10-31T02:22:02.878+0000] {processor.py:183} INFO - Processing /opt/airflow/dags/dag_csv_to_postgres_dag.py took 0.546 seconds
[2025-10-31T02:22:34.008+0000] {processor.py:161} INFO - Started process (PID=509) to work on /opt/airflow/dags/dag_csv_to_postgres_dag.py
[2025-10-31T02:22:34.010+0000] {processor.py:830} INFO - Processing file /opt/airflow/dags/dag_csv_to_postgres_dag.py for tasks to queue
[2025-10-31T02:22:34.012+0000] {logging_mixin.py:188} INFO - [2025-10-31T02:22:34.011+0000] {dagbag.py:538} INFO - Filling up the DagBag from /opt/airflow/dags/dag_csv_to_postgres_dag.py
[2025-10-31T02:22:34.060+0000] {processor.py:840} INFO - DAG(s) 'load_csv_to_postgres' retrieved from /opt/airflow/dags/dag_csv_to_postgres_dag.py
[2025-10-31T02:22:34.139+0000] {logging_mixin.py:188} INFO - [2025-10-31T02:22:34.138+0000] {dag.py:3036} INFO - Sync 1 DAGs
[2025-10-31T02:22:34.196+0000] {logging_mixin.py:188} INFO - [2025-10-31T02:22:34.196+0000] {dag.py:3823} INFO - Setting next_dagrun for load_csv_to_postgres to None, run_after=None
[2025-10-31T02:22:34.245+0000] {processor.py:183} INFO - Processing /opt/airflow/dags/dag_csv_to_postgres_dag.py took 0.245 seconds
[2025-10-31T02:23:36.228+0000] {processor.py:161} INFO - Started process (PID=525) to work on /opt/airflow/dags/dag_csv_to_postgres_dag.py
[2025-10-31T02:23:36.368+0000] {processor.py:830} INFO - Processing file /opt/airflow/dags/dag_csv_to_postgres_dag.py for tasks to queue
[2025-10-31T02:23:36.481+0000] {logging_mixin.py:188} INFO - [2025-10-31T02:23:36.480+0000] {dagbag.py:538} INFO - Filling up the DagBag from /opt/airflow/dags/dag_csv_to_postgres_dag.py
[2025-10-31T02:23:37.096+0000] {processor.py:840} INFO - DAG(s) 'load_csv_to_postgres' retrieved from /opt/airflow/dags/dag_csv_to_postgres_dag.py
[2025-10-31T02:23:37.754+0000] {logging_mixin.py:188} INFO - [2025-10-31T02:23:37.754+0000] {dag.py:3036} INFO - Sync 1 DAGs
[2025-10-31T02:23:38.213+0000] {logging_mixin.py:188} INFO - [2025-10-31T02:23:38.212+0000] {dag.py:3823} INFO - Setting next_dagrun for load_csv_to_postgres to None, run_after=None
[2025-10-31T02:23:38.962+0000] {processor.py:183} INFO - Processing /opt/airflow/dags/dag_csv_to_postgres_dag.py took 2.780 seconds
[2025-10-31T02:24:10.377+0000] {processor.py:161} INFO - Started process (PID=537) to work on /opt/airflow/dags/dag_csv_to_postgres_dag.py
[2025-10-31T02:24:10.414+0000] {processor.py:830} INFO - Processing file /opt/airflow/dags/dag_csv_to_postgres_dag.py for tasks to queue
[2025-10-31T02:24:10.436+0000] {logging_mixin.py:188} INFO - [2025-10-31T02:24:10.435+0000] {dagbag.py:538} INFO - Filling up the DagBag from /opt/airflow/dags/dag_csv_to_postgres_dag.py
[2025-10-31T02:24:11.013+0000] {processor.py:840} INFO - DAG(s) 'load_csv_to_postgres' retrieved from /opt/airflow/dags/dag_csv_to_postgres_dag.py
[2025-10-31T02:24:17.323+0000] {logging_mixin.py:188} INFO - [2025-10-31T02:24:17.323+0000] {dag.py:3036} INFO - Sync 1 DAGs
[2025-10-31T02:24:17.549+0000] {logging_mixin.py:188} INFO - [2025-10-31T02:24:17.549+0000] {dag.py:3823} INFO - Setting next_dagrun for load_csv_to_postgres to None, run_after=None
[2025-10-31T02:24:17.874+0000] {processor.py:183} INFO - Processing /opt/airflow/dags/dag_csv_to_postgres_dag.py took 6.106 seconds
[2025-10-31T02:24:50.510+0000] {processor.py:161} INFO - Started process (PID=547) to work on /opt/airflow/dags/dag_csv_to_postgres_dag.py
[2025-10-31T02:24:50.514+0000] {processor.py:830} INFO - Processing file /opt/airflow/dags/dag_csv_to_postgres_dag.py for tasks to queue
[2025-10-31T02:24:50.519+0000] {logging_mixin.py:188} INFO - [2025-10-31T02:24:50.518+0000] {dagbag.py:538} INFO - Filling up the DagBag from /opt/airflow/dags/dag_csv_to_postgres_dag.py
[2025-10-31T02:24:50.834+0000] {processor.py:840} INFO - DAG(s) 'load_csv_to_postgres' retrieved from /opt/airflow/dags/dag_csv_to_postgres_dag.py
[2025-10-31T02:24:51.093+0000] {logging_mixin.py:188} INFO - [2025-10-31T02:24:51.092+0000] {dag.py:3036} INFO - Sync 1 DAGs
[2025-10-31T02:24:51.135+0000] {logging_mixin.py:188} INFO - [2025-10-31T02:24:51.134+0000] {dag.py:3823} INFO - Setting next_dagrun for load_csv_to_postgres to None, run_after=None
[2025-10-31T02:24:51.223+0000] {processor.py:183} INFO - Processing /opt/airflow/dags/dag_csv_to_postgres_dag.py took 0.726 seconds
[2025-10-31T02:25:22.298+0000] {processor.py:161} INFO - Started process (PID=558) to work on /opt/airflow/dags/dag_csv_to_postgres_dag.py
[2025-10-31T02:25:22.306+0000] {processor.py:830} INFO - Processing file /opt/airflow/dags/dag_csv_to_postgres_dag.py for tasks to queue
[2025-10-31T02:25:22.310+0000] {logging_mixin.py:188} INFO - [2025-10-31T02:25:22.309+0000] {dagbag.py:538} INFO - Filling up the DagBag from /opt/airflow/dags/dag_csv_to_postgres_dag.py
[2025-10-31T02:25:22.406+0000] {processor.py:840} INFO - DAG(s) 'load_csv_to_postgres' retrieved from /opt/airflow/dags/dag_csv_to_postgres_dag.py
[2025-10-31T02:25:22.582+0000] {logging_mixin.py:188} INFO - [2025-10-31T02:25:22.581+0000] {dag.py:3036} INFO - Sync 1 DAGs
[2025-10-31T02:25:22.631+0000] {logging_mixin.py:188} INFO - [2025-10-31T02:25:22.630+0000] {dag.py:3823} INFO - Setting next_dagrun for load_csv_to_postgres to None, run_after=None
[2025-10-31T02:25:22.692+0000] {processor.py:183} INFO - Processing /opt/airflow/dags/dag_csv_to_postgres_dag.py took 0.413 seconds
[2025-10-31T02:25:54.439+0000] {processor.py:161} INFO - Started process (PID=570) to work on /opt/airflow/dags/dag_csv_to_postgres_dag.py
[2025-10-31T02:25:54.482+0000] {processor.py:830} INFO - Processing file /opt/airflow/dags/dag_csv_to_postgres_dag.py for tasks to queue
[2025-10-31T02:25:54.497+0000] {logging_mixin.py:188} INFO - [2025-10-31T02:25:54.496+0000] {dagbag.py:538} INFO - Filling up the DagBag from /opt/airflow/dags/dag_csv_to_postgres_dag.py
[2025-10-31T02:25:54.665+0000] {processor.py:840} INFO - DAG(s) 'load_csv_to_postgres' retrieved from /opt/airflow/dags/dag_csv_to_postgres_dag.py
[2025-10-31T02:25:54.859+0000] {logging_mixin.py:188} INFO - [2025-10-31T02:25:54.858+0000] {dag.py:3036} INFO - Sync 1 DAGs
[2025-10-31T02:25:54.909+0000] {logging_mixin.py:188} INFO - [2025-10-31T02:25:54.908+0000] {dag.py:3823} INFO - Setting next_dagrun for load_csv_to_postgres to None, run_after=None
[2025-10-31T02:25:55.070+0000] {processor.py:183} INFO - Processing /opt/airflow/dags/dag_csv_to_postgres_dag.py took 0.660 seconds
[2025-10-31T02:26:25.528+0000] {processor.py:161} INFO - Started process (PID=582) to work on /opt/airflow/dags/dag_csv_to_postgres_dag.py
[2025-10-31T02:26:25.530+0000] {processor.py:830} INFO - Processing file /opt/airflow/dags/dag_csv_to_postgres_dag.py for tasks to queue
[2025-10-31T02:26:25.531+0000] {logging_mixin.py:188} INFO - [2025-10-31T02:26:25.531+0000] {dagbag.py:538} INFO - Filling up the DagBag from /opt/airflow/dags/dag_csv_to_postgres_dag.py
[2025-10-31T02:26:25.946+0000] {processor.py:840} INFO - DAG(s) 'load_csv_to_postgres' retrieved from /opt/airflow/dags/dag_csv_to_postgres_dag.py
[2025-10-31T02:26:26.014+0000] {logging_mixin.py:188} INFO - [2025-10-31T02:26:26.014+0000] {dag.py:3036} INFO - Sync 1 DAGs
[2025-10-31T02:26:26.038+0000] {logging_mixin.py:188} INFO - [2025-10-31T02:26:26.037+0000] {dag.py:3823} INFO - Setting next_dagrun for load_csv_to_postgres to None, run_after=None
[2025-10-31T02:26:26.136+0000] {processor.py:183} INFO - Processing /opt/airflow/dags/dag_csv_to_postgres_dag.py took 0.617 seconds
[2025-10-31T02:26:56.353+0000] {processor.py:161} INFO - Started process (PID=594) to work on /opt/airflow/dags/dag_csv_to_postgres_dag.py
[2025-10-31T02:26:56.359+0000] {processor.py:830} INFO - Processing file /opt/airflow/dags/dag_csv_to_postgres_dag.py for tasks to queue
[2025-10-31T02:26:56.362+0000] {logging_mixin.py:188} INFO - [2025-10-31T02:26:56.361+0000] {dagbag.py:538} INFO - Filling up the DagBag from /opt/airflow/dags/dag_csv_to_postgres_dag.py
[2025-10-31T02:26:56.404+0000] {processor.py:840} INFO - DAG(s) 'load_csv_to_postgres' retrieved from /opt/airflow/dags/dag_csv_to_postgres_dag.py
[2025-10-31T02:26:56.518+0000] {logging_mixin.py:188} INFO - [2025-10-31T02:26:56.517+0000] {dag.py:3036} INFO - Sync 1 DAGs
[2025-10-31T02:26:56.542+0000] {logging_mixin.py:188} INFO - [2025-10-31T02:26:56.542+0000] {dag.py:3823} INFO - Setting next_dagrun for load_csv_to_postgres to None, run_after=None
[2025-10-31T02:26:56.585+0000] {processor.py:183} INFO - Processing /opt/airflow/dags/dag_csv_to_postgres_dag.py took 0.242 seconds
[2025-10-31T02:27:26.759+0000] {processor.py:161} INFO - Started process (PID=606) to work on /opt/airflow/dags/dag_csv_to_postgres_dag.py
[2025-10-31T02:27:26.773+0000] {processor.py:830} INFO - Processing file /opt/airflow/dags/dag_csv_to_postgres_dag.py for tasks to queue
[2025-10-31T02:27:26.793+0000] {logging_mixin.py:188} INFO - [2025-10-31T02:27:26.792+0000] {dagbag.py:538} INFO - Filling up the DagBag from /opt/airflow/dags/dag_csv_to_postgres_dag.py
[2025-10-31T02:27:26.857+0000] {processor.py:840} INFO - DAG(s) 'load_csv_to_postgres' retrieved from /opt/airflow/dags/dag_csv_to_postgres_dag.py
[2025-10-31T02:27:26.919+0000] {logging_mixin.py:188} INFO - [2025-10-31T02:27:26.918+0000] {dag.py:3036} INFO - Sync 1 DAGs
[2025-10-31T02:27:26.954+0000] {logging_mixin.py:188} INFO - [2025-10-31T02:27:26.953+0000] {dag.py:3823} INFO - Setting next_dagrun for load_csv_to_postgres to None, run_after=None
[2025-10-31T02:27:27.084+0000] {processor.py:183} INFO - Processing /opt/airflow/dags/dag_csv_to_postgres_dag.py took 0.340 seconds
[2025-10-31T02:27:57.450+0000] {processor.py:161} INFO - Started process (PID=618) to work on /opt/airflow/dags/dag_csv_to_postgres_dag.py
[2025-10-31T02:27:57.457+0000] {processor.py:830} INFO - Processing file /opt/airflow/dags/dag_csv_to_postgres_dag.py for tasks to queue
[2025-10-31T02:27:57.461+0000] {logging_mixin.py:188} INFO - [2025-10-31T02:27:57.460+0000] {dagbag.py:538} INFO - Filling up the DagBag from /opt/airflow/dags/dag_csv_to_postgres_dag.py
[2025-10-31T02:27:57.519+0000] {processor.py:840} INFO - DAG(s) 'load_csv_to_postgres' retrieved from /opt/airflow/dags/dag_csv_to_postgres_dag.py
[2025-10-31T02:27:57.669+0000] {logging_mixin.py:188} INFO - [2025-10-31T02:27:57.668+0000] {dag.py:3036} INFO - Sync 1 DAGs
[2025-10-31T02:27:57.765+0000] {logging_mixin.py:188} INFO - [2025-10-31T02:27:57.764+0000] {dag.py:3823} INFO - Setting next_dagrun for load_csv_to_postgres to None, run_after=None
[2025-10-31T02:27:58.091+0000] {processor.py:183} INFO - Processing /opt/airflow/dags/dag_csv_to_postgres_dag.py took 0.671 seconds
[2025-10-31T02:28:29.232+0000] {processor.py:161} INFO - Started process (PID=629) to work on /opt/airflow/dags/dag_csv_to_postgres_dag.py
[2025-10-31T02:28:29.247+0000] {processor.py:830} INFO - Processing file /opt/airflow/dags/dag_csv_to_postgres_dag.py for tasks to queue
[2025-10-31T02:28:29.268+0000] {logging_mixin.py:188} INFO - [2025-10-31T02:28:29.267+0000] {dagbag.py:538} INFO - Filling up the DagBag from /opt/airflow/dags/dag_csv_to_postgres_dag.py
[2025-10-31T02:28:29.407+0000] {processor.py:840} INFO - DAG(s) 'load_csv_to_postgres' retrieved from /opt/airflow/dags/dag_csv_to_postgres_dag.py
[2025-10-31T02:28:29.530+0000] {logging_mixin.py:188} INFO - [2025-10-31T02:28:29.530+0000] {dag.py:3036} INFO - Sync 1 DAGs
[2025-10-31T02:28:29.551+0000] {logging_mixin.py:188} INFO - [2025-10-31T02:28:29.551+0000] {dag.py:3823} INFO - Setting next_dagrun for load_csv_to_postgres to None, run_after=None
[2025-10-31T02:28:29.706+0000] {processor.py:183} INFO - Processing /opt/airflow/dags/dag_csv_to_postgres_dag.py took 0.504 seconds
[2025-10-31T02:29:01.005+0000] {processor.py:161} INFO - Started process (PID=641) to work on /opt/airflow/dags/dag_csv_to_postgres_dag.py
[2025-10-31T02:29:01.036+0000] {processor.py:830} INFO - Processing file /opt/airflow/dags/dag_csv_to_postgres_dag.py for tasks to queue
[2025-10-31T02:29:01.051+0000] {logging_mixin.py:188} INFO - [2025-10-31T02:29:01.050+0000] {dagbag.py:538} INFO - Filling up the DagBag from /opt/airflow/dags/dag_csv_to_postgres_dag.py
[2025-10-31T02:29:01.326+0000] {processor.py:840} INFO - DAG(s) 'load_csv_to_postgres' retrieved from /opt/airflow/dags/dag_csv_to_postgres_dag.py
[2025-10-31T02:29:01.552+0000] {logging_mixin.py:188} INFO - [2025-10-31T02:29:01.551+0000] {dag.py:3036} INFO - Sync 1 DAGs
[2025-10-31T02:29:01.690+0000] {logging_mixin.py:188} INFO - [2025-10-31T02:29:01.689+0000] {dag.py:3823} INFO - Setting next_dagrun for load_csv_to_postgres to None, run_after=None
[2025-10-31T02:29:02.251+0000] {processor.py:183} INFO - Processing /opt/airflow/dags/dag_csv_to_postgres_dag.py took 1.272 seconds
[2025-10-31T02:29:33.251+0000] {processor.py:161} INFO - Started process (PID=652) to work on /opt/airflow/dags/dag_csv_to_postgres_dag.py
[2025-10-31T02:29:33.305+0000] {processor.py:830} INFO - Processing file /opt/airflow/dags/dag_csv_to_postgres_dag.py for tasks to queue
[2025-10-31T02:29:33.332+0000] {logging_mixin.py:188} INFO - [2025-10-31T02:29:33.331+0000] {dagbag.py:538} INFO - Filling up the DagBag from /opt/airflow/dags/dag_csv_to_postgres_dag.py
[2025-10-31T02:29:34.283+0000] {processor.py:840} INFO - DAG(s) 'load_csv_to_postgres' retrieved from /opt/airflow/dags/dag_csv_to_postgres_dag.py
[2025-10-31T02:29:34.492+0000] {logging_mixin.py:188} INFO - [2025-10-31T02:29:34.492+0000] {dag.py:3036} INFO - Sync 1 DAGs
[2025-10-31T02:29:34.596+0000] {logging_mixin.py:188} INFO - [2025-10-31T02:29:34.595+0000] {dag.py:3823} INFO - Setting next_dagrun for load_csv_to_postgres to None, run_after=None
[2025-10-31T02:29:34.868+0000] {processor.py:183} INFO - Processing /opt/airflow/dags/dag_csv_to_postgres_dag.py took 1.678 seconds
[2025-10-31T02:30:06.598+0000] {processor.py:161} INFO - Started process (PID=665) to work on /opt/airflow/dags/dag_csv_to_postgres_dag.py
[2025-10-31T02:30:06.608+0000] {processor.py:830} INFO - Processing file /opt/airflow/dags/dag_csv_to_postgres_dag.py for tasks to queue
[2025-10-31T02:30:06.613+0000] {logging_mixin.py:188} INFO - [2025-10-31T02:30:06.611+0000] {dagbag.py:538} INFO - Filling up the DagBag from /opt/airflow/dags/dag_csv_to_postgres_dag.py
[2025-10-31T02:30:06.716+0000] {processor.py:840} INFO - DAG(s) 'load_csv_to_postgres' retrieved from /opt/airflow/dags/dag_csv_to_postgres_dag.py
[2025-10-31T02:30:06.904+0000] {logging_mixin.py:188} INFO - [2025-10-31T02:30:06.903+0000] {dag.py:3036} INFO - Sync 1 DAGs
[2025-10-31T02:30:08.475+0000] {logging_mixin.py:188} INFO - [2025-10-31T02:30:08.474+0000] {dag.py:3823} INFO - Setting next_dagrun for load_csv_to_postgres to None, run_after=None
[2025-10-31T02:30:08.659+0000] {processor.py:183} INFO - Processing /opt/airflow/dags/dag_csv_to_postgres_dag.py took 2.116 seconds
[2025-10-31T02:30:39.311+0000] {processor.py:161} INFO - Started process (PID=677) to work on /opt/airflow/dags/dag_csv_to_postgres_dag.py
[2025-10-31T02:30:39.318+0000] {processor.py:830} INFO - Processing file /opt/airflow/dags/dag_csv_to_postgres_dag.py for tasks to queue
[2025-10-31T02:30:39.325+0000] {logging_mixin.py:188} INFO - [2025-10-31T02:30:39.324+0000] {dagbag.py:538} INFO - Filling up the DagBag from /opt/airflow/dags/dag_csv_to_postgres_dag.py
[2025-10-31T02:30:39.569+0000] {processor.py:840} INFO - DAG(s) 'load_csv_to_postgres' retrieved from /opt/airflow/dags/dag_csv_to_postgres_dag.py
[2025-10-31T02:30:39.741+0000] {logging_mixin.py:188} INFO - [2025-10-31T02:30:39.741+0000] {dag.py:3036} INFO - Sync 1 DAGs
[2025-10-31T02:30:39.832+0000] {logging_mixin.py:188} INFO - [2025-10-31T02:30:39.831+0000] {dag.py:3823} INFO - Setting next_dagrun for load_csv_to_postgres to None, run_after=None
[2025-10-31T02:30:40.233+0000] {processor.py:183} INFO - Processing /opt/airflow/dags/dag_csv_to_postgres_dag.py took 0.935 seconds
[2025-10-31T02:31:35.131+0000] {processor.py:161} INFO - Started process (PID=690) to work on /opt/airflow/dags/dag_csv_to_postgres_dag.py
[2025-10-31T02:31:35.191+0000] {processor.py:830} INFO - Processing file /opt/airflow/dags/dag_csv_to_postgres_dag.py for tasks to queue
[2025-10-31T02:31:35.269+0000] {logging_mixin.py:188} INFO - [2025-10-31T02:31:35.268+0000] {dagbag.py:538} INFO - Filling up the DagBag from /opt/airflow/dags/dag_csv_to_postgres_dag.py
[2025-10-31T02:31:35.484+0000] {processor.py:840} INFO - DAG(s) 'load_csv_to_postgres' retrieved from /opt/airflow/dags/dag_csv_to_postgres_dag.py
[2025-10-31T02:31:36.758+0000] {logging_mixin.py:188} INFO - [2025-10-31T02:31:36.757+0000] {dag.py:3036} INFO - Sync 1 DAGs
[2025-10-31T02:31:37.090+0000] {logging_mixin.py:188} INFO - [2025-10-31T02:31:37.090+0000] {dag.py:3823} INFO - Setting next_dagrun for load_csv_to_postgres to None, run_after=None
[2025-10-31T02:31:37.269+0000] {processor.py:183} INFO - Processing /opt/airflow/dags/dag_csv_to_postgres_dag.py took 2.185 seconds
[2025-10-31T02:32:07.817+0000] {processor.py:161} INFO - Started process (PID=700) to work on /opt/airflow/dags/dag_csv_to_postgres_dag.py
[2025-10-31T02:32:07.831+0000] {processor.py:830} INFO - Processing file /opt/airflow/dags/dag_csv_to_postgres_dag.py for tasks to queue
[2025-10-31T02:32:07.843+0000] {logging_mixin.py:188} INFO - [2025-10-31T02:32:07.841+0000] {dagbag.py:538} INFO - Filling up the DagBag from /opt/airflow/dags/dag_csv_to_postgres_dag.py
[2025-10-31T02:32:07.988+0000] {processor.py:840} INFO - DAG(s) 'load_csv_to_postgres' retrieved from /opt/airflow/dags/dag_csv_to_postgres_dag.py
[2025-10-31T02:32:08.116+0000] {logging_mixin.py:188} INFO - [2025-10-31T02:32:08.115+0000] {dag.py:3036} INFO - Sync 1 DAGs
[2025-10-31T02:32:08.186+0000] {logging_mixin.py:188} INFO - [2025-10-31T02:32:08.185+0000] {dag.py:3823} INFO - Setting next_dagrun for load_csv_to_postgres to None, run_after=None
[2025-10-31T02:32:08.333+0000] {processor.py:183} INFO - Processing /opt/airflow/dags/dag_csv_to_postgres_dag.py took 0.537 seconds
[2025-10-31T02:32:38.762+0000] {processor.py:161} INFO - Started process (PID=713) to work on /opt/airflow/dags/dag_csv_to_postgres_dag.py
[2025-10-31T02:32:38.764+0000] {processor.py:830} INFO - Processing file /opt/airflow/dags/dag_csv_to_postgres_dag.py for tasks to queue
[2025-10-31T02:32:38.766+0000] {logging_mixin.py:188} INFO - [2025-10-31T02:32:38.765+0000] {dagbag.py:538} INFO - Filling up the DagBag from /opt/airflow/dags/dag_csv_to_postgres_dag.py
[2025-10-31T02:32:38.818+0000] {processor.py:840} INFO - DAG(s) 'load_csv_to_postgres' retrieved from /opt/airflow/dags/dag_csv_to_postgres_dag.py
[2025-10-31T02:32:38.971+0000] {logging_mixin.py:188} INFO - [2025-10-31T02:32:38.968+0000] {dag.py:3036} INFO - Sync 1 DAGs
[2025-10-31T02:32:39.002+0000] {logging_mixin.py:188} INFO - [2025-10-31T02:32:39.002+0000] {dag.py:3823} INFO - Setting next_dagrun for load_csv_to_postgres to None, run_after=None
[2025-10-31T02:32:39.324+0000] {processor.py:183} INFO - Processing /opt/airflow/dags/dag_csv_to_postgres_dag.py took 0.568 seconds
[2025-10-31T02:33:10.150+0000] {processor.py:161} INFO - Started process (PID=725) to work on /opt/airflow/dags/dag_csv_to_postgres_dag.py
[2025-10-31T02:33:10.155+0000] {processor.py:830} INFO - Processing file /opt/airflow/dags/dag_csv_to_postgres_dag.py for tasks to queue
[2025-10-31T02:33:10.157+0000] {logging_mixin.py:188} INFO - [2025-10-31T02:33:10.156+0000] {dagbag.py:538} INFO - Filling up the DagBag from /opt/airflow/dags/dag_csv_to_postgres_dag.py
[2025-10-31T02:33:10.194+0000] {processor.py:840} INFO - DAG(s) 'load_csv_to_postgres' retrieved from /opt/airflow/dags/dag_csv_to_postgres_dag.py
[2025-10-31T02:33:10.352+0000] {logging_mixin.py:188} INFO - [2025-10-31T02:33:10.351+0000] {dag.py:3036} INFO - Sync 1 DAGs
[2025-10-31T02:33:10.504+0000] {logging_mixin.py:188} INFO - [2025-10-31T02:33:10.503+0000] {dag.py:3823} INFO - Setting next_dagrun for load_csv_to_postgres to None, run_after=None
[2025-10-31T02:33:10.680+0000] {processor.py:183} INFO - Processing /opt/airflow/dags/dag_csv_to_postgres_dag.py took 0.537 seconds
[2025-10-31T02:33:42.276+0000] {processor.py:161} INFO - Started process (PID=737) to work on /opt/airflow/dags/dag_csv_to_postgres_dag.py
[2025-10-31T02:33:42.405+0000] {processor.py:830} INFO - Processing file /opt/airflow/dags/dag_csv_to_postgres_dag.py for tasks to queue
[2025-10-31T02:33:42.427+0000] {logging_mixin.py:188} INFO - [2025-10-31T02:33:42.426+0000] {dagbag.py:538} INFO - Filling up the DagBag from /opt/airflow/dags/dag_csv_to_postgres_dag.py
[2025-10-31T02:33:42.602+0000] {processor.py:840} INFO - DAG(s) 'load_csv_to_postgres' retrieved from /opt/airflow/dags/dag_csv_to_postgres_dag.py
[2025-10-31T02:33:42.796+0000] {logging_mixin.py:188} INFO - [2025-10-31T02:33:42.795+0000] {dag.py:3036} INFO - Sync 1 DAGs
[2025-10-31T02:33:42.892+0000] {logging_mixin.py:188} INFO - [2025-10-31T02:33:42.880+0000] {dag.py:3823} INFO - Setting next_dagrun for load_csv_to_postgres to None, run_after=None
[2025-10-31T02:33:43.114+0000] {processor.py:183} INFO - Processing /opt/airflow/dags/dag_csv_to_postgres_dag.py took 0.857 seconds
[2025-10-31T02:34:14.483+0000] {processor.py:161} INFO - Started process (PID=749) to work on /opt/airflow/dags/dag_csv_to_postgres_dag.py
[2025-10-31T02:34:14.663+0000] {processor.py:830} INFO - Processing file /opt/airflow/dags/dag_csv_to_postgres_dag.py for tasks to queue
[2025-10-31T02:34:14.673+0000] {logging_mixin.py:188} INFO - [2025-10-31T02:34:14.672+0000] {dagbag.py:538} INFO - Filling up the DagBag from /opt/airflow/dags/dag_csv_to_postgres_dag.py
[2025-10-31T02:34:15.062+0000] {processor.py:840} INFO - DAG(s) 'load_csv_to_postgres' retrieved from /opt/airflow/dags/dag_csv_to_postgres_dag.py
[2025-10-31T02:34:15.317+0000] {logging_mixin.py:188} INFO - [2025-10-31T02:34:15.317+0000] {dag.py:3036} INFO - Sync 1 DAGs
[2025-10-31T02:34:15.398+0000] {logging_mixin.py:188} INFO - [2025-10-31T02:34:15.397+0000] {dag.py:3823} INFO - Setting next_dagrun for load_csv_to_postgres to None, run_after=None
[2025-10-31T02:34:15.557+0000] {processor.py:183} INFO - Processing /opt/airflow/dags/dag_csv_to_postgres_dag.py took 1.091 seconds
[2025-10-31T02:34:46.054+0000] {processor.py:161} INFO - Started process (PID=761) to work on /opt/airflow/dags/dag_csv_to_postgres_dag.py
[2025-10-31T02:34:46.057+0000] {processor.py:830} INFO - Processing file /opt/airflow/dags/dag_csv_to_postgres_dag.py for tasks to queue
[2025-10-31T02:34:46.059+0000] {logging_mixin.py:188} INFO - [2025-10-31T02:34:46.058+0000] {dagbag.py:538} INFO - Filling up the DagBag from /opt/airflow/dags/dag_csv_to_postgres_dag.py
[2025-10-31T02:34:46.090+0000] {processor.py:840} INFO - DAG(s) 'load_csv_to_postgres' retrieved from /opt/airflow/dags/dag_csv_to_postgres_dag.py
[2025-10-31T02:34:46.153+0000] {logging_mixin.py:188} INFO - [2025-10-31T02:34:46.152+0000] {dag.py:3036} INFO - Sync 1 DAGs
[2025-10-31T02:34:46.180+0000] {logging_mixin.py:188} INFO - [2025-10-31T02:34:46.180+0000] {dag.py:3823} INFO - Setting next_dagrun for load_csv_to_postgres to None, run_after=None
[2025-10-31T02:34:46.512+0000] {processor.py:183} INFO - Processing /opt/airflow/dags/dag_csv_to_postgres_dag.py took 0.468 seconds
[2025-10-31T02:35:17.246+0000] {processor.py:161} INFO - Started process (PID=773) to work on /opt/airflow/dags/dag_csv_to_postgres_dag.py
[2025-10-31T02:35:17.249+0000] {processor.py:830} INFO - Processing file /opt/airflow/dags/dag_csv_to_postgres_dag.py for tasks to queue
[2025-10-31T02:35:17.252+0000] {logging_mixin.py:188} INFO - [2025-10-31T02:35:17.251+0000] {dagbag.py:538} INFO - Filling up the DagBag from /opt/airflow/dags/dag_csv_to_postgres_dag.py
[2025-10-31T02:35:17.285+0000] {processor.py:840} INFO - DAG(s) 'load_csv_to_postgres' retrieved from /opt/airflow/dags/dag_csv_to_postgres_dag.py
[2025-10-31T02:35:17.363+0000] {logging_mixin.py:188} INFO - [2025-10-31T02:35:17.363+0000] {dag.py:3036} INFO - Sync 1 DAGs
[2025-10-31T02:35:17.382+0000] {logging_mixin.py:188} INFO - [2025-10-31T02:35:17.382+0000] {dag.py:3823} INFO - Setting next_dagrun for load_csv_to_postgres to None, run_after=None
[2025-10-31T02:35:17.455+0000] {processor.py:183} INFO - Processing /opt/airflow/dags/dag_csv_to_postgres_dag.py took 0.220 seconds
[2025-10-31T02:35:47.674+0000] {processor.py:161} INFO - Started process (PID=785) to work on /opt/airflow/dags/dag_csv_to_postgres_dag.py
[2025-10-31T02:35:47.676+0000] {processor.py:830} INFO - Processing file /opt/airflow/dags/dag_csv_to_postgres_dag.py for tasks to queue
[2025-10-31T02:35:47.679+0000] {logging_mixin.py:188} INFO - [2025-10-31T02:35:47.678+0000] {dagbag.py:538} INFO - Filling up the DagBag from /opt/airflow/dags/dag_csv_to_postgres_dag.py
[2025-10-31T02:35:47.739+0000] {processor.py:840} INFO - DAG(s) 'load_csv_to_postgres' retrieved from /opt/airflow/dags/dag_csv_to_postgres_dag.py
[2025-10-31T02:35:47.813+0000] {logging_mixin.py:188} INFO - [2025-10-31T02:35:47.812+0000] {dag.py:3036} INFO - Sync 1 DAGs
[2025-10-31T02:35:47.841+0000] {logging_mixin.py:188} INFO - [2025-10-31T02:35:47.840+0000] {dag.py:3823} INFO - Setting next_dagrun for load_csv_to_postgres to None, run_after=None
[2025-10-31T02:35:48.226+0000] {processor.py:183} INFO - Processing /opt/airflow/dags/dag_csv_to_postgres_dag.py took 0.566 seconds
[2025-10-31T02:36:18.813+0000] {processor.py:161} INFO - Started process (PID=797) to work on /opt/airflow/dags/dag_csv_to_postgres_dag.py
[2025-10-31T02:36:18.823+0000] {processor.py:830} INFO - Processing file /opt/airflow/dags/dag_csv_to_postgres_dag.py for tasks to queue
[2025-10-31T02:36:18.826+0000] {logging_mixin.py:188} INFO - [2025-10-31T02:36:18.825+0000] {dagbag.py:538} INFO - Filling up the DagBag from /opt/airflow/dags/dag_csv_to_postgres_dag.py
[2025-10-31T02:36:18.967+0000] {processor.py:840} INFO - DAG(s) 'load_csv_to_postgres' retrieved from /opt/airflow/dags/dag_csv_to_postgres_dag.py
[2025-10-31T02:36:19.175+0000] {logging_mixin.py:188} INFO - [2025-10-31T02:36:19.175+0000] {dag.py:3036} INFO - Sync 1 DAGs
[2025-10-31T02:36:19.281+0000] {logging_mixin.py:188} INFO - [2025-10-31T02:36:19.280+0000] {dag.py:3823} INFO - Setting next_dagrun for load_csv_to_postgres to None, run_after=None
[2025-10-31T02:36:19.474+0000] {processor.py:183} INFO - Processing /opt/airflow/dags/dag_csv_to_postgres_dag.py took 0.673 seconds
[2025-10-31T02:36:49.902+0000] {processor.py:161} INFO - Started process (PID=808) to work on /opt/airflow/dags/dag_csv_to_postgres_dag.py
[2025-10-31T02:36:49.904+0000] {processor.py:830} INFO - Processing file /opt/airflow/dags/dag_csv_to_postgres_dag.py for tasks to queue
[2025-10-31T02:36:49.906+0000] {logging_mixin.py:188} INFO - [2025-10-31T02:36:49.906+0000] {dagbag.py:538} INFO - Filling up the DagBag from /opt/airflow/dags/dag_csv_to_postgres_dag.py
[2025-10-31T02:36:49.940+0000] {processor.py:840} INFO - DAG(s) 'load_csv_to_postgres' retrieved from /opt/airflow/dags/dag_csv_to_postgres_dag.py
[2025-10-31T02:36:49.997+0000] {logging_mixin.py:188} INFO - [2025-10-31T02:36:49.997+0000] {dag.py:3036} INFO - Sync 1 DAGs
[2025-10-31T02:36:50.024+0000] {logging_mixin.py:188} INFO - [2025-10-31T02:36:50.024+0000] {dag.py:3823} INFO - Setting next_dagrun for load_csv_to_postgres to None, run_after=None
[2025-10-31T02:36:50.086+0000] {processor.py:183} INFO - Processing /opt/airflow/dags/dag_csv_to_postgres_dag.py took 0.195 seconds
[2025-10-31T02:37:20.448+0000] {processor.py:161} INFO - Started process (PID=820) to work on /opt/airflow/dags/dag_csv_to_postgres_dag.py
[2025-10-31T02:37:20.451+0000] {processor.py:830} INFO - Processing file /opt/airflow/dags/dag_csv_to_postgres_dag.py for tasks to queue
[2025-10-31T02:37:20.455+0000] {logging_mixin.py:188} INFO - [2025-10-31T02:37:20.454+0000] {dagbag.py:538} INFO - Filling up the DagBag from /opt/airflow/dags/dag_csv_to_postgres_dag.py
[2025-10-31T02:37:20.497+0000] {processor.py:840} INFO - DAG(s) 'load_csv_to_postgres' retrieved from /opt/airflow/dags/dag_csv_to_postgres_dag.py
[2025-10-31T02:37:20.558+0000] {logging_mixin.py:188} INFO - [2025-10-31T02:37:20.558+0000] {dag.py:3036} INFO - Sync 1 DAGs
[2025-10-31T02:37:20.593+0000] {logging_mixin.py:188} INFO - [2025-10-31T02:37:20.593+0000] {dag.py:3823} INFO - Setting next_dagrun for load_csv_to_postgres to None, run_after=None
[2025-10-31T02:37:20.947+0000] {processor.py:183} INFO - Processing /opt/airflow/dags/dag_csv_to_postgres_dag.py took 0.513 seconds
[2025-10-31T02:37:53.065+0000] {processor.py:161} INFO - Started process (PID=832) to work on /opt/airflow/dags/dag_csv_to_postgres_dag.py
[2025-10-31T02:37:53.071+0000] {processor.py:830} INFO - Processing file /opt/airflow/dags/dag_csv_to_postgres_dag.py for tasks to queue
[2025-10-31T02:37:53.079+0000] {logging_mixin.py:188} INFO - [2025-10-31T02:37:53.078+0000] {dagbag.py:538} INFO - Filling up the DagBag from /opt/airflow/dags/dag_csv_to_postgres_dag.py
[2025-10-31T02:37:53.162+0000] {processor.py:840} INFO - DAG(s) 'load_csv_to_postgres' retrieved from /opt/airflow/dags/dag_csv_to_postgres_dag.py
[2025-10-31T02:37:53.223+0000] {logging_mixin.py:188} INFO - [2025-10-31T02:37:53.222+0000] {dag.py:3036} INFO - Sync 1 DAGs
[2025-10-31T02:37:53.307+0000] {logging_mixin.py:188} INFO - [2025-10-31T02:37:53.306+0000] {dag.py:3823} INFO - Setting next_dagrun for load_csv_to_postgres to None, run_after=None
[2025-10-31T02:37:53.495+0000] {processor.py:183} INFO - Processing /opt/airflow/dags/dag_csv_to_postgres_dag.py took 0.446 seconds
[2025-10-31T02:38:23.680+0000] {processor.py:161} INFO - Started process (PID=844) to work on /opt/airflow/dags/dag_csv_to_postgres_dag.py
[2025-10-31T02:38:23.682+0000] {processor.py:830} INFO - Processing file /opt/airflow/dags/dag_csv_to_postgres_dag.py for tasks to queue
[2025-10-31T02:38:23.684+0000] {logging_mixin.py:188} INFO - [2025-10-31T02:38:23.683+0000] {dagbag.py:538} INFO - Filling up the DagBag from /opt/airflow/dags/dag_csv_to_postgres_dag.py
[2025-10-31T02:38:23.721+0000] {processor.py:840} INFO - DAG(s) 'load_csv_to_postgres' retrieved from /opt/airflow/dags/dag_csv_to_postgres_dag.py
[2025-10-31T02:38:23.788+0000] {logging_mixin.py:188} INFO - [2025-10-31T02:38:23.787+0000] {dag.py:3036} INFO - Sync 1 DAGs
[2025-10-31T02:38:23.823+0000] {logging_mixin.py:188} INFO - [2025-10-31T02:38:23.822+0000] {dag.py:3823} INFO - Setting next_dagrun for load_csv_to_postgres to None, run_after=None
[2025-10-31T02:38:24.457+0000] {processor.py:183} INFO - Processing /opt/airflow/dags/dag_csv_to_postgres_dag.py took 0.784 seconds
