[2025-10-31T01:48:34.720+0000] {processor.py:161} INFO - Started process (PID=52) to work on /opt/airflow/dags/dbt_local_dag.py
[2025-10-31T01:48:34.783+0000] {processor.py:830} INFO - Processing file /opt/airflow/dags/dbt_local_dag.py for tasks to queue
[2025-10-31T01:48:34.869+0000] {logging_mixin.py:188} INFO - [2025-10-31T01:48:34.868+0000] {dagbag.py:538} INFO - Filling up the DagBag from /opt/airflow/dags/dbt_local_dag.py
[2025-10-31T01:48:36.011+0000] {processor.py:840} INFO - DAG(s) 'dag_dbt_pipeline' retrieved from /opt/airflow/dags/dbt_local_dag.py
[2025-10-31T01:48:45.133+0000] {logging_mixin.py:188} INFO - [2025-10-31T01:48:45.132+0000] {dag.py:3036} INFO - Sync 1 DAGs
[2025-10-31T01:48:46.020+0000] {logging_mixin.py:188} INFO - [2025-10-31T01:48:46.020+0000] {dag.py:3823} INFO - Setting next_dagrun for dag_dbt_pipeline to 2025-10-30 00:00:00+00:00, run_after=2025-10-31 00:00:00+00:00
[2025-10-31T01:48:47.061+0000] {processor.py:183} INFO - Processing /opt/airflow/dags/dbt_local_dag.py took 11.382 seconds
[2025-10-31T01:49:23.369+0000] {processor.py:161} INFO - Started process (PID=71) to work on /opt/airflow/dags/dbt_local_dag.py
[2025-10-31T01:49:23.383+0000] {processor.py:830} INFO - Processing file /opt/airflow/dags/dbt_local_dag.py for tasks to queue
[2025-10-31T01:49:23.399+0000] {logging_mixin.py:188} INFO - [2025-10-31T01:49:23.388+0000] {dagbag.py:538} INFO - Filling up the DagBag from /opt/airflow/dags/dbt_local_dag.py
[2025-10-31T01:49:23.813+0000] {processor.py:840} INFO - DAG(s) 'dag_dbt_pipeline' retrieved from /opt/airflow/dags/dbt_local_dag.py
[2025-10-31T01:49:24.635+0000] {logging_mixin.py:188} INFO - [2025-10-31T01:49:24.634+0000] {dag.py:3036} INFO - Sync 1 DAGs
[2025-10-31T01:49:27.266+0000] {logging_mixin.py:188} INFO - [2025-10-31T01:49:27.266+0000] {dag.py:3823} INFO - Setting next_dagrun for dag_dbt_pipeline to 2025-10-31 00:00:00+00:00, run_after=2025-11-01 00:00:00+00:00
[2025-10-31T01:49:28.763+0000] {processor.py:183} INFO - Processing /opt/airflow/dags/dbt_local_dag.py took 5.300 seconds
[2025-10-31T01:50:00.131+0000] {processor.py:161} INFO - Started process (PID=80) to work on /opt/airflow/dags/dbt_local_dag.py
[2025-10-31T01:50:00.164+0000] {processor.py:830} INFO - Processing file /opt/airflow/dags/dbt_local_dag.py for tasks to queue
[2025-10-31T01:50:00.211+0000] {logging_mixin.py:188} INFO - [2025-10-31T01:50:00.193+0000] {dagbag.py:538} INFO - Filling up the DagBag from /opt/airflow/dags/dbt_local_dag.py
[2025-10-31T01:50:00.359+0000] {processor.py:840} INFO - DAG(s) 'dag_dbt_pipeline' retrieved from /opt/airflow/dags/dbt_local_dag.py
[2025-10-31T01:50:00.749+0000] {logging_mixin.py:188} INFO - [2025-10-31T01:50:00.748+0000] {dag.py:3036} INFO - Sync 1 DAGs
[2025-10-31T01:50:01.230+0000] {logging_mixin.py:188} INFO - [2025-10-31T01:50:01.229+0000] {dag.py:3823} INFO - Setting next_dagrun for dag_dbt_pipeline to 2025-10-31 00:00:00+00:00, run_after=2025-11-01 00:00:00+00:00
[2025-10-31T01:50:01.419+0000] {processor.py:183} INFO - Processing /opt/airflow/dags/dbt_local_dag.py took 1.350 seconds
[2025-10-31T01:50:53.370+0000] {processor.py:161} INFO - Started process (PID=92) to work on /opt/airflow/dags/dbt_local_dag.py
[2025-10-31T01:50:53.401+0000] {processor.py:830} INFO - Processing file /opt/airflow/dags/dbt_local_dag.py for tasks to queue
[2025-10-31T01:50:53.424+0000] {logging_mixin.py:188} INFO - [2025-10-31T01:50:53.423+0000] {dagbag.py:538} INFO - Filling up the DagBag from /opt/airflow/dags/dbt_local_dag.py
[2025-10-31T01:50:54.220+0000] {processor.py:840} INFO - DAG(s) 'dag_dbt_pipeline' retrieved from /opt/airflow/dags/dbt_local_dag.py
[2025-10-31T01:50:54.786+0000] {logging_mixin.py:188} INFO - [2025-10-31T01:50:54.751+0000] {dag.py:3036} INFO - Sync 1 DAGs
[2025-10-31T01:50:55.715+0000] {logging_mixin.py:188} INFO - [2025-10-31T01:50:55.714+0000] {dag.py:3823} INFO - Setting next_dagrun for dag_dbt_pipeline to 2025-10-31 00:00:00+00:00, run_after=2025-11-01 00:00:00+00:00
[2025-10-31T01:50:56.332+0000] {processor.py:183} INFO - Processing /opt/airflow/dags/dbt_local_dag.py took 3.028 seconds
[2025-10-31T01:51:52.836+0000] {processor.py:161} INFO - Started process (PID=109) to work on /opt/airflow/dags/dbt_local_dag.py
[2025-10-31T01:51:52.851+0000] {processor.py:830} INFO - Processing file /opt/airflow/dags/dbt_local_dag.py for tasks to queue
[2025-10-31T01:51:52.990+0000] {logging_mixin.py:188} INFO - [2025-10-31T01:51:52.882+0000] {dagbag.py:538} INFO - Filling up the DagBag from /opt/airflow/dags/dbt_local_dag.py
[2025-10-31T01:51:56.216+0000] {processor.py:840} INFO - DAG(s) 'dag_dbt_pipeline' retrieved from /opt/airflow/dags/dbt_local_dag.py
[2025-10-31T01:52:02.690+0000] {logging_mixin.py:188} INFO - [2025-10-31T01:52:02.689+0000] {dag.py:3036} INFO - Sync 1 DAGs
[2025-10-31T01:52:09.996+0000] {logging_mixin.py:188} INFO - [2025-10-31T01:52:09.995+0000] {dag.py:3823} INFO - Setting next_dagrun for dag_dbt_pipeline to 2025-10-31 00:00:00+00:00, run_after=2025-11-01 00:00:00+00:00
[2025-10-31T01:52:12.573+0000] {processor.py:183} INFO - Processing /opt/airflow/dags/dbt_local_dag.py took 20.306 seconds
[2025-10-31T01:53:10.409+0000] {processor.py:161} INFO - Started process (PID=126) to work on /opt/airflow/dags/dbt_local_dag.py
[2025-10-31T01:53:10.543+0000] {processor.py:830} INFO - Processing file /opt/airflow/dags/dbt_local_dag.py for tasks to queue
[2025-10-31T01:53:10.556+0000] {logging_mixin.py:188} INFO - [2025-10-31T01:53:10.550+0000] {dagbag.py:538} INFO - Filling up the DagBag from /opt/airflow/dags/dbt_local_dag.py
[2025-10-31T01:53:12.585+0000] {processor.py:840} INFO - DAG(s) 'dag_dbt_pipeline' retrieved from /opt/airflow/dags/dbt_local_dag.py
[2025-10-31T01:53:33.049+0000] {logging_mixin.py:188} INFO - [2025-10-31T01:53:33.048+0000] {dag.py:3036} INFO - Sync 1 DAGs
[2025-10-31T01:53:42.280+0000] {logging_mixin.py:188} INFO - [2025-10-31T01:53:42.277+0000] {dag.py:3823} INFO - Setting next_dagrun for dag_dbt_pipeline to 2025-10-31 00:00:00+00:00, run_after=2025-11-01 00:00:00+00:00
[2025-10-31T01:53:44.284+0000] {processor.py:183} INFO - Processing /opt/airflow/dags/dbt_local_dag.py took 33.083 seconds
[2025-10-31T02:01:26.730+0000] {processor.py:161} INFO - Started process (PID=55) to work on /opt/airflow/dags/dbt_local_dag.py
[2025-10-31T02:01:26.743+0000] {processor.py:830} INFO - Processing file /opt/airflow/dags/dbt_local_dag.py for tasks to queue
[2025-10-31T02:01:26.758+0000] {logging_mixin.py:188} INFO - [2025-10-31T02:01:26.757+0000] {dagbag.py:538} INFO - Filling up the DagBag from /opt/airflow/dags/dbt_local_dag.py
[2025-10-31T02:01:26.865+0000] {processor.py:840} INFO - DAG(s) 'dag_dbt_pipeline' retrieved from /opt/airflow/dags/dbt_local_dag.py
[2025-10-31T02:01:29.315+0000] {logging_mixin.py:188} INFO - [2025-10-31T02:01:29.315+0000] {dag.py:3036} INFO - Sync 1 DAGs
[2025-10-31T02:01:29.705+0000] {logging_mixin.py:188} INFO - [2025-10-31T02:01:29.704+0000] {dag.py:3823} INFO - Setting next_dagrun for dag_dbt_pipeline to 2025-10-31 00:00:00+00:00, run_after=2025-11-01 00:00:00+00:00
[2025-10-31T02:01:30.650+0000] {processor.py:183} INFO - Processing /opt/airflow/dags/dbt_local_dag.py took 3.959 seconds
[2025-10-31T02:02:01.963+0000] {processor.py:161} INFO - Started process (PID=75) to work on /opt/airflow/dags/dbt_local_dag.py
[2025-10-31T02:02:01.982+0000] {processor.py:830} INFO - Processing file /opt/airflow/dags/dbt_local_dag.py for tasks to queue
[2025-10-31T02:02:02.018+0000] {logging_mixin.py:188} INFO - [2025-10-31T02:02:02.017+0000] {dagbag.py:538} INFO - Filling up the DagBag from /opt/airflow/dags/dbt_local_dag.py
[2025-10-31T02:02:02.257+0000] {processor.py:840} INFO - DAG(s) 'dag_dbt_pipeline' retrieved from /opt/airflow/dags/dbt_local_dag.py
[2025-10-31T02:02:02.512+0000] {logging_mixin.py:188} INFO - [2025-10-31T02:02:02.508+0000] {dag.py:3036} INFO - Sync 1 DAGs
[2025-10-31T02:02:02.742+0000] {logging_mixin.py:188} INFO - [2025-10-31T02:02:02.741+0000] {dag.py:3823} INFO - Setting next_dagrun for dag_dbt_pipeline to 2025-10-31 00:00:00+00:00, run_after=2025-11-01 00:00:00+00:00
[2025-10-31T02:02:02.954+0000] {processor.py:183} INFO - Processing /opt/airflow/dags/dbt_local_dag.py took 1.025 seconds
[2025-10-31T02:02:35.291+0000] {processor.py:161} INFO - Started process (PID=88) to work on /opt/airflow/dags/dbt_local_dag.py
[2025-10-31T02:02:35.319+0000] {processor.py:830} INFO - Processing file /opt/airflow/dags/dbt_local_dag.py for tasks to queue
[2025-10-31T02:02:35.366+0000] {logging_mixin.py:188} INFO - [2025-10-31T02:02:35.354+0000] {dagbag.py:538} INFO - Filling up the DagBag from /opt/airflow/dags/dbt_local_dag.py
[2025-10-31T02:02:35.808+0000] {processor.py:840} INFO - DAG(s) 'dag_dbt_pipeline' retrieved from /opt/airflow/dags/dbt_local_dag.py
[2025-10-31T02:02:36.015+0000] {logging_mixin.py:188} INFO - [2025-10-31T02:02:36.014+0000] {dag.py:3036} INFO - Sync 1 DAGs
[2025-10-31T02:02:36.384+0000] {logging_mixin.py:188} INFO - [2025-10-31T02:02:36.372+0000] {dag.py:3823} INFO - Setting next_dagrun for dag_dbt_pipeline to 2025-10-31 00:00:00+00:00, run_after=2025-11-01 00:00:00+00:00
[2025-10-31T02:02:36.539+0000] {processor.py:183} INFO - Processing /opt/airflow/dags/dbt_local_dag.py took 1.294 seconds
[2025-10-31T02:03:07.066+0000] {processor.py:161} INFO - Started process (PID=100) to work on /opt/airflow/dags/dbt_local_dag.py
[2025-10-31T02:03:07.144+0000] {processor.py:830} INFO - Processing file /opt/airflow/dags/dbt_local_dag.py for tasks to queue
[2025-10-31T02:03:07.159+0000] {logging_mixin.py:188} INFO - [2025-10-31T02:03:07.158+0000] {dagbag.py:538} INFO - Filling up the DagBag from /opt/airflow/dags/dbt_local_dag.py
[2025-10-31T02:03:07.502+0000] {processor.py:840} INFO - DAG(s) 'dag_dbt_pipeline' retrieved from /opt/airflow/dags/dbt_local_dag.py
[2025-10-31T02:03:08.503+0000] {logging_mixin.py:188} INFO - [2025-10-31T02:03:08.503+0000] {dag.py:3036} INFO - Sync 1 DAGs
[2025-10-31T02:03:08.796+0000] {logging_mixin.py:188} INFO - [2025-10-31T02:03:08.795+0000] {dag.py:3823} INFO - Setting next_dagrun for dag_dbt_pipeline to 2025-10-31 00:00:00+00:00, run_after=2025-11-01 00:00:00+00:00
[2025-10-31T02:03:09.007+0000] {processor.py:183} INFO - Processing /opt/airflow/dags/dbt_local_dag.py took 1.960 seconds
[2025-10-31T02:03:40.807+0000] {processor.py:161} INFO - Started process (PID=111) to work on /opt/airflow/dags/dbt_local_dag.py
[2025-10-31T02:03:40.863+0000] {processor.py:830} INFO - Processing file /opt/airflow/dags/dbt_local_dag.py for tasks to queue
[2025-10-31T02:03:40.899+0000] {logging_mixin.py:188} INFO - [2025-10-31T02:03:40.898+0000] {dagbag.py:538} INFO - Filling up the DagBag from /opt/airflow/dags/dbt_local_dag.py
[2025-10-31T02:03:41.716+0000] {processor.py:840} INFO - DAG(s) 'dag_dbt_pipeline' retrieved from /opt/airflow/dags/dbt_local_dag.py
[2025-10-31T02:03:42.047+0000] {logging_mixin.py:188} INFO - [2025-10-31T02:03:42.046+0000] {dag.py:3036} INFO - Sync 1 DAGs
[2025-10-31T02:03:42.262+0000] {logging_mixin.py:188} INFO - [2025-10-31T02:03:42.261+0000] {dag.py:3823} INFO - Setting next_dagrun for dag_dbt_pipeline to 2025-10-31 00:00:00+00:00, run_after=2025-11-01 00:00:00+00:00
[2025-10-31T02:03:42.600+0000] {processor.py:183} INFO - Processing /opt/airflow/dags/dbt_local_dag.py took 1.863 seconds
[2025-10-31T02:04:13.564+0000] {processor.py:161} INFO - Started process (PID=123) to work on /opt/airflow/dags/dbt_local_dag.py
[2025-10-31T02:04:13.566+0000] {processor.py:830} INFO - Processing file /opt/airflow/dags/dbt_local_dag.py for tasks to queue
[2025-10-31T02:04:13.572+0000] {logging_mixin.py:188} INFO - [2025-10-31T02:04:13.571+0000] {dagbag.py:538} INFO - Filling up the DagBag from /opt/airflow/dags/dbt_local_dag.py
[2025-10-31T02:04:14.691+0000] {processor.py:840} INFO - DAG(s) 'dag_dbt_pipeline' retrieved from /opt/airflow/dags/dbt_local_dag.py
[2025-10-31T02:04:14.941+0000] {logging_mixin.py:188} INFO - [2025-10-31T02:04:14.930+0000] {dag.py:3036} INFO - Sync 1 DAGs
[2025-10-31T02:04:15.166+0000] {logging_mixin.py:188} INFO - [2025-10-31T02:04:15.154+0000] {dag.py:3823} INFO - Setting next_dagrun for dag_dbt_pipeline to 2025-10-31 00:00:00+00:00, run_after=2025-11-01 00:00:00+00:00
[2025-10-31T02:04:15.291+0000] {processor.py:183} INFO - Processing /opt/airflow/dags/dbt_local_dag.py took 1.736 seconds
[2025-10-31T02:04:45.968+0000] {processor.py:161} INFO - Started process (PID=135) to work on /opt/airflow/dags/dbt_local_dag.py
[2025-10-31T02:04:45.971+0000] {processor.py:830} INFO - Processing file /opt/airflow/dags/dbt_local_dag.py for tasks to queue
[2025-10-31T02:04:45.976+0000] {logging_mixin.py:188} INFO - [2025-10-31T02:04:45.975+0000] {dagbag.py:538} INFO - Filling up the DagBag from /opt/airflow/dags/dbt_local_dag.py
[2025-10-31T02:04:46.044+0000] {processor.py:840} INFO - DAG(s) 'dag_dbt_pipeline' retrieved from /opt/airflow/dags/dbt_local_dag.py
[2025-10-31T02:04:46.128+0000] {logging_mixin.py:188} INFO - [2025-10-31T02:04:46.128+0000] {dag.py:3036} INFO - Sync 1 DAGs
[2025-10-31T02:04:46.456+0000] {logging_mixin.py:188} INFO - [2025-10-31T02:04:46.456+0000] {dag.py:3823} INFO - Setting next_dagrun for dag_dbt_pipeline to 2025-10-31 00:00:00+00:00, run_after=2025-11-01 00:00:00+00:00
[2025-10-31T02:04:46.692+0000] {processor.py:183} INFO - Processing /opt/airflow/dags/dbt_local_dag.py took 0.731 seconds
[2025-10-31T02:05:17.086+0000] {processor.py:161} INFO - Started process (PID=147) to work on /opt/airflow/dags/dbt_local_dag.py
[2025-10-31T02:05:17.088+0000] {processor.py:830} INFO - Processing file /opt/airflow/dags/dbt_local_dag.py for tasks to queue
[2025-10-31T02:05:17.092+0000] {logging_mixin.py:188} INFO - [2025-10-31T02:05:17.091+0000] {dagbag.py:538} INFO - Filling up the DagBag from /opt/airflow/dags/dbt_local_dag.py
[2025-10-31T02:05:17.163+0000] {processor.py:840} INFO - DAG(s) 'dag_dbt_pipeline' retrieved from /opt/airflow/dags/dbt_local_dag.py
[2025-10-31T02:05:17.251+0000] {logging_mixin.py:188} INFO - [2025-10-31T02:05:17.250+0000] {dag.py:3036} INFO - Sync 1 DAGs
[2025-10-31T02:05:17.354+0000] {logging_mixin.py:188} INFO - [2025-10-31T02:05:17.354+0000] {dag.py:3823} INFO - Setting next_dagrun for dag_dbt_pipeline to 2025-10-31 00:00:00+00:00, run_after=2025-11-01 00:00:00+00:00
[2025-10-31T02:05:17.466+0000] {processor.py:183} INFO - Processing /opt/airflow/dags/dbt_local_dag.py took 0.385 seconds
[2025-10-31T02:05:54.913+0000] {processor.py:161} INFO - Started process (PID=159) to work on /opt/airflow/dags/dbt_local_dag.py
[2025-10-31T02:05:55.021+0000] {processor.py:830} INFO - Processing file /opt/airflow/dags/dbt_local_dag.py for tasks to queue
[2025-10-31T02:05:55.570+0000] {logging_mixin.py:188} INFO - [2025-10-31T02:05:55.400+0000] {dagbag.py:538} INFO - Filling up the DagBag from /opt/airflow/dags/dbt_local_dag.py
[2025-10-31T02:05:56.885+0000] {processor.py:840} INFO - DAG(s) 'dag_dbt_pipeline' retrieved from /opt/airflow/dags/dbt_local_dag.py
[2025-10-31T02:05:59.916+0000] {logging_mixin.py:188} INFO - [2025-10-31T02:05:59.915+0000] {dag.py:3036} INFO - Sync 1 DAGs
[2025-10-31T02:06:01.157+0000] {logging_mixin.py:188} INFO - [2025-10-31T02:06:01.153+0000] {dag.py:3823} INFO - Setting next_dagrun for dag_dbt_pipeline to 2025-10-31 00:00:00+00:00, run_after=2025-11-01 00:00:00+00:00
[2025-10-31T02:06:02.660+0000] {processor.py:183} INFO - Processing /opt/airflow/dags/dbt_local_dag.py took 8.652 seconds
[2025-10-31T02:06:34.636+0000] {processor.py:161} INFO - Started process (PID=169) to work on /opt/airflow/dags/dbt_local_dag.py
[2025-10-31T02:06:34.679+0000] {processor.py:830} INFO - Processing file /opt/airflow/dags/dbt_local_dag.py for tasks to queue
[2025-10-31T02:06:35.859+0000] {logging_mixin.py:188} INFO - [2025-10-31T02:06:35.858+0000] {dagbag.py:538} INFO - Filling up the DagBag from /opt/airflow/dags/dbt_local_dag.py
[2025-10-31T02:06:37.135+0000] {processor.py:840} INFO - DAG(s) 'dag_dbt_pipeline' retrieved from /opt/airflow/dags/dbt_local_dag.py
[2025-10-31T02:06:37.425+0000] {logging_mixin.py:188} INFO - [2025-10-31T02:06:37.424+0000] {dag.py:3036} INFO - Sync 1 DAGs
[2025-10-31T02:06:38.720+0000] {logging_mixin.py:188} INFO - [2025-10-31T02:06:38.717+0000] {dag.py:3823} INFO - Setting next_dagrun for dag_dbt_pipeline to 2025-10-31 00:00:00+00:00, run_after=2025-11-01 00:00:00+00:00
[2025-10-31T02:06:39.298+0000] {processor.py:183} INFO - Processing /opt/airflow/dags/dbt_local_dag.py took 4.837 seconds
[2025-10-31T02:07:30.592+0000] {processor.py:161} INFO - Started process (PID=187) to work on /opt/airflow/dags/dbt_local_dag.py
[2025-10-31T02:07:30.596+0000] {processor.py:830} INFO - Processing file /opt/airflow/dags/dbt_local_dag.py for tasks to queue
[2025-10-31T02:07:30.607+0000] {logging_mixin.py:188} INFO - [2025-10-31T02:07:30.606+0000] {dagbag.py:538} INFO - Filling up the DagBag from /opt/airflow/dags/dbt_local_dag.py
[2025-10-31T02:07:30.761+0000] {processor.py:840} INFO - DAG(s) 'dag_dbt_pipeline' retrieved from /opt/airflow/dags/dbt_local_dag.py
[2025-10-31T02:07:31.111+0000] {logging_mixin.py:188} INFO - [2025-10-31T02:07:31.111+0000] {dag.py:3036} INFO - Sync 1 DAGs
[2025-10-31T02:07:32.329+0000] {logging_mixin.py:188} INFO - [2025-10-31T02:07:32.328+0000] {dag.py:3823} INFO - Setting next_dagrun for dag_dbt_pipeline to 2025-10-31 00:00:00+00:00, run_after=2025-11-01 00:00:00+00:00
[2025-10-31T02:07:41.494+0000] {processor.py:183} INFO - Processing /opt/airflow/dags/dbt_local_dag.py took 10.918 seconds
[2025-10-31T02:08:14.709+0000] {processor.py:161} INFO - Started process (PID=198) to work on /opt/airflow/dags/dbt_local_dag.py
[2025-10-31T02:08:14.856+0000] {processor.py:830} INFO - Processing file /opt/airflow/dags/dbt_local_dag.py for tasks to queue
[2025-10-31T02:08:15.095+0000] {logging_mixin.py:188} INFO - [2025-10-31T02:08:15.094+0000] {dagbag.py:538} INFO - Filling up the DagBag from /opt/airflow/dags/dbt_local_dag.py
[2025-10-31T02:08:16.016+0000] {processor.py:840} INFO - DAG(s) 'dag_dbt_pipeline' retrieved from /opt/airflow/dags/dbt_local_dag.py
[2025-10-31T02:08:18.219+0000] {logging_mixin.py:188} INFO - [2025-10-31T02:08:18.218+0000] {dag.py:3036} INFO - Sync 1 DAGs
[2025-10-31T02:08:19.049+0000] {logging_mixin.py:188} INFO - [2025-10-31T02:08:19.032+0000] {dag.py:3823} INFO - Setting next_dagrun for dag_dbt_pipeline to 2025-10-31 00:00:00+00:00, run_after=2025-11-01 00:00:00+00:00
[2025-10-31T02:08:19.739+0000] {processor.py:183} INFO - Processing /opt/airflow/dags/dbt_local_dag.py took 5.137 seconds
[2025-10-31T02:08:51.394+0000] {processor.py:161} INFO - Started process (PID=209) to work on /opt/airflow/dags/dbt_local_dag.py
[2025-10-31T02:08:51.402+0000] {processor.py:830} INFO - Processing file /opt/airflow/dags/dbt_local_dag.py for tasks to queue
[2025-10-31T02:08:51.411+0000] {logging_mixin.py:188} INFO - [2025-10-31T02:08:51.411+0000] {dagbag.py:538} INFO - Filling up the DagBag from /opt/airflow/dags/dbt_local_dag.py
[2025-10-31T02:08:51.936+0000] {processor.py:840} INFO - DAG(s) 'dag_dbt_pipeline' retrieved from /opt/airflow/dags/dbt_local_dag.py
[2025-10-31T02:08:52.174+0000] {logging_mixin.py:188} INFO - [2025-10-31T02:08:52.174+0000] {dag.py:3036} INFO - Sync 1 DAGs
[2025-10-31T02:08:52.459+0000] {logging_mixin.py:188} INFO - [2025-10-31T02:08:52.458+0000] {dag.py:3823} INFO - Setting next_dagrun for dag_dbt_pipeline to 2025-10-31 00:00:00+00:00, run_after=2025-11-01 00:00:00+00:00
[2025-10-31T02:08:52.578+0000] {processor.py:183} INFO - Processing /opt/airflow/dags/dbt_local_dag.py took 1.235 seconds
[2025-10-31T02:09:33.785+0000] {processor.py:161} INFO - Started process (PID=226) to work on /opt/airflow/dags/dbt_local_dag.py
[2025-10-31T02:09:33.994+0000] {processor.py:830} INFO - Processing file /opt/airflow/dags/dbt_local_dag.py for tasks to queue
[2025-10-31T02:09:34.104+0000] {logging_mixin.py:188} INFO - [2025-10-31T02:09:34.040+0000] {dagbag.py:538} INFO - Filling up the DagBag from /opt/airflow/dags/dbt_local_dag.py
[2025-10-31T02:09:42.804+0000] {processor.py:840} INFO - DAG(s) 'dag_dbt_pipeline' retrieved from /opt/airflow/dags/dbt_local_dag.py
[2025-10-31T02:09:43.123+0000] {logging_mixin.py:188} INFO - [2025-10-31T02:09:43.123+0000] {dag.py:3036} INFO - Sync 1 DAGs
[2025-10-31T02:09:43.922+0000] {logging_mixin.py:188} INFO - [2025-10-31T02:09:43.918+0000] {dag.py:3823} INFO - Setting next_dagrun for dag_dbt_pipeline to 2025-10-31 00:00:00+00:00, run_after=2025-11-01 00:00:00+00:00
[2025-10-31T02:09:44.229+0000] {processor.py:183} INFO - Processing /opt/airflow/dags/dbt_local_dag.py took 11.446 seconds
[2025-10-31T02:10:14.786+0000] {processor.py:161} INFO - Started process (PID=237) to work on /opt/airflow/dags/dbt_local_dag.py
[2025-10-31T02:10:14.789+0000] {processor.py:830} INFO - Processing file /opt/airflow/dags/dbt_local_dag.py for tasks to queue
[2025-10-31T02:10:14.791+0000] {logging_mixin.py:188} INFO - [2025-10-31T02:10:14.790+0000] {dagbag.py:538} INFO - Filling up the DagBag from /opt/airflow/dags/dbt_local_dag.py
[2025-10-31T02:10:14.996+0000] {processor.py:840} INFO - DAG(s) 'dag_dbt_pipeline' retrieved from /opt/airflow/dags/dbt_local_dag.py
[2025-10-31T02:10:15.176+0000] {logging_mixin.py:188} INFO - [2025-10-31T02:10:15.176+0000] {dag.py:3036} INFO - Sync 1 DAGs
[2025-10-31T02:10:15.296+0000] {logging_mixin.py:188} INFO - [2025-10-31T02:10:15.295+0000] {dag.py:3823} INFO - Setting next_dagrun for dag_dbt_pipeline to 2025-10-31 00:00:00+00:00, run_after=2025-11-01 00:00:00+00:00
[2025-10-31T02:10:15.562+0000] {processor.py:183} INFO - Processing /opt/airflow/dags/dbt_local_dag.py took 0.791 seconds
[2025-10-31T02:10:47.941+0000] {processor.py:161} INFO - Started process (PID=249) to work on /opt/airflow/dags/dbt_local_dag.py
[2025-10-31T02:10:48.021+0000] {processor.py:830} INFO - Processing file /opt/airflow/dags/dbt_local_dag.py for tasks to queue
[2025-10-31T02:10:48.039+0000] {logging_mixin.py:188} INFO - [2025-10-31T02:10:48.038+0000] {dagbag.py:538} INFO - Filling up the DagBag from /opt/airflow/dags/dbt_local_dag.py
[2025-10-31T02:10:49.836+0000] {processor.py:840} INFO - DAG(s) 'dag_dbt_pipeline' retrieved from /opt/airflow/dags/dbt_local_dag.py
[2025-10-31T02:10:51.318+0000] {logging_mixin.py:188} INFO - [2025-10-31T02:10:51.317+0000] {dag.py:3036} INFO - Sync 1 DAGs
[2025-10-31T02:10:51.814+0000] {logging_mixin.py:188} INFO - [2025-10-31T02:10:51.813+0000] {dag.py:3823} INFO - Setting next_dagrun for dag_dbt_pipeline to 2025-10-31 00:00:00+00:00, run_after=2025-11-01 00:00:00+00:00
[2025-10-31T02:10:52.033+0000] {processor.py:183} INFO - Processing /opt/airflow/dags/dbt_local_dag.py took 4.401 seconds
[2025-10-31T02:11:23.336+0000] {processor.py:161} INFO - Started process (PID=258) to work on /opt/airflow/dags/dbt_local_dag.py
[2025-10-31T02:11:23.350+0000] {processor.py:830} INFO - Processing file /opt/airflow/dags/dbt_local_dag.py for tasks to queue
[2025-10-31T02:11:23.353+0000] {logging_mixin.py:188} INFO - [2025-10-31T02:11:23.352+0000] {dagbag.py:538} INFO - Filling up the DagBag from /opt/airflow/dags/dbt_local_dag.py
[2025-10-31T02:11:23.641+0000] {processor.py:840} INFO - DAG(s) 'dag_dbt_pipeline' retrieved from /opt/airflow/dags/dbt_local_dag.py
[2025-10-31T02:11:24.158+0000] {logging_mixin.py:188} INFO - [2025-10-31T02:11:24.158+0000] {dag.py:3036} INFO - Sync 1 DAGs
[2025-10-31T02:11:24.547+0000] {logging_mixin.py:188} INFO - [2025-10-31T02:11:24.546+0000] {dag.py:3823} INFO - Setting next_dagrun for dag_dbt_pipeline to 2025-10-31 00:00:00+00:00, run_after=2025-11-01 00:00:00+00:00
[2025-10-31T02:11:24.944+0000] {processor.py:183} INFO - Processing /opt/airflow/dags/dbt_local_dag.py took 1.683 seconds
[2025-10-31T02:11:55.376+0000] {processor.py:161} INFO - Started process (PID=270) to work on /opt/airflow/dags/dbt_local_dag.py
[2025-10-31T02:11:55.384+0000] {processor.py:830} INFO - Processing file /opt/airflow/dags/dbt_local_dag.py for tasks to queue
[2025-10-31T02:11:55.392+0000] {logging_mixin.py:188} INFO - [2025-10-31T02:11:55.391+0000] {dagbag.py:538} INFO - Filling up the DagBag from /opt/airflow/dags/dbt_local_dag.py
[2025-10-31T02:11:55.558+0000] {processor.py:840} INFO - DAG(s) 'dag_dbt_pipeline' retrieved from /opt/airflow/dags/dbt_local_dag.py
[2025-10-31T02:11:55.683+0000] {logging_mixin.py:188} INFO - [2025-10-31T02:11:55.682+0000] {dag.py:3036} INFO - Sync 1 DAGs
[2025-10-31T02:11:55.866+0000] {logging_mixin.py:188} INFO - [2025-10-31T02:11:55.865+0000] {dag.py:3823} INFO - Setting next_dagrun for dag_dbt_pipeline to 2025-10-31 00:00:00+00:00, run_after=2025-11-01 00:00:00+00:00
[2025-10-31T02:11:55.974+0000] {processor.py:183} INFO - Processing /opt/airflow/dags/dbt_local_dag.py took 0.604 seconds
[2025-10-31T02:12:27.385+0000] {processor.py:161} INFO - Started process (PID=281) to work on /opt/airflow/dags/dbt_local_dag.py
[2025-10-31T02:12:27.409+0000] {processor.py:830} INFO - Processing file /opt/airflow/dags/dbt_local_dag.py for tasks to queue
[2025-10-31T02:12:27.425+0000] {logging_mixin.py:188} INFO - [2025-10-31T02:12:27.424+0000] {dagbag.py:538} INFO - Filling up the DagBag from /opt/airflow/dags/dbt_local_dag.py
[2025-10-31T02:12:27.915+0000] {processor.py:840} INFO - DAG(s) 'dag_dbt_pipeline' retrieved from /opt/airflow/dags/dbt_local_dag.py
[2025-10-31T02:12:28.236+0000] {logging_mixin.py:188} INFO - [2025-10-31T02:12:28.235+0000] {dag.py:3036} INFO - Sync 1 DAGs
[2025-10-31T02:12:28.392+0000] {logging_mixin.py:188} INFO - [2025-10-31T02:12:28.391+0000] {dag.py:3823} INFO - Setting next_dagrun for dag_dbt_pipeline to 2025-10-31 00:00:00+00:00, run_after=2025-11-01 00:00:00+00:00
[2025-10-31T02:12:28.554+0000] {processor.py:183} INFO - Processing /opt/airflow/dags/dbt_local_dag.py took 1.236 seconds
[2025-10-31T02:12:59.212+0000] {processor.py:161} INFO - Started process (PID=293) to work on /opt/airflow/dags/dbt_local_dag.py
[2025-10-31T02:12:59.218+0000] {processor.py:830} INFO - Processing file /opt/airflow/dags/dbt_local_dag.py for tasks to queue
[2025-10-31T02:12:59.226+0000] {logging_mixin.py:188} INFO - [2025-10-31T02:12:59.225+0000] {dagbag.py:538} INFO - Filling up the DagBag from /opt/airflow/dags/dbt_local_dag.py
[2025-10-31T02:12:59.420+0000] {processor.py:840} INFO - DAG(s) 'dag_dbt_pipeline' retrieved from /opt/airflow/dags/dbt_local_dag.py
[2025-10-31T02:12:59.530+0000] {logging_mixin.py:188} INFO - [2025-10-31T02:12:59.529+0000] {dag.py:3036} INFO - Sync 1 DAGs
[2025-10-31T02:12:59.635+0000] {logging_mixin.py:188} INFO - [2025-10-31T02:12:59.634+0000] {dag.py:3823} INFO - Setting next_dagrun for dag_dbt_pipeline to 2025-10-31 00:00:00+00:00, run_after=2025-11-01 00:00:00+00:00
[2025-10-31T02:12:59.743+0000] {processor.py:183} INFO - Processing /opt/airflow/dags/dbt_local_dag.py took 0.548 seconds
[2025-10-31T02:13:30.508+0000] {processor.py:161} INFO - Started process (PID=305) to work on /opt/airflow/dags/dbt_local_dag.py
[2025-10-31T02:13:30.513+0000] {processor.py:830} INFO - Processing file /opt/airflow/dags/dbt_local_dag.py for tasks to queue
[2025-10-31T02:13:30.518+0000] {logging_mixin.py:188} INFO - [2025-10-31T02:13:30.516+0000] {dagbag.py:538} INFO - Filling up the DagBag from /opt/airflow/dags/dbt_local_dag.py
[2025-10-31T02:13:30.586+0000] {processor.py:840} INFO - DAG(s) 'dag_dbt_pipeline' retrieved from /opt/airflow/dags/dbt_local_dag.py
[2025-10-31T02:13:30.640+0000] {logging_mixin.py:188} INFO - [2025-10-31T02:13:30.640+0000] {dag.py:3036} INFO - Sync 1 DAGs
[2025-10-31T02:13:30.685+0000] {logging_mixin.py:188} INFO - [2025-10-31T02:13:30.684+0000] {dag.py:3823} INFO - Setting next_dagrun for dag_dbt_pipeline to 2025-10-31 00:00:00+00:00, run_after=2025-11-01 00:00:00+00:00
[2025-10-31T02:13:30.898+0000] {processor.py:183} INFO - Processing /opt/airflow/dags/dbt_local_dag.py took 0.400 seconds
[2025-10-31T02:14:01.600+0000] {processor.py:161} INFO - Started process (PID=317) to work on /opt/airflow/dags/dbt_local_dag.py
[2025-10-31T02:14:01.616+0000] {processor.py:830} INFO - Processing file /opt/airflow/dags/dbt_local_dag.py for tasks to queue
[2025-10-31T02:14:01.621+0000] {logging_mixin.py:188} INFO - [2025-10-31T02:14:01.621+0000] {dagbag.py:538} INFO - Filling up the DagBag from /opt/airflow/dags/dbt_local_dag.py
[2025-10-31T02:14:01.793+0000] {processor.py:840} INFO - DAG(s) 'dag_dbt_pipeline' retrieved from /opt/airflow/dags/dbt_local_dag.py
[2025-10-31T02:14:02.092+0000] {logging_mixin.py:188} INFO - [2025-10-31T02:14:02.091+0000] {dag.py:3036} INFO - Sync 1 DAGs
[2025-10-31T02:14:02.337+0000] {logging_mixin.py:188} INFO - [2025-10-31T02:14:02.336+0000] {dag.py:3823} INFO - Setting next_dagrun for dag_dbt_pipeline to 2025-10-31 00:00:00+00:00, run_after=2025-11-01 00:00:00+00:00
[2025-10-31T02:14:02.629+0000] {processor.py:183} INFO - Processing /opt/airflow/dags/dbt_local_dag.py took 1.068 seconds
[2025-10-31T02:14:33.015+0000] {processor.py:161} INFO - Started process (PID=329) to work on /opt/airflow/dags/dbt_local_dag.py
[2025-10-31T02:14:33.030+0000] {processor.py:830} INFO - Processing file /opt/airflow/dags/dbt_local_dag.py for tasks to queue
[2025-10-31T02:14:33.033+0000] {logging_mixin.py:188} INFO - [2025-10-31T02:14:33.033+0000] {dagbag.py:538} INFO - Filling up the DagBag from /opt/airflow/dags/dbt_local_dag.py
[2025-10-31T02:14:33.240+0000] {processor.py:840} INFO - DAG(s) 'dag_dbt_pipeline' retrieved from /opt/airflow/dags/dbt_local_dag.py
[2025-10-31T02:14:33.401+0000] {logging_mixin.py:188} INFO - [2025-10-31T02:14:33.400+0000] {dag.py:3036} INFO - Sync 1 DAGs
[2025-10-31T02:14:33.540+0000] {logging_mixin.py:188} INFO - [2025-10-31T02:14:33.540+0000] {dag.py:3823} INFO - Setting next_dagrun for dag_dbt_pipeline to 2025-10-31 00:00:00+00:00, run_after=2025-11-01 00:00:00+00:00
[2025-10-31T02:14:33.723+0000] {processor.py:183} INFO - Processing /opt/airflow/dags/dbt_local_dag.py took 0.729 seconds
[2025-10-31T02:15:03.959+0000] {processor.py:161} INFO - Started process (PID=341) to work on /opt/airflow/dags/dbt_local_dag.py
[2025-10-31T02:15:03.968+0000] {processor.py:830} INFO - Processing file /opt/airflow/dags/dbt_local_dag.py for tasks to queue
[2025-10-31T02:15:03.977+0000] {logging_mixin.py:188} INFO - [2025-10-31T02:15:03.977+0000] {dagbag.py:538} INFO - Filling up the DagBag from /opt/airflow/dags/dbt_local_dag.py
[2025-10-31T02:15:04.056+0000] {processor.py:840} INFO - DAG(s) 'dag_dbt_pipeline' retrieved from /opt/airflow/dags/dbt_local_dag.py
[2025-10-31T02:15:04.109+0000] {logging_mixin.py:188} INFO - [2025-10-31T02:15:04.108+0000] {dag.py:3036} INFO - Sync 1 DAGs
[2025-10-31T02:15:04.155+0000] {logging_mixin.py:188} INFO - [2025-10-31T02:15:04.154+0000] {dag.py:3823} INFO - Setting next_dagrun for dag_dbt_pipeline to 2025-10-31 00:00:00+00:00, run_after=2025-11-01 00:00:00+00:00
[2025-10-31T02:15:04.215+0000] {processor.py:183} INFO - Processing /opt/airflow/dags/dbt_local_dag.py took 0.284 seconds
[2025-10-31T02:15:34.482+0000] {processor.py:161} INFO - Started process (PID=353) to work on /opt/airflow/dags/dbt_local_dag.py
[2025-10-31T02:15:34.485+0000] {processor.py:830} INFO - Processing file /opt/airflow/dags/dbt_local_dag.py for tasks to queue
[2025-10-31T02:15:34.488+0000] {logging_mixin.py:188} INFO - [2025-10-31T02:15:34.487+0000] {dagbag.py:538} INFO - Filling up the DagBag from /opt/airflow/dags/dbt_local_dag.py
[2025-10-31T02:15:34.635+0000] {processor.py:840} INFO - DAG(s) 'dag_dbt_pipeline' retrieved from /opt/airflow/dags/dbt_local_dag.py
[2025-10-31T02:15:34.949+0000] {logging_mixin.py:188} INFO - [2025-10-31T02:15:34.948+0000] {dag.py:3036} INFO - Sync 1 DAGs
[2025-10-31T02:15:35.081+0000] {logging_mixin.py:188} INFO - [2025-10-31T02:15:35.081+0000] {dag.py:3823} INFO - Setting next_dagrun for dag_dbt_pipeline to 2025-10-31 00:00:00+00:00, run_after=2025-11-01 00:00:00+00:00
[2025-10-31T02:15:35.358+0000] {processor.py:183} INFO - Processing /opt/airflow/dags/dbt_local_dag.py took 0.890 seconds
[2025-10-31T02:16:06.465+0000] {processor.py:161} INFO - Started process (PID=365) to work on /opt/airflow/dags/dbt_local_dag.py
[2025-10-31T02:16:06.476+0000] {processor.py:830} INFO - Processing file /opt/airflow/dags/dbt_local_dag.py for tasks to queue
[2025-10-31T02:16:06.498+0000] {logging_mixin.py:188} INFO - [2025-10-31T02:16:06.497+0000] {dagbag.py:538} INFO - Filling up the DagBag from /opt/airflow/dags/dbt_local_dag.py
[2025-10-31T02:16:06.551+0000] {processor.py:840} INFO - DAG(s) 'dag_dbt_pipeline' retrieved from /opt/airflow/dags/dbt_local_dag.py
[2025-10-31T02:16:06.629+0000] {logging_mixin.py:188} INFO - [2025-10-31T02:16:06.628+0000] {dag.py:3036} INFO - Sync 1 DAGs
[2025-10-31T02:16:06.699+0000] {logging_mixin.py:188} INFO - [2025-10-31T02:16:06.698+0000] {dag.py:3823} INFO - Setting next_dagrun for dag_dbt_pipeline to 2025-10-31 00:00:00+00:00, run_after=2025-11-01 00:00:00+00:00
[2025-10-31T02:16:06.973+0000] {processor.py:183} INFO - Processing /opt/airflow/dags/dbt_local_dag.py took 0.544 seconds
[2025-10-31T02:16:37.826+0000] {processor.py:161} INFO - Started process (PID=376) to work on /opt/airflow/dags/dbt_local_dag.py
[2025-10-31T02:16:37.839+0000] {processor.py:830} INFO - Processing file /opt/airflow/dags/dbt_local_dag.py for tasks to queue
[2025-10-31T02:16:37.841+0000] {logging_mixin.py:188} INFO - [2025-10-31T02:16:37.840+0000] {dagbag.py:538} INFO - Filling up the DagBag from /opt/airflow/dags/dbt_local_dag.py
[2025-10-31T02:16:37.900+0000] {processor.py:840} INFO - DAG(s) 'dag_dbt_pipeline' retrieved from /opt/airflow/dags/dbt_local_dag.py
[2025-10-31T02:16:37.978+0000] {logging_mixin.py:188} INFO - [2025-10-31T02:16:37.977+0000] {dag.py:3036} INFO - Sync 1 DAGs
[2025-10-31T02:16:38.074+0000] {logging_mixin.py:188} INFO - [2025-10-31T02:16:38.073+0000] {dag.py:3823} INFO - Setting next_dagrun for dag_dbt_pipeline to 2025-10-31 00:00:00+00:00, run_after=2025-11-01 00:00:00+00:00
[2025-10-31T02:16:38.226+0000] {processor.py:183} INFO - Processing /opt/airflow/dags/dbt_local_dag.py took 0.409 seconds
[2025-10-31T02:17:10.188+0000] {processor.py:161} INFO - Started process (PID=387) to work on /opt/airflow/dags/dbt_local_dag.py
[2025-10-31T02:17:10.225+0000] {processor.py:830} INFO - Processing file /opt/airflow/dags/dbt_local_dag.py for tasks to queue
[2025-10-31T02:17:10.232+0000] {logging_mixin.py:188} INFO - [2025-10-31T02:17:10.231+0000] {dagbag.py:538} INFO - Filling up the DagBag from /opt/airflow/dags/dbt_local_dag.py
[2025-10-31T02:17:10.586+0000] {processor.py:840} INFO - DAG(s) 'dag_dbt_pipeline' retrieved from /opt/airflow/dags/dbt_local_dag.py
[2025-10-31T02:17:10.845+0000] {logging_mixin.py:188} INFO - [2025-10-31T02:17:10.844+0000] {dag.py:3036} INFO - Sync 1 DAGs
[2025-10-31T02:17:11.063+0000] {logging_mixin.py:188} INFO - [2025-10-31T02:17:11.062+0000] {dag.py:3823} INFO - Setting next_dagrun for dag_dbt_pipeline to 2025-10-31 00:00:00+00:00, run_after=2025-11-01 00:00:00+00:00
[2025-10-31T02:17:11.591+0000] {processor.py:183} INFO - Processing /opt/airflow/dags/dbt_local_dag.py took 1.425 seconds
[2025-10-31T02:17:43.016+0000] {processor.py:161} INFO - Started process (PID=400) to work on /opt/airflow/dags/dbt_local_dag.py
[2025-10-31T02:17:43.043+0000] {processor.py:830} INFO - Processing file /opt/airflow/dags/dbt_local_dag.py for tasks to queue
[2025-10-31T02:17:43.049+0000] {logging_mixin.py:188} INFO - [2025-10-31T02:17:43.048+0000] {dagbag.py:538} INFO - Filling up the DagBag from /opt/airflow/dags/dbt_local_dag.py
[2025-10-31T02:17:43.120+0000] {processor.py:840} INFO - DAG(s) 'dag_dbt_pipeline' retrieved from /opt/airflow/dags/dbt_local_dag.py
[2025-10-31T02:17:43.324+0000] {logging_mixin.py:188} INFO - [2025-10-31T02:17:43.324+0000] {dag.py:3036} INFO - Sync 1 DAGs
[2025-10-31T02:17:43.503+0000] {logging_mixin.py:188} INFO - [2025-10-31T02:17:43.502+0000] {dag.py:3823} INFO - Setting next_dagrun for dag_dbt_pipeline to 2025-10-31 00:00:00+00:00, run_after=2025-11-01 00:00:00+00:00
[2025-10-31T02:17:43.600+0000] {processor.py:183} INFO - Processing /opt/airflow/dags/dbt_local_dag.py took 0.644 seconds
[2025-10-31T02:18:14.088+0000] {processor.py:161} INFO - Started process (PID=411) to work on /opt/airflow/dags/dbt_local_dag.py
[2025-10-31T02:18:14.127+0000] {processor.py:830} INFO - Processing file /opt/airflow/dags/dbt_local_dag.py for tasks to queue
[2025-10-31T02:18:14.138+0000] {logging_mixin.py:188} INFO - [2025-10-31T02:18:14.134+0000] {dagbag.py:538} INFO - Filling up the DagBag from /opt/airflow/dags/dbt_local_dag.py
[2025-10-31T02:18:16.172+0000] {processor.py:840} INFO - DAG(s) 'dag_dbt_pipeline' retrieved from /opt/airflow/dags/dbt_local_dag.py
[2025-10-31T02:18:16.222+0000] {logging_mixin.py:188} INFO - [2025-10-31T02:18:16.221+0000] {dag.py:3036} INFO - Sync 1 DAGs
[2025-10-31T02:18:16.359+0000] {logging_mixin.py:188} INFO - [2025-10-31T02:18:16.358+0000] {dag.py:3823} INFO - Setting next_dagrun for dag_dbt_pipeline to 2025-10-31 00:00:00+00:00, run_after=2025-11-01 00:00:00+00:00
[2025-10-31T02:18:17.078+0000] {processor.py:183} INFO - Processing /opt/airflow/dags/dbt_local_dag.py took 3.022 seconds
[2025-10-31T02:18:49.252+0000] {processor.py:161} INFO - Started process (PID=423) to work on /opt/airflow/dags/dbt_local_dag.py
[2025-10-31T02:18:49.276+0000] {processor.py:830} INFO - Processing file /opt/airflow/dags/dbt_local_dag.py for tasks to queue
[2025-10-31T02:18:49.296+0000] {logging_mixin.py:188} INFO - [2025-10-31T02:18:49.295+0000] {dagbag.py:538} INFO - Filling up the DagBag from /opt/airflow/dags/dbt_local_dag.py
[2025-10-31T02:18:49.542+0000] {processor.py:840} INFO - DAG(s) 'dag_dbt_pipeline' retrieved from /opt/airflow/dags/dbt_local_dag.py
[2025-10-31T02:18:49.650+0000] {logging_mixin.py:188} INFO - [2025-10-31T02:18:49.649+0000] {dag.py:3036} INFO - Sync 1 DAGs
[2025-10-31T02:18:49.857+0000] {logging_mixin.py:188} INFO - [2025-10-31T02:18:49.855+0000] {dag.py:3823} INFO - Setting next_dagrun for dag_dbt_pipeline to 2025-10-31 00:00:00+00:00, run_after=2025-11-01 00:00:00+00:00
[2025-10-31T02:18:50.027+0000] {processor.py:183} INFO - Processing /opt/airflow/dags/dbt_local_dag.py took 0.808 seconds
[2025-10-31T02:19:20.656+0000] {processor.py:161} INFO - Started process (PID=436) to work on /opt/airflow/dags/dbt_local_dag.py
[2025-10-31T02:19:20.659+0000] {processor.py:830} INFO - Processing file /opt/airflow/dags/dbt_local_dag.py for tasks to queue
[2025-10-31T02:19:20.661+0000] {logging_mixin.py:188} INFO - [2025-10-31T02:19:20.660+0000] {dagbag.py:538} INFO - Filling up the DagBag from /opt/airflow/dags/dbt_local_dag.py
[2025-10-31T02:19:20.759+0000] {processor.py:840} INFO - DAG(s) 'dag_dbt_pipeline' retrieved from /opt/airflow/dags/dbt_local_dag.py
[2025-10-31T02:19:20.909+0000] {logging_mixin.py:188} INFO - [2025-10-31T02:19:20.908+0000] {dag.py:3036} INFO - Sync 1 DAGs
[2025-10-31T02:19:21.060+0000] {logging_mixin.py:188} INFO - [2025-10-31T02:19:21.060+0000] {dag.py:3823} INFO - Setting next_dagrun for dag_dbt_pipeline to 2025-10-31 00:00:00+00:00, run_after=2025-11-01 00:00:00+00:00
[2025-10-31T02:19:21.253+0000] {processor.py:183} INFO - Processing /opt/airflow/dags/dbt_local_dag.py took 0.609 seconds
[2025-10-31T02:19:51.652+0000] {processor.py:161} INFO - Started process (PID=448) to work on /opt/airflow/dags/dbt_local_dag.py
[2025-10-31T02:19:51.655+0000] {processor.py:830} INFO - Processing file /opt/airflow/dags/dbt_local_dag.py for tasks to queue
[2025-10-31T02:19:51.657+0000] {logging_mixin.py:188} INFO - [2025-10-31T02:19:51.657+0000] {dagbag.py:538} INFO - Filling up the DagBag from /opt/airflow/dags/dbt_local_dag.py
[2025-10-31T02:19:51.718+0000] {processor.py:840} INFO - DAG(s) 'dag_dbt_pipeline' retrieved from /opt/airflow/dags/dbt_local_dag.py
[2025-10-31T02:19:51.781+0000] {logging_mixin.py:188} INFO - [2025-10-31T02:19:51.781+0000] {dag.py:3036} INFO - Sync 1 DAGs
[2025-10-31T02:19:51.935+0000] {logging_mixin.py:188} INFO - [2025-10-31T02:19:51.934+0000] {dag.py:3823} INFO - Setting next_dagrun for dag_dbt_pipeline to 2025-10-31 00:00:00+00:00, run_after=2025-11-01 00:00:00+00:00
[2025-10-31T02:19:52.080+0000] {processor.py:183} INFO - Processing /opt/airflow/dags/dbt_local_dag.py took 0.439 seconds
[2025-10-31T02:20:22.608+0000] {processor.py:161} INFO - Started process (PID=460) to work on /opt/airflow/dags/dbt_local_dag.py
[2025-10-31T02:20:22.622+0000] {processor.py:830} INFO - Processing file /opt/airflow/dags/dbt_local_dag.py for tasks to queue
[2025-10-31T02:20:22.626+0000] {logging_mixin.py:188} INFO - [2025-10-31T02:20:22.624+0000] {dagbag.py:538} INFO - Filling up the DagBag from /opt/airflow/dags/dbt_local_dag.py
[2025-10-31T02:20:22.848+0000] {processor.py:840} INFO - DAG(s) 'dag_dbt_pipeline' retrieved from /opt/airflow/dags/dbt_local_dag.py
[2025-10-31T02:20:23.024+0000] {logging_mixin.py:188} INFO - [2025-10-31T02:20:23.023+0000] {dag.py:3036} INFO - Sync 1 DAGs
[2025-10-31T02:20:23.199+0000] {logging_mixin.py:188} INFO - [2025-10-31T02:20:23.198+0000] {dag.py:3823} INFO - Setting next_dagrun for dag_dbt_pipeline to 2025-10-31 00:00:00+00:00, run_after=2025-11-01 00:00:00+00:00
[2025-10-31T02:20:23.296+0000] {processor.py:183} INFO - Processing /opt/airflow/dags/dbt_local_dag.py took 0.707 seconds
[2025-10-31T02:20:53.727+0000] {processor.py:161} INFO - Started process (PID=472) to work on /opt/airflow/dags/dbt_local_dag.py
[2025-10-31T02:20:53.735+0000] {processor.py:830} INFO - Processing file /opt/airflow/dags/dbt_local_dag.py for tasks to queue
[2025-10-31T02:20:53.779+0000] {logging_mixin.py:188} INFO - [2025-10-31T02:20:53.778+0000] {dagbag.py:538} INFO - Filling up the DagBag from /opt/airflow/dags/dbt_local_dag.py
[2025-10-31T02:20:53.914+0000] {processor.py:840} INFO - DAG(s) 'dag_dbt_pipeline' retrieved from /opt/airflow/dags/dbt_local_dag.py
[2025-10-31T02:20:54.001+0000] {logging_mixin.py:188} INFO - [2025-10-31T02:20:54.000+0000] {dag.py:3036} INFO - Sync 1 DAGs
[2025-10-31T02:20:54.060+0000] {logging_mixin.py:188} INFO - [2025-10-31T02:20:54.059+0000] {dag.py:3823} INFO - Setting next_dagrun for dag_dbt_pipeline to 2025-10-31 00:00:00+00:00, run_after=2025-11-01 00:00:00+00:00
[2025-10-31T02:20:54.323+0000] {processor.py:183} INFO - Processing /opt/airflow/dags/dbt_local_dag.py took 0.614 seconds
[2025-10-31T02:21:24.914+0000] {processor.py:161} INFO - Started process (PID=484) to work on /opt/airflow/dags/dbt_local_dag.py
[2025-10-31T02:21:24.917+0000] {processor.py:830} INFO - Processing file /opt/airflow/dags/dbt_local_dag.py for tasks to queue
[2025-10-31T02:21:24.920+0000] {logging_mixin.py:188} INFO - [2025-10-31T02:21:24.919+0000] {dagbag.py:538} INFO - Filling up the DagBag from /opt/airflow/dags/dbt_local_dag.py
[2025-10-31T02:21:24.990+0000] {processor.py:840} INFO - DAG(s) 'dag_dbt_pipeline' retrieved from /opt/airflow/dags/dbt_local_dag.py
[2025-10-31T02:21:25.121+0000] {logging_mixin.py:188} INFO - [2025-10-31T02:21:25.121+0000] {dag.py:3036} INFO - Sync 1 DAGs
[2025-10-31T02:21:25.287+0000] {logging_mixin.py:188} INFO - [2025-10-31T02:21:25.286+0000] {dag.py:3823} INFO - Setting next_dagrun for dag_dbt_pipeline to 2025-10-31 00:00:00+00:00, run_after=2025-11-01 00:00:00+00:00
[2025-10-31T02:21:25.348+0000] {processor.py:183} INFO - Processing /opt/airflow/dags/dbt_local_dag.py took 0.466 seconds
[2025-10-31T02:21:55.613+0000] {processor.py:161} INFO - Started process (PID=495) to work on /opt/airflow/dags/dbt_local_dag.py
[2025-10-31T02:21:55.616+0000] {processor.py:830} INFO - Processing file /opt/airflow/dags/dbt_local_dag.py for tasks to queue
[2025-10-31T02:21:55.620+0000] {logging_mixin.py:188} INFO - [2025-10-31T02:21:55.619+0000] {dagbag.py:538} INFO - Filling up the DagBag from /opt/airflow/dags/dbt_local_dag.py
[2025-10-31T02:21:55.689+0000] {processor.py:840} INFO - DAG(s) 'dag_dbt_pipeline' retrieved from /opt/airflow/dags/dbt_local_dag.py
[2025-10-31T02:21:55.789+0000] {logging_mixin.py:188} INFO - [2025-10-31T02:21:55.789+0000] {dag.py:3036} INFO - Sync 1 DAGs
[2025-10-31T02:21:55.855+0000] {logging_mixin.py:188} INFO - [2025-10-31T02:21:55.854+0000] {dag.py:3823} INFO - Setting next_dagrun for dag_dbt_pipeline to 2025-10-31 00:00:00+00:00, run_after=2025-11-01 00:00:00+00:00
[2025-10-31T02:21:56.086+0000] {processor.py:183} INFO - Processing /opt/airflow/dags/dbt_local_dag.py took 0.490 seconds
[2025-10-31T02:22:26.422+0000] {processor.py:161} INFO - Started process (PID=507) to work on /opt/airflow/dags/dbt_local_dag.py
[2025-10-31T02:22:26.441+0000] {processor.py:830} INFO - Processing file /opt/airflow/dags/dbt_local_dag.py for tasks to queue
[2025-10-31T02:22:26.444+0000] {logging_mixin.py:188} INFO - [2025-10-31T02:22:26.443+0000] {dagbag.py:538} INFO - Filling up the DagBag from /opt/airflow/dags/dbt_local_dag.py
[2025-10-31T02:22:26.571+0000] {processor.py:840} INFO - DAG(s) 'dag_dbt_pipeline' retrieved from /opt/airflow/dags/dbt_local_dag.py
[2025-10-31T02:22:26.735+0000] {logging_mixin.py:188} INFO - [2025-10-31T02:22:26.734+0000] {dag.py:3036} INFO - Sync 1 DAGs
[2025-10-31T02:22:26.860+0000] {logging_mixin.py:188} INFO - [2025-10-31T02:22:26.859+0000] {dag.py:3823} INFO - Setting next_dagrun for dag_dbt_pipeline to 2025-10-31 00:00:00+00:00, run_after=2025-11-01 00:00:00+00:00
[2025-10-31T02:22:26.962+0000] {processor.py:183} INFO - Processing /opt/airflow/dags/dbt_local_dag.py took 0.562 seconds
[2025-10-31T02:23:05.212+0000] {processor.py:161} INFO - Started process (PID=518) to work on /opt/airflow/dags/dbt_local_dag.py
[2025-10-31T02:23:05.755+0000] {processor.py:830} INFO - Processing file /opt/airflow/dags/dbt_local_dag.py for tasks to queue
[2025-10-31T02:23:06.091+0000] {logging_mixin.py:188} INFO - [2025-10-31T02:23:05.881+0000] {dagbag.py:538} INFO - Filling up the DagBag from /opt/airflow/dags/dbt_local_dag.py
[2025-10-31T02:23:28.934+0000] {processor.py:840} INFO - DAG(s) 'dag_dbt_pipeline' retrieved from /opt/airflow/dags/dbt_local_dag.py
[2025-10-31T02:23:33.212+0000] {logging_mixin.py:188} INFO - [2025-10-31T02:23:33.212+0000] {dag.py:3036} INFO - Sync 1 DAGs
[2025-10-31T02:23:33.815+0000] {logging_mixin.py:188} INFO - [2025-10-31T02:23:33.815+0000] {dag.py:3823} INFO - Setting next_dagrun for dag_dbt_pipeline to 2025-10-31 00:00:00+00:00, run_after=2025-11-01 00:00:00+00:00
[2025-10-31T02:23:34.886+0000] {processor.py:183} INFO - Processing /opt/airflow/dags/dbt_local_dag.py took 30.078 seconds
[2025-10-31T02:24:06.361+0000] {processor.py:161} INFO - Started process (PID=533) to work on /opt/airflow/dags/dbt_local_dag.py
[2025-10-31T02:24:06.387+0000] {processor.py:830} INFO - Processing file /opt/airflow/dags/dbt_local_dag.py for tasks to queue
[2025-10-31T02:24:06.394+0000] {logging_mixin.py:188} INFO - [2025-10-31T02:24:06.394+0000] {dagbag.py:538} INFO - Filling up the DagBag from /opt/airflow/dags/dbt_local_dag.py
[2025-10-31T02:24:06.926+0000] {processor.py:840} INFO - DAG(s) 'dag_dbt_pipeline' retrieved from /opt/airflow/dags/dbt_local_dag.py
[2025-10-31T02:24:07.272+0000] {logging_mixin.py:188} INFO - [2025-10-31T02:24:07.271+0000] {dag.py:3036} INFO - Sync 1 DAGs
[2025-10-31T02:24:07.770+0000] {logging_mixin.py:188} INFO - [2025-10-31T02:24:07.770+0000] {dag.py:3823} INFO - Setting next_dagrun for dag_dbt_pipeline to 2025-10-31 00:00:00+00:00, run_after=2025-11-01 00:00:00+00:00
[2025-10-31T02:24:08.604+0000] {processor.py:183} INFO - Processing /opt/airflow/dags/dbt_local_dag.py took 2.261 seconds
[2025-10-31T02:24:45.445+0000] {processor.py:161} INFO - Started process (PID=539) to work on /opt/airflow/dags/dbt_local_dag.py
[2025-10-31T02:24:45.460+0000] {processor.py:830} INFO - Processing file /opt/airflow/dags/dbt_local_dag.py for tasks to queue
[2025-10-31T02:24:45.465+0000] {logging_mixin.py:188} INFO - [2025-10-31T02:24:45.465+0000] {dagbag.py:538} INFO - Filling up the DagBag from /opt/airflow/dags/dbt_local_dag.py
[2025-10-31T02:24:47.339+0000] {processor.py:840} INFO - DAG(s) 'dag_dbt_pipeline' retrieved from /opt/airflow/dags/dbt_local_dag.py
[2025-10-31T02:24:47.903+0000] {logging_mixin.py:188} INFO - [2025-10-31T02:24:47.903+0000] {dag.py:3036} INFO - Sync 1 DAGs
[2025-10-31T02:24:49.891+0000] {logging_mixin.py:188} INFO - [2025-10-31T02:24:49.888+0000] {dag.py:3823} INFO - Setting next_dagrun for dag_dbt_pipeline to 2025-10-31 00:00:00+00:00, run_after=2025-11-01 00:00:00+00:00
[2025-10-31T02:24:50.316+0000] {processor.py:183} INFO - Processing /opt/airflow/dags/dbt_local_dag.py took 4.948 seconds
[2025-10-31T02:25:21.511+0000] {processor.py:161} INFO - Started process (PID=556) to work on /opt/airflow/dags/dbt_local_dag.py
[2025-10-31T02:25:21.562+0000] {processor.py:830} INFO - Processing file /opt/airflow/dags/dbt_local_dag.py for tasks to queue
[2025-10-31T02:25:21.598+0000] {logging_mixin.py:188} INFO - [2025-10-31T02:25:21.585+0000] {dagbag.py:538} INFO - Filling up the DagBag from /opt/airflow/dags/dbt_local_dag.py
[2025-10-31T02:25:21.689+0000] {processor.py:840} INFO - DAG(s) 'dag_dbt_pipeline' retrieved from /opt/airflow/dags/dbt_local_dag.py
[2025-10-31T02:25:21.828+0000] {logging_mixin.py:188} INFO - [2025-10-31T02:25:21.827+0000] {dag.py:3036} INFO - Sync 1 DAGs
[2025-10-31T02:25:21.948+0000] {logging_mixin.py:188} INFO - [2025-10-31T02:25:21.947+0000] {dag.py:3823} INFO - Setting next_dagrun for dag_dbt_pipeline to 2025-10-31 00:00:00+00:00, run_after=2025-11-01 00:00:00+00:00
[2025-10-31T02:25:22.140+0000] {processor.py:183} INFO - Processing /opt/airflow/dags/dbt_local_dag.py took 0.805 seconds
[2025-10-31T02:25:52.522+0000] {processor.py:161} INFO - Started process (PID=568) to work on /opt/airflow/dags/dbt_local_dag.py
[2025-10-31T02:25:52.561+0000] {processor.py:830} INFO - Processing file /opt/airflow/dags/dbt_local_dag.py for tasks to queue
[2025-10-31T02:25:52.565+0000] {logging_mixin.py:188} INFO - [2025-10-31T02:25:52.564+0000] {dagbag.py:538} INFO - Filling up the DagBag from /opt/airflow/dags/dbt_local_dag.py
[2025-10-31T02:25:52.827+0000] {processor.py:840} INFO - DAG(s) 'dag_dbt_pipeline' retrieved from /opt/airflow/dags/dbt_local_dag.py
[2025-10-31T02:25:53.004+0000] {logging_mixin.py:188} INFO - [2025-10-31T02:25:53.003+0000] {dag.py:3036} INFO - Sync 1 DAGs
[2025-10-31T02:25:53.302+0000] {logging_mixin.py:188} INFO - [2025-10-31T02:25:53.301+0000] {dag.py:3823} INFO - Setting next_dagrun for dag_dbt_pipeline to 2025-10-31 00:00:00+00:00, run_after=2025-11-01 00:00:00+00:00
[2025-10-31T02:25:53.634+0000] {processor.py:183} INFO - Processing /opt/airflow/dags/dbt_local_dag.py took 1.128 seconds
[2025-10-31T02:26:24.775+0000] {processor.py:161} INFO - Started process (PID=580) to work on /opt/airflow/dags/dbt_local_dag.py
[2025-10-31T02:26:24.802+0000] {processor.py:830} INFO - Processing file /opt/airflow/dags/dbt_local_dag.py for tasks to queue
[2025-10-31T02:26:24.815+0000] {logging_mixin.py:188} INFO - [2025-10-31T02:26:24.814+0000] {dagbag.py:538} INFO - Filling up the DagBag from /opt/airflow/dags/dbt_local_dag.py
[2025-10-31T02:26:24.988+0000] {processor.py:840} INFO - DAG(s) 'dag_dbt_pipeline' retrieved from /opt/airflow/dags/dbt_local_dag.py
[2025-10-31T02:26:25.092+0000] {logging_mixin.py:188} INFO - [2025-10-31T02:26:25.091+0000] {dag.py:3036} INFO - Sync 1 DAGs
[2025-10-31T02:26:25.211+0000] {logging_mixin.py:188} INFO - [2025-10-31T02:26:25.210+0000] {dag.py:3823} INFO - Setting next_dagrun for dag_dbt_pipeline to 2025-10-31 00:00:00+00:00, run_after=2025-11-01 00:00:00+00:00
[2025-10-31T02:26:25.295+0000] {processor.py:183} INFO - Processing /opt/airflow/dags/dbt_local_dag.py took 0.537 seconds
[2025-10-31T02:26:55.522+0000] {processor.py:161} INFO - Started process (PID=592) to work on /opt/airflow/dags/dbt_local_dag.py
[2025-10-31T02:26:55.527+0000] {processor.py:830} INFO - Processing file /opt/airflow/dags/dbt_local_dag.py for tasks to queue
[2025-10-31T02:26:55.532+0000] {logging_mixin.py:188} INFO - [2025-10-31T02:26:55.532+0000] {dagbag.py:538} INFO - Filling up the DagBag from /opt/airflow/dags/dbt_local_dag.py
[2025-10-31T02:26:55.918+0000] {processor.py:840} INFO - DAG(s) 'dag_dbt_pipeline' retrieved from /opt/airflow/dags/dbt_local_dag.py
[2025-10-31T02:26:56.101+0000] {logging_mixin.py:188} INFO - [2025-10-31T02:26:56.101+0000] {dag.py:3036} INFO - Sync 1 DAGs
[2025-10-31T02:26:56.214+0000] {logging_mixin.py:188} INFO - [2025-10-31T02:26:56.214+0000] {dag.py:3823} INFO - Setting next_dagrun for dag_dbt_pipeline to 2025-10-31 00:00:00+00:00, run_after=2025-11-01 00:00:00+00:00
[2025-10-31T02:26:56.269+0000] {processor.py:183} INFO - Processing /opt/airflow/dags/dbt_local_dag.py took 0.753 seconds
[2025-10-31T02:27:26.443+0000] {processor.py:161} INFO - Started process (PID=604) to work on /opt/airflow/dags/dbt_local_dag.py
[2025-10-31T02:27:26.445+0000] {processor.py:830} INFO - Processing file /opt/airflow/dags/dbt_local_dag.py for tasks to queue
[2025-10-31T02:27:26.447+0000] {logging_mixin.py:188} INFO - [2025-10-31T02:27:26.446+0000] {dagbag.py:538} INFO - Filling up the DagBag from /opt/airflow/dags/dbt_local_dag.py
[2025-10-31T02:27:26.501+0000] {processor.py:840} INFO - DAG(s) 'dag_dbt_pipeline' retrieved from /opt/airflow/dags/dbt_local_dag.py
[2025-10-31T02:27:26.561+0000] {logging_mixin.py:188} INFO - [2025-10-31T02:27:26.561+0000] {dag.py:3036} INFO - Sync 1 DAGs
[2025-10-31T02:27:26.613+0000] {logging_mixin.py:188} INFO - [2025-10-31T02:27:26.612+0000] {dag.py:3823} INFO - Setting next_dagrun for dag_dbt_pipeline to 2025-10-31 00:00:00+00:00, run_after=2025-11-01 00:00:00+00:00
[2025-10-31T02:27:26.652+0000] {processor.py:183} INFO - Processing /opt/airflow/dags/dbt_local_dag.py took 0.216 seconds
[2025-10-31T02:27:56.892+0000] {processor.py:161} INFO - Started process (PID=616) to work on /opt/airflow/dags/dbt_local_dag.py
[2025-10-31T02:27:56.895+0000] {processor.py:830} INFO - Processing file /opt/airflow/dags/dbt_local_dag.py for tasks to queue
[2025-10-31T02:27:56.898+0000] {logging_mixin.py:188} INFO - [2025-10-31T02:27:56.897+0000] {dagbag.py:538} INFO - Filling up the DagBag from /opt/airflow/dags/dbt_local_dag.py
[2025-10-31T02:27:56.965+0000] {processor.py:840} INFO - DAG(s) 'dag_dbt_pipeline' retrieved from /opt/airflow/dags/dbt_local_dag.py
[2025-10-31T02:27:57.084+0000] {logging_mixin.py:188} INFO - [2025-10-31T02:27:57.083+0000] {dag.py:3036} INFO - Sync 1 DAGs
[2025-10-31T02:27:57.150+0000] {logging_mixin.py:188} INFO - [2025-10-31T02:27:57.150+0000] {dag.py:3823} INFO - Setting next_dagrun for dag_dbt_pipeline to 2025-10-31 00:00:00+00:00, run_after=2025-11-01 00:00:00+00:00
[2025-10-31T02:27:57.215+0000] {processor.py:183} INFO - Processing /opt/airflow/dags/dbt_local_dag.py took 0.336 seconds
[2025-10-31T02:28:27.816+0000] {processor.py:161} INFO - Started process (PID=622) to work on /opt/airflow/dags/dbt_local_dag.py
[2025-10-31T02:28:27.819+0000] {processor.py:830} INFO - Processing file /opt/airflow/dags/dbt_local_dag.py for tasks to queue
[2025-10-31T02:28:27.822+0000] {logging_mixin.py:188} INFO - [2025-10-31T02:28:27.821+0000] {dagbag.py:538} INFO - Filling up the DagBag from /opt/airflow/dags/dbt_local_dag.py
[2025-10-31T02:28:27.901+0000] {processor.py:840} INFO - DAG(s) 'dag_dbt_pipeline' retrieved from /opt/airflow/dags/dbt_local_dag.py
[2025-10-31T02:28:28.116+0000] {logging_mixin.py:188} INFO - [2025-10-31T02:28:28.115+0000] {dag.py:3036} INFO - Sync 1 DAGs
[2025-10-31T02:28:28.409+0000] {logging_mixin.py:188} INFO - [2025-10-31T02:28:28.408+0000] {dag.py:3823} INFO - Setting next_dagrun for dag_dbt_pipeline to 2025-10-31 00:00:00+00:00, run_after=2025-11-01 00:00:00+00:00
[2025-10-31T02:28:28.680+0000] {processor.py:183} INFO - Processing /opt/airflow/dags/dbt_local_dag.py took 0.878 seconds
[2025-10-31T02:28:59.098+0000] {processor.py:161} INFO - Started process (PID=633) to work on /opt/airflow/dags/dbt_local_dag.py
[2025-10-31T02:28:59.109+0000] {processor.py:830} INFO - Processing file /opt/airflow/dags/dbt_local_dag.py for tasks to queue
[2025-10-31T02:28:59.114+0000] {logging_mixin.py:188} INFO - [2025-10-31T02:28:59.113+0000] {dagbag.py:538} INFO - Filling up the DagBag from /opt/airflow/dags/dbt_local_dag.py
[2025-10-31T02:28:59.589+0000] {processor.py:840} INFO - DAG(s) 'dag_dbt_pipeline' retrieved from /opt/airflow/dags/dbt_local_dag.py
[2025-10-31T02:28:59.777+0000] {logging_mixin.py:188} INFO - [2025-10-31T02:28:59.777+0000] {dag.py:3036} INFO - Sync 1 DAGs
[2025-10-31T02:29:00.128+0000] {logging_mixin.py:188} INFO - [2025-10-31T02:29:00.127+0000] {dag.py:3823} INFO - Setting next_dagrun for dag_dbt_pipeline to 2025-10-31 00:00:00+00:00, run_after=2025-11-01 00:00:00+00:00
[2025-10-31T02:29:00.279+0000] {processor.py:183} INFO - Processing /opt/airflow/dags/dbt_local_dag.py took 1.200 seconds
[2025-10-31T02:29:31.433+0000] {processor.py:161} INFO - Started process (PID=645) to work on /opt/airflow/dags/dbt_local_dag.py
[2025-10-31T02:29:31.518+0000] {processor.py:830} INFO - Processing file /opt/airflow/dags/dbt_local_dag.py for tasks to queue
[2025-10-31T02:29:31.560+0000] {logging_mixin.py:188} INFO - [2025-10-31T02:29:31.534+0000] {dagbag.py:538} INFO - Filling up the DagBag from /opt/airflow/dags/dbt_local_dag.py
[2025-10-31T02:29:31.839+0000] {processor.py:840} INFO - DAG(s) 'dag_dbt_pipeline' retrieved from /opt/airflow/dags/dbt_local_dag.py
[2025-10-31T02:29:32.137+0000] {logging_mixin.py:188} INFO - [2025-10-31T02:29:32.137+0000] {dag.py:3036} INFO - Sync 1 DAGs
[2025-10-31T02:29:32.468+0000] {logging_mixin.py:188} INFO - [2025-10-31T02:29:32.467+0000] {dag.py:3823} INFO - Setting next_dagrun for dag_dbt_pipeline to 2025-10-31 00:00:00+00:00, run_after=2025-11-01 00:00:00+00:00
[2025-10-31T02:29:32.831+0000] {processor.py:183} INFO - Processing /opt/airflow/dags/dbt_local_dag.py took 1.416 seconds
[2025-10-31T02:30:03.942+0000] {processor.py:161} INFO - Started process (PID=663) to work on /opt/airflow/dags/dbt_local_dag.py
[2025-10-31T02:30:03.943+0000] {processor.py:830} INFO - Processing file /opt/airflow/dags/dbt_local_dag.py for tasks to queue
[2025-10-31T02:30:03.945+0000] {logging_mixin.py:188} INFO - [2025-10-31T02:30:03.945+0000] {dagbag.py:538} INFO - Filling up the DagBag from /opt/airflow/dags/dbt_local_dag.py
[2025-10-31T02:30:04.138+0000] {processor.py:840} INFO - DAG(s) 'dag_dbt_pipeline' retrieved from /opt/airflow/dags/dbt_local_dag.py
[2025-10-31T02:30:04.609+0000] {logging_mixin.py:188} INFO - [2025-10-31T02:30:04.608+0000] {dag.py:3036} INFO - Sync 1 DAGs
[2025-10-31T02:30:04.788+0000] {logging_mixin.py:188} INFO - [2025-10-31T02:30:04.782+0000] {dag.py:3823} INFO - Setting next_dagrun for dag_dbt_pipeline to 2025-10-31 00:00:00+00:00, run_after=2025-11-01 00:00:00+00:00
[2025-10-31T02:30:04.885+0000] {processor.py:183} INFO - Processing /opt/airflow/dags/dbt_local_dag.py took 0.949 seconds
[2025-10-31T02:30:35.260+0000] {processor.py:161} INFO - Started process (PID=675) to work on /opt/airflow/dags/dbt_local_dag.py
[2025-10-31T02:30:35.262+0000] {processor.py:830} INFO - Processing file /opt/airflow/dags/dbt_local_dag.py for tasks to queue
[2025-10-31T02:30:35.264+0000] {logging_mixin.py:188} INFO - [2025-10-31T02:30:35.263+0000] {dagbag.py:538} INFO - Filling up the DagBag from /opt/airflow/dags/dbt_local_dag.py
[2025-10-31T02:30:35.302+0000] {processor.py:840} INFO - DAG(s) 'dag_dbt_pipeline' retrieved from /opt/airflow/dags/dbt_local_dag.py
[2025-10-31T02:30:35.354+0000] {logging_mixin.py:188} INFO - [2025-10-31T02:30:35.353+0000] {dag.py:3036} INFO - Sync 1 DAGs
[2025-10-31T02:30:35.712+0000] {logging_mixin.py:188} INFO - [2025-10-31T02:30:35.712+0000] {dag.py:3823} INFO - Setting next_dagrun for dag_dbt_pipeline to 2025-10-31 00:00:00+00:00, run_after=2025-11-01 00:00:00+00:00
[2025-10-31T02:30:35.855+0000] {processor.py:183} INFO - Processing /opt/airflow/dags/dbt_local_dag.py took 0.602 seconds
[2025-10-31T02:31:11.399+0000] {processor.py:161} INFO - Started process (PID=680) to work on /opt/airflow/dags/dbt_local_dag.py
[2025-10-31T02:31:11.528+0000] {processor.py:830} INFO - Processing file /opt/airflow/dags/dbt_local_dag.py for tasks to queue
[2025-10-31T02:31:11.546+0000] {logging_mixin.py:188} INFO - [2025-10-31T02:31:11.545+0000] {dagbag.py:538} INFO - Filling up the DagBag from /opt/airflow/dags/dbt_local_dag.py
[2025-10-31T02:31:14.394+0000] {processor.py:840} INFO - DAG(s) 'dag_dbt_pipeline' retrieved from /opt/airflow/dags/dbt_local_dag.py
[2025-10-31T02:31:17.674+0000] {logging_mixin.py:188} INFO - [2025-10-31T02:31:17.673+0000] {dag.py:3036} INFO - Sync 1 DAGs
[2025-10-31T02:31:21.277+0000] {logging_mixin.py:188} INFO - [2025-10-31T02:31:21.272+0000] {dag.py:3823} INFO - Setting next_dagrun for dag_dbt_pipeline to 2025-10-31 00:00:00+00:00, run_after=2025-11-01 00:00:00+00:00
[2025-10-31T02:31:23.653+0000] {processor.py:183} INFO - Processing /opt/airflow/dags/dbt_local_dag.py took 13.419 seconds
[2025-10-31T02:31:54.132+0000] {processor.py:161} INFO - Started process (PID=698) to work on /opt/airflow/dags/dbt_local_dag.py
[2025-10-31T02:31:54.161+0000] {processor.py:830} INFO - Processing file /opt/airflow/dags/dbt_local_dag.py for tasks to queue
[2025-10-31T02:31:54.172+0000] {logging_mixin.py:188} INFO - [2025-10-31T02:31:54.172+0000] {dagbag.py:538} INFO - Filling up the DagBag from /opt/airflow/dags/dbt_local_dag.py
[2025-10-31T02:31:54.776+0000] {processor.py:840} INFO - DAG(s) 'dag_dbt_pipeline' retrieved from /opt/airflow/dags/dbt_local_dag.py
[2025-10-31T02:31:55.038+0000] {logging_mixin.py:188} INFO - [2025-10-31T02:31:55.038+0000] {dag.py:3036} INFO - Sync 1 DAGs
[2025-10-31T02:31:55.241+0000] {logging_mixin.py:188} INFO - [2025-10-31T02:31:55.240+0000] {dag.py:3823} INFO - Setting next_dagrun for dag_dbt_pipeline to 2025-10-31 00:00:00+00:00, run_after=2025-11-01 00:00:00+00:00
[2025-10-31T02:31:55.411+0000] {processor.py:183} INFO - Processing /opt/airflow/dags/dbt_local_dag.py took 1.302 seconds
[2025-10-31T02:32:26.419+0000] {processor.py:161} INFO - Started process (PID=711) to work on /opt/airflow/dags/dbt_local_dag.py
[2025-10-31T02:32:26.421+0000] {processor.py:830} INFO - Processing file /opt/airflow/dags/dbt_local_dag.py for tasks to queue
[2025-10-31T02:32:26.422+0000] {logging_mixin.py:188} INFO - [2025-10-31T02:32:26.422+0000] {dagbag.py:538} INFO - Filling up the DagBag from /opt/airflow/dags/dbt_local_dag.py
[2025-10-31T02:32:26.452+0000] {processor.py:840} INFO - DAG(s) 'dag_dbt_pipeline' retrieved from /opt/airflow/dags/dbt_local_dag.py
[2025-10-31T02:32:26.497+0000] {logging_mixin.py:188} INFO - [2025-10-31T02:32:26.497+0000] {dag.py:3036} INFO - Sync 1 DAGs
[2025-10-31T02:32:26.535+0000] {logging_mixin.py:188} INFO - [2025-10-31T02:32:26.535+0000] {dag.py:3823} INFO - Setting next_dagrun for dag_dbt_pipeline to 2025-10-31 00:00:00+00:00, run_after=2025-11-01 00:00:00+00:00
[2025-10-31T02:32:26.590+0000] {processor.py:183} INFO - Processing /opt/airflow/dags/dbt_local_dag.py took 0.177 seconds
[2025-10-31T02:32:56.846+0000] {processor.py:161} INFO - Started process (PID=723) to work on /opt/airflow/dags/dbt_local_dag.py
[2025-10-31T02:32:56.867+0000] {processor.py:830} INFO - Processing file /opt/airflow/dags/dbt_local_dag.py for tasks to queue
[2025-10-31T02:32:56.883+0000] {logging_mixin.py:188} INFO - [2025-10-31T02:32:56.883+0000] {dagbag.py:538} INFO - Filling up the DagBag from /opt/airflow/dags/dbt_local_dag.py
[2025-10-31T02:32:56.958+0000] {processor.py:840} INFO - DAG(s) 'dag_dbt_pipeline' retrieved from /opt/airflow/dags/dbt_local_dag.py
[2025-10-31T02:32:57.153+0000] {logging_mixin.py:188} INFO - [2025-10-31T02:32:57.152+0000] {dag.py:3036} INFO - Sync 1 DAGs
[2025-10-31T02:32:57.270+0000] {logging_mixin.py:188} INFO - [2025-10-31T02:32:57.269+0000] {dag.py:3823} INFO - Setting next_dagrun for dag_dbt_pipeline to 2025-10-31 00:00:00+00:00, run_after=2025-11-01 00:00:00+00:00
[2025-10-31T02:32:57.416+0000] {processor.py:183} INFO - Processing /opt/airflow/dags/dbt_local_dag.py took 0.589 seconds
[2025-10-31T02:33:30.070+0000] {processor.py:161} INFO - Started process (PID=735) to work on /opt/airflow/dags/dbt_local_dag.py
[2025-10-31T02:33:30.081+0000] {processor.py:830} INFO - Processing file /opt/airflow/dags/dbt_local_dag.py for tasks to queue
[2025-10-31T02:33:30.084+0000] {logging_mixin.py:188} INFO - [2025-10-31T02:33:30.083+0000] {dagbag.py:538} INFO - Filling up the DagBag from /opt/airflow/dags/dbt_local_dag.py
[2025-10-31T02:33:30.450+0000] {processor.py:840} INFO - DAG(s) 'dag_dbt_pipeline' retrieved from /opt/airflow/dags/dbt_local_dag.py
[2025-10-31T02:33:30.700+0000] {logging_mixin.py:188} INFO - [2025-10-31T02:33:30.699+0000] {dag.py:3036} INFO - Sync 1 DAGs
[2025-10-31T02:33:30.868+0000] {logging_mixin.py:188} INFO - [2025-10-31T02:33:30.867+0000] {dag.py:3823} INFO - Setting next_dagrun for dag_dbt_pipeline to 2025-10-31 00:00:00+00:00, run_after=2025-11-01 00:00:00+00:00
[2025-10-31T02:33:31.073+0000] {processor.py:183} INFO - Processing /opt/airflow/dags/dbt_local_dag.py took 1.012 seconds
[2025-10-31T02:34:01.261+0000] {processor.py:161} INFO - Started process (PID=747) to work on /opt/airflow/dags/dbt_local_dag.py
[2025-10-31T02:34:01.265+0000] {processor.py:830} INFO - Processing file /opt/airflow/dags/dbt_local_dag.py for tasks to queue
[2025-10-31T02:34:01.268+0000] {logging_mixin.py:188} INFO - [2025-10-31T02:34:01.267+0000] {dagbag.py:538} INFO - Filling up the DagBag from /opt/airflow/dags/dbt_local_dag.py
[2025-10-31T02:34:01.356+0000] {processor.py:840} INFO - DAG(s) 'dag_dbt_pipeline' retrieved from /opt/airflow/dags/dbt_local_dag.py
[2025-10-31T02:34:01.425+0000] {logging_mixin.py:188} INFO - [2025-10-31T02:34:01.424+0000] {dag.py:3036} INFO - Sync 1 DAGs
[2025-10-31T02:34:01.473+0000] {logging_mixin.py:188} INFO - [2025-10-31T02:34:01.473+0000] {dag.py:3823} INFO - Setting next_dagrun for dag_dbt_pipeline to 2025-10-31 00:00:00+00:00, run_after=2025-11-01 00:00:00+00:00
[2025-10-31T02:34:01.614+0000] {processor.py:183} INFO - Processing /opt/airflow/dags/dbt_local_dag.py took 0.379 seconds
[2025-10-31T02:34:31.781+0000] {processor.py:161} INFO - Started process (PID=759) to work on /opt/airflow/dags/dbt_local_dag.py
[2025-10-31T02:34:31.784+0000] {processor.py:830} INFO - Processing file /opt/airflow/dags/dbt_local_dag.py for tasks to queue
[2025-10-31T02:34:31.787+0000] {logging_mixin.py:188} INFO - [2025-10-31T02:34:31.786+0000] {dagbag.py:538} INFO - Filling up the DagBag from /opt/airflow/dags/dbt_local_dag.py
[2025-10-31T02:34:31.823+0000] {processor.py:840} INFO - DAG(s) 'dag_dbt_pipeline' retrieved from /opt/airflow/dags/dbt_local_dag.py
[2025-10-31T02:34:31.911+0000] {logging_mixin.py:188} INFO - [2025-10-31T02:34:31.911+0000] {dag.py:3036} INFO - Sync 1 DAGs
[2025-10-31T02:34:31.945+0000] {logging_mixin.py:188} INFO - [2025-10-31T02:34:31.945+0000] {dag.py:3823} INFO - Setting next_dagrun for dag_dbt_pipeline to 2025-10-31 00:00:00+00:00, run_after=2025-11-01 00:00:00+00:00
[2025-10-31T02:34:32.013+0000] {processor.py:183} INFO - Processing /opt/airflow/dags/dbt_local_dag.py took 0.238 seconds
[2025-10-31T02:35:02.144+0000] {processor.py:161} INFO - Started process (PID=771) to work on /opt/airflow/dags/dbt_local_dag.py
[2025-10-31T02:35:02.146+0000] {processor.py:830} INFO - Processing file /opt/airflow/dags/dbt_local_dag.py for tasks to queue
[2025-10-31T02:35:02.155+0000] {logging_mixin.py:188} INFO - [2025-10-31T02:35:02.154+0000] {dagbag.py:538} INFO - Filling up the DagBag from /opt/airflow/dags/dbt_local_dag.py
[2025-10-31T02:35:02.214+0000] {processor.py:840} INFO - DAG(s) 'dag_dbt_pipeline' retrieved from /opt/airflow/dags/dbt_local_dag.py
[2025-10-31T02:35:02.269+0000] {logging_mixin.py:188} INFO - [2025-10-31T02:35:02.269+0000] {dag.py:3036} INFO - Sync 1 DAGs
[2025-10-31T02:35:02.330+0000] {logging_mixin.py:188} INFO - [2025-10-31T02:35:02.330+0000] {dag.py:3823} INFO - Setting next_dagrun for dag_dbt_pipeline to 2025-10-31 00:00:00+00:00, run_after=2025-11-01 00:00:00+00:00
[2025-10-31T02:35:02.387+0000] {processor.py:183} INFO - Processing /opt/airflow/dags/dbt_local_dag.py took 0.262 seconds
[2025-10-31T02:35:33.078+0000] {processor.py:161} INFO - Started process (PID=783) to work on /opt/airflow/dags/dbt_local_dag.py
[2025-10-31T02:35:33.081+0000] {processor.py:830} INFO - Processing file /opt/airflow/dags/dbt_local_dag.py for tasks to queue
[2025-10-31T02:35:33.084+0000] {logging_mixin.py:188} INFO - [2025-10-31T02:35:33.084+0000] {dagbag.py:538} INFO - Filling up the DagBag from /opt/airflow/dags/dbt_local_dag.py
[2025-10-31T02:35:33.124+0000] {processor.py:840} INFO - DAG(s) 'dag_dbt_pipeline' retrieved from /opt/airflow/dags/dbt_local_dag.py
[2025-10-31T02:35:33.208+0000] {logging_mixin.py:188} INFO - [2025-10-31T02:35:33.207+0000] {dag.py:3036} INFO - Sync 1 DAGs
[2025-10-31T02:35:33.251+0000] {logging_mixin.py:188} INFO - [2025-10-31T02:35:33.250+0000] {dag.py:3823} INFO - Setting next_dagrun for dag_dbt_pipeline to 2025-10-31 00:00:00+00:00, run_after=2025-11-01 00:00:00+00:00
[2025-10-31T02:35:33.429+0000] {processor.py:183} INFO - Processing /opt/airflow/dags/dbt_local_dag.py took 0.361 seconds
[2025-10-31T02:36:04.219+0000] {processor.py:161} INFO - Started process (PID=795) to work on /opt/airflow/dags/dbt_local_dag.py
[2025-10-31T02:36:04.231+0000] {processor.py:830} INFO - Processing file /opt/airflow/dags/dbt_local_dag.py for tasks to queue
[2025-10-31T02:36:04.236+0000] {logging_mixin.py:188} INFO - [2025-10-31T02:36:04.235+0000] {dagbag.py:538} INFO - Filling up the DagBag from /opt/airflow/dags/dbt_local_dag.py
[2025-10-31T02:36:05.272+0000] {processor.py:840} INFO - DAG(s) 'dag_dbt_pipeline' retrieved from /opt/airflow/dags/dbt_local_dag.py
[2025-10-31T02:36:05.534+0000] {logging_mixin.py:188} INFO - [2025-10-31T02:36:05.534+0000] {dag.py:3036} INFO - Sync 1 DAGs
[2025-10-31T02:36:05.667+0000] {logging_mixin.py:188} INFO - [2025-10-31T02:36:05.666+0000] {dag.py:3823} INFO - Setting next_dagrun for dag_dbt_pipeline to 2025-10-31 00:00:00+00:00, run_after=2025-11-01 00:00:00+00:00
[2025-10-31T02:36:05.726+0000] {processor.py:183} INFO - Processing /opt/airflow/dags/dbt_local_dag.py took 1.515 seconds
[2025-10-31T02:36:36.736+0000] {processor.py:161} INFO - Started process (PID=806) to work on /opt/airflow/dags/dbt_local_dag.py
[2025-10-31T02:36:36.738+0000] {processor.py:830} INFO - Processing file /opt/airflow/dags/dbt_local_dag.py for tasks to queue
[2025-10-31T02:36:36.740+0000] {logging_mixin.py:188} INFO - [2025-10-31T02:36:36.739+0000] {dagbag.py:538} INFO - Filling up the DagBag from /opt/airflow/dags/dbt_local_dag.py
[2025-10-31T02:36:36.782+0000] {processor.py:840} INFO - DAG(s) 'dag_dbt_pipeline' retrieved from /opt/airflow/dags/dbt_local_dag.py
[2025-10-31T02:36:36.824+0000] {logging_mixin.py:188} INFO - [2025-10-31T02:36:36.824+0000] {dag.py:3036} INFO - Sync 1 DAGs
[2025-10-31T02:36:36.860+0000] {logging_mixin.py:188} INFO - [2025-10-31T02:36:36.860+0000] {dag.py:3823} INFO - Setting next_dagrun for dag_dbt_pipeline to 2025-10-31 00:00:00+00:00, run_after=2025-11-01 00:00:00+00:00
[2025-10-31T02:36:37.097+0000] {processor.py:183} INFO - Processing /opt/airflow/dags/dbt_local_dag.py took 0.366 seconds
[2025-10-31T02:37:07.277+0000] {processor.py:161} INFO - Started process (PID=818) to work on /opt/airflow/dags/dbt_local_dag.py
[2025-10-31T02:37:07.279+0000] {processor.py:830} INFO - Processing file /opt/airflow/dags/dbt_local_dag.py for tasks to queue
[2025-10-31T02:37:07.281+0000] {logging_mixin.py:188} INFO - [2025-10-31T02:37:07.280+0000] {dagbag.py:538} INFO - Filling up the DagBag from /opt/airflow/dags/dbt_local_dag.py
[2025-10-31T02:37:07.314+0000] {processor.py:840} INFO - DAG(s) 'dag_dbt_pipeline' retrieved from /opt/airflow/dags/dbt_local_dag.py
[2025-10-31T02:37:07.395+0000] {logging_mixin.py:188} INFO - [2025-10-31T02:37:07.395+0000] {dag.py:3036} INFO - Sync 1 DAGs
[2025-10-31T02:37:07.459+0000] {logging_mixin.py:188} INFO - [2025-10-31T02:37:07.459+0000] {dag.py:3823} INFO - Setting next_dagrun for dag_dbt_pipeline to 2025-10-31 00:00:00+00:00, run_after=2025-11-01 00:00:00+00:00
[2025-10-31T02:37:07.507+0000] {processor.py:183} INFO - Processing /opt/airflow/dags/dbt_local_dag.py took 0.238 seconds
[2025-10-31T02:37:37.971+0000] {processor.py:161} INFO - Started process (PID=830) to work on /opt/airflow/dags/dbt_local_dag.py
[2025-10-31T02:37:37.973+0000] {processor.py:830} INFO - Processing file /opt/airflow/dags/dbt_local_dag.py for tasks to queue
[2025-10-31T02:37:37.977+0000] {logging_mixin.py:188} INFO - [2025-10-31T02:37:37.976+0000] {dagbag.py:538} INFO - Filling up the DagBag from /opt/airflow/dags/dbt_local_dag.py
[2025-10-31T02:37:38.061+0000] {processor.py:840} INFO - DAG(s) 'dag_dbt_pipeline' retrieved from /opt/airflow/dags/dbt_local_dag.py
[2025-10-31T02:37:38.225+0000] {logging_mixin.py:188} INFO - [2025-10-31T02:37:38.225+0000] {dag.py:3036} INFO - Sync 1 DAGs
[2025-10-31T02:37:38.378+0000] {logging_mixin.py:188} INFO - [2025-10-31T02:37:38.377+0000] {dag.py:3823} INFO - Setting next_dagrun for dag_dbt_pipeline to 2025-10-31 00:00:00+00:00, run_after=2025-11-01 00:00:00+00:00
[2025-10-31T02:37:38.532+0000] {processor.py:183} INFO - Processing /opt/airflow/dags/dbt_local_dag.py took 0.580 seconds
[2025-10-31T02:38:09.120+0000] {processor.py:161} INFO - Started process (PID=842) to work on /opt/airflow/dags/dbt_local_dag.py
[2025-10-31T02:38:09.122+0000] {processor.py:830} INFO - Processing file /opt/airflow/dags/dbt_local_dag.py for tasks to queue
[2025-10-31T02:38:09.125+0000] {logging_mixin.py:188} INFO - [2025-10-31T02:38:09.125+0000] {dagbag.py:538} INFO - Filling up the DagBag from /opt/airflow/dags/dbt_local_dag.py
[2025-10-31T02:38:09.235+0000] {processor.py:840} INFO - DAG(s) 'dag_dbt_pipeline' retrieved from /opt/airflow/dags/dbt_local_dag.py
[2025-10-31T02:38:09.336+0000] {logging_mixin.py:188} INFO - [2025-10-31T02:38:09.335+0000] {dag.py:3036} INFO - Sync 1 DAGs
[2025-10-31T02:38:09.468+0000] {logging_mixin.py:188} INFO - [2025-10-31T02:38:09.467+0000] {dag.py:3823} INFO - Setting next_dagrun for dag_dbt_pipeline to 2025-10-31 00:00:00+00:00, run_after=2025-11-01 00:00:00+00:00
[2025-10-31T02:38:09.629+0000] {processor.py:183} INFO - Processing /opt/airflow/dags/dbt_local_dag.py took 0.517 seconds
[2025-10-31T02:38:39.957+0000] {processor.py:161} INFO - Started process (PID=852) to work on /opt/airflow/dags/dbt_local_dag.py
[2025-10-31T02:38:39.959+0000] {processor.py:830} INFO - Processing file /opt/airflow/dags/dbt_local_dag.py for tasks to queue
[2025-10-31T02:38:39.961+0000] {logging_mixin.py:188} INFO - [2025-10-31T02:38:39.960+0000] {dagbag.py:538} INFO - Filling up the DagBag from /opt/airflow/dags/dbt_local_dag.py
[2025-10-31T02:38:40.085+0000] {processor.py:840} INFO - DAG(s) 'dag_dbt_pipeline' retrieved from /opt/airflow/dags/dbt_local_dag.py
[2025-10-31T02:38:40.201+0000] {logging_mixin.py:188} INFO - [2025-10-31T02:38:40.194+0000] {dag.py:3036} INFO - Sync 1 DAGs
[2025-10-31T02:38:40.266+0000] {logging_mixin.py:188} INFO - [2025-10-31T02:38:40.265+0000] {dag.py:3823} INFO - Setting next_dagrun for dag_dbt_pipeline to 2025-10-31 00:00:00+00:00, run_after=2025-11-01 00:00:00+00:00
[2025-10-31T02:38:40.309+0000] {processor.py:183} INFO - Processing /opt/airflow/dags/dbt_local_dag.py took 0.360 seconds
