[2025-10-31T01:48:49.620+0000] {processor.py:161} INFO - Started process (PID=61) to work on /opt/airflow/dags/my_dag.py
[2025-10-31T01:48:49.643+0000] {processor.py:830} INFO - Processing file /opt/airflow/dags/my_dag.py for tasks to queue
[2025-10-31T01:48:49.652+0000] {logging_mixin.py:188} INFO - [2025-10-31T01:48:49.651+0000] {dagbag.py:538} INFO - Filling up the DagBag from /opt/airflow/dags/my_dag.py
[2025-10-31T01:49:37.415+0000] {logging_mixin.py:188} INFO - [2025-10-31T01:49:37.414+0000] {timeout.py:68} ERROR - Process timed out, PID: 61
[2025-10-31T01:49:37.428+0000] {logging_mixin.py:188} WARNING - Exception ignored in: <function _collection_gced at 0x734037aa5670>
[2025-10-31T01:49:37.446+0000] {logging_mixin.py:188} WARNING - Traceback (most recent call last):
[2025-10-31T01:49:37.447+0000] {logging_mixin.py:188} WARNING -   File "/home/airflow/.local/lib/python3.8/site-packages/sqlalchemy/event/registry.py", line 53, in _collection_gced
[2025-10-31T01:49:37.453+0000] {logging_mixin.py:188} WARNING -     def _collection_gced(ref):
[2025-10-31T01:49:37.455+0000] {logging_mixin.py:188} WARNING -   File "/home/airflow/.local/lib/python3.8/site-packages/airflow/utils/timeout.py", line 69, in handle_timeout
[2025-10-31T01:49:37.459+0000] {logging_mixin.py:188} WARNING -     raise AirflowTaskTimeout(self.error_message)
[2025-10-31T01:49:37.462+0000] {logging_mixin.py:188} WARNING - airflow.exceptions.AirflowTaskTimeout: DagBag import timeout for /opt/airflow/dags/my_dag.py after 30.0s.
Please take a look at these docs to improve your DAG import time:
* https://airflow.apache.org/docs/apache-airflow/2.8.1/best-practices.html#top-level-python-code
* https://airflow.apache.org/docs/apache-airflow/2.8.1/best-practices.html#reducing-dag-complexity, PID: 61
[2025-10-31T01:50:18.222+0000] {processor.py:161} INFO - Started process (PID=82) to work on /opt/airflow/dags/my_dag.py
[2025-10-31T01:50:18.283+0000] {processor.py:830} INFO - Processing file /opt/airflow/dags/my_dag.py for tasks to queue
[2025-10-31T01:50:18.640+0000] {logging_mixin.py:188} INFO - [2025-10-31T01:50:18.550+0000] {dagbag.py:538} INFO - Filling up the DagBag from /opt/airflow/dags/my_dag.py
[2025-10-31T01:50:51.110+0000] {logging_mixin.py:188} INFO - [2025-10-31T01:50:51.097+0000] {timeout.py:68} ERROR - Process timed out, PID: 82
[2025-10-31T01:50:51.315+0000] {logging_mixin.py:188} INFO - [2025-10-31T01:50:51.114+0000] {dagbag.py:348} ERROR - Failed to import: /opt/airflow/dags/my_dag.py
Traceback (most recent call last):
  File "/home/airflow/.local/lib/python3.8/site-packages/airflow/models/dagbag.py", line 344, in parse
    loader.exec_module(new_module)
  File "<frozen importlib._bootstrap_external>", line 843, in exec_module
  File "<frozen importlib._bootstrap>", line 219, in _call_with_frames_removed
  File "/opt/airflow/dags/my_dag.py", line 7, in <module>
    import pandas as pd
  File "/home/airflow/.local/lib/python3.8/site-packages/pandas/__init__.py", line 48, in <module>
    from pandas.core.api import (
  File "/home/airflow/.local/lib/python3.8/site-packages/pandas/core/api.py", line 27, in <module>
    from pandas.core.arrays import Categorical
  File "/home/airflow/.local/lib/python3.8/site-packages/pandas/core/arrays/__init__.py", line 1, in <module>
    from pandas.core.arrays.arrow import ArrowExtensionArray
  File "/home/airflow/.local/lib/python3.8/site-packages/pandas/core/arrays/arrow/__init__.py", line 1, in <module>
    from pandas.core.arrays.arrow.array import ArrowExtensionArray
  File "/home/airflow/.local/lib/python3.8/site-packages/pandas/core/arrays/arrow/array.py", line 77, in <module>
    import pyarrow.compute as pc
  File "/home/airflow/.local/lib/python3.8/site-packages/pyarrow/compute.py", line 18, in <module>
    from pyarrow._compute import (  # noqa
  File "pyarrow/_compute.pyx", line 25, in init pyarrow._compute
  File "<frozen importlib._bootstrap>", line 1017, in _handle_fromlist
  File "/home/airflow/.local/lib/python3.8/site-packages/airflow/utils/timeout.py", line 69, in handle_timeout
    raise AirflowTaskTimeout(self.error_message)
airflow.exceptions.AirflowTaskTimeout: DagBag import timeout for /opt/airflow/dags/my_dag.py after 30.0s.
Please take a look at these docs to improve your DAG import time:
* https://airflow.apache.org/docs/apache-airflow/2.8.1/best-practices.html#top-level-python-code
* https://airflow.apache.org/docs/apache-airflow/2.8.1/best-practices.html#reducing-dag-complexity, PID: 82
[2025-10-31T01:50:51.319+0000] {processor.py:842} WARNING - No viable dags retrieved from /opt/airflow/dags/my_dag.py
[2025-10-31T01:50:52.792+0000] {processor.py:183} INFO - Processing /opt/airflow/dags/my_dag.py took 34.902 seconds
[2025-10-31T01:51:28.585+0000] {processor.py:161} INFO - Started process (PID=102) to work on /opt/airflow/dags/my_dag.py
[2025-10-31T01:51:28.688+0000] {processor.py:830} INFO - Processing file /opt/airflow/dags/my_dag.py for tasks to queue
[2025-10-31T01:51:28.765+0000] {logging_mixin.py:188} INFO - [2025-10-31T01:51:28.705+0000] {dagbag.py:538} INFO - Filling up the DagBag from /opt/airflow/dags/my_dag.py
[2025-10-31T01:52:12.969+0000] {logging_mixin.py:188} INFO - [2025-10-31T01:52:12.968+0000] {timeout.py:68} ERROR - Process timed out, PID: 102
[2025-10-31T01:52:13.100+0000] {logging_mixin.py:188} INFO - [2025-10-31T01:52:12.998+0000] {dagbag.py:348} ERROR - Failed to import: /opt/airflow/dags/my_dag.py
Traceback (most recent call last):
  File "/home/airflow/.local/lib/python3.8/site-packages/airflow/models/dagbag.py", line 344, in parse
    loader.exec_module(new_module)
  File "<frozen importlib._bootstrap_external>", line 843, in exec_module
  File "<frozen importlib._bootstrap>", line 219, in _call_with_frames_removed
  File "/opt/airflow/dags/my_dag.py", line 7, in <module>
    import pandas as pd
  File "/home/airflow/.local/lib/python3.8/site-packages/pandas/__init__.py", line 22, in <module>
    from pandas.compat import is_numpy_dev as _is_numpy_dev  # pyright: ignore # noqa:F401
  File "/home/airflow/.local/lib/python3.8/site-packages/pandas/compat/__init__.py", line 29, in <module>
    from pandas.compat.pyarrow import (
  File "/home/airflow/.local/lib/python3.8/site-packages/pandas/compat/pyarrow.py", line 8, in <module>
    import pyarrow as pa
  File "/home/airflow/.local/lib/python3.8/site-packages/pyarrow/__init__.py", line 65, in <module>
    import pyarrow.lib as _lib
  File "<frozen importlib._bootstrap>", line 389, in parent
  File "/home/airflow/.local/lib/python3.8/site-packages/airflow/utils/timeout.py", line 69, in handle_timeout
    raise AirflowTaskTimeout(self.error_message)
airflow.exceptions.AirflowTaskTimeout: DagBag import timeout for /opt/airflow/dags/my_dag.py after 30.0s.
Please take a look at these docs to improve your DAG import time:
* https://airflow.apache.org/docs/apache-airflow/2.8.1/best-practices.html#top-level-python-code
* https://airflow.apache.org/docs/apache-airflow/2.8.1/best-practices.html#reducing-dag-complexity, PID: 102
[2025-10-31T01:52:13.106+0000] {processor.py:842} WARNING - No viable dags retrieved from /opt/airflow/dags/my_dag.py
[2025-10-31T01:53:17.682+0000] {processor.py:161} INFO - Started process (PID=127) to work on /opt/airflow/dags/my_dag.py
[2025-10-31T01:53:17.735+0000] {processor.py:830} INFO - Processing file /opt/airflow/dags/my_dag.py for tasks to queue
[2025-10-31T01:53:17.847+0000] {logging_mixin.py:188} INFO - [2025-10-31T01:53:17.846+0000] {dagbag.py:538} INFO - Filling up the DagBag from /opt/airflow/dags/my_dag.py
[2025-10-31T01:53:55.528+0000] {logging_mixin.py:188} INFO - [2025-10-31T01:53:55.507+0000] {timeout.py:68} ERROR - Process timed out, PID: 127
[2025-10-31T01:53:56.269+0000] {logging_mixin.py:188} INFO - [2025-10-31T01:53:55.857+0000] {dagbag.py:348} ERROR - Failed to import: /opt/airflow/dags/my_dag.py
Traceback (most recent call last):
  File "/home/airflow/.local/lib/python3.8/site-packages/airflow/models/dagbag.py", line 344, in parse
    loader.exec_module(new_module)
  File "<frozen importlib._bootstrap_external>", line 843, in exec_module
  File "<frozen importlib._bootstrap>", line 219, in _call_with_frames_removed
  File "/opt/airflow/dags/my_dag.py", line 7, in <module>
    import pandas as pd
  File "/home/airflow/.local/lib/python3.8/site-packages/pandas/__init__.py", line 22, in <module>
    from pandas.compat import is_numpy_dev as _is_numpy_dev  # pyright: ignore # noqa:F401
  File "/home/airflow/.local/lib/python3.8/site-packages/pandas/compat/__init__.py", line 25, in <module>
    from pandas.compat.numpy import (
  File "/home/airflow/.local/lib/python3.8/site-packages/pandas/compat/numpy/__init__.py", line 4, in <module>
    from pandas.util.version import Version
  File "/home/airflow/.local/lib/python3.8/site-packages/pandas/util/__init__.py", line 2, in <module>
    from pandas.util._decorators import (  # noqa:F401
  File "/home/airflow/.local/lib/python3.8/site-packages/pandas/util/_decorators.py", line 14, in <module>
    from pandas._libs.properties import cache_readonly
  File "/home/airflow/.local/lib/python3.8/site-packages/pandas/_libs/__init__.py", line 13, in <module>
    from pandas._libs.interval import Interval
  File "pandas/_libs/interval.pyx", line 1, in init pandas._libs.interval
  File "pandas/_libs/hashtable.pyx", line 1, in init pandas._libs.hashtable
  File "pandas/_libs/missing.pyx", line 1, in init pandas._libs.missing
  File "/home/airflow/.local/lib/python3.8/site-packages/pandas/_libs/tslibs/__init__.py", line 39, in <module>
    from pandas._libs.tslibs.conversion import localize_pydatetime
  File "pandas/_libs/tslibs/conversion.pyx", line 1, in init pandas._libs.tslibs.conversion
  File "pandas/_libs/tslibs/offsets.pyx", line 1, in init pandas._libs.tslibs.offsets
  File "pandas/_libs/tslibs/timestamps.pyx", line 1, in init pandas._libs.tslibs.timestamps
  File "pandas/_libs/tslibs/timedeltas.pyx", line 1, in init pandas._libs.tslibs.timedeltas
  File "<frozen importlib._bootstrap>", line 194, in _lock_unlock_module
  File "/home/airflow/.local/lib/python3.8/site-packages/airflow/utils/timeout.py", line 69, in handle_timeout
    raise AirflowTaskTimeout(self.error_message)
airflow.exceptions.AirflowTaskTimeout: DagBag import timeout for /opt/airflow/dags/my_dag.py after 30.0s.
Please take a look at these docs to improve your DAG import time:
* https://airflow.apache.org/docs/apache-airflow/2.8.1/best-practices.html#top-level-python-code
* https://airflow.apache.org/docs/apache-airflow/2.8.1/best-practices.html#reducing-dag-complexity, PID: 127
[2025-10-31T01:53:56.292+0000] {processor.py:842} WARNING - No viable dags retrieved from /opt/airflow/dags/my_dag.py
[2025-10-31T01:53:57.511+0000] {processor.py:183} INFO - Processing /opt/airflow/dags/my_dag.py took 37.924 seconds
[2025-10-31T02:01:31.488+0000] {processor.py:161} INFO - Started process (PID=58) to work on /opt/airflow/dags/my_dag.py
[2025-10-31T02:01:31.510+0000] {processor.py:830} INFO - Processing file /opt/airflow/dags/my_dag.py for tasks to queue
[2025-10-31T02:01:31.525+0000] {logging_mixin.py:188} INFO - [2025-10-31T02:01:31.523+0000] {dagbag.py:538} INFO - Filling up the DagBag from /opt/airflow/dags/my_dag.py
[2025-10-31T02:01:44.306+0000] {processor.py:840} INFO - DAG(s) 'my_dag' retrieved from /opt/airflow/dags/my_dag.py
[2025-10-31T02:01:46.068+0000] {logging_mixin.py:188} INFO - [2025-10-31T02:01:46.067+0000] {dag.py:3036} INFO - Sync 1 DAGs
[2025-10-31T02:01:46.148+0000] {logging_mixin.py:188} INFO - [2025-10-31T02:01:46.148+0000] {dag.py:3823} INFO - Setting next_dagrun for my_dag to None, run_after=None
[2025-10-31T02:01:46.391+0000] {processor.py:183} INFO - Processing /opt/airflow/dags/my_dag.py took 13.743 seconds
[2025-10-31T02:02:17.485+0000] {processor.py:161} INFO - Started process (PID=79) to work on /opt/airflow/dags/my_dag.py
[2025-10-31T02:02:17.487+0000] {processor.py:830} INFO - Processing file /opt/airflow/dags/my_dag.py for tasks to queue
[2025-10-31T02:02:17.493+0000] {logging_mixin.py:188} INFO - [2025-10-31T02:02:17.492+0000] {dagbag.py:538} INFO - Filling up the DagBag from /opt/airflow/dags/my_dag.py
[2025-10-31T02:02:20.189+0000] {processor.py:840} INFO - DAG(s) 'my_dag' retrieved from /opt/airflow/dags/my_dag.py
[2025-10-31T02:02:20.458+0000] {logging_mixin.py:188} INFO - [2025-10-31T02:02:20.455+0000] {dag.py:3036} INFO - Sync 1 DAGs
[2025-10-31T02:02:20.640+0000] {logging_mixin.py:188} INFO - [2025-10-31T02:02:20.640+0000] {dag.py:3823} INFO - Setting next_dagrun for my_dag to None, run_after=None
[2025-10-31T02:02:20.738+0000] {processor.py:183} INFO - Processing /opt/airflow/dags/my_dag.py took 3.262 seconds
[2025-10-31T02:02:51.301+0000] {processor.py:161} INFO - Started process (PID=98) to work on /opt/airflow/dags/my_dag.py
[2025-10-31T02:02:51.344+0000] {processor.py:830} INFO - Processing file /opt/airflow/dags/my_dag.py for tasks to queue
[2025-10-31T02:02:51.355+0000] {logging_mixin.py:188} INFO - [2025-10-31T02:02:51.354+0000] {dagbag.py:538} INFO - Filling up the DagBag from /opt/airflow/dags/my_dag.py
[2025-10-31T02:02:54.052+0000] {processor.py:840} INFO - DAG(s) 'my_dag' retrieved from /opt/airflow/dags/my_dag.py
[2025-10-31T02:02:55.047+0000] {logging_mixin.py:188} INFO - [2025-10-31T02:02:55.046+0000] {dag.py:3036} INFO - Sync 1 DAGs
[2025-10-31T02:02:55.173+0000] {logging_mixin.py:188} INFO - [2025-10-31T02:02:55.173+0000] {dag.py:3823} INFO - Setting next_dagrun for my_dag to None, run_after=None
[2025-10-31T02:02:55.578+0000] {processor.py:183} INFO - Processing /opt/airflow/dags/my_dag.py took 4.287 seconds
[2025-10-31T02:03:26.027+0000] {processor.py:161} INFO - Started process (PID=109) to work on /opt/airflow/dags/my_dag.py
[2025-10-31T02:03:26.038+0000] {processor.py:830} INFO - Processing file /opt/airflow/dags/my_dag.py for tasks to queue
[2025-10-31T02:03:26.047+0000] {logging_mixin.py:188} INFO - [2025-10-31T02:03:26.046+0000] {dagbag.py:538} INFO - Filling up the DagBag from /opt/airflow/dags/my_dag.py
[2025-10-31T02:03:28.452+0000] {processor.py:840} INFO - DAG(s) 'my_dag' retrieved from /opt/airflow/dags/my_dag.py
[2025-10-31T02:03:28.587+0000] {logging_mixin.py:188} INFO - [2025-10-31T02:03:28.586+0000] {dag.py:3036} INFO - Sync 1 DAGs
[2025-10-31T02:03:28.695+0000] {logging_mixin.py:188} INFO - [2025-10-31T02:03:28.685+0000] {dag.py:3823} INFO - Setting next_dagrun for my_dag to None, run_after=None
[2025-10-31T02:03:29.744+0000] {processor.py:183} INFO - Processing /opt/airflow/dags/my_dag.py took 3.736 seconds
[2025-10-31T02:04:01.191+0000] {processor.py:161} INFO - Started process (PID=121) to work on /opt/airflow/dags/my_dag.py
[2025-10-31T02:04:01.196+0000] {processor.py:830} INFO - Processing file /opt/airflow/dags/my_dag.py for tasks to queue
[2025-10-31T02:04:01.223+0000] {logging_mixin.py:188} INFO - [2025-10-31T02:04:01.222+0000] {dagbag.py:538} INFO - Filling up the DagBag from /opt/airflow/dags/my_dag.py
[2025-10-31T02:04:03.701+0000] {processor.py:840} INFO - DAG(s) 'my_dag' retrieved from /opt/airflow/dags/my_dag.py
[2025-10-31T02:04:03.814+0000] {logging_mixin.py:188} INFO - [2025-10-31T02:04:03.813+0000] {dag.py:3036} INFO - Sync 1 DAGs
[2025-10-31T02:04:04.124+0000] {logging_mixin.py:188} INFO - [2025-10-31T02:04:04.123+0000] {dag.py:3823} INFO - Setting next_dagrun for my_dag to None, run_after=None
[2025-10-31T02:04:04.383+0000] {processor.py:183} INFO - Processing /opt/airflow/dags/my_dag.py took 3.210 seconds
[2025-10-31T02:04:35.588+0000] {processor.py:161} INFO - Started process (PID=133) to work on /opt/airflow/dags/my_dag.py
[2025-10-31T02:04:35.590+0000] {processor.py:830} INFO - Processing file /opt/airflow/dags/my_dag.py for tasks to queue
[2025-10-31T02:04:35.610+0000] {logging_mixin.py:188} INFO - [2025-10-31T02:04:35.603+0000] {dagbag.py:538} INFO - Filling up the DagBag from /opt/airflow/dags/my_dag.py
[2025-10-31T02:04:37.696+0000] {processor.py:840} INFO - DAG(s) 'my_dag' retrieved from /opt/airflow/dags/my_dag.py
[2025-10-31T02:04:38.068+0000] {logging_mixin.py:188} INFO - [2025-10-31T02:04:38.066+0000] {dag.py:3036} INFO - Sync 1 DAGs
[2025-10-31T02:04:38.096+0000] {logging_mixin.py:188} INFO - [2025-10-31T02:04:38.096+0000] {dag.py:3823} INFO - Setting next_dagrun for my_dag to None, run_after=None
[2025-10-31T02:04:38.213+0000] {processor.py:183} INFO - Processing /opt/airflow/dags/my_dag.py took 2.656 seconds
[2025-10-31T02:05:09.821+0000] {processor.py:161} INFO - Started process (PID=145) to work on /opt/airflow/dags/my_dag.py
[2025-10-31T02:05:09.825+0000] {processor.py:830} INFO - Processing file /opt/airflow/dags/my_dag.py for tasks to queue
[2025-10-31T02:05:09.830+0000] {logging_mixin.py:188} INFO - [2025-10-31T02:05:09.829+0000] {dagbag.py:538} INFO - Filling up the DagBag from /opt/airflow/dags/my_dag.py
[2025-10-31T02:05:12.356+0000] {processor.py:840} INFO - DAG(s) 'my_dag' retrieved from /opt/airflow/dags/my_dag.py
[2025-10-31T02:05:12.495+0000] {logging_mixin.py:188} INFO - [2025-10-31T02:05:12.493+0000] {dag.py:3036} INFO - Sync 1 DAGs
[2025-10-31T02:05:12.581+0000] {logging_mixin.py:188} INFO - [2025-10-31T02:05:12.581+0000] {dag.py:3823} INFO - Setting next_dagrun for my_dag to None, run_after=None
[2025-10-31T02:05:12.978+0000] {processor.py:183} INFO - Processing /opt/airflow/dags/my_dag.py took 3.191 seconds
[2025-10-31T02:05:44.034+0000] {processor.py:161} INFO - Started process (PID=157) to work on /opt/airflow/dags/my_dag.py
[2025-10-31T02:05:44.039+0000] {processor.py:830} INFO - Processing file /opt/airflow/dags/my_dag.py for tasks to queue
[2025-10-31T02:05:44.059+0000] {logging_mixin.py:188} INFO - [2025-10-31T02:05:44.058+0000] {dagbag.py:538} INFO - Filling up the DagBag from /opt/airflow/dags/my_dag.py
[2025-10-31T02:06:11.989+0000] {processor.py:840} INFO - DAG(s) 'my_dag' retrieved from /opt/airflow/dags/my_dag.py
[2025-10-31T02:06:12.503+0000] {logging_mixin.py:188} INFO - [2025-10-31T02:06:12.502+0000] {dag.py:3036} INFO - Sync 1 DAGs
[2025-10-31T02:06:12.930+0000] {logging_mixin.py:188} INFO - [2025-10-31T02:06:12.929+0000] {dag.py:3823} INFO - Setting next_dagrun for my_dag to None, run_after=None
[2025-10-31T02:06:13.175+0000] {processor.py:183} INFO - Processing /opt/airflow/dags/my_dag.py took 27.888 seconds
[2025-10-31T02:06:48.774+0000] {processor.py:161} INFO - Started process (PID=177) to work on /opt/airflow/dags/my_dag.py
[2025-10-31T02:06:48.812+0000] {processor.py:830} INFO - Processing file /opt/airflow/dags/my_dag.py for tasks to queue
[2025-10-31T02:06:49.856+0000] {logging_mixin.py:188} INFO - [2025-10-31T02:06:49.801+0000] {dagbag.py:538} INFO - Filling up the DagBag from /opt/airflow/dags/my_dag.py
[2025-10-31T02:07:27.278+0000] {logging_mixin.py:188} INFO - [2025-10-31T02:07:27.264+0000] {timeout.py:68} ERROR - Process timed out, PID: 177
[2025-10-31T02:07:29.024+0000] {logging_mixin.py:188} INFO - [2025-10-31T02:07:27.404+0000] {dagbag.py:348} ERROR - Failed to import: /opt/airflow/dags/my_dag.py
Traceback (most recent call last):
  File "/home/airflow/.local/lib/python3.8/site-packages/airflow/models/dagbag.py", line 344, in parse
    loader.exec_module(new_module)
  File "<frozen importlib._bootstrap_external>", line 843, in exec_module
  File "<frozen importlib._bootstrap>", line 219, in _call_with_frames_removed
  File "/opt/airflow/dags/my_dag.py", line 7, in <module>
    import pandas as pd
  File "/home/airflow/.local/lib/python3.8/site-packages/pandas/__init__.py", line 48, in <module>
    from pandas.core.api import (
  File "/home/airflow/.local/lib/python3.8/site-packages/pandas/core/api.py", line 27, in <module>
    from pandas.core.arrays import Categorical
  File "/home/airflow/.local/lib/python3.8/site-packages/pandas/core/arrays/__init__.py", line 1, in <module>
    from pandas.core.arrays.arrow import ArrowExtensionArray
  File "/home/airflow/.local/lib/python3.8/site-packages/pandas/core/arrays/arrow/__init__.py", line 1, in <module>
    from pandas.core.arrays.arrow.array import ArrowExtensionArray
  File "/home/airflow/.local/lib/python3.8/site-packages/pandas/core/arrays/arrow/array.py", line 77, in <module>
    import pyarrow.compute as pc
  File "/home/airflow/.local/lib/python3.8/site-packages/pyarrow/compute.py", line 18, in <module>
    from pyarrow._compute import (  # noqa
  File "pyarrow/_compute.pyx", line 1501, in init pyarrow._compute
  File "pyarrow/_compute.pyx", line 829, in pyarrow._compute._min_count_doc
  File "/home/airflow/.local/lib/python3.8/site-packages/airflow/utils/timeout.py", line 69, in handle_timeout
    raise AirflowTaskTimeout(self.error_message)
airflow.exceptions.AirflowTaskTimeout: DagBag import timeout for /opt/airflow/dags/my_dag.py after 30.0s.
Please take a look at these docs to improve your DAG import time:
* https://airflow.apache.org/docs/apache-airflow/2.8.1/best-practices.html#top-level-python-code
* https://airflow.apache.org/docs/apache-airflow/2.8.1/best-practices.html#reducing-dag-complexity, PID: 177
[2025-10-31T02:07:29.061+0000] {processor.py:842} WARNING - No viable dags retrieved from /opt/airflow/dags/my_dag.py
[2025-10-31T02:07:30.288+0000] {processor.py:183} INFO - Processing /opt/airflow/dags/my_dag.py took 40.887 seconds
[2025-10-31T02:08:01.539+0000] {processor.py:161} INFO - Started process (PID=196) to work on /opt/airflow/dags/my_dag.py
[2025-10-31T02:08:02.092+0000] {processor.py:830} INFO - Processing file /opt/airflow/dags/my_dag.py for tasks to queue
[2025-10-31T02:08:03.388+0000] {logging_mixin.py:188} INFO - [2025-10-31T02:08:03.322+0000] {dagbag.py:538} INFO - Filling up the DagBag from /opt/airflow/dags/my_dag.py
[2025-10-31T02:09:22.902+0000] {processor.py:161} INFO - Started process (PID=219) to work on /opt/airflow/dags/my_dag.py
[2025-10-31T02:09:22.973+0000] {processor.py:830} INFO - Processing file /opt/airflow/dags/my_dag.py for tasks to queue
[2025-10-31T02:09:23.019+0000] {logging_mixin.py:188} INFO - [2025-10-31T02:09:23.006+0000] {dagbag.py:538} INFO - Filling up the DagBag from /opt/airflow/dags/my_dag.py
[2025-10-31T02:10:07.878+0000] {logging_mixin.py:188} INFO - [2025-10-31T02:10:07.877+0000] {timeout.py:68} ERROR - Process timed out, PID: 219
[2025-10-31T02:10:07.894+0000] {logging_mixin.py:188} WARNING - Exception ignored in: <function _collection_gced at 0x76f6785e9670>
[2025-10-31T02:10:07.895+0000] {logging_mixin.py:188} WARNING - Traceback (most recent call last):
[2025-10-31T02:10:08.004+0000] {logging_mixin.py:188} WARNING -   File "/home/airflow/.local/lib/python3.8/site-packages/sqlalchemy/event/registry.py", line 53, in _collection_gced
[2025-10-31T02:10:08.030+0000] {logging_mixin.py:188} WARNING -     def _collection_gced(ref):
[2025-10-31T02:10:08.031+0000] {logging_mixin.py:188} WARNING -   File "/home/airflow/.local/lib/python3.8/site-packages/airflow/utils/timeout.py", line 69, in handle_timeout
[2025-10-31T02:10:08.032+0000] {logging_mixin.py:188} WARNING -     raise AirflowTaskTimeout(self.error_message)
[2025-10-31T02:10:08.033+0000] {logging_mixin.py:188} WARNING - airflow.exceptions.AirflowTaskTimeout: DagBag import timeout for /opt/airflow/dags/my_dag.py after 30.0s.
Please take a look at these docs to improve your DAG import time:
* https://airflow.apache.org/docs/apache-airflow/2.8.1/best-practices.html#top-level-python-code
* https://airflow.apache.org/docs/apache-airflow/2.8.1/best-practices.html#reducing-dag-complexity, PID: 219
[2025-10-31T02:10:09.855+0000] {processor.py:840} INFO - DAG(s) 'my_dag' retrieved from /opt/airflow/dags/my_dag.py
[2025-10-31T02:10:11.338+0000] {logging_mixin.py:188} INFO - [2025-10-31T02:10:11.335+0000] {dag.py:3036} INFO - Sync 1 DAGs
[2025-10-31T02:10:11.410+0000] {logging_mixin.py:188} INFO - [2025-10-31T02:10:11.410+0000] {dag.py:3823} INFO - Setting next_dagrun for my_dag to None, run_after=None
[2025-10-31T02:10:11.704+0000] {processor.py:183} INFO - Processing /opt/airflow/dags/my_dag.py took 46.547 seconds
[2025-10-31T02:10:42.251+0000] {processor.py:161} INFO - Started process (PID=247) to work on /opt/airflow/dags/my_dag.py
[2025-10-31T02:10:42.264+0000] {processor.py:830} INFO - Processing file /opt/airflow/dags/my_dag.py for tasks to queue
[2025-10-31T02:10:42.275+0000] {logging_mixin.py:188} INFO - [2025-10-31T02:10:42.274+0000] {dagbag.py:538} INFO - Filling up the DagBag from /opt/airflow/dags/my_dag.py
[2025-10-31T02:10:58.138+0000] {processor.py:840} INFO - DAG(s) 'my_dag' retrieved from /opt/airflow/dags/my_dag.py
[2025-10-31T02:10:58.251+0000] {logging_mixin.py:188} INFO - [2025-10-31T02:10:58.250+0000] {dag.py:3036} INFO - Sync 1 DAGs
[2025-10-31T02:10:58.321+0000] {logging_mixin.py:188} INFO - [2025-10-31T02:10:58.320+0000] {dag.py:3823} INFO - Setting next_dagrun for my_dag to None, run_after=None
[2025-10-31T02:10:58.399+0000] {processor.py:183} INFO - Processing /opt/airflow/dags/my_dag.py took 16.156 seconds
[2025-10-31T02:11:29.304+0000] {processor.py:161} INFO - Started process (PID=261) to work on /opt/airflow/dags/my_dag.py
[2025-10-31T02:11:29.315+0000] {processor.py:830} INFO - Processing file /opt/airflow/dags/my_dag.py for tasks to queue
[2025-10-31T02:11:29.326+0000] {logging_mixin.py:188} INFO - [2025-10-31T02:11:29.322+0000] {dagbag.py:538} INFO - Filling up the DagBag from /opt/airflow/dags/my_dag.py
[2025-10-31T02:11:34.018+0000] {processor.py:840} INFO - DAG(s) 'my_dag' retrieved from /opt/airflow/dags/my_dag.py
[2025-10-31T02:11:34.061+0000] {logging_mixin.py:188} INFO - [2025-10-31T02:11:34.060+0000] {dag.py:3036} INFO - Sync 1 DAGs
[2025-10-31T02:11:34.081+0000] {logging_mixin.py:188} INFO - [2025-10-31T02:11:34.080+0000] {dag.py:3823} INFO - Setting next_dagrun for my_dag to None, run_after=None
[2025-10-31T02:11:34.215+0000] {processor.py:183} INFO - Processing /opt/airflow/dags/my_dag.py took 4.940 seconds
[2025-10-31T02:12:04.427+0000] {processor.py:161} INFO - Started process (PID=273) to work on /opt/airflow/dags/my_dag.py
[2025-10-31T02:12:04.443+0000] {processor.py:830} INFO - Processing file /opt/airflow/dags/my_dag.py for tasks to queue
[2025-10-31T02:12:04.447+0000] {logging_mixin.py:188} INFO - [2025-10-31T02:12:04.446+0000] {dagbag.py:538} INFO - Filling up the DagBag from /opt/airflow/dags/my_dag.py
[2025-10-31T02:12:08.224+0000] {processor.py:840} INFO - DAG(s) 'my_dag' retrieved from /opt/airflow/dags/my_dag.py
[2025-10-31T02:12:08.409+0000] {logging_mixin.py:188} INFO - [2025-10-31T02:12:08.408+0000] {dag.py:3036} INFO - Sync 1 DAGs
[2025-10-31T02:12:08.472+0000] {logging_mixin.py:188} INFO - [2025-10-31T02:12:08.471+0000] {dag.py:3823} INFO - Setting next_dagrun for my_dag to None, run_after=None
[2025-10-31T02:12:08.814+0000] {processor.py:183} INFO - Processing /opt/airflow/dags/my_dag.py took 4.405 seconds
[2025-10-31T02:12:41.882+0000] {processor.py:161} INFO - Started process (PID=290) to work on /opt/airflow/dags/my_dag.py
[2025-10-31T02:12:41.891+0000] {processor.py:830} INFO - Processing file /opt/airflow/dags/my_dag.py for tasks to queue
[2025-10-31T02:12:41.895+0000] {logging_mixin.py:188} INFO - [2025-10-31T02:12:41.894+0000] {dagbag.py:538} INFO - Filling up the DagBag from /opt/airflow/dags/my_dag.py
[2025-10-31T02:12:46.390+0000] {processor.py:840} INFO - DAG(s) 'my_dag' retrieved from /opt/airflow/dags/my_dag.py
[2025-10-31T02:12:46.467+0000] {logging_mixin.py:188} INFO - [2025-10-31T02:12:46.465+0000] {dag.py:3036} INFO - Sync 1 DAGs
[2025-10-31T02:12:46.505+0000] {logging_mixin.py:188} INFO - [2025-10-31T02:12:46.504+0000] {dag.py:3823} INFO - Setting next_dagrun for my_dag to None, run_after=None
[2025-10-31T02:12:46.677+0000] {processor.py:183} INFO - Processing /opt/airflow/dags/my_dag.py took 4.809 seconds
[2025-10-31T02:13:16.928+0000] {processor.py:161} INFO - Started process (PID=303) to work on /opt/airflow/dags/my_dag.py
[2025-10-31T02:13:16.931+0000] {processor.py:830} INFO - Processing file /opt/airflow/dags/my_dag.py for tasks to queue
[2025-10-31T02:13:16.934+0000] {logging_mixin.py:188} INFO - [2025-10-31T02:13:16.933+0000] {dagbag.py:538} INFO - Filling up the DagBag from /opt/airflow/dags/my_dag.py
[2025-10-31T02:13:20.033+0000] {processor.py:840} INFO - DAG(s) 'my_dag' retrieved from /opt/airflow/dags/my_dag.py
[2025-10-31T02:13:20.107+0000] {logging_mixin.py:188} INFO - [2025-10-31T02:13:20.106+0000] {dag.py:3036} INFO - Sync 1 DAGs
[2025-10-31T02:13:20.142+0000] {logging_mixin.py:188} INFO - [2025-10-31T02:13:20.141+0000] {dag.py:3823} INFO - Setting next_dagrun for my_dag to None, run_after=None
[2025-10-31T02:13:20.221+0000] {processor.py:183} INFO - Processing /opt/airflow/dags/my_dag.py took 3.303 seconds
[2025-10-31T02:13:50.967+0000] {processor.py:161} INFO - Started process (PID=315) to work on /opt/airflow/dags/my_dag.py
[2025-10-31T02:13:50.970+0000] {processor.py:830} INFO - Processing file /opt/airflow/dags/my_dag.py for tasks to queue
[2025-10-31T02:13:50.974+0000] {logging_mixin.py:188} INFO - [2025-10-31T02:13:50.972+0000] {dagbag.py:538} INFO - Filling up the DagBag from /opt/airflow/dags/my_dag.py
[2025-10-31T02:13:53.329+0000] {processor.py:840} INFO - DAG(s) 'my_dag' retrieved from /opt/airflow/dags/my_dag.py
[2025-10-31T02:13:53.493+0000] {logging_mixin.py:188} INFO - [2025-10-31T02:13:53.491+0000] {dag.py:3036} INFO - Sync 1 DAGs
[2025-10-31T02:13:53.538+0000] {logging_mixin.py:188} INFO - [2025-10-31T02:13:53.537+0000] {dag.py:3823} INFO - Setting next_dagrun for my_dag to None, run_after=None
[2025-10-31T02:13:53.667+0000] {processor.py:183} INFO - Processing /opt/airflow/dags/my_dag.py took 2.717 seconds
[2025-10-31T02:14:24.369+0000] {processor.py:161} INFO - Started process (PID=327) to work on /opt/airflow/dags/my_dag.py
[2025-10-31T02:14:24.442+0000] {processor.py:830} INFO - Processing file /opt/airflow/dags/my_dag.py for tasks to queue
[2025-10-31T02:14:24.445+0000] {logging_mixin.py:188} INFO - [2025-10-31T02:14:24.444+0000] {dagbag.py:538} INFO - Filling up the DagBag from /opt/airflow/dags/my_dag.py
[2025-10-31T02:14:27.370+0000] {processor.py:840} INFO - DAG(s) 'my_dag' retrieved from /opt/airflow/dags/my_dag.py
[2025-10-31T02:14:27.508+0000] {logging_mixin.py:188} INFO - [2025-10-31T02:14:27.507+0000] {dag.py:3036} INFO - Sync 1 DAGs
[2025-10-31T02:14:27.575+0000] {logging_mixin.py:188} INFO - [2025-10-31T02:14:27.575+0000] {dag.py:3823} INFO - Setting next_dagrun for my_dag to None, run_after=None
[2025-10-31T02:14:27.686+0000] {processor.py:183} INFO - Processing /opt/airflow/dags/my_dag.py took 3.337 seconds
[2025-10-31T02:14:58.356+0000] {processor.py:161} INFO - Started process (PID=339) to work on /opt/airflow/dags/my_dag.py
[2025-10-31T02:14:58.368+0000] {processor.py:830} INFO - Processing file /opt/airflow/dags/my_dag.py for tasks to queue
[2025-10-31T02:14:58.373+0000] {logging_mixin.py:188} INFO - [2025-10-31T02:14:58.372+0000] {dagbag.py:538} INFO - Filling up the DagBag from /opt/airflow/dags/my_dag.py
[2025-10-31T02:15:01.518+0000] {processor.py:840} INFO - DAG(s) 'my_dag' retrieved from /opt/airflow/dags/my_dag.py
[2025-10-31T02:15:01.614+0000] {logging_mixin.py:188} INFO - [2025-10-31T02:15:01.610+0000] {dag.py:3036} INFO - Sync 1 DAGs
[2025-10-31T02:15:01.658+0000] {logging_mixin.py:188} INFO - [2025-10-31T02:15:01.658+0000] {dag.py:3823} INFO - Setting next_dagrun for my_dag to None, run_after=None
[2025-10-31T02:15:01.743+0000] {processor.py:183} INFO - Processing /opt/airflow/dags/my_dag.py took 3.416 seconds
[2025-10-31T02:15:32.381+0000] {processor.py:161} INFO - Started process (PID=351) to work on /opt/airflow/dags/my_dag.py
[2025-10-31T02:15:32.384+0000] {processor.py:830} INFO - Processing file /opt/airflow/dags/my_dag.py for tasks to queue
[2025-10-31T02:15:32.386+0000] {logging_mixin.py:188} INFO - [2025-10-31T02:15:32.386+0000] {dagbag.py:538} INFO - Filling up the DagBag from /opt/airflow/dags/my_dag.py
[2025-10-31T02:15:33.943+0000] {processor.py:840} INFO - DAG(s) 'my_dag' retrieved from /opt/airflow/dags/my_dag.py
[2025-10-31T02:15:34.312+0000] {logging_mixin.py:188} INFO - [2025-10-31T02:15:34.311+0000] {dag.py:3036} INFO - Sync 1 DAGs
[2025-10-31T02:15:34.334+0000] {logging_mixin.py:188} INFO - [2025-10-31T02:15:34.333+0000] {dag.py:3823} INFO - Setting next_dagrun for my_dag to None, run_after=None
[2025-10-31T02:15:34.421+0000] {processor.py:183} INFO - Processing /opt/airflow/dags/my_dag.py took 2.068 seconds
[2025-10-31T02:16:05.404+0000] {processor.py:161} INFO - Started process (PID=363) to work on /opt/airflow/dags/my_dag.py
[2025-10-31T02:16:05.406+0000] {processor.py:830} INFO - Processing file /opt/airflow/dags/my_dag.py for tasks to queue
[2025-10-31T02:16:05.411+0000] {logging_mixin.py:188} INFO - [2025-10-31T02:16:05.408+0000] {dagbag.py:538} INFO - Filling up the DagBag from /opt/airflow/dags/my_dag.py
[2025-10-31T02:16:06.790+0000] {processor.py:840} INFO - DAG(s) 'my_dag' retrieved from /opt/airflow/dags/my_dag.py
[2025-10-31T02:16:06.824+0000] {logging_mixin.py:188} INFO - [2025-10-31T02:16:06.823+0000] {dag.py:3036} INFO - Sync 1 DAGs
[2025-10-31T02:16:06.840+0000] {logging_mixin.py:188} INFO - [2025-10-31T02:16:06.840+0000] {dag.py:3823} INFO - Setting next_dagrun for my_dag to None, run_after=None
[2025-10-31T02:16:06.986+0000] {processor.py:183} INFO - Processing /opt/airflow/dags/my_dag.py took 1.590 seconds
[2025-10-31T02:16:38.009+0000] {processor.py:161} INFO - Started process (PID=378) to work on /opt/airflow/dags/my_dag.py
[2025-10-31T02:16:38.012+0000] {processor.py:830} INFO - Processing file /opt/airflow/dags/my_dag.py for tasks to queue
[2025-10-31T02:16:38.014+0000] {logging_mixin.py:188} INFO - [2025-10-31T02:16:38.013+0000] {dagbag.py:538} INFO - Filling up the DagBag from /opt/airflow/dags/my_dag.py
[2025-10-31T02:16:39.369+0000] {processor.py:840} INFO - DAG(s) 'my_dag' retrieved from /opt/airflow/dags/my_dag.py
[2025-10-31T02:16:39.416+0000] {logging_mixin.py:188} INFO - [2025-10-31T02:16:39.412+0000] {dag.py:3036} INFO - Sync 1 DAGs
[2025-10-31T02:16:39.442+0000] {logging_mixin.py:188} INFO - [2025-10-31T02:16:39.442+0000] {dag.py:3823} INFO - Setting next_dagrun for my_dag to None, run_after=None
[2025-10-31T02:16:39.516+0000] {processor.py:183} INFO - Processing /opt/airflow/dags/my_dag.py took 1.516 seconds
[2025-10-31T02:17:14.343+0000] {processor.py:161} INFO - Started process (PID=389) to work on /opt/airflow/dags/my_dag.py
[2025-10-31T02:17:14.383+0000] {processor.py:830} INFO - Processing file /opt/airflow/dags/my_dag.py for tasks to queue
[2025-10-31T02:17:14.414+0000] {logging_mixin.py:188} INFO - [2025-10-31T02:17:14.412+0000] {dagbag.py:538} INFO - Filling up the DagBag from /opt/airflow/dags/my_dag.py
[2025-10-31T02:17:18.966+0000] {processor.py:840} INFO - DAG(s) 'my_dag' retrieved from /opt/airflow/dags/my_dag.py
[2025-10-31T02:17:19.007+0000] {logging_mixin.py:188} INFO - [2025-10-31T02:17:19.006+0000] {dag.py:3036} INFO - Sync 1 DAGs
[2025-10-31T02:17:19.026+0000] {logging_mixin.py:188} INFO - [2025-10-31T02:17:19.025+0000] {dag.py:3823} INFO - Setting next_dagrun for my_dag to None, run_after=None
[2025-10-31T02:17:19.076+0000] {processor.py:183} INFO - Processing /opt/airflow/dags/my_dag.py took 4.754 seconds
[2025-10-31T02:17:49.275+0000] {processor.py:161} INFO - Started process (PID=402) to work on /opt/airflow/dags/my_dag.py
[2025-10-31T02:17:49.277+0000] {processor.py:830} INFO - Processing file /opt/airflow/dags/my_dag.py for tasks to queue
[2025-10-31T02:17:49.279+0000] {logging_mixin.py:188} INFO - [2025-10-31T02:17:49.279+0000] {dagbag.py:538} INFO - Filling up the DagBag from /opt/airflow/dags/my_dag.py
[2025-10-31T02:17:50.859+0000] {processor.py:840} INFO - DAG(s) 'my_dag' retrieved from /opt/airflow/dags/my_dag.py
[2025-10-31T02:17:50.953+0000] {logging_mixin.py:188} INFO - [2025-10-31T02:17:50.951+0000] {dag.py:3036} INFO - Sync 1 DAGs
[2025-10-31T02:17:51.005+0000] {logging_mixin.py:188} INFO - [2025-10-31T02:17:51.004+0000] {dag.py:3823} INFO - Setting next_dagrun for my_dag to None, run_after=None
[2025-10-31T02:17:51.109+0000] {processor.py:183} INFO - Processing /opt/airflow/dags/my_dag.py took 1.843 seconds
[2025-10-31T02:18:24.312+0000] {processor.py:161} INFO - Started process (PID=414) to work on /opt/airflow/dags/my_dag.py
[2025-10-31T02:18:24.444+0000] {processor.py:830} INFO - Processing file /opt/airflow/dags/my_dag.py for tasks to queue
[2025-10-31T02:18:24.533+0000] {logging_mixin.py:188} INFO - [2025-10-31T02:18:24.532+0000] {dagbag.py:538} INFO - Filling up the DagBag from /opt/airflow/dags/my_dag.py
[2025-10-31T02:18:30.113+0000] {processor.py:840} INFO - DAG(s) 'my_dag' retrieved from /opt/airflow/dags/my_dag.py
[2025-10-31T02:18:30.237+0000] {logging_mixin.py:188} INFO - [2025-10-31T02:18:30.235+0000] {dag.py:3036} INFO - Sync 1 DAGs
[2025-10-31T02:18:30.300+0000] {logging_mixin.py:188} INFO - [2025-10-31T02:18:30.299+0000] {dag.py:3823} INFO - Setting next_dagrun for my_dag to None, run_after=None
[2025-10-31T02:18:30.584+0000] {processor.py:183} INFO - Processing /opt/airflow/dags/my_dag.py took 4.759 seconds
[2025-10-31T02:19:01.072+0000] {processor.py:161} INFO - Started process (PID=432) to work on /opt/airflow/dags/my_dag.py
[2025-10-31T02:19:01.079+0000] {processor.py:830} INFO - Processing file /opt/airflow/dags/my_dag.py for tasks to queue
[2025-10-31T02:19:01.086+0000] {logging_mixin.py:188} INFO - [2025-10-31T02:19:01.085+0000] {dagbag.py:538} INFO - Filling up the DagBag from /opt/airflow/dags/my_dag.py
[2025-10-31T02:19:05.440+0000] {processor.py:840} INFO - DAG(s) 'my_dag' retrieved from /opt/airflow/dags/my_dag.py
[2025-10-31T02:19:05.590+0000] {logging_mixin.py:188} INFO - [2025-10-31T02:19:05.580+0000] {dag.py:3036} INFO - Sync 1 DAGs
[2025-10-31T02:19:05.667+0000] {logging_mixin.py:188} INFO - [2025-10-31T02:19:05.666+0000] {dag.py:3823} INFO - Setting next_dagrun for my_dag to None, run_after=None
[2025-10-31T02:19:06.014+0000] {processor.py:183} INFO - Processing /opt/airflow/dags/my_dag.py took 4.960 seconds
[2025-10-31T02:19:36.930+0000] {processor.py:161} INFO - Started process (PID=445) to work on /opt/airflow/dags/my_dag.py
[2025-10-31T02:19:36.933+0000] {processor.py:830} INFO - Processing file /opt/airflow/dags/my_dag.py for tasks to queue
[2025-10-31T02:19:36.937+0000] {logging_mixin.py:188} INFO - [2025-10-31T02:19:36.937+0000] {dagbag.py:538} INFO - Filling up the DagBag from /opt/airflow/dags/my_dag.py
[2025-10-31T02:19:38.151+0000] {processor.py:840} INFO - DAG(s) 'my_dag' retrieved from /opt/airflow/dags/my_dag.py
[2025-10-31T02:19:38.195+0000] {logging_mixin.py:188} INFO - [2025-10-31T02:19:38.194+0000] {dag.py:3036} INFO - Sync 1 DAGs
[2025-10-31T02:19:38.218+0000] {logging_mixin.py:188} INFO - [2025-10-31T02:19:38.217+0000] {dag.py:3823} INFO - Setting next_dagrun for my_dag to None, run_after=None
[2025-10-31T02:19:38.480+0000] {processor.py:183} INFO - Processing /opt/airflow/dags/my_dag.py took 1.560 seconds
[2025-10-31T02:20:10.197+0000] {processor.py:161} INFO - Started process (PID=457) to work on /opt/airflow/dags/my_dag.py
[2025-10-31T02:20:10.226+0000] {processor.py:830} INFO - Processing file /opt/airflow/dags/my_dag.py for tasks to queue
[2025-10-31T02:20:10.242+0000] {logging_mixin.py:188} INFO - [2025-10-31T02:20:10.235+0000] {dagbag.py:538} INFO - Filling up the DagBag from /opt/airflow/dags/my_dag.py
[2025-10-31T02:20:14.915+0000] {processor.py:840} INFO - DAG(s) 'my_dag' retrieved from /opt/airflow/dags/my_dag.py
[2025-10-31T02:20:14.991+0000] {logging_mixin.py:188} INFO - [2025-10-31T02:20:14.989+0000] {dag.py:3036} INFO - Sync 1 DAGs
[2025-10-31T02:20:15.071+0000] {logging_mixin.py:188} INFO - [2025-10-31T02:20:15.071+0000] {dag.py:3823} INFO - Setting next_dagrun for my_dag to None, run_after=None
[2025-10-31T02:20:15.218+0000] {processor.py:183} INFO - Processing /opt/airflow/dags/my_dag.py took 5.039 seconds
[2025-10-31T02:20:45.504+0000] {processor.py:161} INFO - Started process (PID=469) to work on /opt/airflow/dags/my_dag.py
[2025-10-31T02:20:45.506+0000] {processor.py:830} INFO - Processing file /opt/airflow/dags/my_dag.py for tasks to queue
[2025-10-31T02:20:45.508+0000] {logging_mixin.py:188} INFO - [2025-10-31T02:20:45.508+0000] {dagbag.py:538} INFO - Filling up the DagBag from /opt/airflow/dags/my_dag.py
[2025-10-31T02:20:47.825+0000] {processor.py:840} INFO - DAG(s) 'my_dag' retrieved from /opt/airflow/dags/my_dag.py
[2025-10-31T02:20:47.923+0000] {logging_mixin.py:188} INFO - [2025-10-31T02:20:47.922+0000] {dag.py:3036} INFO - Sync 1 DAGs
[2025-10-31T02:20:47.965+0000] {logging_mixin.py:188} INFO - [2025-10-31T02:20:47.965+0000] {dag.py:3823} INFO - Setting next_dagrun for my_dag to None, run_after=None
[2025-10-31T02:20:48.108+0000] {processor.py:183} INFO - Processing /opt/airflow/dags/my_dag.py took 2.613 seconds
[2025-10-31T02:21:18.669+0000] {processor.py:161} INFO - Started process (PID=481) to work on /opt/airflow/dags/my_dag.py
[2025-10-31T02:21:18.671+0000] {processor.py:830} INFO - Processing file /opt/airflow/dags/my_dag.py for tasks to queue
[2025-10-31T02:21:18.675+0000] {logging_mixin.py:188} INFO - [2025-10-31T02:21:18.674+0000] {dagbag.py:538} INFO - Filling up the DagBag from /opt/airflow/dags/my_dag.py
[2025-10-31T02:21:19.736+0000] {processor.py:840} INFO - DAG(s) 'my_dag' retrieved from /opt/airflow/dags/my_dag.py
[2025-10-31T02:21:19.796+0000] {logging_mixin.py:188} INFO - [2025-10-31T02:21:19.795+0000] {dag.py:3036} INFO - Sync 1 DAGs
[2025-10-31T02:21:19.821+0000] {logging_mixin.py:188} INFO - [2025-10-31T02:21:19.821+0000] {dag.py:3823} INFO - Setting next_dagrun for my_dag to None, run_after=None
[2025-10-31T02:21:19.869+0000] {processor.py:183} INFO - Processing /opt/airflow/dags/my_dag.py took 1.207 seconds
[2025-10-31T02:21:50.138+0000] {processor.py:161} INFO - Started process (PID=493) to work on /opt/airflow/dags/my_dag.py
[2025-10-31T02:21:50.140+0000] {processor.py:830} INFO - Processing file /opt/airflow/dags/my_dag.py for tasks to queue
[2025-10-31T02:21:50.142+0000] {logging_mixin.py:188} INFO - [2025-10-31T02:21:50.142+0000] {dagbag.py:538} INFO - Filling up the DagBag from /opt/airflow/dags/my_dag.py
[2025-10-31T02:21:51.078+0000] {processor.py:840} INFO - DAG(s) 'my_dag' retrieved from /opt/airflow/dags/my_dag.py
[2025-10-31T02:21:51.151+0000] {logging_mixin.py:188} INFO - [2025-10-31T02:21:51.149+0000] {dag.py:3036} INFO - Sync 1 DAGs
[2025-10-31T02:21:51.419+0000] {logging_mixin.py:188} INFO - [2025-10-31T02:21:51.418+0000] {dag.py:3823} INFO - Setting next_dagrun for my_dag to None, run_after=None
[2025-10-31T02:21:51.568+0000] {processor.py:183} INFO - Processing /opt/airflow/dags/my_dag.py took 1.436 seconds
[2025-10-31T02:22:21.980+0000] {processor.py:161} INFO - Started process (PID=505) to work on /opt/airflow/dags/my_dag.py
[2025-10-31T02:22:21.982+0000] {processor.py:830} INFO - Processing file /opt/airflow/dags/my_dag.py for tasks to queue
[2025-10-31T02:22:21.985+0000] {logging_mixin.py:188} INFO - [2025-10-31T02:22:21.984+0000] {dagbag.py:538} INFO - Filling up the DagBag from /opt/airflow/dags/my_dag.py
[2025-10-31T02:22:23.603+0000] {processor.py:840} INFO - DAG(s) 'my_dag' retrieved from /opt/airflow/dags/my_dag.py
[2025-10-31T02:22:23.681+0000] {logging_mixin.py:188} INFO - [2025-10-31T02:22:23.679+0000] {dag.py:3036} INFO - Sync 1 DAGs
[2025-10-31T02:22:23.729+0000] {logging_mixin.py:188} INFO - [2025-10-31T02:22:23.728+0000] {dag.py:3823} INFO - Setting next_dagrun for my_dag to None, run_after=None
[2025-10-31T02:22:23.857+0000] {processor.py:183} INFO - Processing /opt/airflow/dags/my_dag.py took 1.886 seconds
[2025-10-31T02:23:02.073+0000] {processor.py:161} INFO - Started process (PID=517) to work on /opt/airflow/dags/my_dag.py
[2025-10-31T02:23:02.118+0000] {processor.py:830} INFO - Processing file /opt/airflow/dags/my_dag.py for tasks to queue
[2025-10-31T02:23:02.171+0000] {logging_mixin.py:188} INFO - [2025-10-31T02:23:02.170+0000] {dagbag.py:538} INFO - Filling up the DagBag from /opt/airflow/dags/my_dag.py
[2025-10-31T02:23:33.712+0000] {logging_mixin.py:188} INFO - [2025-10-31T02:23:33.711+0000] {timeout.py:68} ERROR - Process timed out, PID: 517
[2025-10-31T02:23:34.819+0000] {logging_mixin.py:188} INFO - [2025-10-31T02:23:33.729+0000] {dagbag.py:348} ERROR - Failed to import: /opt/airflow/dags/my_dag.py
Traceback (most recent call last):
  File "/home/airflow/.local/lib/python3.8/site-packages/airflow/models/dagbag.py", line 344, in parse
    loader.exec_module(new_module)
  File "<frozen importlib._bootstrap_external>", line 843, in exec_module
  File "<frozen importlib._bootstrap>", line 219, in _call_with_frames_removed
  File "/opt/airflow/dags/my_dag.py", line 7, in <module>
    import pandas as pd
  File "/home/airflow/.local/lib/python3.8/site-packages/pandas/__init__.py", line 22, in <module>
    from pandas.compat import is_numpy_dev as _is_numpy_dev  # pyright: ignore # noqa:F401
  File "/home/airflow/.local/lib/python3.8/site-packages/pandas/compat/__init__.py", line 25, in <module>
    from pandas.compat.numpy import (
  File "/home/airflow/.local/lib/python3.8/site-packages/pandas/compat/numpy/__init__.py", line 4, in <module>
    from pandas.util.version import Version
  File "/home/airflow/.local/lib/python3.8/site-packages/pandas/util/__init__.py", line 8, in <module>
    from pandas.core.util.hashing import (  # noqa:F401
  File "/home/airflow/.local/lib/python3.8/site-packages/pandas/core/util/hashing.py", line 24, in <module>
    from pandas.core.dtypes.common import (
  File "/home/airflow/.local/lib/python3.8/site-packages/pandas/core/dtypes/common.py", line 26, in <module>
    from pandas.core.dtypes.base import _registry as registry
  File "/home/airflow/.local/lib/python3.8/site-packages/pandas/core/dtypes/base.py", line 26, in <module>
    from pandas.core.dtypes.generic import (
  File "/home/airflow/.local/lib/python3.8/site-packages/pandas/core/dtypes/generic.py", line 74, in <module>
    create_pandas_abc_type("ABCTimedeltaIndex", "_typ", ("timedeltaindex",)),
  File "/home/airflow/.local/lib/python3.8/site-packages/pandas/core/dtypes/generic.py", line 57, in create_pandas_abc_type
    return meta(name, (), dct)
  File "/home/airflow/.local/lib/python3.8/site-packages/airflow/utils/timeout.py", line 69, in handle_timeout
    raise AirflowTaskTimeout(self.error_message)
airflow.exceptions.AirflowTaskTimeout: DagBag import timeout for /opt/airflow/dags/my_dag.py after 30.0s.
Please take a look at these docs to improve your DAG import time:
* https://airflow.apache.org/docs/apache-airflow/2.8.1/best-practices.html#top-level-python-code
* https://airflow.apache.org/docs/apache-airflow/2.8.1/best-practices.html#reducing-dag-complexity, PID: 517
[2025-10-31T02:23:34.835+0000] {processor.py:842} WARNING - No viable dags retrieved from /opt/airflow/dags/my_dag.py
[2025-10-31T02:23:35.429+0000] {processor.py:183} INFO - Processing /opt/airflow/dags/my_dag.py took 32.030 seconds
[2025-10-31T02:24:06.719+0000] {processor.py:161} INFO - Started process (PID=534) to work on /opt/airflow/dags/my_dag.py
[2025-10-31T02:24:06.727+0000] {processor.py:830} INFO - Processing file /opt/airflow/dags/my_dag.py for tasks to queue
[2025-10-31T02:24:06.740+0000] {logging_mixin.py:188} INFO - [2025-10-31T02:24:06.739+0000] {dagbag.py:538} INFO - Filling up the DagBag from /opt/airflow/dags/my_dag.py
[2025-10-31T02:24:18.779+0000] {processor.py:840} INFO - DAG(s) 'my_dag' retrieved from /opt/airflow/dags/my_dag.py
[2025-10-31T02:24:20.709+0000] {logging_mixin.py:188} INFO - [2025-10-31T02:24:20.708+0000] {dag.py:3036} INFO - Sync 1 DAGs
[2025-10-31T02:24:20.781+0000] {logging_mixin.py:188} INFO - [2025-10-31T02:24:20.780+0000] {dag.py:3823} INFO - Setting next_dagrun for my_dag to None, run_after=None
[2025-10-31T02:24:20.891+0000] {processor.py:183} INFO - Processing /opt/airflow/dags/my_dag.py took 12.820 seconds
[2025-10-31T02:24:51.104+0000] {processor.py:161} INFO - Started process (PID=548) to work on /opt/airflow/dags/my_dag.py
[2025-10-31T02:24:51.111+0000] {processor.py:830} INFO - Processing file /opt/airflow/dags/my_dag.py for tasks to queue
[2025-10-31T02:24:51.114+0000] {logging_mixin.py:188} INFO - [2025-10-31T02:24:51.113+0000] {dagbag.py:538} INFO - Filling up the DagBag from /opt/airflow/dags/my_dag.py
[2025-10-31T02:24:52.323+0000] {processor.py:840} INFO - DAG(s) 'my_dag' retrieved from /opt/airflow/dags/my_dag.py
[2025-10-31T02:24:52.365+0000] {logging_mixin.py:188} INFO - [2025-10-31T02:24:52.364+0000] {dag.py:3036} INFO - Sync 1 DAGs
[2025-10-31T02:24:52.380+0000] {logging_mixin.py:188} INFO - [2025-10-31T02:24:52.380+0000] {dag.py:3823} INFO - Setting next_dagrun for my_dag to None, run_after=None
[2025-10-31T02:24:52.997+0000] {processor.py:183} INFO - Processing /opt/airflow/dags/my_dag.py took 1.907 seconds
[2025-10-31T02:25:23.568+0000] {processor.py:161} INFO - Started process (PID=559) to work on /opt/airflow/dags/my_dag.py
[2025-10-31T02:25:23.572+0000] {processor.py:830} INFO - Processing file /opt/airflow/dags/my_dag.py for tasks to queue
[2025-10-31T02:25:23.574+0000] {logging_mixin.py:188} INFO - [2025-10-31T02:25:23.573+0000] {dagbag.py:538} INFO - Filling up the DagBag from /opt/airflow/dags/my_dag.py
[2025-10-31T02:25:24.720+0000] {processor.py:840} INFO - DAG(s) 'my_dag' retrieved from /opt/airflow/dags/my_dag.py
[2025-10-31T02:25:24.759+0000] {logging_mixin.py:188} INFO - [2025-10-31T02:25:24.758+0000] {dag.py:3036} INFO - Sync 1 DAGs
[2025-10-31T02:25:24.778+0000] {logging_mixin.py:188} INFO - [2025-10-31T02:25:24.778+0000] {dag.py:3823} INFO - Setting next_dagrun for my_dag to None, run_after=None
[2025-10-31T02:25:24.820+0000] {processor.py:183} INFO - Processing /opt/airflow/dags/my_dag.py took 1.265 seconds
[2025-10-31T02:25:55.242+0000] {processor.py:161} INFO - Started process (PID=571) to work on /opt/airflow/dags/my_dag.py
[2025-10-31T02:25:55.246+0000] {processor.py:830} INFO - Processing file /opt/airflow/dags/my_dag.py for tasks to queue
[2025-10-31T02:25:55.258+0000] {logging_mixin.py:188} INFO - [2025-10-31T02:25:55.248+0000] {dagbag.py:538} INFO - Filling up the DagBag from /opt/airflow/dags/my_dag.py
[2025-10-31T02:25:56.539+0000] {processor.py:840} INFO - DAG(s) 'my_dag' retrieved from /opt/airflow/dags/my_dag.py
[2025-10-31T02:25:56.636+0000] {logging_mixin.py:188} INFO - [2025-10-31T02:25:56.625+0000] {dag.py:3036} INFO - Sync 1 DAGs
[2025-10-31T02:25:56.695+0000] {logging_mixin.py:188} INFO - [2025-10-31T02:25:56.694+0000] {dag.py:3823} INFO - Setting next_dagrun for my_dag to None, run_after=None
[2025-10-31T02:25:56.781+0000] {processor.py:183} INFO - Processing /opt/airflow/dags/my_dag.py took 1.548 seconds
[2025-10-31T02:26:27.133+0000] {processor.py:161} INFO - Started process (PID=583) to work on /opt/airflow/dags/my_dag.py
[2025-10-31T02:26:27.136+0000] {processor.py:830} INFO - Processing file /opt/airflow/dags/my_dag.py for tasks to queue
[2025-10-31T02:26:27.139+0000] {logging_mixin.py:188} INFO - [2025-10-31T02:26:27.138+0000] {dagbag.py:538} INFO - Filling up the DagBag from /opt/airflow/dags/my_dag.py
[2025-10-31T02:26:29.459+0000] {processor.py:840} INFO - DAG(s) 'my_dag' retrieved from /opt/airflow/dags/my_dag.py
[2025-10-31T02:26:29.608+0000] {logging_mixin.py:188} INFO - [2025-10-31T02:26:29.601+0000] {dag.py:3036} INFO - Sync 1 DAGs
[2025-10-31T02:26:29.752+0000] {logging_mixin.py:188} INFO - [2025-10-31T02:26:29.751+0000] {dag.py:3823} INFO - Setting next_dagrun for my_dag to None, run_after=None
[2025-10-31T02:26:29.952+0000] {processor.py:183} INFO - Processing /opt/airflow/dags/my_dag.py took 2.832 seconds
[2025-10-31T02:27:01.005+0000] {processor.py:161} INFO - Started process (PID=595) to work on /opt/airflow/dags/my_dag.py
[2025-10-31T02:27:01.015+0000] {processor.py:830} INFO - Processing file /opt/airflow/dags/my_dag.py for tasks to queue
[2025-10-31T02:27:01.020+0000] {logging_mixin.py:188} INFO - [2025-10-31T02:27:01.019+0000] {dagbag.py:538} INFO - Filling up the DagBag from /opt/airflow/dags/my_dag.py
[2025-10-31T02:27:03.035+0000] {processor.py:840} INFO - DAG(s) 'my_dag' retrieved from /opt/airflow/dags/my_dag.py
[2025-10-31T02:27:03.167+0000] {logging_mixin.py:188} INFO - [2025-10-31T02:27:03.166+0000] {dag.py:3036} INFO - Sync 1 DAGs
[2025-10-31T02:27:03.245+0000] {logging_mixin.py:188} INFO - [2025-10-31T02:27:03.244+0000] {dag.py:3823} INFO - Setting next_dagrun for my_dag to None, run_after=None
[2025-10-31T02:27:03.376+0000] {processor.py:183} INFO - Processing /opt/airflow/dags/my_dag.py took 2.379 seconds
[2025-10-31T02:27:33.583+0000] {processor.py:161} INFO - Started process (PID=608) to work on /opt/airflow/dags/my_dag.py
[2025-10-31T02:27:33.585+0000] {processor.py:830} INFO - Processing file /opt/airflow/dags/my_dag.py for tasks to queue
[2025-10-31T02:27:33.588+0000] {logging_mixin.py:188} INFO - [2025-10-31T02:27:33.587+0000] {dagbag.py:538} INFO - Filling up the DagBag from /opt/airflow/dags/my_dag.py
[2025-10-31T02:27:34.922+0000] {processor.py:840} INFO - DAG(s) 'my_dag' retrieved from /opt/airflow/dags/my_dag.py
[2025-10-31T02:27:34.963+0000] {logging_mixin.py:188} INFO - [2025-10-31T02:27:34.963+0000] {dag.py:3036} INFO - Sync 1 DAGs
[2025-10-31T02:27:34.984+0000] {logging_mixin.py:188} INFO - [2025-10-31T02:27:34.984+0000] {dag.py:3823} INFO - Setting next_dagrun for my_dag to None, run_after=None
[2025-10-31T02:27:35.055+0000] {processor.py:183} INFO - Processing /opt/airflow/dags/my_dag.py took 1.478 seconds
[2025-10-31T02:28:05.435+0000] {processor.py:161} INFO - Started process (PID=620) to work on /opt/airflow/dags/my_dag.py
[2025-10-31T02:28:05.438+0000] {processor.py:830} INFO - Processing file /opt/airflow/dags/my_dag.py for tasks to queue
[2025-10-31T02:28:05.440+0000] {logging_mixin.py:188} INFO - [2025-10-31T02:28:05.439+0000] {dagbag.py:538} INFO - Filling up the DagBag from /opt/airflow/dags/my_dag.py
[2025-10-31T02:28:06.495+0000] {processor.py:840} INFO - DAG(s) 'my_dag' retrieved from /opt/airflow/dags/my_dag.py
[2025-10-31T02:28:06.546+0000] {logging_mixin.py:188} INFO - [2025-10-31T02:28:06.545+0000] {dag.py:3036} INFO - Sync 1 DAGs
[2025-10-31T02:28:06.564+0000] {logging_mixin.py:188} INFO - [2025-10-31T02:28:06.563+0000] {dag.py:3823} INFO - Setting next_dagrun for my_dag to None, run_after=None
[2025-10-31T02:28:07.322+0000] {processor.py:183} INFO - Processing /opt/airflow/dags/my_dag.py took 1.902 seconds
[2025-10-31T02:28:38.224+0000] {processor.py:161} INFO - Started process (PID=631) to work on /opt/airflow/dags/my_dag.py
[2025-10-31T02:28:38.244+0000] {processor.py:830} INFO - Processing file /opt/airflow/dags/my_dag.py for tasks to queue
[2025-10-31T02:28:38.264+0000] {logging_mixin.py:188} INFO - [2025-10-31T02:28:38.263+0000] {dagbag.py:538} INFO - Filling up the DagBag from /opt/airflow/dags/my_dag.py
[2025-10-31T02:28:43.910+0000] {processor.py:840} INFO - DAG(s) 'my_dag' retrieved from /opt/airflow/dags/my_dag.py
[2025-10-31T02:28:44.037+0000] {logging_mixin.py:188} INFO - [2025-10-31T02:28:44.036+0000] {dag.py:3036} INFO - Sync 1 DAGs
[2025-10-31T02:28:44.105+0000] {logging_mixin.py:188} INFO - [2025-10-31T02:28:44.104+0000] {dag.py:3823} INFO - Setting next_dagrun for my_dag to None, run_after=None
[2025-10-31T02:28:44.197+0000] {processor.py:183} INFO - Processing /opt/airflow/dags/my_dag.py took 6.005 seconds
[2025-10-31T02:29:14.564+0000] {processor.py:161} INFO - Started process (PID=643) to work on /opt/airflow/dags/my_dag.py
[2025-10-31T02:29:14.568+0000] {processor.py:830} INFO - Processing file /opt/airflow/dags/my_dag.py for tasks to queue
[2025-10-31T02:29:14.573+0000] {logging_mixin.py:188} INFO - [2025-10-31T02:29:14.571+0000] {dagbag.py:538} INFO - Filling up the DagBag from /opt/airflow/dags/my_dag.py
[2025-10-31T02:29:18.132+0000] {processor.py:840} INFO - DAG(s) 'my_dag' retrieved from /opt/airflow/dags/my_dag.py
[2025-10-31T02:29:18.464+0000] {logging_mixin.py:188} INFO - [2025-10-31T02:29:18.463+0000] {dag.py:3036} INFO - Sync 1 DAGs
[2025-10-31T02:29:18.585+0000] {logging_mixin.py:188} INFO - [2025-10-31T02:29:18.585+0000] {dag.py:3823} INFO - Setting next_dagrun for my_dag to None, run_after=None
[2025-10-31T02:29:18.881+0000] {processor.py:183} INFO - Processing /opt/airflow/dags/my_dag.py took 4.343 seconds
[2025-10-31T02:29:49.615+0000] {processor.py:161} INFO - Started process (PID=655) to work on /opt/airflow/dags/my_dag.py
[2025-10-31T02:29:49.618+0000] {processor.py:830} INFO - Processing file /opt/airflow/dags/my_dag.py for tasks to queue
[2025-10-31T02:29:49.621+0000] {logging_mixin.py:188} INFO - [2025-10-31T02:29:49.620+0000] {dagbag.py:538} INFO - Filling up the DagBag from /opt/airflow/dags/my_dag.py
[2025-10-31T02:29:51.582+0000] {processor.py:840} INFO - DAG(s) 'my_dag' retrieved from /opt/airflow/dags/my_dag.py
[2025-10-31T02:29:51.720+0000] {logging_mixin.py:188} INFO - [2025-10-31T02:29:51.718+0000] {dag.py:3036} INFO - Sync 1 DAGs
[2025-10-31T02:29:51.788+0000] {logging_mixin.py:188} INFO - [2025-10-31T02:29:51.787+0000] {dag.py:3823} INFO - Setting next_dagrun for my_dag to None, run_after=None
[2025-10-31T02:29:51.929+0000] {processor.py:183} INFO - Processing /opt/airflow/dags/my_dag.py took 2.323 seconds
[2025-10-31T02:30:22.344+0000] {processor.py:161} INFO - Started process (PID=667) to work on /opt/airflow/dags/my_dag.py
[2025-10-31T02:30:22.345+0000] {processor.py:830} INFO - Processing file /opt/airflow/dags/my_dag.py for tasks to queue
[2025-10-31T02:30:22.347+0000] {logging_mixin.py:188} INFO - [2025-10-31T02:30:22.347+0000] {dagbag.py:538} INFO - Filling up the DagBag from /opt/airflow/dags/my_dag.py
[2025-10-31T02:30:23.188+0000] {processor.py:840} INFO - DAG(s) 'my_dag' retrieved from /opt/airflow/dags/my_dag.py
[2025-10-31T02:30:23.224+0000] {logging_mixin.py:188} INFO - [2025-10-31T02:30:23.221+0000] {dag.py:3036} INFO - Sync 1 DAGs
[2025-10-31T02:30:23.243+0000] {logging_mixin.py:188} INFO - [2025-10-31T02:30:23.243+0000] {dag.py:3823} INFO - Setting next_dagrun for my_dag to None, run_after=None
[2025-10-31T02:30:23.375+0000] {processor.py:183} INFO - Processing /opt/airflow/dags/my_dag.py took 1.038 seconds
[2025-10-31T02:30:59.217+0000] {processor.py:161} INFO - Started process (PID=679) to work on /opt/airflow/dags/my_dag.py
[2025-10-31T02:30:59.230+0000] {processor.py:830} INFO - Processing file /opt/airflow/dags/my_dag.py for tasks to queue
[2025-10-31T02:30:59.238+0000] {logging_mixin.py:188} INFO - [2025-10-31T02:30:59.237+0000] {dagbag.py:538} INFO - Filling up the DagBag from /opt/airflow/dags/my_dag.py
[2025-10-31T02:31:32.615+0000] {logging_mixin.py:188} INFO - [2025-10-31T02:31:31.970+0000] {timeout.py:68} ERROR - Process timed out, PID: 679
[2025-10-31T02:31:32.638+0000] {logging_mixin.py:188} WARNING - Exception ignored in: <function _collection_gced at 0x76f6785e9670>
[2025-10-31T02:31:32.643+0000] {logging_mixin.py:188} WARNING - Traceback (most recent call last):
[2025-10-31T02:31:32.649+0000] {logging_mixin.py:188} WARNING -   File "/home/airflow/.local/lib/python3.8/site-packages/sqlalchemy/event/registry.py", line 53, in _collection_gced
[2025-10-31T02:31:32.702+0000] {logging_mixin.py:188} WARNING -     def _collection_gced(ref):
[2025-10-31T02:31:32.711+0000] {logging_mixin.py:188} WARNING -   File "/home/airflow/.local/lib/python3.8/site-packages/airflow/utils/timeout.py", line 69, in handle_timeout
[2025-10-31T02:31:32.723+0000] {logging_mixin.py:188} WARNING -     raise AirflowTaskTimeout(self.error_message)
[2025-10-31T02:31:32.727+0000] {logging_mixin.py:188} WARNING - airflow.exceptions.AirflowTaskTimeout: DagBag import timeout for /opt/airflow/dags/my_dag.py after 30.0s.
Please take a look at these docs to improve your DAG import time:
* https://airflow.apache.org/docs/apache-airflow/2.8.1/best-practices.html#top-level-python-code
* https://airflow.apache.org/docs/apache-airflow/2.8.1/best-practices.html#reducing-dag-complexity, PID: 679
[2025-10-31T02:31:36.186+0000] {processor.py:840} INFO - DAG(s) 'my_dag' retrieved from /opt/airflow/dags/my_dag.py
[2025-10-31T02:31:36.871+0000] {logging_mixin.py:188} INFO - [2025-10-31T02:31:36.869+0000] {dag.py:3036} INFO - Sync 1 DAGs
[2025-10-31T02:31:37.134+0000] {logging_mixin.py:188} INFO - [2025-10-31T02:31:37.133+0000] {dag.py:3823} INFO - Setting next_dagrun for my_dag to None, run_after=None
[2025-10-31T02:31:37.231+0000] {processor.py:183} INFO - Processing /opt/airflow/dags/my_dag.py took 35.900 seconds
[2025-10-31T02:32:07.858+0000] {processor.py:161} INFO - Started process (PID=701) to work on /opt/airflow/dags/my_dag.py
[2025-10-31T02:32:07.865+0000] {processor.py:830} INFO - Processing file /opt/airflow/dags/my_dag.py for tasks to queue
[2025-10-31T02:32:07.874+0000] {logging_mixin.py:188} INFO - [2025-10-31T02:32:07.872+0000] {dagbag.py:538} INFO - Filling up the DagBag from /opt/airflow/dags/my_dag.py
[2025-10-31T02:32:10.230+0000] {processor.py:840} INFO - DAG(s) 'my_dag' retrieved from /opt/airflow/dags/my_dag.py
[2025-10-31T02:32:10.293+0000] {logging_mixin.py:188} INFO - [2025-10-31T02:32:10.292+0000] {dag.py:3036} INFO - Sync 1 DAGs
[2025-10-31T02:32:10.344+0000] {logging_mixin.py:188} INFO - [2025-10-31T02:32:10.344+0000] {dag.py:3823} INFO - Setting next_dagrun for my_dag to None, run_after=None
[2025-10-31T02:32:10.491+0000] {processor.py:183} INFO - Processing /opt/airflow/dags/my_dag.py took 2.647 seconds
[2025-10-31T02:32:41.164+0000] {processor.py:161} INFO - Started process (PID=715) to work on /opt/airflow/dags/my_dag.py
[2025-10-31T02:32:41.168+0000] {processor.py:830} INFO - Processing file /opt/airflow/dags/my_dag.py for tasks to queue
[2025-10-31T02:32:41.213+0000] {logging_mixin.py:188} INFO - [2025-10-31T02:32:41.212+0000] {dagbag.py:538} INFO - Filling up the DagBag from /opt/airflow/dags/my_dag.py
[2025-10-31T02:32:43.744+0000] {processor.py:840} INFO - DAG(s) 'my_dag' retrieved from /opt/airflow/dags/my_dag.py
[2025-10-31T02:32:43.837+0000] {logging_mixin.py:188} INFO - [2025-10-31T02:32:43.836+0000] {dag.py:3036} INFO - Sync 1 DAGs
[2025-10-31T02:32:43.910+0000] {logging_mixin.py:188} INFO - [2025-10-31T02:32:43.910+0000] {dag.py:3823} INFO - Setting next_dagrun for my_dag to None, run_after=None
[2025-10-31T02:32:44.012+0000] {processor.py:183} INFO - Processing /opt/airflow/dags/my_dag.py took 2.866 seconds
[2025-10-31T02:33:15.005+0000] {processor.py:161} INFO - Started process (PID=727) to work on /opt/airflow/dags/my_dag.py
[2025-10-31T02:33:15.018+0000] {processor.py:830} INFO - Processing file /opt/airflow/dags/my_dag.py for tasks to queue
[2025-10-31T02:33:15.022+0000] {logging_mixin.py:188} INFO - [2025-10-31T02:33:15.022+0000] {dagbag.py:538} INFO - Filling up the DagBag from /opt/airflow/dags/my_dag.py
[2025-10-31T02:33:19.178+0000] {processor.py:840} INFO - DAG(s) 'my_dag' retrieved from /opt/airflow/dags/my_dag.py
[2025-10-31T02:33:19.366+0000] {logging_mixin.py:188} INFO - [2025-10-31T02:33:19.365+0000] {dag.py:3036} INFO - Sync 1 DAGs
[2025-10-31T02:33:19.549+0000] {logging_mixin.py:188} INFO - [2025-10-31T02:33:19.548+0000] {dag.py:3823} INFO - Setting next_dagrun for my_dag to None, run_after=None
[2025-10-31T02:33:19.753+0000] {processor.py:183} INFO - Processing /opt/airflow/dags/my_dag.py took 4.765 seconds
[2025-10-31T02:33:50.089+0000] {processor.py:161} INFO - Started process (PID=739) to work on /opt/airflow/dags/my_dag.py
[2025-10-31T02:33:50.092+0000] {processor.py:830} INFO - Processing file /opt/airflow/dags/my_dag.py for tasks to queue
[2025-10-31T02:33:50.095+0000] {logging_mixin.py:188} INFO - [2025-10-31T02:33:50.095+0000] {dagbag.py:538} INFO - Filling up the DagBag from /opt/airflow/dags/my_dag.py
[2025-10-31T02:33:51.329+0000] {processor.py:840} INFO - DAG(s) 'my_dag' retrieved from /opt/airflow/dags/my_dag.py
[2025-10-31T02:33:51.446+0000] {logging_mixin.py:188} INFO - [2025-10-31T02:33:51.442+0000] {dag.py:3036} INFO - Sync 1 DAGs
[2025-10-31T02:33:51.481+0000] {logging_mixin.py:188} INFO - [2025-10-31T02:33:51.480+0000] {dag.py:3823} INFO - Setting next_dagrun for my_dag to None, run_after=None
[2025-10-31T02:33:51.512+0000] {processor.py:183} INFO - Processing /opt/airflow/dags/my_dag.py took 1.432 seconds
[2025-10-31T02:34:22.138+0000] {processor.py:161} INFO - Started process (PID=757) to work on /opt/airflow/dags/my_dag.py
[2025-10-31T02:34:22.140+0000] {processor.py:830} INFO - Processing file /opt/airflow/dags/my_dag.py for tasks to queue
[2025-10-31T02:34:22.142+0000] {logging_mixin.py:188} INFO - [2025-10-31T02:34:22.142+0000] {dagbag.py:538} INFO - Filling up the DagBag from /opt/airflow/dags/my_dag.py
[2025-10-31T02:34:23.878+0000] {processor.py:840} INFO - DAG(s) 'my_dag' retrieved from /opt/airflow/dags/my_dag.py
[2025-10-31T02:34:24.059+0000] {logging_mixin.py:188} INFO - [2025-10-31T02:34:24.058+0000] {dag.py:3036} INFO - Sync 1 DAGs
[2025-10-31T02:34:24.087+0000] {logging_mixin.py:188} INFO - [2025-10-31T02:34:24.086+0000] {dag.py:3823} INFO - Setting next_dagrun for my_dag to None, run_after=None
[2025-10-31T02:34:24.197+0000] {processor.py:183} INFO - Processing /opt/airflow/dags/my_dag.py took 2.067 seconds
[2025-10-31T02:34:55.090+0000] {processor.py:161} INFO - Started process (PID=769) to work on /opt/airflow/dags/my_dag.py
[2025-10-31T02:34:55.093+0000] {processor.py:830} INFO - Processing file /opt/airflow/dags/my_dag.py for tasks to queue
[2025-10-31T02:34:55.095+0000] {logging_mixin.py:188} INFO - [2025-10-31T02:34:55.094+0000] {dagbag.py:538} INFO - Filling up the DagBag from /opt/airflow/dags/my_dag.py
[2025-10-31T02:34:56.727+0000] {processor.py:840} INFO - DAG(s) 'my_dag' retrieved from /opt/airflow/dags/my_dag.py
[2025-10-31T02:34:56.767+0000] {logging_mixin.py:188} INFO - [2025-10-31T02:34:56.766+0000] {dag.py:3036} INFO - Sync 1 DAGs
[2025-10-31T02:34:56.834+0000] {logging_mixin.py:188} INFO - [2025-10-31T02:34:56.833+0000] {dag.py:3823} INFO - Setting next_dagrun for my_dag to None, run_after=None
[2025-10-31T02:34:56.929+0000] {processor.py:183} INFO - Processing /opt/airflow/dags/my_dag.py took 1.845 seconds
[2025-10-31T02:35:27.649+0000] {processor.py:161} INFO - Started process (PID=781) to work on /opt/airflow/dags/my_dag.py
[2025-10-31T02:35:27.651+0000] {processor.py:830} INFO - Processing file /opt/airflow/dags/my_dag.py for tasks to queue
[2025-10-31T02:35:27.655+0000] {logging_mixin.py:188} INFO - [2025-10-31T02:35:27.654+0000] {dagbag.py:538} INFO - Filling up the DagBag from /opt/airflow/dags/my_dag.py
[2025-10-31T02:35:28.484+0000] {processor.py:840} INFO - DAG(s) 'my_dag' retrieved from /opt/airflow/dags/my_dag.py
[2025-10-31T02:35:28.536+0000] {logging_mixin.py:188} INFO - [2025-10-31T02:35:28.535+0000] {dag.py:3036} INFO - Sync 1 DAGs
[2025-10-31T02:35:28.552+0000] {logging_mixin.py:188} INFO - [2025-10-31T02:35:28.552+0000] {dag.py:3823} INFO - Setting next_dagrun for my_dag to None, run_after=None
[2025-10-31T02:35:28.710+0000] {processor.py:183} INFO - Processing /opt/airflow/dags/my_dag.py took 1.072 seconds
[2025-10-31T02:35:59.777+0000] {processor.py:161} INFO - Started process (PID=793) to work on /opt/airflow/dags/my_dag.py
[2025-10-31T02:35:59.790+0000] {processor.py:830} INFO - Processing file /opt/airflow/dags/my_dag.py for tasks to queue
[2025-10-31T02:35:59.795+0000] {logging_mixin.py:188} INFO - [2025-10-31T02:35:59.794+0000] {dagbag.py:538} INFO - Filling up the DagBag from /opt/airflow/dags/my_dag.py
[2025-10-31T02:36:01.826+0000] {processor.py:840} INFO - DAG(s) 'my_dag' retrieved from /opt/airflow/dags/my_dag.py
[2025-10-31T02:36:01.889+0000] {logging_mixin.py:188} INFO - [2025-10-31T02:36:01.887+0000] {dag.py:3036} INFO - Sync 1 DAGs
[2025-10-31T02:36:01.920+0000] {logging_mixin.py:188} INFO - [2025-10-31T02:36:01.919+0000] {dag.py:3823} INFO - Setting next_dagrun for my_dag to None, run_after=None
[2025-10-31T02:36:01.969+0000] {processor.py:183} INFO - Processing /opt/airflow/dags/my_dag.py took 2.203 seconds
[2025-10-31T02:36:32.666+0000] {processor.py:161} INFO - Started process (PID=804) to work on /opt/airflow/dags/my_dag.py
[2025-10-31T02:36:32.667+0000] {processor.py:830} INFO - Processing file /opt/airflow/dags/my_dag.py for tasks to queue
[2025-10-31T02:36:32.669+0000] {logging_mixin.py:188} INFO - [2025-10-31T02:36:32.669+0000] {dagbag.py:538} INFO - Filling up the DagBag from /opt/airflow/dags/my_dag.py
[2025-10-31T02:36:33.440+0000] {processor.py:840} INFO - DAG(s) 'my_dag' retrieved from /opt/airflow/dags/my_dag.py
[2025-10-31T02:36:33.486+0000] {logging_mixin.py:188} INFO - [2025-10-31T02:36:33.485+0000] {dag.py:3036} INFO - Sync 1 DAGs
[2025-10-31T02:36:33.504+0000] {logging_mixin.py:188} INFO - [2025-10-31T02:36:33.504+0000] {dag.py:3823} INFO - Setting next_dagrun for my_dag to None, run_after=None
[2025-10-31T02:36:33.594+0000] {processor.py:183} INFO - Processing /opt/airflow/dags/my_dag.py took 0.933 seconds
[2025-10-31T02:37:03.875+0000] {processor.py:161} INFO - Started process (PID=816) to work on /opt/airflow/dags/my_dag.py
[2025-10-31T02:37:03.878+0000] {processor.py:830} INFO - Processing file /opt/airflow/dags/my_dag.py for tasks to queue
[2025-10-31T02:37:03.880+0000] {logging_mixin.py:188} INFO - [2025-10-31T02:37:03.879+0000] {dagbag.py:538} INFO - Filling up the DagBag from /opt/airflow/dags/my_dag.py
[2025-10-31T02:37:04.953+0000] {processor.py:840} INFO - DAG(s) 'my_dag' retrieved from /opt/airflow/dags/my_dag.py
[2025-10-31T02:37:05.087+0000] {logging_mixin.py:188} INFO - [2025-10-31T02:37:05.086+0000] {dag.py:3036} INFO - Sync 1 DAGs
[2025-10-31T02:37:05.118+0000] {logging_mixin.py:188} INFO - [2025-10-31T02:37:05.118+0000] {dag.py:3823} INFO - Setting next_dagrun for my_dag to None, run_after=None
[2025-10-31T02:37:05.152+0000] {processor.py:183} INFO - Processing /opt/airflow/dags/my_dag.py took 1.287 seconds
[2025-10-31T02:37:35.797+0000] {processor.py:161} INFO - Started process (PID=828) to work on /opt/airflow/dags/my_dag.py
[2025-10-31T02:37:35.800+0000] {processor.py:830} INFO - Processing file /opt/airflow/dags/my_dag.py for tasks to queue
[2025-10-31T02:37:35.803+0000] {logging_mixin.py:188} INFO - [2025-10-31T02:37:35.802+0000] {dagbag.py:538} INFO - Filling up the DagBag from /opt/airflow/dags/my_dag.py
[2025-10-31T02:37:37.527+0000] {processor.py:840} INFO - DAG(s) 'my_dag' retrieved from /opt/airflow/dags/my_dag.py
[2025-10-31T02:37:37.609+0000] {logging_mixin.py:188} INFO - [2025-10-31T02:37:37.608+0000] {dag.py:3036} INFO - Sync 1 DAGs
[2025-10-31T02:37:37.710+0000] {logging_mixin.py:188} INFO - [2025-10-31T02:37:37.709+0000] {dag.py:3823} INFO - Setting next_dagrun for my_dag to None, run_after=None
[2025-10-31T02:37:37.858+0000] {processor.py:183} INFO - Processing /opt/airflow/dags/my_dag.py took 2.069 seconds
[2025-10-31T02:38:08.186+0000] {processor.py:161} INFO - Started process (PID=840) to work on /opt/airflow/dags/my_dag.py
[2025-10-31T02:38:08.193+0000] {processor.py:830} INFO - Processing file /opt/airflow/dags/my_dag.py for tasks to queue
[2025-10-31T02:38:08.196+0000] {logging_mixin.py:188} INFO - [2025-10-31T02:38:08.195+0000] {dagbag.py:538} INFO - Filling up the DagBag from /opt/airflow/dags/my_dag.py
[2025-10-31T02:38:09.677+0000] {processor.py:840} INFO - DAG(s) 'my_dag' retrieved from /opt/airflow/dags/my_dag.py
[2025-10-31T02:38:09.757+0000] {logging_mixin.py:188} INFO - [2025-10-31T02:38:09.755+0000] {dag.py:3036} INFO - Sync 1 DAGs
[2025-10-31T02:38:09.785+0000] {logging_mixin.py:188} INFO - [2025-10-31T02:38:09.785+0000] {dag.py:3823} INFO - Setting next_dagrun for my_dag to None, run_after=None
[2025-10-31T02:38:09.891+0000] {processor.py:183} INFO - Processing /opt/airflow/dags/my_dag.py took 1.717 seconds
[2025-10-31T02:38:40.426+0000] {processor.py:161} INFO - Started process (PID=853) to work on /opt/airflow/dags/my_dag.py
[2025-10-31T02:38:40.429+0000] {processor.py:830} INFO - Processing file /opt/airflow/dags/my_dag.py for tasks to queue
[2025-10-31T02:38:40.432+0000] {logging_mixin.py:188} INFO - [2025-10-31T02:38:40.431+0000] {dagbag.py:538} INFO - Filling up the DagBag from /opt/airflow/dags/my_dag.py
[2025-10-31T02:38:41.836+0000] {processor.py:840} INFO - DAG(s) 'my_dag' retrieved from /opt/airflow/dags/my_dag.py
[2025-10-31T02:38:42.121+0000] {logging_mixin.py:188} INFO - [2025-10-31T02:38:42.120+0000] {dag.py:3036} INFO - Sync 1 DAGs
[2025-10-31T02:38:42.147+0000] {logging_mixin.py:188} INFO - [2025-10-31T02:38:42.146+0000] {dag.py:3823} INFO - Setting next_dagrun for my_dag to None, run_after=None
[2025-10-31T02:38:42.204+0000] {processor.py:183} INFO - Processing /opt/airflow/dags/my_dag.py took 1.788 seconds
