[2025-10-31T01:48:35.222+0000] {processor.py:161} INFO - Started process (PID=53) to work on /opt/airflow/dags/pg_dbt.py
[2025-10-31T01:48:35.237+0000] {processor.py:830} INFO - Processing file /opt/airflow/dags/pg_dbt.py for tasks to queue
[2025-10-31T01:48:35.373+0000] {logging_mixin.py:188} INFO - [2025-10-31T01:48:35.372+0000] {dagbag.py:538} INFO - Filling up the DagBag from /opt/airflow/dags/pg_dbt.py
[2025-10-31T01:48:36.493+0000] {processor.py:840} INFO - DAG(s) 'scheduled_dbt_pg_daily' retrieved from /opt/airflow/dags/pg_dbt.py
[2025-10-31T01:48:45.128+0000] {logging_mixin.py:188} INFO - [2025-10-31T01:48:45.127+0000] {dag.py:3036} INFO - Sync 1 DAGs
[2025-10-31T01:48:45.680+0000] {logging_mixin.py:188} INFO - [2025-10-31T01:48:45.680+0000] {dag.py:3823} INFO - Setting next_dagrun for scheduled_dbt_pg_daily to None, run_after=None
[2025-10-31T01:48:47.000+0000] {processor.py:183} INFO - Processing /opt/airflow/dags/pg_dbt.py took 10.800 seconds
[2025-10-31T01:49:18.648+0000] {processor.py:161} INFO - Started process (PID=64) to work on /opt/airflow/dags/pg_dbt.py
[2025-10-31T01:49:18.689+0000] {processor.py:830} INFO - Processing file /opt/airflow/dags/pg_dbt.py for tasks to queue
[2025-10-31T01:49:18.817+0000] {logging_mixin.py:188} INFO - [2025-10-31T01:49:18.815+0000] {dagbag.py:538} INFO - Filling up the DagBag from /opt/airflow/dags/pg_dbt.py
[2025-10-31T01:49:19.900+0000] {processor.py:840} INFO - DAG(s) 'scheduled_dbt_pg_daily' retrieved from /opt/airflow/dags/pg_dbt.py
[2025-10-31T01:49:21.610+0000] {logging_mixin.py:188} INFO - [2025-10-31T01:49:21.610+0000] {dag.py:3036} INFO - Sync 1 DAGs
[2025-10-31T01:49:22.275+0000] {logging_mixin.py:188} INFO - [2025-10-31T01:49:22.274+0000] {dag.py:3823} INFO - Setting next_dagrun for scheduled_dbt_pg_daily to None, run_after=None
[2025-10-31T01:49:22.858+0000] {processor.py:183} INFO - Processing /opt/airflow/dags/pg_dbt.py took 4.406 seconds
[2025-10-31T01:49:54.220+0000] {processor.py:161} INFO - Started process (PID=79) to work on /opt/airflow/dags/pg_dbt.py
[2025-10-31T01:49:54.230+0000] {processor.py:830} INFO - Processing file /opt/airflow/dags/pg_dbt.py for tasks to queue
[2025-10-31T01:49:54.253+0000] {logging_mixin.py:188} INFO - [2025-10-31T01:49:54.252+0000] {dagbag.py:538} INFO - Filling up the DagBag from /opt/airflow/dags/pg_dbt.py
[2025-10-31T01:49:54.447+0000] {processor.py:840} INFO - DAG(s) 'scheduled_dbt_pg_daily' retrieved from /opt/airflow/dags/pg_dbt.py
[2025-10-31T01:49:54.833+0000] {logging_mixin.py:188} INFO - [2025-10-31T01:49:54.823+0000] {dag.py:3036} INFO - Sync 1 DAGs
[2025-10-31T01:49:55.099+0000] {logging_mixin.py:188} INFO - [2025-10-31T01:49:55.090+0000] {dag.py:3823} INFO - Setting next_dagrun for scheduled_dbt_pg_daily to None, run_after=None
[2025-10-31T01:49:55.492+0000] {processor.py:183} INFO - Processing /opt/airflow/dags/pg_dbt.py took 1.341 seconds
[2025-10-31T01:50:46.575+0000] {processor.py:161} INFO - Started process (PID=90) to work on /opt/airflow/dags/pg_dbt.py
[2025-10-31T01:50:46.744+0000] {processor.py:830} INFO - Processing file /opt/airflow/dags/pg_dbt.py for tasks to queue
[2025-10-31T01:50:47.059+0000] {logging_mixin.py:188} INFO - [2025-10-31T01:50:46.918+0000] {dagbag.py:538} INFO - Filling up the DagBag from /opt/airflow/dags/pg_dbt.py
[2025-10-31T01:50:48.216+0000] {processor.py:840} INFO - DAG(s) 'scheduled_dbt_pg_daily' retrieved from /opt/airflow/dags/pg_dbt.py
[2025-10-31T01:50:51.201+0000] {logging_mixin.py:188} INFO - [2025-10-31T01:50:51.201+0000] {dag.py:3036} INFO - Sync 1 DAGs
[2025-10-31T01:50:52.159+0000] {logging_mixin.py:188} INFO - [2025-10-31T01:50:52.158+0000] {dag.py:3823} INFO - Setting next_dagrun for scheduled_dbt_pg_daily to None, run_after=None
[2025-10-31T01:50:52.933+0000] {processor.py:183} INFO - Processing /opt/airflow/dags/pg_dbt.py took 7.474 seconds
[2025-10-31T01:51:27.527+0000] {processor.py:161} INFO - Started process (PID=101) to work on /opt/airflow/dags/pg_dbt.py
[2025-10-31T01:51:27.571+0000] {processor.py:830} INFO - Processing file /opt/airflow/dags/pg_dbt.py for tasks to queue
[2025-10-31T01:51:28.072+0000] {logging_mixin.py:188} INFO - [2025-10-31T01:51:27.820+0000] {dagbag.py:538} INFO - Filling up the DagBag from /opt/airflow/dags/pg_dbt.py
[2025-10-31T01:51:29.205+0000] {processor.py:840} INFO - DAG(s) 'scheduled_dbt_pg_daily' retrieved from /opt/airflow/dags/pg_dbt.py
[2025-10-31T01:51:35.294+0000] {logging_mixin.py:188} INFO - [2025-10-31T01:51:35.294+0000] {dag.py:3036} INFO - Sync 1 DAGs
[2025-10-31T01:51:37.967+0000] {logging_mixin.py:188} INFO - [2025-10-31T01:51:37.934+0000] {dag.py:3823} INFO - Setting next_dagrun for scheduled_dbt_pg_daily to None, run_after=None
[2025-10-31T01:51:45.124+0000] {processor.py:183} INFO - Processing /opt/airflow/dags/pg_dbt.py took 18.177 seconds
[2025-10-31T01:52:35.294+0000] {processor.py:161} INFO - Started process (PID=119) to work on /opt/airflow/dags/pg_dbt.py
[2025-10-31T01:52:41.944+0000] {processor.py:830} INFO - Processing file /opt/airflow/dags/pg_dbt.py for tasks to queue
[2025-10-31T01:52:44.582+0000] {logging_mixin.py:188} INFO - [2025-10-31T01:52:44.479+0000] {dagbag.py:538} INFO - Filling up the DagBag from /opt/airflow/dags/pg_dbt.py
[2025-10-31T01:53:03.114+0000] {processor.py:840} INFO - DAG(s) 'scheduled_dbt_pg_daily' retrieved from /opt/airflow/dags/pg_dbt.py
[2025-10-31T01:53:08.741+0000] {logging_mixin.py:188} INFO - [2025-10-31T01:53:08.741+0000] {dag.py:3036} INFO - Sync 1 DAGs
[2025-10-31T01:53:10.933+0000] {logging_mixin.py:188} INFO - [2025-10-31T01:53:10.932+0000] {dag.py:3823} INFO - Setting next_dagrun for scheduled_dbt_pg_daily to None, run_after=None
[2025-10-31T01:53:57.488+0000] {processor.py:161} INFO - Started process (PID=135) to work on /opt/airflow/dags/pg_dbt.py
[2025-10-31T01:54:00.121+0000] {processor.py:830} INFO - Processing file /opt/airflow/dags/pg_dbt.py for tasks to queue
[2025-10-31T01:54:00.790+0000] {logging_mixin.py:188} INFO - [2025-10-31T01:54:00.789+0000] {dagbag.py:538} INFO - Filling up the DagBag from /opt/airflow/dags/pg_dbt.py
[2025-10-31T01:54:02.332+0000] {processor.py:840} INFO - DAG(s) 'scheduled_dbt_pg_daily' retrieved from /opt/airflow/dags/pg_dbt.py
[2025-10-31T02:01:26.841+0000] {processor.py:161} INFO - Started process (PID=56) to work on /opt/airflow/dags/pg_dbt.py
[2025-10-31T02:01:26.847+0000] {processor.py:830} INFO - Processing file /opt/airflow/dags/pg_dbt.py for tasks to queue
[2025-10-31T02:01:26.857+0000] {logging_mixin.py:188} INFO - [2025-10-31T02:01:26.856+0000] {dagbag.py:538} INFO - Filling up the DagBag from /opt/airflow/dags/pg_dbt.py
[2025-10-31T02:01:26.997+0000] {processor.py:840} INFO - DAG(s) 'scheduled_dbt_pg_daily' retrieved from /opt/airflow/dags/pg_dbt.py
[2025-10-31T02:01:28.843+0000] {logging_mixin.py:188} INFO - [2025-10-31T02:01:28.843+0000] {dag.py:3036} INFO - Sync 1 DAGs
[2025-10-31T02:01:29.315+0000] {logging_mixin.py:188} INFO - [2025-10-31T02:01:29.314+0000] {dag.py:3823} INFO - Setting next_dagrun for scheduled_dbt_pg_daily to None, run_after=None
[2025-10-31T02:01:30.651+0000] {processor.py:183} INFO - Processing /opt/airflow/dags/pg_dbt.py took 3.843 seconds
[2025-10-31T02:02:02.095+0000] {processor.py:161} INFO - Started process (PID=76) to work on /opt/airflow/dags/pg_dbt.py
[2025-10-31T02:02:02.109+0000] {processor.py:830} INFO - Processing file /opt/airflow/dags/pg_dbt.py for tasks to queue
[2025-10-31T02:02:02.125+0000] {logging_mixin.py:188} INFO - [2025-10-31T02:02:02.124+0000] {dagbag.py:538} INFO - Filling up the DagBag from /opt/airflow/dags/pg_dbt.py
[2025-10-31T02:02:02.346+0000] {processor.py:840} INFO - DAG(s) 'scheduled_dbt_pg_daily' retrieved from /opt/airflow/dags/pg_dbt.py
[2025-10-31T02:02:02.564+0000] {logging_mixin.py:188} INFO - [2025-10-31T02:02:02.564+0000] {dag.py:3036} INFO - Sync 1 DAGs
[2025-10-31T02:02:02.714+0000] {logging_mixin.py:188} INFO - [2025-10-31T02:02:02.703+0000] {dag.py:3823} INFO - Setting next_dagrun for scheduled_dbt_pg_daily to None, run_after=None
[2025-10-31T02:02:03.189+0000] {processor.py:183} INFO - Processing /opt/airflow/dags/pg_dbt.py took 1.137 seconds
[2025-10-31T02:02:35.465+0000] {processor.py:161} INFO - Started process (PID=89) to work on /opt/airflow/dags/pg_dbt.py
[2025-10-31T02:02:35.501+0000] {processor.py:830} INFO - Processing file /opt/airflow/dags/pg_dbt.py for tasks to queue
[2025-10-31T02:02:35.532+0000] {logging_mixin.py:188} INFO - [2025-10-31T02:02:35.529+0000] {dagbag.py:538} INFO - Filling up the DagBag from /opt/airflow/dags/pg_dbt.py
[2025-10-31T02:02:35.762+0000] {processor.py:840} INFO - DAG(s) 'scheduled_dbt_pg_daily' retrieved from /opt/airflow/dags/pg_dbt.py
[2025-10-31T02:02:35.853+0000] {logging_mixin.py:188} INFO - [2025-10-31T02:02:35.851+0000] {dag.py:3036} INFO - Sync 1 DAGs
[2025-10-31T02:02:36.167+0000] {logging_mixin.py:188} INFO - [2025-10-31T02:02:36.166+0000] {dag.py:3823} INFO - Setting next_dagrun for scheduled_dbt_pg_daily to None, run_after=None
[2025-10-31T02:02:36.549+0000] {processor.py:183} INFO - Processing /opt/airflow/dags/pg_dbt.py took 1.144 seconds
[2025-10-31T02:03:08.604+0000] {processor.py:161} INFO - Started process (PID=101) to work on /opt/airflow/dags/pg_dbt.py
[2025-10-31T02:03:08.748+0000] {processor.py:830} INFO - Processing file /opt/airflow/dags/pg_dbt.py for tasks to queue
[2025-10-31T02:03:08.764+0000] {logging_mixin.py:188} INFO - [2025-10-31T02:03:08.763+0000] {dagbag.py:538} INFO - Filling up the DagBag from /opt/airflow/dags/pg_dbt.py
[2025-10-31T02:03:09.221+0000] {processor.py:840} INFO - DAG(s) 'scheduled_dbt_pg_daily' retrieved from /opt/airflow/dags/pg_dbt.py
[2025-10-31T02:03:09.471+0000] {logging_mixin.py:188} INFO - [2025-10-31T02:03:09.470+0000] {dag.py:3036} INFO - Sync 1 DAGs
[2025-10-31T02:03:09.917+0000] {logging_mixin.py:188} INFO - [2025-10-31T02:03:09.916+0000] {dag.py:3823} INFO - Setting next_dagrun for scheduled_dbt_pg_daily to None, run_after=None
[2025-10-31T02:03:10.373+0000] {processor.py:183} INFO - Processing /opt/airflow/dags/pg_dbt.py took 1.799 seconds
[2025-10-31T02:03:42.515+0000] {processor.py:161} INFO - Started process (PID=112) to work on /opt/airflow/dags/pg_dbt.py
[2025-10-31T02:03:42.529+0000] {processor.py:830} INFO - Processing file /opt/airflow/dags/pg_dbt.py for tasks to queue
[2025-10-31T02:03:42.544+0000] {logging_mixin.py:188} INFO - [2025-10-31T02:03:42.543+0000] {dagbag.py:538} INFO - Filling up the DagBag from /opt/airflow/dags/pg_dbt.py
[2025-10-31T02:03:42.849+0000] {processor.py:840} INFO - DAG(s) 'scheduled_dbt_pg_daily' retrieved from /opt/airflow/dags/pg_dbt.py
[2025-10-31T02:03:43.120+0000] {logging_mixin.py:188} INFO - [2025-10-31T02:03:43.110+0000] {dag.py:3036} INFO - Sync 1 DAGs
[2025-10-31T02:03:43.313+0000] {logging_mixin.py:188} INFO - [2025-10-31T02:03:43.312+0000] {dag.py:3823} INFO - Setting next_dagrun for scheduled_dbt_pg_daily to None, run_after=None
[2025-10-31T02:03:43.568+0000] {processor.py:183} INFO - Processing /opt/airflow/dags/pg_dbt.py took 1.099 seconds
[2025-10-31T02:04:14.975+0000] {processor.py:161} INFO - Started process (PID=124) to work on /opt/airflow/dags/pg_dbt.py
[2025-10-31T02:04:14.996+0000] {processor.py:830} INFO - Processing file /opt/airflow/dags/pg_dbt.py for tasks to queue
[2025-10-31T02:04:15.035+0000] {logging_mixin.py:188} INFO - [2025-10-31T02:04:15.034+0000] {dagbag.py:538} INFO - Filling up the DagBag from /opt/airflow/dags/pg_dbt.py
[2025-10-31T02:04:15.243+0000] {processor.py:840} INFO - DAG(s) 'scheduled_dbt_pg_daily' retrieved from /opt/airflow/dags/pg_dbt.py
[2025-10-31T02:04:15.498+0000] {logging_mixin.py:188} INFO - [2025-10-31T02:04:15.498+0000] {dag.py:3036} INFO - Sync 1 DAGs
[2025-10-31T02:04:15.596+0000] {logging_mixin.py:188} INFO - [2025-10-31T02:04:15.595+0000] {dag.py:3823} INFO - Setting next_dagrun for scheduled_dbt_pg_daily to None, run_after=None
[2025-10-31T02:04:15.843+0000] {processor.py:183} INFO - Processing /opt/airflow/dags/pg_dbt.py took 0.887 seconds
[2025-10-31T02:04:46.497+0000] {processor.py:161} INFO - Started process (PID=136) to work on /opt/airflow/dags/pg_dbt.py
[2025-10-31T02:04:46.545+0000] {processor.py:830} INFO - Processing file /opt/airflow/dags/pg_dbt.py for tasks to queue
[2025-10-31T02:04:46.568+0000] {logging_mixin.py:188} INFO - [2025-10-31T02:04:46.566+0000] {dagbag.py:538} INFO - Filling up the DagBag from /opt/airflow/dags/pg_dbt.py
[2025-10-31T02:04:46.787+0000] {processor.py:840} INFO - DAG(s) 'scheduled_dbt_pg_daily' retrieved from /opt/airflow/dags/pg_dbt.py
[2025-10-31T02:04:47.026+0000] {logging_mixin.py:188} INFO - [2025-10-31T02:04:47.026+0000] {dag.py:3036} INFO - Sync 1 DAGs
[2025-10-31T02:04:47.222+0000] {logging_mixin.py:188} INFO - [2025-10-31T02:04:47.222+0000] {dag.py:3823} INFO - Setting next_dagrun for scheduled_dbt_pg_daily to None, run_after=None
[2025-10-31T02:04:47.769+0000] {processor.py:183} INFO - Processing /opt/airflow/dags/pg_dbt.py took 1.293 seconds
[2025-10-31T02:05:18.385+0000] {processor.py:161} INFO - Started process (PID=148) to work on /opt/airflow/dags/pg_dbt.py
[2025-10-31T02:05:18.394+0000] {processor.py:830} INFO - Processing file /opt/airflow/dags/pg_dbt.py for tasks to queue
[2025-10-31T02:05:18.421+0000] {logging_mixin.py:188} INFO - [2025-10-31T02:05:18.420+0000] {dagbag.py:538} INFO - Filling up the DagBag from /opt/airflow/dags/pg_dbt.py
[2025-10-31T02:05:18.583+0000] {processor.py:840} INFO - DAG(s) 'scheduled_dbt_pg_daily' retrieved from /opt/airflow/dags/pg_dbt.py
[2025-10-31T02:05:18.732+0000] {logging_mixin.py:188} INFO - [2025-10-31T02:05:18.731+0000] {dag.py:3036} INFO - Sync 1 DAGs
[2025-10-31T02:05:18.811+0000] {logging_mixin.py:188} INFO - [2025-10-31T02:05:18.810+0000] {dag.py:3823} INFO - Setting next_dagrun for scheduled_dbt_pg_daily to None, run_after=None
[2025-10-31T02:05:20.210+0000] {processor.py:183} INFO - Processing /opt/airflow/dags/pg_dbt.py took 1.861 seconds
[2025-10-31T02:06:07.074+0000] {processor.py:161} INFO - Started process (PID=160) to work on /opt/airflow/dags/pg_dbt.py
[2025-10-31T02:06:07.388+0000] {processor.py:830} INFO - Processing file /opt/airflow/dags/pg_dbt.py for tasks to queue
[2025-10-31T02:06:07.903+0000] {logging_mixin.py:188} INFO - [2025-10-31T02:06:07.875+0000] {dagbag.py:538} INFO - Filling up the DagBag from /opt/airflow/dags/pg_dbt.py
[2025-10-31T02:06:09.472+0000] {processor.py:840} INFO - DAG(s) 'scheduled_dbt_pg_daily' retrieved from /opt/airflow/dags/pg_dbt.py
[2025-10-31T02:06:11.973+0000] {logging_mixin.py:188} INFO - [2025-10-31T02:06:11.973+0000] {dag.py:3036} INFO - Sync 1 DAGs
[2025-10-31T02:06:12.627+0000] {logging_mixin.py:188} INFO - [2025-10-31T02:06:12.626+0000] {dag.py:3823} INFO - Setting next_dagrun for scheduled_dbt_pg_daily to None, run_after=None
[2025-10-31T02:06:13.242+0000] {processor.py:183} INFO - Processing /opt/airflow/dags/pg_dbt.py took 7.542 seconds
[2025-10-31T02:06:46.750+0000] {processor.py:161} INFO - Started process (PID=176) to work on /opt/airflow/dags/pg_dbt.py
[2025-10-31T02:06:47.207+0000] {processor.py:830} INFO - Processing file /opt/airflow/dags/pg_dbt.py for tasks to queue
[2025-10-31T02:06:48.173+0000] {logging_mixin.py:188} INFO - [2025-10-31T02:06:48.172+0000] {dagbag.py:538} INFO - Filling up the DagBag from /opt/airflow/dags/pg_dbt.py
[2025-10-31T02:06:50.910+0000] {processor.py:840} INFO - DAG(s) 'scheduled_dbt_pg_daily' retrieved from /opt/airflow/dags/pg_dbt.py
[2025-10-31T02:06:52.943+0000] {logging_mixin.py:188} INFO - [2025-10-31T02:06:52.942+0000] {dag.py:3036} INFO - Sync 1 DAGs
[2025-10-31T02:06:53.674+0000] {logging_mixin.py:188} INFO - [2025-10-31T02:06:53.672+0000] {dag.py:3823} INFO - Setting next_dagrun for scheduled_dbt_pg_daily to None, run_after=None
[2025-10-31T02:06:55.304+0000] {processor.py:183} INFO - Processing /opt/airflow/dags/pg_dbt.py took 10.010 seconds
[2025-10-31T02:07:33.539+0000] {processor.py:161} INFO - Started process (PID=188) to work on /opt/airflow/dags/pg_dbt.py
[2025-10-31T02:07:33.974+0000] {processor.py:830} INFO - Processing file /opt/airflow/dags/pg_dbt.py for tasks to queue
[2025-10-31T02:07:34.977+0000] {logging_mixin.py:188} INFO - [2025-10-31T02:07:34.968+0000] {dagbag.py:538} INFO - Filling up the DagBag from /opt/airflow/dags/pg_dbt.py
[2025-10-31T02:07:45.282+0000] {processor.py:840} INFO - DAG(s) 'scheduled_dbt_pg_daily' retrieved from /opt/airflow/dags/pg_dbt.py
[2025-10-31T02:07:46.048+0000] {logging_mixin.py:188} INFO - [2025-10-31T02:07:46.048+0000] {dag.py:3036} INFO - Sync 1 DAGs
[2025-10-31T02:07:46.632+0000] {logging_mixin.py:188} INFO - [2025-10-31T02:07:46.631+0000] {dag.py:3823} INFO - Setting next_dagrun for scheduled_dbt_pg_daily to None, run_after=None
[2025-10-31T02:07:46.887+0000] {processor.py:183} INFO - Processing /opt/airflow/dags/pg_dbt.py took 14.709 seconds
[2025-10-31T02:08:21.207+0000] {processor.py:161} INFO - Started process (PID=206) to work on /opt/airflow/dags/pg_dbt.py
[2025-10-31T02:08:21.217+0000] {processor.py:830} INFO - Processing file /opt/airflow/dags/pg_dbt.py for tasks to queue
[2025-10-31T02:08:21.248+0000] {logging_mixin.py:188} INFO - [2025-10-31T02:08:21.247+0000] {dagbag.py:538} INFO - Filling up the DagBag from /opt/airflow/dags/pg_dbt.py
[2025-10-31T02:08:21.670+0000] {processor.py:840} INFO - DAG(s) 'scheduled_dbt_pg_daily' retrieved from /opt/airflow/dags/pg_dbt.py
[2025-10-31T02:08:22.089+0000] {logging_mixin.py:188} INFO - [2025-10-31T02:08:22.089+0000] {dag.py:3036} INFO - Sync 1 DAGs
[2025-10-31T02:08:23.627+0000] {logging_mixin.py:188} INFO - [2025-10-31T02:08:23.626+0000] {dag.py:3823} INFO - Setting next_dagrun for scheduled_dbt_pg_daily to None, run_after=None
[2025-10-31T02:08:23.907+0000] {processor.py:183} INFO - Processing /opt/airflow/dags/pg_dbt.py took 2.740 seconds
[2025-10-31T02:08:56.458+0000] {processor.py:161} INFO - Started process (PID=216) to work on /opt/airflow/dags/pg_dbt.py
[2025-10-31T02:08:56.516+0000] {processor.py:830} INFO - Processing file /opt/airflow/dags/pg_dbt.py for tasks to queue
[2025-10-31T02:08:56.548+0000] {logging_mixin.py:188} INFO - [2025-10-31T02:08:56.540+0000] {dagbag.py:538} INFO - Filling up the DagBag from /opt/airflow/dags/pg_dbt.py
[2025-10-31T02:08:58.626+0000] {processor.py:840} INFO - DAG(s) 'scheduled_dbt_pg_daily' retrieved from /opt/airflow/dags/pg_dbt.py
[2025-10-31T02:09:05.324+0000] {logging_mixin.py:188} INFO - [2025-10-31T02:09:05.324+0000] {dag.py:3036} INFO - Sync 1 DAGs
[2025-10-31T02:09:06.234+0000] {logging_mixin.py:188} INFO - [2025-10-31T02:09:06.234+0000] {dag.py:3823} INFO - Setting next_dagrun for scheduled_dbt_pg_daily to None, run_after=None
[2025-10-31T02:09:06.688+0000] {processor.py:183} INFO - Processing /opt/airflow/dags/pg_dbt.py took 9.075 seconds
[2025-10-31T02:09:44.628+0000] {processor.py:161} INFO - Started process (PID=228) to work on /opt/airflow/dags/pg_dbt.py
[2025-10-31T02:09:44.634+0000] {processor.py:830} INFO - Processing file /opt/airflow/dags/pg_dbt.py for tasks to queue
[2025-10-31T02:09:44.638+0000] {logging_mixin.py:188} INFO - [2025-10-31T02:09:44.637+0000] {dagbag.py:538} INFO - Filling up the DagBag from /opt/airflow/dags/pg_dbt.py
[2025-10-31T02:09:44.849+0000] {processor.py:840} INFO - DAG(s) 'scheduled_dbt_pg_daily' retrieved from /opt/airflow/dags/pg_dbt.py
[2025-10-31T02:09:45.114+0000] {logging_mixin.py:188} INFO - [2025-10-31T02:09:45.114+0000] {dag.py:3036} INFO - Sync 1 DAGs
[2025-10-31T02:09:45.514+0000] {logging_mixin.py:188} INFO - [2025-10-31T02:09:45.513+0000] {dag.py:3823} INFO - Setting next_dagrun for scheduled_dbt_pg_daily to None, run_after=None
[2025-10-31T02:09:46.320+0000] {processor.py:183} INFO - Processing /opt/airflow/dags/pg_dbt.py took 1.702 seconds
[2025-10-31T02:10:16.803+0000] {processor.py:161} INFO - Started process (PID=238) to work on /opt/airflow/dags/pg_dbt.py
[2025-10-31T02:10:16.813+0000] {processor.py:830} INFO - Processing file /opt/airflow/dags/pg_dbt.py for tasks to queue
[2025-10-31T02:10:16.816+0000] {logging_mixin.py:188} INFO - [2025-10-31T02:10:16.815+0000] {dagbag.py:538} INFO - Filling up the DagBag from /opt/airflow/dags/pg_dbt.py
[2025-10-31T02:10:17.208+0000] {processor.py:840} INFO - DAG(s) 'scheduled_dbt_pg_daily' retrieved from /opt/airflow/dags/pg_dbt.py
[2025-10-31T02:10:17.624+0000] {logging_mixin.py:188} INFO - [2025-10-31T02:10:17.624+0000] {dag.py:3036} INFO - Sync 1 DAGs
[2025-10-31T02:10:17.917+0000] {logging_mixin.py:188} INFO - [2025-10-31T02:10:17.917+0000] {dag.py:3823} INFO - Setting next_dagrun for scheduled_dbt_pg_daily to None, run_after=None
[2025-10-31T02:10:18.258+0000] {processor.py:183} INFO - Processing /opt/airflow/dags/pg_dbt.py took 1.464 seconds
[2025-10-31T02:10:52.791+0000] {processor.py:161} INFO - Started process (PID=250) to work on /opt/airflow/dags/pg_dbt.py
[2025-10-31T02:10:52.796+0000] {processor.py:830} INFO - Processing file /opt/airflow/dags/pg_dbt.py for tasks to queue
[2025-10-31T02:10:52.799+0000] {logging_mixin.py:188} INFO - [2025-10-31T02:10:52.798+0000] {dagbag.py:538} INFO - Filling up the DagBag from /opt/airflow/dags/pg_dbt.py
[2025-10-31T02:10:53.080+0000] {processor.py:840} INFO - DAG(s) 'scheduled_dbt_pg_daily' retrieved from /opt/airflow/dags/pg_dbt.py
[2025-10-31T02:10:53.294+0000] {logging_mixin.py:188} INFO - [2025-10-31T02:10:53.294+0000] {dag.py:3036} INFO - Sync 1 DAGs
[2025-10-31T02:10:53.460+0000] {logging_mixin.py:188} INFO - [2025-10-31T02:10:53.459+0000] {dag.py:3823} INFO - Setting next_dagrun for scheduled_dbt_pg_daily to None, run_after=None
[2025-10-31T02:10:53.818+0000] {processor.py:183} INFO - Processing /opt/airflow/dags/pg_dbt.py took 1.035 seconds
[2025-10-31T02:11:24.805+0000] {processor.py:161} INFO - Started process (PID=259) to work on /opt/airflow/dags/pg_dbt.py
[2025-10-31T02:11:24.852+0000] {processor.py:830} INFO - Processing file /opt/airflow/dags/pg_dbt.py for tasks to queue
[2025-10-31T02:11:24.868+0000] {logging_mixin.py:188} INFO - [2025-10-31T02:11:24.867+0000] {dagbag.py:538} INFO - Filling up the DagBag from /opt/airflow/dags/pg_dbt.py
[2025-10-31T02:11:25.023+0000] {processor.py:840} INFO - DAG(s) 'scheduled_dbt_pg_daily' retrieved from /opt/airflow/dags/pg_dbt.py
[2025-10-31T02:11:25.221+0000] {logging_mixin.py:188} INFO - [2025-10-31T02:11:25.220+0000] {dag.py:3036} INFO - Sync 1 DAGs
[2025-10-31T02:11:25.608+0000] {logging_mixin.py:188} INFO - [2025-10-31T02:11:25.593+0000] {dag.py:3823} INFO - Setting next_dagrun for scheduled_dbt_pg_daily to None, run_after=None
[2025-10-31T02:11:25.851+0000] {processor.py:183} INFO - Processing /opt/airflow/dags/pg_dbt.py took 1.358 seconds
[2025-10-31T02:11:56.307+0000] {processor.py:161} INFO - Started process (PID=271) to work on /opt/airflow/dags/pg_dbt.py
[2025-10-31T02:11:56.310+0000] {processor.py:830} INFO - Processing file /opt/airflow/dags/pg_dbt.py for tasks to queue
[2025-10-31T02:11:56.314+0000] {logging_mixin.py:188} INFO - [2025-10-31T02:11:56.313+0000] {dagbag.py:538} INFO - Filling up the DagBag from /opt/airflow/dags/pg_dbt.py
[2025-10-31T02:11:56.526+0000] {processor.py:840} INFO - DAG(s) 'scheduled_dbt_pg_daily' retrieved from /opt/airflow/dags/pg_dbt.py
[2025-10-31T02:11:56.697+0000] {logging_mixin.py:188} INFO - [2025-10-31T02:11:56.694+0000] {dag.py:3036} INFO - Sync 1 DAGs
[2025-10-31T02:11:56.858+0000] {logging_mixin.py:188} INFO - [2025-10-31T02:11:56.858+0000] {dag.py:3823} INFO - Setting next_dagrun for scheduled_dbt_pg_daily to None, run_after=None
[2025-10-31T02:11:56.963+0000] {processor.py:183} INFO - Processing /opt/airflow/dags/pg_dbt.py took 0.675 seconds
[2025-10-31T02:12:28.313+0000] {processor.py:161} INFO - Started process (PID=282) to work on /opt/airflow/dags/pg_dbt.py
[2025-10-31T02:12:28.342+0000] {processor.py:830} INFO - Processing file /opt/airflow/dags/pg_dbt.py for tasks to queue
[2025-10-31T02:12:28.348+0000] {logging_mixin.py:188} INFO - [2025-10-31T02:12:28.347+0000] {dagbag.py:538} INFO - Filling up the DagBag from /opt/airflow/dags/pg_dbt.py
[2025-10-31T02:12:28.573+0000] {processor.py:840} INFO - DAG(s) 'scheduled_dbt_pg_daily' retrieved from /opt/airflow/dags/pg_dbt.py
[2025-10-31T02:12:28.778+0000] {logging_mixin.py:188} INFO - [2025-10-31T02:12:28.777+0000] {dag.py:3036} INFO - Sync 1 DAGs
[2025-10-31T02:12:28.852+0000] {logging_mixin.py:188} INFO - [2025-10-31T02:12:28.843+0000] {dag.py:3823} INFO - Setting next_dagrun for scheduled_dbt_pg_daily to None, run_after=None
[2025-10-31T02:12:29.018+0000] {processor.py:183} INFO - Processing /opt/airflow/dags/pg_dbt.py took 0.714 seconds
[2025-10-31T02:12:59.516+0000] {processor.py:161} INFO - Started process (PID=294) to work on /opt/airflow/dags/pg_dbt.py
[2025-10-31T02:12:59.565+0000] {processor.py:830} INFO - Processing file /opt/airflow/dags/pg_dbt.py for tasks to queue
[2025-10-31T02:12:59.569+0000] {logging_mixin.py:188} INFO - [2025-10-31T02:12:59.568+0000] {dagbag.py:538} INFO - Filling up the DagBag from /opt/airflow/dags/pg_dbt.py
[2025-10-31T02:12:59.754+0000] {processor.py:840} INFO - DAG(s) 'scheduled_dbt_pg_daily' retrieved from /opt/airflow/dags/pg_dbt.py
[2025-10-31T02:12:59.873+0000] {logging_mixin.py:188} INFO - [2025-10-31T02:12:59.872+0000] {dag.py:3036} INFO - Sync 1 DAGs
[2025-10-31T02:13:00.044+0000] {logging_mixin.py:188} INFO - [2025-10-31T02:13:00.043+0000] {dag.py:3823} INFO - Setting next_dagrun for scheduled_dbt_pg_daily to None, run_after=None
[2025-10-31T02:13:00.167+0000] {processor.py:183} INFO - Processing /opt/airflow/dags/pg_dbt.py took 0.661 seconds
[2025-10-31T02:13:30.526+0000] {processor.py:161} INFO - Started process (PID=306) to work on /opt/airflow/dags/pg_dbt.py
[2025-10-31T02:13:30.530+0000] {processor.py:830} INFO - Processing file /opt/airflow/dags/pg_dbt.py for tasks to queue
[2025-10-31T02:13:30.533+0000] {logging_mixin.py:188} INFO - [2025-10-31T02:13:30.532+0000] {dagbag.py:538} INFO - Filling up the DagBag from /opt/airflow/dags/pg_dbt.py
[2025-10-31T02:13:30.585+0000] {processor.py:840} INFO - DAG(s) 'scheduled_dbt_pg_daily' retrieved from /opt/airflow/dags/pg_dbt.py
[2025-10-31T02:13:30.642+0000] {logging_mixin.py:188} INFO - [2025-10-31T02:13:30.641+0000] {dag.py:3036} INFO - Sync 1 DAGs
[2025-10-31T02:13:30.685+0000] {logging_mixin.py:188} INFO - [2025-10-31T02:13:30.685+0000] {dag.py:3823} INFO - Setting next_dagrun for scheduled_dbt_pg_daily to None, run_after=None
[2025-10-31T02:13:30.933+0000] {processor.py:183} INFO - Processing /opt/airflow/dags/pg_dbt.py took 0.417 seconds
[2025-10-31T02:14:01.607+0000] {processor.py:161} INFO - Started process (PID=318) to work on /opt/airflow/dags/pg_dbt.py
[2025-10-31T02:14:01.616+0000] {processor.py:830} INFO - Processing file /opt/airflow/dags/pg_dbt.py for tasks to queue
[2025-10-31T02:14:01.626+0000] {logging_mixin.py:188} INFO - [2025-10-31T02:14:01.625+0000] {dagbag.py:538} INFO - Filling up the DagBag from /opt/airflow/dags/pg_dbt.py
[2025-10-31T02:14:01.734+0000] {processor.py:840} INFO - DAG(s) 'scheduled_dbt_pg_daily' retrieved from /opt/airflow/dags/pg_dbt.py
[2025-10-31T02:14:02.022+0000] {logging_mixin.py:188} INFO - [2025-10-31T02:14:02.021+0000] {dag.py:3036} INFO - Sync 1 DAGs
[2025-10-31T02:14:02.253+0000] {logging_mixin.py:188} INFO - [2025-10-31T02:14:02.252+0000] {dag.py:3823} INFO - Setting next_dagrun for scheduled_dbt_pg_daily to None, run_after=None
[2025-10-31T02:14:02.682+0000] {processor.py:183} INFO - Processing /opt/airflow/dags/pg_dbt.py took 1.106 seconds
[2025-10-31T02:14:33.017+0000] {processor.py:161} INFO - Started process (PID=330) to work on /opt/airflow/dags/pg_dbt.py
[2025-10-31T02:14:33.030+0000] {processor.py:830} INFO - Processing file /opt/airflow/dags/pg_dbt.py for tasks to queue
[2025-10-31T02:14:33.033+0000] {logging_mixin.py:188} INFO - [2025-10-31T02:14:33.033+0000] {dagbag.py:538} INFO - Filling up the DagBag from /opt/airflow/dags/pg_dbt.py
[2025-10-31T02:14:33.234+0000] {processor.py:840} INFO - DAG(s) 'scheduled_dbt_pg_daily' retrieved from /opt/airflow/dags/pg_dbt.py
[2025-10-31T02:14:33.468+0000] {logging_mixin.py:188} INFO - [2025-10-31T02:14:33.467+0000] {dag.py:3036} INFO - Sync 1 DAGs
[2025-10-31T02:14:33.622+0000] {logging_mixin.py:188} INFO - [2025-10-31T02:14:33.621+0000] {dag.py:3823} INFO - Setting next_dagrun for scheduled_dbt_pg_daily to None, run_after=None
[2025-10-31T02:14:33.783+0000] {processor.py:183} INFO - Processing /opt/airflow/dags/pg_dbt.py took 0.796 seconds
[2025-10-31T02:15:04.011+0000] {processor.py:161} INFO - Started process (PID=342) to work on /opt/airflow/dags/pg_dbt.py
[2025-10-31T02:15:04.023+0000] {processor.py:830} INFO - Processing file /opt/airflow/dags/pg_dbt.py for tasks to queue
[2025-10-31T02:15:04.028+0000] {logging_mixin.py:188} INFO - [2025-10-31T02:15:04.027+0000] {dagbag.py:538} INFO - Filling up the DagBag from /opt/airflow/dags/pg_dbt.py
[2025-10-31T02:15:04.066+0000] {processor.py:840} INFO - DAG(s) 'scheduled_dbt_pg_daily' retrieved from /opt/airflow/dags/pg_dbt.py
[2025-10-31T02:15:04.143+0000] {logging_mixin.py:188} INFO - [2025-10-31T02:15:04.143+0000] {dag.py:3036} INFO - Sync 1 DAGs
[2025-10-31T02:15:04.191+0000] {logging_mixin.py:188} INFO - [2025-10-31T02:15:04.191+0000] {dag.py:3823} INFO - Setting next_dagrun for scheduled_dbt_pg_daily to None, run_after=None
[2025-10-31T02:15:04.278+0000] {processor.py:183} INFO - Processing /opt/airflow/dags/pg_dbt.py took 0.284 seconds
[2025-10-31T02:15:34.660+0000] {processor.py:161} INFO - Started process (PID=354) to work on /opt/airflow/dags/pg_dbt.py
[2025-10-31T02:15:34.663+0000] {processor.py:830} INFO - Processing file /opt/airflow/dags/pg_dbt.py for tasks to queue
[2025-10-31T02:15:34.669+0000] {logging_mixin.py:188} INFO - [2025-10-31T02:15:34.668+0000] {dagbag.py:538} INFO - Filling up the DagBag from /opt/airflow/dags/pg_dbt.py
[2025-10-31T02:15:34.902+0000] {processor.py:840} INFO - DAG(s) 'scheduled_dbt_pg_daily' retrieved from /opt/airflow/dags/pg_dbt.py
[2025-10-31T02:15:34.990+0000] {logging_mixin.py:188} INFO - [2025-10-31T02:15:34.990+0000] {dag.py:3036} INFO - Sync 1 DAGs
[2025-10-31T02:15:35.224+0000] {logging_mixin.py:188} INFO - [2025-10-31T02:15:35.223+0000] {dag.py:3823} INFO - Setting next_dagrun for scheduled_dbt_pg_daily to None, run_after=None
[2025-10-31T02:15:35.379+0000] {processor.py:183} INFO - Processing /opt/airflow/dags/pg_dbt.py took 0.729 seconds
[2025-10-31T02:16:07.111+0000] {processor.py:161} INFO - Started process (PID=366) to work on /opt/airflow/dags/pg_dbt.py
[2025-10-31T02:16:07.113+0000] {processor.py:830} INFO - Processing file /opt/airflow/dags/pg_dbt.py for tasks to queue
[2025-10-31T02:16:07.115+0000] {logging_mixin.py:188} INFO - [2025-10-31T02:16:07.114+0000] {dagbag.py:538} INFO - Filling up the DagBag from /opt/airflow/dags/pg_dbt.py
[2025-10-31T02:16:07.145+0000] {processor.py:840} INFO - DAG(s) 'scheduled_dbt_pg_daily' retrieved from /opt/airflow/dags/pg_dbt.py
[2025-10-31T02:16:07.187+0000] {logging_mixin.py:188} INFO - [2025-10-31T02:16:07.187+0000] {dag.py:3036} INFO - Sync 1 DAGs
[2025-10-31T02:16:07.219+0000] {logging_mixin.py:188} INFO - [2025-10-31T02:16:07.219+0000] {dag.py:3823} INFO - Setting next_dagrun for scheduled_dbt_pg_daily to None, run_after=None
[2025-10-31T02:16:07.393+0000] {processor.py:183} INFO - Processing /opt/airflow/dags/pg_dbt.py took 0.288 seconds
[2025-10-31T02:16:37.660+0000] {processor.py:161} INFO - Started process (PID=377) to work on /opt/airflow/dags/pg_dbt.py
[2025-10-31T02:16:37.661+0000] {processor.py:830} INFO - Processing file /opt/airflow/dags/pg_dbt.py for tasks to queue
[2025-10-31T02:16:37.663+0000] {logging_mixin.py:188} INFO - [2025-10-31T02:16:37.662+0000] {dagbag.py:538} INFO - Filling up the DagBag from /opt/airflow/dags/pg_dbt.py
[2025-10-31T02:16:37.695+0000] {processor.py:840} INFO - DAG(s) 'scheduled_dbt_pg_daily' retrieved from /opt/airflow/dags/pg_dbt.py
[2025-10-31T02:16:37.755+0000] {logging_mixin.py:188} INFO - [2025-10-31T02:16:37.754+0000] {dag.py:3036} INFO - Sync 1 DAGs
[2025-10-31T02:16:37.794+0000] {logging_mixin.py:188} INFO - [2025-10-31T02:16:37.793+0000] {dag.py:3823} INFO - Setting next_dagrun for scheduled_dbt_pg_daily to None, run_after=None
[2025-10-31T02:16:37.940+0000] {processor.py:183} INFO - Processing /opt/airflow/dags/pg_dbt.py took 0.287 seconds
[2025-10-31T02:17:10.259+0000] {processor.py:161} INFO - Started process (PID=388) to work on /opt/airflow/dags/pg_dbt.py
[2025-10-31T02:17:10.328+0000] {processor.py:830} INFO - Processing file /opt/airflow/dags/pg_dbt.py for tasks to queue
[2025-10-31T02:17:10.333+0000] {logging_mixin.py:188} INFO - [2025-10-31T02:17:10.332+0000] {dagbag.py:538} INFO - Filling up the DagBag from /opt/airflow/dags/pg_dbt.py
[2025-10-31T02:17:10.416+0000] {processor.py:840} INFO - DAG(s) 'scheduled_dbt_pg_daily' retrieved from /opt/airflow/dags/pg_dbt.py
[2025-10-31T02:17:10.775+0000] {logging_mixin.py:188} INFO - [2025-10-31T02:17:10.774+0000] {dag.py:3036} INFO - Sync 1 DAGs
[2025-10-31T02:17:10.981+0000] {logging_mixin.py:188} INFO - [2025-10-31T02:17:10.980+0000] {dag.py:3823} INFO - Setting next_dagrun for scheduled_dbt_pg_daily to None, run_after=None
[2025-10-31T02:17:11.336+0000] {processor.py:183} INFO - Processing /opt/airflow/dags/pg_dbt.py took 1.095 seconds
[2025-10-31T02:17:42.721+0000] {processor.py:161} INFO - Started process (PID=399) to work on /opt/airflow/dags/pg_dbt.py
[2025-10-31T02:17:42.756+0000] {processor.py:830} INFO - Processing file /opt/airflow/dags/pg_dbt.py for tasks to queue
[2025-10-31T02:17:42.759+0000] {logging_mixin.py:188} INFO - [2025-10-31T02:17:42.758+0000] {dagbag.py:538} INFO - Filling up the DagBag from /opt/airflow/dags/pg_dbt.py
[2025-10-31T02:17:43.131+0000] {processor.py:840} INFO - DAG(s) 'scheduled_dbt_pg_daily' retrieved from /opt/airflow/dags/pg_dbt.py
[2025-10-31T02:17:43.343+0000] {logging_mixin.py:188} INFO - [2025-10-31T02:17:43.342+0000] {dag.py:3036} INFO - Sync 1 DAGs
[2025-10-31T02:17:43.476+0000] {logging_mixin.py:188} INFO - [2025-10-31T02:17:43.475+0000] {dag.py:3823} INFO - Setting next_dagrun for scheduled_dbt_pg_daily to None, run_after=None
[2025-10-31T02:17:43.604+0000] {processor.py:183} INFO - Processing /opt/airflow/dags/pg_dbt.py took 0.925 seconds
[2025-10-31T02:18:14.257+0000] {processor.py:161} INFO - Started process (PID=412) to work on /opt/airflow/dags/pg_dbt.py
[2025-10-31T02:18:14.302+0000] {processor.py:830} INFO - Processing file /opt/airflow/dags/pg_dbt.py for tasks to queue
[2025-10-31T02:18:14.399+0000] {logging_mixin.py:188} INFO - [2025-10-31T02:18:14.398+0000] {dagbag.py:538} INFO - Filling up the DagBag from /opt/airflow/dags/pg_dbt.py
[2025-10-31T02:18:16.170+0000] {processor.py:840} INFO - DAG(s) 'scheduled_dbt_pg_daily' retrieved from /opt/airflow/dags/pg_dbt.py
[2025-10-31T02:18:16.221+0000] {logging_mixin.py:188} INFO - [2025-10-31T02:18:16.221+0000] {dag.py:3036} INFO - Sync 1 DAGs
[2025-10-31T02:18:16.252+0000] {logging_mixin.py:188} INFO - [2025-10-31T02:18:16.251+0000] {dag.py:3823} INFO - Setting next_dagrun for scheduled_dbt_pg_daily to None, run_after=None
[2025-10-31T02:18:16.768+0000] {processor.py:183} INFO - Processing /opt/airflow/dags/pg_dbt.py took 2.594 seconds
[2025-10-31T02:18:49.381+0000] {processor.py:161} INFO - Started process (PID=424) to work on /opt/airflow/dags/pg_dbt.py
[2025-10-31T02:18:49.389+0000] {processor.py:830} INFO - Processing file /opt/airflow/dags/pg_dbt.py for tasks to queue
[2025-10-31T02:18:49.391+0000] {logging_mixin.py:188} INFO - [2025-10-31T02:18:49.391+0000] {dagbag.py:538} INFO - Filling up the DagBag from /opt/airflow/dags/pg_dbt.py
[2025-10-31T02:18:49.488+0000] {processor.py:840} INFO - DAG(s) 'scheduled_dbt_pg_daily' retrieved from /opt/airflow/dags/pg_dbt.py
[2025-10-31T02:18:49.579+0000] {logging_mixin.py:188} INFO - [2025-10-31T02:18:49.578+0000] {dag.py:3036} INFO - Sync 1 DAGs
[2025-10-31T02:18:49.687+0000] {logging_mixin.py:188} INFO - [2025-10-31T02:18:49.687+0000] {dag.py:3823} INFO - Setting next_dagrun for scheduled_dbt_pg_daily to None, run_after=None
[2025-10-31T02:18:49.905+0000] {processor.py:183} INFO - Processing /opt/airflow/dags/pg_dbt.py took 0.539 seconds
[2025-10-31T02:19:20.184+0000] {processor.py:161} INFO - Started process (PID=435) to work on /opt/airflow/dags/pg_dbt.py
[2025-10-31T02:19:20.190+0000] {processor.py:830} INFO - Processing file /opt/airflow/dags/pg_dbt.py for tasks to queue
[2025-10-31T02:19:20.225+0000] {logging_mixin.py:188} INFO - [2025-10-31T02:19:20.224+0000] {dagbag.py:538} INFO - Filling up the DagBag from /opt/airflow/dags/pg_dbt.py
[2025-10-31T02:19:20.309+0000] {processor.py:840} INFO - DAG(s) 'scheduled_dbt_pg_daily' retrieved from /opt/airflow/dags/pg_dbt.py
[2025-10-31T02:19:20.403+0000] {logging_mixin.py:188} INFO - [2025-10-31T02:19:20.402+0000] {dag.py:3036} INFO - Sync 1 DAGs
[2025-10-31T02:19:20.513+0000] {logging_mixin.py:188} INFO - [2025-10-31T02:19:20.512+0000] {dag.py:3823} INFO - Setting next_dagrun for scheduled_dbt_pg_daily to None, run_after=None
[2025-10-31T02:19:20.654+0000] {processor.py:183} INFO - Processing /opt/airflow/dags/pg_dbt.py took 0.497 seconds
[2025-10-31T02:19:51.069+0000] {processor.py:161} INFO - Started process (PID=447) to work on /opt/airflow/dags/pg_dbt.py
[2025-10-31T02:19:51.072+0000] {processor.py:830} INFO - Processing file /opt/airflow/dags/pg_dbt.py for tasks to queue
[2025-10-31T02:19:51.075+0000] {logging_mixin.py:188} INFO - [2025-10-31T02:19:51.074+0000] {dagbag.py:538} INFO - Filling up the DagBag from /opt/airflow/dags/pg_dbt.py
[2025-10-31T02:19:51.119+0000] {processor.py:840} INFO - DAG(s) 'scheduled_dbt_pg_daily' retrieved from /opt/airflow/dags/pg_dbt.py
[2025-10-31T02:19:51.221+0000] {logging_mixin.py:188} INFO - [2025-10-31T02:19:51.221+0000] {dag.py:3036} INFO - Sync 1 DAGs
[2025-10-31T02:19:51.316+0000] {logging_mixin.py:188} INFO - [2025-10-31T02:19:51.315+0000] {dag.py:3823} INFO - Setting next_dagrun for scheduled_dbt_pg_daily to None, run_after=None
[2025-10-31T02:19:51.445+0000] {processor.py:183} INFO - Processing /opt/airflow/dags/pg_dbt.py took 0.385 seconds
[2025-10-31T02:20:22.311+0000] {processor.py:161} INFO - Started process (PID=459) to work on /opt/airflow/dags/pg_dbt.py
[2025-10-31T02:20:22.324+0000] {processor.py:830} INFO - Processing file /opt/airflow/dags/pg_dbt.py for tasks to queue
[2025-10-31T02:20:22.329+0000] {logging_mixin.py:188} INFO - [2025-10-31T02:20:22.328+0000] {dagbag.py:538} INFO - Filling up the DagBag from /opt/airflow/dags/pg_dbt.py
[2025-10-31T02:20:22.428+0000] {processor.py:840} INFO - DAG(s) 'scheduled_dbt_pg_daily' retrieved from /opt/airflow/dags/pg_dbt.py
[2025-10-31T02:20:22.679+0000] {logging_mixin.py:188} INFO - [2025-10-31T02:20:22.678+0000] {dag.py:3036} INFO - Sync 1 DAGs
[2025-10-31T02:20:22.801+0000] {logging_mixin.py:188} INFO - [2025-10-31T02:20:22.801+0000] {dag.py:3823} INFO - Setting next_dagrun for scheduled_dbt_pg_daily to None, run_after=None
[2025-10-31T02:20:22.995+0000] {processor.py:183} INFO - Processing /opt/airflow/dags/pg_dbt.py took 0.703 seconds
[2025-10-31T02:20:53.366+0000] {processor.py:161} INFO - Started process (PID=471) to work on /opt/airflow/dags/pg_dbt.py
[2025-10-31T02:20:53.370+0000] {processor.py:830} INFO - Processing file /opt/airflow/dags/pg_dbt.py for tasks to queue
[2025-10-31T02:20:53.374+0000] {logging_mixin.py:188} INFO - [2025-10-31T02:20:53.374+0000] {dagbag.py:538} INFO - Filling up the DagBag from /opt/airflow/dags/pg_dbt.py
[2025-10-31T02:20:53.450+0000] {processor.py:840} INFO - DAG(s) 'scheduled_dbt_pg_daily' retrieved from /opt/airflow/dags/pg_dbt.py
[2025-10-31T02:20:53.557+0000] {logging_mixin.py:188} INFO - [2025-10-31T02:20:53.557+0000] {dag.py:3036} INFO - Sync 1 DAGs
[2025-10-31T02:20:53.595+0000] {logging_mixin.py:188} INFO - [2025-10-31T02:20:53.594+0000] {dag.py:3823} INFO - Setting next_dagrun for scheduled_dbt_pg_daily to None, run_after=None
[2025-10-31T02:20:53.777+0000] {processor.py:183} INFO - Processing /opt/airflow/dags/pg_dbt.py took 0.428 seconds
[2025-10-31T02:21:24.259+0000] {processor.py:161} INFO - Started process (PID=483) to work on /opt/airflow/dags/pg_dbt.py
[2025-10-31T02:21:24.272+0000] {processor.py:830} INFO - Processing file /opt/airflow/dags/pg_dbt.py for tasks to queue
[2025-10-31T02:21:24.274+0000] {logging_mixin.py:188} INFO - [2025-10-31T02:21:24.274+0000] {dagbag.py:538} INFO - Filling up the DagBag from /opt/airflow/dags/pg_dbt.py
[2025-10-31T02:21:24.342+0000] {processor.py:840} INFO - DAG(s) 'scheduled_dbt_pg_daily' retrieved from /opt/airflow/dags/pg_dbt.py
[2025-10-31T02:21:24.597+0000] {logging_mixin.py:188} INFO - [2025-10-31T02:21:24.596+0000] {dag.py:3036} INFO - Sync 1 DAGs
[2025-10-31T02:21:24.737+0000] {logging_mixin.py:188} INFO - [2025-10-31T02:21:24.737+0000] {dag.py:3823} INFO - Setting next_dagrun for scheduled_dbt_pg_daily to None, run_after=None
[2025-10-31T02:21:25.131+0000] {processor.py:183} INFO - Processing /opt/airflow/dags/pg_dbt.py took 0.887 seconds
[2025-10-31T02:21:55.623+0000] {processor.py:161} INFO - Started process (PID=496) to work on /opt/airflow/dags/pg_dbt.py
[2025-10-31T02:21:55.627+0000] {processor.py:830} INFO - Processing file /opt/airflow/dags/pg_dbt.py for tasks to queue
[2025-10-31T02:21:55.629+0000] {logging_mixin.py:188} INFO - [2025-10-31T02:21:55.628+0000] {dagbag.py:538} INFO - Filling up the DagBag from /opt/airflow/dags/pg_dbt.py
[2025-10-31T02:21:55.682+0000] {processor.py:840} INFO - DAG(s) 'scheduled_dbt_pg_daily' retrieved from /opt/airflow/dags/pg_dbt.py
[2025-10-31T02:21:55.794+0000] {logging_mixin.py:188} INFO - [2025-10-31T02:21:55.793+0000] {dag.py:3036} INFO - Sync 1 DAGs
[2025-10-31T02:21:55.849+0000] {logging_mixin.py:188} INFO - [2025-10-31T02:21:55.849+0000] {dag.py:3823} INFO - Setting next_dagrun for scheduled_dbt_pg_daily to None, run_after=None
[2025-10-31T02:21:56.181+0000] {processor.py:183} INFO - Processing /opt/airflow/dags/pg_dbt.py took 0.572 seconds
[2025-10-31T02:22:26.502+0000] {processor.py:161} INFO - Started process (PID=508) to work on /opt/airflow/dags/pg_dbt.py
[2025-10-31T02:22:26.505+0000] {processor.py:830} INFO - Processing file /opt/airflow/dags/pg_dbt.py for tasks to queue
[2025-10-31T02:22:26.510+0000] {logging_mixin.py:188} INFO - [2025-10-31T02:22:26.509+0000] {dagbag.py:538} INFO - Filling up the DagBag from /opt/airflow/dags/pg_dbt.py
[2025-10-31T02:22:26.672+0000] {processor.py:840} INFO - DAG(s) 'scheduled_dbt_pg_daily' retrieved from /opt/airflow/dags/pg_dbt.py
[2025-10-31T02:22:26.827+0000] {logging_mixin.py:188} INFO - [2025-10-31T02:22:26.826+0000] {dag.py:3036} INFO - Sync 1 DAGs
[2025-10-31T02:22:26.899+0000] {logging_mixin.py:188} INFO - [2025-10-31T02:22:26.898+0000] {dag.py:3823} INFO - Setting next_dagrun for scheduled_dbt_pg_daily to None, run_after=None
[2025-10-31T02:22:26.986+0000] {processor.py:183} INFO - Processing /opt/airflow/dags/pg_dbt.py took 0.515 seconds
[2025-10-31T02:23:35.814+0000] {processor.py:161} INFO - Started process (PID=524) to work on /opt/airflow/dags/pg_dbt.py
[2025-10-31T02:23:35.871+0000] {processor.py:830} INFO - Processing file /opt/airflow/dags/pg_dbt.py for tasks to queue
[2025-10-31T02:23:35.883+0000] {logging_mixin.py:188} INFO - [2025-10-31T02:23:35.882+0000] {dagbag.py:538} INFO - Filling up the DagBag from /opt/airflow/dags/pg_dbt.py
[2025-10-31T02:23:36.909+0000] {processor.py:840} INFO - DAG(s) 'scheduled_dbt_pg_daily' retrieved from /opt/airflow/dags/pg_dbt.py
[2025-10-31T02:23:37.134+0000] {logging_mixin.py:188} INFO - [2025-10-31T02:23:37.133+0000] {dag.py:3036} INFO - Sync 1 DAGs
[2025-10-31T02:23:37.724+0000] {logging_mixin.py:188} INFO - [2025-10-31T02:23:37.723+0000] {dag.py:3823} INFO - Setting next_dagrun for scheduled_dbt_pg_daily to None, run_after=None
[2025-10-31T02:23:38.425+0000] {processor.py:183} INFO - Processing /opt/airflow/dags/pg_dbt.py took 2.623 seconds
[2025-10-31T02:24:09.308+0000] {processor.py:161} INFO - Started process (PID=535) to work on /opt/airflow/dags/pg_dbt.py
[2025-10-31T02:24:09.310+0000] {processor.py:830} INFO - Processing file /opt/airflow/dags/pg_dbt.py for tasks to queue
[2025-10-31T02:24:09.314+0000] {logging_mixin.py:188} INFO - [2025-10-31T02:24:09.313+0000] {dagbag.py:538} INFO - Filling up the DagBag from /opt/airflow/dags/pg_dbt.py
[2025-10-31T02:24:09.413+0000] {processor.py:840} INFO - DAG(s) 'scheduled_dbt_pg_daily' retrieved from /opt/airflow/dags/pg_dbt.py
[2025-10-31T02:24:09.604+0000] {logging_mixin.py:188} INFO - [2025-10-31T02:24:09.603+0000] {dag.py:3036} INFO - Sync 1 DAGs
[2025-10-31T02:24:09.802+0000] {logging_mixin.py:188} INFO - [2025-10-31T02:24:09.797+0000] {dag.py:3823} INFO - Setting next_dagrun for scheduled_dbt_pg_daily to None, run_after=None
[2025-10-31T02:24:10.097+0000] {processor.py:183} INFO - Processing /opt/airflow/dags/pg_dbt.py took 0.800 seconds
[2025-10-31T02:24:47.734+0000] {processor.py:161} INFO - Started process (PID=546) to work on /opt/airflow/dags/pg_dbt.py
[2025-10-31T02:24:47.826+0000] {processor.py:830} INFO - Processing file /opt/airflow/dags/pg_dbt.py for tasks to queue
[2025-10-31T02:24:47.860+0000] {logging_mixin.py:188} INFO - [2025-10-31T02:24:47.853+0000] {dagbag.py:538} INFO - Filling up the DagBag from /opt/airflow/dags/pg_dbt.py
[2025-10-31T02:24:48.944+0000] {processor.py:840} INFO - DAG(s) 'scheduled_dbt_pg_daily' retrieved from /opt/airflow/dags/pg_dbt.py
[2025-10-31T02:24:50.433+0000] {logging_mixin.py:188} INFO - [2025-10-31T02:24:50.433+0000] {dag.py:3036} INFO - Sync 1 DAGs
[2025-10-31T02:24:50.528+0000] {logging_mixin.py:188} INFO - [2025-10-31T02:24:50.528+0000] {dag.py:3823} INFO - Setting next_dagrun for scheduled_dbt_pg_daily to None, run_after=None
[2025-10-31T02:24:50.751+0000] {processor.py:183} INFO - Processing /opt/airflow/dags/pg_dbt.py took 3.745 seconds
[2025-10-31T02:25:21.664+0000] {processor.py:161} INFO - Started process (PID=557) to work on /opt/airflow/dags/pg_dbt.py
[2025-10-31T02:25:21.669+0000] {processor.py:830} INFO - Processing file /opt/airflow/dags/pg_dbt.py for tasks to queue
[2025-10-31T02:25:21.676+0000] {logging_mixin.py:188} INFO - [2025-10-31T02:25:21.675+0000] {dagbag.py:538} INFO - Filling up the DagBag from /opt/airflow/dags/pg_dbt.py
[2025-10-31T02:25:21.806+0000] {processor.py:840} INFO - DAG(s) 'scheduled_dbt_pg_daily' retrieved from /opt/airflow/dags/pg_dbt.py
[2025-10-31T02:25:22.030+0000] {logging_mixin.py:188} INFO - [2025-10-31T02:25:22.024+0000] {dag.py:3036} INFO - Sync 1 DAGs
[2025-10-31T02:25:22.201+0000] {logging_mixin.py:188} INFO - [2025-10-31T02:25:22.201+0000] {dag.py:3823} INFO - Setting next_dagrun for scheduled_dbt_pg_daily to None, run_after=None
[2025-10-31T02:25:22.348+0000] {processor.py:183} INFO - Processing /opt/airflow/dags/pg_dbt.py took 0.691 seconds
[2025-10-31T02:25:52.805+0000] {processor.py:161} INFO - Started process (PID=569) to work on /opt/airflow/dags/pg_dbt.py
[2025-10-31T02:25:52.809+0000] {processor.py:830} INFO - Processing file /opt/airflow/dags/pg_dbt.py for tasks to queue
[2025-10-31T02:25:52.821+0000] {logging_mixin.py:188} INFO - [2025-10-31T02:25:52.820+0000] {dagbag.py:538} INFO - Filling up the DagBag from /opt/airflow/dags/pg_dbt.py
[2025-10-31T02:25:52.998+0000] {processor.py:840} INFO - DAG(s) 'scheduled_dbt_pg_daily' retrieved from /opt/airflow/dags/pg_dbt.py
[2025-10-31T02:25:53.438+0000] {logging_mixin.py:188} INFO - [2025-10-31T02:25:53.438+0000] {dag.py:3036} INFO - Sync 1 DAGs
[2025-10-31T02:25:53.558+0000] {logging_mixin.py:188} INFO - [2025-10-31T02:25:53.549+0000] {dag.py:3823} INFO - Setting next_dagrun for scheduled_dbt_pg_daily to None, run_after=None
[2025-10-31T02:25:53.897+0000] {processor.py:183} INFO - Processing /opt/airflow/dags/pg_dbt.py took 1.131 seconds
[2025-10-31T02:26:24.895+0000] {processor.py:161} INFO - Started process (PID=581) to work on /opt/airflow/dags/pg_dbt.py
[2025-10-31T02:26:24.899+0000] {processor.py:830} INFO - Processing file /opt/airflow/dags/pg_dbt.py for tasks to queue
[2025-10-31T02:26:24.904+0000] {logging_mixin.py:188} INFO - [2025-10-31T02:26:24.903+0000] {dagbag.py:538} INFO - Filling up the DagBag from /opt/airflow/dags/pg_dbt.py
[2025-10-31T02:26:24.976+0000] {processor.py:840} INFO - DAG(s) 'scheduled_dbt_pg_daily' retrieved from /opt/airflow/dags/pg_dbt.py
[2025-10-31T02:26:25.106+0000] {logging_mixin.py:188} INFO - [2025-10-31T02:26:25.106+0000] {dag.py:3036} INFO - Sync 1 DAGs
[2025-10-31T02:26:25.216+0000] {logging_mixin.py:188} INFO - [2025-10-31T02:26:25.216+0000] {dag.py:3823} INFO - Setting next_dagrun for scheduled_dbt_pg_daily to None, run_after=None
[2025-10-31T02:26:25.352+0000] {processor.py:183} INFO - Processing /opt/airflow/dags/pg_dbt.py took 0.466 seconds
[2025-10-31T02:26:56.038+0000] {processor.py:161} INFO - Started process (PID=593) to work on /opt/airflow/dags/pg_dbt.py
[2025-10-31T02:26:56.060+0000] {processor.py:830} INFO - Processing file /opt/airflow/dags/pg_dbt.py for tasks to queue
[2025-10-31T02:26:56.064+0000] {logging_mixin.py:188} INFO - [2025-10-31T02:26:56.063+0000] {dagbag.py:538} INFO - Filling up the DagBag from /opt/airflow/dags/pg_dbt.py
[2025-10-31T02:26:56.178+0000] {processor.py:840} INFO - DAG(s) 'scheduled_dbt_pg_daily' retrieved from /opt/airflow/dags/pg_dbt.py
[2025-10-31T02:26:56.258+0000] {logging_mixin.py:188} INFO - [2025-10-31T02:26:56.256+0000] {dag.py:3036} INFO - Sync 1 DAGs
[2025-10-31T02:26:56.329+0000] {logging_mixin.py:188} INFO - [2025-10-31T02:26:56.329+0000] {dag.py:3823} INFO - Setting next_dagrun for scheduled_dbt_pg_daily to None, run_after=None
[2025-10-31T02:26:56.468+0000] {processor.py:183} INFO - Processing /opt/airflow/dags/pg_dbt.py took 0.449 seconds
[2025-10-31T02:27:26.736+0000] {processor.py:161} INFO - Started process (PID=605) to work on /opt/airflow/dags/pg_dbt.py
[2025-10-31T02:27:26.739+0000] {processor.py:830} INFO - Processing file /opt/airflow/dags/pg_dbt.py for tasks to queue
[2025-10-31T02:27:26.742+0000] {logging_mixin.py:188} INFO - [2025-10-31T02:27:26.741+0000] {dagbag.py:538} INFO - Filling up the DagBag from /opt/airflow/dags/pg_dbt.py
[2025-10-31T02:27:26.835+0000] {processor.py:840} INFO - DAG(s) 'scheduled_dbt_pg_daily' retrieved from /opt/airflow/dags/pg_dbt.py
[2025-10-31T02:27:26.900+0000] {logging_mixin.py:188} INFO - [2025-10-31T02:27:26.899+0000] {dag.py:3036} INFO - Sync 1 DAGs
[2025-10-31T02:27:26.943+0000] {logging_mixin.py:188} INFO - [2025-10-31T02:27:26.943+0000] {dag.py:3823} INFO - Setting next_dagrun for scheduled_dbt_pg_daily to None, run_after=None
[2025-10-31T02:27:27.066+0000] {processor.py:183} INFO - Processing /opt/airflow/dags/pg_dbt.py took 0.339 seconds
[2025-10-31T02:27:57.491+0000] {processor.py:161} INFO - Started process (PID=617) to work on /opt/airflow/dags/pg_dbt.py
[2025-10-31T02:27:57.494+0000] {processor.py:830} INFO - Processing file /opt/airflow/dags/pg_dbt.py for tasks to queue
[2025-10-31T02:27:57.505+0000] {logging_mixin.py:188} INFO - [2025-10-31T02:27:57.504+0000] {dagbag.py:538} INFO - Filling up the DagBag from /opt/airflow/dags/pg_dbt.py
[2025-10-31T02:27:57.603+0000] {processor.py:840} INFO - DAG(s) 'scheduled_dbt_pg_daily' retrieved from /opt/airflow/dags/pg_dbt.py
[2025-10-31T02:27:57.793+0000] {logging_mixin.py:188} INFO - [2025-10-31T02:27:57.793+0000] {dag.py:3036} INFO - Sync 1 DAGs
[2025-10-31T02:27:57.945+0000] {logging_mixin.py:188} INFO - [2025-10-31T02:27:57.945+0000] {dag.py:3823} INFO - Setting next_dagrun for scheduled_dbt_pg_daily to None, run_after=None
[2025-10-31T02:27:58.200+0000] {processor.py:183} INFO - Processing /opt/airflow/dags/pg_dbt.py took 0.731 seconds
[2025-10-31T02:28:28.603+0000] {processor.py:161} INFO - Started process (PID=628) to work on /opt/airflow/dags/pg_dbt.py
[2025-10-31T02:28:28.635+0000] {processor.py:830} INFO - Processing file /opt/airflow/dags/pg_dbt.py for tasks to queue
[2025-10-31T02:28:28.639+0000] {logging_mixin.py:188} INFO - [2025-10-31T02:28:28.637+0000] {dagbag.py:538} INFO - Filling up the DagBag from /opt/airflow/dags/pg_dbt.py
[2025-10-31T02:28:28.782+0000] {processor.py:840} INFO - DAG(s) 'scheduled_dbt_pg_daily' retrieved from /opt/airflow/dags/pg_dbt.py
[2025-10-31T02:28:29.042+0000] {logging_mixin.py:188} INFO - [2025-10-31T02:28:29.042+0000] {dag.py:3036} INFO - Sync 1 DAGs
[2025-10-31T02:28:29.294+0000] {logging_mixin.py:188} INFO - [2025-10-31T02:28:29.285+0000] {dag.py:3823} INFO - Setting next_dagrun for scheduled_dbt_pg_daily to None, run_after=None
[2025-10-31T02:28:29.707+0000] {processor.py:183} INFO - Processing /opt/airflow/dags/pg_dbt.py took 1.127 seconds
[2025-10-31T02:29:00.761+0000] {processor.py:161} INFO - Started process (PID=640) to work on /opt/airflow/dags/pg_dbt.py
[2025-10-31T02:29:00.793+0000] {processor.py:830} INFO - Processing file /opt/airflow/dags/pg_dbt.py for tasks to queue
[2025-10-31T02:29:00.846+0000] {logging_mixin.py:188} INFO - [2025-10-31T02:29:00.845+0000] {dagbag.py:538} INFO - Filling up the DagBag from /opt/airflow/dags/pg_dbt.py
[2025-10-31T02:29:01.306+0000] {processor.py:840} INFO - DAG(s) 'scheduled_dbt_pg_daily' retrieved from /opt/airflow/dags/pg_dbt.py
[2025-10-31T02:29:01.534+0000] {logging_mixin.py:188} INFO - [2025-10-31T02:29:01.524+0000] {dag.py:3036} INFO - Sync 1 DAGs
[2025-10-31T02:29:01.694+0000] {logging_mixin.py:188} INFO - [2025-10-31T02:29:01.694+0000] {dag.py:3823} INFO - Setting next_dagrun for scheduled_dbt_pg_daily to None, run_after=None
[2025-10-31T02:29:02.328+0000] {processor.py:183} INFO - Processing /opt/airflow/dags/pg_dbt.py took 1.577 seconds
[2025-10-31T02:29:34.290+0000] {processor.py:161} INFO - Started process (PID=653) to work on /opt/airflow/dags/pg_dbt.py
[2025-10-31T02:29:34.307+0000] {processor.py:830} INFO - Processing file /opt/airflow/dags/pg_dbt.py for tasks to queue
[2025-10-31T02:29:34.313+0000] {logging_mixin.py:188} INFO - [2025-10-31T02:29:34.312+0000] {dagbag.py:538} INFO - Filling up the DagBag from /opt/airflow/dags/pg_dbt.py
[2025-10-31T02:29:34.728+0000] {processor.py:840} INFO - DAG(s) 'scheduled_dbt_pg_daily' retrieved from /opt/airflow/dags/pg_dbt.py
[2025-10-31T02:29:35.138+0000] {logging_mixin.py:188} INFO - [2025-10-31T02:29:35.138+0000] {dag.py:3036} INFO - Sync 1 DAGs
[2025-10-31T02:29:35.363+0000] {logging_mixin.py:188} INFO - [2025-10-31T02:29:35.362+0000] {dag.py:3823} INFO - Setting next_dagrun for scheduled_dbt_pg_daily to None, run_after=None
[2025-10-31T02:29:35.668+0000] {processor.py:183} INFO - Processing /opt/airflow/dags/pg_dbt.py took 1.392 seconds
[2025-10-31T02:30:05.995+0000] {processor.py:161} INFO - Started process (PID=664) to work on /opt/airflow/dags/pg_dbt.py
[2025-10-31T02:30:05.998+0000] {processor.py:830} INFO - Processing file /opt/airflow/dags/pg_dbt.py for tasks to queue
[2025-10-31T02:30:06.147+0000] {logging_mixin.py:188} INFO - [2025-10-31T02:30:06.129+0000] {dagbag.py:538} INFO - Filling up the DagBag from /opt/airflow/dags/pg_dbt.py
[2025-10-31T02:30:06.598+0000] {processor.py:840} INFO - DAG(s) 'scheduled_dbt_pg_daily' retrieved from /opt/airflow/dags/pg_dbt.py
[2025-10-31T02:30:06.800+0000] {logging_mixin.py:188} INFO - [2025-10-31T02:30:06.800+0000] {dag.py:3036} INFO - Sync 1 DAGs
[2025-10-31T02:30:06.925+0000] {logging_mixin.py:188} INFO - [2025-10-31T02:30:06.922+0000] {dag.py:3823} INFO - Setting next_dagrun for scheduled_dbt_pg_daily to None, run_after=None
[2025-10-31T02:30:08.416+0000] {processor.py:183} INFO - Processing /opt/airflow/dags/pg_dbt.py took 2.429 seconds
[2025-10-31T02:30:39.122+0000] {processor.py:161} INFO - Started process (PID=676) to work on /opt/airflow/dags/pg_dbt.py
[2025-10-31T02:30:39.128+0000] {processor.py:830} INFO - Processing file /opt/airflow/dags/pg_dbt.py for tasks to queue
[2025-10-31T02:30:39.133+0000] {logging_mixin.py:188} INFO - [2025-10-31T02:30:39.132+0000] {dagbag.py:538} INFO - Filling up the DagBag from /opt/airflow/dags/pg_dbt.py
[2025-10-31T02:30:39.419+0000] {processor.py:840} INFO - DAG(s) 'scheduled_dbt_pg_daily' retrieved from /opt/airflow/dags/pg_dbt.py
[2025-10-31T02:30:39.698+0000] {logging_mixin.py:188} INFO - [2025-10-31T02:30:39.698+0000] {dag.py:3036} INFO - Sync 1 DAGs
[2025-10-31T02:30:39.813+0000] {logging_mixin.py:188} INFO - [2025-10-31T02:30:39.812+0000] {dag.py:3823} INFO - Setting next_dagrun for scheduled_dbt_pg_daily to None, run_after=None
[2025-10-31T02:30:40.272+0000] {processor.py:183} INFO - Processing /opt/airflow/dags/pg_dbt.py took 1.162 seconds
[2025-10-31T02:31:24.050+0000] {processor.py:161} INFO - Started process (PID=689) to work on /opt/airflow/dags/pg_dbt.py
[2025-10-31T02:31:24.405+0000] {processor.py:830} INFO - Processing file /opt/airflow/dags/pg_dbt.py for tasks to queue
[2025-10-31T02:31:24.593+0000] {logging_mixin.py:188} INFO - [2025-10-31T02:31:24.493+0000] {dagbag.py:538} INFO - Filling up the DagBag from /opt/airflow/dags/pg_dbt.py
[2025-10-31T02:31:29.087+0000] {processor.py:840} INFO - DAG(s) 'scheduled_dbt_pg_daily' retrieved from /opt/airflow/dags/pg_dbt.py
[2025-10-31T02:31:31.259+0000] {logging_mixin.py:188} INFO - [2025-10-31T02:31:31.255+0000] {dag.py:3036} INFO - Sync 1 DAGs
[2025-10-31T02:31:31.558+0000] {logging_mixin.py:188} INFO - [2025-10-31T02:31:31.558+0000] {dag.py:3823} INFO - Setting next_dagrun for scheduled_dbt_pg_daily to None, run_after=None
[2025-10-31T02:31:34.733+0000] {processor.py:183} INFO - Processing /opt/airflow/dags/pg_dbt.py took 9.350 seconds
[2025-10-31T02:32:05.535+0000] {processor.py:161} INFO - Started process (PID=699) to work on /opt/airflow/dags/pg_dbt.py
[2025-10-31T02:32:05.639+0000] {processor.py:830} INFO - Processing file /opt/airflow/dags/pg_dbt.py for tasks to queue
[2025-10-31T02:32:05.644+0000] {logging_mixin.py:188} INFO - [2025-10-31T02:32:05.643+0000] {dagbag.py:538} INFO - Filling up the DagBag from /opt/airflow/dags/pg_dbt.py
[2025-10-31T02:32:05.818+0000] {processor.py:840} INFO - DAG(s) 'scheduled_dbt_pg_daily' retrieved from /opt/airflow/dags/pg_dbt.py
[2025-10-31T02:32:05.942+0000] {logging_mixin.py:188} INFO - [2025-10-31T02:32:05.941+0000] {dag.py:3036} INFO - Sync 1 DAGs
[2025-10-31T02:32:06.046+0000] {logging_mixin.py:188} INFO - [2025-10-31T02:32:06.045+0000] {dag.py:3823} INFO - Setting next_dagrun for scheduled_dbt_pg_daily to None, run_after=None
[2025-10-31T02:32:06.193+0000] {processor.py:183} INFO - Processing /opt/airflow/dags/pg_dbt.py took 0.677 seconds
[2025-10-31T02:32:37.253+0000] {processor.py:161} INFO - Started process (PID=712) to work on /opt/airflow/dags/pg_dbt.py
[2025-10-31T02:32:37.269+0000] {processor.py:830} INFO - Processing file /opt/airflow/dags/pg_dbt.py for tasks to queue
[2025-10-31T02:32:37.272+0000] {logging_mixin.py:188} INFO - [2025-10-31T02:32:37.271+0000] {dagbag.py:538} INFO - Filling up the DagBag from /opt/airflow/dags/pg_dbt.py
[2025-10-31T02:32:37.326+0000] {processor.py:840} INFO - DAG(s) 'scheduled_dbt_pg_daily' retrieved from /opt/airflow/dags/pg_dbt.py
[2025-10-31T02:32:37.410+0000] {logging_mixin.py:188} INFO - [2025-10-31T02:32:37.409+0000] {dag.py:3036} INFO - Sync 1 DAGs
[2025-10-31T02:32:37.464+0000] {logging_mixin.py:188} INFO - [2025-10-31T02:32:37.463+0000] {dag.py:3823} INFO - Setting next_dagrun for scheduled_dbt_pg_daily to None, run_after=None
[2025-10-31T02:32:37.594+0000] {processor.py:183} INFO - Processing /opt/airflow/dags/pg_dbt.py took 0.360 seconds
[2025-10-31T02:33:08.375+0000] {processor.py:161} INFO - Started process (PID=724) to work on /opt/airflow/dags/pg_dbt.py
[2025-10-31T02:33:08.382+0000] {processor.py:830} INFO - Processing file /opt/airflow/dags/pg_dbt.py for tasks to queue
[2025-10-31T02:33:08.386+0000] {logging_mixin.py:188} INFO - [2025-10-31T02:33:08.385+0000] {dagbag.py:538} INFO - Filling up the DagBag from /opt/airflow/dags/pg_dbt.py
[2025-10-31T02:33:08.519+0000] {processor.py:840} INFO - DAG(s) 'scheduled_dbt_pg_daily' retrieved from /opt/airflow/dags/pg_dbt.py
[2025-10-31T02:33:08.653+0000] {logging_mixin.py:188} INFO - [2025-10-31T02:33:08.653+0000] {dag.py:3036} INFO - Sync 1 DAGs
[2025-10-31T02:33:08.734+0000] {logging_mixin.py:188} INFO - [2025-10-31T02:33:08.734+0000] {dag.py:3823} INFO - Setting next_dagrun for scheduled_dbt_pg_daily to None, run_after=None
[2025-10-31T02:33:08.945+0000] {processor.py:183} INFO - Processing /opt/airflow/dags/pg_dbt.py took 0.582 seconds
[2025-10-31T02:33:41.277+0000] {processor.py:161} INFO - Started process (PID=736) to work on /opt/airflow/dags/pg_dbt.py
[2025-10-31T02:33:41.339+0000] {processor.py:830} INFO - Processing file /opt/airflow/dags/pg_dbt.py for tasks to queue
[2025-10-31T02:33:41.400+0000] {logging_mixin.py:188} INFO - [2025-10-31T02:33:41.391+0000] {dagbag.py:538} INFO - Filling up the DagBag from /opt/airflow/dags/pg_dbt.py
[2025-10-31T02:33:42.221+0000] {processor.py:840} INFO - DAG(s) 'scheduled_dbt_pg_daily' retrieved from /opt/airflow/dags/pg_dbt.py
[2025-10-31T02:33:42.403+0000] {logging_mixin.py:188} INFO - [2025-10-31T02:33:42.400+0000] {dag.py:3036} INFO - Sync 1 DAGs
[2025-10-31T02:33:42.600+0000] {logging_mixin.py:188} INFO - [2025-10-31T02:33:42.590+0000] {dag.py:3823} INFO - Setting next_dagrun for scheduled_dbt_pg_daily to None, run_after=None
[2025-10-31T02:33:42.929+0000] {processor.py:183} INFO - Processing /opt/airflow/dags/pg_dbt.py took 1.668 seconds
[2025-10-31T02:34:13.497+0000] {processor.py:161} INFO - Started process (PID=748) to work on /opt/airflow/dags/pg_dbt.py
[2025-10-31T02:34:13.500+0000] {processor.py:830} INFO - Processing file /opt/airflow/dags/pg_dbt.py for tasks to queue
[2025-10-31T02:34:13.504+0000] {logging_mixin.py:188} INFO - [2025-10-31T02:34:13.503+0000] {dagbag.py:538} INFO - Filling up the DagBag from /opt/airflow/dags/pg_dbt.py
[2025-10-31T02:34:13.604+0000] {processor.py:840} INFO - DAG(s) 'scheduled_dbt_pg_daily' retrieved from /opt/airflow/dags/pg_dbt.py
[2025-10-31T02:34:13.709+0000] {logging_mixin.py:188} INFO - [2025-10-31T02:34:13.708+0000] {dag.py:3036} INFO - Sync 1 DAGs
[2025-10-31T02:34:13.837+0000] {logging_mixin.py:188} INFO - [2025-10-31T02:34:13.836+0000] {dag.py:3823} INFO - Setting next_dagrun for scheduled_dbt_pg_daily to None, run_after=None
[2025-10-31T02:34:14.086+0000] {processor.py:183} INFO - Processing /opt/airflow/dags/pg_dbt.py took 0.600 seconds
[2025-10-31T02:34:44.237+0000] {processor.py:161} INFO - Started process (PID=760) to work on /opt/airflow/dags/pg_dbt.py
[2025-10-31T02:34:44.242+0000] {processor.py:830} INFO - Processing file /opt/airflow/dags/pg_dbt.py for tasks to queue
[2025-10-31T02:34:44.246+0000] {logging_mixin.py:188} INFO - [2025-10-31T02:34:44.246+0000] {dagbag.py:538} INFO - Filling up the DagBag from /opt/airflow/dags/pg_dbt.py
[2025-10-31T02:34:44.308+0000] {processor.py:840} INFO - DAG(s) 'scheduled_dbt_pg_daily' retrieved from /opt/airflow/dags/pg_dbt.py
[2025-10-31T02:34:44.387+0000] {logging_mixin.py:188} INFO - [2025-10-31T02:34:44.386+0000] {dag.py:3036} INFO - Sync 1 DAGs
[2025-10-31T02:34:44.793+0000] {logging_mixin.py:188} INFO - [2025-10-31T02:34:44.792+0000] {dag.py:3823} INFO - Setting next_dagrun for scheduled_dbt_pg_daily to None, run_after=None
[2025-10-31T02:34:44.955+0000] {processor.py:183} INFO - Processing /opt/airflow/dags/pg_dbt.py took 0.729 seconds
[2025-10-31T02:35:15.168+0000] {processor.py:161} INFO - Started process (PID=772) to work on /opt/airflow/dags/pg_dbt.py
[2025-10-31T02:35:15.170+0000] {processor.py:830} INFO - Processing file /opt/airflow/dags/pg_dbt.py for tasks to queue
[2025-10-31T02:35:15.172+0000] {logging_mixin.py:188} INFO - [2025-10-31T02:35:15.171+0000] {dagbag.py:538} INFO - Filling up the DagBag from /opt/airflow/dags/pg_dbt.py
[2025-10-31T02:35:15.200+0000] {processor.py:840} INFO - DAG(s) 'scheduled_dbt_pg_daily' retrieved from /opt/airflow/dags/pg_dbt.py
[2025-10-31T02:35:16.030+0000] {logging_mixin.py:188} INFO - [2025-10-31T02:35:16.030+0000] {dag.py:3036} INFO - Sync 1 DAGs
[2025-10-31T02:35:16.077+0000] {logging_mixin.py:188} INFO - [2025-10-31T02:35:16.076+0000] {dag.py:3823} INFO - Setting next_dagrun for scheduled_dbt_pg_daily to None, run_after=None
[2025-10-31T02:35:16.157+0000] {processor.py:183} INFO - Processing /opt/airflow/dags/pg_dbt.py took 0.995 seconds
[2025-10-31T02:35:46.541+0000] {processor.py:161} INFO - Started process (PID=784) to work on /opt/airflow/dags/pg_dbt.py
[2025-10-31T02:35:46.553+0000] {processor.py:830} INFO - Processing file /opt/airflow/dags/pg_dbt.py for tasks to queue
[2025-10-31T02:35:46.606+0000] {logging_mixin.py:188} INFO - [2025-10-31T02:35:46.605+0000] {dagbag.py:538} INFO - Filling up the DagBag from /opt/airflow/dags/pg_dbt.py
[2025-10-31T02:35:46.695+0000] {processor.py:840} INFO - DAG(s) 'scheduled_dbt_pg_daily' retrieved from /opt/airflow/dags/pg_dbt.py
[2025-10-31T02:35:46.779+0000] {logging_mixin.py:188} INFO - [2025-10-31T02:35:46.778+0000] {dag.py:3036} INFO - Sync 1 DAGs
[2025-10-31T02:35:46.851+0000] {logging_mixin.py:188} INFO - [2025-10-31T02:35:46.851+0000] {dag.py:3823} INFO - Setting next_dagrun for scheduled_dbt_pg_daily to None, run_after=None
[2025-10-31T02:35:46.929+0000] {processor.py:183} INFO - Processing /opt/airflow/dags/pg_dbt.py took 0.406 seconds
[2025-10-31T02:36:17.164+0000] {processor.py:161} INFO - Started process (PID=796) to work on /opt/airflow/dags/pg_dbt.py
[2025-10-31T02:36:17.174+0000] {processor.py:830} INFO - Processing file /opt/airflow/dags/pg_dbt.py for tasks to queue
[2025-10-31T02:36:17.180+0000] {logging_mixin.py:188} INFO - [2025-10-31T02:36:17.180+0000] {dagbag.py:538} INFO - Filling up the DagBag from /opt/airflow/dags/pg_dbt.py
[2025-10-31T02:36:17.235+0000] {processor.py:840} INFO - DAG(s) 'scheduled_dbt_pg_daily' retrieved from /opt/airflow/dags/pg_dbt.py
[2025-10-31T02:36:17.340+0000] {logging_mixin.py:188} INFO - [2025-10-31T02:36:17.339+0000] {dag.py:3036} INFO - Sync 1 DAGs
[2025-10-31T02:36:17.400+0000] {logging_mixin.py:188} INFO - [2025-10-31T02:36:17.399+0000] {dag.py:3823} INFO - Setting next_dagrun for scheduled_dbt_pg_daily to None, run_after=None
[2025-10-31T02:36:17.603+0000] {processor.py:183} INFO - Processing /opt/airflow/dags/pg_dbt.py took 0.454 seconds
[2025-10-31T02:36:48.872+0000] {processor.py:161} INFO - Started process (PID=807) to work on /opt/airflow/dags/pg_dbt.py
[2025-10-31T02:36:48.874+0000] {processor.py:830} INFO - Processing file /opt/airflow/dags/pg_dbt.py for tasks to queue
[2025-10-31T02:36:48.875+0000] {logging_mixin.py:188} INFO - [2025-10-31T02:36:48.875+0000] {dagbag.py:538} INFO - Filling up the DagBag from /opt/airflow/dags/pg_dbt.py
[2025-10-31T02:36:48.910+0000] {processor.py:840} INFO - DAG(s) 'scheduled_dbt_pg_daily' retrieved from /opt/airflow/dags/pg_dbt.py
[2025-10-31T02:36:48.956+0000] {logging_mixin.py:188} INFO - [2025-10-31T02:36:48.956+0000] {dag.py:3036} INFO - Sync 1 DAGs
[2025-10-31T02:36:48.992+0000] {logging_mixin.py:188} INFO - [2025-10-31T02:36:48.992+0000] {dag.py:3823} INFO - Setting next_dagrun for scheduled_dbt_pg_daily to None, run_after=None
[2025-10-31T02:36:49.117+0000] {processor.py:183} INFO - Processing /opt/airflow/dags/pg_dbt.py took 0.252 seconds
[2025-10-31T02:37:20.344+0000] {processor.py:161} INFO - Started process (PID=819) to work on /opt/airflow/dags/pg_dbt.py
[2025-10-31T02:37:20.347+0000] {processor.py:830} INFO - Processing file /opt/airflow/dags/pg_dbt.py for tasks to queue
[2025-10-31T02:37:20.351+0000] {logging_mixin.py:188} INFO - [2025-10-31T02:37:20.351+0000] {dagbag.py:538} INFO - Filling up the DagBag from /opt/airflow/dags/pg_dbt.py
[2025-10-31T02:37:20.455+0000] {processor.py:840} INFO - DAG(s) 'scheduled_dbt_pg_daily' retrieved from /opt/airflow/dags/pg_dbt.py
[2025-10-31T02:37:20.534+0000] {logging_mixin.py:188} INFO - [2025-10-31T02:37:20.533+0000] {dag.py:3036} INFO - Sync 1 DAGs
[2025-10-31T02:37:20.586+0000] {logging_mixin.py:188} INFO - [2025-10-31T02:37:20.586+0000] {dag.py:3823} INFO - Setting next_dagrun for scheduled_dbt_pg_daily to None, run_after=None
[2025-10-31T02:37:20.886+0000] {processor.py:183} INFO - Processing /opt/airflow/dags/pg_dbt.py took 0.560 seconds
[2025-10-31T02:37:52.639+0000] {processor.py:161} INFO - Started process (PID=831) to work on /opt/airflow/dags/pg_dbt.py
[2025-10-31T02:37:52.659+0000] {processor.py:830} INFO - Processing file /opt/airflow/dags/pg_dbt.py for tasks to queue
[2025-10-31T02:37:52.667+0000] {logging_mixin.py:188} INFO - [2025-10-31T02:37:52.662+0000] {dagbag.py:538} INFO - Filling up the DagBag from /opt/airflow/dags/pg_dbt.py
[2025-10-31T02:37:52.705+0000] {processor.py:840} INFO - DAG(s) 'scheduled_dbt_pg_daily' retrieved from /opt/airflow/dags/pg_dbt.py
[2025-10-31T02:37:53.042+0000] {logging_mixin.py:188} INFO - [2025-10-31T02:37:53.042+0000] {dag.py:3036} INFO - Sync 1 DAGs
[2025-10-31T02:37:53.150+0000] {logging_mixin.py:188} INFO - [2025-10-31T02:37:53.150+0000] {dag.py:3823} INFO - Setting next_dagrun for scheduled_dbt_pg_daily to None, run_after=None
[2025-10-31T02:37:53.305+0000] {processor.py:183} INFO - Processing /opt/airflow/dags/pg_dbt.py took 0.680 seconds
[2025-10-31T02:38:23.492+0000] {processor.py:161} INFO - Started process (PID=843) to work on /opt/airflow/dags/pg_dbt.py
[2025-10-31T02:38:23.494+0000] {processor.py:830} INFO - Processing file /opt/airflow/dags/pg_dbt.py for tasks to queue
[2025-10-31T02:38:23.496+0000] {logging_mixin.py:188} INFO - [2025-10-31T02:38:23.495+0000] {dagbag.py:538} INFO - Filling up the DagBag from /opt/airflow/dags/pg_dbt.py
[2025-10-31T02:38:23.532+0000] {processor.py:840} INFO - DAG(s) 'scheduled_dbt_pg_daily' retrieved from /opt/airflow/dags/pg_dbt.py
[2025-10-31T02:38:23.579+0000] {logging_mixin.py:188} INFO - [2025-10-31T02:38:23.579+0000] {dag.py:3036} INFO - Sync 1 DAGs
[2025-10-31T02:38:23.613+0000] {logging_mixin.py:188} INFO - [2025-10-31T02:38:23.613+0000] {dag.py:3823} INFO - Setting next_dagrun for scheduled_dbt_pg_daily to None, run_after=None
[2025-10-31T02:38:24.217+0000] {processor.py:183} INFO - Processing /opt/airflow/dags/pg_dbt.py took 0.733 seconds
