[2025-10-22T13:34:33.110+0000] {processor.py:161} INFO - Started process (PID=47) to work on /opt/airflow/dags/my_dag.py
[2025-10-22T13:34:33.112+0000] {processor.py:830} INFO - Processing file /opt/airflow/dags/my_dag.py for tasks to queue
[2025-10-22T13:34:33.116+0000] {logging_mixin.py:188} INFO - [2025-10-22T13:34:33.116+0000] {dagbag.py:538} INFO - Filling up the DagBag from /opt/airflow/dags/my_dag.py
[2025-10-22T13:34:40.058+0000] {processor.py:840} INFO - DAG(s) 'my_dag' retrieved from /opt/airflow/dags/my_dag.py
[2025-10-22T13:34:40.596+0000] {logging_mixin.py:188} INFO - [2025-10-22T13:34:40.595+0000] {dag.py:3036} INFO - Sync 1 DAGs
[2025-10-22T13:34:40.629+0000] {logging_mixin.py:188} INFO - [2025-10-22T13:34:40.628+0000] {dag.py:3823} INFO - Setting next_dagrun for my_dag to None, run_after=None
[2025-10-22T13:34:40.733+0000] {processor.py:183} INFO - Processing /opt/airflow/dags/my_dag.py took 7.646 seconds
[2025-10-22T13:35:11.825+0000] {processor.py:161} INFO - Started process (PID=59) to work on /opt/airflow/dags/my_dag.py
[2025-10-22T13:35:11.873+0000] {processor.py:830} INFO - Processing file /opt/airflow/dags/my_dag.py for tasks to queue
[2025-10-22T13:35:11.905+0000] {logging_mixin.py:188} INFO - [2025-10-22T13:35:11.904+0000] {dagbag.py:538} INFO - Filling up the DagBag from /opt/airflow/dags/my_dag.py
[2025-10-22T13:35:30.258+0000] {processor.py:840} INFO - DAG(s) 'my_dag' retrieved from /opt/airflow/dags/my_dag.py
[2025-10-22T13:35:31.146+0000] {logging_mixin.py:188} INFO - [2025-10-22T13:35:31.143+0000] {dag.py:3036} INFO - Sync 1 DAGs
[2025-10-22T13:35:31.639+0000] {logging_mixin.py:188} INFO - [2025-10-22T13:35:31.638+0000] {dag.py:3823} INFO - Setting next_dagrun for my_dag to None, run_after=None
[2025-10-22T13:35:32.242+0000] {processor.py:183} INFO - Processing /opt/airflow/dags/my_dag.py took 20.546 seconds
[2025-10-22T13:36:04.628+0000] {processor.py:161} INFO - Started process (PID=68) to work on /opt/airflow/dags/my_dag.py
[2025-10-22T13:36:04.778+0000] {processor.py:830} INFO - Processing file /opt/airflow/dags/my_dag.py for tasks to queue
[2025-10-22T13:36:04.970+0000] {logging_mixin.py:188} INFO - [2025-10-22T13:36:04.969+0000] {dagbag.py:538} INFO - Filling up the DagBag from /opt/airflow/dags/my_dag.py
[2025-10-22T13:36:19.393+0000] {processor.py:840} INFO - DAG(s) 'my_dag' retrieved from /opt/airflow/dags/my_dag.py
[2025-10-22T13:36:22.253+0000] {logging_mixin.py:188} INFO - [2025-10-22T13:36:22.241+0000] {dag.py:3036} INFO - Sync 1 DAGs
[2025-10-22T13:36:23.346+0000] {logging_mixin.py:188} INFO - [2025-10-22T13:36:23.345+0000] {dag.py:3823} INFO - Setting next_dagrun for my_dag to None, run_after=None
[2025-10-22T13:36:23.987+0000] {processor.py:183} INFO - Processing /opt/airflow/dags/my_dag.py took 17.958 seconds
[2025-10-22T13:36:54.994+0000] {processor.py:161} INFO - Started process (PID=83) to work on /opt/airflow/dags/my_dag.py
[2025-10-22T13:36:55.059+0000] {processor.py:830} INFO - Processing file /opt/airflow/dags/my_dag.py for tasks to queue
[2025-10-22T13:36:55.235+0000] {logging_mixin.py:188} INFO - [2025-10-22T13:36:55.201+0000] {dagbag.py:538} INFO - Filling up the DagBag from /opt/airflow/dags/my_dag.py
[2025-10-22T13:37:04.477+0000] {processor.py:840} INFO - DAG(s) 'my_dag' retrieved from /opt/airflow/dags/my_dag.py
[2025-10-22T13:37:04.618+0000] {logging_mixin.py:188} INFO - [2025-10-22T13:37:04.617+0000] {dag.py:3036} INFO - Sync 1 DAGs
[2025-10-22T13:37:04.768+0000] {logging_mixin.py:188} INFO - [2025-10-22T13:37:04.767+0000] {dag.py:3823} INFO - Setting next_dagrun for my_dag to None, run_after=None
[2025-10-22T13:37:04.880+0000] {processor.py:183} INFO - Processing /opt/airflow/dags/my_dag.py took 9.948 seconds
[2025-10-22T13:37:35.519+0000] {processor.py:161} INFO - Started process (PID=95) to work on /opt/airflow/dags/my_dag.py
[2025-10-22T13:37:35.522+0000] {processor.py:830} INFO - Processing file /opt/airflow/dags/my_dag.py for tasks to queue
[2025-10-22T13:37:35.528+0000] {logging_mixin.py:188} INFO - [2025-10-22T13:37:35.527+0000] {dagbag.py:538} INFO - Filling up the DagBag from /opt/airflow/dags/my_dag.py
[2025-10-22T13:37:36.604+0000] {processor.py:840} INFO - DAG(s) 'my_dag' retrieved from /opt/airflow/dags/my_dag.py
[2025-10-22T13:37:36.634+0000] {logging_mixin.py:188} INFO - [2025-10-22T13:37:36.633+0000] {dag.py:3036} INFO - Sync 1 DAGs
[2025-10-22T13:37:36.647+0000] {logging_mixin.py:188} INFO - [2025-10-22T13:37:36.647+0000] {dag.py:3823} INFO - Setting next_dagrun for my_dag to None, run_after=None
[2025-10-22T13:37:36.740+0000] {processor.py:183} INFO - Processing /opt/airflow/dags/my_dag.py took 1.234 seconds
[2025-10-22T13:38:07.224+0000] {processor.py:161} INFO - Started process (PID=105) to work on /opt/airflow/dags/my_dag.py
[2025-10-22T13:38:07.235+0000] {processor.py:830} INFO - Processing file /opt/airflow/dags/my_dag.py for tasks to queue
[2025-10-22T13:38:07.248+0000] {logging_mixin.py:188} INFO - [2025-10-22T13:38:07.247+0000] {dagbag.py:538} INFO - Filling up the DagBag from /opt/airflow/dags/my_dag.py
[2025-10-22T13:38:09.344+0000] {processor.py:840} INFO - DAG(s) 'my_dag' retrieved from /opt/airflow/dags/my_dag.py
[2025-10-22T13:38:09.383+0000] {logging_mixin.py:188} INFO - [2025-10-22T13:38:09.382+0000] {dag.py:3036} INFO - Sync 1 DAGs
[2025-10-22T13:38:09.405+0000] {logging_mixin.py:188} INFO - [2025-10-22T13:38:09.405+0000] {dag.py:3823} INFO - Setting next_dagrun for my_dag to None, run_after=None
[2025-10-22T13:38:09.542+0000] {processor.py:183} INFO - Processing /opt/airflow/dags/my_dag.py took 2.325 seconds
[2025-10-22T13:38:39.774+0000] {processor.py:161} INFO - Started process (PID=115) to work on /opt/airflow/dags/my_dag.py
[2025-10-22T13:38:39.776+0000] {processor.py:830} INFO - Processing file /opt/airflow/dags/my_dag.py for tasks to queue
[2025-10-22T13:38:39.779+0000] {logging_mixin.py:188} INFO - [2025-10-22T13:38:39.779+0000] {dagbag.py:538} INFO - Filling up the DagBag from /opt/airflow/dags/my_dag.py
[2025-10-22T13:38:40.906+0000] {processor.py:840} INFO - DAG(s) 'my_dag' retrieved from /opt/airflow/dags/my_dag.py
[2025-10-22T13:38:41.007+0000] {logging_mixin.py:188} INFO - [2025-10-22T13:38:41.005+0000] {dag.py:3036} INFO - Sync 1 DAGs
[2025-10-22T13:38:41.026+0000] {logging_mixin.py:188} INFO - [2025-10-22T13:38:41.026+0000] {dag.py:3823} INFO - Setting next_dagrun for my_dag to None, run_after=None
[2025-10-22T13:38:41.082+0000] {processor.py:183} INFO - Processing /opt/airflow/dags/my_dag.py took 1.313 seconds
[2025-10-22T13:39:11.836+0000] {processor.py:161} INFO - Started process (PID=125) to work on /opt/airflow/dags/my_dag.py
[2025-10-22T13:39:11.838+0000] {processor.py:830} INFO - Processing file /opt/airflow/dags/my_dag.py for tasks to queue
[2025-10-22T13:39:11.841+0000] {logging_mixin.py:188} INFO - [2025-10-22T13:39:11.841+0000] {dagbag.py:538} INFO - Filling up the DagBag from /opt/airflow/dags/my_dag.py
[2025-10-22T13:39:13.953+0000] {processor.py:840} INFO - DAG(s) 'my_dag' retrieved from /opt/airflow/dags/my_dag.py
[2025-10-22T13:39:14.084+0000] {logging_mixin.py:188} INFO - [2025-10-22T13:39:14.083+0000] {dag.py:3036} INFO - Sync 1 DAGs
[2025-10-22T13:39:14.108+0000] {logging_mixin.py:188} INFO - [2025-10-22T13:39:14.107+0000] {dag.py:3823} INFO - Setting next_dagrun for my_dag to None, run_after=None
[2025-10-22T13:39:14.198+0000] {processor.py:183} INFO - Processing /opt/airflow/dags/my_dag.py took 2.368 seconds
[2025-10-22T13:39:44.577+0000] {processor.py:161} INFO - Started process (PID=135) to work on /opt/airflow/dags/my_dag.py
[2025-10-22T13:39:44.585+0000] {processor.py:830} INFO - Processing file /opt/airflow/dags/my_dag.py for tasks to queue
[2025-10-22T13:39:44.591+0000] {logging_mixin.py:188} INFO - [2025-10-22T13:39:44.590+0000] {dagbag.py:538} INFO - Filling up the DagBag from /opt/airflow/dags/my_dag.py
[2025-10-22T13:39:45.630+0000] {processor.py:840} INFO - DAG(s) 'my_dag' retrieved from /opt/airflow/dags/my_dag.py
[2025-10-22T13:39:45.704+0000] {logging_mixin.py:188} INFO - [2025-10-22T13:39:45.700+0000] {dag.py:3036} INFO - Sync 1 DAGs
[2025-10-22T13:39:45.733+0000] {logging_mixin.py:188} INFO - [2025-10-22T13:39:45.733+0000] {dag.py:3823} INFO - Setting next_dagrun for my_dag to None, run_after=None
[2025-10-22T13:39:45.778+0000] {processor.py:183} INFO - Processing /opt/airflow/dags/my_dag.py took 1.212 seconds
[2025-10-22T13:40:15.891+0000] {processor.py:161} INFO - Started process (PID=145) to work on /opt/airflow/dags/my_dag.py
[2025-10-22T13:40:15.892+0000] {processor.py:830} INFO - Processing file /opt/airflow/dags/my_dag.py for tasks to queue
[2025-10-22T13:40:15.896+0000] {logging_mixin.py:188} INFO - [2025-10-22T13:40:15.895+0000] {dagbag.py:538} INFO - Filling up the DagBag from /opt/airflow/dags/my_dag.py
[2025-10-22T13:40:18.816+0000] {processor.py:840} INFO - DAG(s) 'my_dag' retrieved from /opt/airflow/dags/my_dag.py
[2025-10-22T13:40:18.993+0000] {logging_mixin.py:188} INFO - [2025-10-22T13:40:18.992+0000] {dag.py:3036} INFO - Sync 1 DAGs
[2025-10-22T13:40:19.143+0000] {logging_mixin.py:188} INFO - [2025-10-22T13:40:19.136+0000] {dag.py:3823} INFO - Setting next_dagrun for my_dag to None, run_after=None
[2025-10-22T13:40:19.371+0000] {processor.py:183} INFO - Processing /opt/airflow/dags/my_dag.py took 3.485 seconds
[2025-10-22T13:40:49.825+0000] {processor.py:161} INFO - Started process (PID=155) to work on /opt/airflow/dags/my_dag.py
[2025-10-22T13:40:49.828+0000] {processor.py:830} INFO - Processing file /opt/airflow/dags/my_dag.py for tasks to queue
[2025-10-22T13:40:49.834+0000] {logging_mixin.py:188} INFO - [2025-10-22T13:40:49.833+0000] {dagbag.py:538} INFO - Filling up the DagBag from /opt/airflow/dags/my_dag.py
[2025-10-22T13:40:51.461+0000] {processor.py:840} INFO - DAG(s) 'my_dag' retrieved from /opt/airflow/dags/my_dag.py
[2025-10-22T13:40:51.539+0000] {logging_mixin.py:188} INFO - [2025-10-22T13:40:51.538+0000] {dag.py:3036} INFO - Sync 1 DAGs
[2025-10-22T13:40:51.558+0000] {logging_mixin.py:188} INFO - [2025-10-22T13:40:51.558+0000] {dag.py:3823} INFO - Setting next_dagrun for my_dag to None, run_after=None
[2025-10-22T13:40:51.626+0000] {processor.py:183} INFO - Processing /opt/airflow/dags/my_dag.py took 1.812 seconds
[2025-10-22T13:41:22.225+0000] {processor.py:161} INFO - Started process (PID=166) to work on /opt/airflow/dags/my_dag.py
[2025-10-22T13:41:22.226+0000] {processor.py:830} INFO - Processing file /opt/airflow/dags/my_dag.py for tasks to queue
[2025-10-22T13:41:22.229+0000] {logging_mixin.py:188} INFO - [2025-10-22T13:41:22.229+0000] {dagbag.py:538} INFO - Filling up the DagBag from /opt/airflow/dags/my_dag.py
[2025-10-22T13:41:23.155+0000] {processor.py:840} INFO - DAG(s) 'my_dag' retrieved from /opt/airflow/dags/my_dag.py
[2025-10-22T13:41:23.374+0000] {logging_mixin.py:188} INFO - [2025-10-22T13:41:23.373+0000] {dag.py:3036} INFO - Sync 1 DAGs
[2025-10-22T13:41:23.389+0000] {logging_mixin.py:188} INFO - [2025-10-22T13:41:23.389+0000] {dag.py:3823} INFO - Setting next_dagrun for my_dag to None, run_after=None
[2025-10-22T13:41:23.478+0000] {processor.py:183} INFO - Processing /opt/airflow/dags/my_dag.py took 1.259 seconds
[2025-10-22T13:41:54.133+0000] {processor.py:161} INFO - Started process (PID=176) to work on /opt/airflow/dags/my_dag.py
[2025-10-22T13:41:54.135+0000] {processor.py:830} INFO - Processing file /opt/airflow/dags/my_dag.py for tasks to queue
[2025-10-22T13:41:54.139+0000] {logging_mixin.py:188} INFO - [2025-10-22T13:41:54.138+0000] {dagbag.py:538} INFO - Filling up the DagBag from /opt/airflow/dags/my_dag.py
[2025-10-22T13:41:55.430+0000] {processor.py:840} INFO - DAG(s) 'my_dag' retrieved from /opt/airflow/dags/my_dag.py
[2025-10-22T13:41:55.487+0000] {logging_mixin.py:188} INFO - [2025-10-22T13:41:55.486+0000] {dag.py:3036} INFO - Sync 1 DAGs
[2025-10-22T13:41:55.543+0000] {logging_mixin.py:188} INFO - [2025-10-22T13:41:55.538+0000] {dag.py:3823} INFO - Setting next_dagrun for my_dag to None, run_after=None
[2025-10-22T13:41:55.703+0000] {processor.py:183} INFO - Processing /opt/airflow/dags/my_dag.py took 1.579 seconds
[2025-10-22T13:42:26.012+0000] {processor.py:161} INFO - Started process (PID=186) to work on /opt/airflow/dags/my_dag.py
[2025-10-22T13:42:26.014+0000] {processor.py:830} INFO - Processing file /opt/airflow/dags/my_dag.py for tasks to queue
[2025-10-22T13:42:26.018+0000] {logging_mixin.py:188} INFO - [2025-10-22T13:42:26.017+0000] {dagbag.py:538} INFO - Filling up the DagBag from /opt/airflow/dags/my_dag.py
[2025-10-22T13:42:29.207+0000] {processor.py:840} INFO - DAG(s) 'my_dag' retrieved from /opt/airflow/dags/my_dag.py
[2025-10-22T13:42:29.879+0000] {logging_mixin.py:188} INFO - [2025-10-22T13:42:29.876+0000] {dag.py:3036} INFO - Sync 1 DAGs
[2025-10-22T13:42:30.035+0000] {logging_mixin.py:188} INFO - [2025-10-22T13:42:30.035+0000] {dag.py:3823} INFO - Setting next_dagrun for my_dag to None, run_after=None
[2025-10-22T13:42:30.322+0000] {processor.py:183} INFO - Processing /opt/airflow/dags/my_dag.py took 4.317 seconds
[2025-10-22T13:43:00.834+0000] {processor.py:161} INFO - Started process (PID=196) to work on /opt/airflow/dags/my_dag.py
[2025-10-22T13:43:00.837+0000] {processor.py:830} INFO - Processing file /opt/airflow/dags/my_dag.py for tasks to queue
[2025-10-22T13:43:00.841+0000] {logging_mixin.py:188} INFO - [2025-10-22T13:43:00.840+0000] {dagbag.py:538} INFO - Filling up the DagBag from /opt/airflow/dags/my_dag.py
[2025-10-22T13:43:02.102+0000] {processor.py:840} INFO - DAG(s) 'my_dag' retrieved from /opt/airflow/dags/my_dag.py
[2025-10-22T13:43:02.423+0000] {logging_mixin.py:188} INFO - [2025-10-22T13:43:02.419+0000] {dag.py:3036} INFO - Sync 1 DAGs
[2025-10-22T13:43:02.498+0000] {logging_mixin.py:188} INFO - [2025-10-22T13:43:02.497+0000] {dag.py:3823} INFO - Setting next_dagrun for my_dag to None, run_after=None
[2025-10-22T13:43:02.781+0000] {processor.py:183} INFO - Processing /opt/airflow/dags/my_dag.py took 1.954 seconds
[2025-10-22T13:43:33.661+0000] {processor.py:161} INFO - Started process (PID=206) to work on /opt/airflow/dags/my_dag.py
[2025-10-22T13:43:33.665+0000] {processor.py:830} INFO - Processing file /opt/airflow/dags/my_dag.py for tasks to queue
[2025-10-22T13:43:33.676+0000] {logging_mixin.py:188} INFO - [2025-10-22T13:43:33.675+0000] {dagbag.py:538} INFO - Filling up the DagBag from /opt/airflow/dags/my_dag.py
[2025-10-22T13:43:34.645+0000] {processor.py:840} INFO - DAG(s) 'my_dag' retrieved from /opt/airflow/dags/my_dag.py
[2025-10-22T13:43:34.744+0000] {logging_mixin.py:188} INFO - [2025-10-22T13:43:34.744+0000] {dag.py:3036} INFO - Sync 1 DAGs
[2025-10-22T13:43:34.762+0000] {logging_mixin.py:188} INFO - [2025-10-22T13:43:34.761+0000] {dag.py:3823} INFO - Setting next_dagrun for my_dag to None, run_after=None
[2025-10-22T13:43:34.856+0000] {processor.py:183} INFO - Processing /opt/airflow/dags/my_dag.py took 1.206 seconds
[2025-10-22T13:44:05.424+0000] {processor.py:161} INFO - Started process (PID=216) to work on /opt/airflow/dags/my_dag.py
[2025-10-22T13:44:05.425+0000] {processor.py:830} INFO - Processing file /opt/airflow/dags/my_dag.py for tasks to queue
[2025-10-22T13:44:05.428+0000] {logging_mixin.py:188} INFO - [2025-10-22T13:44:05.428+0000] {dagbag.py:538} INFO - Filling up the DagBag from /opt/airflow/dags/my_dag.py
[2025-10-22T13:44:07.299+0000] {processor.py:840} INFO - DAG(s) 'my_dag' retrieved from /opt/airflow/dags/my_dag.py
[2025-10-22T13:44:07.638+0000] {logging_mixin.py:188} INFO - [2025-10-22T13:44:07.627+0000] {dag.py:3036} INFO - Sync 1 DAGs
[2025-10-22T13:44:07.717+0000] {logging_mixin.py:188} INFO - [2025-10-22T13:44:07.716+0000] {dag.py:3823} INFO - Setting next_dagrun for my_dag to None, run_after=None
[2025-10-22T13:44:07.779+0000] {processor.py:183} INFO - Processing /opt/airflow/dags/my_dag.py took 2.362 seconds
