[2025-10-30T08:52:58.134+0000] {taskinstance.py:1956} INFO - Dependencies all met for dep_context=non-requeueable deps ti=<TaskInstance: dag_dbt_pipeline.dbt_run scheduled__2025-10-29T00:00:00+00:00 [queued]>
[2025-10-30T08:52:58.194+0000] {taskinstance.py:1956} INFO - Dependencies all met for dep_context=requeueable deps ti=<TaskInstance: dag_dbt_pipeline.dbt_run scheduled__2025-10-29T00:00:00+00:00 [queued]>
[2025-10-30T08:52:58.203+0000] {taskinstance.py:2170} INFO - Starting attempt 1 of 2
[2025-10-30T08:52:58.280+0000] {taskinstance.py:2191} INFO - Executing <Task(BashOperator): dbt_run> on 2025-10-29 00:00:00+00:00
[2025-10-30T08:52:58.305+0000] {standard_task_runner.py:60} INFO - Started process 196 to run task
[2025-10-30T08:52:58.342+0000] {standard_task_runner.py:87} INFO - Running: ['***', 'tasks', 'run', 'dag_dbt_pipeline', 'dbt_run', 'scheduled__2025-10-29T00:00:00+00:00', '--job-id', '310', '--raw', '--subdir', 'DAGS_FOLDER/dbt_local_dag.py', '--cfg-path', '/tmp/tmp_nnne8si']
[2025-10-30T08:52:58.348+0000] {standard_task_runner.py:88} INFO - Job 310: Subtask dbt_run
[2025-10-30T08:52:58.790+0000] {task_command.py:423} INFO - Running <TaskInstance: dag_dbt_pipeline.dbt_run scheduled__2025-10-29T00:00:00+00:00 [running]> on host 257bb6028ed5
[2025-10-30T08:52:59.284+0000] {taskinstance.py:2480} INFO - Exporting env vars: AIRFLOW_CTX_DAG_OWNER='winardi' AIRFLOW_CTX_DAG_ID='dag_dbt_pipeline' AIRFLOW_CTX_TASK_ID='dbt_run' AIRFLOW_CTX_EXECUTION_DATE='2025-10-29T00:00:00+00:00' AIRFLOW_CTX_TRY_NUMBER='1' AIRFLOW_CTX_DAG_RUN_ID='scheduled__2025-10-29T00:00:00+00:00'
[2025-10-30T08:52:59.299+0000] {subprocess.py:63} INFO - Tmp dir root location: /tmp
[2025-10-30T08:52:59.309+0000] {subprocess.py:75} INFO - Running command: ['/usr/bin/bash', '-c', '\n            cd /opt/***/include/dbt/dbt_project &&             dbt run --profiles-dir /home/***/.dbt --target dev\n        ']
[2025-10-30T08:52:59.388+0000] {subprocess.py:86} INFO - Output:
[2025-10-30T08:53:38.099+0000] {subprocess.py:93} INFO - [0m08:53:38  Running with dbt=1.9.0-b2
[2025-10-30T08:53:40.763+0000] {subprocess.py:93} INFO - [0m08:53:40  Registered adapter: postgres=1.8.2
[2025-10-30T08:53:45.768+0000] {subprocess.py:93} INFO - [0m08:53:45  Found 5 models, 14 data tests, 1 source, 423 macros
[2025-10-30T08:53:45.777+0000] {subprocess.py:93} INFO - [0m08:53:45
[2025-10-30T08:53:45.786+0000] {subprocess.py:93} INFO - [0m08:53:45  Concurrency: 1 threads (target='dev')
[2025-10-30T08:53:45.790+0000] {subprocess.py:93} INFO - [0m08:53:45
[2025-10-30T08:53:46.635+0000] {subprocess.py:93} INFO - [0m08:53:46  1 of 5 START sql table model datamart.dim_card_holder .......................... [RUN]
[2025-10-30T08:53:49.597+0000] {subprocess.py:93} INFO - [0m08:53:49  1 of 5 OK created sql table model datamart.dim_card_holder ..................... [[32mSELECT 10000[0m in 2.90s]
[2025-10-30T08:53:49.610+0000] {subprocess.py:93} INFO - [0m08:53:49  2 of 5 START sql table model datamart.dim_corridor ............................. [RUN]
[2025-10-30T08:53:52.138+0000] {subprocess.py:93} INFO - [0m08:53:52  2 of 5 OK created sql table model datamart.dim_corridor ........................ [[32mSELECT 221[0m in 2.52s]
[2025-10-30T08:53:52.199+0000] {subprocess.py:93} INFO - [0m08:53:52  3 of 5 START sql table model datamart.dim_stop ................................. [RUN]
[2025-10-30T08:53:55.931+0000] {subprocess.py:93} INFO - [0m08:53:55  3 of 5 OK created sql table model datamart.dim_stop ............................ [[32mSELECT 5851[0m in 3.72s]
[2025-10-30T08:53:55.997+0000] {subprocess.py:93} INFO - [0m08:53:55  4 of 5 START sql table model datamart.dim_time ................................. [RUN]
[2025-10-30T08:53:59.489+0000] {subprocess.py:93} INFO - [0m08:53:59  4 of 5 OK created sql table model datamart.dim_time ............................ [[32mSELECT 27836[0m in 3.48s]
[2025-10-30T08:53:59.503+0000] {subprocess.py:93} INFO - [0m08:53:59  5 of 5 START sql incremental model datamart.fact_transactions .................. [RUN]
[2025-10-30T08:54:06.081+0000] {subprocess.py:93} INFO - [0m08:54:06  5 of 5 OK created sql incremental model datamart.fact_transactions ............. [[32mSELECT 180159[0m in 6.57s]
[2025-10-30T08:54:06.130+0000] {subprocess.py:93} INFO - [0m08:54:06
[2025-10-30T08:54:06.132+0000] {subprocess.py:93} INFO - [0m08:54:06  Finished running 1 incremental model, 4 table models in 0 hours 0 minutes and 20.34 seconds (20.34s).
[2025-10-30T08:54:06.346+0000] {subprocess.py:93} INFO - [0m08:54:06
[2025-10-30T08:54:06.351+0000] {subprocess.py:93} INFO - [0m08:54:06  [32mCompleted successfully[0m
[2025-10-30T08:54:06.354+0000] {subprocess.py:93} INFO - [0m08:54:06
[2025-10-30T08:54:06.356+0000] {subprocess.py:93} INFO - [0m08:54:06  Done. PASS=5 WARN=0 ERROR=0 SKIP=0 TOTAL=5
[2025-10-30T08:54:13.143+0000] {subprocess.py:97} INFO - Command exited with return code 0
[2025-10-30T08:54:13.299+0000] {taskinstance.py:1138} INFO - Marking task as SUCCESS. dag_id=dag_dbt_pipeline, task_id=dbt_run, execution_date=20251029T000000, start_date=20251030T085258, end_date=20251030T085413
[2025-10-30T08:54:13.432+0000] {local_task_job_runner.py:234} INFO - Task exited with return code 0
[2025-10-30T08:54:13.577+0000] {taskinstance.py:3280} INFO - 1 downstream tasks scheduled from follow-on schedule check
