[2025-10-17T07:09:36.100+0000] {taskinstance.py:1956} INFO - Dependencies all met for dep_context=non-requeueable deps ti=<TaskInstance: my_dag.submit_job manual__2025-10-17T07:09:12.930881+00:00 [queued]>
[2025-10-17T07:09:36.137+0000] {taskinstance.py:1956} INFO - Dependencies all met for dep_context=requeueable deps ti=<TaskInstance: my_dag.submit_job manual__2025-10-17T07:09:12.930881+00:00 [queued]>
[2025-10-17T07:09:36.139+0000] {taskinstance.py:2170} INFO - Starting attempt 1 of 1
[2025-10-17T07:09:36.194+0000] {taskinstance.py:2191} INFO - Executing <Task(SparkSubmitOperator): submit_job> on 2025-10-17 07:09:12.930881+00:00
[2025-10-17T07:09:36.210+0000] {standard_task_runner.py:60} INFO - Started process 675 to run task
[2025-10-17T07:09:36.223+0000] {standard_task_runner.py:87} INFO - Running: ['***', 'tasks', 'run', 'my_dag', 'submit_job', 'manual__2025-10-17T07:09:12.930881+00:00', '--job-id', '51', '--raw', '--subdir', 'DAGS_FOLDER/my_dag.py', '--cfg-path', '/tmp/tmpif6u9aud']
[2025-10-17T07:09:36.229+0000] {standard_task_runner.py:88} INFO - Job 51: Subtask submit_job
[2025-10-17T07:09:36.358+0000] {task_command.py:423} INFO - Running <TaskInstance: my_dag.submit_job manual__2025-10-17T07:09:12.930881+00:00 [running]> on host 673fe1495c96
[2025-10-17T07:09:36.619+0000] {taskinstance.py:2480} INFO - Exporting env vars: AIRFLOW_CTX_DAG_OWNER='***' AIRFLOW_CTX_DAG_ID='my_dag' AIRFLOW_CTX_TASK_ID='submit_job' AIRFLOW_CTX_EXECUTION_DATE='2025-10-17T07:09:12.930881+00:00' AIRFLOW_CTX_TRY_NUMBER='1' AIRFLOW_CTX_DAG_RUN_ID='manual__2025-10-17T07:09:12.930881+00:00'
[2025-10-17T07:09:36.635+0000] {base.py:83} INFO - Using connection ID 'my_spark_conn' for task execution.
[2025-10-17T07:09:36.637+0000] {spark_submit.py:341} INFO - Spark-Submit cmd: spark-submit --master local --name arrow-spark --verbose /opt/***/include/scripts/read.py
[2025-10-17T07:09:48.618+0000] {spark_submit.py:492} INFO - Using properties file: null
[2025-10-17T07:09:49.264+0000] {spark_submit.py:492} INFO - Parsed arguments:
[2025-10-17T07:09:49.266+0000] {spark_submit.py:492} INFO - master                  local
[2025-10-17T07:09:49.269+0000] {spark_submit.py:492} INFO - remote                  null
[2025-10-17T07:09:49.317+0000] {spark_submit.py:492} INFO - deployMode              null
[2025-10-17T07:09:49.328+0000] {spark_submit.py:492} INFO - executorMemory          null
[2025-10-17T07:09:49.338+0000] {spark_submit.py:492} INFO - executorCores           null
[2025-10-17T07:09:49.343+0000] {spark_submit.py:492} INFO - totalExecutorCores      null
[2025-10-17T07:09:49.350+0000] {spark_submit.py:492} INFO - propertiesFile          null
[2025-10-17T07:09:49.359+0000] {spark_submit.py:492} INFO - driverMemory            null
[2025-10-17T07:09:49.360+0000] {spark_submit.py:492} INFO - driverCores             null
[2025-10-17T07:09:49.379+0000] {spark_submit.py:492} INFO - driverExtraClassPath    null
[2025-10-17T07:09:49.380+0000] {spark_submit.py:492} INFO - driverExtraLibraryPath  null
[2025-10-17T07:09:49.382+0000] {spark_submit.py:492} INFO - driverExtraJavaOptions  null
[2025-10-17T07:09:49.416+0000] {spark_submit.py:492} INFO - supervise               false
[2025-10-17T07:09:49.416+0000] {spark_submit.py:492} INFO - queue                   null
[2025-10-17T07:09:49.418+0000] {spark_submit.py:492} INFO - numExecutors            null
[2025-10-17T07:09:49.419+0000] {spark_submit.py:492} INFO - files                   null
[2025-10-17T07:09:49.422+0000] {spark_submit.py:492} INFO - pyFiles                 null
[2025-10-17T07:09:49.426+0000] {spark_submit.py:492} INFO - archives                null
[2025-10-17T07:09:49.427+0000] {spark_submit.py:492} INFO - mainClass               null
[2025-10-17T07:09:49.428+0000] {spark_submit.py:492} INFO - primaryResource         file:/opt/***/include/scripts/read.py
[2025-10-17T07:09:49.429+0000] {spark_submit.py:492} INFO - name                    arrow-spark
[2025-10-17T07:09:49.431+0000] {spark_submit.py:492} INFO - childArgs               []
[2025-10-17T07:09:49.432+0000] {spark_submit.py:492} INFO - jars                    null
[2025-10-17T07:09:49.433+0000] {spark_submit.py:492} INFO - packages                null
[2025-10-17T07:09:49.434+0000] {spark_submit.py:492} INFO - packagesExclusions      null
[2025-10-17T07:09:49.436+0000] {spark_submit.py:492} INFO - repositories            null
[2025-10-17T07:09:49.439+0000] {spark_submit.py:492} INFO - verbose                 true
[2025-10-17T07:09:49.445+0000] {spark_submit.py:492} INFO - 
[2025-10-17T07:09:49.447+0000] {spark_submit.py:492} INFO - Spark properties used, including those specified through
[2025-10-17T07:09:49.450+0000] {spark_submit.py:492} INFO - --conf and those from the properties file null:
[2025-10-17T07:09:49.451+0000] {spark_submit.py:492} INFO - 
[2025-10-17T07:09:49.452+0000] {spark_submit.py:492} INFO - 
[2025-10-17T07:09:49.455+0000] {spark_submit.py:492} INFO - 
[2025-10-17T07:09:51.435+0000] {spark_submit.py:492} INFO - Main class:
[2025-10-17T07:09:51.516+0000] {spark_submit.py:492} INFO - org.apache.spark.deploy.PythonRunner
[2025-10-17T07:09:51.618+0000] {spark_submit.py:492} INFO - Arguments:
[2025-10-17T07:09:51.629+0000] {spark_submit.py:492} INFO - file:/opt/***/include/scripts/read.py
[2025-10-17T07:09:51.631+0000] {spark_submit.py:492} INFO - null
[2025-10-17T07:09:51.632+0000] {spark_submit.py:492} INFO - Spark config:
[2025-10-17T07:09:51.767+0000] {spark_submit.py:492} INFO - (spark.app.name,arrow-spark)
[2025-10-17T07:09:51.786+0000] {spark_submit.py:492} INFO - (spark.app.submitTime,1760684991130)
[2025-10-17T07:09:51.827+0000] {spark_submit.py:492} INFO - (spark.master,local)
[2025-10-17T07:09:51.922+0000] {spark_submit.py:492} INFO - (spark.submit.deployMode,client)
[2025-10-17T07:09:52.027+0000] {spark_submit.py:492} INFO - (spark.submit.pyFiles,)
[2025-10-17T07:09:52.034+0000] {spark_submit.py:492} INFO - Classpath elements:
[2025-10-17T07:09:52.045+0000] {spark_submit.py:492} INFO - 
[2025-10-17T07:09:52.046+0000] {spark_submit.py:492} INFO - 
[2025-10-17T07:09:52.062+0000] {spark_submit.py:492} INFO - 
[2025-10-17T07:09:59.552+0000] {spark_submit.py:492} INFO - 25/10/17 07:09:59 INFO SparkContext: Running Spark version 3.5.1
[2025-10-17T07:09:59.620+0000] {spark_submit.py:492} INFO - 25/10/17 07:09:59 INFO SparkContext: OS info Linux, 6.6.87.2-microsoft-standard-WSL2, amd64
[2025-10-17T07:09:59.626+0000] {spark_submit.py:492} INFO - 25/10/17 07:09:59 INFO SparkContext: Java version 17.0.16
[2025-10-17T07:10:00.436+0000] {spark_submit.py:492} INFO - 25/10/17 07:10:00 WARN NativeCodeLoader: Unable to load native-hadoop library for your platform... using builtin-java classes where applicable
[2025-10-17T07:10:02.023+0000] {spark_submit.py:492} INFO - 25/10/17 07:10:02 INFO ResourceUtils: ==============================================================
[2025-10-17T07:10:02.025+0000] {spark_submit.py:492} INFO - 25/10/17 07:10:02 INFO ResourceUtils: No custom resources configured for spark.driver.
[2025-10-17T07:10:02.028+0000] {spark_submit.py:492} INFO - 25/10/17 07:10:02 INFO ResourceUtils: ==============================================================
[2025-10-17T07:10:02.030+0000] {spark_submit.py:492} INFO - 25/10/17 07:10:02 INFO SparkContext: Submitted application: PySpark Example
[2025-10-17T07:10:02.135+0000] {spark_submit.py:492} INFO - 25/10/17 07:10:02 INFO ResourceProfile: Default ResourceProfile created, executor resources: Map(cores -> name: cores, amount: 1, script: , vendor: , memory -> name: memory, amount: 1024, script: , vendor: , offHeap -> name: offHeap, amount: 0, script: , vendor: ), task resources: Map(cpus -> name: cpus, amount: 1.0)
[2025-10-17T07:10:02.158+0000] {spark_submit.py:492} INFO - 25/10/17 07:10:02 INFO ResourceProfile: Limiting resource is cpu
[2025-10-17T07:10:02.162+0000] {spark_submit.py:492} INFO - 25/10/17 07:10:02 INFO ResourceProfileManager: Added ResourceProfile id: 0
[2025-10-17T07:10:02.828+0000] {spark_submit.py:492} INFO - 25/10/17 07:10:02 INFO SecurityManager: Changing view acls to: ***
[2025-10-17T07:10:02.833+0000] {spark_submit.py:492} INFO - 25/10/17 07:10:02 INFO SecurityManager: Changing modify acls to: ***
[2025-10-17T07:10:02.841+0000] {spark_submit.py:492} INFO - 25/10/17 07:10:02 INFO SecurityManager: Changing view acls groups to:
[2025-10-17T07:10:02.919+0000] {spark_submit.py:492} INFO - 25/10/17 07:10:02 INFO SecurityManager: Changing modify acls groups to:
[2025-10-17T07:10:02.926+0000] {spark_submit.py:492} INFO - 25/10/17 07:10:02 INFO SecurityManager: SecurityManager: authentication disabled; ui acls disabled; users with view permissions: ***; groups with view permissions: EMPTY; users with modify permissions: ***; groups with modify permissions: EMPTY
[2025-10-17T07:10:06.045+0000] {spark_submit.py:492} INFO - 25/10/17 07:10:06 INFO Utils: Successfully started service 'sparkDriver' on port 43721.
[2025-10-17T07:10:06.422+0000] {spark_submit.py:492} INFO - 25/10/17 07:10:06 INFO SparkEnv: Registering MapOutputTracker
[2025-10-17T07:10:06.933+0000] {spark_submit.py:492} INFO - 25/10/17 07:10:06 INFO SparkEnv: Registering BlockManagerMaster
[2025-10-17T07:10:07.145+0000] {spark_submit.py:492} INFO - 25/10/17 07:10:07 INFO BlockManagerMasterEndpoint: Using org.apache.spark.storage.DefaultTopologyMapper for getting topology information
[2025-10-17T07:10:07.157+0000] {spark_submit.py:492} INFO - 25/10/17 07:10:07 INFO BlockManagerMasterEndpoint: BlockManagerMasterEndpoint up
[2025-10-17T07:10:07.217+0000] {spark_submit.py:492} INFO - 25/10/17 07:10:07 INFO SparkEnv: Registering BlockManagerMasterHeartbeat
[2025-10-17T07:10:07.343+0000] {spark_submit.py:492} INFO - 25/10/17 07:10:07 INFO DiskBlockManager: Created local directory at /tmp/blockmgr-ad6334c8-a41a-4800-a03c-d3489f5eb234
[2025-10-17T07:10:07.618+0000] {spark_submit.py:492} INFO - 25/10/17 07:10:07 INFO MemoryStore: MemoryStore started with capacity 413.9 MiB
[2025-10-17T07:10:07.738+0000] {spark_submit.py:492} INFO - 25/10/17 07:10:07 INFO SparkEnv: Registering OutputCommitCoordinator
[2025-10-17T07:10:10.016+0000] {spark_submit.py:492} INFO - 25/10/17 07:10:09 INFO JettyUtils: Start Jetty 0.0.0.0:4040 for SparkUI
[2025-10-17T07:10:11.631+0000] {spark_submit.py:492} INFO - 25/10/17 07:10:11 INFO Utils: Successfully started service 'SparkUI' on port 4040.
[2025-10-17T07:10:13.217+0000] {spark_submit.py:492} INFO - 25/10/17 07:10:13 INFO Executor: Starting executor ID driver on host 673fe1495c96
[2025-10-17T07:10:13.225+0000] {spark_submit.py:492} INFO - 25/10/17 07:10:13 INFO Executor: OS info Linux, 6.6.87.2-microsoft-standard-WSL2, amd64
[2025-10-17T07:10:13.235+0000] {spark_submit.py:492} INFO - 25/10/17 07:10:13 INFO Executor: Java version 17.0.16
[2025-10-17T07:10:13.318+0000] {spark_submit.py:492} INFO - 25/10/17 07:10:13 INFO Executor: Starting executor with user classpath (userClassPathFirst = false): ''
[2025-10-17T07:10:13.321+0000] {spark_submit.py:492} INFO - 25/10/17 07:10:13 INFO Executor: Created or updated repl class loader org.apache.spark.util.MutableURLClassLoader@36e34fd0 for default.
[2025-10-17T07:10:13.616+0000] {spark_submit.py:492} INFO - 25/10/17 07:10:13 INFO Utils: Successfully started service 'org.apache.spark.network.netty.NettyBlockTransferService' on port 35247.
[2025-10-17T07:10:13.628+0000] {spark_submit.py:492} INFO - 25/10/17 07:10:13 INFO NettyBlockTransferService: Server created on 673fe1495c96:35247
[2025-10-17T07:10:13.630+0000] {spark_submit.py:492} INFO - 25/10/17 07:10:13 INFO BlockManager: Using org.apache.spark.storage.RandomBlockReplicationPolicy for block replication policy
[2025-10-17T07:10:13.738+0000] {spark_submit.py:492} INFO - 25/10/17 07:10:13 INFO BlockManagerMaster: Registering BlockManager BlockManagerId(driver, 673fe1495c96, 35247, None)
[2025-10-17T07:10:13.763+0000] {spark_submit.py:492} INFO - 25/10/17 07:10:13 INFO BlockManagerMasterEndpoint: Registering block manager 673fe1495c96:35247 with 413.9 MiB RAM, BlockManagerId(driver, 673fe1495c96, 35247, None)
[2025-10-17T07:10:13.821+0000] {spark_submit.py:492} INFO - 25/10/17 07:10:13 INFO BlockManagerMaster: Registered BlockManager BlockManagerId(driver, 673fe1495c96, 35247, None)
[2025-10-17T07:10:13.918+0000] {spark_submit.py:492} INFO - 25/10/17 07:10:13 INFO BlockManager: Initialized BlockManager: BlockManagerId(driver, 673fe1495c96, 35247, None)
[2025-10-17T07:10:25.218+0000] {spark_submit.py:492} INFO - 25/10/17 07:10:25 INFO SharedState: Setting hive.metastore.warehouse.dir ('null') to the value of spark.sql.warehouse.dir.
[2025-10-17T07:10:25.427+0000] {spark_submit.py:492} INFO - 25/10/17 07:10:25 INFO SharedState: Warehouse path is 'file:/opt/***/spark-warehouse'.
[2025-10-17T07:10:37.284+0000] {spark_submit.py:492} INFO - 25/10/17 07:10:37 INFO InMemoryFileIndex: It took 710 ms to list leaf files for 1 paths.
[2025-10-17T07:10:39.456+0000] {spark_submit.py:492} INFO - 25/10/17 07:10:39 INFO InMemoryFileIndex: It took 191 ms to list leaf files for 1 paths.
[2025-10-17T07:11:06.648+0000] {spark_submit.py:492} INFO - 25/10/17 07:11:06 INFO FileSourceStrategy: Pushed Filters:
[2025-10-17T07:11:06.651+0000] {spark_submit.py:492} INFO - 25/10/17 07:11:06 INFO FileSourceStrategy: Post-Scan Filters: (length(trim(value#0, None)) > 0)
[2025-10-17T07:11:09.139+0000] {spark_submit.py:492} INFO - 25/10/17 07:11:09 INFO CodeGenerator: Code generated in 1150.983747 ms
[2025-10-17T07:11:09.778+0000] {spark_submit.py:492} INFO - 25/10/17 07:11:09 INFO MemoryStore: Block broadcast_0 stored as values in memory (estimated size 199.4 KiB, free 413.7 MiB)
[2025-10-17T07:11:10.530+0000] {spark_submit.py:492} INFO - 25/10/17 07:11:10 INFO MemoryStore: Block broadcast_0_piece0 stored as bytes in memory (estimated size 34.2 KiB, free 413.7 MiB)
[2025-10-17T07:11:10.545+0000] {spark_submit.py:492} INFO - 25/10/17 07:11:10 INFO BlockManagerInfo: Added broadcast_0_piece0 in memory on 673fe1495c96:35247 (size: 34.2 KiB, free: 413.9 MiB)
[2025-10-17T07:11:10.574+0000] {spark_submit.py:492} INFO - 25/10/17 07:11:10 INFO SparkContext: Created broadcast 0 from csv at NativeMethodAccessorImpl.java:0
[2025-10-17T07:11:10.642+0000] {spark_submit.py:492} INFO - 25/10/17 07:11:10 INFO FileSourceScanExec: Planning scan with bin packing, max size: 4194965 bytes, open cost is considered as scanning 4194304 bytes.
[2025-10-17T07:11:12.030+0000] {spark_submit.py:492} INFO - 25/10/17 07:11:12 INFO SparkContext: Starting job: csv at NativeMethodAccessorImpl.java:0
[2025-10-17T07:11:12.297+0000] {spark_submit.py:492} INFO - 25/10/17 07:11:12 INFO DAGScheduler: Got job 0 (csv at NativeMethodAccessorImpl.java:0) with 1 output partitions
[2025-10-17T07:11:12.311+0000] {spark_submit.py:492} INFO - 25/10/17 07:11:12 INFO DAGScheduler: Final stage: ResultStage 0 (csv at NativeMethodAccessorImpl.java:0)
[2025-10-17T07:11:12.321+0000] {spark_submit.py:492} INFO - 25/10/17 07:11:12 INFO DAGScheduler: Parents of final stage: List()
[2025-10-17T07:11:12.330+0000] {spark_submit.py:492} INFO - 25/10/17 07:11:12 INFO DAGScheduler: Missing parents: List()
[2025-10-17T07:11:12.339+0000] {spark_submit.py:492} INFO - 25/10/17 07:11:12 INFO DAGScheduler: Submitting ResultStage 0 (MapPartitionsRDD[3] at csv at NativeMethodAccessorImpl.java:0), which has no missing parents
[2025-10-17T07:11:13.521+0000] {spark_submit.py:492} INFO - 25/10/17 07:11:13 INFO MemoryStore: Block broadcast_1 stored as values in memory (estimated size 13.5 KiB, free 413.7 MiB)
[2025-10-17T07:11:13.525+0000] {spark_submit.py:492} INFO - 25/10/17 07:11:13 INFO MemoryStore: Block broadcast_1_piece0 stored as bytes in memory (estimated size 6.4 KiB, free 413.7 MiB)
[2025-10-17T07:11:13.526+0000] {spark_submit.py:492} INFO - 25/10/17 07:11:13 INFO BlockManagerInfo: Added broadcast_1_piece0 in memory on 673fe1495c96:35247 (size: 6.4 KiB, free: 413.9 MiB)
[2025-10-17T07:11:13.533+0000] {spark_submit.py:492} INFO - 25/10/17 07:11:13 INFO SparkContext: Created broadcast 1 from broadcast at DAGScheduler.scala:1585
[2025-10-17T07:11:13.676+0000] {spark_submit.py:492} INFO - 25/10/17 07:11:13 INFO DAGScheduler: Submitting 1 missing tasks from ResultStage 0 (MapPartitionsRDD[3] at csv at NativeMethodAccessorImpl.java:0) (first 15 tasks are for partitions Vector(0))
[2025-10-17T07:11:13.749+0000] {spark_submit.py:492} INFO - 25/10/17 07:11:13 INFO TaskSchedulerImpl: Adding task set 0.0 with 1 tasks resource profile 0
[2025-10-17T07:11:13.949+0000] {spark_submit.py:492} INFO - 25/10/17 07:11:13 INFO TaskSetManager: Starting task 0.0 in stage 0.0 (TID 0) (673fe1495c96, executor driver, partition 0, PROCESS_LOCAL, 8214 bytes)
[2025-10-17T07:11:13.990+0000] {spark_submit.py:492} INFO - 25/10/17 07:11:13 INFO Executor: Running task 0.0 in stage 0.0 (TID 0)
[2025-10-17T07:11:15.698+0000] {spark_submit.py:492} INFO - 25/10/17 07:11:15 INFO CodeGenerator: Code generated in 99.545196 ms
[2025-10-17T07:11:15.705+0000] {spark_submit.py:492} INFO - 25/10/17 07:11:15 INFO FileScanRDD: Reading File path: file:///opt/***/include/data.csv, range: 0-661, partition values: [empty row]
[2025-10-17T07:11:15.903+0000] {spark_submit.py:492} INFO - 25/10/17 07:11:15 INFO CodeGenerator: Code generated in 114.895966 ms
[2025-10-17T07:11:17.129+0000] {spark_submit.py:492} INFO - 25/10/17 07:11:17 INFO Executor: Finished task 0.0 in stage 0.0 (TID 0). 1727 bytes result sent to driver
[2025-10-17T07:11:17.262+0000] {spark_submit.py:492} INFO - 25/10/17 07:11:17 INFO TaskSetManager: Finished task 0.0 in stage 0.0 (TID 0) in 3435 ms on 673fe1495c96 (executor driver) (1/1)
[2025-10-17T07:11:17.266+0000] {spark_submit.py:492} INFO - 25/10/17 07:11:17 INFO TaskSchedulerImpl: Removed TaskSet 0.0, whose tasks have all completed, from pool
[2025-10-17T07:11:17.281+0000] {spark_submit.py:492} INFO - 25/10/17 07:11:17 INFO DAGScheduler: ResultStage 0 (csv at NativeMethodAccessorImpl.java:0) finished in 4.440 s
[2025-10-17T07:11:17.285+0000] {spark_submit.py:492} INFO - 25/10/17 07:11:17 INFO DAGScheduler: Job 0 is finished. Cancelling potential speculative or zombie tasks for this job
[2025-10-17T07:11:17.289+0000] {spark_submit.py:492} INFO - 25/10/17 07:11:17 INFO TaskSchedulerImpl: Killing all running tasks in stage 0: Stage finished
[2025-10-17T07:11:17.291+0000] {spark_submit.py:492} INFO - 25/10/17 07:11:17 INFO DAGScheduler: Job 0 finished: csv at NativeMethodAccessorImpl.java:0, took 5.262344 s
[2025-10-17T07:11:17.494+0000] {spark_submit.py:492} INFO - 25/10/17 07:11:17 INFO CodeGenerator: Code generated in 104.261262 ms
[2025-10-17T07:11:18.376+0000] {spark_submit.py:492} INFO - 25/10/17 07:11:18 INFO FileSourceStrategy: Pushed Filters:
[2025-10-17T07:11:18.384+0000] {spark_submit.py:492} INFO - 25/10/17 07:11:18 INFO FileSourceStrategy: Post-Scan Filters:
[2025-10-17T07:11:18.406+0000] {spark_submit.py:492} INFO - 25/10/17 07:11:18 INFO MemoryStore: Block broadcast_2 stored as values in memory (estimated size 199.4 KiB, free 413.5 MiB)
[2025-10-17T07:11:18.497+0000] {spark_submit.py:492} INFO - 25/10/17 07:11:18 INFO MemoryStore: Block broadcast_2_piece0 stored as bytes in memory (estimated size 34.2 KiB, free 413.4 MiB)
[2025-10-17T07:11:18.505+0000] {spark_submit.py:492} INFO - 25/10/17 07:11:18 INFO BlockManagerInfo: Added broadcast_2_piece0 in memory on 673fe1495c96:35247 (size: 34.2 KiB, free: 413.9 MiB)
[2025-10-17T07:11:18.585+0000] {spark_submit.py:492} INFO - 25/10/17 07:11:18 INFO SparkContext: Created broadcast 2 from csv at NativeMethodAccessorImpl.java:0
[2025-10-17T07:11:18.614+0000] {spark_submit.py:492} INFO - 25/10/17 07:11:18 INFO FileSourceScanExec: Planning scan with bin packing, max size: 4194965 bytes, open cost is considered as scanning 4194304 bytes.
[2025-10-17T07:11:22.790+0000] {spark_submit.py:492} INFO - 25/10/17 07:11:22 INFO FileSourceStrategy: Pushed Filters:
[2025-10-17T07:11:22.797+0000] {spark_submit.py:492} INFO - 25/10/17 07:11:22 INFO FileSourceStrategy: Post-Scan Filters:
[2025-10-17T07:11:27.185+0000] {spark_submit.py:492} INFO - 25/10/17 07:11:27 INFO CodeGenerator: Code generated in 206.211606 ms
[2025-10-17T07:11:27.260+0000] {spark_submit.py:492} INFO - 25/10/17 07:11:27 INFO MemoryStore: Block broadcast_3 stored as values in memory (estimated size 199.3 KiB, free 413.3 MiB)
[2025-10-17T07:11:27.452+0000] {spark_submit.py:492} INFO - 25/10/17 07:11:27 INFO MemoryStore: Block broadcast_3_piece0 stored as bytes in memory (estimated size 34.2 KiB, free 413.2 MiB)
[2025-10-17T07:11:27.469+0000] {spark_submit.py:492} INFO - 25/10/17 07:11:27 INFO BlockManagerInfo: Added broadcast_3_piece0 in memory on 673fe1495c96:35247 (size: 34.2 KiB, free: 413.8 MiB)
[2025-10-17T07:11:27.550+0000] {spark_submit.py:492} INFO - 25/10/17 07:11:27 INFO SparkContext: Created broadcast 3 from showString at NativeMethodAccessorImpl.java:0
[2025-10-17T07:11:27.563+0000] {spark_submit.py:492} INFO - 25/10/17 07:11:27 INFO FileSourceScanExec: Planning scan with bin packing, max size: 4194965 bytes, open cost is considered as scanning 4194304 bytes.
[2025-10-17T07:11:27.753+0000] {spark_submit.py:492} INFO - 25/10/17 07:11:27 INFO SparkContext: Starting job: showString at NativeMethodAccessorImpl.java:0
[2025-10-17T07:11:27.762+0000] {spark_submit.py:492} INFO - 25/10/17 07:11:27 INFO DAGScheduler: Got job 1 (showString at NativeMethodAccessorImpl.java:0) with 1 output partitions
[2025-10-17T07:11:27.765+0000] {spark_submit.py:492} INFO - 25/10/17 07:11:27 INFO DAGScheduler: Final stage: ResultStage 1 (showString at NativeMethodAccessorImpl.java:0)
[2025-10-17T07:11:27.771+0000] {spark_submit.py:492} INFO - 25/10/17 07:11:27 INFO DAGScheduler: Parents of final stage: List()
[2025-10-17T07:11:27.851+0000] {spark_submit.py:492} INFO - 25/10/17 07:11:27 INFO DAGScheduler: Missing parents: List()
[2025-10-17T07:11:27.872+0000] {spark_submit.py:492} INFO - 25/10/17 07:11:27 INFO DAGScheduler: Submitting ResultStage 1 (MapPartitionsRDD[13] at showString at NativeMethodAccessorImpl.java:0), which has no missing parents
[2025-10-17T07:11:28.014+0000] {spark_submit.py:492} INFO - 25/10/17 07:11:27 INFO MemoryStore: Block broadcast_4 stored as values in memory (estimated size 18.0 KiB, free 413.2 MiB)
[2025-10-17T07:11:28.050+0000] {spark_submit.py:492} INFO - 25/10/17 07:11:28 INFO MemoryStore: Block broadcast_4_piece0 stored as bytes in memory (estimated size 8.0 KiB, free 413.2 MiB)
[2025-10-17T07:11:28.082+0000] {spark_submit.py:492} INFO - 25/10/17 07:11:28 INFO BlockManagerInfo: Added broadcast_4_piece0 in memory on 673fe1495c96:35247 (size: 8.0 KiB, free: 413.8 MiB)
[2025-10-17T07:11:28.157+0000] {spark_submit.py:492} INFO - 25/10/17 07:11:28 INFO SparkContext: Created broadcast 4 from broadcast at DAGScheduler.scala:1585
[2025-10-17T07:11:28.162+0000] {spark_submit.py:492} INFO - 25/10/17 07:11:28 INFO DAGScheduler: Submitting 1 missing tasks from ResultStage 1 (MapPartitionsRDD[13] at showString at NativeMethodAccessorImpl.java:0) (first 15 tasks are for partitions Vector(0))
[2025-10-17T07:11:28.164+0000] {spark_submit.py:492} INFO - 25/10/17 07:11:28 INFO TaskSchedulerImpl: Adding task set 1.0 with 1 tasks resource profile 0
[2025-10-17T07:11:28.177+0000] {spark_submit.py:492} INFO - 25/10/17 07:11:28 INFO TaskSetManager: Starting task 0.0 in stage 1.0 (TID 1) (673fe1495c96, executor driver, partition 0, PROCESS_LOCAL, 8214 bytes)
[2025-10-17T07:11:28.198+0000] {spark_submit.py:492} INFO - 25/10/17 07:11:28 INFO Executor: Running task 0.0 in stage 1.0 (TID 1)
[2025-10-17T07:11:28.667+0000] {spark_submit.py:492} INFO - 25/10/17 07:11:28 INFO CodeGenerator: Code generated in 192.45382 ms
[2025-10-17T07:11:28.751+0000] {spark_submit.py:492} INFO - 25/10/17 07:11:28 INFO FileScanRDD: Reading File path: file:///opt/***/include/data.csv, range: 0-661, partition values: [empty row]
[2025-10-17T07:11:29.005+0000] {spark_submit.py:492} INFO - 25/10/17 07:11:28 INFO CodeGenerator: Code generated in 199.546434 ms
[2025-10-17T07:11:29.561+0000] {spark_submit.py:492} INFO - 25/10/17 07:11:29 INFO Executor: Finished task 0.0 in stage 1.0 (TID 1). 2262 bytes result sent to driver
[2025-10-17T07:11:29.651+0000] {spark_submit.py:492} INFO - 25/10/17 07:11:29 INFO TaskSetManager: Finished task 0.0 in stage 1.0 (TID 1) in 1483 ms on 673fe1495c96 (executor driver) (1/1)
[2025-10-17T07:11:29.663+0000] {spark_submit.py:492} INFO - 25/10/17 07:11:29 INFO TaskSchedulerImpl: Removed TaskSet 1.0, whose tasks have all completed, from pool
[2025-10-17T07:11:29.664+0000] {spark_submit.py:492} INFO - 25/10/17 07:11:29 INFO DAGScheduler: ResultStage 1 (showString at NativeMethodAccessorImpl.java:0) finished in 1.878 s
[2025-10-17T07:11:29.675+0000] {spark_submit.py:492} INFO - 25/10/17 07:11:29 INFO DAGScheduler: Job 1 is finished. Cancelling potential speculative or zombie tasks for this job
[2025-10-17T07:11:29.689+0000] {spark_submit.py:492} INFO - 25/10/17 07:11:29 INFO TaskSchedulerImpl: Killing all running tasks in stage 1: Stage finished
[2025-10-17T07:11:29.690+0000] {spark_submit.py:492} INFO - 25/10/17 07:11:29 INFO DAGScheduler: Job 1 finished: showString at NativeMethodAccessorImpl.java:0, took 1.981132 s
[2025-10-17T07:11:29.853+0000] {spark_submit.py:492} INFO - 25/10/17 07:11:29 INFO CodeGenerator: Code generated in 91.566716 ms
[2025-10-17T07:11:29.955+0000] {spark_submit.py:492} INFO - +----------+----------+-----------+--------+----------+-----------+-----------+------+
[2025-10-17T07:11:30.052+0000] {spark_submit.py:492} INFO - |      date|   product|   category|quantity|unit_price|total_sales|customer_id|region|
[2025-10-17T07:11:30.053+0000] {spark_submit.py:492} INFO - +----------+----------+-----------+--------+----------+-----------+-----------+------+
[2025-10-17T07:11:30.056+0000] {spark_submit.py:492} INFO - |2024-01-01|    Laptop|Electronics|       2|    999.99|    1999.98|       C001| North|
[2025-10-17T07:11:30.089+0000] {spark_submit.py:492} INFO - |2024-01-01|     Mouse|Electronics|       5|     29.99|     149.95|       C002| South|
[2025-10-17T07:11:30.340+0000] {spark_submit.py:492} INFO - |2024-01-02|  Keyboard|Electronics|       3|     89.99|     269.97|       C003|  East|
[2025-10-17T07:11:30.751+0000] {spark_submit.py:492} INFO - |2024-01-02|   Monitor|Electronics|       1|    299.99|     299.99|       C001| North|
[2025-10-17T07:11:30.752+0000] {spark_submit.py:492} INFO - |2024-01-03|Headphones|Electronics|       4|     79.99|     319.96|       C004|  West|
[2025-10-17T07:11:30.753+0000] {spark_submit.py:492} INFO - |2024-01-03| SSD Drive|Electronics|       2|    159.99|     319.98|       C005| South|
[2025-10-17T07:11:30.754+0000] {spark_submit.py:492} INFO - |2024-01-04|    Webcam|Electronics|       3|     69.99|     209.97|       C002| South|
[2025-10-17T07:11:30.755+0000] {spark_submit.py:492} INFO - |2024-01-04| USB Cable|Accessories|      10|      9.99|      99.90|       C003|  East|
[2025-10-17T07:11:30.756+0000] {spark_submit.py:492} INFO - |2024-01-05|Power Bank|Accessories|       5|     49.99|     249.95|       C004|  West|
[2025-10-17T07:11:30.757+0000] {spark_submit.py:492} INFO - |2024-01-05|Phone Case|Accessories|       8|     19.99|     159.92|       C005| South|
[2025-10-17T07:11:30.758+0000] {spark_submit.py:492} INFO - +----------+----------+-----------+--------+----------+-----------+-----------+------+
[2025-10-17T07:11:30.759+0000] {spark_submit.py:492} INFO - 
[2025-10-17T07:11:30.761+0000] {spark_submit.py:492} INFO - 25/10/17 07:11:30 INFO SparkContext: SparkContext is stopping with exitCode 0.
[2025-10-17T07:11:31.086+0000] {spark_submit.py:492} INFO - 25/10/17 07:11:31 INFO SparkUI: Stopped Spark web UI at http://673fe1495c96:4040
[2025-10-17T07:11:31.276+0000] {spark_submit.py:492} INFO - 25/10/17 07:11:31 INFO MapOutputTrackerMasterEndpoint: MapOutputTrackerMasterEndpoint stopped!
[2025-10-17T07:11:31.517+0000] {spark_submit.py:492} INFO - 25/10/17 07:11:31 INFO MemoryStore: MemoryStore cleared
[2025-10-17T07:11:31.563+0000] {spark_submit.py:492} INFO - 25/10/17 07:11:31 INFO BlockManager: BlockManager stopped
[2025-10-17T07:11:31.677+0000] {spark_submit.py:492} INFO - 25/10/17 07:11:31 INFO BlockManagerMaster: BlockManagerMaster stopped
[2025-10-17T07:11:31.695+0000] {spark_submit.py:492} INFO - 25/10/17 07:11:31 INFO OutputCommitCoordinator$OutputCommitCoordinatorEndpoint: OutputCommitCoordinator stopped!
[2025-10-17T07:11:31.780+0000] {spark_submit.py:492} INFO - 25/10/17 07:11:31 INFO SparkContext: Successfully stopped SparkContext
[2025-10-17T07:11:34.495+0000] {spark_submit.py:492} INFO - 25/10/17 07:11:34 INFO ShutdownHookManager: Shutdown hook called
[2025-10-17T07:11:34.499+0000] {spark_submit.py:492} INFO - 25/10/17 07:11:34 INFO ShutdownHookManager: Deleting directory /tmp/spark-910cde4d-9835-41e2-8ebd-2fd945bb20ac
[2025-10-17T07:11:34.556+0000] {spark_submit.py:492} INFO - 25/10/17 07:11:34 INFO ShutdownHookManager: Deleting directory /tmp/spark-d5debfa0-6766-4299-82e3-5f46923b0674
[2025-10-17T07:11:34.653+0000] {spark_submit.py:492} INFO - 25/10/17 07:11:34 INFO ShutdownHookManager: Deleting directory /tmp/spark-d5debfa0-6766-4299-82e3-5f46923b0674/pyspark-c26194b9-8899-4fe9-8cd6-f960395ca39a
[2025-10-17T07:11:35.290+0000] {taskinstance.py:1138} INFO - Marking task as SUCCESS. dag_id=my_dag, task_id=submit_job, execution_date=20251017T070912, start_date=20251017T070936, end_date=20251017T071135
[2025-10-17T07:11:35.493+0000] {local_task_job_runner.py:234} INFO - Task exited with return code 0
[2025-10-17T07:11:35.596+0000] {taskinstance.py:3280} INFO - 0 downstream tasks scheduled from follow-on schedule check
