[2025-10-23T16:07:03.729+0000] {taskinstance.py:1956} INFO - Dependencies all met for dep_context=non-requeueable deps ti=<TaskInstance: etl_csv_to_postgres.spark_load_csv_to_postgres manual__2025-10-23T16:06:59.881052+00:00 [queued]>
[2025-10-23T16:07:03.770+0000] {taskinstance.py:1956} INFO - Dependencies all met for dep_context=requeueable deps ti=<TaskInstance: etl_csv_to_postgres.spark_load_csv_to_postgres manual__2025-10-23T16:06:59.881052+00:00 [queued]>
[2025-10-23T16:07:03.774+0000] {taskinstance.py:2170} INFO - Starting attempt 1 of 2
[2025-10-23T16:07:03.887+0000] {taskinstance.py:2191} INFO - Executing <Task(SparkSubmitOperator): spark_load_csv_to_postgres> on 2025-10-23 16:06:59.881052+00:00
[2025-10-23T16:07:03.907+0000] {standard_task_runner.py:60} INFO - Started process 518 to run task
[2025-10-23T16:07:03.925+0000] {standard_task_runner.py:87} INFO - Running: ['***', 'tasks', 'run', 'etl_csv_to_postgres', 'spark_load_csv_to_postgres', 'manual__2025-10-23T16:06:59.881052+00:00', '--job-id', '167', '--raw', '--subdir', 'DAGS_FOLDER/dag_csv_to_postgres_dag.py', '--cfg-path', '/tmp/tmpyyzr5gjo']
[2025-10-23T16:07:03.929+0000] {standard_task_runner.py:88} INFO - Job 167: Subtask spark_load_csv_to_postgres
[2025-10-23T16:07:04.103+0000] {task_command.py:423} INFO - Running <TaskInstance: etl_csv_to_postgres.spark_load_csv_to_postgres manual__2025-10-23T16:06:59.881052+00:00 [running]> on host 2ef039423968
[2025-10-23T16:07:04.431+0000] {taskinstance.py:2480} INFO - Exporting env vars: AIRFLOW_CTX_DAG_OWNER='winardi' AIRFLOW_CTX_DAG_ID='etl_csv_to_postgres' AIRFLOW_CTX_TASK_ID='spark_load_csv_to_postgres' AIRFLOW_CTX_EXECUTION_DATE='2025-10-23T16:06:59.881052+00:00' AIRFLOW_CTX_TRY_NUMBER='1' AIRFLOW_CTX_DAG_RUN_ID='manual__2025-10-23T16:06:59.881052+00:00'
[2025-10-23T16:07:04.528+0000] {base.py:83} INFO - Using connection ID 'spark_conn' for task execution.
[2025-10-23T16:07:04.535+0000] {spark_submit.py:341} INFO - Spark-Submit cmd: spark-submit --master local --conf spark.master=local[*] --name spark_load_csv_to_postgres --verbose /opt/***/include/scripts/load_csv_to_postgres.py
[2025-10-23T16:07:14.260+0000] {spark_submit.py:492} INFO - Using properties file: null
[2025-10-23T16:07:15.452+0000] {spark_submit.py:492} INFO - Parsed arguments:
[2025-10-23T16:07:15.453+0000] {spark_submit.py:492} INFO - master                  local
[2025-10-23T16:07:15.456+0000] {spark_submit.py:492} INFO - remote                  null
[2025-10-23T16:07:15.467+0000] {spark_submit.py:492} INFO - deployMode              null
[2025-10-23T16:07:15.471+0000] {spark_submit.py:492} INFO - executorMemory          null
[2025-10-23T16:07:15.481+0000] {spark_submit.py:492} INFO - executorCores           null
[2025-10-23T16:07:15.483+0000] {spark_submit.py:492} INFO - totalExecutorCores      null
[2025-10-23T16:07:15.500+0000] {spark_submit.py:492} INFO - propertiesFile          null
[2025-10-23T16:07:15.502+0000] {spark_submit.py:492} INFO - driverMemory            null
[2025-10-23T16:07:15.528+0000] {spark_submit.py:492} INFO - driverCores             null
[2025-10-23T16:07:15.556+0000] {spark_submit.py:492} INFO - driverExtraClassPath    null
[2025-10-23T16:07:15.598+0000] {spark_submit.py:492} INFO - driverExtraLibraryPath  null
[2025-10-23T16:07:15.611+0000] {spark_submit.py:492} INFO - driverExtraJavaOptions  null
[2025-10-23T16:07:15.614+0000] {spark_submit.py:492} INFO - supervise               false
[2025-10-23T16:07:15.616+0000] {spark_submit.py:492} INFO - queue                   null
[2025-10-23T16:07:15.627+0000] {spark_submit.py:492} INFO - numExecutors            null
[2025-10-23T16:07:15.629+0000] {spark_submit.py:492} INFO - files                   null
[2025-10-23T16:07:15.630+0000] {spark_submit.py:492} INFO - pyFiles                 null
[2025-10-23T16:07:15.632+0000] {spark_submit.py:492} INFO - archives                null
[2025-10-23T16:07:15.637+0000] {spark_submit.py:492} INFO - mainClass               null
[2025-10-23T16:07:15.652+0000] {spark_submit.py:492} INFO - primaryResource         file:/opt/***/include/scripts/load_csv_to_postgres.py
[2025-10-23T16:07:15.657+0000] {spark_submit.py:492} INFO - name                    spark_load_csv_to_postgres
[2025-10-23T16:07:15.660+0000] {spark_submit.py:492} INFO - childArgs               []
[2025-10-23T16:07:15.661+0000] {spark_submit.py:492} INFO - jars                    null
[2025-10-23T16:07:15.665+0000] {spark_submit.py:492} INFO - packages                null
[2025-10-23T16:07:15.666+0000] {spark_submit.py:492} INFO - packagesExclusions      null
[2025-10-23T16:07:15.668+0000] {spark_submit.py:492} INFO - repositories            null
[2025-10-23T16:07:15.670+0000] {spark_submit.py:492} INFO - verbose                 true
[2025-10-23T16:07:15.673+0000] {spark_submit.py:492} INFO - 
[2025-10-23T16:07:15.674+0000] {spark_submit.py:492} INFO - Spark properties used, including those specified through
[2025-10-23T16:07:15.675+0000] {spark_submit.py:492} INFO - --conf and those from the properties file null:
[2025-10-23T16:07:15.677+0000] {spark_submit.py:492} INFO - (spark.master,local[*])
[2025-10-23T16:07:15.679+0000] {spark_submit.py:492} INFO - 
[2025-10-23T16:07:15.680+0000] {spark_submit.py:492} INFO - 
[2025-10-23T16:07:17.360+0000] {spark_submit.py:492} INFO - Main class:
[2025-10-23T16:07:17.390+0000] {spark_submit.py:492} INFO - org.apache.spark.deploy.PythonRunner
[2025-10-23T16:07:17.404+0000] {spark_submit.py:492} INFO - Arguments:
[2025-10-23T16:07:17.464+0000] {spark_submit.py:492} INFO - file:/opt/***/include/scripts/load_csv_to_postgres.py
[2025-10-23T16:07:17.479+0000] {spark_submit.py:492} INFO - null
[2025-10-23T16:07:17.481+0000] {spark_submit.py:492} INFO - Spark config:
[2025-10-23T16:07:17.484+0000] {spark_submit.py:492} INFO - (spark.app.name,spark_load_csv_to_postgres)
[2025-10-23T16:07:17.487+0000] {spark_submit.py:492} INFO - (spark.app.submitTime,1761235637243)
[2025-10-23T16:07:17.491+0000] {spark_submit.py:492} INFO - (spark.master,local)
[2025-10-23T16:07:17.502+0000] {spark_submit.py:492} INFO - (spark.submit.deployMode,client)
[2025-10-23T16:07:17.512+0000] {spark_submit.py:492} INFO - (spark.submit.pyFiles,)
[2025-10-23T16:07:17.514+0000] {spark_submit.py:492} INFO - Classpath elements:
[2025-10-23T16:07:17.515+0000] {spark_submit.py:492} INFO - 
[2025-10-23T16:07:17.516+0000] {spark_submit.py:492} INFO - 
[2025-10-23T16:07:17.517+0000] {spark_submit.py:492} INFO - 
[2025-10-23T16:07:55.662+0000] {spark_submit.py:492} INFO - [[34m2025-10-23T16:07:55.661+0000[0m] {[34mbase.py:[0m83} INFO[0m - Using connection ID 'pg_conn' for task execution.[0m
[2025-10-23T16:07:56.560+0000] {spark_submit.py:492} INFO - 25/10/23 16:07:56 INFO SparkContext: Running Spark version 3.5.1
[2025-10-23T16:07:56.570+0000] {spark_submit.py:492} INFO - 25/10/23 16:07:56 INFO SparkContext: OS info Linux, 6.6.87.2-microsoft-standard-WSL2, amd64
[2025-10-23T16:07:56.571+0000] {spark_submit.py:492} INFO - 25/10/23 16:07:56 INFO SparkContext: Java version 17.0.16
[2025-10-23T16:07:57.277+0000] {spark_submit.py:492} INFO - 25/10/23 16:07:57 WARN NativeCodeLoader: Unable to load native-hadoop library for your platform... using builtin-java classes where applicable
[2025-10-23T16:08:01.035+0000] {spark_submit.py:492} INFO - 25/10/23 16:08:01 INFO ResourceUtils: ==============================================================
[2025-10-23T16:08:01.036+0000] {spark_submit.py:492} INFO - 25/10/23 16:08:01 INFO ResourceUtils: No custom resources configured for spark.driver.
[2025-10-23T16:08:01.038+0000] {spark_submit.py:492} INFO - 25/10/23 16:08:01 INFO ResourceUtils: ==============================================================
[2025-10-23T16:08:01.039+0000] {spark_submit.py:492} INFO - 25/10/23 16:08:01 INFO SparkContext: Submitted application: Load CSV to Postgres
[2025-10-23T16:08:01.212+0000] {spark_submit.py:492} INFO - 25/10/23 16:08:01 INFO ResourceProfile: Default ResourceProfile created, executor resources: Map(cores -> name: cores, amount: 1, script: , vendor: , memory -> name: memory, amount: 1024, script: , vendor: , offHeap -> name: offHeap, amount: 0, script: , vendor: ), task resources: Map(cpus -> name: cpus, amount: 1.0)
[2025-10-23T16:08:01.238+0000] {spark_submit.py:492} INFO - 25/10/23 16:08:01 INFO ResourceProfile: Limiting resource is cpu
[2025-10-23T16:08:01.238+0000] {spark_submit.py:492} INFO - 25/10/23 16:08:01 INFO ResourceProfileManager: Added ResourceProfile id: 0
[2025-10-23T16:08:01.718+0000] {spark_submit.py:492} INFO - 25/10/23 16:08:01 INFO SecurityManager: Changing view acls to: ***
[2025-10-23T16:08:01.720+0000] {spark_submit.py:492} INFO - 25/10/23 16:08:01 INFO SecurityManager: Changing modify acls to: ***
[2025-10-23T16:08:01.722+0000] {spark_submit.py:492} INFO - 25/10/23 16:08:01 INFO SecurityManager: Changing view acls groups to:
[2025-10-23T16:08:01.725+0000] {spark_submit.py:492} INFO - 25/10/23 16:08:01 INFO SecurityManager: Changing modify acls groups to:
[2025-10-23T16:08:01.726+0000] {spark_submit.py:492} INFO - 25/10/23 16:08:01 INFO SecurityManager: SecurityManager: authentication disabled; ui acls disabled; users with view permissions: ***; groups with view permissions: EMPTY; users with modify permissions: ***; groups with modify permissions: EMPTY
[2025-10-23T16:08:04.870+0000] {spark_submit.py:492} INFO - 25/10/23 16:08:04 INFO Utils: Successfully started service 'sparkDriver' on port 33619.
[2025-10-23T16:08:05.526+0000] {spark_submit.py:492} INFO - 25/10/23 16:08:05 INFO SparkEnv: Registering MapOutputTracker
[2025-10-23T16:08:05.606+0000] {spark_submit.py:492} INFO - 25/10/23 16:08:05 INFO SparkEnv: Registering BlockManagerMaster
[2025-10-23T16:08:05.636+0000] {spark_submit.py:492} INFO - 25/10/23 16:08:05 INFO BlockManagerMasterEndpoint: Using org.apache.spark.storage.DefaultTopologyMapper for getting topology information
[2025-10-23T16:08:05.637+0000] {spark_submit.py:492} INFO - 25/10/23 16:08:05 INFO BlockManagerMasterEndpoint: BlockManagerMasterEndpoint up
[2025-10-23T16:08:05.646+0000] {spark_submit.py:492} INFO - 25/10/23 16:08:05 INFO SparkEnv: Registering BlockManagerMasterHeartbeat
[2025-10-23T16:08:05.756+0000] {spark_submit.py:492} INFO - 25/10/23 16:08:05 INFO DiskBlockManager: Created local directory at /tmp/blockmgr-a56abbdc-24ae-4c9f-9d60-d282ac2ef946
[2025-10-23T16:08:05.816+0000] {spark_submit.py:492} INFO - 25/10/23 16:08:05 INFO MemoryStore: MemoryStore started with capacity 413.9 MiB
[2025-10-23T16:08:05.960+0000] {spark_submit.py:492} INFO - 25/10/23 16:08:05 INFO SparkEnv: Registering OutputCommitCoordinator
[2025-10-23T16:08:06.482+0000] {spark_submit.py:492} INFO - 25/10/23 16:08:06 INFO JettyUtils: Start Jetty 0.0.0.0:4040 for SparkUI
[2025-10-23T16:08:07.294+0000] {spark_submit.py:492} INFO - 25/10/23 16:08:07 INFO Utils: Successfully started service 'SparkUI' on port 4040.
[2025-10-23T16:08:09.582+0000] {spark_submit.py:492} INFO - 25/10/23 16:08:09 INFO Executor: Starting executor ID driver on host 2ef039423968
[2025-10-23T16:08:09.586+0000] {spark_submit.py:492} INFO - 25/10/23 16:08:09 INFO Executor: OS info Linux, 6.6.87.2-microsoft-standard-WSL2, amd64
[2025-10-23T16:08:09.587+0000] {spark_submit.py:492} INFO - 25/10/23 16:08:09 INFO Executor: Java version 17.0.16
[2025-10-23T16:08:09.774+0000] {spark_submit.py:492} INFO - 25/10/23 16:08:09 INFO Executor: Starting executor with user classpath (userClassPathFirst = false): ''
[2025-10-23T16:08:09.776+0000] {spark_submit.py:492} INFO - 25/10/23 16:08:09 INFO Executor: Created or updated repl class loader org.apache.spark.util.MutableURLClassLoader@9fab699 for default.
[2025-10-23T16:08:10.087+0000] {spark_submit.py:492} INFO - 25/10/23 16:08:10 INFO Utils: Successfully started service 'org.apache.spark.network.netty.NettyBlockTransferService' on port 40541.
[2025-10-23T16:08:10.088+0000] {spark_submit.py:492} INFO - 25/10/23 16:08:10 INFO NettyBlockTransferService: Server created on 2ef039423968:40541
[2025-10-23T16:08:10.098+0000] {spark_submit.py:492} INFO - 25/10/23 16:08:10 INFO BlockManager: Using org.apache.spark.storage.RandomBlockReplicationPolicy for block replication policy
[2025-10-23T16:08:10.305+0000] {spark_submit.py:492} INFO - 25/10/23 16:08:10 INFO BlockManagerMaster: Registering BlockManager BlockManagerId(driver, 2ef039423968, 40541, None)
[2025-10-23T16:08:10.315+0000] {spark_submit.py:492} INFO - 25/10/23 16:08:10 INFO BlockManagerMasterEndpoint: Registering block manager 2ef039423968:40541 with 413.9 MiB RAM, BlockManagerId(driver, 2ef039423968, 40541, None)
[2025-10-23T16:08:10.410+0000] {spark_submit.py:492} INFO - 25/10/23 16:08:10 INFO BlockManagerMaster: Registered BlockManager BlockManagerId(driver, 2ef039423968, 40541, None)
[2025-10-23T16:08:10.411+0000] {spark_submit.py:492} INFO - 25/10/23 16:08:10 INFO BlockManager: Initialized BlockManager: BlockManagerId(driver, 2ef039423968, 40541, None)
[2025-10-23T16:08:29.299+0000] {spark_submit.py:492} INFO - 25/10/23 16:08:29 INFO SharedState: Setting hive.metastore.warehouse.dir ('null') to the value of spark.sql.warehouse.dir.
[2025-10-23T16:08:29.412+0000] {spark_submit.py:492} INFO - 25/10/23 16:08:29 INFO SharedState: Warehouse path is 'file:/opt/***/spark-warehouse'.
[2025-10-23T16:08:49.338+0000] {spark_submit.py:492} INFO - 25/10/23 16:08:49 INFO InMemoryFileIndex: It took 501 ms to list leaf files for 1 paths.
[2025-10-23T16:08:50.451+0000] {spark_submit.py:492} INFO - 25/10/23 16:08:50 INFO InMemoryFileIndex: It took 102 ms to list leaf files for 1 paths.
[2025-10-23T16:09:31.281+0000] {spark_submit.py:492} INFO - 25/10/23 16:09:31 INFO FileSourceStrategy: Pushed Filters:
[2025-10-23T16:09:31.367+0000] {spark_submit.py:492} INFO - 25/10/23 16:09:31 INFO FileSourceStrategy: Post-Scan Filters: (length(trim(value#0, None)) > 0)
[2025-10-23T16:09:44.403+0000] {spark_submit.py:492} INFO - 25/10/23 16:09:44 INFO CodeGenerator: Code generated in 3936.396263 ms
[2025-10-23T16:09:45.910+0000] {spark_submit.py:492} INFO - 25/10/23 16:09:45 INFO MemoryStore: Block broadcast_0 stored as values in memory (estimated size 199.6 KiB, free 413.7 MiB)
[2025-10-23T16:09:47.108+0000] {spark_submit.py:492} INFO - 25/10/23 16:09:47 INFO MemoryStore: Block broadcast_0_piece0 stored as bytes in memory (estimated size 34.2 KiB, free 413.7 MiB)
[2025-10-23T16:09:47.139+0000] {spark_submit.py:492} INFO - 25/10/23 16:09:47 INFO BlockManagerInfo: Added broadcast_0_piece0 in memory on 2ef039423968:40541 (size: 34.2 KiB, free: 413.9 MiB)
[2025-10-23T16:09:47.328+0000] {spark_submit.py:492} INFO - 25/10/23 16:09:47 INFO SparkContext: Created broadcast 0 from csv at NativeMethodAccessorImpl.java:0
[2025-10-23T16:09:47.727+0000] {spark_submit.py:492} INFO - 25/10/23 16:09:47 INFO FileSourceScanExec: Planning scan with bin packing, max size: 49020463 bytes, open cost is considered as scanning 4194304 bytes.
[2025-10-23T16:09:51.015+0000] {spark_submit.py:492} INFO - 25/10/23 16:09:51 INFO SparkContext: Starting job: csv at NativeMethodAccessorImpl.java:0
[2025-10-23T16:09:51.459+0000] {spark_submit.py:492} INFO - 25/10/23 16:09:51 INFO DAGScheduler: Got job 0 (csv at NativeMethodAccessorImpl.java:0) with 1 output partitions
[2025-10-23T16:09:51.467+0000] {spark_submit.py:492} INFO - 25/10/23 16:09:51 INFO DAGScheduler: Final stage: ResultStage 0 (csv at NativeMethodAccessorImpl.java:0)
[2025-10-23T16:09:51.468+0000] {spark_submit.py:492} INFO - 25/10/23 16:09:51 INFO DAGScheduler: Parents of final stage: List()
[2025-10-23T16:09:51.472+0000] {spark_submit.py:492} INFO - 25/10/23 16:09:51 INFO DAGScheduler: Missing parents: List()
[2025-10-23T16:09:51.519+0000] {spark_submit.py:492} INFO - 25/10/23 16:09:51 INFO DAGScheduler: Submitting ResultStage 0 (MapPartitionsRDD[3] at csv at NativeMethodAccessorImpl.java:0), which has no missing parents
[2025-10-23T16:09:53.102+0000] {spark_submit.py:492} INFO - 25/10/23 16:09:53 INFO MemoryStore: Block broadcast_1 stored as values in memory (estimated size 13.5 KiB, free 413.7 MiB)
[2025-10-23T16:09:53.109+0000] {spark_submit.py:492} INFO - 25/10/23 16:09:53 INFO MemoryStore: Block broadcast_1_piece0 stored as bytes in memory (estimated size 6.4 KiB, free 413.7 MiB)
[2025-10-23T16:09:53.112+0000] {spark_submit.py:492} INFO - 25/10/23 16:09:53 INFO BlockManagerInfo: Added broadcast_1_piece0 in memory on 2ef039423968:40541 (size: 6.4 KiB, free: 413.9 MiB)
[2025-10-23T16:09:53.113+0000] {spark_submit.py:492} INFO - 25/10/23 16:09:53 INFO SparkContext: Created broadcast 1 from broadcast at DAGScheduler.scala:1585
[2025-10-23T16:09:53.338+0000] {spark_submit.py:492} INFO - 25/10/23 16:09:53 INFO DAGScheduler: Submitting 1 missing tasks from ResultStage 0 (MapPartitionsRDD[3] at csv at NativeMethodAccessorImpl.java:0) (first 15 tasks are for partitions Vector(0))
[2025-10-23T16:09:53.417+0000] {spark_submit.py:492} INFO - 25/10/23 16:09:53 INFO TaskSchedulerImpl: Adding task set 0.0 with 1 tasks resource profile 0
[2025-10-23T16:09:54.013+0000] {spark_submit.py:492} INFO - 25/10/23 16:09:54 INFO TaskSetManager: Starting task 0.0 in stage 0.0 (TID 0) (2ef039423968, executor driver, partition 0, PROCESS_LOCAL, 8232 bytes)
[2025-10-23T16:09:54.114+0000] {spark_submit.py:492} INFO - 25/10/23 16:09:54 INFO Executor: Running task 0.0 in stage 0.0 (TID 0)
[2025-10-23T16:09:55.830+0000] {spark_submit.py:492} INFO - 25/10/23 16:09:55 INFO CodeGenerator: Code generated in 198.18639 ms
[2025-10-23T16:09:55.903+0000] {spark_submit.py:492} INFO - 25/10/23 16:09:55 INFO FileScanRDD: Reading File path: file:///opt/***/include/dfTransjakarta180kRows.csv, range: 0-44826159, partition values: [empty row]
[2025-10-23T16:09:56.235+0000] {spark_submit.py:492} INFO - 25/10/23 16:09:56 INFO CodeGenerator: Code generated in 185.11614 ms
[2025-10-23T16:09:58.307+0000] {spark_submit.py:492} INFO - 25/10/23 16:09:58 INFO Executor: Finished task 0.0 in stage 0.0 (TID 0). 1829 bytes result sent to driver
[2025-10-23T16:09:58.509+0000] {spark_submit.py:492} INFO - 25/10/23 16:09:58 INFO TaskSetManager: Finished task 0.0 in stage 0.0 (TID 0) in 4590 ms on 2ef039423968 (executor driver) (1/1)
[2025-10-23T16:09:58.513+0000] {spark_submit.py:492} INFO - 25/10/23 16:09:58 INFO TaskSchedulerImpl: Removed TaskSet 0.0, whose tasks have all completed, from pool
[2025-10-23T16:09:58.605+0000] {spark_submit.py:492} INFO - 25/10/23 16:09:58 INFO DAGScheduler: ResultStage 0 (csv at NativeMethodAccessorImpl.java:0) finished in 6.702 s
[2025-10-23T16:09:58.623+0000] {spark_submit.py:492} INFO - 25/10/23 16:09:58 INFO DAGScheduler: Job 0 is finished. Cancelling potential speculative or zombie tasks for this job
[2025-10-23T16:09:58.702+0000] {spark_submit.py:492} INFO - 25/10/23 16:09:58 INFO TaskSchedulerImpl: Killing all running tasks in stage 0: Stage finished
[2025-10-23T16:09:58.726+0000] {spark_submit.py:492} INFO - 25/10/23 16:09:58 INFO DAGScheduler: Job 0 finished: csv at NativeMethodAccessorImpl.java:0, took 7.609047 s
[2025-10-23T16:09:58.906+0000] {spark_submit.py:492} INFO - 25/10/23 16:09:58 INFO CodeGenerator: Code generated in 21.36384 ms
[2025-10-23T16:10:00.130+0000] {spark_submit.py:492} INFO - 25/10/23 16:10:00 INFO FileSourceStrategy: Pushed Filters:
[2025-10-23T16:10:00.202+0000] {spark_submit.py:492} INFO - 25/10/23 16:10:00 INFO FileSourceStrategy: Post-Scan Filters:
[2025-10-23T16:10:00.305+0000] {spark_submit.py:492} INFO - 25/10/23 16:10:00 INFO MemoryStore: Block broadcast_2 stored as values in memory (estimated size 199.6 KiB, free 413.5 MiB)
[2025-10-23T16:10:00.627+0000] {spark_submit.py:492} INFO - 25/10/23 16:10:00 INFO MemoryStore: Block broadcast_2_piece0 stored as bytes in memory (estimated size 34.2 KiB, free 413.4 MiB)
[2025-10-23T16:10:00.723+0000] {spark_submit.py:492} INFO - 25/10/23 16:10:00 INFO BlockManagerInfo: Added broadcast_2_piece0 in memory on 2ef039423968:40541 (size: 34.2 KiB, free: 413.9 MiB)
[2025-10-23T16:10:00.802+0000] {spark_submit.py:492} INFO - 25/10/23 16:10:00 INFO SparkContext: Created broadcast 2 from csv at NativeMethodAccessorImpl.java:0
[2025-10-23T16:10:00.816+0000] {spark_submit.py:492} INFO - 25/10/23 16:10:00 INFO FileSourceScanExec: Planning scan with bin packing, max size: 49020463 bytes, open cost is considered as scanning 4194304 bytes.
[2025-10-23T16:10:08.454+0000] {spark_submit.py:492} INFO - 25/10/23 16:10:08 INFO SparkContext: Starting job: csv at NativeMethodAccessorImpl.java:0
[2025-10-23T16:10:08.505+0000] {spark_submit.py:492} INFO - 25/10/23 16:10:08 INFO DAGScheduler: Got job 1 (csv at NativeMethodAccessorImpl.java:0) with 1 output partitions
[2025-10-23T16:10:08.516+0000] {spark_submit.py:492} INFO - 25/10/23 16:10:08 INFO DAGScheduler: Final stage: ResultStage 1 (csv at NativeMethodAccessorImpl.java:0)
[2025-10-23T16:10:08.531+0000] {spark_submit.py:492} INFO - 25/10/23 16:10:08 INFO DAGScheduler: Parents of final stage: List()
[2025-10-23T16:10:08.532+0000] {spark_submit.py:492} INFO - 25/10/23 16:10:08 INFO DAGScheduler: Missing parents: List()
[2025-10-23T16:10:08.546+0000] {spark_submit.py:492} INFO - 25/10/23 16:10:08 INFO DAGScheduler: Submitting ResultStage 1 (MapPartitionsRDD[9] at csv at NativeMethodAccessorImpl.java:0), which has no missing parents
[2025-10-23T16:10:09.321+0000] {spark_submit.py:492} INFO - 25/10/23 16:10:09 INFO MemoryStore: Block broadcast_3 stored as values in memory (estimated size 27.9 KiB, free 413.4 MiB)
[2025-10-23T16:10:09.431+0000] {spark_submit.py:492} INFO - 25/10/23 16:10:09 INFO MemoryStore: Block broadcast_3_piece0 stored as bytes in memory (estimated size 12.8 KiB, free 413.4 MiB)
[2025-10-23T16:10:09.519+0000] {spark_submit.py:492} INFO - 25/10/23 16:10:09 INFO BlockManagerInfo: Added broadcast_3_piece0 in memory on 2ef039423968:40541 (size: 12.8 KiB, free: 413.8 MiB)
[2025-10-23T16:10:10.747+0000] {spark_submit.py:492} INFO - 25/10/23 16:10:10 INFO SparkContext: Created broadcast 3 from broadcast at DAGScheduler.scala:1585
[2025-10-23T16:10:10.771+0000] {spark_submit.py:492} INFO - 25/10/23 16:10:10 INFO DAGScheduler: Submitting 1 missing tasks from ResultStage 1 (MapPartitionsRDD[9] at csv at NativeMethodAccessorImpl.java:0) (first 15 tasks are for partitions Vector(0))
[2025-10-23T16:10:10.787+0000] {spark_submit.py:492} INFO - 25/10/23 16:10:10 INFO TaskSchedulerImpl: Adding task set 1.0 with 1 tasks resource profile 0
[2025-10-23T16:10:12.804+0000] {spark_submit.py:492} INFO - 25/10/23 16:10:10 INFO TaskSetManager: Starting task 0.0 in stage 1.0 (TID 1) (2ef039423968, executor driver, partition 0, PROCESS_LOCAL, 8232 bytes)
[2025-10-23T16:10:12.809+0000] {spark_submit.py:492} INFO - 25/10/23 16:10:10 INFO Executor: Running task 0.0 in stage 1.0 (TID 1)
[2025-10-23T16:10:13.805+0000] {spark_submit.py:492} INFO - 25/10/23 16:10:13 INFO CodeGenerator: Code generated in 267.14949 ms
[2025-10-23T16:10:13.824+0000] {spark_submit.py:492} INFO - 25/10/23 16:10:13 INFO FileScanRDD: Reading File path: file:///opt/***/include/dfTransjakarta180kRows.csv, range: 0-44826159, partition values: [empty row]
[2025-10-23T16:10:49.349+0000] {spark_submit.py:492} INFO - 25/10/23 16:10:49 INFO Executor: Finished task 0.0 in stage 1.0 (TID 1). 1908 bytes result sent to driver
[2025-10-23T16:10:49.366+0000] {spark_submit.py:492} INFO - 25/10/23 16:10:49 INFO TaskSetManager: Finished task 0.0 in stage 1.0 (TID 1) in 38658 ms on 2ef039423968 (executor driver) (1/1)
[2025-10-23T16:10:49.372+0000] {spark_submit.py:492} INFO - 25/10/23 16:10:49 INFO TaskSchedulerImpl: Removed TaskSet 1.0, whose tasks have all completed, from pool
[2025-10-23T16:10:49.373+0000] {spark_submit.py:492} INFO - 25/10/23 16:10:49 INFO DAGScheduler: ResultStage 1 (csv at NativeMethodAccessorImpl.java:0) finished in 40.795 s
[2025-10-23T16:10:49.446+0000] {spark_submit.py:492} INFO - 25/10/23 16:10:49 INFO DAGScheduler: Job 1 is finished. Cancelling potential speculative or zombie tasks for this job
[2025-10-23T16:10:49.461+0000] {spark_submit.py:492} INFO - 25/10/23 16:10:49 INFO TaskSchedulerImpl: Killing all running tasks in stage 1: Stage finished
[2025-10-23T16:10:49.463+0000] {spark_submit.py:492} INFO - 25/10/23 16:10:49 INFO DAGScheduler: Job 1 finished: csv at NativeMethodAccessorImpl.java:0, took 34.861646 s
[2025-10-23T16:10:55.664+0000] {spark_submit.py:492} INFO - Traceback (most recent call last):
[2025-10-23T16:10:55.666+0000] {spark_submit.py:492} INFO - File "/opt/***/include/scripts/load_csv_to_postgres.py", line 61, in <module>
[2025-10-23T16:10:55.679+0000] {spark_submit.py:492} INFO - df.write.jdbc(
[2025-10-23T16:10:55.682+0000] {spark_submit.py:492} INFO - File "/opt/spark/python/lib/pyspark.zip/pyspark/sql/readwriter.py", line 1984, in jdbc
[2025-10-23T16:10:55.688+0000] {spark_submit.py:492} INFO - File "/opt/spark/python/lib/py4j-0.10.9.7-src.zip/py4j/java_gateway.py", line 1322, in __call__
[2025-10-23T16:10:55.691+0000] {spark_submit.py:492} INFO - File "/opt/spark/python/lib/pyspark.zip/pyspark/errors/exceptions/captured.py", line 179, in deco
[2025-10-23T16:10:55.694+0000] {spark_submit.py:492} INFO - File "/opt/spark/python/lib/py4j-0.10.9.7-src.zip/py4j/protocol.py", line 326, in get_return_value
[2025-10-23T16:10:55.697+0000] {spark_submit.py:492} INFO - py4j.protocol.Py4JJavaError: An error occurred while calling o80.jdbc.
[2025-10-23T16:10:55.702+0000] {spark_submit.py:492} INFO - : java.lang.ClassNotFoundException: org.postgresql.Driver
[2025-10-23T16:10:55.745+0000] {spark_submit.py:492} INFO - at java.base/java.net.URLClassLoader.findClass(URLClassLoader.java:445)
[2025-10-23T16:10:55.769+0000] {spark_submit.py:492} INFO - at java.base/java.lang.ClassLoader.loadClass(ClassLoader.java:592)
[2025-10-23T16:10:55.781+0000] {spark_submit.py:492} INFO - at java.base/java.lang.ClassLoader.loadClass(ClassLoader.java:525)
[2025-10-23T16:10:55.782+0000] {spark_submit.py:492} INFO - at org.apache.spark.sql.execution.datasources.jdbc.DriverRegistry$.register(DriverRegistry.scala:46)
[2025-10-23T16:10:55.790+0000] {spark_submit.py:492} INFO - at org.apache.spark.sql.execution.datasources.jdbc.JDBCOptions.$anonfun$driverClass$1(JDBCOptions.scala:103)
[2025-10-23T16:10:55.845+0000] {spark_submit.py:492} INFO - at org.apache.spark.sql.execution.datasources.jdbc.JDBCOptions.$anonfun$driverClass$1$adapted(JDBCOptions.scala:103)
[2025-10-23T16:10:55.853+0000] {spark_submit.py:492} INFO - at scala.Option.foreach(Option.scala:407)
[2025-10-23T16:10:55.876+0000] {spark_submit.py:492} INFO - at org.apache.spark.sql.execution.datasources.jdbc.JDBCOptions.<init>(JDBCOptions.scala:103)
[2025-10-23T16:10:55.879+0000] {spark_submit.py:492} INFO - at org.apache.spark.sql.execution.datasources.jdbc.JdbcOptionsInWrite.<init>(JDBCOptions.scala:254)
[2025-10-23T16:10:55.880+0000] {spark_submit.py:492} INFO - at org.apache.spark.sql.execution.datasources.jdbc.JdbcOptionsInWrite.<init>(JDBCOptions.scala:258)
[2025-10-23T16:10:55.883+0000] {spark_submit.py:492} INFO - at org.apache.spark.sql.execution.datasources.jdbc.JdbcRelationProvider.createRelation(JdbcRelationProvider.scala:47)
[2025-10-23T16:10:55.884+0000] {spark_submit.py:492} INFO - at org.apache.spark.sql.execution.datasources.SaveIntoDataSourceCommand.run(SaveIntoDataSourceCommand.scala:48)
[2025-10-23T16:10:55.885+0000] {spark_submit.py:492} INFO - at org.apache.spark.sql.execution.command.ExecutedCommandExec.sideEffectResult$lzycompute(commands.scala:75)
[2025-10-23T16:10:55.888+0000] {spark_submit.py:492} INFO - at org.apache.spark.sql.execution.command.ExecutedCommandExec.sideEffectResult(commands.scala:73)
[2025-10-23T16:10:55.890+0000] {spark_submit.py:492} INFO - at org.apache.spark.sql.execution.command.ExecutedCommandExec.executeCollect(commands.scala:84)
[2025-10-23T16:10:55.891+0000] {spark_submit.py:492} INFO - at org.apache.spark.sql.execution.QueryExecution$$anonfun$eagerlyExecuteCommands$1.$anonfun$applyOrElse$1(QueryExecution.scala:107)
[2025-10-23T16:10:55.893+0000] {spark_submit.py:492} INFO - at org.apache.spark.sql.execution.SQLExecution$.$anonfun$withNewExecutionId$6(SQLExecution.scala:125)
[2025-10-23T16:10:55.894+0000] {spark_submit.py:492} INFO - at org.apache.spark.sql.execution.SQLExecution$.withSQLConfPropagated(SQLExecution.scala:201)
[2025-10-23T16:10:55.895+0000] {spark_submit.py:492} INFO - at org.apache.spark.sql.execution.SQLExecution$.$anonfun$withNewExecutionId$1(SQLExecution.scala:108)
[2025-10-23T16:10:55.895+0000] {spark_submit.py:492} INFO - at org.apache.spark.sql.SparkSession.withActive(SparkSession.scala:900)
[2025-10-23T16:10:55.945+0000] {spark_submit.py:492} INFO - at org.apache.spark.sql.execution.SQLExecution$.withNewExecutionId(SQLExecution.scala:66)
[2025-10-23T16:10:55.949+0000] {spark_submit.py:492} INFO - at org.apache.spark.sql.execution.QueryExecution$$anonfun$eagerlyExecuteCommands$1.applyOrElse(QueryExecution.scala:107)
[2025-10-23T16:10:55.950+0000] {spark_submit.py:492} INFO - at org.apache.spark.sql.execution.QueryExecution$$anonfun$eagerlyExecuteCommands$1.applyOrElse(QueryExecution.scala:98)
[2025-10-23T16:10:55.952+0000] {spark_submit.py:492} INFO - at org.apache.spark.sql.catalyst.trees.TreeNode.$anonfun$transformDownWithPruning$1(TreeNode.scala:461)
[2025-10-23T16:10:55.953+0000] {spark_submit.py:492} INFO - at org.apache.spark.sql.catalyst.trees.CurrentOrigin$.withOrigin(origin.scala:76)
[2025-10-23T16:10:55.955+0000] {spark_submit.py:492} INFO - at org.apache.spark.sql.catalyst.trees.TreeNode.transformDownWithPruning(TreeNode.scala:461)
[2025-10-23T16:10:55.958+0000] {spark_submit.py:492} INFO - at org.apache.spark.sql.catalyst.plans.logical.LogicalPlan.org$apache$spark$sql$catalyst$plans$logical$AnalysisHelper$$super$transformDownWithPruning(LogicalPlan.scala:32)
[2025-10-23T16:10:55.959+0000] {spark_submit.py:492} INFO - at org.apache.spark.sql.catalyst.plans.logical.AnalysisHelper.transformDownWithPruning(AnalysisHelper.scala:267)
[2025-10-23T16:10:55.961+0000] {spark_submit.py:492} INFO - at org.apache.spark.sql.catalyst.plans.logical.AnalysisHelper.transformDownWithPruning$(AnalysisHelper.scala:263)
[2025-10-23T16:10:55.962+0000] {spark_submit.py:492} INFO - at org.apache.spark.sql.catalyst.plans.logical.LogicalPlan.transformDownWithPruning(LogicalPlan.scala:32)
[2025-10-23T16:10:55.963+0000] {spark_submit.py:492} INFO - at org.apache.spark.sql.catalyst.plans.logical.LogicalPlan.transformDownWithPruning(LogicalPlan.scala:32)
[2025-10-23T16:10:55.964+0000] {spark_submit.py:492} INFO - at org.apache.spark.sql.catalyst.trees.TreeNode.transformDown(TreeNode.scala:437)
[2025-10-23T16:10:55.966+0000] {spark_submit.py:492} INFO - at org.apache.spark.sql.execution.QueryExecution.eagerlyExecuteCommands(QueryExecution.scala:98)
[2025-10-23T16:10:55.967+0000] {spark_submit.py:492} INFO - at org.apache.spark.sql.execution.QueryExecution.commandExecuted$lzycompute(QueryExecution.scala:85)
[2025-10-23T16:10:55.968+0000] {spark_submit.py:492} INFO - at org.apache.spark.sql.execution.QueryExecution.commandExecuted(QueryExecution.scala:83)
[2025-10-23T16:10:55.969+0000] {spark_submit.py:492} INFO - at org.apache.spark.sql.execution.QueryExecution.assertCommandExecuted(QueryExecution.scala:142)
[2025-10-23T16:10:55.970+0000] {spark_submit.py:492} INFO - at org.apache.spark.sql.DataFrameWriter.runCommand(DataFrameWriter.scala:859)
[2025-10-23T16:10:55.972+0000] {spark_submit.py:492} INFO - at org.apache.spark.sql.DataFrameWriter.saveToV1Source(DataFrameWriter.scala:388)
[2025-10-23T16:10:55.973+0000] {spark_submit.py:492} INFO - at org.apache.spark.sql.DataFrameWriter.saveInternal(DataFrameWriter.scala:361)
[2025-10-23T16:10:55.974+0000] {spark_submit.py:492} INFO - at org.apache.spark.sql.DataFrameWriter.save(DataFrameWriter.scala:248)
[2025-10-23T16:10:55.975+0000] {spark_submit.py:492} INFO - at org.apache.spark.sql.DataFrameWriter.jdbc(DataFrameWriter.scala:756)
[2025-10-23T16:10:55.976+0000] {spark_submit.py:492} INFO - at java.base/jdk.internal.reflect.NativeMethodAccessorImpl.invoke0(Native Method)
[2025-10-23T16:10:55.977+0000] {spark_submit.py:492} INFO - at java.base/jdk.internal.reflect.NativeMethodAccessorImpl.invoke(NativeMethodAccessorImpl.java:77)
[2025-10-23T16:10:55.978+0000] {spark_submit.py:492} INFO - at java.base/jdk.internal.reflect.DelegatingMethodAccessorImpl.invoke(DelegatingMethodAccessorImpl.java:43)
[2025-10-23T16:10:55.979+0000] {spark_submit.py:492} INFO - at java.base/java.lang.reflect.Method.invoke(Method.java:569)
[2025-10-23T16:10:55.979+0000] {spark_submit.py:492} INFO - at py4j.reflection.MethodInvoker.invoke(MethodInvoker.java:244)
[2025-10-23T16:10:55.980+0000] {spark_submit.py:492} INFO - at py4j.reflection.ReflectionEngine.invoke(ReflectionEngine.java:374)
[2025-10-23T16:10:55.981+0000] {spark_submit.py:492} INFO - at py4j.Gateway.invoke(Gateway.java:282)
[2025-10-23T16:10:55.982+0000] {spark_submit.py:492} INFO - at py4j.commands.AbstractCommand.invokeMethod(AbstractCommand.java:132)
[2025-10-23T16:10:55.985+0000] {spark_submit.py:492} INFO - at py4j.commands.CallCommand.execute(CallCommand.java:79)
[2025-10-23T16:10:55.987+0000] {spark_submit.py:492} INFO - at py4j.ClientServerConnection.waitForCommands(ClientServerConnection.java:182)
[2025-10-23T16:10:56.045+0000] {spark_submit.py:492} INFO - at py4j.ClientServerConnection.run(ClientServerConnection.java:106)
[2025-10-23T16:10:56.051+0000] {spark_submit.py:492} INFO - at java.base/java.lang.Thread.run(Thread.java:840)
[2025-10-23T16:10:56.053+0000] {spark_submit.py:492} INFO - 
[2025-10-23T16:10:57.173+0000] {spark_submit.py:492} INFO - 25/10/23 16:10:57 INFO SparkContext: Invoking stop() from shutdown hook
[2025-10-23T16:10:57.245+0000] {spark_submit.py:492} INFO - 25/10/23 16:10:57 INFO SparkContext: SparkContext is stopping with exitCode 0.
[2025-10-23T16:10:57.379+0000] {spark_submit.py:492} INFO - 25/10/23 16:10:57 INFO SparkUI: Stopped Spark web UI at http://2ef039423968:4040
[2025-10-23T16:10:57.454+0000] {spark_submit.py:492} INFO - 25/10/23 16:10:57 INFO MapOutputTrackerMasterEndpoint: MapOutputTrackerMasterEndpoint stopped!
[2025-10-23T16:10:57.562+0000] {spark_submit.py:492} INFO - 25/10/23 16:10:57 INFO MemoryStore: MemoryStore cleared
[2025-10-23T16:10:57.578+0000] {spark_submit.py:492} INFO - 25/10/23 16:10:57 INFO BlockManager: BlockManager stopped
[2025-10-23T16:10:57.593+0000] {spark_submit.py:492} INFO - 25/10/23 16:10:57 INFO BlockManagerMaster: BlockManagerMaster stopped
[2025-10-23T16:10:57.598+0000] {spark_submit.py:492} INFO - 25/10/23 16:10:57 INFO OutputCommitCoordinator$OutputCommitCoordinatorEndpoint: OutputCommitCoordinator stopped!
[2025-10-23T16:10:57.665+0000] {spark_submit.py:492} INFO - 25/10/23 16:10:57 INFO SparkContext: Successfully stopped SparkContext
[2025-10-23T16:10:57.669+0000] {spark_submit.py:492} INFO - 25/10/23 16:10:57 INFO ShutdownHookManager: Shutdown hook called
[2025-10-23T16:10:57.670+0000] {spark_submit.py:492} INFO - 25/10/23 16:10:57 INFO ShutdownHookManager: Deleting directory /tmp/spark-12fdd82e-2ed4-42b9-a688-1166f45a4c52
[2025-10-23T16:10:57.681+0000] {spark_submit.py:492} INFO - 25/10/23 16:10:57 INFO ShutdownHookManager: Deleting directory /tmp/spark-e3a56146-509b-472d-b090-efeb90bba461/pyspark-64e3c978-f6d8-4fe8-97d6-a1ad3e1f828e
[2025-10-23T16:10:57.754+0000] {spark_submit.py:492} INFO - 25/10/23 16:10:57 INFO ShutdownHookManager: Deleting directory /tmp/spark-e3a56146-509b-472d-b090-efeb90bba461
[2025-10-23T16:10:58.555+0000] {taskinstance.py:2698} ERROR - Task failed with exception
Traceback (most recent call last):
  File "/home/airflow/.local/lib/python3.8/site-packages/airflow/models/taskinstance.py", line 433, in _execute_task
    result = execute_callable(context=context, **execute_callable_kwargs)
  File "/home/airflow/.local/lib/python3.8/site-packages/airflow/providers/apache/spark/operators/spark_submit.py", line 157, in execute
    self._hook.submit(self._application)
  File "/home/airflow/.local/lib/python3.8/site-packages/airflow/providers/apache/spark/hooks/spark_submit.py", line 423, in submit
    raise AirflowException(
airflow.exceptions.AirflowException: Cannot execute: spark-submit --master local --conf spark.master=local[*] --name spark_load_csv_to_postgres --verbose /opt/***/include/scripts/load_csv_to_postgres.py. Error code is: 1.
[2025-10-23T16:10:58.998+0000] {taskinstance.py:1138} INFO - Marking task as UP_FOR_RETRY. dag_id=etl_csv_to_postgres, task_id=spark_load_csv_to_postgres, execution_date=20251023T160659, start_date=20251023T160703, end_date=20251023T161058
[2025-10-23T16:10:59.293+0000] {standard_task_runner.py:107} ERROR - Failed to execute job 167 for task spark_load_csv_to_postgres (Cannot execute: spark-submit --master local --conf spark.master=local[*] --name spark_load_csv_to_postgres --verbose /opt/***/include/scripts/load_csv_to_postgres.py. Error code is: 1.; 518)
[2025-10-23T16:10:59.886+0000] {local_task_job_runner.py:234} INFO - Task exited with return code 1
[2025-10-23T16:11:00.054+0000] {taskinstance.py:3280} INFO - 0 downstream tasks scheduled from follow-on schedule check
