[2025-10-31T06:29:59.210+0000] {taskinstance.py:1956} INFO - Dependencies all met for dep_context=non-requeueable deps ti=<TaskInstance: dag_dbt_pipeline.dbt_run manual__2025-10-31T06:29:52.730498+00:00 [queued]>
[2025-10-31T06:29:59.334+0000] {taskinstance.py:1956} INFO - Dependencies all met for dep_context=requeueable deps ti=<TaskInstance: dag_dbt_pipeline.dbt_run manual__2025-10-31T06:29:52.730498+00:00 [queued]>
[2025-10-31T06:29:59.479+0000] {taskinstance.py:2170} INFO - Starting attempt 1 of 2
[2025-10-31T06:29:59.653+0000] {taskinstance.py:2191} INFO - Executing <Task(BashOperator): dbt_run> on 2025-10-31 06:29:52.730498+00:00
[2025-10-31T06:29:59.703+0000] {standard_task_runner.py:60} INFO - Started process 291 to run task
[2025-10-31T06:29:59.722+0000] {standard_task_runner.py:87} INFO - Running: ['***', 'tasks', 'run', 'dag_dbt_pipeline', 'dbt_run', 'manual__2025-10-31T06:29:52.730498+00:00', '--job-id', '365', '--raw', '--subdir', 'DAGS_FOLDER/dbt_local_dag.py', '--cfg-path', '/tmp/tmp_nu7jspa']
[2025-10-31T06:29:59.737+0000] {standard_task_runner.py:88} INFO - Job 365: Subtask dbt_run
[2025-10-31T06:30:00.087+0000] {task_command.py:423} INFO - Running <TaskInstance: dag_dbt_pipeline.dbt_run manual__2025-10-31T06:29:52.730498+00:00 [running]> on host 257bb6028ed5
[2025-10-31T06:30:00.631+0000] {taskinstance.py:2480} INFO - Exporting env vars: AIRFLOW_CTX_DAG_OWNER='winardi' AIRFLOW_CTX_DAG_ID='dag_dbt_pipeline' AIRFLOW_CTX_TASK_ID='dbt_run' AIRFLOW_CTX_EXECUTION_DATE='2025-10-31T06:29:52.730498+00:00' AIRFLOW_CTX_TRY_NUMBER='1' AIRFLOW_CTX_DAG_RUN_ID='manual__2025-10-31T06:29:52.730498+00:00'
[2025-10-31T06:30:00.657+0000] {subprocess.py:63} INFO - Tmp dir root location: /tmp
[2025-10-31T06:30:00.675+0000] {subprocess.py:75} INFO - Running command: ['/usr/bin/bash', '-c', '\n            cd /opt/***/include/dbt/dbt_project &&             dbt run --profiles-dir /home/***/.dbt --target dev\n        ']
[2025-10-31T06:30:00.745+0000] {subprocess.py:86} INFO - Output:
[2025-10-31T06:30:24.938+0000] {subprocess.py:93} INFO - [0m06:30:24  Running with dbt=1.9.0-b2
[2025-10-31T06:30:31.237+0000] {subprocess.py:93} INFO - [0m06:30:31  Registered adapter: postgres=1.8.2
[2025-10-31T06:30:43.337+0000] {subprocess.py:93} INFO - [0m06:30:43  Found 5 models, 16 data tests, 1 source, 423 macros
[2025-10-31T06:30:43.346+0000] {subprocess.py:93} INFO - [0m06:30:43
[2025-10-31T06:30:43.348+0000] {subprocess.py:93} INFO - [0m06:30:43  Concurrency: 1 threads (target='dev')
[2025-10-31T06:30:43.350+0000] {subprocess.py:93} INFO - [0m06:30:43
[2025-10-31T06:30:44.006+0000] {subprocess.py:93} INFO - [0m06:30:44  1 of 5 START sql table model datamart.dim_card_holder .......................... [RUN]
[2025-10-31T06:30:45.863+0000] {subprocess.py:93} INFO - [0m06:30:45  1 of 5 OK created sql table model datamart.dim_card_holder ..................... [[32mSELECT 10000[0m in 1.85s]
[2025-10-31T06:30:45.868+0000] {subprocess.py:93} INFO - [0m06:30:45  2 of 5 START sql table model datamart.dim_corridor ............................. [RUN]
[2025-10-31T06:30:47.042+0000] {subprocess.py:93} INFO - [0m06:30:47  2 of 5 OK created sql table model datamart.dim_corridor ........................ [[32mSELECT 221[0m in 1.17s]
[2025-10-31T06:30:47.050+0000] {subprocess.py:93} INFO - [0m06:30:47  3 of 5 START sql table model datamart.dim_stop ................................. [RUN]
[2025-10-31T06:30:47.675+0000] {subprocess.py:93} INFO - [0m06:30:47  3 of 5 OK created sql table model datamart.dim_stop ............................ [[32mSELECT 5851[0m in 0.62s]
[2025-10-31T06:30:47.681+0000] {subprocess.py:93} INFO - [0m06:30:47  4 of 5 START sql table model datamart.dim_time ................................. [RUN]
[2025-10-31T06:30:49.247+0000] {subprocess.py:93} INFO - [0m06:30:49  4 of 5 OK created sql table model datamart.dim_time ............................ [[32mSELECT 27836[0m in 1.56s]
[2025-10-31T06:30:49.267+0000] {subprocess.py:93} INFO - [0m06:30:49  5 of 5 START sql incremental model datamart.fact_transactions .................. [RUN]
[2025-10-31T06:30:54.915+0000] {subprocess.py:93} INFO - [0m06:30:54  5 of 5 OK created sql incremental model datamart.fact_transactions ............. [[32mINSERT 0 2[0m in 5.57s]
[2025-10-31T06:30:55.141+0000] {subprocess.py:93} INFO - [0m06:30:55
[2025-10-31T06:30:55.152+0000] {subprocess.py:93} INFO - [0m06:30:55  Finished running 1 incremental model, 4 table models in 0 hours 0 minutes and 11.79 seconds (11.79s).
[2025-10-31T06:30:55.489+0000] {subprocess.py:93} INFO - [0m06:30:55
[2025-10-31T06:30:55.491+0000] {subprocess.py:93} INFO - [0m06:30:55  [32mCompleted successfully[0m
[2025-10-31T06:30:55.503+0000] {subprocess.py:93} INFO - [0m06:30:55
[2025-10-31T06:30:55.505+0000] {subprocess.py:93} INFO - [0m06:30:55  Done. PASS=5 WARN=0 ERROR=0 SKIP=0 TOTAL=5
[2025-10-31T06:30:58.031+0000] {subprocess.py:97} INFO - Command exited with return code 0
[2025-10-31T06:30:58.153+0000] {taskinstance.py:1138} INFO - Marking task as SUCCESS. dag_id=dag_dbt_pipeline, task_id=dbt_run, execution_date=20251031T062952, start_date=20251031T062959, end_date=20251031T063058
[2025-10-31T06:30:58.347+0000] {local_task_job_runner.py:234} INFO - Task exited with return code 0
[2025-10-31T06:30:58.440+0000] {taskinstance.py:3280} INFO - 1 downstream tasks scheduled from follow-on schedule check
