[2025-10-23T16:08:47.684+0000] {taskinstance.py:1956} INFO - Dependencies all met for dep_context=non-requeueable deps ti=<TaskInstance: etl_csv_to_postgres.spark_load_csv_to_postgres manual__2025-10-23T16:02:31.652918+00:00 [queued]>
[2025-10-23T16:08:47.831+0000] {taskinstance.py:1956} INFO - Dependencies all met for dep_context=requeueable deps ti=<TaskInstance: etl_csv_to_postgres.spark_load_csv_to_postgres manual__2025-10-23T16:02:31.652918+00:00 [queued]>
[2025-10-23T16:08:47.837+0000] {taskinstance.py:2170} INFO - Starting attempt 2 of 2
[2025-10-23T16:08:47.944+0000] {taskinstance.py:2191} INFO - Executing <Task(SparkSubmitOperator): spark_load_csv_to_postgres> on 2025-10-23 16:02:31.652918+00:00
[2025-10-23T16:08:47.957+0000] {standard_task_runner.py:60} INFO - Started process 624 to run task
[2025-10-23T16:08:47.965+0000] {standard_task_runner.py:87} INFO - Running: ['***', 'tasks', 'run', 'etl_csv_to_postgres', 'spark_load_csv_to_postgres', 'manual__2025-10-23T16:02:31.652918+00:00', '--job-id', '168', '--raw', '--subdir', 'DAGS_FOLDER/dag_csv_to_postgres_dag.py', '--cfg-path', '/tmp/tmpbhm_z5kw']
[2025-10-23T16:08:47.971+0000] {standard_task_runner.py:88} INFO - Job 168: Subtask spark_load_csv_to_postgres
[2025-10-23T16:08:48.212+0000] {task_command.py:423} INFO - Running <TaskInstance: etl_csv_to_postgres.spark_load_csv_to_postgres manual__2025-10-23T16:02:31.652918+00:00 [running]> on host 2ef039423968
[2025-10-23T16:08:48.787+0000] {taskinstance.py:2480} INFO - Exporting env vars: AIRFLOW_CTX_DAG_OWNER='winardi' AIRFLOW_CTX_DAG_ID='etl_csv_to_postgres' AIRFLOW_CTX_TASK_ID='spark_load_csv_to_postgres' AIRFLOW_CTX_EXECUTION_DATE='2025-10-23T16:02:31.652918+00:00' AIRFLOW_CTX_TRY_NUMBER='2' AIRFLOW_CTX_DAG_RUN_ID='manual__2025-10-23T16:02:31.652918+00:00'
[2025-10-23T16:08:48.807+0000] {base.py:83} INFO - Using connection ID 'spark_conn' for task execution.
[2025-10-23T16:08:48.813+0000] {spark_submit.py:341} INFO - Spark-Submit cmd: spark-submit --master local --conf spark.master=local[*] --name spark_load_csv_to_postgres --verbose /opt/***/include/scripts/load_csv_to_postgres.py
[2025-10-23T16:09:33.082+0000] {spark_submit.py:492} INFO - Using properties file: null
[2025-10-23T16:09:35.274+0000] {spark_submit.py:492} INFO - Parsed arguments:
[2025-10-23T16:09:35.285+0000] {spark_submit.py:492} INFO - master                  local
[2025-10-23T16:09:35.362+0000] {spark_submit.py:492} INFO - remote                  null
[2025-10-23T16:09:35.375+0000] {spark_submit.py:492} INFO - deployMode              null
[2025-10-23T16:09:35.381+0000] {spark_submit.py:492} INFO - executorMemory          null
[2025-10-23T16:09:35.387+0000] {spark_submit.py:492} INFO - executorCores           null
[2025-10-23T16:09:35.462+0000] {spark_submit.py:492} INFO - totalExecutorCores      null
[2025-10-23T16:09:35.469+0000] {spark_submit.py:492} INFO - propertiesFile          null
[2025-10-23T16:09:35.479+0000] {spark_submit.py:492} INFO - driverMemory            null
[2025-10-23T16:09:35.510+0000] {spark_submit.py:492} INFO - driverCores             null
[2025-10-23T16:09:35.511+0000] {spark_submit.py:492} INFO - driverExtraClassPath    null
[2025-10-23T16:09:35.565+0000] {spark_submit.py:492} INFO - driverExtraLibraryPath  null
[2025-10-23T16:09:35.577+0000] {spark_submit.py:492} INFO - driverExtraJavaOptions  null
[2025-10-23T16:09:35.578+0000] {spark_submit.py:492} INFO - supervise               false
[2025-10-23T16:09:35.579+0000] {spark_submit.py:492} INFO - queue                   null
[2025-10-23T16:09:35.584+0000] {spark_submit.py:492} INFO - numExecutors            null
[2025-10-23T16:09:35.585+0000] {spark_submit.py:492} INFO - files                   null
[2025-10-23T16:09:35.589+0000] {spark_submit.py:492} INFO - pyFiles                 null
[2025-10-23T16:09:35.591+0000] {spark_submit.py:492} INFO - archives                null
[2025-10-23T16:09:35.591+0000] {spark_submit.py:492} INFO - mainClass               null
[2025-10-23T16:09:35.592+0000] {spark_submit.py:492} INFO - primaryResource         file:/opt/***/include/scripts/load_csv_to_postgres.py
[2025-10-23T16:09:35.593+0000] {spark_submit.py:492} INFO - name                    spark_load_csv_to_postgres
[2025-10-23T16:09:35.594+0000] {spark_submit.py:492} INFO - childArgs               []
[2025-10-23T16:09:35.595+0000] {spark_submit.py:492} INFO - jars                    null
[2025-10-23T16:09:35.595+0000] {spark_submit.py:492} INFO - packages                null
[2025-10-23T16:09:35.596+0000] {spark_submit.py:492} INFO - packagesExclusions      null
[2025-10-23T16:09:35.602+0000] {spark_submit.py:492} INFO - repositories            null
[2025-10-23T16:09:35.662+0000] {spark_submit.py:492} INFO - verbose                 true
[2025-10-23T16:09:35.665+0000] {spark_submit.py:492} INFO - 
[2025-10-23T16:09:35.676+0000] {spark_submit.py:492} INFO - Spark properties used, including those specified through
[2025-10-23T16:09:35.678+0000] {spark_submit.py:492} INFO - --conf and those from the properties file null:
[2025-10-23T16:09:35.680+0000] {spark_submit.py:492} INFO - (spark.master,local[*])
[2025-10-23T16:09:35.681+0000] {spark_submit.py:492} INFO - 
[2025-10-23T16:09:35.683+0000] {spark_submit.py:492} INFO - 
[2025-10-23T16:09:47.419+0000] {spark_submit.py:492} INFO - Main class:
[2025-10-23T16:09:47.420+0000] {spark_submit.py:492} INFO - org.apache.spark.deploy.PythonRunner
[2025-10-23T16:09:47.424+0000] {spark_submit.py:492} INFO - Arguments:
[2025-10-23T16:09:47.430+0000] {spark_submit.py:492} INFO - file:/opt/***/include/scripts/load_csv_to_postgres.py
[2025-10-23T16:09:47.505+0000] {spark_submit.py:492} INFO - null
[2025-10-23T16:09:47.511+0000] {spark_submit.py:492} INFO - Spark config:
[2025-10-23T16:09:47.514+0000] {spark_submit.py:492} INFO - (spark.app.name,spark_load_csv_to_postgres)
[2025-10-23T16:09:47.515+0000] {spark_submit.py:492} INFO - (spark.app.submitTime,1761235787203)
[2025-10-23T16:09:47.516+0000] {spark_submit.py:492} INFO - (spark.master,local)
[2025-10-23T16:09:47.530+0000] {spark_submit.py:492} INFO - (spark.submit.deployMode,client)
[2025-10-23T16:09:47.531+0000] {spark_submit.py:492} INFO - (spark.submit.pyFiles,)
[2025-10-23T16:09:47.535+0000] {spark_submit.py:492} INFO - Classpath elements:
[2025-10-23T16:09:47.537+0000] {spark_submit.py:492} INFO - 
[2025-10-23T16:09:47.538+0000] {spark_submit.py:492} INFO - 
[2025-10-23T16:09:47.614+0000] {spark_submit.py:492} INFO - 
[2025-10-23T16:10:37.156+0000] {spark_submit.py:492} INFO - [[34m2025-10-23T16:10:37.154+0000[0m] {[34mbase.py:[0m83} INFO[0m - Using connection ID 'pg_conn' for task execution.[0m
[2025-10-23T16:10:38.249+0000] {spark_submit.py:492} INFO - 25/10/23 16:10:38 INFO SparkContext: Running Spark version 3.5.1
[2025-10-23T16:10:38.277+0000] {spark_submit.py:492} INFO - 25/10/23 16:10:38 INFO SparkContext: OS info Linux, 6.6.87.2-microsoft-standard-WSL2, amd64
[2025-10-23T16:10:38.279+0000] {spark_submit.py:492} INFO - 25/10/23 16:10:38 INFO SparkContext: Java version 17.0.16
[2025-10-23T16:10:39.402+0000] {spark_submit.py:492} INFO - 25/10/23 16:10:39 WARN NativeCodeLoader: Unable to load native-hadoop library for your platform... using builtin-java classes where applicable
[2025-10-23T16:10:40.662+0000] {spark_submit.py:492} INFO - 25/10/23 16:10:40 INFO ResourceUtils: ==============================================================
[2025-10-23T16:10:40.664+0000] {spark_submit.py:492} INFO - 25/10/23 16:10:40 INFO ResourceUtils: No custom resources configured for spark.driver.
[2025-10-23T16:10:40.705+0000] {spark_submit.py:492} INFO - 25/10/23 16:10:40 INFO ResourceUtils: ==============================================================
[2025-10-23T16:10:40.708+0000] {spark_submit.py:492} INFO - 25/10/23 16:10:40 INFO SparkContext: Submitted application: Load CSV to Postgres
[2025-10-23T16:10:40.953+0000] {spark_submit.py:492} INFO - 25/10/23 16:10:40 INFO ResourceProfile: Default ResourceProfile created, executor resources: Map(cores -> name: cores, amount: 1, script: , vendor: , memory -> name: memory, amount: 1024, script: , vendor: , offHeap -> name: offHeap, amount: 0, script: , vendor: ), task resources: Map(cpus -> name: cpus, amount: 1.0)
[2025-10-23T16:10:41.008+0000] {spark_submit.py:492} INFO - 25/10/23 16:10:41 INFO ResourceProfile: Limiting resource is cpu
[2025-10-23T16:10:41.010+0000] {spark_submit.py:492} INFO - 25/10/23 16:10:41 INFO ResourceProfileManager: Added ResourceProfile id: 0
[2025-10-23T16:10:42.104+0000] {spark_submit.py:492} INFO - 25/10/23 16:10:42 INFO SecurityManager: Changing view acls to: ***
[2025-10-23T16:10:42.124+0000] {spark_submit.py:492} INFO - 25/10/23 16:10:42 INFO SecurityManager: Changing modify acls to: ***
[2025-10-23T16:10:42.127+0000] {spark_submit.py:492} INFO - 25/10/23 16:10:42 INFO SecurityManager: Changing view acls groups to:
[2025-10-23T16:10:42.133+0000] {spark_submit.py:492} INFO - 25/10/23 16:10:42 INFO SecurityManager: Changing modify acls groups to:
[2025-10-23T16:10:42.205+0000] {spark_submit.py:492} INFO - 25/10/23 16:10:42 INFO SecurityManager: SecurityManager: authentication disabled; ui acls disabled; users with view permissions: ***; groups with view permissions: EMPTY; users with modify permissions: ***; groups with modify permissions: EMPTY
[2025-10-23T16:10:49.660+0000] {spark_submit.py:492} INFO - 25/10/23 16:10:49 INFO Utils: Successfully started service 'sparkDriver' on port 43365.
[2025-10-23T16:10:51.172+0000] {spark_submit.py:492} INFO - 25/10/23 16:10:51 INFO SparkEnv: Registering MapOutputTracker
[2025-10-23T16:10:52.345+0000] {spark_submit.py:492} INFO - 25/10/23 16:10:52 INFO SparkEnv: Registering BlockManagerMaster
[2025-10-23T16:10:52.850+0000] {spark_submit.py:492} INFO - 25/10/23 16:10:52 INFO BlockManagerMasterEndpoint: Using org.apache.spark.storage.DefaultTopologyMapper for getting topology information
[2025-10-23T16:10:52.859+0000] {spark_submit.py:492} INFO - 25/10/23 16:10:52 INFO BlockManagerMasterEndpoint: BlockManagerMasterEndpoint up
[2025-10-23T16:10:52.965+0000] {spark_submit.py:492} INFO - 25/10/23 16:10:52 INFO SparkEnv: Registering BlockManagerMasterHeartbeat
[2025-10-23T16:10:53.672+0000] {spark_submit.py:492} INFO - 25/10/23 16:10:53 INFO DiskBlockManager: Created local directory at /tmp/blockmgr-6761876a-8a0f-419d-9f28-c22f0282fd1a
[2025-10-23T16:10:53.968+0000] {spark_submit.py:492} INFO - 25/10/23 16:10:53 INFO MemoryStore: MemoryStore started with capacity 413.9 MiB
[2025-10-23T16:10:54.169+0000] {spark_submit.py:492} INFO - 25/10/23 16:10:54 INFO SparkEnv: Registering OutputCommitCoordinator
[2025-10-23T16:10:56.775+0000] {spark_submit.py:492} INFO - 25/10/23 16:10:56 INFO JettyUtils: Start Jetty 0.0.0.0:4040 for SparkUI
[2025-10-23T16:10:57.653+0000] {spark_submit.py:492} INFO - 25/10/23 16:10:57 INFO Utils: Successfully started service 'SparkUI' on port 4040.
[2025-10-23T16:10:59.759+0000] {spark_submit.py:492} INFO - 25/10/23 16:10:59 INFO Executor: Starting executor ID driver on host 2ef039423968
[2025-10-23T16:10:59.783+0000] {spark_submit.py:492} INFO - 25/10/23 16:10:59 INFO Executor: OS info Linux, 6.6.87.2-microsoft-standard-WSL2, amd64
[2025-10-23T16:10:59.847+0000] {spark_submit.py:492} INFO - 25/10/23 16:10:59 INFO Executor: Java version 17.0.16
[2025-10-23T16:11:00.041+0000] {spark_submit.py:492} INFO - 25/10/23 16:11:00 INFO Executor: Starting executor with user classpath (userClassPathFirst = false): ''
[2025-10-23T16:11:00.043+0000] {spark_submit.py:492} INFO - 25/10/23 16:11:00 INFO Executor: Created or updated repl class loader org.apache.spark.util.MutableURLClassLoader@78b23346 for default.
[2025-10-23T16:11:00.377+0000] {spark_submit.py:492} INFO - 25/10/23 16:11:00 INFO Utils: Successfully started service 'org.apache.spark.network.netty.NettyBlockTransferService' on port 37873.
[2025-10-23T16:11:00.380+0000] {spark_submit.py:492} INFO - 25/10/23 16:11:00 INFO NettyBlockTransferService: Server created on 2ef039423968:37873
[2025-10-23T16:11:00.388+0000] {spark_submit.py:492} INFO - 25/10/23 16:11:00 INFO BlockManager: Using org.apache.spark.storage.RandomBlockReplicationPolicy for block replication policy
[2025-10-23T16:11:00.474+0000] {spark_submit.py:492} INFO - 25/10/23 16:11:00 INFO BlockManagerMaster: Registering BlockManager BlockManagerId(driver, 2ef039423968, 37873, None)
[2025-10-23T16:11:00.481+0000] {spark_submit.py:492} INFO - 25/10/23 16:11:00 INFO BlockManagerMasterEndpoint: Registering block manager 2ef039423968:37873 with 413.9 MiB RAM, BlockManagerId(driver, 2ef039423968, 37873, None)
[2025-10-23T16:11:00.499+0000] {spark_submit.py:492} INFO - 25/10/23 16:11:00 INFO BlockManagerMaster: Registered BlockManager BlockManagerId(driver, 2ef039423968, 37873, None)
[2025-10-23T16:11:00.503+0000] {spark_submit.py:492} INFO - 25/10/23 16:11:00 INFO BlockManager: Initialized BlockManager: BlockManagerId(driver, 2ef039423968, 37873, None)
[2025-10-23T16:11:05.058+0000] {spark_submit.py:492} INFO - 25/10/23 16:11:05 INFO SharedState: Setting hive.metastore.warehouse.dir ('null') to the value of spark.sql.warehouse.dir.
[2025-10-23T16:11:05.201+0000] {spark_submit.py:492} INFO - 25/10/23 16:11:05 INFO SharedState: Warehouse path is 'file:/opt/***/spark-warehouse'.
[2025-10-23T16:11:21.728+0000] {spark_submit.py:492} INFO - 25/10/23 16:11:21 INFO InMemoryFileIndex: It took 380 ms to list leaf files for 1 paths.
[2025-10-23T16:11:22.155+0000] {spark_submit.py:492} INFO - 25/10/23 16:11:22 INFO InMemoryFileIndex: It took 9 ms to list leaf files for 1 paths.
[2025-10-23T16:11:35.361+0000] {spark_submit.py:492} INFO - 25/10/23 16:11:35 INFO FileSourceStrategy: Pushed Filters:
[2025-10-23T16:11:35.366+0000] {spark_submit.py:492} INFO - 25/10/23 16:11:35 INFO FileSourceStrategy: Post-Scan Filters: (length(trim(value#0, None)) > 0)
[2025-10-23T16:11:38.562+0000] {spark_submit.py:492} INFO - 25/10/23 16:11:38 INFO CodeGenerator: Code generated in 1713.45411 ms
[2025-10-23T16:11:39.003+0000] {spark_submit.py:492} INFO - 25/10/23 16:11:39 INFO MemoryStore: Block broadcast_0 stored as values in memory (estimated size 199.6 KiB, free 413.7 MiB)
[2025-10-23T16:11:39.345+0000] {spark_submit.py:492} INFO - 25/10/23 16:11:39 INFO MemoryStore: Block broadcast_0_piece0 stored as bytes in memory (estimated size 34.2 KiB, free 413.7 MiB)
[2025-10-23T16:11:39.350+0000] {spark_submit.py:492} INFO - 25/10/23 16:11:39 INFO BlockManagerInfo: Added broadcast_0_piece0 in memory on 2ef039423968:37873 (size: 34.2 KiB, free: 413.9 MiB)
[2025-10-23T16:11:39.361+0000] {spark_submit.py:492} INFO - 25/10/23 16:11:39 INFO SparkContext: Created broadcast 0 from csv at NativeMethodAccessorImpl.java:0
[2025-10-23T16:11:39.379+0000] {spark_submit.py:492} INFO - 25/10/23 16:11:39 INFO FileSourceScanExec: Planning scan with bin packing, max size: 49020463 bytes, open cost is considered as scanning 4194304 bytes.
[2025-10-23T16:11:39.935+0000] {spark_submit.py:492} INFO - 25/10/23 16:11:39 INFO SparkContext: Starting job: csv at NativeMethodAccessorImpl.java:0
[2025-10-23T16:11:40.074+0000] {spark_submit.py:492} INFO - 25/10/23 16:11:40 INFO DAGScheduler: Got job 0 (csv at NativeMethodAccessorImpl.java:0) with 1 output partitions
[2025-10-23T16:11:40.128+0000] {spark_submit.py:492} INFO - 25/10/23 16:11:40 INFO DAGScheduler: Final stage: ResultStage 0 (csv at NativeMethodAccessorImpl.java:0)
[2025-10-23T16:11:40.129+0000] {spark_submit.py:492} INFO - 25/10/23 16:11:40 INFO DAGScheduler: Parents of final stage: List()
[2025-10-23T16:11:40.132+0000] {spark_submit.py:492} INFO - 25/10/23 16:11:40 INFO DAGScheduler: Missing parents: List()
[2025-10-23T16:11:40.142+0000] {spark_submit.py:492} INFO - 25/10/23 16:11:40 INFO DAGScheduler: Submitting ResultStage 0 (MapPartitionsRDD[3] at csv at NativeMethodAccessorImpl.java:0), which has no missing parents
[2025-10-23T16:11:40.847+0000] {spark_submit.py:492} INFO - 25/10/23 16:11:40 INFO MemoryStore: Block broadcast_1 stored as values in memory (estimated size 13.5 KiB, free 413.7 MiB)
[2025-10-23T16:11:40.852+0000] {spark_submit.py:492} INFO - 25/10/23 16:11:40 INFO MemoryStore: Block broadcast_1_piece0 stored as bytes in memory (estimated size 6.4 KiB, free 413.7 MiB)
[2025-10-23T16:11:40.856+0000] {spark_submit.py:492} INFO - 25/10/23 16:11:40 INFO BlockManagerInfo: Added broadcast_1_piece0 in memory on 2ef039423968:37873 (size: 6.4 KiB, free: 413.9 MiB)
[2025-10-23T16:11:40.858+0000] {spark_submit.py:492} INFO - 25/10/23 16:11:40 INFO SparkContext: Created broadcast 1 from broadcast at DAGScheduler.scala:1585
[2025-10-23T16:11:40.951+0000] {spark_submit.py:492} INFO - 25/10/23 16:11:40 INFO DAGScheduler: Submitting 1 missing tasks from ResultStage 0 (MapPartitionsRDD[3] at csv at NativeMethodAccessorImpl.java:0) (first 15 tasks are for partitions Vector(0))
[2025-10-23T16:11:40.954+0000] {spark_submit.py:492} INFO - 25/10/23 16:11:40 INFO TaskSchedulerImpl: Adding task set 0.0 with 1 tasks resource profile 0
[2025-10-23T16:11:41.102+0000] {spark_submit.py:492} INFO - 25/10/23 16:11:41 INFO TaskSetManager: Starting task 0.0 in stage 0.0 (TID 0) (2ef039423968, executor driver, partition 0, PROCESS_LOCAL, 8232 bytes)
[2025-10-23T16:11:41.183+0000] {spark_submit.py:492} INFO - 25/10/23 16:11:41 INFO Executor: Running task 0.0 in stage 0.0 (TID 0)
[2025-10-23T16:11:41.943+0000] {spark_submit.py:492} INFO - 25/10/23 16:11:41 INFO CodeGenerator: Code generated in 188.12385 ms
[2025-10-23T16:11:41.961+0000] {spark_submit.py:492} INFO - 25/10/23 16:11:41 INFO FileScanRDD: Reading File path: file:///opt/***/include/dfTransjakarta180kRows.csv, range: 0-44826159, partition values: [empty row]
[2025-10-23T16:11:42.076+0000] {spark_submit.py:492} INFO - 25/10/23 16:11:42 INFO CodeGenerator: Code generated in 40.25259 ms
[2025-10-23T16:11:42.369+0000] {spark_submit.py:492} INFO - 25/10/23 16:11:42 INFO Executor: Finished task 0.0 in stage 0.0 (TID 0). 1829 bytes result sent to driver
[2025-10-23T16:11:42.452+0000] {spark_submit.py:492} INFO - 25/10/23 16:11:42 INFO TaskSetManager: Finished task 0.0 in stage 0.0 (TID 0) in 1369 ms on 2ef039423968 (executor driver) (1/1)
[2025-10-23T16:11:42.459+0000] {spark_submit.py:492} INFO - 25/10/23 16:11:42 INFO TaskSchedulerImpl: Removed TaskSet 0.0, whose tasks have all completed, from pool
[2025-10-23T16:11:42.483+0000] {spark_submit.py:492} INFO - 25/10/23 16:11:42 INFO DAGScheduler: ResultStage 0 (csv at NativeMethodAccessorImpl.java:0) finished in 2.313 s
[2025-10-23T16:11:42.535+0000] {spark_submit.py:492} INFO - 25/10/23 16:11:42 INFO DAGScheduler: Job 0 is finished. Cancelling potential speculative or zombie tasks for this job
[2025-10-23T16:11:42.537+0000] {spark_submit.py:492} INFO - 25/10/23 16:11:42 INFO TaskSchedulerImpl: Killing all running tasks in stage 0: Stage finished
[2025-10-23T16:11:42.627+0000] {spark_submit.py:492} INFO - 25/10/23 16:11:42 INFO DAGScheduler: Job 0 finished: csv at NativeMethodAccessorImpl.java:0, took 2.601934 s
[2025-10-23T16:11:42.744+0000] {spark_submit.py:492} INFO - 25/10/23 16:11:42 INFO CodeGenerator: Code generated in 90.89271 ms
[2025-10-23T16:11:43.168+0000] {spark_submit.py:492} INFO - 25/10/23 16:11:43 INFO FileSourceStrategy: Pushed Filters:
[2025-10-23T16:11:43.176+0000] {spark_submit.py:492} INFO - 25/10/23 16:11:43 INFO FileSourceStrategy: Post-Scan Filters:
[2025-10-23T16:11:43.262+0000] {spark_submit.py:492} INFO - 25/10/23 16:11:43 INFO MemoryStore: Block broadcast_2 stored as values in memory (estimated size 199.6 KiB, free 413.5 MiB)
[2025-10-23T16:11:43.354+0000] {spark_submit.py:492} INFO - 25/10/23 16:11:43 INFO MemoryStore: Block broadcast_2_piece0 stored as bytes in memory (estimated size 34.2 KiB, free 413.4 MiB)
[2025-10-23T16:11:43.367+0000] {spark_submit.py:492} INFO - 25/10/23 16:11:43 INFO BlockManagerInfo: Added broadcast_2_piece0 in memory on 2ef039423968:37873 (size: 34.2 KiB, free: 413.9 MiB)
[2025-10-23T16:11:43.368+0000] {spark_submit.py:492} INFO - 25/10/23 16:11:43 INFO SparkContext: Created broadcast 2 from csv at NativeMethodAccessorImpl.java:0
[2025-10-23T16:11:43.373+0000] {spark_submit.py:492} INFO - 25/10/23 16:11:43 INFO FileSourceScanExec: Planning scan with bin packing, max size: 49020463 bytes, open cost is considered as scanning 4194304 bytes.
[2025-10-23T16:11:44.027+0000] {spark_submit.py:492} INFO - 25/10/23 16:11:43 INFO SparkContext: Starting job: csv at NativeMethodAccessorImpl.java:0
[2025-10-23T16:11:44.029+0000] {spark_submit.py:492} INFO - 25/10/23 16:11:44 INFO DAGScheduler: Got job 1 (csv at NativeMethodAccessorImpl.java:0) with 1 output partitions
[2025-10-23T16:11:44.037+0000] {spark_submit.py:492} INFO - 25/10/23 16:11:44 INFO DAGScheduler: Final stage: ResultStage 1 (csv at NativeMethodAccessorImpl.java:0)
[2025-10-23T16:11:44.038+0000] {spark_submit.py:492} INFO - 25/10/23 16:11:44 INFO DAGScheduler: Parents of final stage: List()
[2025-10-23T16:11:44.044+0000] {spark_submit.py:492} INFO - 25/10/23 16:11:44 INFO DAGScheduler: Missing parents: List()
[2025-10-23T16:11:44.047+0000] {spark_submit.py:492} INFO - 25/10/23 16:11:44 INFO DAGScheduler: Submitting ResultStage 1 (MapPartitionsRDD[9] at csv at NativeMethodAccessorImpl.java:0), which has no missing parents
[2025-10-23T16:11:44.182+0000] {spark_submit.py:492} INFO - 25/10/23 16:11:44 INFO MemoryStore: Block broadcast_3 stored as values in memory (estimated size 27.9 KiB, free 413.4 MiB)
[2025-10-23T16:11:44.189+0000] {spark_submit.py:492} INFO - 25/10/23 16:11:44 INFO MemoryStore: Block broadcast_3_piece0 stored as bytes in memory (estimated size 12.8 KiB, free 413.4 MiB)
[2025-10-23T16:11:44.191+0000] {spark_submit.py:492} INFO - 25/10/23 16:11:44 INFO BlockManagerInfo: Added broadcast_3_piece0 in memory on 2ef039423968:37873 (size: 12.8 KiB, free: 413.8 MiB)
[2025-10-23T16:11:44.192+0000] {spark_submit.py:492} INFO - 25/10/23 16:11:44 INFO SparkContext: Created broadcast 3 from broadcast at DAGScheduler.scala:1585
[2025-10-23T16:11:44.231+0000] {spark_submit.py:492} INFO - 25/10/23 16:11:44 INFO DAGScheduler: Submitting 1 missing tasks from ResultStage 1 (MapPartitionsRDD[9] at csv at NativeMethodAccessorImpl.java:0) (first 15 tasks are for partitions Vector(0))
[2025-10-23T16:11:44.241+0000] {spark_submit.py:492} INFO - 25/10/23 16:11:44 INFO TaskSchedulerImpl: Adding task set 1.0 with 1 tasks resource profile 0
[2025-10-23T16:11:44.242+0000] {spark_submit.py:492} INFO - 25/10/23 16:11:44 INFO TaskSetManager: Starting task 0.0 in stage 1.0 (TID 1) (2ef039423968, executor driver, partition 0, PROCESS_LOCAL, 8232 bytes)
[2025-10-23T16:11:44.269+0000] {spark_submit.py:492} INFO - 25/10/23 16:11:44 INFO Executor: Running task 0.0 in stage 1.0 (TID 1)
[2025-10-23T16:11:44.661+0000] {spark_submit.py:492} INFO - 25/10/23 16:11:44 INFO CodeGenerator: Code generated in 68.69862 ms
[2025-10-23T16:11:44.667+0000] {spark_submit.py:492} INFO - 25/10/23 16:11:44 INFO FileScanRDD: Reading File path: file:///opt/***/include/dfTransjakarta180kRows.csv, range: 0-44826159, partition values: [empty row]
[2025-10-23T16:12:01.027+0000] {spark_submit.py:492} INFO - 25/10/23 16:12:01 INFO Executor: Finished task 0.0 in stage 1.0 (TID 1). 1908 bytes result sent to driver
[2025-10-23T16:12:01.089+0000] {spark_submit.py:492} INFO - 25/10/23 16:12:01 INFO TaskSetManager: Finished task 0.0 in stage 1.0 (TID 1) in 16852 ms on 2ef039423968 (executor driver) (1/1)
[2025-10-23T16:12:01.091+0000] {spark_submit.py:492} INFO - 25/10/23 16:12:01 INFO TaskSchedulerImpl: Removed TaskSet 1.0, whose tasks have all completed, from pool
[2025-10-23T16:12:01.094+0000] {spark_submit.py:492} INFO - 25/10/23 16:12:01 INFO DAGScheduler: ResultStage 1 (csv at NativeMethodAccessorImpl.java:0) finished in 17.041 s
[2025-10-23T16:12:01.095+0000] {spark_submit.py:492} INFO - 25/10/23 16:12:01 INFO DAGScheduler: Job 1 is finished. Cancelling potential speculative or zombie tasks for this job
[2025-10-23T16:12:01.097+0000] {spark_submit.py:492} INFO - 25/10/23 16:12:01 INFO TaskSchedulerImpl: Killing all running tasks in stage 1: Stage finished
[2025-10-23T16:12:01.099+0000] {spark_submit.py:492} INFO - 25/10/23 16:12:01 INFO DAGScheduler: Job 1 finished: csv at NativeMethodAccessorImpl.java:0, took 13.853122 s
[2025-10-23T16:12:06.410+0000] {spark_submit.py:492} INFO - Traceback (most recent call last):
[2025-10-23T16:12:06.411+0000] {spark_submit.py:492} INFO - File "/opt/***/include/scripts/load_csv_to_postgres.py", line 61, in <module>
[2025-10-23T16:12:06.415+0000] {spark_submit.py:492} INFO - df.write.jdbc(
[2025-10-23T16:12:06.416+0000] {spark_submit.py:492} INFO - File "/opt/spark/python/lib/pyspark.zip/pyspark/sql/readwriter.py", line 1984, in jdbc
[2025-10-23T16:12:06.419+0000] {spark_submit.py:492} INFO - File "/opt/spark/python/lib/py4j-0.10.9.7-src.zip/py4j/java_gateway.py", line 1322, in __call__
[2025-10-23T16:12:06.428+0000] {spark_submit.py:492} INFO - File "/opt/spark/python/lib/pyspark.zip/pyspark/errors/exceptions/captured.py", line 179, in deco
[2025-10-23T16:12:06.431+0000] {spark_submit.py:492} INFO - File "/opt/spark/python/lib/py4j-0.10.9.7-src.zip/py4j/protocol.py", line 326, in get_return_value
[2025-10-23T16:12:06.486+0000] {spark_submit.py:492} INFO - py4j.protocol.Py4JJavaError: An error occurred while calling o80.jdbc.
[2025-10-23T16:12:06.490+0000] {spark_submit.py:492} INFO - : java.lang.ClassNotFoundException: org.postgresql.Driver
[2025-10-23T16:12:06.492+0000] {spark_submit.py:492} INFO - at java.base/java.net.URLClassLoader.findClass(URLClassLoader.java:445)
[2025-10-23T16:12:06.494+0000] {spark_submit.py:492} INFO - at java.base/java.lang.ClassLoader.loadClass(ClassLoader.java:592)
[2025-10-23T16:12:06.495+0000] {spark_submit.py:492} INFO - at java.base/java.lang.ClassLoader.loadClass(ClassLoader.java:525)
[2025-10-23T16:12:06.496+0000] {spark_submit.py:492} INFO - at org.apache.spark.sql.execution.datasources.jdbc.DriverRegistry$.register(DriverRegistry.scala:46)
[2025-10-23T16:12:06.497+0000] {spark_submit.py:492} INFO - at org.apache.spark.sql.execution.datasources.jdbc.JDBCOptions.$anonfun$driverClass$1(JDBCOptions.scala:103)
[2025-10-23T16:12:06.500+0000] {spark_submit.py:492} INFO - at org.apache.spark.sql.execution.datasources.jdbc.JDBCOptions.$anonfun$driverClass$1$adapted(JDBCOptions.scala:103)
[2025-10-23T16:12:06.501+0000] {spark_submit.py:492} INFO - at scala.Option.foreach(Option.scala:407)
[2025-10-23T16:12:06.524+0000] {spark_submit.py:492} INFO - at org.apache.spark.sql.execution.datasources.jdbc.JDBCOptions.<init>(JDBCOptions.scala:103)
[2025-10-23T16:12:06.584+0000] {spark_submit.py:492} INFO - at org.apache.spark.sql.execution.datasources.jdbc.JdbcOptionsInWrite.<init>(JDBCOptions.scala:254)
[2025-10-23T16:12:06.588+0000] {spark_submit.py:492} INFO - at org.apache.spark.sql.execution.datasources.jdbc.JdbcOptionsInWrite.<init>(JDBCOptions.scala:258)
[2025-10-23T16:12:06.591+0000] {spark_submit.py:492} INFO - at org.apache.spark.sql.execution.datasources.jdbc.JdbcRelationProvider.createRelation(JdbcRelationProvider.scala:47)
[2025-10-23T16:12:06.593+0000] {spark_submit.py:492} INFO - at org.apache.spark.sql.execution.datasources.SaveIntoDataSourceCommand.run(SaveIntoDataSourceCommand.scala:48)
[2025-10-23T16:12:06.594+0000] {spark_submit.py:492} INFO - at org.apache.spark.sql.execution.command.ExecutedCommandExec.sideEffectResult$lzycompute(commands.scala:75)
[2025-10-23T16:12:06.596+0000] {spark_submit.py:492} INFO - at org.apache.spark.sql.execution.command.ExecutedCommandExec.sideEffectResult(commands.scala:73)
[2025-10-23T16:12:06.598+0000] {spark_submit.py:492} INFO - at org.apache.spark.sql.execution.command.ExecutedCommandExec.executeCollect(commands.scala:84)
[2025-10-23T16:12:06.601+0000] {spark_submit.py:492} INFO - at org.apache.spark.sql.execution.QueryExecution$$anonfun$eagerlyExecuteCommands$1.$anonfun$applyOrElse$1(QueryExecution.scala:107)
[2025-10-23T16:12:06.603+0000] {spark_submit.py:492} INFO - at org.apache.spark.sql.execution.SQLExecution$.$anonfun$withNewExecutionId$6(SQLExecution.scala:125)
[2025-10-23T16:12:06.606+0000] {spark_submit.py:492} INFO - at org.apache.spark.sql.execution.SQLExecution$.withSQLConfPropagated(SQLExecution.scala:201)
[2025-10-23T16:12:06.613+0000] {spark_submit.py:492} INFO - at org.apache.spark.sql.execution.SQLExecution$.$anonfun$withNewExecutionId$1(SQLExecution.scala:108)
[2025-10-23T16:12:06.614+0000] {spark_submit.py:492} INFO - at org.apache.spark.sql.SparkSession.withActive(SparkSession.scala:900)
[2025-10-23T16:12:06.684+0000] {spark_submit.py:492} INFO - at org.apache.spark.sql.execution.SQLExecution$.withNewExecutionId(SQLExecution.scala:66)
[2025-10-23T16:12:06.687+0000] {spark_submit.py:492} INFO - at org.apache.spark.sql.execution.QueryExecution$$anonfun$eagerlyExecuteCommands$1.applyOrElse(QueryExecution.scala:107)
[2025-10-23T16:12:06.701+0000] {spark_submit.py:492} INFO - at org.apache.spark.sql.execution.QueryExecution$$anonfun$eagerlyExecuteCommands$1.applyOrElse(QueryExecution.scala:98)
[2025-10-23T16:12:06.703+0000] {spark_submit.py:492} INFO - at org.apache.spark.sql.catalyst.trees.TreeNode.$anonfun$transformDownWithPruning$1(TreeNode.scala:461)
[2025-10-23T16:12:06.704+0000] {spark_submit.py:492} INFO - at org.apache.spark.sql.catalyst.trees.CurrentOrigin$.withOrigin(origin.scala:76)
[2025-10-23T16:12:06.706+0000] {spark_submit.py:492} INFO - at org.apache.spark.sql.catalyst.trees.TreeNode.transformDownWithPruning(TreeNode.scala:461)
[2025-10-23T16:12:06.709+0000] {spark_submit.py:492} INFO - at org.apache.spark.sql.catalyst.plans.logical.LogicalPlan.org$apache$spark$sql$catalyst$plans$logical$AnalysisHelper$$super$transformDownWithPruning(LogicalPlan.scala:32)
[2025-10-23T16:12:06.711+0000] {spark_submit.py:492} INFO - at org.apache.spark.sql.catalyst.plans.logical.AnalysisHelper.transformDownWithPruning(AnalysisHelper.scala:267)
[2025-10-23T16:12:06.712+0000] {spark_submit.py:492} INFO - at org.apache.spark.sql.catalyst.plans.logical.AnalysisHelper.transformDownWithPruning$(AnalysisHelper.scala:263)
[2025-10-23T16:12:06.713+0000] {spark_submit.py:492} INFO - at org.apache.spark.sql.catalyst.plans.logical.LogicalPlan.transformDownWithPruning(LogicalPlan.scala:32)
[2025-10-23T16:12:06.714+0000] {spark_submit.py:492} INFO - at org.apache.spark.sql.catalyst.plans.logical.LogicalPlan.transformDownWithPruning(LogicalPlan.scala:32)
[2025-10-23T16:12:06.715+0000] {spark_submit.py:492} INFO - at org.apache.spark.sql.catalyst.trees.TreeNode.transformDown(TreeNode.scala:437)
[2025-10-23T16:12:06.717+0000] {spark_submit.py:492} INFO - at org.apache.spark.sql.execution.QueryExecution.eagerlyExecuteCommands(QueryExecution.scala:98)
[2025-10-23T16:12:06.718+0000] {spark_submit.py:492} INFO - at org.apache.spark.sql.execution.QueryExecution.commandExecuted$lzycompute(QueryExecution.scala:85)
[2025-10-23T16:12:06.719+0000] {spark_submit.py:492} INFO - at org.apache.spark.sql.execution.QueryExecution.commandExecuted(QueryExecution.scala:83)
[2025-10-23T16:12:06.785+0000] {spark_submit.py:492} INFO - at org.apache.spark.sql.execution.QueryExecution.assertCommandExecuted(QueryExecution.scala:142)
[2025-10-23T16:12:06.786+0000] {spark_submit.py:492} INFO - at org.apache.spark.sql.DataFrameWriter.runCommand(DataFrameWriter.scala:859)
[2025-10-23T16:12:06.787+0000] {spark_submit.py:492} INFO - at org.apache.spark.sql.DataFrameWriter.saveToV1Source(DataFrameWriter.scala:388)
[2025-10-23T16:12:06.788+0000] {spark_submit.py:492} INFO - at org.apache.spark.sql.DataFrameWriter.saveInternal(DataFrameWriter.scala:361)
[2025-10-23T16:12:06.789+0000] {spark_submit.py:492} INFO - at org.apache.spark.sql.DataFrameWriter.save(DataFrameWriter.scala:248)
[2025-10-23T16:12:06.791+0000] {spark_submit.py:492} INFO - at org.apache.spark.sql.DataFrameWriter.jdbc(DataFrameWriter.scala:756)
[2025-10-23T16:12:06.793+0000] {spark_submit.py:492} INFO - at java.base/jdk.internal.reflect.NativeMethodAccessorImpl.invoke0(Native Method)
[2025-10-23T16:12:06.794+0000] {spark_submit.py:492} INFO - at java.base/jdk.internal.reflect.NativeMethodAccessorImpl.invoke(NativeMethodAccessorImpl.java:77)
[2025-10-23T16:12:06.795+0000] {spark_submit.py:492} INFO - at java.base/jdk.internal.reflect.DelegatingMethodAccessorImpl.invoke(DelegatingMethodAccessorImpl.java:43)
[2025-10-23T16:12:06.796+0000] {spark_submit.py:492} INFO - at java.base/java.lang.reflect.Method.invoke(Method.java:569)
[2025-10-23T16:12:06.797+0000] {spark_submit.py:492} INFO - at py4j.reflection.MethodInvoker.invoke(MethodInvoker.java:244)
[2025-10-23T16:12:06.798+0000] {spark_submit.py:492} INFO - at py4j.reflection.ReflectionEngine.invoke(ReflectionEngine.java:374)
[2025-10-23T16:12:06.799+0000] {spark_submit.py:492} INFO - at py4j.Gateway.invoke(Gateway.java:282)
[2025-10-23T16:12:06.800+0000] {spark_submit.py:492} INFO - at py4j.commands.AbstractCommand.invokeMethod(AbstractCommand.java:132)
[2025-10-23T16:12:06.801+0000] {spark_submit.py:492} INFO - at py4j.commands.CallCommand.execute(CallCommand.java:79)
[2025-10-23T16:12:06.802+0000] {spark_submit.py:492} INFO - at py4j.ClientServerConnection.waitForCommands(ClientServerConnection.java:182)
[2025-10-23T16:12:06.803+0000] {spark_submit.py:492} INFO - at py4j.ClientServerConnection.run(ClientServerConnection.java:106)
[2025-10-23T16:12:06.811+0000] {spark_submit.py:492} INFO - at java.base/java.lang.Thread.run(Thread.java:840)
[2025-10-23T16:12:06.812+0000] {spark_submit.py:492} INFO - 
[2025-10-23T16:12:07.802+0000] {spark_submit.py:492} INFO - 25/10/23 16:12:07 INFO SparkContext: Invoking stop() from shutdown hook
[2025-10-23T16:12:07.803+0000] {spark_submit.py:492} INFO - 25/10/23 16:12:07 INFO SparkContext: SparkContext is stopping with exitCode 0.
[2025-10-23T16:12:07.819+0000] {spark_submit.py:492} INFO - 25/10/23 16:12:07 INFO SparkUI: Stopped Spark web UI at http://2ef039423968:4040
[2025-10-23T16:12:07.917+0000] {spark_submit.py:492} INFO - 25/10/23 16:12:07 INFO MapOutputTrackerMasterEndpoint: MapOutputTrackerMasterEndpoint stopped!
[2025-10-23T16:12:08.088+0000] {spark_submit.py:492} INFO - 25/10/23 16:12:08 INFO MemoryStore: MemoryStore cleared
[2025-10-23T16:12:08.089+0000] {spark_submit.py:492} INFO - 25/10/23 16:12:08 INFO BlockManager: BlockManager stopped
[2025-10-23T16:12:08.188+0000] {spark_submit.py:492} INFO - 25/10/23 16:12:08 INFO BlockManagerMaster: BlockManagerMaster stopped
[2025-10-23T16:12:08.202+0000] {spark_submit.py:492} INFO - 25/10/23 16:12:08 INFO OutputCommitCoordinator$OutputCommitCoordinatorEndpoint: OutputCommitCoordinator stopped!
[2025-10-23T16:12:08.288+0000] {spark_submit.py:492} INFO - 25/10/23 16:12:08 INFO SparkContext: Successfully stopped SparkContext
[2025-10-23T16:12:08.295+0000] {spark_submit.py:492} INFO - 25/10/23 16:12:08 INFO ShutdownHookManager: Shutdown hook called
[2025-10-23T16:12:08.296+0000] {spark_submit.py:492} INFO - 25/10/23 16:12:08 INFO ShutdownHookManager: Deleting directory /tmp/spark-b29b622e-8af1-4e26-98d4-39ed5a46646a/pyspark-e7b29d21-2fbe-4178-9e54-c8c5cb919f2d
[2025-10-23T16:12:08.395+0000] {spark_submit.py:492} INFO - 25/10/23 16:12:08 INFO ShutdownHookManager: Deleting directory /tmp/spark-b29b622e-8af1-4e26-98d4-39ed5a46646a
[2025-10-23T16:12:08.494+0000] {spark_submit.py:492} INFO - 25/10/23 16:12:08 INFO ShutdownHookManager: Deleting directory /tmp/spark-bc14fff5-c0d2-4bdc-aa06-369169b4358a
[2025-10-23T16:12:08.900+0000] {taskinstance.py:2698} ERROR - Task failed with exception
Traceback (most recent call last):
  File "/home/airflow/.local/lib/python3.8/site-packages/airflow/models/taskinstance.py", line 433, in _execute_task
    result = execute_callable(context=context, **execute_callable_kwargs)
  File "/home/airflow/.local/lib/python3.8/site-packages/airflow/providers/apache/spark/operators/spark_submit.py", line 157, in execute
    self._hook.submit(self._application)
  File "/home/airflow/.local/lib/python3.8/site-packages/airflow/providers/apache/spark/hooks/spark_submit.py", line 423, in submit
    raise AirflowException(
airflow.exceptions.AirflowException: Cannot execute: spark-submit --master local --conf spark.master=local[*] --name spark_load_csv_to_postgres --verbose /opt/***/include/scripts/load_csv_to_postgres.py. Error code is: 1.
[2025-10-23T16:12:08.905+0000] {taskinstance.py:1138} INFO - Marking task as FAILED. dag_id=etl_csv_to_postgres, task_id=spark_load_csv_to_postgres, execution_date=20251023T160231, start_date=20251023T160847, end_date=20251023T161208
[2025-10-23T16:12:09.025+0000] {standard_task_runner.py:107} ERROR - Failed to execute job 168 for task spark_load_csv_to_postgres (Cannot execute: spark-submit --master local --conf spark.master=local[*] --name spark_load_csv_to_postgres --verbose /opt/***/include/scripts/load_csv_to_postgres.py. Error code is: 1.; 624)
[2025-10-23T16:12:09.228+0000] {local_task_job_runner.py:234} INFO - Task exited with return code 1
[2025-10-23T16:12:09.285+0000] {taskinstance.py:3280} INFO - 0 downstream tasks scheduled from follow-on schedule check
