[2025-10-31T06:27:57.122+0000] {taskinstance.py:1956} INFO - Dependencies all met for dep_context=non-requeueable deps ti=<TaskInstance: dag_dbt_pipeline.dbt_run manual__2025-10-31T06:27:49.211400+00:00 [queued]>
[2025-10-31T06:27:57.170+0000] {taskinstance.py:1956} INFO - Dependencies all met for dep_context=requeueable deps ti=<TaskInstance: dag_dbt_pipeline.dbt_run manual__2025-10-31T06:27:49.211400+00:00 [queued]>
[2025-10-31T06:27:57.172+0000] {taskinstance.py:2170} INFO - Starting attempt 1 of 2
[2025-10-31T06:27:57.272+0000] {taskinstance.py:2191} INFO - Executing <Task(BashOperator): dbt_run> on 2025-10-31 06:27:49.211400+00:00
[2025-10-31T06:27:57.295+0000] {standard_task_runner.py:60} INFO - Started process 244 to run task
[2025-10-31T06:27:57.315+0000] {standard_task_runner.py:87} INFO - Running: ['***', 'tasks', 'run', 'dag_dbt_pipeline', 'dbt_run', 'manual__2025-10-31T06:27:49.211400+00:00', '--job-id', '363', '--raw', '--subdir', 'DAGS_FOLDER/dbt_local_dag.py', '--cfg-path', '/tmp/tmpaw1eqk0e']
[2025-10-31T06:27:57.335+0000] {standard_task_runner.py:88} INFO - Job 363: Subtask dbt_run
[2025-10-31T06:27:57.602+0000] {task_command.py:423} INFO - Running <TaskInstance: dag_dbt_pipeline.dbt_run manual__2025-10-31T06:27:49.211400+00:00 [running]> on host 257bb6028ed5
[2025-10-31T06:27:57.911+0000] {taskinstance.py:2480} INFO - Exporting env vars: AIRFLOW_CTX_DAG_OWNER='winardi' AIRFLOW_CTX_DAG_ID='dag_dbt_pipeline' AIRFLOW_CTX_TASK_ID='dbt_run' AIRFLOW_CTX_EXECUTION_DATE='2025-10-31T06:27:49.211400+00:00' AIRFLOW_CTX_TRY_NUMBER='1' AIRFLOW_CTX_DAG_RUN_ID='manual__2025-10-31T06:27:49.211400+00:00'
[2025-10-31T06:27:57.915+0000] {subprocess.py:63} INFO - Tmp dir root location: /tmp
[2025-10-31T06:27:57.925+0000] {subprocess.py:75} INFO - Running command: ['/usr/bin/bash', '-c', '\n            cd /opt/***/include/dbt/dbt_project &&             dbt run --profiles-dir /home/***/.dbt --target dev\n        ']
[2025-10-31T06:27:57.971+0000] {subprocess.py:86} INFO - Output:
[2025-10-31T06:28:01.685+0000] {subprocess.py:93} INFO - [0m06:28:01  Running with dbt=1.9.0-b2
[2025-10-31T06:28:02.316+0000] {subprocess.py:93} INFO - [0m06:28:02  Registered adapter: postgres=1.8.2
[2025-10-31T06:28:04.780+0000] {subprocess.py:93} INFO - [0m06:28:04  Found 5 models, 16 data tests, 1 source, 423 macros
[2025-10-31T06:28:04.788+0000] {subprocess.py:93} INFO - [0m06:28:04
[2025-10-31T06:28:04.790+0000] {subprocess.py:93} INFO - [0m06:28:04  Concurrency: 1 threads (target='dev')
[2025-10-31T06:28:04.791+0000] {subprocess.py:93} INFO - [0m06:28:04
[2025-10-31T06:28:05.200+0000] {subprocess.py:93} INFO - [0m06:28:05  1 of 5 START sql table model datamart.dim_card_holder .......................... [RUN]
[2025-10-31T06:28:06.064+0000] {subprocess.py:93} INFO - [0m06:28:06  1 of 5 OK created sql table model datamart.dim_card_holder ..................... [[32mSELECT 10000[0m in 0.86s]
[2025-10-31T06:28:06.069+0000] {subprocess.py:93} INFO - [0m06:28:06  2 of 5 START sql table model datamart.dim_corridor ............................. [RUN]
[2025-10-31T06:28:06.652+0000] {subprocess.py:93} INFO - [0m06:28:06  2 of 5 OK created sql table model datamart.dim_corridor ........................ [[32mSELECT 221[0m in 0.58s]
[2025-10-31T06:28:06.657+0000] {subprocess.py:93} INFO - [0m06:28:06  3 of 5 START sql table model datamart.dim_stop ................................. [RUN]
[2025-10-31T06:28:07.065+0000] {subprocess.py:93} INFO - [0m06:28:07  3 of 5 OK created sql table model datamart.dim_stop ............................ [[32mSELECT 5851[0m in 0.40s]
[2025-10-31T06:28:07.071+0000] {subprocess.py:93} INFO - [0m06:28:07  4 of 5 START sql table model datamart.dim_time ................................. [RUN]
[2025-10-31T06:28:08.189+0000] {subprocess.py:93} INFO - [0m06:28:08  4 of 5 OK created sql table model datamart.dim_time ............................ [[32mSELECT 27836[0m in 1.11s]
[2025-10-31T06:28:08.196+0000] {subprocess.py:93} INFO - [0m06:28:08  5 of 5 START sql incremental model datamart.fact_transactions .................. [RUN]
[2025-10-31T06:28:09.031+0000] {subprocess.py:93} INFO - [0m06:28:09  5 of 5 OK created sql incremental model datamart.fact_transactions ............. [[32mINSERT 0 2[0m in 0.83s]
[2025-10-31T06:28:09.063+0000] {subprocess.py:93} INFO - [0m06:28:09
[2025-10-31T06:28:09.066+0000] {subprocess.py:93} INFO - [0m06:28:09  Finished running 1 incremental model, 4 table models in 0 hours 0 minutes and 4.27 seconds (4.27s).
[2025-10-31T06:28:09.182+0000] {subprocess.py:93} INFO - [0m06:28:09
[2025-10-31T06:28:09.184+0000] {subprocess.py:93} INFO - [0m06:28:09  [32mCompleted successfully[0m
[2025-10-31T06:28:09.185+0000] {subprocess.py:93} INFO - [0m06:28:09
[2025-10-31T06:28:09.186+0000] {subprocess.py:93} INFO - [0m06:28:09  Done. PASS=5 WARN=0 ERROR=0 SKIP=0 TOTAL=5
[2025-10-31T06:28:10.767+0000] {subprocess.py:97} INFO - Command exited with return code 0
[2025-10-31T06:28:10.902+0000] {taskinstance.py:1138} INFO - Marking task as SUCCESS. dag_id=dag_dbt_pipeline, task_id=dbt_run, execution_date=20251031T062749, start_date=20251031T062757, end_date=20251031T062810
[2025-10-31T06:28:10.974+0000] {local_task_job_runner.py:234} INFO - Task exited with return code 0
[2025-10-31T06:28:11.039+0000] {taskinstance.py:3280} INFO - 1 downstream tasks scheduled from follow-on schedule check
