[2025-10-11T01:52:37.559+0000] {taskinstance.py:1956} INFO - Dependencies all met for dep_context=non-requeueable deps ti=<TaskInstance: my_dag.submit_job manual__2025-10-11T01:51:58.359006+00:00 [queued]>
[2025-10-11T01:52:37.605+0000] {taskinstance.py:1956} INFO - Dependencies all met for dep_context=requeueable deps ti=<TaskInstance: my_dag.submit_job manual__2025-10-11T01:51:58.359006+00:00 [queued]>
[2025-10-11T01:52:37.607+0000] {taskinstance.py:2170} INFO - Starting attempt 1 of 1
[2025-10-11T01:52:37.696+0000] {taskinstance.py:2191} INFO - Executing <Task(SparkSubmitOperator): submit_job> on 2025-10-11 01:51:58.359006+00:00
[2025-10-11T01:52:37.711+0000] {standard_task_runner.py:60} INFO - Started process 142 to run task
[2025-10-11T01:52:37.723+0000] {standard_task_runner.py:87} INFO - Running: ['***', 'tasks', 'run', 'my_dag', 'submit_job', 'manual__2025-10-11T01:51:58.359006+00:00', '--job-id', '21', '--raw', '--subdir', 'DAGS_FOLDER/my_dag.py', '--cfg-path', '/tmp/tmpdib27ofy']
[2025-10-11T01:52:37.733+0000] {standard_task_runner.py:88} INFO - Job 21: Subtask submit_job
[2025-10-11T01:52:37.928+0000] {task_command.py:423} INFO - Running <TaskInstance: my_dag.submit_job manual__2025-10-11T01:51:58.359006+00:00 [running]> on host a95a0aaade3a
[2025-10-11T01:52:38.108+0000] {taskinstance.py:2480} INFO - Exporting env vars: AIRFLOW_CTX_DAG_OWNER='***' AIRFLOW_CTX_DAG_ID='my_dag' AIRFLOW_CTX_TASK_ID='submit_job' AIRFLOW_CTX_EXECUTION_DATE='2025-10-11T01:51:58.359006+00:00' AIRFLOW_CTX_TRY_NUMBER='1' AIRFLOW_CTX_DAG_RUN_ID='manual__2025-10-11T01:51:58.359006+00:00'
[2025-10-11T01:52:38.154+0000] {base.py:83} INFO - Using connection ID 'my_spark_conn' for task execution.
[2025-10-11T01:52:38.157+0000] {spark_submit.py:341} INFO - Spark-Submit cmd: spark-submit --master local --name arrow-spark --verbose /opt/***/dags/read.py
[2025-10-11T01:54:32.302+0000] {spark_submit.py:492} INFO - Using properties file: null
[2025-10-11T01:54:34.332+0000] {spark_submit.py:492} INFO - Parsed arguments:
[2025-10-11T01:54:34.334+0000] {spark_submit.py:492} INFO - master                  local
[2025-10-11T01:54:34.393+0000] {spark_submit.py:492} INFO - remote                  null
[2025-10-11T01:54:34.397+0000] {spark_submit.py:492} INFO - deployMode              null
[2025-10-11T01:54:34.398+0000] {spark_submit.py:492} INFO - executorMemory          null
[2025-10-11T01:54:34.404+0000] {spark_submit.py:492} INFO - executorCores           null
[2025-10-11T01:54:34.406+0000] {spark_submit.py:492} INFO - totalExecutorCores      null
[2025-10-11T01:54:34.407+0000] {spark_submit.py:492} INFO - propertiesFile          null
[2025-10-11T01:54:34.416+0000] {spark_submit.py:492} INFO - driverMemory            null
[2025-10-11T01:54:34.417+0000] {spark_submit.py:492} INFO - driverCores             null
[2025-10-11T01:54:34.419+0000] {spark_submit.py:492} INFO - driverExtraClassPath    null
[2025-10-11T01:54:34.420+0000] {spark_submit.py:492} INFO - driverExtraLibraryPath  null
[2025-10-11T01:54:34.425+0000] {spark_submit.py:492} INFO - driverExtraJavaOptions  null
[2025-10-11T01:54:34.426+0000] {spark_submit.py:492} INFO - supervise               false
[2025-10-11T01:54:34.489+0000] {spark_submit.py:492} INFO - queue                   null
[2025-10-11T01:54:34.493+0000] {spark_submit.py:492} INFO - numExecutors            null
[2025-10-11T01:54:34.505+0000] {spark_submit.py:492} INFO - files                   null
[2025-10-11T01:54:34.508+0000] {spark_submit.py:492} INFO - pyFiles                 null
[2025-10-11T01:54:34.509+0000] {spark_submit.py:492} INFO - archives                null
[2025-10-11T01:54:34.513+0000] {spark_submit.py:492} INFO - mainClass               null
[2025-10-11T01:54:34.525+0000] {spark_submit.py:492} INFO - primaryResource         file:/opt/***/dags/read.py
[2025-10-11T01:54:34.527+0000] {spark_submit.py:492} INFO - name                    arrow-spark
[2025-10-11T01:54:34.531+0000] {spark_submit.py:492} INFO - childArgs               []
[2025-10-11T01:54:34.532+0000] {spark_submit.py:492} INFO - jars                    null
[2025-10-11T01:54:34.533+0000] {spark_submit.py:492} INFO - packages                null
[2025-10-11T01:54:34.601+0000] {spark_submit.py:492} INFO - packagesExclusions      null
[2025-10-11T01:54:34.630+0000] {spark_submit.py:492} INFO - repositories            null
[2025-10-11T01:54:34.649+0000] {spark_submit.py:492} INFO - verbose                 true
[2025-10-11T01:54:34.689+0000] {spark_submit.py:492} INFO - 
[2025-10-11T01:54:34.697+0000] {spark_submit.py:492} INFO - Spark properties used, including those specified through
[2025-10-11T01:54:34.705+0000] {spark_submit.py:492} INFO - --conf and those from the properties file null:
[2025-10-11T01:54:34.706+0000] {spark_submit.py:492} INFO - 
[2025-10-11T01:54:34.707+0000] {spark_submit.py:492} INFO - 
[2025-10-11T01:54:34.729+0000] {spark_submit.py:492} INFO - 
[2025-10-11T01:54:40.132+0000] {spark_submit.py:492} INFO - Main class:
[2025-10-11T01:54:40.135+0000] {spark_submit.py:492} INFO - org.apache.spark.deploy.PythonRunner
[2025-10-11T01:54:40.138+0000] {spark_submit.py:492} INFO - Arguments:
[2025-10-11T01:54:40.141+0000] {spark_submit.py:492} INFO - file:/opt/***/dags/read.py
[2025-10-11T01:54:40.143+0000] {spark_submit.py:492} INFO - null
[2025-10-11T01:54:40.157+0000] {spark_submit.py:492} INFO - Spark config:
[2025-10-11T01:54:40.165+0000] {spark_submit.py:492} INFO - (spark.app.name,arrow-spark)
[2025-10-11T01:54:40.167+0000] {spark_submit.py:492} INFO - (spark.app.submitTime,1760147679970)
[2025-10-11T01:54:40.170+0000] {spark_submit.py:492} INFO - (spark.master,local)
[2025-10-11T01:54:40.171+0000] {spark_submit.py:492} INFO - (spark.submit.deployMode,client)
[2025-10-11T01:54:40.174+0000] {spark_submit.py:492} INFO - (spark.submit.pyFiles,)
[2025-10-11T01:54:40.175+0000] {spark_submit.py:492} INFO - Classpath elements:
[2025-10-11T01:54:40.177+0000] {spark_submit.py:492} INFO - 
[2025-10-11T01:54:40.178+0000] {spark_submit.py:492} INFO - 
[2025-10-11T01:54:40.181+0000] {spark_submit.py:492} INFO - 
[2025-10-11T01:54:48.437+0000] {spark_submit.py:492} INFO - 25/10/11 01:54:48 INFO SparkContext: Running Spark version 3.5.1
[2025-10-11T01:54:48.493+0000] {spark_submit.py:492} INFO - 25/10/11 01:54:48 INFO SparkContext: OS info Linux, 6.6.87.2-microsoft-standard-WSL2, amd64
[2025-10-11T01:54:48.494+0000] {spark_submit.py:492} INFO - 25/10/11 01:54:48 INFO SparkContext: Java version 17.0.16
[2025-10-11T01:54:49.238+0000] {spark_submit.py:492} INFO - 25/10/11 01:54:49 WARN NativeCodeLoader: Unable to load native-hadoop library for your platform... using builtin-java classes where applicable
[2025-10-11T01:54:49.967+0000] {spark_submit.py:492} INFO - 25/10/11 01:54:49 INFO ResourceUtils: ==============================================================
[2025-10-11T01:54:49.968+0000] {spark_submit.py:492} INFO - 25/10/11 01:54:49 INFO ResourceUtils: No custom resources configured for spark.driver.
[2025-10-11T01:54:49.976+0000] {spark_submit.py:492} INFO - 25/10/11 01:54:49 INFO ResourceUtils: ==============================================================
[2025-10-11T01:54:49.989+0000] {spark_submit.py:492} INFO - 25/10/11 01:54:49 INFO SparkContext: Submitted application: PySpark Example
[2025-10-11T01:54:50.120+0000] {spark_submit.py:492} INFO - 25/10/11 01:54:50 INFO ResourceProfile: Default ResourceProfile created, executor resources: Map(cores -> name: cores, amount: 1, script: , vendor: , memory -> name: memory, amount: 1024, script: , vendor: , offHeap -> name: offHeap, amount: 0, script: , vendor: ), task resources: Map(cpus -> name: cpus, amount: 1.0)
[2025-10-11T01:54:50.141+0000] {spark_submit.py:492} INFO - 25/10/11 01:54:50 INFO ResourceProfile: Limiting resource is cpu
[2025-10-11T01:54:50.142+0000] {spark_submit.py:492} INFO - 25/10/11 01:54:50 INFO ResourceProfileManager: Added ResourceProfile id: 0
[2025-10-11T01:54:50.843+0000] {spark_submit.py:492} INFO - 25/10/11 01:54:50 INFO SecurityManager: Changing view acls to: ***
[2025-10-11T01:54:50.849+0000] {spark_submit.py:492} INFO - 25/10/11 01:54:50 INFO SecurityManager: Changing modify acls to: ***
[2025-10-11T01:54:50.849+0000] {spark_submit.py:492} INFO - 25/10/11 01:54:50 INFO SecurityManager: Changing view acls groups to:
[2025-10-11T01:54:50.850+0000] {spark_submit.py:492} INFO - 25/10/11 01:54:50 INFO SecurityManager: Changing modify acls groups to:
[2025-10-11T01:54:50.851+0000] {spark_submit.py:492} INFO - 25/10/11 01:54:50 INFO SecurityManager: SecurityManager: authentication disabled; ui acls disabled; users with view permissions: ***; groups with view permissions: EMPTY; users with modify permissions: ***; groups with modify permissions: EMPTY
[2025-10-11T01:54:53.626+0000] {spark_submit.py:492} INFO - 25/10/11 01:54:53 INFO Utils: Successfully started service 'sparkDriver' on port 42177.
[2025-10-11T01:54:54.404+0000] {spark_submit.py:492} INFO - 25/10/11 01:54:54 INFO SparkEnv: Registering MapOutputTracker
[2025-10-11T01:54:54.722+0000] {spark_submit.py:492} INFO - 25/10/11 01:54:54 INFO SparkEnv: Registering BlockManagerMaster
[2025-10-11T01:54:54.962+0000] {spark_submit.py:492} INFO - 25/10/11 01:54:54 INFO BlockManagerMasterEndpoint: Using org.apache.spark.storage.DefaultTopologyMapper for getting topology information
[2025-10-11T01:54:54.968+0000] {spark_submit.py:492} INFO - 25/10/11 01:54:54 INFO BlockManagerMasterEndpoint: BlockManagerMasterEndpoint up
[2025-10-11T01:54:54.985+0000] {spark_submit.py:492} INFO - 25/10/11 01:54:54 INFO SparkEnv: Registering BlockManagerMasterHeartbeat
[2025-10-11T01:54:55.167+0000] {spark_submit.py:492} INFO - 25/10/11 01:54:55 INFO DiskBlockManager: Created local directory at /tmp/blockmgr-e1a9e173-6bc4-4702-9a0c-fe01743cc0ff
[2025-10-11T01:54:55.262+0000] {spark_submit.py:492} INFO - 25/10/11 01:54:55 INFO MemoryStore: MemoryStore started with capacity 413.9 MiB
[2025-10-11T01:54:55.320+0000] {spark_submit.py:492} INFO - 25/10/11 01:54:55 INFO SparkEnv: Registering OutputCommitCoordinator
[2025-10-11T01:54:56.292+0000] {spark_submit.py:492} INFO - 25/10/11 01:54:56 INFO JettyUtils: Start Jetty 0.0.0.0:4040 for SparkUI
[2025-10-11T01:54:56.715+0000] {spark_submit.py:492} INFO - 25/10/11 01:54:56 INFO Utils: Successfully started service 'SparkUI' on port 4040.
[2025-10-11T01:54:58.899+0000] {spark_submit.py:492} INFO - 25/10/11 01:54:58 INFO Executor: Starting executor ID driver on host a95a0aaade3a
[2025-10-11T01:54:58.988+0000] {spark_submit.py:492} INFO - 25/10/11 01:54:58 INFO Executor: OS info Linux, 6.6.87.2-microsoft-standard-WSL2, amd64
[2025-10-11T01:54:59.022+0000] {spark_submit.py:492} INFO - 25/10/11 01:54:58 INFO Executor: Java version 17.0.16
[2025-10-11T01:54:59.142+0000] {spark_submit.py:492} INFO - 25/10/11 01:54:59 INFO Executor: Starting executor with user classpath (userClassPathFirst = false): ''
[2025-10-11T01:54:59.150+0000] {spark_submit.py:492} INFO - 25/10/11 01:54:59 INFO Executor: Created or updated repl class loader org.apache.spark.util.MutableURLClassLoader@9fab699 for default.
[2025-10-11T01:55:02.324+0000] {spark_submit.py:492} INFO - 25/10/11 01:55:02 INFO Utils: Successfully started service 'org.apache.spark.network.netty.NettyBlockTransferService' on port 32975.
[2025-10-11T01:55:02.326+0000] {spark_submit.py:492} INFO - 25/10/11 01:55:02 INFO NettyBlockTransferService: Server created on a95a0aaade3a:32975
[2025-10-11T01:55:02.410+0000] {spark_submit.py:492} INFO - 25/10/11 01:55:02 INFO BlockManager: Using org.apache.spark.storage.RandomBlockReplicationPolicy for block replication policy
[2025-10-11T01:55:02.527+0000] {spark_submit.py:492} INFO - 25/10/11 01:55:02 INFO BlockManagerMaster: Registering BlockManager BlockManagerId(driver, a95a0aaade3a, 32975, None)
[2025-10-11T01:55:02.535+0000] {spark_submit.py:492} INFO - 25/10/11 01:55:02 INFO BlockManagerMasterEndpoint: Registering block manager a95a0aaade3a:32975 with 413.9 MiB RAM, BlockManagerId(driver, a95a0aaade3a, 32975, None)
[2025-10-11T01:55:02.543+0000] {spark_submit.py:492} INFO - 25/10/11 01:55:02 INFO BlockManagerMaster: Registered BlockManager BlockManagerId(driver, a95a0aaade3a, 32975, None)
[2025-10-11T01:55:02.656+0000] {spark_submit.py:492} INFO - 25/10/11 01:55:02 INFO BlockManager: Initialized BlockManager: BlockManagerId(driver, a95a0aaade3a, 32975, None)
[2025-10-11T01:55:18.935+0000] {spark_submit.py:492} INFO - 25/10/11 01:55:18 INFO SharedState: Setting hive.metastore.warehouse.dir ('null') to the value of spark.sql.warehouse.dir.
[2025-10-11T01:55:19.492+0000] {spark_submit.py:492} INFO - 25/10/11 01:55:19 INFO SharedState: Warehouse path is 'file:/opt/***/spark-warehouse'.
[2025-10-11T01:56:00.916+0000] {spark_submit.py:492} INFO - 25/10/11 01:56:00 INFO InMemoryFileIndex: It took 1206 ms to list leaf files for 1 paths.
[2025-10-11T01:56:03.333+0000] {spark_submit.py:492} INFO - 25/10/11 01:56:03 INFO InMemoryFileIndex: It took 116 ms to list leaf files for 1 paths.
[2025-10-11T01:56:25.919+0000] {spark_submit.py:492} INFO - 25/10/11 01:56:25 INFO FileSourceStrategy: Pushed Filters:
[2025-10-11T01:56:25.929+0000] {spark_submit.py:492} INFO - 25/10/11 01:56:25 INFO FileSourceStrategy: Post-Scan Filters: (length(trim(value#0, None)) > 0)
[2025-10-11T01:56:32.910+0000] {spark_submit.py:492} INFO - 25/10/11 01:56:32 INFO CodeGenerator: Code generated in 2902.900902 ms
[2025-10-11T01:56:36.687+0000] {spark_submit.py:492} INFO - 25/10/11 01:56:36 INFO MemoryStore: Block broadcast_0 stored as values in memory (estimated size 199.4 KiB, free 413.7 MiB)
[2025-10-11T01:56:40.387+0000] {spark_submit.py:492} INFO - 25/10/11 01:56:40 INFO MemoryStore: Block broadcast_0_piece0 stored as bytes in memory (estimated size 34.2 KiB, free 413.7 MiB)
[2025-10-11T01:56:40.400+0000] {spark_submit.py:492} INFO - 25/10/11 01:56:40 INFO BlockManagerInfo: Added broadcast_0_piece0 in memory on a95a0aaade3a:32975 (size: 34.2 KiB, free: 413.9 MiB)
[2025-10-11T01:56:40.556+0000] {spark_submit.py:492} INFO - 25/10/11 01:56:40 INFO SparkContext: Created broadcast 0 from csv at NativeMethodAccessorImpl.java:0
[2025-10-11T01:56:40.732+0000] {spark_submit.py:492} INFO - 25/10/11 01:56:40 INFO FileSourceScanExec: Planning scan with bin packing, max size: 4194965 bytes, open cost is considered as scanning 4194304 bytes.
[2025-10-11T01:56:43.244+0000] {spark_submit.py:492} INFO - 25/10/11 01:56:43 INFO SparkContext: Starting job: csv at NativeMethodAccessorImpl.java:0
[2025-10-11T01:56:43.676+0000] {spark_submit.py:492} INFO - 25/10/11 01:56:43 INFO DAGScheduler: Got job 0 (csv at NativeMethodAccessorImpl.java:0) with 1 output partitions
[2025-10-11T01:56:43.678+0000] {spark_submit.py:492} INFO - 25/10/11 01:56:43 INFO DAGScheduler: Final stage: ResultStage 0 (csv at NativeMethodAccessorImpl.java:0)
[2025-10-11T01:56:43.679+0000] {spark_submit.py:492} INFO - 25/10/11 01:56:43 INFO DAGScheduler: Parents of final stage: List()
[2025-10-11T01:56:43.729+0000] {spark_submit.py:492} INFO - 25/10/11 01:56:43 INFO DAGScheduler: Missing parents: List()
[2025-10-11T01:56:43.754+0000] {spark_submit.py:492} INFO - 25/10/11 01:56:43 INFO DAGScheduler: Submitting ResultStage 0 (MapPartitionsRDD[3] at csv at NativeMethodAccessorImpl.java:0), which has no missing parents
[2025-10-11T01:56:45.827+0000] {spark_submit.py:492} INFO - 25/10/11 01:56:45 INFO MemoryStore: Block broadcast_1 stored as values in memory (estimated size 13.5 KiB, free 413.7 MiB)
[2025-10-11T01:56:45.932+0000] {spark_submit.py:492} INFO - 25/10/11 01:56:45 INFO MemoryStore: Block broadcast_1_piece0 stored as bytes in memory (estimated size 6.4 KiB, free 413.7 MiB)
[2025-10-11T01:56:45.937+0000] {spark_submit.py:492} INFO - 25/10/11 01:56:45 INFO BlockManagerInfo: Added broadcast_1_piece0 in memory on a95a0aaade3a:32975 (size: 6.4 KiB, free: 413.9 MiB)
[2025-10-11T01:56:45.946+0000] {spark_submit.py:492} INFO - 25/10/11 01:56:45 INFO SparkContext: Created broadcast 1 from broadcast at DAGScheduler.scala:1585
[2025-10-11T01:56:46.471+0000] {spark_submit.py:492} INFO - 25/10/11 01:56:46 INFO DAGScheduler: Submitting 1 missing tasks from ResultStage 0 (MapPartitionsRDD[3] at csv at NativeMethodAccessorImpl.java:0) (first 15 tasks are for partitions Vector(0))
[2025-10-11T01:56:46.607+0000] {spark_submit.py:492} INFO - 25/10/11 01:56:46 INFO TaskSchedulerImpl: Adding task set 0.0 with 1 tasks resource profile 0
[2025-10-11T01:56:47.863+0000] {spark_submit.py:492} INFO - 25/10/11 01:56:47 INFO TaskSetManager: Starting task 0.0 in stage 0.0 (TID 0) (a95a0aaade3a, executor driver, partition 0, PROCESS_LOCAL, 8211 bytes)
[2025-10-11T01:56:48.333+0000] {spark_submit.py:492} INFO - 25/10/11 01:56:48 INFO Executor: Running task 0.0 in stage 0.0 (TID 0)
[2025-10-11T01:56:50.230+0000] {spark_submit.py:492} INFO - 25/10/11 01:56:50 INFO CodeGenerator: Code generated in 161.181385 ms
[2025-10-11T01:56:50.245+0000] {spark_submit.py:492} INFO - 25/10/11 01:56:50 INFO FileScanRDD: Reading File path: file:///opt/***/dags/data.csv, range: 0-661, partition values: [empty row]
[2025-10-11T01:56:50.681+0000] {spark_submit.py:492} INFO - 25/10/11 01:56:50 INFO CodeGenerator: Code generated in 102.239372 ms
[2025-10-11T01:56:51.244+0000] {spark_submit.py:492} INFO - 25/10/11 01:56:51 INFO Executor: Finished task 0.0 in stage 0.0 (TID 0). 1727 bytes result sent to driver
[2025-10-11T01:56:51.351+0000] {spark_submit.py:492} INFO - 25/10/11 01:56:51 INFO TaskSetManager: Finished task 0.0 in stage 0.0 (TID 0) in 3607 ms on a95a0aaade3a (executor driver) (1/1)
[2025-10-11T01:56:51.364+0000] {spark_submit.py:492} INFO - 25/10/11 01:56:51 INFO TaskSchedulerImpl: Removed TaskSet 0.0, whose tasks have all completed, from pool
[2025-10-11T01:56:51.460+0000] {spark_submit.py:492} INFO - 25/10/11 01:56:51 INFO DAGScheduler: ResultStage 0 (csv at NativeMethodAccessorImpl.java:0) finished in 7.166 s
[2025-10-11T01:56:51.477+0000] {spark_submit.py:492} INFO - 25/10/11 01:56:51 INFO DAGScheduler: Job 0 is finished. Cancelling potential speculative or zombie tasks for this job
[2025-10-11T01:56:51.486+0000] {spark_submit.py:492} INFO - 25/10/11 01:56:51 INFO TaskSchedulerImpl: Killing all running tasks in stage 0: Stage finished
[2025-10-11T01:56:51.491+0000] {spark_submit.py:492} INFO - 25/10/11 01:56:51 INFO DAGScheduler: Job 0 finished: csv at NativeMethodAccessorImpl.java:0, took 8.245618 s
[2025-10-11T01:56:51.731+0000] {spark_submit.py:492} INFO - 25/10/11 01:56:51 INFO CodeGenerator: Code generated in 177.332312 ms
[2025-10-11T01:56:52.229+0000] {spark_submit.py:492} INFO - 25/10/11 01:56:52 INFO FileSourceStrategy: Pushed Filters:
[2025-10-11T01:56:52.243+0000] {spark_submit.py:492} INFO - 25/10/11 01:56:52 INFO FileSourceStrategy: Post-Scan Filters:
[2025-10-11T01:56:52.276+0000] {spark_submit.py:492} INFO - 25/10/11 01:56:52 INFO MemoryStore: Block broadcast_2 stored as values in memory (estimated size 199.4 KiB, free 413.5 MiB)
[2025-10-11T01:56:52.366+0000] {spark_submit.py:492} INFO - 25/10/11 01:56:52 INFO MemoryStore: Block broadcast_2_piece0 stored as bytes in memory (estimated size 34.2 KiB, free 413.4 MiB)
[2025-10-11T01:56:52.388+0000] {spark_submit.py:492} INFO - 25/10/11 01:56:52 INFO BlockManagerInfo: Added broadcast_2_piece0 in memory on a95a0aaade3a:32975 (size: 34.2 KiB, free: 413.9 MiB)
[2025-10-11T01:56:52.401+0000] {spark_submit.py:492} INFO - 25/10/11 01:56:52 INFO SparkContext: Created broadcast 2 from csv at NativeMethodAccessorImpl.java:0
[2025-10-11T01:56:52.427+0000] {spark_submit.py:492} INFO - 25/10/11 01:56:52 INFO FileSourceScanExec: Planning scan with bin packing, max size: 4194965 bytes, open cost is considered as scanning 4194304 bytes.
[2025-10-11T01:56:55.485+0000] {spark_submit.py:492} INFO - 25/10/11 01:56:55 INFO FileSourceStrategy: Pushed Filters:
[2025-10-11T01:56:55.528+0000] {spark_submit.py:492} INFO - 25/10/11 01:56:55 INFO FileSourceStrategy: Post-Scan Filters:
[2025-10-11T01:56:56.369+0000] {spark_submit.py:492} INFO - 25/10/11 01:56:56 INFO CodeGenerator: Code generated in 361.847164 ms
[2025-10-11T01:56:56.452+0000] {spark_submit.py:492} INFO - 25/10/11 01:56:56 INFO MemoryStore: Block broadcast_3 stored as values in memory (estimated size 199.3 KiB, free 413.3 MiB)
[2025-10-11T01:56:56.578+0000] {spark_submit.py:492} INFO - 25/10/11 01:56:56 INFO MemoryStore: Block broadcast_3_piece0 stored as bytes in memory (estimated size 34.2 KiB, free 413.2 MiB)
[2025-10-11T01:56:56.651+0000] {spark_submit.py:492} INFO - 25/10/11 01:56:56 INFO BlockManagerInfo: Added broadcast_3_piece0 in memory on a95a0aaade3a:32975 (size: 34.2 KiB, free: 413.8 MiB)
[2025-10-11T01:56:56.692+0000] {spark_submit.py:492} INFO - 25/10/11 01:56:56 INFO SparkContext: Created broadcast 3 from showString at NativeMethodAccessorImpl.java:0
[2025-10-11T01:56:56.763+0000] {spark_submit.py:492} INFO - 25/10/11 01:56:56 INFO FileSourceScanExec: Planning scan with bin packing, max size: 4194965 bytes, open cost is considered as scanning 4194304 bytes.
[2025-10-11T01:56:56.851+0000] {spark_submit.py:492} INFO - 25/10/11 01:56:56 INFO SparkContext: Starting job: showString at NativeMethodAccessorImpl.java:0
[2025-10-11T01:56:56.927+0000] {spark_submit.py:492} INFO - 25/10/11 01:56:56 INFO DAGScheduler: Got job 1 (showString at NativeMethodAccessorImpl.java:0) with 1 output partitions
[2025-10-11T01:56:57.028+0000] {spark_submit.py:492} INFO - 25/10/11 01:56:56 INFO DAGScheduler: Final stage: ResultStage 1 (showString at NativeMethodAccessorImpl.java:0)
[2025-10-11T01:56:57.062+0000] {spark_submit.py:492} INFO - 25/10/11 01:56:56 INFO DAGScheduler: Parents of final stage: List()
[2025-10-11T01:56:57.165+0000] {spark_submit.py:492} INFO - 25/10/11 01:56:56 INFO DAGScheduler: Missing parents: List()
[2025-10-11T01:56:57.229+0000] {spark_submit.py:492} INFO - 25/10/11 01:56:56 INFO DAGScheduler: Submitting ResultStage 1 (MapPartitionsRDD[13] at showString at NativeMethodAccessorImpl.java:0), which has no missing parents
[2025-10-11T01:56:57.233+0000] {spark_submit.py:492} INFO - 25/10/11 01:56:56 INFO MemoryStore: Block broadcast_4 stored as values in memory (estimated size 18.0 KiB, free 413.2 MiB)
[2025-10-11T01:56:57.243+0000] {spark_submit.py:492} INFO - 25/10/11 01:56:57 INFO MemoryStore: Block broadcast_4_piece0 stored as bytes in memory (estimated size 8.0 KiB, free 413.2 MiB)
[2025-10-11T01:56:57.259+0000] {spark_submit.py:492} INFO - 25/10/11 01:56:57 INFO BlockManagerInfo: Added broadcast_4_piece0 in memory on a95a0aaade3a:32975 (size: 8.0 KiB, free: 413.8 MiB)
[2025-10-11T01:56:57.328+0000] {spark_submit.py:492} INFO - 25/10/11 01:56:57 INFO SparkContext: Created broadcast 4 from broadcast at DAGScheduler.scala:1585
[2025-10-11T01:56:57.371+0000] {spark_submit.py:492} INFO - 25/10/11 01:56:57 INFO DAGScheduler: Submitting 1 missing tasks from ResultStage 1 (MapPartitionsRDD[13] at showString at NativeMethodAccessorImpl.java:0) (first 15 tasks are for partitions Vector(0))
[2025-10-11T01:56:57.427+0000] {spark_submit.py:492} INFO - 25/10/11 01:56:57 INFO TaskSchedulerImpl: Adding task set 1.0 with 1 tasks resource profile 0
[2025-10-11T01:56:57.429+0000] {spark_submit.py:492} INFO - 25/10/11 01:56:57 INFO TaskSetManager: Starting task 0.0 in stage 1.0 (TID 1) (a95a0aaade3a, executor driver, partition 0, PROCESS_LOCAL, 8211 bytes)
[2025-10-11T01:56:57.430+0000] {spark_submit.py:492} INFO - 25/10/11 01:56:57 INFO Executor: Running task 0.0 in stage 1.0 (TID 1)
[2025-10-11T01:56:57.855+0000] {spark_submit.py:492} INFO - 25/10/11 01:56:57 INFO CodeGenerator: Code generated in 311.02654 ms
[2025-10-11T01:56:57.928+0000] {spark_submit.py:492} INFO - 25/10/11 01:56:57 INFO FileScanRDD: Reading File path: file:///opt/***/dags/data.csv, range: 0-661, partition values: [empty row]
[2025-10-11T01:56:58.246+0000] {spark_submit.py:492} INFO - 25/10/11 01:56:58 INFO CodeGenerator: Code generated in 282.318476 ms
[2025-10-11T01:56:58.721+0000] {spark_submit.py:492} INFO - 25/10/11 01:56:58 INFO Executor: Finished task 0.0 in stage 1.0 (TID 1). 2305 bytes result sent to driver
[2025-10-11T01:56:58.762+0000] {spark_submit.py:492} INFO - 25/10/11 01:56:58 INFO TaskSetManager: Finished task 0.0 in stage 1.0 (TID 1) in 1520 ms on a95a0aaade3a (executor driver) (1/1)
[2025-10-11T01:56:58.763+0000] {spark_submit.py:492} INFO - 25/10/11 01:56:58 INFO TaskSchedulerImpl: Removed TaskSet 1.0, whose tasks have all completed, from pool
[2025-10-11T01:56:58.778+0000] {spark_submit.py:492} INFO - 25/10/11 01:56:58 INFO DAGScheduler: ResultStage 1 (showString at NativeMethodAccessorImpl.java:0) finished in 1.821 s
[2025-10-11T01:56:58.799+0000] {spark_submit.py:492} INFO - 25/10/11 01:56:58 INFO DAGScheduler: Job 1 is finished. Cancelling potential speculative or zombie tasks for this job
[2025-10-11T01:56:58.850+0000] {spark_submit.py:492} INFO - 25/10/11 01:56:58 INFO TaskSchedulerImpl: Killing all running tasks in stage 1: Stage finished
[2025-10-11T01:56:58.864+0000] {spark_submit.py:492} INFO - 25/10/11 01:56:58 INFO DAGScheduler: Job 1 finished: showString at NativeMethodAccessorImpl.java:0, took 1.988437 s
[2025-10-11T01:56:59.260+0000] {spark_submit.py:492} INFO - 25/10/11 01:56:59 INFO CodeGenerator: Code generated in 271.715763 ms
[2025-10-11T01:56:59.329+0000] {spark_submit.py:492} INFO - +----------+----------+-----------+--------+----------+-----------+-----------+------+
[2025-10-11T01:56:59.337+0000] {spark_submit.py:492} INFO - |      date|   product|   category|quantity|unit_price|total_sales|customer_id|region|
[2025-10-11T01:56:59.339+0000] {spark_submit.py:492} INFO - +----------+----------+-----------+--------+----------+-----------+-----------+------+
[2025-10-11T01:56:59.345+0000] {spark_submit.py:492} INFO - |2024-01-01|    Laptop|Electronics|       2|    999.99|    1999.98|       C001| North|
[2025-10-11T01:56:59.366+0000] {spark_submit.py:492} INFO - |2024-01-01|     Mouse|Electronics|       5|     29.99|     149.95|       C002| South|
[2025-10-11T01:56:59.370+0000] {spark_submit.py:492} INFO - |2024-01-02|  Keyboard|Electronics|       3|     89.99|     269.97|       C003|  East|
[2025-10-11T01:56:59.374+0000] {spark_submit.py:492} INFO - |2024-01-02|   Monitor|Electronics|       1|    299.99|     299.99|       C001| North|
[2025-10-11T01:56:59.378+0000] {spark_submit.py:492} INFO - |2024-01-03|Headphones|Electronics|       4|     79.99|     319.96|       C004|  West|
[2025-10-11T01:56:59.381+0000] {spark_submit.py:492} INFO - |2024-01-03| SSD Drive|Electronics|       2|    159.99|     319.98|       C005| South|
[2025-10-11T01:56:59.385+0000] {spark_submit.py:492} INFO - |2024-01-04|    Webcam|Electronics|       3|     69.99|     209.97|       C002| South|
[2025-10-11T01:56:59.389+0000] {spark_submit.py:492} INFO - |2024-01-04| USB Cable|Accessories|      10|      9.99|      99.90|       C003|  East|
[2025-10-11T01:56:59.393+0000] {spark_submit.py:492} INFO - |2024-01-05|Power Bank|Accessories|       5|     49.99|     249.95|       C004|  West|
[2025-10-11T01:56:59.398+0000] {spark_submit.py:492} INFO - |2024-01-05|Phone Case|Accessories|       8|     19.99|     159.92|       C005| South|
[2025-10-11T01:56:59.402+0000] {spark_submit.py:492} INFO - +----------+----------+-----------+--------+----------+-----------+-----------+------+
[2025-10-11T01:56:59.406+0000] {spark_submit.py:492} INFO - 
[2025-10-11T01:56:59.413+0000] {spark_submit.py:492} INFO - 25/10/11 01:56:59 INFO SparkContext: SparkContext is stopping with exitCode 0.
[2025-10-11T01:56:59.462+0000] {spark_submit.py:492} INFO - 25/10/11 01:56:59 INFO SparkUI: Stopped Spark web UI at http://a95a0aaade3a:4040
[2025-10-11T01:56:59.591+0000] {spark_submit.py:492} INFO - 25/10/11 01:56:59 INFO MapOutputTrackerMasterEndpoint: MapOutputTrackerMasterEndpoint stopped!
[2025-10-11T01:56:59.747+0000] {spark_submit.py:492} INFO - 25/10/11 01:56:59 INFO MemoryStore: MemoryStore cleared
[2025-10-11T01:56:59.763+0000] {spark_submit.py:492} INFO - 25/10/11 01:56:59 INFO BlockManager: BlockManager stopped
[2025-10-11T01:56:59.956+0000] {spark_submit.py:492} INFO - 25/10/11 01:56:59 INFO BlockManagerMaster: BlockManagerMaster stopped
[2025-10-11T01:56:59.975+0000] {spark_submit.py:492} INFO - 25/10/11 01:56:59 INFO OutputCommitCoordinator$OutputCommitCoordinatorEndpoint: OutputCommitCoordinator stopped!
[2025-10-11T01:57:00.111+0000] {spark_submit.py:492} INFO - 25/10/11 01:57:00 INFO SparkContext: Successfully stopped SparkContext
[2025-10-11T01:57:00.767+0000] {spark_submit.py:492} INFO - 25/10/11 01:57:00 INFO ShutdownHookManager: Shutdown hook called
[2025-10-11T01:57:00.775+0000] {spark_submit.py:492} INFO - 25/10/11 01:57:00 INFO ShutdownHookManager: Deleting directory /tmp/spark-89e84ba4-beba-413a-a0ca-96aa0c3771f2
[2025-10-11T01:57:00.792+0000] {spark_submit.py:492} INFO - 25/10/11 01:57:00 INFO ShutdownHookManager: Deleting directory /tmp/spark-e7dc7fea-4ff5-49a8-b1ab-011c227d7950
[2025-10-11T01:57:00.829+0000] {spark_submit.py:492} INFO - 25/10/11 01:57:00 INFO ShutdownHookManager: Deleting directory /tmp/spark-e7dc7fea-4ff5-49a8-b1ab-011c227d7950/pyspark-d9c8b5ab-81fb-494e-a5ea-1d34fea553bd
[2025-10-11T01:57:01.243+0000] {taskinstance.py:1138} INFO - Marking task as SUCCESS. dag_id=my_dag, task_id=submit_job, execution_date=20251011T015158, start_date=20251011T015237, end_date=20251011T015701
[2025-10-11T01:57:01.656+0000] {local_task_job_runner.py:234} INFO - Task exited with return code 0
[2025-10-11T01:57:01.710+0000] {taskinstance.py:3280} INFO - 0 downstream tasks scheduled from follow-on schedule check
