[2025-10-30T09:49:07.420+0000] {taskinstance.py:1956} INFO - Dependencies all met for dep_context=non-requeueable deps ti=<TaskInstance: dag_dbt_pipeline.dbt_run manual__2025-10-30T09:48:59.583821+00:00 [queued]>
[2025-10-30T09:49:07.493+0000] {taskinstance.py:1956} INFO - Dependencies all met for dep_context=requeueable deps ti=<TaskInstance: dag_dbt_pipeline.dbt_run manual__2025-10-30T09:48:59.583821+00:00 [queued]>
[2025-10-30T09:49:07.494+0000] {taskinstance.py:2170} INFO - Starting attempt 1 of 2
[2025-10-30T09:49:07.583+0000] {taskinstance.py:2191} INFO - Executing <Task(BashOperator): dbt_run> on 2025-10-30 09:48:59.583821+00:00
[2025-10-30T09:49:07.666+0000] {standard_task_runner.py:60} INFO - Started process 272 to run task
[2025-10-30T09:49:07.685+0000] {standard_task_runner.py:87} INFO - Running: ['***', 'tasks', 'run', 'dag_dbt_pipeline', 'dbt_run', 'manual__2025-10-30T09:48:59.583821+00:00', '--job-id', '317', '--raw', '--subdir', 'DAGS_FOLDER/dbt_local_dag.py', '--cfg-path', '/tmp/tmpz13whueu']
[2025-10-30T09:49:07.691+0000] {standard_task_runner.py:88} INFO - Job 317: Subtask dbt_run
[2025-10-30T09:49:07.986+0000] {task_command.py:423} INFO - Running <TaskInstance: dag_dbt_pipeline.dbt_run manual__2025-10-30T09:48:59.583821+00:00 [running]> on host 257bb6028ed5
[2025-10-30T09:49:08.362+0000] {taskinstance.py:2480} INFO - Exporting env vars: AIRFLOW_CTX_DAG_OWNER='winardi' AIRFLOW_CTX_DAG_ID='dag_dbt_pipeline' AIRFLOW_CTX_TASK_ID='dbt_run' AIRFLOW_CTX_EXECUTION_DATE='2025-10-30T09:48:59.583821+00:00' AIRFLOW_CTX_TRY_NUMBER='1' AIRFLOW_CTX_DAG_RUN_ID='manual__2025-10-30T09:48:59.583821+00:00'
[2025-10-30T09:49:08.371+0000] {subprocess.py:63} INFO - Tmp dir root location: /tmp
[2025-10-30T09:49:08.380+0000] {subprocess.py:75} INFO - Running command: ['/usr/bin/bash', '-c', '\n            cd /opt/***/include/dbt/dbt_project &&             dbt run --profiles-dir /home/***/.dbt --target dev\n        ']
[2025-10-30T09:49:08.426+0000] {subprocess.py:86} INFO - Output:
[2025-10-30T09:49:31.826+0000] {subprocess.py:93} INFO - [0m09:49:31  Running with dbt=1.9.0-b2
[2025-10-30T09:49:34.554+0000] {subprocess.py:93} INFO - [0m09:49:34  Registered adapter: postgres=1.8.2
[2025-10-30T09:49:39.080+0000] {subprocess.py:93} INFO - [0m09:49:39  Found 5 models, 14 data tests, 1 source, 423 macros
[2025-10-30T09:49:39.093+0000] {subprocess.py:93} INFO - [0m09:49:39
[2025-10-30T09:49:39.095+0000] {subprocess.py:93} INFO - [0m09:49:39  Concurrency: 1 threads (target='dev')
[2025-10-30T09:49:39.098+0000] {subprocess.py:93} INFO - [0m09:49:39
[2025-10-30T09:49:39.634+0000] {subprocess.py:93} INFO - [0m09:49:39  1 of 5 START sql table model datamart.dim_card_holder .......................... [RUN]
[2025-10-30T09:49:42.366+0000] {subprocess.py:93} INFO - [0m09:49:42  1 of 5 OK created sql table model datamart.dim_card_holder ..................... [[32mSELECT 10000[0m in 2.72s]
[2025-10-30T09:49:42.391+0000] {subprocess.py:93} INFO - [0m09:49:42  2 of 5 START sql table model datamart.dim_corridor ............................. [RUN]
[2025-10-30T10:33:23.864+0000] {subprocess.py:93} INFO - [0m10:33:23  2 of 5 OK created sql table model datamart.dim_corridor ........................ [[32mSELECT 221[0m in 2621.03s]
[2025-10-30T10:33:25.121+0000] {subprocess.py:93} INFO - [0m10:33:23  3 of 5 START sql table model datamart.dim_stop ................................. [RUN]
[2025-10-30T10:33:30.067+0000] {subprocess.py:93} INFO - [0m10:33:30  3 of 5 OK created sql table model datamart.dim_stop ............................ [[32mSELECT 5851[0m in 6.29s]
[2025-10-30T10:33:30.082+0000] {subprocess.py:93} INFO - [0m10:33:30  4 of 5 START sql table model datamart.dim_time ................................. [RUN]
[2025-10-30T10:33:35.224+0000] {subprocess.py:93} INFO - [0m10:33:35  4 of 5 OK created sql table model datamart.dim_time ............................ [[32mSELECT 27836[0m in 5.13s]
[2025-10-30T10:33:35.242+0000] {subprocess.py:93} INFO - [0m10:33:35  5 of 5 START sql incremental model datamart.fact_transactions .................. [RUN]
