[2025-10-10T16:05:59.512+0000] {processor.py:161} INFO - Started process (PID=423) to work on /opt/airflow/dags/my_dag.py
[2025-10-10T16:05:59.514+0000] {processor.py:830} INFO - Processing file /opt/airflow/dags/my_dag.py for tasks to queue
[2025-10-10T16:05:59.519+0000] {logging_mixin.py:188} INFO - [2025-10-10T16:05:59.518+0000] {dagbag.py:538} INFO - Filling up the DagBag from /opt/airflow/dags/my_dag.py
[2025-10-10T16:06:17.888+0000] {processor.py:840} INFO - DAG(s) 'my_dag' retrieved from /opt/airflow/dags/my_dag.py
[2025-10-10T16:06:18.915+0000] {logging_mixin.py:188} INFO - [2025-10-10T16:06:18.913+0000] {override.py:1769} INFO - Created Permission View: can delete on DAG:my_dag
[2025-10-10T16:06:19.004+0000] {logging_mixin.py:188} INFO - [2025-10-10T16:06:19.003+0000] {override.py:1769} INFO - Created Permission View: can read on DAG:my_dag
[2025-10-10T16:06:19.022+0000] {logging_mixin.py:188} INFO - [2025-10-10T16:06:19.021+0000] {override.py:1769} INFO - Created Permission View: can edit on DAG:my_dag
[2025-10-10T16:06:19.024+0000] {logging_mixin.py:188} INFO - [2025-10-10T16:06:19.023+0000] {dag.py:3036} INFO - Sync 1 DAGs
[2025-10-10T16:06:19.040+0000] {logging_mixin.py:188} INFO - [2025-10-10T16:06:19.039+0000] {dag.py:3058} INFO - Creating ORM DAG for my_dag
[2025-10-10T16:06:19.042+0000] {logging_mixin.py:188} INFO - [2025-10-10T16:06:19.041+0000] {dag.py:3823} INFO - Setting next_dagrun for my_dag to None, run_after=None
[2025-10-10T16:06:19.086+0000] {processor.py:183} INFO - Processing /opt/airflow/dags/my_dag.py took 19.605 seconds
[2025-10-10T16:06:34.326+0000] {processor.py:161} INFO - Started process (PID=433) to work on /opt/airflow/dags/my_dag.py
[2025-10-10T16:06:34.329+0000] {processor.py:830} INFO - Processing file /opt/airflow/dags/my_dag.py for tasks to queue
[2025-10-10T16:06:34.345+0000] {logging_mixin.py:188} INFO - [2025-10-10T16:06:34.344+0000] {dagbag.py:538} INFO - Filling up the DagBag from /opt/airflow/dags/my_dag.py
[2025-10-10T16:06:36.480+0000] {processor.py:840} INFO - DAG(s) 'my_dag' retrieved from /opt/airflow/dags/my_dag.py
[2025-10-10T16:06:36.590+0000] {logging_mixin.py:188} INFO - [2025-10-10T16:06:36.589+0000] {dag.py:3036} INFO - Sync 1 DAGs
[2025-10-10T16:06:36.612+0000] {logging_mixin.py:188} INFO - [2025-10-10T16:06:36.612+0000] {dag.py:3823} INFO - Setting next_dagrun for my_dag to None, run_after=None
[2025-10-10T16:06:36.656+0000] {processor.py:183} INFO - Processing /opt/airflow/dags/my_dag.py took 2.348 seconds
[2025-10-10T16:07:07.128+0000] {processor.py:161} INFO - Started process (PID=441) to work on /opt/airflow/dags/my_dag.py
[2025-10-10T16:07:07.133+0000] {processor.py:830} INFO - Processing file /opt/airflow/dags/my_dag.py for tasks to queue
[2025-10-10T16:07:07.144+0000] {logging_mixin.py:188} INFO - [2025-10-10T16:07:07.144+0000] {dagbag.py:538} INFO - Filling up the DagBag from /opt/airflow/dags/my_dag.py
[2025-10-10T16:07:08.379+0000] {processor.py:840} INFO - DAG(s) 'my_dag' retrieved from /opt/airflow/dags/my_dag.py
[2025-10-10T16:07:08.726+0000] {logging_mixin.py:188} INFO - [2025-10-10T16:07:08.725+0000] {dag.py:3036} INFO - Sync 1 DAGs
[2025-10-10T16:07:08.755+0000] {logging_mixin.py:188} INFO - [2025-10-10T16:07:08.754+0000] {dag.py:3823} INFO - Setting next_dagrun for my_dag to None, run_after=None
[2025-10-10T16:07:08.823+0000] {processor.py:183} INFO - Processing /opt/airflow/dags/my_dag.py took 1.714 seconds
[2025-10-10T16:07:39.791+0000] {processor.py:161} INFO - Started process (PID=450) to work on /opt/airflow/dags/my_dag.py
[2025-10-10T16:07:39.795+0000] {processor.py:830} INFO - Processing file /opt/airflow/dags/my_dag.py for tasks to queue
[2025-10-10T16:07:39.817+0000] {logging_mixin.py:188} INFO - [2025-10-10T16:07:39.816+0000] {dagbag.py:538} INFO - Filling up the DagBag from /opt/airflow/dags/my_dag.py
[2025-10-10T16:07:42.252+0000] {processor.py:840} INFO - DAG(s) 'my_dag' retrieved from /opt/airflow/dags/my_dag.py
[2025-10-10T16:07:43.662+0000] {logging_mixin.py:188} INFO - [2025-10-10T16:07:43.658+0000] {dag.py:3036} INFO - Sync 1 DAGs
[2025-10-10T16:07:43.933+0000] {logging_mixin.py:188} INFO - [2025-10-10T16:07:43.932+0000] {dag.py:3823} INFO - Setting next_dagrun for my_dag to None, run_after=None
[2025-10-10T16:07:44.039+0000] {processor.py:183} INFO - Processing /opt/airflow/dags/my_dag.py took 4.293 seconds
[2025-10-10T16:08:14.301+0000] {processor.py:161} INFO - Started process (PID=459) to work on /opt/airflow/dags/my_dag.py
[2025-10-10T16:08:14.309+0000] {processor.py:830} INFO - Processing file /opt/airflow/dags/my_dag.py for tasks to queue
[2025-10-10T16:08:14.314+0000] {logging_mixin.py:188} INFO - [2025-10-10T16:08:14.313+0000] {dagbag.py:538} INFO - Filling up the DagBag from /opt/airflow/dags/my_dag.py
[2025-10-10T16:08:19.433+0000] {processor.py:840} INFO - DAG(s) 'my_dag' retrieved from /opt/airflow/dags/my_dag.py
[2025-10-10T16:08:20.155+0000] {logging_mixin.py:188} INFO - [2025-10-10T16:08:20.149+0000] {dag.py:3036} INFO - Sync 1 DAGs
[2025-10-10T16:08:20.374+0000] {logging_mixin.py:188} INFO - [2025-10-10T16:08:20.374+0000] {dag.py:3823} INFO - Setting next_dagrun for my_dag to None, run_after=None
[2025-10-10T16:08:24.128+0000] {processor.py:183} INFO - Processing /opt/airflow/dags/my_dag.py took 9.850 seconds
[2025-10-10T16:08:54.899+0000] {processor.py:161} INFO - Started process (PID=468) to work on /opt/airflow/dags/my_dag.py
[2025-10-10T16:08:54.902+0000] {processor.py:830} INFO - Processing file /opt/airflow/dags/my_dag.py for tasks to queue
[2025-10-10T16:08:54.908+0000] {logging_mixin.py:188} INFO - [2025-10-10T16:08:54.908+0000] {dagbag.py:538} INFO - Filling up the DagBag from /opt/airflow/dags/my_dag.py
[2025-10-10T16:08:57.464+0000] {processor.py:840} INFO - DAG(s) 'my_dag' retrieved from /opt/airflow/dags/my_dag.py
[2025-10-10T16:08:57.649+0000] {logging_mixin.py:188} INFO - [2025-10-10T16:08:57.647+0000] {dag.py:3036} INFO - Sync 1 DAGs
[2025-10-10T16:08:57.675+0000] {logging_mixin.py:188} INFO - [2025-10-10T16:08:57.675+0000] {dag.py:3823} INFO - Setting next_dagrun for my_dag to None, run_after=None
[2025-10-10T16:08:57.715+0000] {processor.py:183} INFO - Processing /opt/airflow/dags/my_dag.py took 2.834 seconds
[2025-10-10T16:09:27.919+0000] {processor.py:161} INFO - Started process (PID=477) to work on /opt/airflow/dags/my_dag.py
[2025-10-10T16:09:27.922+0000] {processor.py:830} INFO - Processing file /opt/airflow/dags/my_dag.py for tasks to queue
[2025-10-10T16:09:27.928+0000] {logging_mixin.py:188} INFO - [2025-10-10T16:09:27.928+0000] {dagbag.py:538} INFO - Filling up the DagBag from /opt/airflow/dags/my_dag.py
[2025-10-10T16:09:30.304+0000] {processor.py:840} INFO - DAG(s) 'my_dag' retrieved from /opt/airflow/dags/my_dag.py
[2025-10-10T16:09:30.442+0000] {logging_mixin.py:188} INFO - [2025-10-10T16:09:30.440+0000] {dag.py:3036} INFO - Sync 1 DAGs
[2025-10-10T16:09:30.525+0000] {logging_mixin.py:188} INFO - [2025-10-10T16:09:30.525+0000] {dag.py:3823} INFO - Setting next_dagrun for my_dag to None, run_after=None
[2025-10-10T16:09:30.688+0000] {processor.py:183} INFO - Processing /opt/airflow/dags/my_dag.py took 2.775 seconds
[2025-10-10T16:10:01.188+0000] {processor.py:161} INFO - Started process (PID=492) to work on /opt/airflow/dags/my_dag.py
[2025-10-10T16:10:01.191+0000] {processor.py:830} INFO - Processing file /opt/airflow/dags/my_dag.py for tasks to queue
[2025-10-10T16:10:01.196+0000] {logging_mixin.py:188} INFO - [2025-10-10T16:10:01.195+0000] {dagbag.py:538} INFO - Filling up the DagBag from /opt/airflow/dags/my_dag.py
[2025-10-10T16:10:02.399+0000] {processor.py:840} INFO - DAG(s) 'my_dag' retrieved from /opt/airflow/dags/my_dag.py
[2025-10-10T16:10:02.446+0000] {logging_mixin.py:188} INFO - [2025-10-10T16:10:02.445+0000] {dag.py:3036} INFO - Sync 1 DAGs
[2025-10-10T16:10:02.463+0000] {logging_mixin.py:188} INFO - [2025-10-10T16:10:02.463+0000] {dag.py:3823} INFO - Setting next_dagrun for my_dag to None, run_after=None
[2025-10-10T16:10:02.843+0000] {processor.py:183} INFO - Processing /opt/airflow/dags/my_dag.py took 1.662 seconds
[2025-10-10T16:10:33.445+0000] {processor.py:161} INFO - Started process (PID=501) to work on /opt/airflow/dags/my_dag.py
[2025-10-10T16:10:33.447+0000] {processor.py:830} INFO - Processing file /opt/airflow/dags/my_dag.py for tasks to queue
[2025-10-10T16:10:33.453+0000] {logging_mixin.py:188} INFO - [2025-10-10T16:10:33.452+0000] {dagbag.py:538} INFO - Filling up the DagBag from /opt/airflow/dags/my_dag.py
[2025-10-10T16:10:34.444+0000] {processor.py:840} INFO - DAG(s) 'my_dag' retrieved from /opt/airflow/dags/my_dag.py
[2025-10-10T16:10:34.489+0000] {logging_mixin.py:188} INFO - [2025-10-10T16:10:34.488+0000] {dag.py:3036} INFO - Sync 1 DAGs
[2025-10-10T16:10:34.504+0000] {logging_mixin.py:188} INFO - [2025-10-10T16:10:34.504+0000] {dag.py:3823} INFO - Setting next_dagrun for my_dag to None, run_after=None
[2025-10-10T16:10:34.546+0000] {processor.py:183} INFO - Processing /opt/airflow/dags/my_dag.py took 1.110 seconds
[2025-10-10T16:11:05.381+0000] {processor.py:161} INFO - Started process (PID=511) to work on /opt/airflow/dags/my_dag.py
[2025-10-10T16:11:05.384+0000] {processor.py:830} INFO - Processing file /opt/airflow/dags/my_dag.py for tasks to queue
[2025-10-10T16:11:05.387+0000] {logging_mixin.py:188} INFO - [2025-10-10T16:11:05.386+0000] {dagbag.py:538} INFO - Filling up the DagBag from /opt/airflow/dags/my_dag.py
[2025-10-10T16:11:06.744+0000] {processor.py:840} INFO - DAG(s) 'my_dag' retrieved from /opt/airflow/dags/my_dag.py
[2025-10-10T16:11:06.811+0000] {logging_mixin.py:188} INFO - [2025-10-10T16:11:06.809+0000] {dag.py:3036} INFO - Sync 1 DAGs
[2025-10-10T16:11:06.847+0000] {logging_mixin.py:188} INFO - [2025-10-10T16:11:06.846+0000] {dag.py:3823} INFO - Setting next_dagrun for my_dag to None, run_after=None
[2025-10-10T16:11:06.938+0000] {processor.py:183} INFO - Processing /opt/airflow/dags/my_dag.py took 1.563 seconds
[2025-10-10T16:11:37.271+0000] {processor.py:161} INFO - Started process (PID=522) to work on /opt/airflow/dags/my_dag.py
[2025-10-10T16:11:37.274+0000] {processor.py:830} INFO - Processing file /opt/airflow/dags/my_dag.py for tasks to queue
[2025-10-10T16:11:37.277+0000] {logging_mixin.py:188} INFO - [2025-10-10T16:11:37.277+0000] {dagbag.py:538} INFO - Filling up the DagBag from /opt/airflow/dags/my_dag.py
[2025-10-10T16:11:38.330+0000] {processor.py:840} INFO - DAG(s) 'my_dag' retrieved from /opt/airflow/dags/my_dag.py
[2025-10-10T16:11:38.365+0000] {logging_mixin.py:188} INFO - [2025-10-10T16:11:38.364+0000] {dag.py:3036} INFO - Sync 1 DAGs
[2025-10-10T16:11:38.380+0000] {logging_mixin.py:188} INFO - [2025-10-10T16:11:38.380+0000] {dag.py:3823} INFO - Setting next_dagrun for my_dag to None, run_after=None
[2025-10-10T16:11:38.638+0000] {processor.py:183} INFO - Processing /opt/airflow/dags/my_dag.py took 1.375 seconds
[2025-10-10T16:12:09.662+0000] {processor.py:161} INFO - Started process (PID=532) to work on /opt/airflow/dags/my_dag.py
[2025-10-10T16:12:09.664+0000] {processor.py:830} INFO - Processing file /opt/airflow/dags/my_dag.py for tasks to queue
[2025-10-10T16:12:09.668+0000] {logging_mixin.py:188} INFO - [2025-10-10T16:12:09.667+0000] {dagbag.py:538} INFO - Filling up the DagBag from /opt/airflow/dags/my_dag.py
[2025-10-10T16:12:11.655+0000] {processor.py:840} INFO - DAG(s) 'my_dag' retrieved from /opt/airflow/dags/my_dag.py
[2025-10-10T16:12:11.734+0000] {logging_mixin.py:188} INFO - [2025-10-10T16:12:11.733+0000] {dag.py:3036} INFO - Sync 1 DAGs
[2025-10-10T16:12:11.760+0000] {logging_mixin.py:188} INFO - [2025-10-10T16:12:11.760+0000] {dag.py:3823} INFO - Setting next_dagrun for my_dag to None, run_after=None
[2025-10-10T16:12:12.238+0000] {processor.py:183} INFO - Processing /opt/airflow/dags/my_dag.py took 2.584 seconds
[2025-10-10T16:12:42.990+0000] {processor.py:161} INFO - Started process (PID=541) to work on /opt/airflow/dags/my_dag.py
[2025-10-10T16:12:42.995+0000] {processor.py:830} INFO - Processing file /opt/airflow/dags/my_dag.py for tasks to queue
[2025-10-10T16:12:43.000+0000] {logging_mixin.py:188} INFO - [2025-10-10T16:12:43.000+0000] {dagbag.py:538} INFO - Filling up the DagBag from /opt/airflow/dags/my_dag.py
[2025-10-10T16:12:44.033+0000] {processor.py:840} INFO - DAG(s) 'my_dag' retrieved from /opt/airflow/dags/my_dag.py
[2025-10-10T16:12:44.073+0000] {logging_mixin.py:188} INFO - [2025-10-10T16:12:44.071+0000] {dag.py:3036} INFO - Sync 1 DAGs
[2025-10-10T16:12:44.101+0000] {logging_mixin.py:188} INFO - [2025-10-10T16:12:44.100+0000] {dag.py:3823} INFO - Setting next_dagrun for my_dag to None, run_after=None
[2025-10-10T16:12:44.359+0000] {processor.py:183} INFO - Processing /opt/airflow/dags/my_dag.py took 1.380 seconds
[2025-10-10T16:13:14.473+0000] {processor.py:161} INFO - Started process (PID=551) to work on /opt/airflow/dags/my_dag.py
[2025-10-10T16:13:14.476+0000] {processor.py:830} INFO - Processing file /opt/airflow/dags/my_dag.py for tasks to queue
[2025-10-10T16:13:14.481+0000] {logging_mixin.py:188} INFO - [2025-10-10T16:13:14.480+0000] {dagbag.py:538} INFO - Filling up the DagBag from /opt/airflow/dags/my_dag.py
[2025-10-10T16:13:15.485+0000] {processor.py:840} INFO - DAG(s) 'my_dag' retrieved from /opt/airflow/dags/my_dag.py
[2025-10-10T16:13:15.721+0000] {logging_mixin.py:188} INFO - [2025-10-10T16:13:15.720+0000] {dag.py:3036} INFO - Sync 1 DAGs
[2025-10-10T16:13:15.771+0000] {logging_mixin.py:188} INFO - [2025-10-10T16:13:15.770+0000] {dag.py:3823} INFO - Setting next_dagrun for my_dag to None, run_after=None
[2025-10-10T16:13:16.056+0000] {processor.py:183} INFO - Processing /opt/airflow/dags/my_dag.py took 1.592 seconds
[2025-10-10T16:13:46.435+0000] {processor.py:161} INFO - Started process (PID=561) to work on /opt/airflow/dags/my_dag.py
[2025-10-10T16:13:46.438+0000] {processor.py:830} INFO - Processing file /opt/airflow/dags/my_dag.py for tasks to queue
[2025-10-10T16:13:46.441+0000] {logging_mixin.py:188} INFO - [2025-10-10T16:13:46.441+0000] {dagbag.py:538} INFO - Filling up the DagBag from /opt/airflow/dags/my_dag.py
[2025-10-10T16:13:47.611+0000] {processor.py:840} INFO - DAG(s) 'my_dag' retrieved from /opt/airflow/dags/my_dag.py
[2025-10-10T16:13:47.646+0000] {logging_mixin.py:188} INFO - [2025-10-10T16:13:47.644+0000] {dag.py:3036} INFO - Sync 1 DAGs
[2025-10-10T16:13:47.664+0000] {logging_mixin.py:188} INFO - [2025-10-10T16:13:47.664+0000] {dag.py:3823} INFO - Setting next_dagrun for my_dag to None, run_after=None
[2025-10-10T16:13:47.748+0000] {processor.py:183} INFO - Processing /opt/airflow/dags/my_dag.py took 1.322 seconds
[2025-10-10T16:14:17.983+0000] {processor.py:161} INFO - Started process (PID=570) to work on /opt/airflow/dags/my_dag.py
[2025-10-10T16:14:17.985+0000] {processor.py:830} INFO - Processing file /opt/airflow/dags/my_dag.py for tasks to queue
[2025-10-10T16:14:17.989+0000] {logging_mixin.py:188} INFO - [2025-10-10T16:14:17.989+0000] {dagbag.py:538} INFO - Filling up the DagBag from /opt/airflow/dags/my_dag.py
[2025-10-10T16:14:19.201+0000] {processor.py:840} INFO - DAG(s) 'my_dag' retrieved from /opt/airflow/dags/my_dag.py
[2025-10-10T16:14:19.279+0000] {logging_mixin.py:188} INFO - [2025-10-10T16:14:19.277+0000] {dag.py:3036} INFO - Sync 1 DAGs
[2025-10-10T16:14:19.300+0000] {logging_mixin.py:188} INFO - [2025-10-10T16:14:19.300+0000] {dag.py:3823} INFO - Setting next_dagrun for my_dag to None, run_after=None
[2025-10-10T16:14:19.454+0000] {processor.py:183} INFO - Processing /opt/airflow/dags/my_dag.py took 1.480 seconds
