[2025-10-11T04:59:49.349+0000] {taskinstance.py:1956} INFO - Dependencies all met for dep_context=non-requeueable deps ti=<TaskInstance: my_dag.submit_job manual__2025-10-11T04:58:52.172961+00:00 [queued]>
[2025-10-11T04:59:49.434+0000] {taskinstance.py:1956} INFO - Dependencies all met for dep_context=requeueable deps ti=<TaskInstance: my_dag.submit_job manual__2025-10-11T04:58:52.172961+00:00 [queued]>
[2025-10-11T04:59:49.437+0000] {taskinstance.py:2170} INFO - Starting attempt 1 of 1
[2025-10-11T04:59:49.684+0000] {taskinstance.py:2191} INFO - Executing <Task(SparkSubmitOperator): submit_job> on 2025-10-11 04:58:52.172961+00:00
[2025-10-11T04:59:50.070+0000] {standard_task_runner.py:60} INFO - Started process 438 to run task
[2025-10-11T04:59:50.133+0000] {standard_task_runner.py:87} INFO - Running: ['***', 'tasks', 'run', 'my_dag', 'submit_job', 'manual__2025-10-11T04:58:52.172961+00:00', '--job-id', '33', '--raw', '--subdir', 'DAGS_FOLDER/my_dag.py', '--cfg-path', '/tmp/tmpqw5j6k52']
[2025-10-11T04:59:50.180+0000] {standard_task_runner.py:88} INFO - Job 33: Subtask submit_job
[2025-10-11T04:59:51.413+0000] {task_command.py:423} INFO - Running <TaskInstance: my_dag.submit_job manual__2025-10-11T04:58:52.172961+00:00 [running]> on host 673fe1495c96
[2025-10-11T04:59:53.534+0000] {taskinstance.py:2480} INFO - Exporting env vars: AIRFLOW_CTX_DAG_OWNER='***' AIRFLOW_CTX_DAG_ID='my_dag' AIRFLOW_CTX_TASK_ID='submit_job' AIRFLOW_CTX_EXECUTION_DATE='2025-10-11T04:58:52.172961+00:00' AIRFLOW_CTX_TRY_NUMBER='1' AIRFLOW_CTX_DAG_RUN_ID='manual__2025-10-11T04:58:52.172961+00:00'
[2025-10-11T04:59:53.594+0000] {base.py:83} INFO - Using connection ID 'my_spark_conn' for task execution.
[2025-10-11T04:59:53.635+0000] {spark_submit.py:341} INFO - Spark-Submit cmd: spark-submit --master local --name arrow-spark --verbose /opt/***/include/scripts/read.py
[2025-10-11T05:00:22.198+0000] {spark_submit.py:492} INFO - Using properties file: null
[2025-10-11T05:00:23.155+0000] {spark_submit.py:492} INFO - Parsed arguments:
[2025-10-11T05:00:23.160+0000] {spark_submit.py:492} INFO - master                  local
[2025-10-11T05:00:23.162+0000] {spark_submit.py:492} INFO - remote                  null
[2025-10-11T05:00:23.165+0000] {spark_submit.py:492} INFO - deployMode              null
[2025-10-11T05:00:23.168+0000] {spark_submit.py:492} INFO - executorMemory          null
[2025-10-11T05:00:23.170+0000] {spark_submit.py:492} INFO - executorCores           null
[2025-10-11T05:00:23.171+0000] {spark_submit.py:492} INFO - totalExecutorCores      null
[2025-10-11T05:00:23.172+0000] {spark_submit.py:492} INFO - propertiesFile          null
[2025-10-11T05:00:23.174+0000] {spark_submit.py:492} INFO - driverMemory            null
[2025-10-11T05:00:23.175+0000] {spark_submit.py:492} INFO - driverCores             null
[2025-10-11T05:00:23.176+0000] {spark_submit.py:492} INFO - driverExtraClassPath    null
[2025-10-11T05:00:23.177+0000] {spark_submit.py:492} INFO - driverExtraLibraryPath  null
[2025-10-11T05:00:23.178+0000] {spark_submit.py:492} INFO - driverExtraJavaOptions  null
[2025-10-11T05:00:23.179+0000] {spark_submit.py:492} INFO - supervise               false
[2025-10-11T05:00:23.180+0000] {spark_submit.py:492} INFO - queue                   null
[2025-10-11T05:00:23.182+0000] {spark_submit.py:492} INFO - numExecutors            null
[2025-10-11T05:00:23.183+0000] {spark_submit.py:492} INFO - files                   null
[2025-10-11T05:00:23.184+0000] {spark_submit.py:492} INFO - pyFiles                 null
[2025-10-11T05:00:23.184+0000] {spark_submit.py:492} INFO - archives                null
[2025-10-11T05:00:23.185+0000] {spark_submit.py:492} INFO - mainClass               null
[2025-10-11T05:00:23.186+0000] {spark_submit.py:492} INFO - primaryResource         file:/opt/***/include/scripts/read.py
[2025-10-11T05:00:23.187+0000] {spark_submit.py:492} INFO - name                    arrow-spark
[2025-10-11T05:00:23.188+0000] {spark_submit.py:492} INFO - childArgs               []
[2025-10-11T05:00:23.188+0000] {spark_submit.py:492} INFO - jars                    null
[2025-10-11T05:00:23.189+0000] {spark_submit.py:492} INFO - packages                null
[2025-10-11T05:00:23.190+0000] {spark_submit.py:492} INFO - packagesExclusions      null
[2025-10-11T05:00:23.190+0000] {spark_submit.py:492} INFO - repositories            null
[2025-10-11T05:00:23.191+0000] {spark_submit.py:492} INFO - verbose                 true
[2025-10-11T05:00:23.252+0000] {spark_submit.py:492} INFO - 
[2025-10-11T05:00:23.265+0000] {spark_submit.py:492} INFO - Spark properties used, including those specified through
[2025-10-11T05:00:23.352+0000] {spark_submit.py:492} INFO - --conf and those from the properties file null:
[2025-10-11T05:00:23.355+0000] {spark_submit.py:492} INFO - 
[2025-10-11T05:00:23.358+0000] {spark_submit.py:492} INFO - 
[2025-10-11T05:00:23.361+0000] {spark_submit.py:492} INFO - 
[2025-10-11T05:00:25.073+0000] {spark_submit.py:492} INFO - Main class:
[2025-10-11T05:00:25.077+0000] {spark_submit.py:492} INFO - org.apache.spark.deploy.PythonRunner
[2025-10-11T05:00:25.078+0000] {spark_submit.py:492} INFO - Arguments:
[2025-10-11T05:00:25.079+0000] {spark_submit.py:492} INFO - file:/opt/***/include/scripts/read.py
[2025-10-11T05:00:25.080+0000] {spark_submit.py:492} INFO - null
[2025-10-11T05:00:25.085+0000] {spark_submit.py:492} INFO - Spark config:
[2025-10-11T05:00:25.152+0000] {spark_submit.py:492} INFO - (spark.app.name,arrow-spark)
[2025-10-11T05:00:25.156+0000] {spark_submit.py:492} INFO - (spark.app.submitTime,1760158824957)
[2025-10-11T05:00:25.157+0000] {spark_submit.py:492} INFO - (spark.master,local)
[2025-10-11T05:00:25.158+0000] {spark_submit.py:492} INFO - (spark.submit.deployMode,client)
[2025-10-11T05:00:25.159+0000] {spark_submit.py:492} INFO - (spark.submit.pyFiles,)
[2025-10-11T05:00:25.160+0000] {spark_submit.py:492} INFO - Classpath elements:
[2025-10-11T05:00:25.161+0000] {spark_submit.py:492} INFO - 
[2025-10-11T05:00:25.162+0000] {spark_submit.py:492} INFO - 
[2025-10-11T05:00:25.163+0000] {spark_submit.py:492} INFO - 
[2025-10-11T05:00:49.341+0000] {spark_submit.py:492} INFO - 25/10/11 05:00:49 INFO SparkContext: Running Spark version 3.5.1
[2025-10-11T05:00:49.364+0000] {spark_submit.py:492} INFO - 25/10/11 05:00:49 INFO SparkContext: OS info Linux, 6.6.87.2-microsoft-standard-WSL2, amd64
[2025-10-11T05:00:49.383+0000] {spark_submit.py:492} INFO - 25/10/11 05:00:49 INFO SparkContext: Java version 17.0.16
[2025-10-11T05:00:52.072+0000] {spark_submit.py:492} INFO - 25/10/11 05:00:52 WARN NativeCodeLoader: Unable to load native-hadoop library for your platform... using builtin-java classes where applicable
[2025-10-11T05:00:54.599+0000] {spark_submit.py:492} INFO - 25/10/11 05:00:54 INFO ResourceUtils: ==============================================================
[2025-10-11T05:00:54.683+0000] {spark_submit.py:492} INFO - 25/10/11 05:00:54 INFO ResourceUtils: No custom resources configured for spark.driver.
[2025-10-11T05:00:54.688+0000] {spark_submit.py:492} INFO - 25/10/11 05:00:54 INFO ResourceUtils: ==============================================================
[2025-10-11T05:00:54.689+0000] {spark_submit.py:492} INFO - 25/10/11 05:00:54 INFO SparkContext: Submitted application: PySpark Example
[2025-10-11T05:00:55.284+0000] {spark_submit.py:492} INFO - 25/10/11 05:00:55 INFO ResourceProfile: Default ResourceProfile created, executor resources: Map(cores -> name: cores, amount: 1, script: , vendor: , memory -> name: memory, amount: 1024, script: , vendor: , offHeap -> name: offHeap, amount: 0, script: , vendor: ), task resources: Map(cpus -> name: cpus, amount: 1.0)
[2025-10-11T05:00:56.483+0000] {spark_submit.py:492} INFO - 25/10/11 05:00:56 INFO ResourceProfile: Limiting resource is cpu
[2025-10-11T05:00:56.486+0000] {spark_submit.py:492} INFO - 25/10/11 05:00:56 INFO ResourceProfileManager: Added ResourceProfile id: 0
[2025-10-11T05:00:59.802+0000] {spark_submit.py:492} INFO - 25/10/11 05:00:59 INFO SecurityManager: Changing view acls to: ***
[2025-10-11T05:00:59.883+0000] {spark_submit.py:492} INFO - 25/10/11 05:00:59 INFO SecurityManager: Changing modify acls to: ***
[2025-10-11T05:00:59.983+0000] {spark_submit.py:492} INFO - 25/10/11 05:00:59 INFO SecurityManager: Changing view acls groups to:
[2025-10-11T05:01:00.291+0000] {spark_submit.py:492} INFO - 25/10/11 05:00:59 INFO SecurityManager: Changing modify acls groups to:
[2025-10-11T05:01:00.310+0000] {spark_submit.py:492} INFO - 25/10/11 05:00:59 INFO SecurityManager: SecurityManager: authentication disabled; ui acls disabled; users with view permissions: ***; groups with view permissions: EMPTY; users with modify permissions: ***; groups with modify permissions: EMPTY
[2025-10-11T05:01:06.496+0000] {spark_submit.py:492} INFO - 25/10/11 05:01:06 INFO Utils: Successfully started service 'sparkDriver' on port 45279.
[2025-10-11T05:01:06.807+0000] {spark_submit.py:492} INFO - 25/10/11 05:01:06 INFO SparkEnv: Registering MapOutputTracker
[2025-10-11T05:01:07.091+0000] {spark_submit.py:492} INFO - 25/10/11 05:01:07 INFO SparkEnv: Registering BlockManagerMaster
[2025-10-11T05:01:07.254+0000] {spark_submit.py:492} INFO - 25/10/11 05:01:07 INFO BlockManagerMasterEndpoint: Using org.apache.spark.storage.DefaultTopologyMapper for getting topology information
[2025-10-11T05:01:07.258+0000] {spark_submit.py:492} INFO - 25/10/11 05:01:07 INFO BlockManagerMasterEndpoint: BlockManagerMasterEndpoint up
[2025-10-11T05:01:07.283+0000] {spark_submit.py:492} INFO - 25/10/11 05:01:07 INFO SparkEnv: Registering BlockManagerMasterHeartbeat
[2025-10-11T05:01:07.434+0000] {spark_submit.py:492} INFO - 25/10/11 05:01:07 INFO DiskBlockManager: Created local directory at /tmp/blockmgr-eb1592dc-2ada-43f9-90a5-b2586244e9b2
[2025-10-11T05:01:07.585+0000] {spark_submit.py:492} INFO - 25/10/11 05:01:07 INFO MemoryStore: MemoryStore started with capacity 413.9 MiB
[2025-10-11T05:01:07.625+0000] {spark_submit.py:492} INFO - 25/10/11 05:01:07 INFO SparkEnv: Registering OutputCommitCoordinator
[2025-10-11T05:01:12.301+0000] {spark_submit.py:492} INFO - 25/10/11 05:01:12 INFO JettyUtils: Start Jetty 0.0.0.0:4040 for SparkUI
[2025-10-11T05:01:13.723+0000] {spark_submit.py:492} INFO - 25/10/11 05:01:13 INFO Utils: Successfully started service 'SparkUI' on port 4040.
[2025-10-11T05:01:16.018+0000] {spark_submit.py:492} INFO - 25/10/11 05:01:16 INFO Executor: Starting executor ID driver on host 673fe1495c96
[2025-10-11T05:01:16.019+0000] {spark_submit.py:492} INFO - 25/10/11 05:01:16 INFO Executor: OS info Linux, 6.6.87.2-microsoft-standard-WSL2, amd64
[2025-10-11T05:01:16.020+0000] {spark_submit.py:492} INFO - 25/10/11 05:01:16 INFO Executor: Java version 17.0.16
[2025-10-11T05:01:16.414+0000] {spark_submit.py:492} INFO - 25/10/11 05:01:16 INFO Executor: Starting executor with user classpath (userClassPathFirst = false): ''
[2025-10-11T05:01:16.430+0000] {spark_submit.py:492} INFO - 25/10/11 05:01:16 INFO Executor: Created or updated repl class loader org.apache.spark.util.MutableURLClassLoader@36e34fd0 for default.
[2025-10-11T05:01:17.351+0000] {spark_submit.py:492} INFO - 25/10/11 05:01:17 INFO Utils: Successfully started service 'org.apache.spark.network.netty.NettyBlockTransferService' on port 39155.
[2025-10-11T05:01:17.366+0000] {spark_submit.py:492} INFO - 25/10/11 05:01:17 INFO NettyBlockTransferService: Server created on 673fe1495c96:39155
[2025-10-11T05:01:17.600+0000] {spark_submit.py:492} INFO - 25/10/11 05:01:17 INFO BlockManager: Using org.apache.spark.storage.RandomBlockReplicationPolicy for block replication policy
[2025-10-11T05:01:17.897+0000] {spark_submit.py:492} INFO - 25/10/11 05:01:17 INFO BlockManagerMaster: Registering BlockManager BlockManagerId(driver, 673fe1495c96, 39155, None)
[2025-10-11T05:01:18.404+0000] {spark_submit.py:492} INFO - 25/10/11 05:01:18 INFO BlockManagerMasterEndpoint: Registering block manager 673fe1495c96:39155 with 413.9 MiB RAM, BlockManagerId(driver, 673fe1495c96, 39155, None)
[2025-10-11T05:01:18.702+0000] {spark_submit.py:492} INFO - 25/10/11 05:01:18 INFO BlockManagerMaster: Registered BlockManager BlockManagerId(driver, 673fe1495c96, 39155, None)
[2025-10-11T05:01:18.706+0000] {spark_submit.py:492} INFO - 25/10/11 05:01:18 INFO BlockManager: Initialized BlockManager: BlockManagerId(driver, 673fe1495c96, 39155, None)
[2025-10-11T05:01:29.517+0000] {spark_submit.py:492} INFO - 25/10/11 05:01:29 INFO AsyncEventQueue: Process of event SparkListenerResourceProfileAdded(Profile: id = 0, executor resources: cores -> name: cores, amount: 1, script: , vendor: ,memory -> name: memory, amount: 1024, script: , vendor: ,offHeap -> name: offHeap, amount: 0, script: , vendor: , task resources: cpus -> name: cpus, amount: 1.0) by listener HeartbeatReceiver took 1.19913946s.
[2025-10-11T05:01:30.510+0000] {spark_submit.py:492} INFO - 25/10/11 05:01:30 INFO AsyncEventQueue: Process of event SparkListenerResourceProfileAdded(Profile: id = 0, executor resources: cores -> name: cores, amount: 1, script: , vendor: ,memory -> name: memory, amount: 1024, script: , vendor: ,offHeap -> name: offHeap, amount: 0, script: , vendor: , task resources: cpus -> name: cpus, amount: 1.0) by listener AppStatusListener took 2.124669479s.
[2025-10-11T05:01:40.727+0000] {spark_submit.py:492} INFO - 25/10/11 05:01:40 INFO SharedState: Setting hive.metastore.warehouse.dir ('null') to the value of spark.sql.warehouse.dir.
[2025-10-11T05:01:40.821+0000] {spark_submit.py:492} INFO - 25/10/11 05:01:40 INFO SharedState: Warehouse path is 'file:/opt/***/spark-warehouse'.
[2025-10-11T05:02:02.142+0000] {spark_submit.py:492} INFO - 25/10/11 05:02:02 INFO InMemoryFileIndex: It took 1515 ms to list leaf files for 1 paths.
[2025-10-11T05:02:04.542+0000] {spark_submit.py:492} INFO - 25/10/11 05:02:04 INFO InMemoryFileIndex: It took 33 ms to list leaf files for 1 paths.
[2025-10-11T05:03:01.506+0000] {spark_submit.py:492} INFO - 25/10/11 05:03:01 INFO FileSourceStrategy: Pushed Filters:
[2025-10-11T05:03:01.583+0000] {spark_submit.py:492} INFO - 25/10/11 05:03:01 INFO FileSourceStrategy: Post-Scan Filters: (length(trim(value#0, None)) > 0)
[2025-10-11T05:03:10.929+0000] {spark_submit.py:492} INFO - 25/10/11 05:03:10 INFO CodeGenerator: Code generated in 2446.898629 ms
[2025-10-11T05:03:12.198+0000] {spark_submit.py:492} INFO - 25/10/11 05:03:12 INFO MemoryStore: Block broadcast_0 stored as values in memory (estimated size 199.4 KiB, free 413.7 MiB)
[2025-10-11T05:03:16.689+0000] {spark_submit.py:492} INFO - 25/10/11 05:03:16 INFO MemoryStore: Block broadcast_0_piece0 stored as bytes in memory (estimated size 34.2 KiB, free 413.7 MiB)
[2025-10-11T05:03:16.695+0000] {spark_submit.py:492} INFO - 25/10/11 05:03:16 INFO BlockManagerInfo: Added broadcast_0_piece0 in memory on 673fe1495c96:39155 (size: 34.2 KiB, free: 413.9 MiB)
[2025-10-11T05:03:16.708+0000] {spark_submit.py:492} INFO - 25/10/11 05:03:16 INFO SparkContext: Created broadcast 0 from csv at NativeMethodAccessorImpl.java:0
[2025-10-11T05:03:16.772+0000] {spark_submit.py:492} INFO - 25/10/11 05:03:16 INFO FileSourceScanExec: Planning scan with bin packing, max size: 4194965 bytes, open cost is considered as scanning 4194304 bytes.
[2025-10-11T05:03:24.717+0000] {spark_submit.py:492} INFO - 25/10/11 05:03:24 INFO SparkContext: Starting job: csv at NativeMethodAccessorImpl.java:0
[2025-10-11T05:03:25.240+0000] {spark_submit.py:492} INFO - 25/10/11 05:03:25 INFO DAGScheduler: Got job 0 (csv at NativeMethodAccessorImpl.java:0) with 1 output partitions
[2025-10-11T05:03:25.245+0000] {spark_submit.py:492} INFO - 25/10/11 05:03:25 INFO DAGScheduler: Final stage: ResultStage 0 (csv at NativeMethodAccessorImpl.java:0)
[2025-10-11T05:03:25.306+0000] {spark_submit.py:492} INFO - 25/10/11 05:03:25 INFO DAGScheduler: Parents of final stage: List()
[2025-10-11T05:03:25.308+0000] {spark_submit.py:492} INFO - 25/10/11 05:03:25 INFO DAGScheduler: Missing parents: List()
[2025-10-11T05:03:25.328+0000] {spark_submit.py:492} INFO - 25/10/11 05:03:25 INFO DAGScheduler: Submitting ResultStage 0 (MapPartitionsRDD[3] at csv at NativeMethodAccessorImpl.java:0), which has no missing parents
[2025-10-11T05:03:26.705+0000] {spark_submit.py:492} INFO - 25/10/11 05:03:26 INFO MemoryStore: Block broadcast_1 stored as values in memory (estimated size 13.5 KiB, free 413.7 MiB)
[2025-10-11T05:03:26.725+0000] {spark_submit.py:492} INFO - 25/10/11 05:03:26 INFO MemoryStore: Block broadcast_1_piece0 stored as bytes in memory (estimated size 6.4 KiB, free 413.7 MiB)
[2025-10-11T05:03:26.734+0000] {spark_submit.py:492} INFO - 25/10/11 05:03:26 INFO BlockManagerInfo: Added broadcast_1_piece0 in memory on 673fe1495c96:39155 (size: 6.4 KiB, free: 413.9 MiB)
[2025-10-11T05:03:26.805+0000] {spark_submit.py:492} INFO - 25/10/11 05:03:26 INFO SparkContext: Created broadcast 1 from broadcast at DAGScheduler.scala:1585
[2025-10-11T05:03:26.914+0000] {spark_submit.py:492} INFO - 25/10/11 05:03:26 INFO DAGScheduler: Submitting 1 missing tasks from ResultStage 0 (MapPartitionsRDD[3] at csv at NativeMethodAccessorImpl.java:0) (first 15 tasks are for partitions Vector(0))
[2025-10-11T05:03:26.922+0000] {spark_submit.py:492} INFO - 25/10/11 05:03:26 INFO TaskSchedulerImpl: Adding task set 0.0 with 1 tasks resource profile 0
[2025-10-11T05:03:27.613+0000] {spark_submit.py:492} INFO - 25/10/11 05:03:27 INFO TaskSetManager: Starting task 0.0 in stage 0.0 (TID 0) (673fe1495c96, executor driver, partition 0, PROCESS_LOCAL, 8214 bytes)
[2025-10-11T05:03:28.113+0000] {spark_submit.py:492} INFO - 25/10/11 05:03:28 INFO Executor: Running task 0.0 in stage 0.0 (TID 0)
[2025-10-11T05:03:31.709+0000] {spark_submit.py:492} INFO - 25/10/11 05:03:31 INFO CodeGenerator: Code generated in 170.972664 ms
[2025-10-11T05:03:31.724+0000] {spark_submit.py:492} INFO - 25/10/11 05:03:31 INFO FileScanRDD: Reading File path: file:///opt/***/include/data.csv, range: 0-661, partition values: [empty row]
[2025-10-11T05:03:32.021+0000] {spark_submit.py:492} INFO - 25/10/11 05:03:32 INFO CodeGenerator: Code generated in 203.685279 ms
[2025-10-11T05:03:35.216+0000] {spark_submit.py:492} INFO - 25/10/11 05:03:35 INFO Executor: Finished task 0.0 in stage 0.0 (TID 0). 1727 bytes result sent to driver
[2025-10-11T05:03:35.410+0000] {spark_submit.py:492} INFO - 25/10/11 05:03:35 INFO TaskSetManager: Finished task 0.0 in stage 0.0 (TID 0) in 7984 ms on 673fe1495c96 (executor driver) (1/1)
[2025-10-11T05:03:35.431+0000] {spark_submit.py:492} INFO - 25/10/11 05:03:35 INFO TaskSchedulerImpl: Removed TaskSet 0.0, whose tasks have all completed, from pool
[2025-10-11T05:03:35.512+0000] {spark_submit.py:492} INFO - 25/10/11 05:03:35 INFO DAGScheduler: ResultStage 0 (csv at NativeMethodAccessorImpl.java:0) finished in 10.000 s
[2025-10-11T05:03:35.525+0000] {spark_submit.py:492} INFO - 25/10/11 05:03:35 INFO DAGScheduler: Job 0 is finished. Cancelling potential speculative or zombie tasks for this job
[2025-10-11T05:03:35.609+0000] {spark_submit.py:492} INFO - 25/10/11 05:03:35 INFO TaskSchedulerImpl: Killing all running tasks in stage 0: Stage finished
[2025-10-11T05:03:35.624+0000] {spark_submit.py:492} INFO - 25/10/11 05:03:35 INFO DAGScheduler: Job 0 finished: csv at NativeMethodAccessorImpl.java:0, took 10.813070 s
[2025-10-11T05:03:35.825+0000] {spark_submit.py:492} INFO - 25/10/11 05:03:35 INFO CodeGenerator: Code generated in 104.690996 ms
[2025-10-11T05:03:36.720+0000] {spark_submit.py:492} INFO - 25/10/11 05:03:36 INFO FileSourceStrategy: Pushed Filters:
[2025-10-11T05:03:36.730+0000] {spark_submit.py:492} INFO - 25/10/11 05:03:36 INFO FileSourceStrategy: Post-Scan Filters:
[2025-10-11T05:03:36.913+0000] {spark_submit.py:492} INFO - 25/10/11 05:03:36 INFO MemoryStore: Block broadcast_2 stored as values in memory (estimated size 199.4 KiB, free 413.5 MiB)
[2025-10-11T05:03:37.011+0000] {spark_submit.py:492} INFO - 25/10/11 05:03:37 INFO MemoryStore: Block broadcast_2_piece0 stored as bytes in memory (estimated size 34.2 KiB, free 413.4 MiB)
[2025-10-11T05:03:37.021+0000] {spark_submit.py:492} INFO - 25/10/11 05:03:37 INFO BlockManagerInfo: Added broadcast_2_piece0 in memory on 673fe1495c96:39155 (size: 34.2 KiB, free: 413.9 MiB)
[2025-10-11T05:03:37.105+0000] {spark_submit.py:492} INFO - 25/10/11 05:03:37 INFO SparkContext: Created broadcast 2 from csv at NativeMethodAccessorImpl.java:0
[2025-10-11T05:03:37.125+0000] {spark_submit.py:492} INFO - 25/10/11 05:03:37 INFO FileSourceScanExec: Planning scan with bin packing, max size: 4194965 bytes, open cost is considered as scanning 4194304 bytes.
[2025-10-11T05:03:39.713+0000] {spark_submit.py:492} INFO - 25/10/11 05:03:39 INFO FileSourceStrategy: Pushed Filters:
[2025-10-11T05:03:39.715+0000] {spark_submit.py:492} INFO - 25/10/11 05:03:39 INFO FileSourceStrategy: Post-Scan Filters:
[2025-10-11T05:03:40.823+0000] {spark_submit.py:492} INFO - 25/10/11 05:03:40 INFO CodeGenerator: Code generated in 205.706802 ms
[2025-10-11T05:03:40.920+0000] {spark_submit.py:492} INFO - 25/10/11 05:03:40 INFO MemoryStore: Block broadcast_3 stored as values in memory (estimated size 199.3 KiB, free 413.3 MiB)
[2025-10-11T05:03:41.043+0000] {spark_submit.py:492} INFO - 25/10/11 05:03:41 INFO MemoryStore: Block broadcast_3_piece0 stored as bytes in memory (estimated size 34.2 KiB, free 413.2 MiB)
[2025-10-11T05:03:41.106+0000] {spark_submit.py:492} INFO - 25/10/11 05:03:41 INFO BlockManagerInfo: Added broadcast_3_piece0 in memory on 673fe1495c96:39155 (size: 34.2 KiB, free: 413.8 MiB)
[2025-10-11T05:03:41.107+0000] {spark_submit.py:492} INFO - 25/10/11 05:03:41 INFO SparkContext: Created broadcast 3 from showString at NativeMethodAccessorImpl.java:0
[2025-10-11T05:03:41.124+0000] {spark_submit.py:492} INFO - 25/10/11 05:03:41 INFO FileSourceScanExec: Planning scan with bin packing, max size: 4194965 bytes, open cost is considered as scanning 4194304 bytes.
[2025-10-11T05:03:41.231+0000] {spark_submit.py:492} INFO - 25/10/11 05:03:41 INFO SparkContext: Starting job: showString at NativeMethodAccessorImpl.java:0
[2025-10-11T05:03:41.325+0000] {spark_submit.py:492} INFO - 25/10/11 05:03:41 INFO DAGScheduler: Got job 1 (showString at NativeMethodAccessorImpl.java:0) with 1 output partitions
[2025-10-11T05:03:41.415+0000] {spark_submit.py:492} INFO - 25/10/11 05:03:41 INFO DAGScheduler: Final stage: ResultStage 1 (showString at NativeMethodAccessorImpl.java:0)
[2025-10-11T05:03:41.418+0000] {spark_submit.py:492} INFO - 25/10/11 05:03:41 INFO DAGScheduler: Parents of final stage: List()
[2025-10-11T05:03:41.419+0000] {spark_submit.py:492} INFO - 25/10/11 05:03:41 INFO DAGScheduler: Missing parents: List()
[2025-10-11T05:03:41.424+0000] {spark_submit.py:492} INFO - 25/10/11 05:03:41 INFO DAGScheduler: Submitting ResultStage 1 (MapPartitionsRDD[13] at showString at NativeMethodAccessorImpl.java:0), which has no missing parents
[2025-10-11T05:03:41.516+0000] {spark_submit.py:492} INFO - 25/10/11 05:03:41 INFO MemoryStore: Block broadcast_4 stored as values in memory (estimated size 18.0 KiB, free 413.2 MiB)
[2025-10-11T05:03:41.605+0000] {spark_submit.py:492} INFO - 25/10/11 05:03:41 INFO MemoryStore: Block broadcast_4_piece0 stored as bytes in memory (estimated size 8.0 KiB, free 413.2 MiB)
[2025-10-11T05:03:41.705+0000] {spark_submit.py:492} INFO - 25/10/11 05:03:41 INFO BlockManagerInfo: Added broadcast_4_piece0 in memory on 673fe1495c96:39155 (size: 8.0 KiB, free: 413.8 MiB)
[2025-10-11T05:03:41.721+0000] {spark_submit.py:492} INFO - 25/10/11 05:03:41 INFO SparkContext: Created broadcast 4 from broadcast at DAGScheduler.scala:1585
[2025-10-11T05:03:41.735+0000] {spark_submit.py:492} INFO - 25/10/11 05:03:41 INFO DAGScheduler: Submitting 1 missing tasks from ResultStage 1 (MapPartitionsRDD[13] at showString at NativeMethodAccessorImpl.java:0) (first 15 tasks are for partitions Vector(0))
[2025-10-11T05:03:41.805+0000] {spark_submit.py:492} INFO - 25/10/11 05:03:41 INFO TaskSchedulerImpl: Adding task set 1.0 with 1 tasks resource profile 0
[2025-10-11T05:03:41.828+0000] {spark_submit.py:492} INFO - 25/10/11 05:03:41 INFO TaskSetManager: Starting task 0.0 in stage 1.0 (TID 1) (673fe1495c96, executor driver, partition 0, PROCESS_LOCAL, 8214 bytes)
[2025-10-11T05:03:41.906+0000] {spark_submit.py:492} INFO - 25/10/11 05:03:41 INFO Executor: Running task 0.0 in stage 1.0 (TID 1)
[2025-10-11T05:03:42.411+0000] {spark_submit.py:492} INFO - 25/10/11 05:03:42 INFO CodeGenerator: Code generated in 502.428031 ms
[2025-10-11T05:03:42.509+0000] {spark_submit.py:492} INFO - 25/10/11 05:03:42 INFO FileScanRDD: Reading File path: file:///opt/***/include/data.csv, range: 0-661, partition values: [empty row]
[2025-10-11T05:03:42.806+0000] {spark_submit.py:492} INFO - 25/10/11 05:03:42 INFO CodeGenerator: Code generated in 285.274343 ms
[2025-10-11T05:03:43.607+0000] {spark_submit.py:492} INFO - 25/10/11 05:03:43 INFO Executor: Finished task 0.0 in stage 1.0 (TID 1). 2262 bytes result sent to driver
[2025-10-11T05:03:43.630+0000] {spark_submit.py:492} INFO - 25/10/11 05:03:43 INFO TaskSetManager: Finished task 0.0 in stage 1.0 (TID 1) in 2017 ms on 673fe1495c96 (executor driver) (1/1)
[2025-10-11T05:03:43.631+0000] {spark_submit.py:492} INFO - 25/10/11 05:03:43 INFO TaskSchedulerImpl: Removed TaskSet 1.0, whose tasks have all completed, from pool
[2025-10-11T05:03:43.705+0000] {spark_submit.py:492} INFO - 25/10/11 05:03:43 INFO DAGScheduler: ResultStage 1 (showString at NativeMethodAccessorImpl.java:0) finished in 2.300 s
[2025-10-11T05:03:43.713+0000] {spark_submit.py:492} INFO - 25/10/11 05:03:43 INFO DAGScheduler: Job 1 is finished. Cancelling potential speculative or zombie tasks for this job
[2025-10-11T05:03:43.718+0000] {spark_submit.py:492} INFO - 25/10/11 05:03:43 INFO TaskSchedulerImpl: Killing all running tasks in stage 1: Stage finished
[2025-10-11T05:03:43.721+0000] {spark_submit.py:492} INFO - 25/10/11 05:03:43 INFO DAGScheduler: Job 1 finished: showString at NativeMethodAccessorImpl.java:0, took 2.489153 s
[2025-10-11T05:03:44.305+0000] {spark_submit.py:492} INFO - 25/10/11 05:03:44 INFO CodeGenerator: Code generated in 309.233632 ms
[2025-10-11T05:03:44.420+0000] {spark_submit.py:492} INFO - +----------+----------+-----------+--------+----------+-----------+-----------+------+
[2025-10-11T05:03:44.424+0000] {spark_submit.py:492} INFO - |      date|   product|   category|quantity|unit_price|total_sales|customer_id|region|
[2025-10-11T05:03:44.505+0000] {spark_submit.py:492} INFO - +----------+----------+-----------+--------+----------+-----------+-----------+------+
[2025-10-11T05:03:44.516+0000] {spark_submit.py:492} INFO - |2024-01-01|    Laptop|Electronics|       2|    999.99|    1999.98|       C001| North|
[2025-10-11T05:03:44.522+0000] {spark_submit.py:492} INFO - |2024-01-01|     Mouse|Electronics|       5|     29.99|     149.95|       C002| South|
[2025-10-11T05:03:44.524+0000] {spark_submit.py:492} INFO - |2024-01-02|  Keyboard|Electronics|       3|     89.99|     269.97|       C003|  East|
[2025-10-11T05:03:44.531+0000] {spark_submit.py:492} INFO - |2024-01-02|   Monitor|Electronics|       1|    299.99|     299.99|       C001| North|
[2025-10-11T05:03:44.605+0000] {spark_submit.py:492} INFO - |2024-01-03|Headphones|Electronics|       4|     79.99|     319.96|       C004|  West|
[2025-10-11T05:03:44.606+0000] {spark_submit.py:492} INFO - |2024-01-03| SSD Drive|Electronics|       2|    159.99|     319.98|       C005| South|
[2025-10-11T05:03:44.607+0000] {spark_submit.py:492} INFO - |2024-01-04|    Webcam|Electronics|       3|     69.99|     209.97|       C002| South|
[2025-10-11T05:03:44.608+0000] {spark_submit.py:492} INFO - |2024-01-04| USB Cable|Accessories|      10|      9.99|      99.90|       C003|  East|
[2025-10-11T05:03:44.609+0000] {spark_submit.py:492} INFO - |2024-01-05|Power Bank|Accessories|       5|     49.99|     249.95|       C004|  West|
[2025-10-11T05:03:44.610+0000] {spark_submit.py:492} INFO - |2024-01-05|Phone Case|Accessories|       8|     19.99|     159.92|       C005| South|
[2025-10-11T05:03:44.610+0000] {spark_submit.py:492} INFO - +----------+----------+-----------+--------+----------+-----------+-----------+------+
[2025-10-11T05:03:44.611+0000] {spark_submit.py:492} INFO - 
[2025-10-11T05:03:44.612+0000] {spark_submit.py:492} INFO - 25/10/11 05:03:44 INFO SparkContext: SparkContext is stopping with exitCode 0.
[2025-10-11T05:03:44.621+0000] {spark_submit.py:492} INFO - 25/10/11 05:03:44 INFO SparkUI: Stopped Spark web UI at http://673fe1495c96:4040
[2025-10-11T05:03:44.841+0000] {spark_submit.py:492} INFO - 25/10/11 05:03:44 INFO MapOutputTrackerMasterEndpoint: MapOutputTrackerMasterEndpoint stopped!
[2025-10-11T05:03:45.210+0000] {spark_submit.py:492} INFO - 25/10/11 05:03:45 INFO MemoryStore: MemoryStore cleared
[2025-10-11T05:03:45.212+0000] {spark_submit.py:492} INFO - 25/10/11 05:03:45 INFO BlockManager: BlockManager stopped
[2025-10-11T05:03:45.333+0000] {spark_submit.py:492} INFO - 25/10/11 05:03:45 INFO BlockManagerMaster: BlockManagerMaster stopped
[2025-10-11T05:03:45.408+0000] {spark_submit.py:492} INFO - 25/10/11 05:03:45 INFO OutputCommitCoordinator$OutputCommitCoordinatorEndpoint: OutputCommitCoordinator stopped!
[2025-10-11T05:03:45.505+0000] {spark_submit.py:492} INFO - 25/10/11 05:03:45 INFO SparkContext: Successfully stopped SparkContext
[2025-10-11T05:03:46.311+0000] {spark_submit.py:492} INFO - 25/10/11 05:03:46 INFO ShutdownHookManager: Shutdown hook called
[2025-10-11T05:03:46.313+0000] {spark_submit.py:492} INFO - 25/10/11 05:03:46 INFO ShutdownHookManager: Deleting directory /tmp/spark-29227b8d-1d97-4c56-93cb-fee2d10b7a41
[2025-10-11T05:03:46.412+0000] {spark_submit.py:492} INFO - 25/10/11 05:03:46 INFO ShutdownHookManager: Deleting directory /tmp/spark-8e43c8d6-ebad-4b50-a28f-06e2a880f1e4
[2025-10-11T05:03:46.434+0000] {spark_submit.py:492} INFO - 25/10/11 05:03:46 INFO ShutdownHookManager: Deleting directory /tmp/spark-29227b8d-1d97-4c56-93cb-fee2d10b7a41/pyspark-811f67fb-0e75-497b-8abd-d73abc97e7c4
[2025-10-11T05:03:47.111+0000] {taskinstance.py:1138} INFO - Marking task as SUCCESS. dag_id=my_dag, task_id=submit_job, execution_date=20251011T045852, start_date=20251011T045949, end_date=20251011T050347
[2025-10-11T05:03:47.346+0000] {local_task_job_runner.py:234} INFO - Task exited with return code 0
[2025-10-11T05:03:47.423+0000] {taskinstance.py:3280} INFO - 0 downstream tasks scheduled from follow-on schedule check
