[2025-10-24T03:24:25.761+0000] {taskinstance.py:1956} INFO - Dependencies all met for dep_context=non-requeueable deps ti=<TaskInstance: etl_csv_to_postgres.load_csv_to_postgres manual__2025-10-24T03:23:53.607532+00:00 [queued]>
[2025-10-24T03:24:27.696+0000] {taskinstance.py:1956} INFO - Dependencies all met for dep_context=requeueable deps ti=<TaskInstance: etl_csv_to_postgres.load_csv_to_postgres manual__2025-10-24T03:23:53.607532+00:00 [queued]>
[2025-10-24T03:24:27.697+0000] {taskinstance.py:2170} INFO - Starting attempt 1 of 1
[2025-10-24T03:24:28.249+0000] {taskinstance.py:2191} INFO - Executing <Task(SparkSubmitOperator): load_csv_to_postgres> on 2025-10-24 03:23:53.607532+00:00
[2025-10-24T03:24:28.434+0000] {standard_task_runner.py:60} INFO - Started process 1775 to run task
[2025-10-24T03:24:28.535+0000] {standard_task_runner.py:87} INFO - Running: ['***', 'tasks', 'run', 'etl_csv_to_postgres', 'load_csv_to_postgres', 'manual__2025-10-24T03:23:53.607532+00:00', '--job-id', '185', '--raw', '--subdir', 'DAGS_FOLDER/dag_csv_to_postgres_dag.py', '--cfg-path', '/tmp/tmppcq2uxxl']
[2025-10-24T03:24:29.043+0000] {standard_task_runner.py:88} INFO - Job 185: Subtask load_csv_to_postgres
[2025-10-24T03:24:29.510+0000] {task_command.py:423} INFO - Running <TaskInstance: etl_csv_to_postgres.load_csv_to_postgres manual__2025-10-24T03:23:53.607532+00:00 [running]> on host 2ef039423968
[2025-10-24T03:24:31.290+0000] {taskinstance.py:2480} INFO - Exporting env vars: AIRFLOW_CTX_DAG_OWNER='***' AIRFLOW_CTX_DAG_ID='etl_csv_to_postgres' AIRFLOW_CTX_TASK_ID='load_csv_to_postgres' AIRFLOW_CTX_EXECUTION_DATE='2025-10-24T03:23:53.607532+00:00' AIRFLOW_CTX_TRY_NUMBER='1' AIRFLOW_CTX_DAG_RUN_ID='manual__2025-10-24T03:23:53.607532+00:00'
[2025-10-24T03:24:31.779+0000] {base.py:83} INFO - Using connection ID 'spark_conn' for task execution.
[2025-10-24T03:24:31.785+0000] {spark_submit.py:341} INFO - Spark-Submit cmd: spark-submit --master local --name arrow-spark --verbose /opt/***/include/scripts/load_csv_to_postgres.py
[2025-10-24T03:25:02.533+0000] {spark_submit.py:492} INFO - Using properties file: null
[2025-10-24T03:25:04.048+0000] {spark_submit.py:492} INFO - Parsed arguments:
[2025-10-24T03:25:04.139+0000] {spark_submit.py:492} INFO - master                  local
[2025-10-24T03:25:04.145+0000] {spark_submit.py:492} INFO - remote                  null
[2025-10-24T03:25:04.146+0000] {spark_submit.py:492} INFO - deployMode              null
[2025-10-24T03:25:04.147+0000] {spark_submit.py:492} INFO - executorMemory          null
[2025-10-24T03:25:04.148+0000] {spark_submit.py:492} INFO - executorCores           null
[2025-10-24T03:25:04.152+0000] {spark_submit.py:492} INFO - totalExecutorCores      null
[2025-10-24T03:25:04.153+0000] {spark_submit.py:492} INFO - propertiesFile          null
[2025-10-24T03:25:04.154+0000] {spark_submit.py:492} INFO - driverMemory            null
[2025-10-24T03:25:04.156+0000] {spark_submit.py:492} INFO - driverCores             null
[2025-10-24T03:25:04.232+0000] {spark_submit.py:492} INFO - driverExtraClassPath    null
[2025-10-24T03:25:04.235+0000] {spark_submit.py:492} INFO - driverExtraLibraryPath  null
[2025-10-24T03:25:04.238+0000] {spark_submit.py:492} INFO - driverExtraJavaOptions  null
[2025-10-24T03:25:04.240+0000] {spark_submit.py:492} INFO - supervise               false
[2025-10-24T03:25:04.243+0000] {spark_submit.py:492} INFO - queue                   null
[2025-10-24T03:25:04.246+0000] {spark_submit.py:492} INFO - numExecutors            null
[2025-10-24T03:25:04.249+0000] {spark_submit.py:492} INFO - files                   null
[2025-10-24T03:25:04.251+0000] {spark_submit.py:492} INFO - pyFiles                 null
[2025-10-24T03:25:04.255+0000] {spark_submit.py:492} INFO - archives                null
[2025-10-24T03:25:04.257+0000] {spark_submit.py:492} INFO - mainClass               null
[2025-10-24T03:25:04.260+0000] {spark_submit.py:492} INFO - primaryResource         file:/opt/***/include/scripts/load_csv_to_postgres.py
[2025-10-24T03:25:04.339+0000] {spark_submit.py:492} INFO - name                    arrow-spark
[2025-10-24T03:25:04.341+0000] {spark_submit.py:492} INFO - childArgs               []
[2025-10-24T03:25:04.428+0000] {spark_submit.py:492} INFO - jars                    null
[2025-10-24T03:25:04.431+0000] {spark_submit.py:492} INFO - packages                null
[2025-10-24T03:25:04.432+0000] {spark_submit.py:492} INFO - packagesExclusions      null
[2025-10-24T03:25:04.433+0000] {spark_submit.py:492} INFO - repositories            null
[2025-10-24T03:25:04.436+0000] {spark_submit.py:492} INFO - verbose                 true
[2025-10-24T03:25:04.439+0000] {spark_submit.py:492} INFO - 
[2025-10-24T03:25:04.440+0000] {spark_submit.py:492} INFO - Spark properties used, including those specified through
[2025-10-24T03:25:04.441+0000] {spark_submit.py:492} INFO - --conf and those from the properties file null:
[2025-10-24T03:25:04.443+0000] {spark_submit.py:492} INFO - 
[2025-10-24T03:25:04.444+0000] {spark_submit.py:492} INFO - 
[2025-10-24T03:25:04.445+0000] {spark_submit.py:492} INFO - 
[2025-10-24T03:25:07.936+0000] {spark_submit.py:492} INFO - Main class:
[2025-10-24T03:25:07.943+0000] {spark_submit.py:492} INFO - org.apache.spark.deploy.PythonRunner
[2025-10-24T03:25:07.944+0000] {spark_submit.py:492} INFO - Arguments:
[2025-10-24T03:25:07.945+0000] {spark_submit.py:492} INFO - file:/opt/***/include/scripts/load_csv_to_postgres.py
[2025-10-24T03:25:07.946+0000] {spark_submit.py:492} INFO - null
[2025-10-24T03:25:08.028+0000] {spark_submit.py:492} INFO - Spark config:
[2025-10-24T03:25:08.043+0000] {spark_submit.py:492} INFO - (spark.app.name,arrow-spark)
[2025-10-24T03:25:08.128+0000] {spark_submit.py:492} INFO - (spark.app.submitTime,1761276307632)
[2025-10-24T03:25:08.145+0000] {spark_submit.py:492} INFO - (spark.master,local)
[2025-10-24T03:25:08.231+0000] {spark_submit.py:492} INFO - (spark.submit.deployMode,client)
[2025-10-24T03:25:08.240+0000] {spark_submit.py:492} INFO - (spark.submit.pyFiles,)
[2025-10-24T03:25:08.246+0000] {spark_submit.py:492} INFO - Classpath elements:
[2025-10-24T03:25:08.259+0000] {spark_submit.py:492} INFO - 
[2025-10-24T03:25:08.270+0000] {spark_submit.py:492} INFO - 
[2025-10-24T03:25:08.328+0000] {spark_submit.py:492} INFO - 
[2025-10-24T03:25:19.344+0000] {spark_submit.py:492} INFO - [[34m2025-10-24T03:25:19.341+0000[0m] {[34mbase.py:[0m83} INFO[0m - Using connection ID 'pg_conn' for task execution.[0m
[2025-10-24T03:25:19.836+0000] {spark_submit.py:492} INFO - 25/10/24 03:25:19 INFO SparkContext: Running Spark version 3.5.1
[2025-10-24T03:25:19.843+0000] {spark_submit.py:492} INFO - 25/10/24 03:25:19 INFO SparkContext: OS info Linux, 6.6.87.2-microsoft-standard-WSL2, amd64
[2025-10-24T03:25:19.844+0000] {spark_submit.py:492} INFO - 25/10/24 03:25:19 INFO SparkContext: Java version 17.0.16
[2025-10-24T03:25:20.552+0000] {spark_submit.py:492} INFO - 25/10/24 03:25:20 WARN NativeCodeLoader: Unable to load native-hadoop library for your platform... using builtin-java classes where applicable
[2025-10-24T03:25:21.168+0000] {spark_submit.py:492} INFO - 25/10/24 03:25:21 INFO ResourceUtils: ==============================================================
[2025-10-24T03:25:21.229+0000] {spark_submit.py:492} INFO - 25/10/24 03:25:21 INFO ResourceUtils: No custom resources configured for spark.driver.
[2025-10-24T03:25:21.230+0000] {spark_submit.py:492} INFO - 25/10/24 03:25:21 INFO ResourceUtils: ==============================================================
[2025-10-24T03:25:21.232+0000] {spark_submit.py:492} INFO - 25/10/24 03:25:21 INFO SparkContext: Submitted application: Load CSV to Postgres
[2025-10-24T03:25:21.333+0000] {spark_submit.py:492} INFO - 25/10/24 03:25:21 INFO ResourceProfile: Default ResourceProfile created, executor resources: Map(cores -> name: cores, amount: 1, script: , vendor: , memory -> name: memory, amount: 1024, script: , vendor: , offHeap -> name: offHeap, amount: 0, script: , vendor: ), task resources: Map(cpus -> name: cpus, amount: 1.0)
[2025-10-24T03:25:21.356+0000] {spark_submit.py:492} INFO - 25/10/24 03:25:21 INFO ResourceProfile: Limiting resource is cpu
[2025-10-24T03:25:21.358+0000] {spark_submit.py:492} INFO - 25/10/24 03:25:21 INFO ResourceProfileManager: Added ResourceProfile id: 0
[2025-10-24T03:25:21.761+0000] {spark_submit.py:492} INFO - 25/10/24 03:25:21 INFO SecurityManager: Changing view acls to: ***
[2025-10-24T03:25:21.851+0000] {spark_submit.py:492} INFO - 25/10/24 03:25:21 INFO SecurityManager: Changing modify acls to: ***
[2025-10-24T03:25:21.932+0000] {spark_submit.py:492} INFO - 25/10/24 03:25:21 INFO SecurityManager: Changing view acls groups to:
[2025-10-24T03:25:21.933+0000] {spark_submit.py:492} INFO - 25/10/24 03:25:21 INFO SecurityManager: Changing modify acls groups to:
[2025-10-24T03:25:21.948+0000] {spark_submit.py:492} INFO - 25/10/24 03:25:21 INFO SecurityManager: SecurityManager: authentication disabled; ui acls disabled; users with view permissions: ***; groups with view permissions: EMPTY; users with modify permissions: ***; groups with modify permissions: EMPTY
[2025-10-24T03:25:23.585+0000] {spark_submit.py:492} INFO - 25/10/24 03:25:23 INFO Utils: Successfully started service 'sparkDriver' on port 39245.
[2025-10-24T03:25:23.756+0000] {spark_submit.py:492} INFO - 25/10/24 03:25:23 INFO SparkEnv: Registering MapOutputTracker
[2025-10-24T03:25:24.067+0000] {spark_submit.py:492} INFO - 25/10/24 03:25:24 INFO SparkEnv: Registering BlockManagerMaster
[2025-10-24T03:25:24.244+0000] {spark_submit.py:492} INFO - 25/10/24 03:25:24 INFO BlockManagerMasterEndpoint: Using org.apache.spark.storage.DefaultTopologyMapper for getting topology information
[2025-10-24T03:25:24.250+0000] {spark_submit.py:492} INFO - 25/10/24 03:25:24 INFO BlockManagerMasterEndpoint: BlockManagerMasterEndpoint up
[2025-10-24T03:25:24.254+0000] {spark_submit.py:492} INFO - 25/10/24 03:25:24 INFO SparkEnv: Registering BlockManagerMasterHeartbeat
[2025-10-24T03:25:24.395+0000] {spark_submit.py:492} INFO - 25/10/24 03:25:24 INFO DiskBlockManager: Created local directory at /tmp/blockmgr-61305206-4fd8-4254-9fa8-7bba28966d4f
[2025-10-24T03:25:24.528+0000] {spark_submit.py:492} INFO - 25/10/24 03:25:24 INFO MemoryStore: MemoryStore started with capacity 413.9 MiB
[2025-10-24T03:25:24.635+0000] {spark_submit.py:492} INFO - 25/10/24 03:25:24 INFO SparkEnv: Registering OutputCommitCoordinator
[2025-10-24T03:25:26.532+0000] {spark_submit.py:492} INFO - 25/10/24 03:25:26 INFO JettyUtils: Start Jetty 0.0.0.0:4040 for SparkUI
[2025-10-24T03:25:27.046+0000] {spark_submit.py:492} INFO - 25/10/24 03:25:27 INFO Utils: Successfully started service 'SparkUI' on port 4040.
[2025-10-24T03:25:27.859+0000] {spark_submit.py:492} INFO - 25/10/24 03:25:27 INFO Executor: Starting executor ID driver on host 2ef039423968
[2025-10-24T03:25:27.860+0000] {spark_submit.py:492} INFO - 25/10/24 03:25:27 INFO Executor: OS info Linux, 6.6.87.2-microsoft-standard-WSL2, amd64
[2025-10-24T03:25:27.862+0000] {spark_submit.py:492} INFO - 25/10/24 03:25:27 INFO Executor: Java version 17.0.16
[2025-10-24T03:25:27.881+0000] {spark_submit.py:492} INFO - 25/10/24 03:25:27 INFO Executor: Starting executor with user classpath (userClassPathFirst = false): ''
[2025-10-24T03:25:27.883+0000] {spark_submit.py:492} INFO - 25/10/24 03:25:27 INFO Executor: Created or updated repl class loader org.apache.spark.util.MutableURLClassLoader@36e34fd0 for default.
[2025-10-24T03:25:27.953+0000] {spark_submit.py:492} INFO - 25/10/24 03:25:27 INFO Utils: Successfully started service 'org.apache.spark.network.netty.NettyBlockTransferService' on port 45537.
[2025-10-24T03:25:27.958+0000] {spark_submit.py:492} INFO - 25/10/24 03:25:27 INFO NettyBlockTransferService: Server created on 2ef039423968:45537
[2025-10-24T03:25:27.959+0000] {spark_submit.py:492} INFO - 25/10/24 03:25:27 INFO BlockManager: Using org.apache.spark.storage.RandomBlockReplicationPolicy for block replication policy
[2025-10-24T03:25:27.969+0000] {spark_submit.py:492} INFO - 25/10/24 03:25:27 INFO BlockManagerMaster: Registering BlockManager BlockManagerId(driver, 2ef039423968, 45537, None)
[2025-10-24T03:25:27.982+0000] {spark_submit.py:492} INFO - 25/10/24 03:25:27 INFO BlockManagerMasterEndpoint: Registering block manager 2ef039423968:45537 with 413.9 MiB RAM, BlockManagerId(driver, 2ef039423968, 45537, None)
[2025-10-24T03:25:30.884+0000] {spark_submit.py:492} INFO - 25/10/24 03:25:30 INFO BlockManagerMaster: Registered BlockManager BlockManagerId(driver, 2ef039423968, 45537, None)
[2025-10-24T03:25:30.891+0000] {spark_submit.py:492} INFO - 25/10/24 03:25:30 INFO BlockManager: Initialized BlockManager: BlockManagerId(driver, 2ef039423968, 45537, None)
[2025-10-24T03:25:36.447+0000] {spark_submit.py:492} INFO - 25/10/24 03:25:36 INFO AsyncEventQueue: Process of event SparkListenerResourceProfileAdded(Profile: id = 0, executor resources: cores -> name: cores, amount: 1, script: , vendor: ,memory -> name: memory, amount: 1024, script: , vendor: ,offHeap -> name: offHeap, amount: 0, script: , vendor: , task resources: cpus -> name: cpus, amount: 1.0) by listener HeartbeatReceiver took 1.761600819s.
[2025-10-24T03:25:36.498+0000] {spark_submit.py:492} INFO - 25/10/24 03:25:36 INFO AsyncEventQueue: Process of event SparkListenerResourceProfileAdded(Profile: id = 0, executor resources: cores -> name: cores, amount: 1, script: , vendor: ,memory -> name: memory, amount: 1024, script: , vendor: ,offHeap -> name: offHeap, amount: 0, script: , vendor: , task resources: cpus -> name: cpus, amount: 1.0) by listener AppStatusListener took 2.091367152s.
[2025-10-24T03:25:42.381+0000] {spark_submit.py:492} INFO - 25/10/24 03:25:42 INFO SharedState: Setting hive.metastore.warehouse.dir ('null') to the value of spark.sql.warehouse.dir.
[2025-10-24T03:25:42.584+0000] {spark_submit.py:492} INFO - 25/10/24 03:25:42 INFO SharedState: Warehouse path is 'file:/opt/***/spark-warehouse'.
[2025-10-24T03:25:56.003+0000] {spark_submit.py:492} INFO - 25/10/24 03:25:56 INFO InMemoryFileIndex: It took 489 ms to list leaf files for 1 paths.
[2025-10-24T03:25:57.574+0000] {spark_submit.py:492} INFO - 25/10/24 03:25:57 INFO InMemoryFileIndex: It took 135 ms to list leaf files for 1 paths.
[2025-10-24T03:27:02.644+0000] {spark_submit.py:492} INFO - 25/10/24 03:27:02 INFO FileSourceStrategy: Pushed Filters:
[2025-10-24T03:27:02.767+0000] {spark_submit.py:492} INFO - 25/10/24 03:27:02 INFO FileSourceStrategy: Post-Scan Filters: (length(trim(value#0, None)) > 0)
[2025-10-24T03:27:16.956+0000] {spark_submit.py:492} INFO - 25/10/24 03:27:16 INFO CodeGenerator: Code generated in 2945.810123 ms
[2025-10-24T03:27:17.792+0000] {spark_submit.py:492} INFO - 25/10/24 03:27:17 INFO MemoryStore: Block broadcast_0 stored as values in memory (estimated size 199.6 KiB, free 413.7 MiB)
[2025-10-24T03:27:18.609+0000] {spark_submit.py:492} INFO - 25/10/24 03:27:18 INFO MemoryStore: Block broadcast_0_piece0 stored as bytes in memory (estimated size 34.2 KiB, free 413.7 MiB)
[2025-10-24T03:27:18.672+0000] {spark_submit.py:492} INFO - 25/10/24 03:27:18 INFO BlockManagerInfo: Added broadcast_0_piece0 in memory on 2ef039423968:45537 (size: 34.2 KiB, free: 413.9 MiB)
[2025-10-24T03:27:19.164+0000] {spark_submit.py:492} INFO - 25/10/24 03:27:19 INFO SparkContext: Created broadcast 0 from csv at NativeMethodAccessorImpl.java:0
[2025-10-24T03:27:20.056+0000] {spark_submit.py:492} INFO - 25/10/24 03:27:20 INFO FileSourceScanExec: Planning scan with bin packing, max size: 49020463 bytes, open cost is considered as scanning 4194304 bytes.
[2025-10-24T03:27:22.156+0000] {spark_submit.py:492} INFO - 25/10/24 03:27:22 INFO SparkContext: Starting job: csv at NativeMethodAccessorImpl.java:0
[2025-10-24T03:27:22.898+0000] {spark_submit.py:492} INFO - 25/10/24 03:27:22 INFO DAGScheduler: Got job 0 (csv at NativeMethodAccessorImpl.java:0) with 1 output partitions
[2025-10-24T03:27:22.910+0000] {spark_submit.py:492} INFO - 25/10/24 03:27:22 INFO DAGScheduler: Final stage: ResultStage 0 (csv at NativeMethodAccessorImpl.java:0)
[2025-10-24T03:27:22.915+0000] {spark_submit.py:492} INFO - 25/10/24 03:27:22 INFO DAGScheduler: Parents of final stage: List()
[2025-10-24T03:27:22.918+0000] {spark_submit.py:492} INFO - 25/10/24 03:27:22 INFO DAGScheduler: Missing parents: List()
[2025-10-24T03:27:22.964+0000] {spark_submit.py:492} INFO - 25/10/24 03:27:22 INFO DAGScheduler: Submitting ResultStage 0 (MapPartitionsRDD[3] at csv at NativeMethodAccessorImpl.java:0), which has no missing parents
[2025-10-24T03:27:24.388+0000] {spark_submit.py:492} INFO - 25/10/24 03:27:24 INFO MemoryStore: Block broadcast_1 stored as values in memory (estimated size 13.5 KiB, free 413.7 MiB)
[2025-10-24T03:27:24.401+0000] {spark_submit.py:492} INFO - 25/10/24 03:27:24 INFO MemoryStore: Block broadcast_1_piece0 stored as bytes in memory (estimated size 6.4 KiB, free 413.7 MiB)
[2025-10-24T03:27:24.406+0000] {spark_submit.py:492} INFO - 25/10/24 03:27:24 INFO BlockManagerInfo: Added broadcast_1_piece0 in memory on 2ef039423968:45537 (size: 6.4 KiB, free: 413.9 MiB)
[2025-10-24T03:27:24.460+0000] {spark_submit.py:492} INFO - 25/10/24 03:27:24 INFO SparkContext: Created broadcast 1 from broadcast at DAGScheduler.scala:1585
[2025-10-24T03:27:24.573+0000] {spark_submit.py:492} INFO - 25/10/24 03:27:24 INFO DAGScheduler: Submitting 1 missing tasks from ResultStage 0 (MapPartitionsRDD[3] at csv at NativeMethodAccessorImpl.java:0) (first 15 tasks are for partitions Vector(0))
[2025-10-24T03:27:24.577+0000] {spark_submit.py:492} INFO - 25/10/24 03:27:24 INFO TaskSchedulerImpl: Adding task set 0.0 with 1 tasks resource profile 0
[2025-10-24T03:27:25.056+0000] {spark_submit.py:492} INFO - 25/10/24 03:27:25 INFO TaskSetManager: Starting task 0.0 in stage 0.0 (TID 0) (2ef039423968, executor driver, partition 0, PROCESS_LOCAL, 8232 bytes)
[2025-10-24T03:27:25.307+0000] {spark_submit.py:492} INFO - 25/10/24 03:27:25 INFO Executor: Running task 0.0 in stage 0.0 (TID 0)
[2025-10-24T03:27:27.057+0000] {spark_submit.py:492} INFO - 25/10/24 03:27:27 INFO CodeGenerator: Code generated in 197.984962 ms
[2025-10-24T03:27:27.263+0000] {spark_submit.py:492} INFO - 25/10/24 03:27:27 INFO FileScanRDD: Reading File path: file:///opt/***/include/dfTransjakarta180kRows.csv, range: 0-44826159, partition values: [empty row]
[2025-10-24T03:27:27.676+0000] {spark_submit.py:492} INFO - 25/10/24 03:27:27 INFO CodeGenerator: Code generated in 83.331873 ms
[2025-10-24T03:27:29.412+0000] {spark_submit.py:492} INFO - 25/10/24 03:27:29 INFO Executor: Finished task 0.0 in stage 0.0 (TID 0). 1829 bytes result sent to driver
[2025-10-24T03:27:29.759+0000] {spark_submit.py:492} INFO - 25/10/24 03:27:29 INFO TaskSetManager: Finished task 0.0 in stage 0.0 (TID 0) in 4693 ms on 2ef039423968 (executor driver) (1/1)
[2025-10-24T03:27:29.764+0000] {spark_submit.py:492} INFO - 25/10/24 03:27:29 INFO TaskSchedulerImpl: Removed TaskSet 0.0, whose tasks have all completed, from pool
[2025-10-24T03:27:30.364+0000] {spark_submit.py:492} INFO - 25/10/24 03:27:30 INFO DAGScheduler: ResultStage 0 (csv at NativeMethodAccessorImpl.java:0) finished in 7.039 s
[2025-10-24T03:27:30.372+0000] {spark_submit.py:492} INFO - 25/10/24 03:27:30 INFO DAGScheduler: Job 0 is finished. Cancelling potential speculative or zombie tasks for this job
[2025-10-24T03:27:30.374+0000] {spark_submit.py:492} INFO - 25/10/24 03:27:30 INFO TaskSchedulerImpl: Killing all running tasks in stage 0: Stage finished
[2025-10-24T03:27:30.461+0000] {spark_submit.py:492} INFO - 25/10/24 03:27:30 INFO DAGScheduler: Job 0 finished: csv at NativeMethodAccessorImpl.java:0, took 8.301965 s
[2025-10-24T03:27:30.782+0000] {spark_submit.py:492} INFO - 25/10/24 03:27:30 INFO CodeGenerator: Code generated in 205.868294 ms
[2025-10-24T03:27:31.864+0000] {spark_submit.py:492} INFO - 25/10/24 03:27:31 INFO FileSourceStrategy: Pushed Filters:
[2025-10-24T03:27:31.875+0000] {spark_submit.py:492} INFO - 25/10/24 03:27:31 INFO FileSourceStrategy: Post-Scan Filters:
[2025-10-24T03:27:31.980+0000] {spark_submit.py:492} INFO - 25/10/24 03:27:31 INFO MemoryStore: Block broadcast_2 stored as values in memory (estimated size 199.6 KiB, free 413.5 MiB)
[2025-10-24T03:27:32.176+0000] {spark_submit.py:492} INFO - 25/10/24 03:27:32 INFO MemoryStore: Block broadcast_2_piece0 stored as bytes in memory (estimated size 34.2 KiB, free 413.4 MiB)
[2025-10-24T03:27:32.262+0000] {spark_submit.py:492} INFO - 25/10/24 03:27:32 INFO BlockManagerInfo: Added broadcast_2_piece0 in memory on 2ef039423968:45537 (size: 34.2 KiB, free: 413.9 MiB)
[2025-10-24T03:27:32.272+0000] {spark_submit.py:492} INFO - 25/10/24 03:27:32 INFO SparkContext: Created broadcast 2 from csv at NativeMethodAccessorImpl.java:0
[2025-10-24T03:27:32.287+0000] {spark_submit.py:492} INFO - 25/10/24 03:27:32 INFO FileSourceScanExec: Planning scan with bin packing, max size: 49020463 bytes, open cost is considered as scanning 4194304 bytes.
[2025-10-24T03:27:33.459+0000] {spark_submit.py:492} INFO - 25/10/24 03:27:33 INFO SparkContext: Starting job: csv at NativeMethodAccessorImpl.java:0
[2025-10-24T03:27:33.474+0000] {spark_submit.py:492} INFO - 25/10/24 03:27:33 INFO DAGScheduler: Got job 1 (csv at NativeMethodAccessorImpl.java:0) with 1 output partitions
[2025-10-24T03:27:33.486+0000] {spark_submit.py:492} INFO - 25/10/24 03:27:33 INFO DAGScheduler: Final stage: ResultStage 1 (csv at NativeMethodAccessorImpl.java:0)
[2025-10-24T03:27:33.565+0000] {spark_submit.py:492} INFO - 25/10/24 03:27:33 INFO DAGScheduler: Parents of final stage: List()
[2025-10-24T03:27:33.666+0000] {spark_submit.py:492} INFO - 25/10/24 03:27:33 INFO DAGScheduler: Missing parents: List()
[2025-10-24T03:27:33.671+0000] {spark_submit.py:492} INFO - 25/10/24 03:27:33 INFO DAGScheduler: Submitting ResultStage 1 (MapPartitionsRDD[9] at csv at NativeMethodAccessorImpl.java:0), which has no missing parents
[2025-10-24T03:27:34.384+0000] {spark_submit.py:492} INFO - 25/10/24 03:27:34 INFO MemoryStore: Block broadcast_3 stored as values in memory (estimated size 27.9 KiB, free 413.4 MiB)
[2025-10-24T03:27:34.469+0000] {spark_submit.py:492} INFO - 25/10/24 03:27:34 INFO MemoryStore: Block broadcast_3_piece0 stored as bytes in memory (estimated size 12.8 KiB, free 413.4 MiB)
[2025-10-24T03:27:34.484+0000] {spark_submit.py:492} INFO - 25/10/24 03:27:34 INFO BlockManagerInfo: Added broadcast_3_piece0 in memory on 2ef039423968:45537 (size: 12.8 KiB, free: 413.8 MiB)
[2025-10-24T03:27:34.559+0000] {spark_submit.py:492} INFO - 25/10/24 03:27:34 INFO SparkContext: Created broadcast 3 from broadcast at DAGScheduler.scala:1585
[2025-10-24T03:27:34.573+0000] {spark_submit.py:492} INFO - 25/10/24 03:27:34 INFO DAGScheduler: Submitting 1 missing tasks from ResultStage 1 (MapPartitionsRDD[9] at csv at NativeMethodAccessorImpl.java:0) (first 15 tasks are for partitions Vector(0))
[2025-10-24T03:27:34.592+0000] {spark_submit.py:492} INFO - 25/10/24 03:27:34 INFO TaskSchedulerImpl: Adding task set 1.0 with 1 tasks resource profile 0
[2025-10-24T03:27:34.610+0000] {spark_submit.py:492} INFO - 25/10/24 03:27:34 INFO TaskSetManager: Starting task 0.0 in stage 1.0 (TID 1) (2ef039423968, executor driver, partition 0, PROCESS_LOCAL, 8232 bytes)
[2025-10-24T03:27:34.676+0000] {spark_submit.py:492} INFO - 25/10/24 03:27:34 INFO Executor: Running task 0.0 in stage 1.0 (TID 1)
[2025-10-24T03:27:35.471+0000] {spark_submit.py:492} INFO - 25/10/24 03:27:35 INFO CodeGenerator: Code generated in 204.447003 ms
[2025-10-24T03:27:35.564+0000] {spark_submit.py:492} INFO - 25/10/24 03:27:35 INFO FileScanRDD: Reading File path: file:///opt/***/include/dfTransjakarta180kRows.csv, range: 0-44826159, partition values: [empty row]
[2025-10-24T03:27:50.928+0000] {spark_submit.py:492} INFO - 25/10/24 03:27:50 INFO Executor: Finished task 0.0 in stage 1.0 (TID 1). 1908 bytes result sent to driver
[2025-10-24T03:27:51.007+0000] {spark_submit.py:492} INFO - 25/10/24 03:27:51 INFO TaskSetManager: Finished task 0.0 in stage 1.0 (TID 1) in 16428 ms on 2ef039423968 (executor driver) (1/1)
[2025-10-24T03:27:51.012+0000] {spark_submit.py:492} INFO - 25/10/24 03:27:51 INFO TaskSchedulerImpl: Removed TaskSet 1.0, whose tasks have all completed, from pool
[2025-10-24T03:27:51.040+0000] {spark_submit.py:492} INFO - 25/10/24 03:27:51 INFO DAGScheduler: ResultStage 1 (csv at NativeMethodAccessorImpl.java:0) finished in 17.340 s
[2025-10-24T03:27:51.104+0000] {spark_submit.py:492} INFO - 25/10/24 03:27:51 INFO DAGScheduler: Job 1 is finished. Cancelling potential speculative or zombie tasks for this job
[2025-10-24T03:27:51.112+0000] {spark_submit.py:492} INFO - 25/10/24 03:27:51 INFO TaskSchedulerImpl: Killing all running tasks in stage 1: Stage finished
[2025-10-24T03:27:51.204+0000] {spark_submit.py:492} INFO - 25/10/24 03:27:51 INFO DAGScheduler: Job 1 finished: csv at NativeMethodAccessorImpl.java:0, took 14.903383 s
[2025-10-24T03:28:00.144+0000] {spark_submit.py:492} INFO - Traceback (most recent call last):
[2025-10-24T03:28:00.145+0000] {spark_submit.py:492} INFO - File "/opt/***/include/scripts/load_csv_to_postgres.py", line 76, in <module>
[2025-10-24T03:28:00.289+0000] {spark_submit.py:492} INFO - main()
[2025-10-24T03:28:00.301+0000] {spark_submit.py:492} INFO - File "/opt/***/include/scripts/load_csv_to_postgres.py", line 66, in main
[2025-10-24T03:28:00.322+0000] {spark_submit.py:492} INFO - df.write.jdbc(
[2025-10-24T03:28:00.325+0000] {spark_submit.py:492} INFO - File "/opt/spark/python/lib/pyspark.zip/pyspark/sql/readwriter.py", line 1984, in jdbc
[2025-10-24T03:28:00.404+0000] {spark_submit.py:492} INFO - File "/opt/spark/python/lib/py4j-0.10.9.7-src.zip/py4j/java_gateway.py", line 1322, in __call__
[2025-10-24T03:28:00.406+0000] {spark_submit.py:492} INFO - File "/opt/spark/python/lib/pyspark.zip/pyspark/errors/exceptions/captured.py", line 179, in deco
[2025-10-24T03:28:00.409+0000] {spark_submit.py:492} INFO - File "/opt/spark/python/lib/py4j-0.10.9.7-src.zip/py4j/protocol.py", line 326, in get_return_value
[2025-10-24T03:28:00.419+0000] {spark_submit.py:492} INFO - py4j.protocol.Py4JJavaError: An error occurred while calling o80.jdbc.
[2025-10-24T03:28:00.420+0000] {spark_submit.py:492} INFO - : java.lang.ClassNotFoundException: org.postgresql.Driver
[2025-10-24T03:28:00.422+0000] {spark_submit.py:492} INFO - at java.base/java.net.URLClassLoader.findClass(URLClassLoader.java:445)
[2025-10-24T03:28:00.426+0000] {spark_submit.py:492} INFO - at java.base/java.lang.ClassLoader.loadClass(ClassLoader.java:592)
[2025-10-24T03:28:00.429+0000] {spark_submit.py:492} INFO - at java.base/java.lang.ClassLoader.loadClass(ClassLoader.java:525)
[2025-10-24T03:28:00.433+0000] {spark_submit.py:492} INFO - at org.apache.spark.sql.execution.datasources.jdbc.DriverRegistry$.register(DriverRegistry.scala:46)
[2025-10-24T03:28:00.435+0000] {spark_submit.py:492} INFO - at org.apache.spark.sql.execution.datasources.jdbc.JDBCOptions.$anonfun$driverClass$1(JDBCOptions.scala:103)
[2025-10-24T03:28:00.441+0000] {spark_submit.py:492} INFO - at org.apache.spark.sql.execution.datasources.jdbc.JDBCOptions.$anonfun$driverClass$1$adapted(JDBCOptions.scala:103)
[2025-10-24T03:28:00.442+0000] {spark_submit.py:492} INFO - at scala.Option.foreach(Option.scala:407)
[2025-10-24T03:28:00.443+0000] {spark_submit.py:492} INFO - at org.apache.spark.sql.execution.datasources.jdbc.JDBCOptions.<init>(JDBCOptions.scala:103)
[2025-10-24T03:28:00.445+0000] {spark_submit.py:492} INFO - at org.apache.spark.sql.execution.datasources.jdbc.JdbcOptionsInWrite.<init>(JDBCOptions.scala:254)
[2025-10-24T03:28:00.445+0000] {spark_submit.py:492} INFO - at org.apache.spark.sql.execution.datasources.jdbc.JdbcOptionsInWrite.<init>(JDBCOptions.scala:258)
[2025-10-24T03:28:00.447+0000] {spark_submit.py:492} INFO - at org.apache.spark.sql.execution.datasources.jdbc.JdbcRelationProvider.createRelation(JdbcRelationProvider.scala:47)
[2025-10-24T03:28:00.448+0000] {spark_submit.py:492} INFO - at org.apache.spark.sql.execution.datasources.SaveIntoDataSourceCommand.run(SaveIntoDataSourceCommand.scala:48)
[2025-10-24T03:28:00.449+0000] {spark_submit.py:492} INFO - at org.apache.spark.sql.execution.command.ExecutedCommandExec.sideEffectResult$lzycompute(commands.scala:75)
[2025-10-24T03:28:00.449+0000] {spark_submit.py:492} INFO - at org.apache.spark.sql.execution.command.ExecutedCommandExec.sideEffectResult(commands.scala:73)
[2025-10-24T03:28:00.450+0000] {spark_submit.py:492} INFO - at org.apache.spark.sql.execution.command.ExecutedCommandExec.executeCollect(commands.scala:84)
[2025-10-24T03:28:00.451+0000] {spark_submit.py:492} INFO - at org.apache.spark.sql.execution.QueryExecution$$anonfun$eagerlyExecuteCommands$1.$anonfun$applyOrElse$1(QueryExecution.scala:107)
[2025-10-24T03:28:00.452+0000] {spark_submit.py:492} INFO - at org.apache.spark.sql.execution.SQLExecution$.$anonfun$withNewExecutionId$6(SQLExecution.scala:125)
[2025-10-24T03:28:00.504+0000] {spark_submit.py:492} INFO - at org.apache.spark.sql.execution.SQLExecution$.withSQLConfPropagated(SQLExecution.scala:201)
[2025-10-24T03:28:00.506+0000] {spark_submit.py:492} INFO - at org.apache.spark.sql.execution.SQLExecution$.$anonfun$withNewExecutionId$1(SQLExecution.scala:108)
[2025-10-24T03:28:00.508+0000] {spark_submit.py:492} INFO - at org.apache.spark.sql.SparkSession.withActive(SparkSession.scala:900)
[2025-10-24T03:28:00.510+0000] {spark_submit.py:492} INFO - at org.apache.spark.sql.execution.SQLExecution$.withNewExecutionId(SQLExecution.scala:66)
[2025-10-24T03:28:00.512+0000] {spark_submit.py:492} INFO - at org.apache.spark.sql.execution.QueryExecution$$anonfun$eagerlyExecuteCommands$1.applyOrElse(QueryExecution.scala:107)
[2025-10-24T03:28:00.513+0000] {spark_submit.py:492} INFO - at org.apache.spark.sql.execution.QueryExecution$$anonfun$eagerlyExecuteCommands$1.applyOrElse(QueryExecution.scala:98)
[2025-10-24T03:28:00.515+0000] {spark_submit.py:492} INFO - at org.apache.spark.sql.catalyst.trees.TreeNode.$anonfun$transformDownWithPruning$1(TreeNode.scala:461)
[2025-10-24T03:28:00.517+0000] {spark_submit.py:492} INFO - at org.apache.spark.sql.catalyst.trees.CurrentOrigin$.withOrigin(origin.scala:76)
[2025-10-24T03:28:00.519+0000] {spark_submit.py:492} INFO - at org.apache.spark.sql.catalyst.trees.TreeNode.transformDownWithPruning(TreeNode.scala:461)
[2025-10-24T03:28:00.521+0000] {spark_submit.py:492} INFO - at org.apache.spark.sql.catalyst.plans.logical.LogicalPlan.org$apache$spark$sql$catalyst$plans$logical$AnalysisHelper$$super$transformDownWithPruning(LogicalPlan.scala:32)
[2025-10-24T03:28:00.523+0000] {spark_submit.py:492} INFO - at org.apache.spark.sql.catalyst.plans.logical.AnalysisHelper.transformDownWithPruning(AnalysisHelper.scala:267)
[2025-10-24T03:28:00.524+0000] {spark_submit.py:492} INFO - at org.apache.spark.sql.catalyst.plans.logical.AnalysisHelper.transformDownWithPruning$(AnalysisHelper.scala:263)
[2025-10-24T03:28:00.526+0000] {spark_submit.py:492} INFO - at org.apache.spark.sql.catalyst.plans.logical.LogicalPlan.transformDownWithPruning(LogicalPlan.scala:32)
[2025-10-24T03:28:00.528+0000] {spark_submit.py:492} INFO - at org.apache.spark.sql.catalyst.plans.logical.LogicalPlan.transformDownWithPruning(LogicalPlan.scala:32)
[2025-10-24T03:28:00.530+0000] {spark_submit.py:492} INFO - at org.apache.spark.sql.catalyst.trees.TreeNode.transformDown(TreeNode.scala:437)
[2025-10-24T03:28:00.533+0000] {spark_submit.py:492} INFO - at org.apache.spark.sql.execution.QueryExecution.eagerlyExecuteCommands(QueryExecution.scala:98)
[2025-10-24T03:28:00.535+0000] {spark_submit.py:492} INFO - at org.apache.spark.sql.execution.QueryExecution.commandExecuted$lzycompute(QueryExecution.scala:85)
[2025-10-24T03:28:00.537+0000] {spark_submit.py:492} INFO - at org.apache.spark.sql.execution.QueryExecution.commandExecuted(QueryExecution.scala:83)
[2025-10-24T03:28:00.538+0000] {spark_submit.py:492} INFO - at org.apache.spark.sql.execution.QueryExecution.assertCommandExecuted(QueryExecution.scala:142)
[2025-10-24T03:28:00.540+0000] {spark_submit.py:492} INFO - at org.apache.spark.sql.DataFrameWriter.runCommand(DataFrameWriter.scala:859)
[2025-10-24T03:28:00.542+0000] {spark_submit.py:492} INFO - at org.apache.spark.sql.DataFrameWriter.saveToV1Source(DataFrameWriter.scala:388)
[2025-10-24T03:28:00.543+0000] {spark_submit.py:492} INFO - at org.apache.spark.sql.DataFrameWriter.saveInternal(DataFrameWriter.scala:361)
[2025-10-24T03:28:00.546+0000] {spark_submit.py:492} INFO - at org.apache.spark.sql.DataFrameWriter.save(DataFrameWriter.scala:248)
[2025-10-24T03:28:00.547+0000] {spark_submit.py:492} INFO - at org.apache.spark.sql.DataFrameWriter.jdbc(DataFrameWriter.scala:756)
[2025-10-24T03:28:00.550+0000] {spark_submit.py:492} INFO - at java.base/jdk.internal.reflect.NativeMethodAccessorImpl.invoke0(Native Method)
[2025-10-24T03:28:00.551+0000] {spark_submit.py:492} INFO - at java.base/jdk.internal.reflect.NativeMethodAccessorImpl.invoke(NativeMethodAccessorImpl.java:77)
[2025-10-24T03:28:00.553+0000] {spark_submit.py:492} INFO - at java.base/jdk.internal.reflect.DelegatingMethodAccessorImpl.invoke(DelegatingMethodAccessorImpl.java:43)
[2025-10-24T03:28:00.555+0000] {spark_submit.py:492} INFO - at java.base/java.lang.reflect.Method.invoke(Method.java:569)
[2025-10-24T03:28:00.557+0000] {spark_submit.py:492} INFO - at py4j.reflection.MethodInvoker.invoke(MethodInvoker.java:244)
[2025-10-24T03:28:00.559+0000] {spark_submit.py:492} INFO - at py4j.reflection.ReflectionEngine.invoke(ReflectionEngine.java:374)
[2025-10-24T03:28:00.560+0000] {spark_submit.py:492} INFO - at py4j.Gateway.invoke(Gateway.java:282)
[2025-10-24T03:28:00.605+0000] {spark_submit.py:492} INFO - at py4j.commands.AbstractCommand.invokeMethod(AbstractCommand.java:132)
[2025-10-24T03:28:00.607+0000] {spark_submit.py:492} INFO - at py4j.commands.CallCommand.execute(CallCommand.java:79)
[2025-10-24T03:28:00.610+0000] {spark_submit.py:492} INFO - at py4j.ClientServerConnection.waitForCommands(ClientServerConnection.java:182)
[2025-10-24T03:28:00.617+0000] {spark_submit.py:492} INFO - at py4j.ClientServerConnection.run(ClientServerConnection.java:106)
[2025-10-24T03:28:00.623+0000] {spark_submit.py:492} INFO - at java.base/java.lang.Thread.run(Thread.java:840)
[2025-10-24T03:28:00.626+0000] {spark_submit.py:492} INFO - 
[2025-10-24T03:28:03.520+0000] {spark_submit.py:492} INFO - 25/10/24 03:28:03 INFO SparkContext: Invoking stop() from shutdown hook
[2025-10-24T03:28:03.537+0000] {spark_submit.py:492} INFO - 25/10/24 03:28:03 INFO SparkContext: SparkContext is stopping with exitCode 0.
[2025-10-24T03:28:04.207+0000] {spark_submit.py:492} INFO - 25/10/24 03:28:04 INFO SparkUI: Stopped Spark web UI at http://2ef039423968:4040
[2025-10-24T03:28:04.704+0000] {spark_submit.py:492} INFO - 25/10/24 03:28:04 INFO MapOutputTrackerMasterEndpoint: MapOutputTrackerMasterEndpoint stopped!
[2025-10-24T03:28:04.914+0000] {spark_submit.py:492} INFO - 25/10/24 03:28:04 INFO MemoryStore: MemoryStore cleared
[2025-10-24T03:28:04.915+0000] {spark_submit.py:492} INFO - 25/10/24 03:28:04 INFO BlockManager: BlockManager stopped
[2025-10-24T03:28:05.029+0000] {spark_submit.py:492} INFO - 25/10/24 03:28:05 INFO BlockManagerMaster: BlockManagerMaster stopped
[2025-10-24T03:28:05.035+0000] {spark_submit.py:492} INFO - 25/10/24 03:28:05 INFO OutputCommitCoordinator$OutputCommitCoordinatorEndpoint: OutputCommitCoordinator stopped!
[2025-10-24T03:28:05.140+0000] {spark_submit.py:492} INFO - 25/10/24 03:28:05 INFO SparkContext: Successfully stopped SparkContext
[2025-10-24T03:28:05.141+0000] {spark_submit.py:492} INFO - 25/10/24 03:28:05 INFO ShutdownHookManager: Shutdown hook called
[2025-10-24T03:28:05.142+0000] {spark_submit.py:492} INFO - 25/10/24 03:28:05 INFO ShutdownHookManager: Deleting directory /tmp/spark-d876f2b8-d2e8-4a47-a08f-486148ecc2dc/pyspark-67e03d41-f397-4393-999c-6d24b16948bf
[2025-10-24T03:28:05.231+0000] {spark_submit.py:492} INFO - 25/10/24 03:28:05 INFO ShutdownHookManager: Deleting directory /tmp/spark-d876f2b8-d2e8-4a47-a08f-486148ecc2dc
[2025-10-24T03:28:05.305+0000] {spark_submit.py:492} INFO - 25/10/24 03:28:05 INFO ShutdownHookManager: Deleting directory /tmp/spark-3e84a7cd-1bf1-42cc-b10b-079eb89fd375
[2025-10-24T03:28:06.136+0000] {taskinstance.py:2698} ERROR - Task failed with exception
Traceback (most recent call last):
  File "/home/airflow/.local/lib/python3.8/site-packages/airflow/models/taskinstance.py", line 433, in _execute_task
    result = execute_callable(context=context, **execute_callable_kwargs)
  File "/home/airflow/.local/lib/python3.8/site-packages/airflow/providers/apache/spark/operators/spark_submit.py", line 157, in execute
    self._hook.submit(self._application)
  File "/home/airflow/.local/lib/python3.8/site-packages/airflow/providers/apache/spark/hooks/spark_submit.py", line 423, in submit
    raise AirflowException(
airflow.exceptions.AirflowException: Cannot execute: spark-submit --master local --name arrow-spark --verbose /opt/***/include/scripts/load_csv_to_postgres.py. Error code is: 1.
[2025-10-24T03:28:06.235+0000] {taskinstance.py:1138} INFO - Marking task as FAILED. dag_id=etl_csv_to_postgres, task_id=load_csv_to_postgres, execution_date=20251024T032353, start_date=20251024T032426, end_date=20251024T032806
[2025-10-24T03:28:06.606+0000] {standard_task_runner.py:107} ERROR - Failed to execute job 185 for task load_csv_to_postgres (Cannot execute: spark-submit --master local --name arrow-spark --verbose /opt/***/include/scripts/load_csv_to_postgres.py. Error code is: 1.; 1775)
[2025-10-24T03:28:07.357+0000] {local_task_job_runner.py:234} INFO - Task exited with return code 1
[2025-10-24T03:28:07.636+0000] {taskinstance.py:3280} INFO - 0 downstream tasks scheduled from follow-on schedule check
